WebApp_BPKAD.exe: 00001CD4: 13:14:28 []:>--------------------------------------------------------------<
WebApp_BPKAD.exe: 00001CD4: 13:14:28 [TUniServerModule]:Server First Init.
WebApp_BPKAD.exe: 00001CD4: 13:14:28 [TUniServerModule]:Starting HTTP Server on Port: 85...
WebApp_BPKAD.exe: 00001CD4: 13:14:28 [TUniServerModule]:HTTP Server Started on Port: 85
WebApp_BPKAD.exe: 00001CD4: 13:14:32 [TUniServerModule]:Shutting Down Server.
WebApp_BPKAD.exe: 00001CD4: 13:14:32 [TUniServerModule]:Stopping HTTP Server.
WebApp_BPKAD.exe: 00001CD4: 13:14:32 [TUniServerModule]:HTTP Server Stopped.
WebApp_BPKAD.exe: 00001CD4: 13:14:32 [TUniGUISessionManager]:Terminating Session manager.
WebApp_BPKAD.exe: 00001CD4: 13:14:32 [TUniGUISessionManager]:Stopping Cache Eraser...
WebApp_BPKAD.exe: 00001CD4: 13:14:32 [TUniGUISessionManager]:Cache Eraser Stopped.
WebApp_BPKAD.exe: 00001CD4: 13:14:32 [TUniGUISessionManager]:Destroying Worker Threads.
WebApp_BPKAD.exe: 00001CD4: 13:14:32 [TUniGUISessionManager]:Session manager terminated.
WebApp_BPKAD.exe: 00001CD4: 13:14:32 [TUniServerModule]:Server Shutdown Completed.
WebApp_BPKAD.exe: 00001CD4: 13:14:32 []:<-------------------------------------------------------------->
WebApp_BPKAD.exe: 00001CD4: 13:14:32 [Terminated]:Exit Code: 0
WebApp_BPKAD.exe: 00004BB8: 16:58:34 []:>--------------------------------------------------------------<
WebApp_BPKAD.exe: 00004BB8: 16:58:34 [TUniServerModule]:Server First Init.
WebApp_BPKAD.exe: 00004BB8: 16:58:34 [TUniServerModule]:Starting HTTP Server on Port: 85...
WebApp_BPKAD.exe: 00004BB8: 16:58:34 [TUniServerModule]:HTTP Server Started on Port: 85
WebApp_BPKAD.exe: 00001B58: 16:58:46 [127.0.0.1]:EFDException : [FireDAC][Phys][MSSQL]-310. Cannot execute command returning result sets. Hint: use Open method for SELECT-like commands : Addr: $00856864
WebApp_BPKAD.exe: 00001B58: 16:59:02 [127.0.0.1]:EFDException : [FireDAC][Phys][MSSQL]-310. Cannot execute command returning result sets. Hint: use Open method for SELECT-like commands : Addr: $00856864
WebApp_BPKAD.exe: 00001B58: 16:59:04 [127.0.0.1]:EFDException : [FireDAC][Phys][MSSQL]-310. Cannot execute command returning result sets. Hint: use Open method for SELECT-like commands : Addr: $00856864
WebApp_BPKAD.exe: 00001B58: 16:59:07 [127.0.0.1]:EClassNotFound : Class TfrmHtmlTujuan not found : Addr: $004BC4CA
WebApp_BPKAD.exe: 00001B58: 16:59:19 [127.0.0.1]:EFDException : [FireDAC][Phys][MSSQL]-310. Cannot execute command returning result sets. Hint: use Open method for SELECT-like commands : Addr: $00856864
WebApp_BPKAD.exe: 00001B58: 16:59:34 [127.0.0.1]:EClassNotFound : Class TfrmHtmlTujuan not found : Addr: $004BC4CA
WebApp_BPKAD.exe: 00001B58: 16:59:37 [127.0.0.1]:EClassNotFound : Class TfrmHtmlTugasFungsi not found : Addr: $004BC4CA
WebApp_BPKAD.exe: 00001B58: 16:59:39 [127.0.0.1]:EClassNotFound : Class TfrmHtmlStategiKebijakan not found : Addr: $004BC4CA
WebApp_BPKAD.exe: 00001B58: 16:59:42 [127.0.0.1]:EClassNotFound : Class TfrmHtmlStrukturOrganisasi not found : Addr: $004BC4CA
WebApp_BPKAD.exe: 00001B58: 16:59:49 [127.0.0.1]:EFDException : [FireDAC][Phys][MSSQL]-310. Cannot execute command returning result sets. Hint: use Open method for SELECT-like commands : Addr: $00856864
WebApp_BPKAD.exe: 00004BB8: 17:00:05 [TUniServerModule]:Shutting Down Server.
WebApp_BPKAD.exe: 00004BB8: 17:00:05 [TUniServerModule]:Stopping HTTP Server.
WebApp_BPKAD.exe: 00004BB8: 17:00:06 [TUniServerModule]:HTTP Server Stopped.
WebApp_BPKAD.exe: 00004BB8: 17:00:06 [TUniGUISessionManager]:Terminating Session manager.
WebApp_BPKAD.exe: 00004BB8: 17:00:06 [TUniGUISessionManager]:Stopping Cache Eraser...
WebApp_BPKAD.exe: 00004BB8: 17:00:06 [TUniGUISessionManager]:Cache Eraser Stopped.
WebApp_BPKAD.exe: 00004BB8: 17:00:06 []:EInvalidPointer : Invalid pointer operation : Addr: $00409DA9
WebApp_BPKAD.exe: 00004BB8: 17:00:06 [TUniGUISessionManager]:Destroying Worker Threads.
WebApp_BPKAD.exe: 00004BB8: 17:00:06 [TUniGUISessionManager]:Session manager terminated.
WebApp_BPKAD.exe: 00004BB8: 17:00:06 [TUniServerModule]:Server Shutdown Completed.
WebApp_BPKAD.exe: 00004BB8: 17:00:06 []:<-------------------------------------------------------------->
WebApp_BPKAD.exe: 00004BB8: 17:00:06 [Terminated]:Exit Code: 0
WebApp_BPKAD.exe: 00003954: 17:00:38 []:>--------------------------------------------------------------<
WebApp_BPKAD.exe: 00003954: 17:00:38 [TUniServerModule]:Server First Init.
WebApp_BPKAD.exe: 00003954: 17:00:38 [TUniServerModule]:Starting HTTP Server on Port: 85...
WebApp_BPKAD.exe: 00003954: 17:00:38 [TUniServerModule]:HTTP Server Started on Port: 85
WebApp_BPKAD.exe: 000008E0: 17:00:42 [127.0.0.1]:EUniSessionException : Invalid session or session Timeout. (Session not found: moUunqCTG3108FD13F7 ) : Addr: $007E015E
WebApp_BPKAD.exe: 000008E0: 17:00:47 [127.0.0.1]:EFDException : [FireDAC][Phys][MSSQL]-310. Cannot execute command returning result sets. Hint: use Open method for SELECT-like commands : Addr: $00856864
WebApp_BPKAD.exe: 00003954: 17:01:15 [TUniServerModule]:Shutting Down Server.
WebApp_BPKAD.exe: 00003954: 17:01:15 [TUniServerModule]:Stopping HTTP Server.
WebApp_BPKAD.exe: 00003954: 17:01:16 [TUniServerModule]:HTTP Server Stopped.
WebApp_BPKAD.exe: 00003954: 17:01:16 [TUniGUISessionManager]:Terminating Session manager.
WebApp_BPKAD.exe: 00003954: 17:01:16 [TUniGUISessionManager]:Stopping Cache Eraser...
WebApp_BPKAD.exe: 00003954: 17:01:16 [TUniGUISessionManager]:Cache Eraser Stopped.
WebApp_BPKAD.exe: 00003954: 17:01:16 []:EInvalidPointer : Invalid pointer operation : Addr: $00409DA9
WebApp_BPKAD.exe: 00003954: 17:01:16 [TUniGUISessionManager]:Destroying Worker Threads.
WebApp_BPKAD.exe: 00003954: 17:01:16 [TUniGUISessionManager]:Session manager terminated.
WebApp_BPKAD.exe: 00003954: 17:01:16 [TUniServerModule]:Server Shutdown Completed.
WebApp_BPKAD.exe: 00003954: 17:01:16 []:<-------------------------------------------------------------->
WebApp_BPKAD.exe: 00003954: 17:01:16 [Terminated]:Exit Code: 0
WebApp_BPKAD.exe: 00004B8C: 17:01:21 []:>--------------------------------------------------------------<
WebApp_BPKAD.exe: 00004B8C: 17:01:21 [TUniServerModule]:Server First Init.
WebApp_BPKAD.exe: 00004B8C: 17:01:21 [TUniServerModule]:Starting HTTP Server on Port: 85...
WebApp_BPKAD.exe: 00004B8C: 17:01:22 [TUniServerModule]:HTTP Server Started on Port: 85
WebApp_BPKAD.exe: 00003B64: 17:01:24 [127.0.0.1]:EUniSessionException : Invalid session or session Timeout. (Session not found: V5boHRFmSQ108FD1484 ) : Addr: $007E015E
WebApp_BPKAD.exe: 00003440: 17:01:30 [127.0.0.1]:EDatabaseError : qHtmlData: Type mismatch for field 'TimeUpdate', expecting: DateTime actual: TimeStamp : Addr: $006AC912
WebApp_BPKAD.exe: 00004B8C: 17:02:54 [TUniServerModule]:Shutting Down Server.
WebApp_BPKAD.exe: 00004B8C: 17:02:54 [TUniServerModule]:Stopping HTTP Server.
WebApp_BPKAD.exe: 00004B8C: 17:02:55 [TUniServerModule]:HTTP Server Stopped.
WebApp_BPKAD.exe: 00004B8C: 17:02:55 [TUniGUISessionManager]:Terminating Session manager.
WebApp_BPKAD.exe: 00004B8C: 17:02:55 [TUniGUISessionManager]:Stopping Cache Eraser...
WebApp_BPKAD.exe: 00004B8C: 17:02:55 [TUniGUISessionManager]:Cache Eraser Stopped.
WebApp_BPKAD.exe: 00004B8C: 17:02:55 []:EInvalidPointer : Invalid pointer operation : Addr: $00409DA9
WebApp_BPKAD.exe: 00004B8C: 17:02:56 [TUniGUISessionManager]:Destroying Worker Threads.
WebApp_BPKAD.exe: 00004B8C: 17:02:56 [TUniGUISessionManager]:Session manager terminated.
WebApp_BPKAD.exe: 00004B8C: 17:02:56 [TUniServerModule]:Server Shutdown Completed.
WebApp_BPKAD.exe: 00004B8C: 17:02:56 []:<-------------------------------------------------------------->
WebApp_BPKAD.exe: 00004B8C: 17:02:56 [Terminated]:Exit Code: 0
WebApp_BPKAD.exe: 000009A8: 17:02:58 []:>--------------------------------------------------------------<
WebApp_BPKAD.exe: 000009A8: 17:02:58 [TUniServerModule]:Server First Init.
WebApp_BPKAD.exe: 000009A8: 17:02:58 [TUniServerModule]:Starting HTTP Server on Port: 85...
WebApp_BPKAD.exe: 000009A8: 17:02:58 [TUniServerModule]:HTTP Server Started on Port: 85
WebApp_BPKAD.exe: 000003D4: 17:03:00 [127.0.0.1]:EUniSessionException : Invalid session or session Timeout. (Session not found: Aesr4KYYDb108FD14B5 ) : Addr: $007E015E
WebApp_BPKAD.exe: 000009A8: 17:03:51 [TUniServerModule]:Shutting Down Server.
WebApp_BPKAD.exe: 000009A8: 17:03:51 [TUniServerModule]:Stopping HTTP Server.
WebApp_BPKAD.exe: 000009A8: 17:03:52 [TUniServerModule]:HTTP Server Stopped.
WebApp_BPKAD.exe: 000009A8: 17:03:52 [TUniGUISessionManager]:Terminating Session manager.
WebApp_BPKAD.exe: 000009A8: 17:03:52 [TUniGUISessionManager]:Stopping Cache Eraser...
WebApp_BPKAD.exe: 000009A8: 17:03:52 [TUniGUISessionManager]:Cache Eraser Stopped.
WebApp_BPKAD.exe: 000009A8: 17:03:52 []:EInvalidPointer : Invalid pointer operation : Addr: $00409DA9
WebApp_BPKAD.exe: 000009A8: 17:03:52 [TUniGUISessionManager]:Destroying Worker Threads.
WebApp_BPKAD.exe: 000009A8: 17:03:52 [TUniGUISessionManager]:Session manager terminated.
WebApp_BPKAD.exe: 000009A8: 17:03:52 [TUniServerModule]:Server Shutdown Completed.
WebApp_BPKAD.exe: 000009A8: 17:03:52 []:<-------------------------------------------------------------->
WebApp_BPKAD.exe: 000009A8: 17:03:52 [Terminated]:Exit Code: 0
WebApp_BPKAD.exe: 00004180: 17:03:55 []:>--------------------------------------------------------------<
WebApp_BPKAD.exe: 00004180: 17:03:55 [TUniServerModule]:Server First Init.
WebApp_BPKAD.exe: 00004180: 17:03:55 [TUniServerModule]:Starting HTTP Server on Port: 85...
WebApp_BPKAD.exe: 00004180: 17:03:55 [TUniServerModule]:HTTP Server Started on Port: 85
WebApp_BPKAD.exe: 00003A34: 17:03:57 [127.0.0.1]:EUniSessionException : Invalid session or session Timeout. (Session not found: wzDhg7bS55108FD1524 ) : Addr: $007E015E
WebApp_BPKAD.exe: 00003A34: 17:03:57 [127.0.0.1]:EUniSessionException : Invalid session or session Timeout. (Session not found: wzDhg7bS55108FD1524 ) : Addr: $007E015E
WebApp_BPKAD.exe: 00004AA4: 17:04:03 [127.0.0.1]:EClassNotFound : Class TfrmHtmlTujuan not found : Addr: $004BC4CA
WebApp_BPKAD.exe: 00004180: 17:05:40 [TUniServerModule]:Shutting Down Server.
WebApp_BPKAD.exe: 00004180: 17:05:40 [TUniServerModule]:Stopping HTTP Server.
WebApp_BPKAD.exe: 00004180: 17:05:41 [TUniServerModule]:HTTP Server Stopped.
WebApp_BPKAD.exe: 00004180: 17:05:41 [TUniGUISessionManager]:Terminating Session manager.
WebApp_BPKAD.exe: 00004180: 17:05:41 [TUniGUISessionManager]:Stopping Cache Eraser...
WebApp_BPKAD.exe: 00004180: 17:05:41 [TUniGUISessionManager]:Cache Eraser Stopped.
WebApp_BPKAD.exe: 00004180: 17:05:41 []:EInvalidPointer : Invalid pointer operation : Addr: $00409DA9
WebApp_BPKAD.exe: 00004180: 17:05:41 [TUniGUISessionManager]:Destroying Worker Threads.
WebApp_BPKAD.exe: 00004180: 17:05:41 [TUniGUISessionManager]:Session manager terminated.
WebApp_BPKAD.exe: 00004180: 17:05:41 [TUniServerModule]:Server Shutdown Completed.
WebApp_BPKAD.exe: 00004180: 17:05:41 []:<-------------------------------------------------------------->
WebApp_BPKAD.exe: 00004180: 17:05:41 [Terminated]:Exit Code: 0
WebApp_BPKAD.exe: 00000670: 17:05:43 []:>--------------------------------------------------------------<
WebApp_BPKAD.exe: 00000670: 17:05:43 [TUniServerModule]:Server First Init.
WebApp_BPKAD.exe: 00000670: 17:05:43 [TUniServerModule]:Starting HTTP Server on Port: 85...
WebApp_BPKAD.exe: 00000670: 17:05:43 [TUniServerModule]:HTTP Server Started on Port: 85
WebApp_BPKAD.exe: 000045A0: 17:05:45 [127.0.0.1]:EUniSessionException : Invalid session or session Timeout. (Session not found: koNo1twzE9108FD1566 ) : Addr: $007E015E
WebApp_BPKAD.exe: 00000670: 17:06:54 [TUniServerModule]:Shutting Down Server.
WebApp_BPKAD.exe: 00000670: 17:06:54 [TUniServerModule]:Stopping HTTP Server.
WebApp_BPKAD.exe: 00000670: 17:06:55 [TUniServerModule]:HTTP Server Stopped.
WebApp_BPKAD.exe: 00000670: 17:06:55 [TUniGUISessionManager]:Terminating Session manager.
WebApp_BPKAD.exe: 00000670: 17:06:55 [TUniGUISessionManager]:Stopping Cache Eraser...
WebApp_BPKAD.exe: 00000670: 17:06:55 [TUniGUISessionManager]:Cache Eraser Stopped.
WebApp_BPKAD.exe: 00000670: 17:06:55 []:EInvalidPointer : Invalid pointer operation : Addr: $00409DA9
WebApp_BPKAD.exe: 00000670: 17:06:55 [TUniGUISessionManager]:Destroying Worker Threads.
WebApp_BPKAD.exe: 00000670: 17:06:55 [TUniGUISessionManager]:Session manager terminated.
WebApp_BPKAD.exe: 00000670: 17:06:55 [TUniServerModule]:Server Shutdown Completed.
WebApp_BPKAD.exe: 00000670: 17:06:55 []:<-------------------------------------------------------------->
WebApp_BPKAD.exe: 00000670: 17:06:55 [Terminated]:Exit Code: 0
WebApp_BPKAD.exe: 00003A20: 17:31:42 []:>--------------------------------------------------------------<
WebApp_BPKAD.exe: 00003A20: 17:31:42 [TUniServerModule]:Server First Init.
WebApp_BPKAD.exe: 00003A20: 17:31:42 [TUniServerModule]:Starting HTTP Server on Port: 85...
WebApp_BPKAD.exe: 00003A20: 17:31:42 [TUniServerModule]:HTTP Server Started on Port: 85
WebApp_BPKAD.exe: 00000548: 17:31:42 [127.0.0.1]:EUniSessionException : Invalid session or session Timeout. (Session not found: 8vibBIG4to108FD15E3 ) : Addr: $007E015E
WebApp_BPKAD.exe: 000033C0: 17:31:53 [127.0.0.1]:EClassNotFound : Class TfrmHtmlTugasFungsi not found : Addr: $004BC4CA
WebApp_BPKAD.exe: 00003A20: 17:32:02 [TUniServerModule]:Shutting Down Server.
WebApp_BPKAD.exe: 00003A20: 17:32:02 [TUniServerModule]:Stopping HTTP Server.
WebApp_BPKAD.exe: 00003A20: 17:32:03 [TUniServerModule]:HTTP Server Stopped.
WebApp_BPKAD.exe: 00003A20: 17:32:03 [TUniGUISessionManager]:Terminating Session manager.
WebApp_BPKAD.exe: 00003A20: 17:32:03 [TUniGUISessionManager]:Stopping Cache Eraser...
WebApp_BPKAD.exe: 00003A20: 17:32:03 [TUniGUISessionManager]:Cache Eraser Stopped.
WebApp_BPKAD.exe: 00003A20: 17:32:03 []:EInvalidPointer : Invalid pointer operation : Addr: $00409DA9
WebApp_BPKAD.exe: 00003A20: 17:32:03 [TUniGUISessionManager]:Destroying Worker Threads.
WebApp_BPKAD.exe: 00003A20: 17:32:03 [TUniGUISessionManager]:Session manager terminated.
WebApp_BPKAD.exe: 00003A20: 17:32:03 [TUniServerModule]:Server Shutdown Completed.
WebApp_BPKAD.exe: 00003A20: 17:32:03 []:<-------------------------------------------------------------->
WebApp_BPKAD.exe: 00003A20: 17:32:03 [Terminated]:Exit Code: 0
WebApp_BPKAD.exe: 00000564: 17:32:37 []:>--------------------------------------------------------------<
WebApp_BPKAD.exe: 00000564: 17:32:37 [TUniServerModule]:Server First Init.
WebApp_BPKAD.exe: 00000564: 17:32:37 [TUniServerModule]:Starting HTTP Server on Port: 85...
WebApp_BPKAD.exe: 00000564: 17:32:38 [TUniServerModule]:HTTP Server Started on Port: 85
WebApp_BPKAD.exe: 00001BF0: 17:32:42 [127.0.0.1]:EUniSessionException : Invalid session or session Timeout. (Session not found: mMXbiKx5Be108FD1CF0 ) : Addr: $007E015E
WebApp_BPKAD.exe: 00001BF0: 17:32:47 [127.0.0.1]:EClassNotFound : Class TfrmHtmlTugasFungsi not found : Addr: $004BC4CA
WebApp_BPKAD.exe: 00001BF0: 17:33:23 [127.0.0.1]:EClassNotFound : Class TfrmHtmlStategiKebijakan not found : Addr: $004BC4CA
WebApp_BPKAD.exe: 00001BF0: 17:33:29 [127.0.0.1]:EClassNotFound : Class TfrmHtmlStrukturOrganisasi not found : Addr: $004BC4CA
WebApp_BPKAD.exe: 00001BF0: 17:33:40 [127.0.0.1]:EClassNotFound : Class TfrmHtmlStategiKebijakan not found : Addr: $004BC4CA
WebApp_BPKAD.exe: 00001BF0: 17:33:44 [127.0.0.1]:EClassNotFound : Class TfrmHtmlTugasFungsi not found : Addr: $004BC4CA
WebApp_BPKAD.exe: 00000564: 17:35:48 [TUniServerModule]:Shutting Down Server.
WebApp_BPKAD.exe: 00000564: 17:35:48 [TUniServerModule]:Stopping HTTP Server.
WebApp_BPKAD.exe: 00000564: 17:35:49 [TUniServerModule]:HTTP Server Stopped.
WebApp_BPKAD.exe: 00000564: 17:35:49 [TUniGUISessionManager]:Terminating Session manager.
WebApp_BPKAD.exe: 00000564: 17:35:49 [TUniGUISessionManager]:Stopping Cache Eraser...
WebApp_BPKAD.exe: 00000564: 17:35:49 [TUniGUISessionManager]:Cache Eraser Stopped.
WebApp_BPKAD.exe: 00000564: 17:35:49 []:EInvalidPointer : Invalid pointer operation : Addr: $00409DA9
WebApp_BPKAD.exe: 00000564: 17:35:49 [TUniGUISessionManager]:Destroying Worker Threads.
WebApp_BPKAD.exe: 00000564: 17:35:49 [TUniGUISessionManager]:Session manager terminated.
WebApp_BPKAD.exe: 00000564: 17:35:49 [TUniServerModule]:Server Shutdown Completed.
WebApp_BPKAD.exe: 00000564: 17:35:49 []:<-------------------------------------------------------------->
WebApp_BPKAD.exe: 00000564: 17:35:49 [Terminated]:Exit Code: 0
WebApp_BPKAD.exe: 00000CA4: 17:37:30 []:>--------------------------------------------------------------<
WebApp_BPKAD.exe: 00000CA4: 17:37:30 [TUniServerModule]:Server First Init.
WebApp_BPKAD.exe: 00000CA4: 17:37:30 [TUniServerModule]:Starting HTTP Server on Port: 85...
WebApp_BPKAD.exe: 00000CA4: 17:37:30 [TUniServerModule]:HTTP Server Started on Port: 85
WebApp_BPKAD.exe: 00004438: 17:37:31 [127.0.0.1]:EUniSessionException : Invalid session or session Timeout. (Session not found: cebHkMlw3z108FD1D32 ) : Addr: $007E015E
WebApp_BPKAD.exe: 00000CA4: 17:37:54 [TUniServerModule]:Shutting Down Server.
WebApp_BPKAD.exe: 00000CA4: 17:37:54 [TUniServerModule]:Stopping HTTP Server.
WebApp_BPKAD.exe: 00000CA4: 17:37:55 [TUniServerModule]:HTTP Server Stopped.
WebApp_BPKAD.exe: 00000CA4: 17:37:55 [TUniGUISessionManager]:Terminating Session manager.
WebApp_BPKAD.exe: 00000CA4: 17:37:55 [TUniGUISessionManager]:Stopping Cache Eraser...
WebApp_BPKAD.exe: 00000CA4: 17:37:55 [TUniGUISessionManager]:Cache Eraser Stopped.
WebApp_BPKAD.exe: 00000CA4: 17:37:55 []:EInvalidPointer : Invalid pointer operation : Addr: $00409DA9
WebApp_BPKAD.exe: 00000CA4: 17:37:55 [TUniGUISessionManager]:Destroying Worker Threads.
WebApp_BPKAD.exe: 00000CA4: 17:37:56 [TUniGUISessionManager]:Session manager terminated.
WebApp_BPKAD.exe: 00000CA4: 17:37:56 [TUniServerModule]:Server Shutdown Completed.
WebApp_BPKAD.exe: 00000CA4: 17:37:56 []:<-------------------------------------------------------------->
WebApp_BPKAD.exe: 00000CA4: 17:37:56 [Terminated]:Exit Code: 0
WebApp_BPKAD.exe: 000040BC: 17:39:11 []:>--------------------------------------------------------------<
WebApp_BPKAD.exe: 000040BC: 17:39:11 [TUniServerModule]:Server First Init.
WebApp_BPKAD.exe: 000040BC: 17:39:11 [TUniServerModule]:Starting HTTP Server on Port: 85...
WebApp_BPKAD.exe: 000040BC: 17:39:12 [TUniServerModule]:HTTP Server Started on Port: 85
WebApp_BPKAD.exe: 000032A0: 17:39:17 [127.0.0.1]:EUniSessionException : Invalid session or session Timeout. (Session not found: IHmhxY45HI108FD1E81 ) : Addr: $007E015E
WebApp_BPKAD.exe: 00003898: 17:39:23 [127.0.0.1]:EClassNotFound : Class TfrmHtmlStategiKebijakan not found : Addr: $004BC4CA
WebApp_BPKAD.exe: 00003898: 17:39:47 [127.0.0.1]:EClassNotFound : Class TfrmHtmlStategiKebijakan not found : Addr: $004BC4CA
WebApp_BPKAD.exe: 000040BC: 17:42:20 [TUniServerModule]:Shutting Down Server.
WebApp_BPKAD.exe: 000040BC: 17:42:20 [TUniServerModule]:Stopping HTTP Server.
WebApp_BPKAD.exe: 000040BC: 17:42:21 [TUniServerModule]:HTTP Server Stopped.
WebApp_BPKAD.exe: 000040BC: 17:42:21 [TUniGUISessionManager]:Terminating Session manager.
WebApp_BPKAD.exe: 000040BC: 17:42:21 [TUniGUISessionManager]:Stopping Cache Eraser...
WebApp_BPKAD.exe: 000040BC: 17:42:21 [TUniGUISessionManager]:Cache Eraser Stopped.
WebApp_BPKAD.exe: 000040BC: 17:42:21 []:EInvalidPointer : Invalid pointer operation : Addr: $00409DA9
WebApp_BPKAD.exe: 000040BC: 17:42:22 [TUniGUISessionManager]:Destroying Worker Threads.
WebApp_BPKAD.exe: 000040BC: 17:42:22 [TUniGUISessionManager]:Session manager terminated.
WebApp_BPKAD.exe: 000040BC: 17:42:22 [TUniServerModule]:Server Shutdown Completed.
WebApp_BPKAD.exe: 000040BC: 17:42:22 []:<-------------------------------------------------------------->
WebApp_BPKAD.exe: 000040BC: 17:42:22 [Terminated]:Exit Code: 0
WebApp_BPKAD.exe: 00002F00: 17:42:24 []:>--------------------------------------------------------------<
WebApp_BPKAD.exe: 00002F00: 17:42:24 [TUniServerModule]:Server First Init.
WebApp_BPKAD.exe: 00002F00: 17:42:24 [TUniServerModule]:Starting HTTP Server on Port: 85...
WebApp_BPKAD.exe: 00002F00: 17:42:25 [TUniServerModule]:HTTP Server Started on Port: 85
WebApp_BPKAD.exe: 000008E0: 17:42:27 [127.0.0.1]:EUniSessionException : Invalid session or session Timeout. (Session not found: GTUPoT8OIj108FD1EFB ) : Addr: $007E015E
WebApp_BPKAD.exe: 00002F00: 17:43:34 [TUniServerModule]:Shutting Down Server.
WebApp_BPKAD.exe: 00002F00: 17:43:34 [TUniServerModule]:Stopping HTTP Server.
WebApp_BPKAD.exe: 00002F00: 17:43:35 [TUniServerModule]:HTTP Server Stopped.
WebApp_BPKAD.exe: 00002F00: 17:43:35 [TUniGUISessionManager]:Terminating Session manager.
WebApp_BPKAD.exe: 00002F00: 17:43:35 [TUniGUISessionManager]:Stopping Cache Eraser...
WebApp_BPKAD.exe: 00002F00: 17:43:35 [TUniGUISessionManager]:Cache Eraser Stopped.
WebApp_BPKAD.exe: 00002F00: 17:43:35 []:EInvalidPointer : Invalid pointer operation : Addr: $00409DA9
WebApp_BPKAD.exe: 00002F00: 17:43:35 [TUniGUISessionManager]:Destroying Worker Threads.
WebApp_BPKAD.exe: 00002F00: 17:43:35 [TUniGUISessionManager]:Session manager terminated.
WebApp_BPKAD.exe: 00002F00: 17:43:35 [TUniServerModule]:Server Shutdown Completed.
WebApp_BPKAD.exe: 00002F00: 17:43:35 []:<-------------------------------------------------------------->
WebApp_BPKAD.exe: 00002F00: 17:43:35 [Terminated]:Exit Code: 0
