WebApp_BPKAD.exe: 00002BC4: 08:48:12 []:>--------------------------------------------------------------<
WebApp_BPKAD.exe: 00002BC4: 08:48:12 [TUniServerModule]:Server First Init.
WebApp_BPKAD.exe: 00002BC4: 08:48:12 [TUniServerModule]:Starting HTTP Server on Port: 80...
WebApp_BPKAD.exe: 00002BC4: 08:48:12 [TUniServerModule]:HTTP Server Started on Port: 80
WebApp_BPKAD.exe: 00002924: 08:48:32 [HandleFileRequest[127.0.0.1]]:File not found: D:\OneDrive\PROJECTS\BPKAD HST\WebApp_BPKAD\files\images\8.jpg
WebApp_BPKAD.exe: 00002B5C: 08:48:36 [127.0.0.1]:EClassNotFound : Class TFrmOpenUrl not found : Addr: $004B646E
WebApp_BPKAD.exe: 00002BC4: 08:48:50 [TUniServerModule]:Shutting Down Server.
WebApp_BPKAD.exe: 00002BC4: 08:48:50 [TUniServerModule]:Stopping HTTP Server.
WebApp_BPKAD.exe: 00002BC4: 08:48:51 [TUniServerModule]:HTTP Server Stopped.
WebApp_BPKAD.exe: 00002BC4: 08:48:51 [TUniGUISessionManager]:Terminating Session manager.
WebApp_BPKAD.exe: 00002BC4: 08:48:51 [TUniGUISessionManager]:Stopping Cache Eraser...
WebApp_BPKAD.exe: 00002BC4: 08:48:51 [TUniGUISessionManager]:Cache Eraser Stopped.
WebApp_BPKAD.exe: 00002BC4: 08:48:51 [TUniGUISessionManager]:Destroying Worker Threads.
WebApp_BPKAD.exe: 00002BC4: 08:48:51 [TUniGUISessionManager]:Session manager terminated.
WebApp_BPKAD.exe: 00002BC4: 08:48:51 [TUniServerModule]:Server Shutdown Completed.
WebApp_BPKAD.exe: 00002BC4: 08:48:51 []:<-------------------------------------------------------------->
WebApp_BPKAD.exe: 00002BC4: 08:48:51 [Terminated]:Exit Code: 0
WebApp_BPKAD.exe: 00002FA8: 08:50:16 []:>--------------------------------------------------------------<
WebApp_BPKAD.exe: 00002FA8: 08:50:16 [TUniServerModule]:Server First Init.
WebApp_BPKAD.exe: 00002FA8: 08:50:16 [TUniServerModule]:Starting HTTP Server on Port: 80...
WebApp_BPKAD.exe: 00002FA8: 08:50:16 [TUniServerModule]:HTTP Server Started on Port: 80
WebApp_BPKAD.exe: 000014A4: 08:50:18 [127.0.0.1]:EUniSessionException : Invalid session or session Timeout. (Session not found: TCyqIBWNDc10880F65C ) : Addr: $00788962
WebApp_BPKAD.exe: 000014A4: 08:50:19 [HandleFileRequest[127.0.0.1]]:File not found: D:\OneDrive\PROJECTS\BPKAD HST\WebApp_BPKAD\files\images\8.jpg
WebApp_BPKAD.exe: 0000036C: 08:50:24 [127.0.0.1]:EClassNotFound : Class TFrmOpenUrl not found : Addr: $004B646E
WebApp_BPKAD.exe: 00002FA8: 08:50:34 [TUniServerModule]:Shutting Down Server.
WebApp_BPKAD.exe: 00002FA8: 08:50:34 [TUniServerModule]:Stopping HTTP Server.
WebApp_BPKAD.exe: 00002FA8: 08:50:35 [TUniServerModule]:HTTP Server Stopped.
WebApp_BPKAD.exe: 00002FA8: 08:50:35 [TUniGUISessionManager]:Terminating Session manager.
WebApp_BPKAD.exe: 00002FA8: 08:50:35 [TUniGUISessionManager]:Stopping Cache Eraser...
WebApp_BPKAD.exe: 00002FA8: 08:50:35 [TUniGUISessionManager]:Cache Eraser Stopped.
WebApp_BPKAD.exe: 00002FA8: 08:50:35 [TUniGUISessionManager]:Destroying Worker Threads.
WebApp_BPKAD.exe: 00002FA8: 08:50:35 [TUniGUISessionManager]:Session manager terminated.
WebApp_BPKAD.exe: 00002FA8: 08:50:35 [TUniServerModule]:Server Shutdown Completed.
WebApp_BPKAD.exe: 00002FA8: 08:50:35 []:<-------------------------------------------------------------->
WebApp_BPKAD.exe: 00002FA8: 08:50:35 [Terminated]:Exit Code: 0
WebApp_BPKAD.exe: 000007D8: 08:52:04 []:>--------------------------------------------------------------<
WebApp_BPKAD.exe: 000007D8: 08:52:04 [TUniServerModule]:Server First Init.
WebApp_BPKAD.exe: 000007D8: 08:52:04 [TUniServerModule]:Starting HTTP Server on Port: 80...
WebApp_BPKAD.exe: 000007D8: 08:52:04 [TUniServerModule]:HTTP Server Started on Port: 80
WebApp_BPKAD.exe: 0000139C: 08:52:08 [127.0.0.1]:EUniSessionException : Invalid session or session Timeout. (Session not found: oN2rdcuUnJ10880F6DC ) : Addr: $00788962
WebApp_BPKAD.exe: 0000139C: 08:52:10 [HandleFileRequest[127.0.0.1]]:File not found: D:\OneDrive\PROJECTS\BPKAD HST\WebApp_BPKAD\files\images\8.jpg
WebApp_BPKAD.exe: 00000B20: 08:54:39 [HandleFileRequest[127.0.0.1]]:File not found: D:\OneDrive\PROJECTS\BPKAD HST\WebApp_BPKAD\files\images\8.jpg
WebApp_BPKAD.exe: 000007D8: 08:57:28 [TUniServerModule]:Shutting Down Server.
WebApp_BPKAD.exe: 000007D8: 08:57:28 [TUniServerModule]:Stopping HTTP Server.
WebApp_BPKAD.exe: 000007D8: 08:57:29 [TUniServerModule]:HTTP Server Stopped.
WebApp_BPKAD.exe: 000007D8: 08:57:29 [TUniGUISessionManager]:Terminating Session manager.
WebApp_BPKAD.exe: 000007D8: 08:57:29 [TUniGUISessionManager]:Stopping Cache Eraser...
WebApp_BPKAD.exe: 000007D8: 08:57:29 [TUniGUISessionManager]:Cache Eraser Stopped.
WebApp_BPKAD.exe: 000007D8: 08:57:29 [TUniGUISessionManager]:Destroying Worker Threads.
WebApp_BPKAD.exe: 000007D8: 08:57:29 [TUniGUISessionManager]:Session manager terminated.
WebApp_BPKAD.exe: 000007D8: 08:57:29 [TUniServerModule]:Server Shutdown Completed.
WebApp_BPKAD.exe: 000007D8: 08:57:29 []:<-------------------------------------------------------------->
WebApp_BPKAD.exe: 000007D8: 08:57:29 [Terminated]:Exit Code: 0
WebApp_BPKAD.exe: 0000181C: 09:00:33 []:>--------------------------------------------------------------<
WebApp_BPKAD.exe: 0000181C: 09:00:33 [TUniServerModule]:Server First Init.
WebApp_BPKAD.exe: 0000181C: 09:00:33 [TUniServerModule]:Starting HTTP Server on Port: 80...
WebApp_BPKAD.exe: 0000181C: 09:00:33 [TUniServerModule]:HTTP Server Started on Port: 80
WebApp_BPKAD.exe: 0000181C: 09:01:24 [TUniServerModule]:Shutting Down Server.
WebApp_BPKAD.exe: 0000181C: 09:01:24 [TUniServerModule]:Stopping HTTP Server.
WebApp_BPKAD.exe: 0000181C: 09:01:24 [TUniServerModule]:HTTP Server Stopped.
WebApp_BPKAD.exe: 0000181C: 09:01:24 [TUniGUISessionManager]:Terminating Session manager.
WebApp_BPKAD.exe: 0000181C: 09:01:24 [TUniGUISessionManager]:Stopping Cache Eraser...
WebApp_BPKAD.exe: 0000181C: 09:01:24 [TUniGUISessionManager]:Cache Eraser Stopped.
WebApp_BPKAD.exe: 0000181C: 09:01:24 [TUniGUISessionManager]:Destroying Worker Threads.
WebApp_BPKAD.exe: 0000181C: 09:01:24 [TUniGUISessionManager]:Session manager terminated.
WebApp_BPKAD.exe: 0000181C: 09:01:24 [TUniServerModule]:Server Shutdown Completed.
WebApp_BPKAD.exe: 0000181C: 09:01:24 []:<-------------------------------------------------------------->
WebApp_BPKAD.exe: 0000181C: 09:01:24 [Terminated]:Exit Code: 0
WebApp_BPKAD.exe: 0000238C: 09:25:55 []:>--------------------------------------------------------------<
WebApp_BPKAD.exe: 0000238C: 09:25:55 [TUniServerModule]:Server First Init.
WebApp_BPKAD.exe: 0000238C: 09:25:55 [TUniServerModule]:Starting HTTP Server on Port: 80...
WebApp_BPKAD.exe: 0000238C: 09:25:55 [TUniServerModule]:HTTP Server Started on Port: 80
WebApp_BPKAD.exe: 0000246C: 09:26:04 [HandleFileRequest[127.0.0.1]]:File not found: D:\OneDrive\PROJECTS\BPKAD HST\WebApp_BPKAD\files\images\8.jpg
WebApp_BPKAD.exe: 0000238C: 09:28:50 [TUniServerModule]:Shutting Down Server.
WebApp_BPKAD.exe: 0000238C: 09:28:50 [TUniServerModule]:Stopping HTTP Server.
WebApp_BPKAD.exe: 0000238C: 09:28:51 [TUniServerModule]:HTTP Server Stopped.
WebApp_BPKAD.exe: 0000238C: 09:28:51 [TUniGUISessionManager]:Terminating Session manager.
WebApp_BPKAD.exe: 0000238C: 09:28:51 [TUniGUISessionManager]:Stopping Cache Eraser...
WebApp_BPKAD.exe: 0000238C: 09:28:51 [TUniGUISessionManager]:Cache Eraser Stopped.
WebApp_BPKAD.exe: 0000238C: 09:28:51 [TUniGUISessionManager]:Destroying Worker Threads.
WebApp_BPKAD.exe: 0000238C: 09:28:51 [TUniGUISessionManager]:Session manager terminated.
WebApp_BPKAD.exe: 0000238C: 09:28:51 [TUniServerModule]:Server Shutdown Completed.
WebApp_BPKAD.exe: 0000238C: 09:28:51 []:<-------------------------------------------------------------->
WebApp_BPKAD.exe: 0000238C: 09:28:51 [Terminated]:Exit Code: 0
WebApp_BPKAD.exe: 000012EC: 09:28:53 []:>--------------------------------------------------------------<
WebApp_BPKAD.exe: 000012EC: 09:28:53 [TUniServerModule]:Server First Init.
WebApp_BPKAD.exe: 000012EC: 09:28:53 [TUniServerModule]:Starting HTTP Server on Port: 80...
WebApp_BPKAD.exe: 000012EC: 09:28:53 [TUniServerModule]:HTTP Server Started on Port: 80
WebApp_BPKAD.exe: 00002318: 09:29:01 [127.0.0.1]:EUniSessionException : Invalid session or session Timeout. (Session not found: jTXK1upImv10881008E ) : Addr: $00788962
WebApp_BPKAD.exe: 00002318: 09:29:03 [HandleFileRequest[127.0.0.1]]:File not found: D:\OneDrive\PROJECTS\BPKAD HST\WebApp_BPKAD\files\images\8.jpg
WebApp_BPKAD.exe: 00002418: 09:29:41 [HandleFileRequest[127.0.0.1]]:File not found: D:\OneDrive\PROJECTS\BPKAD HST\WebApp_BPKAD\files\images\8.jpg
WebApp_BPKAD.exe: 000027F0: 09:30:24 [HandleFileRequest[127.0.0.1]]:File not found: D:\OneDrive\PROJECTS\BPKAD HST\WebApp_BPKAD\files\images\8.jpg
WebApp_BPKAD.exe: 00002F30: 09:30:36 [HandleFileRequest[127.0.0.1]]:File not found: D:\OneDrive\PROJECTS\BPKAD HST\WebApp_BPKAD\files\images\8.jpg
WebApp_BPKAD.exe: 000012EC: 09:42:09 [TUniServerModule]:Shutting Down Server.
WebApp_BPKAD.exe: 000012EC: 09:42:09 [TUniServerModule]:Stopping HTTP Server.
WebApp_BPKAD.exe: 000012EC: 09:42:10 [TUniServerModule]:HTTP Server Stopped.
WebApp_BPKAD.exe: 000012EC: 09:42:10 [TUniGUISessionManager]:Terminating Session manager.
WebApp_BPKAD.exe: 000012EC: 09:42:10 [TUniGUISessionManager]:Stopping Cache Eraser...
WebApp_BPKAD.exe: 000012EC: 09:42:10 [TUniGUISessionManager]:Cache Eraser Stopped.
WebApp_BPKAD.exe: 000012EC: 09:42:10 [TUniGUISessionManager]:Destroying Worker Threads.
WebApp_BPKAD.exe: 000012EC: 09:42:10 [TUniGUISessionManager]:Session manager terminated.
WebApp_BPKAD.exe: 000012EC: 09:42:10 [TUniServerModule]:Server Shutdown Completed.
WebApp_BPKAD.exe: 000012EC: 09:42:10 []:<-------------------------------------------------------------->
WebApp_BPKAD.exe: 000012EC: 09:42:10 [Terminated]:Exit Code: 0
WebApp_BPKAD.exe: 000018A4: 09:46:53 []:>--------------------------------------------------------------<
WebApp_BPKAD.exe: 000018A4: 09:46:53 [TUniServerModule]:Server First Init.
WebApp_BPKAD.exe: 000018A4: 09:46:53 [TUniServerModule]:Starting HTTP Server on Port: 80...
WebApp_BPKAD.exe: 000018A4: 09:46:54 [TUniServerModule]:HTTP Server Started on Port: 80
WebApp_BPKAD.exe: 00001B08: 09:46:56 [127.0.0.1]:EUniSessionException : Invalid session or session Timeout. (Session not found: mSohdxH5ut1088101C9 ) : Addr: $00788962
WebApp_BPKAD.exe: 00001B08: 09:46:57 [HandleFileRequest[127.0.0.1]]:File not found: D:\OneDrive\PROJECTS\BPKAD HST\WebApp_BPKAD\files\images\8.jpg
WebApp_BPKAD.exe: 00002F4C: 09:47:04 [HandleFileRequest[127.0.0.1]]:File not found: D:\OneDrive\PROJECTS\BPKAD HST\WebApp_BPKAD\files\images\8.jpg
WebApp_BPKAD.exe: 000018A4: 09:47:07 [TUniServerModule]:Shutting Down Server.
WebApp_BPKAD.exe: 000018A4: 09:47:07 [TUniServerModule]:Stopping HTTP Server.
WebApp_BPKAD.exe: 000018A4: 09:47:08 [TUniServerModule]:HTTP Server Stopped.
WebApp_BPKAD.exe: 000018A4: 09:47:08 [TUniGUISessionManager]:Terminating Session manager.
WebApp_BPKAD.exe: 000018A4: 09:47:08 [TUniGUISessionManager]:Stopping Cache Eraser...
WebApp_BPKAD.exe: 000018A4: 09:47:08 [TUniGUISessionManager]:Cache Eraser Stopped.
WebApp_BPKAD.exe: 000018A4: 09:47:08 [TUniGUISessionManager]:Destroying Worker Threads.
WebApp_BPKAD.exe: 000018A4: 09:47:08 [TUniGUISessionManager]:Session manager terminated.
WebApp_BPKAD.exe: 000018A4: 09:47:08 [TUniServerModule]:Server Shutdown Completed.
WebApp_BPKAD.exe: 000018A4: 09:47:08 []:<-------------------------------------------------------------->
WebApp_BPKAD.exe: 000018A4: 09:47:08 [Terminated]:Exit Code: 0
WebApp_BPKAD.exe: 00002FE4: 09:47:57 []:>--------------------------------------------------------------<
WebApp_BPKAD.exe: 00002FE4: 09:47:57 [TUniServerModule]:Server First Init.
WebApp_BPKAD.exe: 00002FE4: 09:47:57 [TUniServerModule]:Starting HTTP Server on Port: 80...
WebApp_BPKAD.exe: 00002FE4: 09:47:57 [TUniServerModule]:HTTP Server Started on Port: 80
WebApp_BPKAD.exe: 00000BE0: 09:48:00 [127.0.0.1]:EUniSessionException : Invalid session or session Timeout. (Session not found: ui9fDvKKlk108810641 ) : Addr: $00788962
WebApp_BPKAD.exe: 00000BE0: 09:48:00 [HandleFileRequest[127.0.0.1]]:File not found: D:\OneDrive\PROJECTS\BPKAD HST\WebApp_BPKAD\files\images\8.jpg
WebApp_BPKAD.exe: 000007F8: 09:48:07 [HandleFileRequest[127.0.0.1]]:File not found: D:\OneDrive\PROJECTS\BPKAD HST\WebApp_BPKAD\files\images\8.jpg
WebApp_BPKAD.exe: 00002FE4: 09:48:10 [TUniServerModule]:Shutting Down Server.
WebApp_BPKAD.exe: 00002FE4: 09:48:10 [TUniServerModule]:Stopping HTTP Server.
WebApp_BPKAD.exe: 00002FE4: 09:48:11 [TUniServerModule]:HTTP Server Stopped.
WebApp_BPKAD.exe: 00002FE4: 09:48:11 [TUniGUISessionManager]:Terminating Session manager.
WebApp_BPKAD.exe: 00002FE4: 09:48:11 [TUniGUISessionManager]:Stopping Cache Eraser...
WebApp_BPKAD.exe: 00002FE4: 09:48:11 [TUniGUISessionManager]:Cache Eraser Stopped.
WebApp_BPKAD.exe: 00002FE4: 09:48:11 [TUniGUISessionManager]:Destroying Worker Threads.
WebApp_BPKAD.exe: 00002FE4: 09:48:11 [TUniGUISessionManager]:Session manager terminated.
WebApp_BPKAD.exe: 00002FE4: 09:48:11 [TUniServerModule]:Server Shutdown Completed.
WebApp_BPKAD.exe: 00002FE4: 09:48:11 []:<-------------------------------------------------------------->
WebApp_BPKAD.exe: 00002FE4: 09:48:11 [Terminated]:Exit Code: 0
WebApp_BPKAD.exe: 0000259C: 09:48:44 []:>--------------------------------------------------------------<
WebApp_BPKAD.exe: 0000259C: 09:48:44 [TUniServerModule]:Server First Init.
WebApp_BPKAD.exe: 0000259C: 09:48:44 [TUniServerModule]:Starting HTTP Server on Port: 80...
WebApp_BPKAD.exe: 0000259C: 09:48:44 [TUniServerModule]:HTTP Server Started on Port: 80
WebApp_BPKAD.exe: 00001CD0: 09:48:49 [127.0.0.1]:EUniSessionException : Invalid session or session Timeout. (Session not found: h3JErqaB6Z108810689 ) : Addr: $00788962
WebApp_BPKAD.exe: 00001CD0: 09:48:50 [HandleFileRequest[127.0.0.1]]:File not found: D:\OneDrive\PROJECTS\BPKAD HST\WebApp_BPKAD\files\images\8.jpg
WebApp_BPKAD.exe: 00000D64: 09:48:56 [HandleFileRequest[127.0.0.1]]:File not found: D:\OneDrive\PROJECTS\BPKAD HST\WebApp_BPKAD\files\images\8.jpg
WebApp_BPKAD.exe: 0000259C: 09:49:00 [TUniServerModule]:Shutting Down Server.
WebApp_BPKAD.exe: 0000259C: 09:49:00 [TUniServerModule]:Stopping HTTP Server.
WebApp_BPKAD.exe: 0000259C: 09:49:01 [TUniServerModule]:HTTP Server Stopped.
WebApp_BPKAD.exe: 0000259C: 09:49:01 [TUniGUISessionManager]:Terminating Session manager.
WebApp_BPKAD.exe: 0000259C: 09:49:01 [TUniGUISessionManager]:Stopping Cache Eraser...
WebApp_BPKAD.exe: 0000259C: 09:49:01 [TUniGUISessionManager]:Cache Eraser Stopped.
WebApp_BPKAD.exe: 0000259C: 09:49:01 [TUniGUISessionManager]:Destroying Worker Threads.
WebApp_BPKAD.exe: 0000259C: 09:49:01 [TUniGUISessionManager]:Session manager terminated.
WebApp_BPKAD.exe: 0000259C: 09:49:01 [TUniServerModule]:Server Shutdown Completed.
WebApp_BPKAD.exe: 0000259C: 09:49:01 []:<-------------------------------------------------------------->
WebApp_BPKAD.exe: 0000259C: 09:49:01 [Terminated]:Exit Code: 0
WebApp_BPKAD.exe: 00000BB8: 09:55:19 []:>--------------------------------------------------------------<
WebApp_BPKAD.exe: 00000BB8: 09:55:19 [TUniServerModule]:Server First Init.
WebApp_BPKAD.exe: 00000BB8: 09:55:19 [TUniServerModule]:Starting HTTP Server on Port: 80...
WebApp_BPKAD.exe: 00000BB8: 09:55:19 [TUniServerModule]:HTTP Server Started on Port: 80
WebApp_BPKAD.exe: 000009B4: 09:55:19 [127.0.0.1]:EUniSessionException : Invalid session or session Timeout. (Session not found: WcLuzSxOES1088106C3 ) : Addr: $00788962
WebApp_BPKAD.exe: 000009B4: 09:55:25 [HandleFileRequest[127.0.0.1]]:File not found: D:\OneDrive\PROJECTS\BPKAD HST\WebApp_BPKAD\files\images\8.jpg
WebApp_BPKAD.exe: 00000BB8: 09:55:58 [TUniServerModule]:Shutting Down Server.
WebApp_BPKAD.exe: 00000BB8: 09:55:58 [TUniServerModule]:Stopping HTTP Server.
WebApp_BPKAD.exe: 00000BB8: 09:55:59 [TUniServerModule]:HTTP Server Stopped.
WebApp_BPKAD.exe: 00000BB8: 09:55:59 [TUniGUISessionManager]:Terminating Session manager.
WebApp_BPKAD.exe: 00000BB8: 09:55:59 [TUniGUISessionManager]:Stopping Cache Eraser...
WebApp_BPKAD.exe: 00000BB8: 09:55:59 [TUniGUISessionManager]:Cache Eraser Stopped.
WebApp_BPKAD.exe: 00000BB8: 09:55:59 [TUniGUISessionManager]:Destroying Worker Threads.
WebApp_BPKAD.exe: 00000BB8: 09:55:59 [TUniGUISessionManager]:Session manager terminated.
WebApp_BPKAD.exe: 00000BB8: 09:55:59 [TUniServerModule]:Server Shutdown Completed.
WebApp_BPKAD.exe: 00000BB8: 09:55:59 []:<-------------------------------------------------------------->
WebApp_BPKAD.exe: 00000BB8: 09:55:59 [Terminated]:Exit Code: 0
WebApp_BPKAD.exe: 00002274: 10:59:38 []:>--------------------------------------------------------------<
WebApp_BPKAD.exe: 00002274: 10:59:38 [TUniServerModule]:Server First Init.
WebApp_BPKAD.exe: 00002274: 10:59:38 [TUniServerModule]:Starting HTTP Server on Port: 80...
WebApp_BPKAD.exe: 00002274: 10:59:38 [TUniServerModule]:HTTP Server Started on Port: 80
WebApp_BPKAD.exe: 00000E88: 10:59:41 [HandleFileRequest[127.0.0.1]]:File not found: D:\OneDrive\PROJECTS\BPKAD HST\WebApp_BPKAD\files\images\8.jpg
WebApp_BPKAD.exe: 00002274: 11:07:44 [TUniServerModule]:Shutting Down Server.
WebApp_BPKAD.exe: 00002274: 11:07:44 [TUniServerModule]:Stopping HTTP Server.
WebApp_BPKAD.exe: 00002274: 11:07:45 [TUniServerModule]:HTTP Server Stopped.
WebApp_BPKAD.exe: 00002274: 11:07:45 [TUniGUISessionManager]:Terminating Session manager.
WebApp_BPKAD.exe: 00002274: 11:07:45 [TUniGUISessionManager]:Stopping Cache Eraser...
WebApp_BPKAD.exe: 00002274: 11:07:45 [TUniGUISessionManager]:Cache Eraser Stopped.
WebApp_BPKAD.exe: 00002274: 11:07:45 [TUniGUISessionManager]:Destroying Worker Threads.
WebApp_BPKAD.exe: 00002274: 11:07:45 [TUniGUISessionManager]:Session manager terminated.
WebApp_BPKAD.exe: 00002274: 11:07:45 [TUniServerModule]:Server Shutdown Completed.
WebApp_BPKAD.exe: 00002274: 11:07:45 []:<-------------------------------------------------------------->
WebApp_BPKAD.exe: 00002274: 11:07:45 [Terminated]:Exit Code: 0
WebApp_BPKAD.exe: 00002480: 11:51:57 []:>--------------------------------------------------------------<
WebApp_BPKAD.exe: 00002480: 11:51:57 [TUniServerModule]:Server First Init.
WebApp_BPKAD.exe: 00002480: 11:51:57 [TUniServerModule]:Starting HTTP Server on Port: 80...
WebApp_BPKAD.exe: 00002480: 11:51:57 [TUniServerModule]:HTTP Server Started on Port: 80
WebApp_BPKAD.exe: 00003104: 11:52:01 [HandleFileRequest[127.0.0.1]]:File not found: D:\OneDrive\PROJECTS\BPKAD HST\WebApp_BPKAD\files\images\8.jpg
WebApp_BPKAD.exe: 00000BD8: 11:52:20 [HandleFileRequest[127.0.0.1]]:File not found: D:\OneDrive\PROJECTS\BPKAD HST\WebApp_BPKAD\files\images\8.jpg
WebApp_BPKAD.exe: 00002480: 12:05:22 [TUniServerModule]:Shutting Down Server.
WebApp_BPKAD.exe: 00002480: 12:05:22 [TUniServerModule]:Stopping HTTP Server.
WebApp_BPKAD.exe: 00002480: 12:05:23 [TUniServerModule]:HTTP Server Stopped.
WebApp_BPKAD.exe: 00002480: 12:05:23 [TUniGUISessionManager]:Terminating Session manager.
WebApp_BPKAD.exe: 00002480: 12:05:23 [TUniGUISessionManager]:Stopping Cache Eraser...
WebApp_BPKAD.exe: 00002480: 12:05:23 [TUniGUISessionManager]:Cache Eraser Stopped.
WebApp_BPKAD.exe: 00002480: 12:05:23 [TUniGUISessionManager]:Destroying Worker Threads.
WebApp_BPKAD.exe: 00002480: 12:05:23 [TUniGUISessionManager]:Session manager terminated.
WebApp_BPKAD.exe: 00002480: 12:05:23 [TUniServerModule]:Server Shutdown Completed.
WebApp_BPKAD.exe: 00002480: 12:05:23 []:<-------------------------------------------------------------->
WebApp_BPKAD.exe: 00002480: 12:05:23 [Terminated]:Exit Code: 0
WebApp_BPKAD.exe: 00002DCC: 12:05:25 []:>--------------------------------------------------------------<
WebApp_BPKAD.exe: 00002DCC: 12:05:25 [TUniServerModule]:Server First Init.
WebApp_BPKAD.exe: 00002DCC: 12:05:25 [TUniServerModule]:Starting HTTP Server on Port: 80...
WebApp_BPKAD.exe: 00002DCC: 12:05:25 [TUniServerModule]:HTTP Server Started on Port: 80
WebApp_BPKAD.exe: 00003370: 12:05:29 [127.0.0.1]:EUniSessionException : Invalid session or session Timeout. (Session not found: SXxQJDYRdF10881283C ) : Addr: $00788962
WebApp_BPKAD.exe: 00003370: 12:05:30 [HandleFileRequest[127.0.0.1]]:File not found: D:\OneDrive\PROJECTS\BPKAD HST\WebApp_BPKAD\files\images\8.jpg
WebApp_BPKAD.exe: 0000328C: 12:05:39 [HandleFileRequest[127.0.0.1]]:File not found: D:\OneDrive\PROJECTS\BPKAD HST\WebApp_BPKAD\files\images\8.jpg
WebApp_BPKAD.exe: 00002DCC: 12:05:44 [TUniServerModule]:Shutting Down Server.
WebApp_BPKAD.exe: 00002DCC: 12:05:44 [TUniServerModule]:Stopping HTTP Server.
WebApp_BPKAD.exe: 00002DCC: 12:05:45 [TUniServerModule]:HTTP Server Stopped.
WebApp_BPKAD.exe: 00002DCC: 12:05:45 [TUniGUISessionManager]:Terminating Session manager.
WebApp_BPKAD.exe: 00002DCC: 12:05:45 [TUniGUISessionManager]:Stopping Cache Eraser...
WebApp_BPKAD.exe: 00002DCC: 12:05:45 [TUniGUISessionManager]:Cache Eraser Stopped.
WebApp_BPKAD.exe: 00002DCC: 12:05:45 [TUniGUISessionManager]:Destroying Worker Threads.
WebApp_BPKAD.exe: 00002DCC: 12:05:45 [TUniGUISessionManager]:Session manager terminated.
WebApp_BPKAD.exe: 00002DCC: 12:05:45 [TUniServerModule]:Server Shutdown Completed.
WebApp_BPKAD.exe: 00002DCC: 12:05:45 []:<-------------------------------------------------------------->
WebApp_BPKAD.exe: 00002DCC: 12:05:45 [Terminated]:Exit Code: 0
WebApp_BPKAD.exe: 00002284: 12:11:39 []:>--------------------------------------------------------------<
WebApp_BPKAD.exe: 00002284: 12:11:39 [TUniServerModule]:Server First Init.
WebApp_BPKAD.exe: 00002284: 12:11:39 [TUniServerModule]:Starting HTTP Server on Port: 80...
WebApp_BPKAD.exe: 00002284: 12:11:39 [TUniServerModule]:HTTP Server Started on Port: 80
WebApp_BPKAD.exe: 00001D5C: 12:11:41 [127.0.0.1]:EUniSessionException : Invalid session or session Timeout. (Session not found: FL2H3vqVPP108812BD9 ) : Addr: $00788962
WebApp_BPKAD.exe: 00001D5C: 12:11:43 [HandleFileRequest[127.0.0.1]]:File not found: D:\OneDrive\PROJECTS\BPKAD HST\WebApp_BPKAD\files\images\8.jpg
WebApp_BPKAD.exe: 00002284: 12:11:52 [TUniServerModule]:Shutting Down Server.
WebApp_BPKAD.exe: 00002284: 12:11:52 [TUniServerModule]:Stopping HTTP Server.
WebApp_BPKAD.exe: 00002284: 12:11:53 [TUniServerModule]:HTTP Server Stopped.
WebApp_BPKAD.exe: 00002284: 12:11:53 [TUniGUISessionManager]:Terminating Session manager.
WebApp_BPKAD.exe: 00002284: 12:11:53 [TUniGUISessionManager]:Stopping Cache Eraser...
WebApp_BPKAD.exe: 00002284: 12:11:53 [TUniGUISessionManager]:Cache Eraser Stopped.
WebApp_BPKAD.exe: 00002284: 12:11:53 [TUniGUISessionManager]:Destroying Worker Threads.
WebApp_BPKAD.exe: 00002284: 12:11:53 [TUniGUISessionManager]:Session manager terminated.
WebApp_BPKAD.exe: 00002284: 12:11:53 [TUniServerModule]:Server Shutdown Completed.
WebApp_BPKAD.exe: 00002284: 12:11:53 []:<-------------------------------------------------------------->
WebApp_BPKAD.exe: 00002284: 12:11:53 [Terminated]:Exit Code: 0
WebApp_BPKAD.exe: 00000844: 12:12:28 []:>--------------------------------------------------------------<
WebApp_BPKAD.exe: 00000844: 12:12:28 [TUniServerModule]:Server First Init.
WebApp_BPKAD.exe: 00000844: 12:12:28 [TUniServerModule]:Starting HTTP Server on Port: 80...
WebApp_BPKAD.exe: 00000844: 12:12:28 [TUniServerModule]:HTTP Server Started on Port: 80
WebApp_BPKAD.exe: 00003124: 12:12:30 [127.0.0.1]:EUniSessionException : Invalid session or session Timeout. (Session not found: hPUCD65bA6108812D7D ) : Addr: $00788962
WebApp_BPKAD.exe: 00003124: 12:12:31 [HandleFileRequest[127.0.0.1]]:File not found: D:\OneDrive\PROJECTS\BPKAD HST\WebApp_BPKAD\files\images\8.jpg
WebApp_BPKAD.exe: 00000844: 12:13:38 [TUniServerModule]:Shutting Down Server.
WebApp_BPKAD.exe: 00000844: 12:13:38 [TUniServerModule]:Stopping HTTP Server.
WebApp_BPKAD.exe: 00000844: 12:13:39 [TUniServerModule]:HTTP Server Stopped.
WebApp_BPKAD.exe: 00000844: 12:13:39 [TUniGUISessionManager]:Terminating Session manager.
WebApp_BPKAD.exe: 00000844: 12:13:39 [TUniGUISessionManager]:Stopping Cache Eraser...
WebApp_BPKAD.exe: 00000844: 12:13:39 [TUniGUISessionManager]:Cache Eraser Stopped.
WebApp_BPKAD.exe: 00000844: 12:13:39 [TUniGUISessionManager]:Destroying Worker Threads.
WebApp_BPKAD.exe: 00000844: 12:13:39 [TUniGUISessionManager]:Session manager terminated.
WebApp_BPKAD.exe: 00000844: 12:13:39 [TUniServerModule]:Server Shutdown Completed.
WebApp_BPKAD.exe: 00000844: 12:13:39 []:<-------------------------------------------------------------->
WebApp_BPKAD.exe: 00000844: 12:13:39 [Terminated]:Exit Code: 0
WebApp_BPKAD.exe: 00001788: 12:13:50 []:>--------------------------------------------------------------<
WebApp_BPKAD.exe: 00001788: 12:13:50 [TUniServerModule]:Server First Init.
WebApp_BPKAD.exe: 00001788: 12:13:50 [TUniServerModule]:Starting HTTP Server on Port: 80...
WebApp_BPKAD.exe: 00001788: 12:13:50 [TUniServerModule]:HTTP Server Started on Port: 80
WebApp_BPKAD.exe: 00001878: 12:13:53 [127.0.0.1]:EUniSessionException : Invalid session or session Timeout. (Session not found: SKoZeRL5qu108812DB5 ) : Addr: $00788962
WebApp_BPKAD.exe: 00001878: 12:13:54 [HandleFileRequest[127.0.0.1]]:File not found: D:\OneDrive\PROJECTS\BPKAD HST\WebApp_BPKAD\files\images\8.jpg
WebApp_BPKAD.exe: 0000219C: 12:14:00 [HandleFileRequest[127.0.0.1]]:File not found: D:\OneDrive\PROJECTS\BPKAD HST\WebApp_BPKAD\files\images\8.jpg
WebApp_BPKAD.exe: 000026AC: 12:14:07 [HandleFileRequest[127.0.0.1]]:File not found: D:\OneDrive\PROJECTS\BPKAD HST\WebApp_BPKAD\files\images\8.jpg
WebApp_BPKAD.exe: 00001788: 12:15:30 [TUniServerModule]:Shutting Down Server.
WebApp_BPKAD.exe: 00001788: 12:15:30 [TUniServerModule]:Stopping HTTP Server.
WebApp_BPKAD.exe: 00001788: 12:15:31 [TUniServerModule]:HTTP Server Stopped.
WebApp_BPKAD.exe: 00001788: 12:15:31 [TUniGUISessionManager]:Terminating Session manager.
WebApp_BPKAD.exe: 00001788: 12:15:31 [TUniGUISessionManager]:Stopping Cache Eraser...
WebApp_BPKAD.exe: 00001788: 12:15:31 [TUniGUISessionManager]:Cache Eraser Stopped.
WebApp_BPKAD.exe: 00001788: 12:15:31 [TUniGUISessionManager]:Destroying Worker Threads.
WebApp_BPKAD.exe: 00001788: 12:15:31 [TUniGUISessionManager]:Session manager terminated.
WebApp_BPKAD.exe: 00001788: 12:15:31 [TUniServerModule]:Server Shutdown Completed.
WebApp_BPKAD.exe: 00001788: 12:15:31 []:<-------------------------------------------------------------->
WebApp_BPKAD.exe: 00001788: 12:15:31 [Terminated]:Exit Code: 0
