WebApp_BPKAD.exe: 00001854: 09:13:16 []:>--------------------------------------------------------------<
WebApp_BPKAD.exe: 00001854: 09:13:16 [TUniServerModule]:Server First Init.
WebApp_BPKAD.exe: 00001854: 09:13:16 [TUniServerModule]:Starting HTTP Server on Port: 85...
WebApp_BPKAD.exe: 00001854: 09:13:17 [TUniServerModule]:HTTP Server Started on Port: 85
WebApp_BPKAD.exe: 00002BB8: 09:13:39 [Lookup information for field 'nama_subunit' is incomplete-127.0.0.1]:EDatabaseError : Lookup information for field 'nama_subunit' is incomplete : Addr: $006ACB9B
WebApp_BPKAD.exe: 00001854: 09:13:53 [TUniServerModule]:Shutting Down Server.
WebApp_BPKAD.exe: 00001854: 09:13:53 [TUniServerModule]:Stopping HTTP Server.
WebApp_BPKAD.exe: 00001854: 09:13:54 [TUniServerModule]:HTTP Server Stopped.
WebApp_BPKAD.exe: 00001854: 09:13:54 [TUniGUISessionManager]:Terminating Session manager.
WebApp_BPKAD.exe: 00001854: 09:13:54 [TUniGUISessionManager]:Stopping Cache Eraser...
WebApp_BPKAD.exe: 00001854: 09:13:54 [TUniGUISessionManager]:Cache Eraser Stopped.
WebApp_BPKAD.exe: 00001854: 09:13:54 []:EInvalidPointer : Invalid pointer operation : Addr: $00409DA9
WebApp_BPKAD.exe: 00001854: 09:13:54 []:EInvalidPointer : Invalid pointer operation : Addr: $00409DA9
WebApp_BPKAD.exe: 00001854: 09:13:54 [TUniGUISessionManager]:Destroying Worker Threads.
WebApp_BPKAD.exe: 00001854: 09:13:54 [TUniGUISessionManager]:Session manager terminated.
WebApp_BPKAD.exe: 00001854: 09:13:54 [TUniServerModule]:Server Shutdown Completed.
WebApp_BPKAD.exe: 00001854: 09:13:54 []:<-------------------------------------------------------------->
WebApp_BPKAD.exe: 00001854: 09:13:54 [Terminated]:Exit Code: 0
WebApp_BPKAD.exe: 00003F7C: 09:14:54 []:>--------------------------------------------------------------<
WebApp_BPKAD.exe: 00003F7C: 09:14:54 [TUniServerModule]:Server First Init.
WebApp_BPKAD.exe: 00003F7C: 09:14:54 [TUniServerModule]:Starting HTTP Server on Port: 85...
WebApp_BPKAD.exe: 00003F7C: 09:14:54 [TUniServerModule]:HTTP Server Started on Port: 85
WebApp_BPKAD.exe: 000038B4: 09:14:55 [127.0.0.1]:EUniSessionException : Invalid session or session Timeout. (Session not found: qVwrrBA1UN1091993A3 ) : Addr: $007E097A
WebApp_BPKAD.exe: 000038B4: 09:14:57 [127.0.0.1]:EUniSessionException : Invalid session or session Timeout. (Session not found: qVwrrBA1UN1091993A3 ) : Addr: $007E097A
WebApp_BPKAD.exe: 000038B4: 09:14:57 [127.0.0.1]:EUniSessionException : Invalid session or session Timeout. (Session not found: qVwrrBA1UN1091993A3 ) : Addr: $007E097A
WebApp_BPKAD.exe: 000038B4: 09:15:07 [Lookup information for field 'nama_subunit' is incomplete-127.0.0.1]:EDatabaseError : Lookup information for field 'nama_subunit' is incomplete : Addr: $006ACB9B
WebApp_BPKAD.exe: 000038B4: 09:15:12 [Lookup information for field 'nama_subunit' is incomplete-127.0.0.1]:EDatabaseError : Lookup information for field 'nama_subunit' is incomplete : Addr: $006ACB9B
WebApp_BPKAD.exe: 00003F7C: 09:15:21 [TUniServerModule]:Shutting Down Server.
WebApp_BPKAD.exe: 00003F7C: 09:15:21 [TUniServerModule]:Stopping HTTP Server.
WebApp_BPKAD.exe: 00003F7C: 09:15:22 [TUniServerModule]:HTTP Server Stopped.
WebApp_BPKAD.exe: 00003F7C: 09:15:22 [TUniGUISessionManager]:Terminating Session manager.
WebApp_BPKAD.exe: 00003F7C: 09:15:22 [TUniGUISessionManager]:Stopping Cache Eraser...
WebApp_BPKAD.exe: 00003F7C: 09:15:22 [TUniGUISessionManager]:Cache Eraser Stopped.
WebApp_BPKAD.exe: 00003F7C: 09:15:22 []:EInvalidPointer : Invalid pointer operation : Addr: $00409DA9
WebApp_BPKAD.exe: 00003F7C: 09:15:22 [TUniGUISessionManager]:Destroying Worker Threads.
WebApp_BPKAD.exe: 00003F7C: 09:15:22 [TUniGUISessionManager]:Session manager terminated.
WebApp_BPKAD.exe: 00003F7C: 09:15:22 [TUniServerModule]:Server Shutdown Completed.
WebApp_BPKAD.exe: 00003F7C: 09:15:22 []:<-------------------------------------------------------------->
WebApp_BPKAD.exe: 00003F7C: 09:15:22 [Terminated]:Exit Code: 0
WebApp_BPKAD.exe: 00002D30: 09:20:58 []:>--------------------------------------------------------------<
WebApp_BPKAD.exe: 00002D30: 09:20:58 [TUniServerModule]:Server First Init.
WebApp_BPKAD.exe: 00002D30: 09:20:58 [TUniServerModule]:Starting HTTP Server on Port: 85...
WebApp_BPKAD.exe: 00002D30: 09:20:58 [TUniServerModule]:HTTP Server Started on Port: 85
WebApp_BPKAD.exe: 00001390: 09:21:02 [127.0.0.1]:EUniSessionException : Invalid session or session Timeout. (Session not found: HYzd2KeW3Y10919940B ) : Addr: $007E097A
WebApp_BPKAD.exe: 00001390: 09:21:02 [127.0.0.1]:EUniSessionException : Invalid session or session Timeout. (Session not found: HYzd2KeW3Y10919940B ) : Addr: $007E097A
WebApp_BPKAD.exe: 00003810: 09:21:13 [Lookup information for field 'nama_subunit' is incomplete-127.0.0.1]:EDatabaseError : Lookup information for field 'nama_subunit' is incomplete : Addr: $006ACB9B
WebApp_BPKAD.exe: 00002D30: 09:21:29 [TUniServerModule]:Shutting Down Server.
WebApp_BPKAD.exe: 00002D30: 09:21:29 [TUniServerModule]:Stopping HTTP Server.
WebApp_BPKAD.exe: 00002D30: 09:21:30 [TUniServerModule]:HTTP Server Stopped.
WebApp_BPKAD.exe: 00002D30: 09:21:30 [TUniGUISessionManager]:Terminating Session manager.
WebApp_BPKAD.exe: 00002D30: 09:21:30 [TUniGUISessionManager]:Stopping Cache Eraser...
WebApp_BPKAD.exe: 00002D30: 09:21:30 [TUniGUISessionManager]:Cache Eraser Stopped.
WebApp_BPKAD.exe: 00002D30: 09:21:30 []:EInvalidPointer : Invalid pointer operation : Addr: $00409DA9
WebApp_BPKAD.exe: 00002D30: 09:21:30 [TUniGUISessionManager]:Destroying Worker Threads.
WebApp_BPKAD.exe: 00002D30: 09:21:30 [TUniGUISessionManager]:Session manager terminated.
WebApp_BPKAD.exe: 00002D30: 09:21:30 [TUniServerModule]:Server Shutdown Completed.
WebApp_BPKAD.exe: 00002D30: 09:21:30 []:<-------------------------------------------------------------->
WebApp_BPKAD.exe: 00002D30: 09:21:30 [Terminated]:Exit Code: 0
WebApp_BPKAD.exe: 00003D38: 09:22:04 []:>--------------------------------------------------------------<
WebApp_BPKAD.exe: 00003D38: 09:22:04 [TUniServerModule]:Server First Init.
WebApp_BPKAD.exe: 00003D38: 09:22:04 [TUniServerModule]:Starting HTTP Server on Port: 85...
WebApp_BPKAD.exe: 00003D38: 09:22:04 [TUniServerModule]:HTTP Server Started on Port: 85
WebApp_BPKAD.exe: 000029AC: 09:22:09 [127.0.0.1]:EUniSessionException : Invalid session or session Timeout. (Session not found: WBe7CVA6Ht1091995B1 ) : Addr: $007E097A
WebApp_BPKAD.exe: 000029AC: 09:22:09 [127.0.0.1]:EUniSessionException : Invalid session or session Timeout. (Session not found: WBe7CVA6Ht1091995B1 ) : Addr: $007E097A
WebApp_BPKAD.exe: 00003F2C: 09:22:19 [Lookup information for field 'nama_subunit' is incomplete-127.0.0.1]:EDatabaseError : Lookup information for field 'nama_subunit' is incomplete : Addr: $006ACB9B
WebApp_BPKAD.exe: 00003D38: 09:22:30 [TUniServerModule]:Shutting Down Server.
WebApp_BPKAD.exe: 00003D38: 09:22:30 [TUniServerModule]:Stopping HTTP Server.
WebApp_BPKAD.exe: 00003D38: 09:22:31 [TUniServerModule]:HTTP Server Stopped.
WebApp_BPKAD.exe: 00003D38: 09:22:31 [TUniGUISessionManager]:Terminating Session manager.
WebApp_BPKAD.exe: 00003D38: 09:22:31 [TUniGUISessionManager]:Stopping Cache Eraser...
WebApp_BPKAD.exe: 00003D38: 09:22:31 [TUniGUISessionManager]:Cache Eraser Stopped.
WebApp_BPKAD.exe: 00003D38: 09:22:31 []:EInvalidPointer : Invalid pointer operation : Addr: $00409DA9
WebApp_BPKAD.exe: 00003D38: 09:22:31 [TUniGUISessionManager]:Destroying Worker Threads.
WebApp_BPKAD.exe: 00003D38: 09:22:31 [TUniGUISessionManager]:Session manager terminated.
WebApp_BPKAD.exe: 00003D38: 09:22:31 [TUniServerModule]:Server Shutdown Completed.
WebApp_BPKAD.exe: 00003D38: 09:22:31 []:<-------------------------------------------------------------->
WebApp_BPKAD.exe: 00003D38: 09:22:31 [Terminated]:Exit Code: 0
WebApp_BPKAD.exe: 00001ED8: 09:25:18 []:>--------------------------------------------------------------<
WebApp_BPKAD.exe: 00001ED8: 09:25:18 [TUniServerModule]:Server First Init.
WebApp_BPKAD.exe: 00001ED8: 09:25:18 [TUniServerModule]:Starting HTTP Server on Port: 85...
WebApp_BPKAD.exe: 00001ED8: 09:25:19 [TUniServerModule]:HTTP Server Started on Port: 85
WebApp_BPKAD.exe: 00003668: 09:25:22 [127.0.0.1]:EUniSessionException : Invalid session or session Timeout. (Session not found: LoNzFhcCSb1091995FF ) : Addr: $007E097A
WebApp_BPKAD.exe: 00003668: 09:25:22 [127.0.0.1]:EUniSessionException : Invalid session or session Timeout. (Session not found: LoNzFhcCSb1091995FF ) : Addr: $007E097A
WebApp_BPKAD.exe: 00002B30: 09:35:35 []:EInvalidPointer : Invalid pointer operation : Addr: $00409DA9
WebApp_BPKAD.exe: 00000D64: 10:17:40 [127.0.0.1]:EUniSessionException : Invalid session or session Timeout. (Invalid URI: /srs6/serv/urn:publicsanctservices ) : Addr: $007E097A
WebApp_BPKAD.exe: 000019E4: 10:25:46 [127.0.0.1]:EUniSessionException : Invalid session or session Timeout. (Session not found: dfo32pN3Wq1091996DE ) : Addr: $007E097A
WebApp_BPKAD.exe: 000019E4: 10:25:46 [127.0.0.1]:EUniSessionException : Invalid session or session Timeout. (Session not found: dfo32pN3Wq1091996DE ) : Addr: $007E097A
WebApp_BPKAD.exe: 00001C18: 10:26:11 [Lookup information for field 'nama_subunit' is incomplete-127.0.0.1]:EDatabaseError : Lookup information for field 'nama_subunit' is incomplete : Addr: $006ACB9B
WebApp_BPKAD.exe: 00001ED8: 10:26:19 [TUniServerModule]:Shutting Down Server.
WebApp_BPKAD.exe: 00001ED8: 10:26:19 [TUniServerModule]:Stopping HTTP Server.
WebApp_BPKAD.exe: 00001ED8: 10:26:20 [TUniServerModule]:HTTP Server Stopped.
WebApp_BPKAD.exe: 00001ED8: 10:26:20 [TUniGUISessionManager]:Terminating Session manager.
WebApp_BPKAD.exe: 00001ED8: 10:26:20 [TUniGUISessionManager]:Stopping Cache Eraser...
WebApp_BPKAD.exe: 00001ED8: 10:26:20 [TUniGUISessionManager]:Cache Eraser Stopped.
WebApp_BPKAD.exe: 00001ED8: 10:26:20 []:EInvalidPointer : Invalid pointer operation : Addr: $00409DA9
WebApp_BPKAD.exe: 00001ED8: 10:26:20 [TUniGUISessionManager]:Destroying Worker Threads.
WebApp_BPKAD.exe: 00001ED8: 10:26:20 [TUniGUISessionManager]:Session manager terminated.
WebApp_BPKAD.exe: 00001ED8: 10:26:20 [TUniServerModule]:Server Shutdown Completed.
WebApp_BPKAD.exe: 00001ED8: 10:26:20 []:<-------------------------------------------------------------->
WebApp_BPKAD.exe: 00001ED8: 10:26:20 [Terminated]:Exit Code: 0
WebApp_BPKAD.exe: 000012FC: 10:27:14 []:>--------------------------------------------------------------<
WebApp_BPKAD.exe: 000012FC: 10:27:14 [TUniServerModule]:Server First Init.
WebApp_BPKAD.exe: 000012FC: 10:27:14 [TUniServerModule]:Starting HTTP Server on Port: 85...
WebApp_BPKAD.exe: 000012FC: 10:27:15 [TUniServerModule]:HTTP Server Started on Port: 85
WebApp_BPKAD.exe: 00001BE8: 10:27:16 [127.0.0.1]:EUniSessionException : Invalid session or session Timeout. (Session not found: kyRFczCZcy10919A741 ) : Addr: $007E097A
WebApp_BPKAD.exe: 00001BE8: 10:27:16 [127.0.0.1]:EUniSessionException : Invalid session or session Timeout. (Session not found: kyRFczCZcy10919A741 ) : Addr: $007E097A
WebApp_BPKAD.exe: 00003520: 10:27:30 [Lookup information for field 'nama_subunit' is incomplete-127.0.0.1]:EDatabaseError : Lookup information for field 'nama_subunit' is incomplete : Addr: $006ACB9B
WebApp_BPKAD.exe: 000012FC: 10:27:40 [TUniServerModule]:Shutting Down Server.
WebApp_BPKAD.exe: 000012FC: 10:27:40 [TUniServerModule]:Stopping HTTP Server.
WebApp_BPKAD.exe: 000012FC: 10:27:41 [TUniServerModule]:HTTP Server Stopped.
WebApp_BPKAD.exe: 000012FC: 10:27:41 [TUniGUISessionManager]:Terminating Session manager.
WebApp_BPKAD.exe: 000012FC: 10:27:41 [TUniGUISessionManager]:Stopping Cache Eraser...
WebApp_BPKAD.exe: 000012FC: 10:27:41 [TUniGUISessionManager]:Cache Eraser Stopped.
WebApp_BPKAD.exe: 000012FC: 10:27:41 []:EInvalidPointer : Invalid pointer operation : Addr: $00409DA9
WebApp_BPKAD.exe: 000012FC: 10:27:41 [TUniGUISessionManager]:Destroying Worker Threads.
WebApp_BPKAD.exe: 000012FC: 10:27:41 [TUniGUISessionManager]:Session manager terminated.
WebApp_BPKAD.exe: 000012FC: 10:27:41 [TUniServerModule]:Server Shutdown Completed.
WebApp_BPKAD.exe: 000012FC: 10:27:41 []:<-------------------------------------------------------------->
WebApp_BPKAD.exe: 000012FC: 10:27:41 [Terminated]:Exit Code: 0
WebApp_BPKAD.exe: 00003C8C: 10:28:46 []:>--------------------------------------------------------------<
WebApp_BPKAD.exe: 00003C8C: 10:28:46 [TUniServerModule]:Server First Init.
WebApp_BPKAD.exe: 00003C8C: 10:28:46 [TUniServerModule]:Starting HTTP Server on Port: 85...
WebApp_BPKAD.exe: 00003C8C: 10:28:46 [TUniServerModule]:HTTP Server Started on Port: 85
WebApp_BPKAD.exe: 00002494: 10:28:50 [127.0.0.1]:EUniSessionException : Invalid session or session Timeout. (Session not found: Zjisyi8WFi10919A7A8 ) : Addr: $007E097A
WebApp_BPKAD.exe: 00002494: 10:28:50 [127.0.0.1]:EUniSessionException : Invalid session or session Timeout. (Session not found: Zjisyi8WFi10919A7A8 ) : Addr: $007E097A
WebApp_BPKAD.exe: 000035F0: 10:28:59 [Lookup information for field 'nama_subunit' is incomplete-127.0.0.1]:EDatabaseError : Lookup information for field 'nama_subunit' is incomplete : Addr: $006ACB9B
WebApp_BPKAD.exe: 00003C8C: 10:29:08 [TUniServerModule]:Shutting Down Server.
WebApp_BPKAD.exe: 00003C8C: 10:29:08 [TUniServerModule]:Stopping HTTP Server.
WebApp_BPKAD.exe: 00003C8C: 10:29:09 [TUniServerModule]:HTTP Server Stopped.
WebApp_BPKAD.exe: 00003C8C: 10:29:09 [TUniGUISessionManager]:Terminating Session manager.
WebApp_BPKAD.exe: 00003C8C: 10:29:09 [TUniGUISessionManager]:Stopping Cache Eraser...
WebApp_BPKAD.exe: 00003C8C: 10:29:09 [TUniGUISessionManager]:Cache Eraser Stopped.
WebApp_BPKAD.exe: 00003C8C: 10:29:09 []:EInvalidPointer : Invalid pointer operation : Addr: $00409DA9
WebApp_BPKAD.exe: 00003C8C: 10:29:09 [TUniGUISessionManager]:Destroying Worker Threads.
WebApp_BPKAD.exe: 00003C8C: 10:29:09 [TUniGUISessionManager]:Session manager terminated.
WebApp_BPKAD.exe: 00003C8C: 10:29:09 [TUniServerModule]:Server Shutdown Completed.
WebApp_BPKAD.exe: 00003C8C: 10:29:09 []:<-------------------------------------------------------------->
WebApp_BPKAD.exe: 00003C8C: 10:29:09 [Terminated]:Exit Code: 0
WebApp_BPKAD.exe: 00003ECC: 10:34:47 []:>--------------------------------------------------------------<
WebApp_BPKAD.exe: 00003ECC: 10:34:47 [TUniServerModule]:Server First Init.
WebApp_BPKAD.exe: 00003ECC: 10:34:47 [TUniServerModule]:Starting HTTP Server on Port: 85...
WebApp_BPKAD.exe: 00003ECC: 10:34:48 [TUniServerModule]:HTTP Server Started on Port: 85
WebApp_BPKAD.exe: 00001C94: 10:34:51 [127.0.0.1]:EUniSessionException : Invalid session or session Timeout. (Session not found: hZmP7IXhv610919A815 ) : Addr: $007E097A
WebApp_BPKAD.exe: 00001C94: 10:34:51 [127.0.0.1]:EUniSessionException : Invalid session or session Timeout. (Session not found: hZmP7IXhv610919A815 ) : Addr: $007E097A
WebApp_BPKAD.exe: 00001C94: 10:35:14 [127.0.0.1]:EDatabaseError : Field 'tanggal' must have a value : Addr: $006ACB9B
WebApp_BPKAD.exe: 00003ECC: 10:35:26 [TUniServerModule]:Shutting Down Server.
WebApp_BPKAD.exe: 00003ECC: 10:35:26 [TUniServerModule]:Stopping HTTP Server.
WebApp_BPKAD.exe: 00003ECC: 10:35:27 [TUniServerModule]:HTTP Server Stopped.
WebApp_BPKAD.exe: 00003ECC: 10:35:27 [TUniGUISessionManager]:Terminating Session manager.
WebApp_BPKAD.exe: 00003ECC: 10:35:27 [TUniGUISessionManager]:Stopping Cache Eraser...
WebApp_BPKAD.exe: 00003ECC: 10:35:27 [TUniGUISessionManager]:Cache Eraser Stopped.
WebApp_BPKAD.exe: 00003ECC: 10:35:27 []:EInvalidPointer : Invalid pointer operation : Addr: $00409DA9
WebApp_BPKAD.exe: 00003ECC: 10:35:27 [TUniGUISessionManager]:Destroying Worker Threads.
WebApp_BPKAD.exe: 00003ECC: 10:35:27 [TUniGUISessionManager]:Session manager terminated.
WebApp_BPKAD.exe: 00003ECC: 10:35:27 [TUniServerModule]:Server Shutdown Completed.
WebApp_BPKAD.exe: 00003ECC: 10:35:27 []:<-------------------------------------------------------------->
WebApp_BPKAD.exe: 00003ECC: 10:35:27 [Terminated]:Exit Code: 0
WebApp_BPKAD.exe: 00002234: 10:39:41 []:>--------------------------------------------------------------<
WebApp_BPKAD.exe: 00002234: 10:39:41 [TUniServerModule]:Server First Init.
WebApp_BPKAD.exe: 00002234: 10:39:41 [TUniServerModule]:Starting HTTP Server on Port: 85...
WebApp_BPKAD.exe: 00002234: 10:39:41 [TUniServerModule]:HTTP Server Started on Port: 85
WebApp_BPKAD.exe: 00003CB4: 10:39:41 [127.0.0.1]:EUniSessionException : Invalid session or session Timeout. (Session not found: 1RY5wWzzAv10919A9B7 ) : Addr: $007E097A
WebApp_BPKAD.exe: 00003CB4: 10:39:41 [127.0.0.1]:EUniSessionException : Invalid session or session Timeout. (Session not found: 1RY5wWzzAv10919A9B7 ) : Addr: $007E097A
WebApp_BPKAD.exe: 00003CB4: 10:39:41 [127.0.0.1]:EUniSessionException : Invalid session or session Timeout. (Session not found: 1RY5wWzzAv10919A9B7 ) : Addr: $007E097A
WebApp_BPKAD.exe: 00002234: 10:42:28 [TUniServerModule]:Shutting Down Server.
WebApp_BPKAD.exe: 00002234: 10:42:28 [TUniServerModule]:Stopping HTTP Server.
WebApp_BPKAD.exe: 00002234: 10:42:30 [TUniServerModule]:HTTP Server Stopped.
WebApp_BPKAD.exe: 00002234: 10:42:30 [TUniGUISessionManager]:Terminating Session manager.
WebApp_BPKAD.exe: 00002234: 10:42:30 [TUniGUISessionManager]:Stopping Cache Eraser...
WebApp_BPKAD.exe: 00002234: 10:42:30 [TUniGUISessionManager]:Cache Eraser Stopped.
WebApp_BPKAD.exe: 00002234: 10:42:30 []:EInvalidPointer : Invalid pointer operation : Addr: $00409DA9
WebApp_BPKAD.exe: 00002234: 10:42:30 [TUniGUISessionManager]:Destroying Worker Threads.
WebApp_BPKAD.exe: 00002234: 10:42:30 [TUniGUISessionManager]:Session manager terminated.
WebApp_BPKAD.exe: 00002234: 10:42:30 [TUniServerModule]:Server Shutdown Completed.
WebApp_BPKAD.exe: 00002234: 10:42:30 []:<-------------------------------------------------------------->
WebApp_BPKAD.exe: 00002234: 10:42:30 [Terminated]:Exit Code: 0
WebApp_BPKAD.exe: 00003624: 10:42:31 []:>--------------------------------------------------------------<
WebApp_BPKAD.exe: 00003624: 10:42:31 [TUniServerModule]:Server First Init.
WebApp_BPKAD.exe: 00003624: 10:42:31 [TUniServerModule]:Starting HTTP Server on Port: 85...
WebApp_BPKAD.exe: 00003624: 10:42:32 [TUniServerModule]:HTTP Server Started on Port: 85
WebApp_BPKAD.exe: 00000488: 10:42:34 [127.0.0.1]:EUniSessionException : Invalid session or session Timeout. (Session not found: B8sDg55lMW10919AB07 ) : Addr: $007E097A
WebApp_BPKAD.exe: 00000488: 10:42:34 [127.0.0.1]:EUniSessionException : Invalid session or session Timeout. (Session not found: B8sDg55lMW10919AB07 ) : Addr: $007E097A
WebApp_BPKAD.exe: 00003624: 10:43:05 [TUniServerModule]:Shutting Down Server.
WebApp_BPKAD.exe: 00003624: 10:43:05 [TUniServerModule]:Stopping HTTP Server.
WebApp_BPKAD.exe: 00003624: 10:43:06 [TUniServerModule]:HTTP Server Stopped.
WebApp_BPKAD.exe: 00003624: 10:43:06 [TUniGUISessionManager]:Terminating Session manager.
WebApp_BPKAD.exe: 00003624: 10:43:06 [TUniGUISessionManager]:Stopping Cache Eraser...
WebApp_BPKAD.exe: 00003624: 10:43:06 [TUniGUISessionManager]:Cache Eraser Stopped.
WebApp_BPKAD.exe: 00003624: 10:43:06 []:EInvalidPointer : Invalid pointer operation : Addr: $00409DA9
WebApp_BPKAD.exe: 00003624: 10:43:06 [TUniGUISessionManager]:Destroying Worker Threads.
WebApp_BPKAD.exe: 00003624: 10:43:06 [TUniGUISessionManager]:Session manager terminated.
WebApp_BPKAD.exe: 00003624: 10:43:06 [TUniServerModule]:Server Shutdown Completed.
WebApp_BPKAD.exe: 00003624: 10:43:06 []:<-------------------------------------------------------------->
WebApp_BPKAD.exe: 00003624: 10:43:06 [Terminated]:Exit Code: 0
WebApp_BPKAD.exe: 0000353C: 10:45:10 []:>--------------------------------------------------------------<
WebApp_BPKAD.exe: 0000353C: 10:45:10 [TUniServerModule]:Server First Init.
WebApp_BPKAD.exe: 0000353C: 10:45:11 [TUniServerModule]:Starting HTTP Server on Port: 85...
WebApp_BPKAD.exe: 0000353C: 10:45:11 [TUniServerModule]:HTTP Server Started on Port: 85
WebApp_BPKAD.exe: 00001A1C: 10:45:14 [127.0.0.1]:EUniSessionException : Invalid session or session Timeout. (Session not found: vPrrfSFqik10919ABCF ) : Addr: $007E097A
WebApp_BPKAD.exe: 00001A1C: 10:45:14 [127.0.0.1]:EUniSessionException : Invalid session or session Timeout. (Session not found: vPrrfSFqik10919ABCF ) : Addr: $007E097A
WebApp_BPKAD.exe: 0000353C: 10:45:32 [TUniServerModule]:Shutting Down Server.
WebApp_BPKAD.exe: 0000353C: 10:45:32 [TUniServerModule]:Stopping HTTP Server.
WebApp_BPKAD.exe: 0000353C: 10:45:34 [TUniServerModule]:HTTP Server Stopped.
WebApp_BPKAD.exe: 0000353C: 10:45:34 [TUniGUISessionManager]:Terminating Session manager.
WebApp_BPKAD.exe: 0000353C: 10:45:34 [TUniGUISessionManager]:Stopping Cache Eraser...
WebApp_BPKAD.exe: 0000353C: 10:45:34 [TUniGUISessionManager]:Cache Eraser Stopped.
WebApp_BPKAD.exe: 0000353C: 10:45:34 []:EInvalidPointer : Invalid pointer operation : Addr: $00409DA9
WebApp_BPKAD.exe: 0000353C: 10:45:34 [TUniGUISessionManager]:Destroying Worker Threads.
WebApp_BPKAD.exe: 0000353C: 10:45:34 [TUniGUISessionManager]:Session manager terminated.
WebApp_BPKAD.exe: 0000353C: 10:45:34 [TUniServerModule]:Server Shutdown Completed.
WebApp_BPKAD.exe: 0000353C: 10:45:34 []:<-------------------------------------------------------------->
WebApp_BPKAD.exe: 0000353C: 10:45:34 [Terminated]:Exit Code: 0
WebApp_BPKAD.exe: 00003F20: 10:47:37 []:>--------------------------------------------------------------<
WebApp_BPKAD.exe: 00003F20: 10:47:37 [TUniServerModule]:Server First Init.
WebApp_BPKAD.exe: 00003F20: 10:47:37 [TUniServerModule]:Starting HTTP Server on Port: 85...
WebApp_BPKAD.exe: 00003F20: 10:47:37 [TUniServerModule]:HTTP Server Started on Port: 85
WebApp_BPKAD.exe: 000018B8: 10:47:38 [127.0.0.1]:EUniSessionException : Invalid session or session Timeout. (Session not found: 1FVXj4wexT10919AC88 ) : Addr: $007E097A
WebApp_BPKAD.exe: 000018B8: 10:47:39 [127.0.0.1]:EUniSessionException : Invalid session or session Timeout. (Session not found: 1FVXj4wexT10919AC88 ) : Addr: $007E097A
WebApp_BPKAD.exe: 000018B8: 10:48:39 [127.0.0.1]:EDatabaseError : Field 'tanggal' must have a value : Addr: $006ACB9B
WebApp_BPKAD.exe: 000018B8: 10:48:46 [127.0.0.1]:EDatabaseError : Field 'tanggal' must have a value : Addr: $006ACB9B
WebApp_BPKAD.exe: 000018B8: 10:49:17 [127.0.0.1]:EDatabaseError : Field 'tanggal' must have a value : Addr: $006ACB9B
WebApp_BPKAD.exe: 00003F20: 10:52:04 [TUniServerModule]:Shutting Down Server.
WebApp_BPKAD.exe: 00003F20: 10:52:04 [TUniServerModule]:Stopping HTTP Server.
WebApp_BPKAD.exe: 00003F20: 10:52:05 [TUniServerModule]:HTTP Server Stopped.
WebApp_BPKAD.exe: 00003F20: 10:52:05 [TUniGUISessionManager]:Terminating Session manager.
WebApp_BPKAD.exe: 00003F20: 10:52:05 [TUniGUISessionManager]:Stopping Cache Eraser...
WebApp_BPKAD.exe: 00003F20: 10:52:05 [TUniGUISessionManager]:Cache Eraser Stopped.
WebApp_BPKAD.exe: 00003F20: 10:52:05 []:EInvalidPointer : Invalid pointer operation : Addr: $00409DA9
WebApp_BPKAD.exe: 00003F20: 10:52:05 [TUniGUISessionManager]:Destroying Worker Threads.
WebApp_BPKAD.exe: 00003F20: 10:52:05 [TUniGUISessionManager]:Session manager terminated.
WebApp_BPKAD.exe: 00003F20: 10:52:05 [TUniServerModule]:Server Shutdown Completed.
WebApp_BPKAD.exe: 00003F20: 10:52:05 []:<-------------------------------------------------------------->
WebApp_BPKAD.exe: 00003F20: 10:52:05 [Terminated]:Exit Code: 0
WebApp_BPKAD.exe: 0000095C: 11:06:12 []:>--------------------------------------------------------------<
WebApp_BPKAD.exe: 0000095C: 11:06:12 [TUniServerModule]:Server First Init.
WebApp_BPKAD.exe: 0000095C: 11:06:12 [TUniServerModule]:Starting HTTP Server on Port: 85...
WebApp_BPKAD.exe: 0000095C: 11:06:13 [TUniServerModule]:HTTP Server Started on Port: 85
WebApp_BPKAD.exe: 000019BC: 11:06:15 [127.0.0.1]:EUniSessionException : Invalid session or session Timeout. (Session not found: DjNMKEf4Kf10919AD30 ) : Addr: $007E097A
WebApp_BPKAD.exe: 000019BC: 11:06:16 [127.0.0.1]:EUniSessionException : Invalid session or session Timeout. (Session not found: DjNMKEf4Kf10919AD30 ) : Addr: $007E097A
WebApp_BPKAD.exe: 0000095C: 11:07:34 [TUniServerModule]:Shutting Down Server.
WebApp_BPKAD.exe: 0000095C: 11:07:34 [TUniServerModule]:Stopping HTTP Server.
WebApp_BPKAD.exe: 0000095C: 11:07:35 [TUniServerModule]:HTTP Server Stopped.
WebApp_BPKAD.exe: 0000095C: 11:07:35 [TUniGUISessionManager]:Terminating Session manager.
WebApp_BPKAD.exe: 0000095C: 11:07:35 [TUniGUISessionManager]:Stopping Cache Eraser...
WebApp_BPKAD.exe: 0000095C: 11:07:35 [TUniGUISessionManager]:Cache Eraser Stopped.
WebApp_BPKAD.exe: 0000095C: 11:07:35 []:EInvalidPointer : Invalid pointer operation : Addr: $00409DA9
WebApp_BPKAD.exe: 0000095C: 11:07:35 [TUniGUISessionManager]:Destroying Worker Threads.
WebApp_BPKAD.exe: 0000095C: 11:07:35 [TUniGUISessionManager]:Session manager terminated.
WebApp_BPKAD.exe: 0000095C: 11:07:35 [TUniServerModule]:Server Shutdown Completed.
WebApp_BPKAD.exe: 0000095C: 11:07:35 []:<-------------------------------------------------------------->
WebApp_BPKAD.exe: 0000095C: 11:07:35 [Terminated]:Exit Code: 0
WebApp_BPKAD.exe: 00002028: 11:12:12 []:>--------------------------------------------------------------<
WebApp_BPKAD.exe: 00002028: 11:12:12 [TUniServerModule]:Server First Init.
WebApp_BPKAD.exe: 00002028: 11:12:12 [TUniServerModule]:Starting HTTP Server on Port: 85...
WebApp_BPKAD.exe: 00002028: 11:12:13 [TUniServerModule]:HTTP Server Started on Port: 85
WebApp_BPKAD.exe: 00002908: 11:12:17 [127.0.0.1]:EUniSessionException : Invalid session or session Timeout. (Session not found: gjQ15coFLS10919B23C ) : Addr: $007E097A
WebApp_BPKAD.exe: 00002908: 11:12:17 [127.0.0.1]:EUniSessionException : Invalid session or session Timeout. (Session not found: gjQ15coFLS10919B23C ) : Addr: $007E097A
WebApp_BPKAD.exe: 00002908: 11:12:27 [qUnitkerja: Field 'nama_subunit' not found-127.0.0.1]:EDatabaseError : qUnitkerja: Field 'nama_subunit' not found : Addr: $006ACB86
WebApp_BPKAD.exe: 00002028: 11:13:01 [TUniServerModule]:Shutting Down Server.
WebApp_BPKAD.exe: 00002028: 11:13:01 [TUniServerModule]:Stopping HTTP Server.
WebApp_BPKAD.exe: 00002028: 11:13:02 [TUniServerModule]:HTTP Server Stopped.
WebApp_BPKAD.exe: 00002028: 11:13:02 [TUniGUISessionManager]:Terminating Session manager.
WebApp_BPKAD.exe: 00002028: 11:13:02 [TUniGUISessionManager]:Stopping Cache Eraser...
WebApp_BPKAD.exe: 00002028: 11:13:02 [TUniGUISessionManager]:Cache Eraser Stopped.
WebApp_BPKAD.exe: 00002028: 11:13:02 []:EInvalidPointer : Invalid pointer operation : Addr: $00409DA9
WebApp_BPKAD.exe: 00002028: 11:13:02 [TUniGUISessionManager]:Destroying Worker Threads.
WebApp_BPKAD.exe: 00002028: 11:13:02 [TUniGUISessionManager]:Session manager terminated.
WebApp_BPKAD.exe: 00002028: 11:13:02 [TUniServerModule]:Server Shutdown Completed.
WebApp_BPKAD.exe: 00002028: 11:13:02 []:<-------------------------------------------------------------->
WebApp_BPKAD.exe: 00002028: 11:13:02 [Terminated]:Exit Code: 0
WebApp_BPKAD.exe: 00003C88: 15:25:22 []:>--------------------------------------------------------------<
WebApp_BPKAD.exe: 00003C88: 15:25:22 [TUniServerModule]:Server First Init.
WebApp_BPKAD.exe: 00003C88: 15:25:22 [TUniServerModule]:Starting HTTP Server on Port: 85...
WebApp_BPKAD.exe: 00003C88: 15:25:22 [TUniServerModule]:HTTP Server Started on Port: 85
WebApp_BPKAD.exe: 00002AF4: 15:29:00 [qUnitkerja: Field 'nama_subunit' not found-127.0.0.1]:EDatabaseError : qUnitkerja: Field 'nama_subunit' not found : Addr: $006ACB86
WebApp_BPKAD.exe: 0000096C: 15:29:22 []:EInvalidPointer : Invalid pointer operation : Addr: $00409DA9
WebApp_BPKAD.exe: 00003C88: 15:30:18 [TUniServerModule]:Shutting Down Server.
WebApp_BPKAD.exe: 00003C88: 15:30:18 [TUniServerModule]:Stopping HTTP Server.
WebApp_BPKAD.exe: 00003C88: 15:30:19 [TUniServerModule]:HTTP Server Stopped.
WebApp_BPKAD.exe: 00003C88: 15:30:19 [TUniGUISessionManager]:Terminating Session manager.
WebApp_BPKAD.exe: 00003C88: 15:30:19 [TUniGUISessionManager]:Stopping Cache Eraser...
WebApp_BPKAD.exe: 00003C88: 15:30:19 [TUniGUISessionManager]:Cache Eraser Stopped.
WebApp_BPKAD.exe: 00003C88: 15:30:19 []:EInvalidPointer : Invalid pointer operation : Addr: $00409DA9
WebApp_BPKAD.exe: 00003C88: 15:30:19 [TUniGUISessionManager]:Destroying Worker Threads.
WebApp_BPKAD.exe: 00003C88: 15:30:19 [TUniGUISessionManager]:Session manager terminated.
WebApp_BPKAD.exe: 00003C88: 15:30:19 [TUniServerModule]:Server Shutdown Completed.
WebApp_BPKAD.exe: 00003C88: 15:30:19 []:<-------------------------------------------------------------->
WebApp_BPKAD.exe: 00003C88: 15:30:19 [Terminated]:Exit Code: 0
WebApp_BPKAD.exe: 00003BB4: 16:06:26 []:>--------------------------------------------------------------<
WebApp_BPKAD.exe: 00003BB4: 16:06:26 [TUniServerModule]:Server First Init.
WebApp_BPKAD.exe: 00003BB4: 16:06:26 [TUniServerModule]:Starting HTTP Server on Port: 85...
WebApp_BPKAD.exe: 00003BB4: 16:06:27 [TUniServerModule]:HTTP Server Started on Port: 85
WebApp_BPKAD.exe: 000007E8: 16:06:30 [127.0.0.1]:EUniSessionException : Invalid session or session Timeout. (Session not found: Teh9SG1Ynh10919F974 ) : Addr: $007E097A
WebApp_BPKAD.exe: 000007E8: 16:06:30 [127.0.0.1]:EUniSessionException : Invalid session or session Timeout. (Session not found: Teh9SG1Ynh10919F974 ) : Addr: $007E097A
WebApp_BPKAD.exe: 000007E8: 16:06:39 [qUnitkerja: Field 'nama_subunit' not found-127.0.0.1]:EDatabaseError : qUnitkerja: Field 'nama_subunit' not found : Addr: $006ACB86
WebApp_BPKAD.exe: 000007E8: 16:07:35 [qUnitkerja: Field 'nama_subunit' not found-127.0.0.1]:EDatabaseError : qUnitkerja: Field 'nama_subunit' not found : Addr: $006ACB86
WebApp_BPKAD.exe: 000007E8: 16:08:05 [qUnitkerja: Field 'nama_subunit' not found-127.0.0.1]:EDatabaseError : qUnitkerja: Field 'nama_subunit' not found : Addr: $006ACB86
WebApp_BPKAD.exe: 00003BB4: 16:08:39 [TUniServerModule]:Shutting Down Server.
WebApp_BPKAD.exe: 00003BB4: 16:08:39 [TUniServerModule]:Stopping HTTP Server.
WebApp_BPKAD.exe: 00003BB4: 16:08:41 [TUniServerModule]:HTTP Server Stopped.
WebApp_BPKAD.exe: 00003BB4: 16:08:41 [TUniGUISessionManager]:Terminating Session manager.
WebApp_BPKAD.exe: 00003BB4: 16:08:41 [TUniGUISessionManager]:Stopping Cache Eraser...
WebApp_BPKAD.exe: 00003BB4: 16:08:41 [TUniGUISessionManager]:Cache Eraser Stopped.
WebApp_BPKAD.exe: 00003BB4: 16:08:41 []:EInvalidPointer : Invalid pointer operation : Addr: $00409DA9
WebApp_BPKAD.exe: 00003BB4: 16:08:41 [TUniGUISessionManager]:Destroying Worker Threads.
WebApp_BPKAD.exe: 00003BB4: 16:08:41 [TUniGUISessionManager]:Session manager terminated.
WebApp_BPKAD.exe: 00003BB4: 16:08:41 [TUniServerModule]:Server Shutdown Completed.
WebApp_BPKAD.exe: 00003BB4: 16:08:41 []:<-------------------------------------------------------------->
WebApp_BPKAD.exe: 00003BB4: 16:08:41 [Terminated]:Exit Code: 0
WebApp_BPKAD.exe: 00004358: 16:08:43 []:>--------------------------------------------------------------<
WebApp_BPKAD.exe: 00004358: 16:08:43 [TUniServerModule]:Server First Init.
WebApp_BPKAD.exe: 00004358: 16:08:43 [TUniServerModule]:Starting HTTP Server on Port: 85...
WebApp_BPKAD.exe: 00004358: 16:08:44 [TUniServerModule]:HTTP Server Started on Port: 85
WebApp_BPKAD.exe: 00001874: 16:08:45 [127.0.0.1]:EUniSessionException : Invalid session or session Timeout. (Session not found: XHNknV3M7x1091A03AF ) : Addr: $007E097A
WebApp_BPKAD.exe: 00001874: 16:08:45 [127.0.0.1]:EUniSessionException : Invalid session or session Timeout. (Session not found: XHNknV3M7x1091A03AF ) : Addr: $007E097A
WebApp_BPKAD.exe: 00003E80: 16:15:36 [127.0.0.1]:EUniSessionException : Invalid session or session Timeout. (Invalid URI: /srs6/serv/urn:verificationservices ) : Addr: $007E097A
WebApp_BPKAD.exe: 00002AAC: 16:19:34 []:EInvalidPointer : Invalid pointer operation : Addr: $00409DA9
WebApp_BPKAD.exe: 00004308: 16:24:08 [127.0.0.1]:EUniSessionException : Invalid session or session Timeout. (Session not found: eWoX3YVjZ81091A044B ) : Addr: $007E097A
WebApp_BPKAD.exe: 00004308: 16:24:08 [127.0.0.1]:EUniSessionException : Invalid session or session Timeout. (Session not found: eWoX3YVjZ81091A044B ) : Addr: $007E097A
WebApp_BPKAD.exe: 00004358: 16:24:14 [TUniServerModule]:Shutting Down Server.
WebApp_BPKAD.exe: 00004358: 16:24:14 [TUniServerModule]:Stopping HTTP Server.
WebApp_BPKAD.exe: 00004358: 16:24:15 [TUniServerModule]:HTTP Server Stopped.
WebApp_BPKAD.exe: 00004358: 16:24:15 [TUniGUISessionManager]:Terminating Session manager.
WebApp_BPKAD.exe: 00004358: 16:24:15 [TUniGUISessionManager]:Stopping Cache Eraser...
WebApp_BPKAD.exe: 00004358: 16:24:15 [TUniGUISessionManager]:Cache Eraser Stopped.
WebApp_BPKAD.exe: 00004358: 16:24:15 []:EInvalidPointer : Invalid pointer operation : Addr: $00409DA9
WebApp_BPKAD.exe: 00004358: 16:24:15 [TUniGUISessionManager]:Destroying Worker Threads.
WebApp_BPKAD.exe: 00004358: 16:24:15 [TUniGUISessionManager]:Session manager terminated.
WebApp_BPKAD.exe: 00004358: 16:24:16 [TUniServerModule]:Server Shutdown Completed.
WebApp_BPKAD.exe: 00004358: 16:24:16 []:<-------------------------------------------------------------->
WebApp_BPKAD.exe: 00004358: 16:24:16 [Terminated]:Exit Code: 0
