WebApp_BPKAD.exe: 00001674: 11:30:23 []:>--------------------------------------------------------------<
WebApp_BPKAD.exe: 00001674: 11:30:23 [TUniServerModule]:Server First Init.
WebApp_BPKAD.exe: 00001674: 11:30:23 [TUniServerModule]:Global Cache Folder Erased. <25> Files deleted.
WebApp_BPKAD.exe: 00001674: 11:30:24 [TUniServerModule]:Starting HTTP Server on Port: 85...
WebApp_BPKAD.exe: 00001674: 11:30:24 [TUniServerModule]:HTTP Server Started on Port: 85
WebApp_BPKAD.exe: 00003208: 11:30:37 [HandleFileRequest[127.0.0.1]]:File not found: D:\OneDrive\PROJECTS\BPKAD HST\WebApp_BPKAD\favicon.ico
WebApp_BPKAD.exe: 0000186C: 11:31:09 []:EInvalidPointer : Invalid pointer operation : Addr: $00409C29
WebApp_BPKAD.exe: 00001674: 11:41:46 [TUniServerModule]:Shutting Down Server.
WebApp_BPKAD.exe: 00001674: 11:41:46 [TUniServerModule]:Stopping HTTP Server.
WebApp_BPKAD.exe: 00001674: 11:41:47 [TUniServerModule]:HTTP Server Stopped.
WebApp_BPKAD.exe: 00001674: 11:41:47 [TUniGUISessionManager]:Terminating Session manager.
WebApp_BPKAD.exe: 00001674: 11:41:47 [TUniGUISessionManager]:Stopping Cache Eraser...
WebApp_BPKAD.exe: 00001674: 11:41:47 [TUniGUISessionManager]:Cache Eraser Stopped.
WebApp_BPKAD.exe: 00001674: 11:41:47 []:EInvalidPointer : Invalid pointer operation : Addr: $00409C29
WebApp_BPKAD.exe: 00001674: 11:41:47 [TUniGUISessionManager]:Destroying Worker Threads.
WebApp_BPKAD.exe: 00001674: 11:41:47 [TUniGUISessionManager]:Session manager terminated.
WebApp_BPKAD.exe: 00001674: 11:41:47 [TUniServerModule]:Server Shutdown Completed.
WebApp_BPKAD.exe: 00001674: 11:41:47 []:<-------------------------------------------------------------->
WebApp_BPKAD.exe: 00001674: 11:41:47 [Terminated]:Exit Code: 0
WebApp_BPKAD.exe: 00003178: 12:29:38 []:>--------------------------------------------------------------<
WebApp_BPKAD.exe: 00003178: 12:29:38 [TUniServerModule]:Server First Init.
WebApp_BPKAD.exe: 00003178: 12:29:38 [TUniServerModule]:Starting HTTP Server on Port: 85...
WebApp_BPKAD.exe: 00003178: 12:29:39 [TUniServerModule]:HTTP Server Started on Port: 85
WebApp_BPKAD.exe: 000035F8: 12:29:44 [127.0.0.1]:EUniSessionException : Invalid session or session Timeout. (Session not found: flCmITb5sj1092A81B8 ) : Addr: $00798EC2
WebApp_BPKAD.exe: 000037E8: 12:31:13 [127.0.0.1]:EAccessViolation : Access violation at address 0086AD80 in module 'WebApp_BPKAD.exe'. Read of address 00000000 : Addr: $0086AD80
WebApp_BPKAD.exe: 000037E8: 12:31:13 [127.0.0.1]:Exception raised while destroying session: Access violation at address 0086AD80 in module 'WebApp_BPKAD.exe'. Read of address 00000000
WebApp_BPKAD.exe: 000037E8: 12:31:13 [127.0.0.1]:EAccessViolation : Access violation at address 0086AD80 in module 'WebApp_BPKAD.exe'. Read of address 00000000 : Addr: $0086AD80
WebApp_BPKAD.exe: 000037E8: 12:33:44 []:EInvalidPointer : Invalid pointer operation : Addr: $00409C29
WebApp_BPKAD.exe: 00003178: 14:41:19 [TUniServerModule]:Shutting Down Server.
WebApp_BPKAD.exe: 00003178: 14:41:19 [TUniServerModule]:Stopping HTTP Server.
WebApp_BPKAD.exe: 00003178: 14:41:20 [TUniServerModule]:HTTP Server Stopped.
WebApp_BPKAD.exe: 00003178: 14:41:20 [TUniGUISessionManager]:Terminating Session manager.
WebApp_BPKAD.exe: 00003178: 14:41:20 [TUniGUISessionManager]:Stopping Cache Eraser...
WebApp_BPKAD.exe: 00003178: 14:41:20 [TUniGUISessionManager]:Cache Eraser Stopped.
WebApp_BPKAD.exe: 00003178: 14:41:20 [TUniGUISessionManager]:Destroying Worker Threads.
WebApp_BPKAD.exe: 00003178: 14:41:20 [TUniGUISessionManager]:Session manager terminated.
WebApp_BPKAD.exe: 00003178: 14:41:20 [TUniServerModule]:Server Shutdown Completed.
WebApp_BPKAD.exe: 00003178: 14:41:20 []:<-------------------------------------------------------------->
WebApp_BPKAD.exe: 00003178: 14:41:20 [Terminated]:Exit Code: 0
WebApp_BPKAD.exe: 000028E0: 14:46:05 []:>--------------------------------------------------------------<
WebApp_BPKAD.exe: 000028E0: 14:46:05 [TUniServerModule]:Server First Init.
WebApp_BPKAD.exe: 000028E0: 14:46:05 [TUniServerModule]:Starting HTTP Server on Port: 85...
WebApp_BPKAD.exe: 000028E0: 14:46:05 [TUniServerModule]:HTTP Server Started on Port: 85
WebApp_BPKAD.exe: 0000032C: 14:46:30 []:EAccessViolation : Access violation at address 00409A48 in module 'WebApp_BPKAD.exe'. Read of address FFFFFFFD : Addr: $00409A48
WebApp_BPKAD.exe: 000028E0: 14:47:01 [TUniServerModule]:Shutting Down Server.
WebApp_BPKAD.exe: 000028E0: 14:47:01 [TUniServerModule]:Stopping HTTP Server.
WebApp_BPKAD.exe: 000028E0: 14:47:02 [TUniServerModule]:HTTP Server Stopped.
WebApp_BPKAD.exe: 000028E0: 14:47:02 [TUniGUISessionManager]:Terminating Session manager.
WebApp_BPKAD.exe: 000028E0: 14:47:02 [TUniGUISessionManager]:Stopping Cache Eraser...
WebApp_BPKAD.exe: 000028E0: 14:47:02 [TUniGUISessionManager]:Cache Eraser Stopped.
WebApp_BPKAD.exe: 000028E0: 14:47:02 []:EAccessViolation : Access violation at address 00409A48 in module 'WebApp_BPKAD.exe'. Read of address 00000002 : Addr: $00409A48
WebApp_BPKAD.exe: 000028E0: 14:47:02 [TUniGUISessionManager]:Destroying Worker Threads.
WebApp_BPKAD.exe: 000028E0: 14:47:02 [TUniGUISessionManager]:Session manager terminated.
WebApp_BPKAD.exe: 000028E0: 14:47:02 [TUniServerModule]:Server Shutdown Completed.
WebApp_BPKAD.exe: 000028E0: 14:47:02 []:<-------------------------------------------------------------->
WebApp_BPKAD.exe: 000028E0: 14:47:02 [Terminated]:Exit Code: 0
WebApp_BPKAD.exe: 00002E08: 14:48:38 []:>--------------------------------------------------------------<
WebApp_BPKAD.exe: 00002E08: 14:48:38 [TUniServerModule]:Server First Init.
WebApp_BPKAD.exe: 00002E08: 14:48:38 [TUniServerModule]:Starting HTTP Server on Port: 85...
WebApp_BPKAD.exe: 00002E08: 14:48:38 [TUniServerModule]:HTTP Server Started on Port: 85
WebApp_BPKAD.exe: 000030F4: 14:48:41 [127.0.0.1]:EUniSessionException : Invalid session or session Timeout. (Session not found: m74dqgwXuy1092AB6D8 ) : Addr: $00794C9A
WebApp_BPKAD.exe: 00002E08: 14:49:30 [TUniServerModule]:Shutting Down Server.
WebApp_BPKAD.exe: 00002E08: 14:49:30 [TUniServerModule]:Stopping HTTP Server.
WebApp_BPKAD.exe: 00002E08: 14:49:32 [TUniServerModule]:HTTP Server Stopped.
WebApp_BPKAD.exe: 00002E08: 14:49:32 [TUniGUISessionManager]:Terminating Session manager.
WebApp_BPKAD.exe: 00002E08: 14:49:32 [TUniGUISessionManager]:Stopping Cache Eraser...
WebApp_BPKAD.exe: 00002E08: 14:49:32 [TUniGUISessionManager]:Cache Eraser Stopped.
WebApp_BPKAD.exe: 00002E08: 14:49:32 []:EAccessViolation : Access violation at address 00409A48 in module 'WebApp_BPKAD.exe'. Read of address FFFFFFFD : Addr: $00409A48
WebApp_BPKAD.exe: 00002E08: 14:49:32 [TUniGUISessionManager]:Destroying Worker Threads.
WebApp_BPKAD.exe: 00002E08: 14:49:32 [TUniGUISessionManager]:Session manager terminated.
WebApp_BPKAD.exe: 00002E08: 14:49:32 [TUniServerModule]:Server Shutdown Completed.
WebApp_BPKAD.exe: 00002E08: 14:49:32 []:<-------------------------------------------------------------->
WebApp_BPKAD.exe: 00002E08: 14:49:32 [Terminated]:Exit Code: 0
WebApp_BPKAD.exe: 00001F10: 14:49:35 []:>--------------------------------------------------------------<
WebApp_BPKAD.exe: 00001F10: 14:49:35 [TUniServerModule]:Server First Init.
WebApp_BPKAD.exe: 00001F10: 14:49:35 [TUniServerModule]:Starting HTTP Server on Port: 85...
WebApp_BPKAD.exe: 00001F10: 14:49:35 [TUniServerModule]:HTTP Server Started on Port: 85
WebApp_BPKAD.exe: 00001340: 14:49:38 [127.0.0.1]:EUniSessionException : Invalid session or session Timeout. (Session not found: 1fsXvcLSvk1092AB772 ) : Addr: $00794C9A
WebApp_BPKAD.exe: 00001F38: 14:50:05 []:EAccessViolation : Access violation at address 00409A48 in module 'WebApp_BPKAD.exe'. Read of address FFFFFFFD : Addr: $00409A48
WebApp_BPKAD.exe: 00001F10: 14:58:46 [TUniServerModule]:Shutting Down Server.
WebApp_BPKAD.exe: 00001F10: 14:58:46 [TUniServerModule]:Stopping HTTP Server.
WebApp_BPKAD.exe: 00001F10: 14:58:47 [TUniServerModule]:HTTP Server Stopped.
WebApp_BPKAD.exe: 00001F10: 14:58:47 [TUniGUISessionManager]:Terminating Session manager.
WebApp_BPKAD.exe: 00001F10: 14:58:47 [TUniGUISessionManager]:Stopping Cache Eraser...
WebApp_BPKAD.exe: 00001F10: 14:58:47 [TUniGUISessionManager]:Cache Eraser Stopped.
WebApp_BPKAD.exe: 00001F10: 14:58:47 []:EAccessViolation : Access violation at address 00409A48 in module 'WebApp_BPKAD.exe'. Read of address 00000002 : Addr: $00409A48
WebApp_BPKAD.exe: 00001F10: 14:58:47 [127.0.0.1]:Exception raised while destroying session: Access violation at address 0082D53F in module 'WebApp_BPKAD.exe'. Read of address 00000004
WebApp_BPKAD.exe: 00001F10: 14:58:47 [127.0.0.1]:EAccessViolation : Access violation at address 0082D53F in module 'WebApp_BPKAD.exe'. Read of address 00000004 : Addr: $0082D53F
WebApp_BPKAD.exe: 00001F10: 14:58:47 [TUniGUISessionManager]:Destroying Worker Threads.
WebApp_BPKAD.exe: 00001F10: 14:58:47 [TUniGUISessionManager]:Session manager terminated.
WebApp_BPKAD.exe: 00001F10: 14:58:47 [TUniServerModule]:Server Shutdown Completed.
WebApp_BPKAD.exe: 00001F10: 14:58:47 []:<-------------------------------------------------------------->
WebApp_BPKAD.exe: 00001F10: 14:58:47 [Terminated]:Exit Code: 0
WebApp_BPKAD.exe: 00001C74: 14:59:17 []:>--------------------------------------------------------------<
WebApp_BPKAD.exe: 00001C74: 14:59:17 [TUniServerModule]:Server First Init.
WebApp_BPKAD.exe: 00001C74: 14:59:18 [TUniServerModule]:Starting HTTP Server on Port: 85...
WebApp_BPKAD.exe: 00001C74: 14:59:18 [TUniServerModule]:HTTP Server Started on Port: 85
WebApp_BPKAD.exe: 000034B0: 14:59:23 [127.0.0.1]:EUniSessionException : Invalid session or session Timeout. (Session not found: OCg8NdTiNH1092AB7CF ) : Addr: $00794C9A
WebApp_BPKAD.exe: 00001E74: 15:00:08 []:EAccessViolation : Access violation at address 00409A48 in module 'WebApp_BPKAD.exe'. Read of address FFFFFFFD : Addr: $00409A48
WebApp_BPKAD.exe: 00001E74: 15:00:28 []:EAccessViolation : Access violation at address 00409A48 in module 'WebApp_BPKAD.exe'. Read of address 00000002 : Addr: $00409A48
WebApp_BPKAD.exe: 00001E74: 15:00:28 [127.0.0.1]:Exception raised while destroying session: Access violation at address 0082D53F in module 'WebApp_BPKAD.exe'. Read of address 00000004
WebApp_BPKAD.exe: 00001E74: 15:00:28 [127.0.0.1]:EAccessViolation : Access violation at address 0082D53F in module 'WebApp_BPKAD.exe'. Read of address 00000004 : Addr: $0082D53F
WebApp_BPKAD.exe: 00001E74: 15:01:18 []:EAccessViolation : Access violation at address 00409A48 in module 'WebApp_BPKAD.exe'. Read of address 00000002 : Addr: $00409A48
WebApp_BPKAD.exe: 00001E74: 15:01:33 []:EAccessViolation : Access violation at address 00409A48 in module 'WebApp_BPKAD.exe'. Read of address 00000002 : Addr: $00409A48
WebApp_BPKAD.exe: 00001C74: 15:02:32 [TUniServerModule]:Shutting Down Server.
WebApp_BPKAD.exe: 00001C74: 15:02:32 [TUniServerModule]:Stopping HTTP Server.
WebApp_BPKAD.exe: 00001C74: 15:02:33 [TUniServerModule]:HTTP Server Stopped.
WebApp_BPKAD.exe: 00001C74: 15:02:33 [TUniGUISessionManager]:Terminating Session manager.
WebApp_BPKAD.exe: 00001C74: 15:02:33 [TUniGUISessionManager]:Stopping Cache Eraser...
WebApp_BPKAD.exe: 00001C74: 15:02:33 [TUniGUISessionManager]:Cache Eraser Stopped.
WebApp_BPKAD.exe: 00001C74: 15:02:33 []:EAccessViolation : Access violation at address 00409A48 in module 'WebApp_BPKAD.exe'. Read of address 00000002 : Addr: $00409A48
WebApp_BPKAD.exe: 00001C74: 15:02:33 [127.0.0.1]:Exception raised while destroying session: Access violation at address 0082D53F in module 'WebApp_BPKAD.exe'. Read of address 00000004
WebApp_BPKAD.exe: 00001C74: 15:02:33 [127.0.0.1]:EAccessViolation : Access violation at address 0082D53F in module 'WebApp_BPKAD.exe'. Read of address 00000004 : Addr: $0082D53F
WebApp_BPKAD.exe: 00001C74: 15:02:33 [TUniGUISessionManager]:Destroying Worker Threads.
WebApp_BPKAD.exe: 00001C74: 15:02:34 [TUniGUISessionManager]:Session manager terminated.
WebApp_BPKAD.exe: 00001C74: 15:02:34 [TUniServerModule]:Server Shutdown Completed.
WebApp_BPKAD.exe: 00001C74: 15:02:34 []:<-------------------------------------------------------------->
WebApp_BPKAD.exe: 00001C74: 15:02:34 [Terminated]:Exit Code: 0
WebApp_BPKAD.exe: 000013D8: 15:03:14 []:>--------------------------------------------------------------<
WebApp_BPKAD.exe: 000013D8: 15:03:14 [TUniServerModule]:Server First Init.
WebApp_BPKAD.exe: 000013D8: 15:03:15 [TUniServerModule]:Starting HTTP Server on Port: 85...
WebApp_BPKAD.exe: 000013D8: 15:03:15 [TUniServerModule]:HTTP Server Started on Port: 85
WebApp_BPKAD.exe: 000025A0: 15:03:18 [127.0.0.1]:EUniSessionException : Invalid session or session Timeout. (Session not found: TE74xIJise1092ABAE8 ) : Addr: $00794C9A
WebApp_BPKAD.exe: 00001494: 15:03:30 []:EAccessViolation : Access violation at address 00409A48 in module 'WebApp_BPKAD.exe'. Read of address FFFFFFFD : Addr: $00409A48
WebApp_BPKAD.exe: 000013D8: 15:04:07 [TUniServerModule]:Shutting Down Server.
WebApp_BPKAD.exe: 000013D8: 15:04:07 [TUniServerModule]:Stopping HTTP Server.
WebApp_BPKAD.exe: 000013D8: 15:04:08 [TUniServerModule]:HTTP Server Stopped.
WebApp_BPKAD.exe: 000013D8: 15:04:08 [TUniGUISessionManager]:Terminating Session manager.
WebApp_BPKAD.exe: 000013D8: 15:04:08 [TUniGUISessionManager]:Stopping Cache Eraser...
WebApp_BPKAD.exe: 000013D8: 15:04:08 [TUniGUISessionManager]:Cache Eraser Stopped.
WebApp_BPKAD.exe: 000013D8: 15:04:08 []:EAccessViolation : Access violation at address 00409A48 in module 'WebApp_BPKAD.exe'. Read of address 00000002 : Addr: $00409A48
WebApp_BPKAD.exe: 000013D8: 15:04:08 [127.0.0.1]:Exception raised while destroying session: Access violation at address 0082D53F in module 'WebApp_BPKAD.exe'. Read of address 00000004
WebApp_BPKAD.exe: 000013D8: 15:04:08 [127.0.0.1]:EAccessViolation : Access violation at address 0082D53F in module 'WebApp_BPKAD.exe'. Read of address 00000004 : Addr: $0082D53F
WebApp_BPKAD.exe: 000013D8: 15:04:08 [TUniGUISessionManager]:Destroying Worker Threads.
WebApp_BPKAD.exe: 000013D8: 15:04:08 [TUniGUISessionManager]:Session manager terminated.
WebApp_BPKAD.exe: 000013D8: 15:04:08 [TUniServerModule]:Server Shutdown Completed.
WebApp_BPKAD.exe: 000013D8: 15:04:08 []:<-------------------------------------------------------------->
WebApp_BPKAD.exe: 000013D8: 15:04:08 [Terminated]:Exit Code: 0
WebApp_BPKAD.exe: 00002250: 15:04:15 []:>--------------------------------------------------------------<
WebApp_BPKAD.exe: 00002250: 15:04:15 [TUniServerModule]:Server First Init.
WebApp_BPKAD.exe: 00002250: 15:04:15 [TUniServerModule]:Starting HTTP Server on Port: 85...
WebApp_BPKAD.exe: 00002250: 15:04:15 [TUniServerModule]:HTTP Server Started on Port: 85
WebApp_BPKAD.exe: 00000A34: 15:04:19 [127.0.0.1]:EUniSessionException : Invalid session or session Timeout. (Session not found: ET1ebABigZ1092ABB71 ) : Addr: $00794C9A
WebApp_BPKAD.exe: 00003454: 15:04:40 []:EAccessViolation : Access violation at address 00409A48 in module 'WebApp_BPKAD.exe'. Read of address FFFFFFFD : Addr: $00409A48
WebApp_BPKAD.exe: 00003454: 15:04:45 []:EAccessViolation : Access violation at address 00409A48 in module 'WebApp_BPKAD.exe'. Read of address 00000002 : Addr: $00409A48
WebApp_BPKAD.exe: 00003454: 15:04:45 [127.0.0.1]:Exception raised while destroying session: Access violation at address 0082D53F in module 'WebApp_BPKAD.exe'. Read of address 00000004
WebApp_BPKAD.exe: 00003454: 15:04:45 [127.0.0.1]:EAccessViolation : Access violation at address 0082D53F in module 'WebApp_BPKAD.exe'. Read of address 00000004 : Addr: $0082D53F
WebApp_BPKAD.exe: 00002250: 15:06:48 [TUniServerModule]:Shutting Down Server.
WebApp_BPKAD.exe: 00002250: 15:06:48 [TUniServerModule]:Stopping HTTP Server.
WebApp_BPKAD.exe: 00002250: 15:06:49 [TUniServerModule]:HTTP Server Stopped.
WebApp_BPKAD.exe: 00002250: 15:06:49 [TUniGUISessionManager]:Terminating Session manager.
WebApp_BPKAD.exe: 00002250: 15:06:49 [TUniGUISessionManager]:Stopping Cache Eraser...
WebApp_BPKAD.exe: 00002250: 15:06:49 [TUniGUISessionManager]:Cache Eraser Stopped.
WebApp_BPKAD.exe: 00002250: 15:06:49 []:EAccessViolation : Access violation at address 00409A48 in module 'WebApp_BPKAD.exe'. Read of address 00000002 : Addr: $00409A48
WebApp_BPKAD.exe: 00002250: 15:06:49 [127.0.0.1]:Exception raised while destroying session: Access violation at address 0082D53F in module 'WebApp_BPKAD.exe'. Read of address 00000004
WebApp_BPKAD.exe: 00002250: 15:06:49 [127.0.0.1]:EAccessViolation : Access violation at address 0082D53F in module 'WebApp_BPKAD.exe'. Read of address 00000004 : Addr: $0082D53F
WebApp_BPKAD.exe: 00002250: 15:06:49 [TUniGUISessionManager]:Destroying Worker Threads.
WebApp_BPKAD.exe: 00002250: 15:06:49 [TUniGUISessionManager]:Session manager terminated.
WebApp_BPKAD.exe: 00002250: 15:06:49 [TUniServerModule]:Server Shutdown Completed.
WebApp_BPKAD.exe: 00002250: 15:06:49 []:<-------------------------------------------------------------->
WebApp_BPKAD.exe: 00002250: 15:06:49 [Terminated]:Exit Code: 0
WebApp_BPKAD.exe: 00001EB8: 15:07:16 []:>--------------------------------------------------------------<
WebApp_BPKAD.exe: 00001EB8: 15:07:16 [TUniServerModule]:Server First Init.
WebApp_BPKAD.exe: 00001EB8: 15:07:16 [TUniServerModule]:Starting HTTP Server on Port: 85...
WebApp_BPKAD.exe: 00001EB8: 15:07:17 [TUniServerModule]:HTTP Server Started on Port: 85
WebApp_BPKAD.exe: 000032D8: 15:07:20 [127.0.0.1]:EUniSessionException : Invalid session or session Timeout. (Session not found: UPdXGyMzwK1092ABBCB ) : Addr: $00794C9A
WebApp_BPKAD.exe: 0000185C: 15:07:31 []:EAccessViolation : Access violation at address 00409A48 in module 'WebApp_BPKAD.exe'. Read of address FFFFFFFD : Addr: $00409A48
WebApp_BPKAD.exe: 00001EB8: 15:07:55 [TUniServerModule]:Shutting Down Server.
WebApp_BPKAD.exe: 00001EB8: 15:07:55 [TUniServerModule]:Stopping HTTP Server.
WebApp_BPKAD.exe: 00001EB8: 15:07:57 [TUniServerModule]:HTTP Server Stopped.
WebApp_BPKAD.exe: 00001EB8: 15:07:57 [TUniGUISessionManager]:Terminating Session manager.
WebApp_BPKAD.exe: 00001EB8: 15:07:57 [TUniGUISessionManager]:Stopping Cache Eraser...
WebApp_BPKAD.exe: 00001EB8: 15:07:57 [TUniGUISessionManager]:Cache Eraser Stopped.
WebApp_BPKAD.exe: 00001EB8: 15:07:57 []:EAccessViolation : Access violation at address 00409A48 in module 'WebApp_BPKAD.exe'. Read of address 00000002 : Addr: $00409A48
WebApp_BPKAD.exe: 00001EB8: 15:07:57 [127.0.0.1]:Exception raised while destroying session: Access violation at address 0082D53F in module 'WebApp_BPKAD.exe'. Read of address 00000004
WebApp_BPKAD.exe: 00001EB8: 15:07:57 [127.0.0.1]:EAccessViolation : Access violation at address 0082D53F in module 'WebApp_BPKAD.exe'. Read of address 00000004 : Addr: $0082D53F
WebApp_BPKAD.exe: 00001EB8: 15:07:57 [TUniGUISessionManager]:Destroying Worker Threads.
WebApp_BPKAD.exe: 00001EB8: 15:07:57 [TUniGUISessionManager]:Session manager terminated.
WebApp_BPKAD.exe: 00001EB8: 15:07:57 [TUniServerModule]:Server Shutdown Completed.
WebApp_BPKAD.exe: 00001EB8: 15:07:57 []:<-------------------------------------------------------------->
WebApp_BPKAD.exe: 00001EB8: 15:07:57 [Terminated]:Exit Code: 0
WebApp_BPKAD.exe: 00002340: 15:08:05 []:>--------------------------------------------------------------<
WebApp_BPKAD.exe: 00002340: 15:08:05 [TUniServerModule]:Server First Init.
WebApp_BPKAD.exe: 00002340: 15:08:05 [TUniServerModule]:Starting HTTP Server on Port: 85...
WebApp_BPKAD.exe: 00002340: 15:08:05 [TUniServerModule]:HTTP Server Started on Port: 85
WebApp_BPKAD.exe: 0000351C: 15:08:08 [127.0.0.1]:EUniSessionException : Invalid session or session Timeout. (Session not found: TYU5jiGKJR1092ABC89 ) : Addr: $00794C9A
WebApp_BPKAD.exe: 00002348: 15:08:20 []:EAccessViolation : Access violation at address 00409A48 in module 'WebApp_BPKAD.exe'. Read of address FFFFFFFD : Addr: $00409A48
WebApp_BPKAD.exe: 00002348: 15:08:25 []:EAccessViolation : Access violation at address 00409A48 in module 'WebApp_BPKAD.exe'. Read of address 00000002 : Addr: $00409A48
WebApp_BPKAD.exe: 00002348: 15:08:25 [127.0.0.1]:Exception raised while destroying session: Access violation at address 0082D53F in module 'WebApp_BPKAD.exe'. Read of address 00000004
WebApp_BPKAD.exe: 00002348: 15:08:25 [127.0.0.1]:EAccessViolation : Access violation at address 0082D53F in module 'WebApp_BPKAD.exe'. Read of address 00000004 : Addr: $0082D53F
WebApp_BPKAD.exe: 00002348: 15:08:40 []:EAccessViolation : Access violation at address 5800409E in module 'WebApp_BPKAD.exe'. Read of address 5800409E : Addr: $5800409E
WebApp_BPKAD.exe: 00002340: 15:08:43 [TUniServerModule]:Shutting Down Server.
WebApp_BPKAD.exe: 00002340: 15:08:43 [TUniServerModule]:Stopping HTTP Server.
WebApp_BPKAD.exe: 00002340: 15:08:44 [TUniServerModule]:HTTP Server Stopped.
WebApp_BPKAD.exe: 00002340: 15:08:44 [TUniGUISessionManager]:Terminating Session manager.
WebApp_BPKAD.exe: 00002340: 15:08:44 [TUniGUISessionManager]:Stopping Cache Eraser...
WebApp_BPKAD.exe: 00002340: 15:08:44 [TUniGUISessionManager]:Cache Eraser Stopped.
WebApp_BPKAD.exe: 00002340: 15:08:44 []:EInvalidPointer : Invalid pointer operation : Addr: $00409955
WebApp_BPKAD.exe: 00002340: 15:08:44 [127.0.0.1]:Exception raised while destroying session: Access violation at address 0082D53F in module 'WebApp_BPKAD.exe'. Read of address 00000004
WebApp_BPKAD.exe: 00002340: 15:08:44 [127.0.0.1]:EAccessViolation : Access violation at address 0082D53F in module 'WebApp_BPKAD.exe'. Read of address 00000004 : Addr: $0082D53F
WebApp_BPKAD.exe: 00002340: 15:08:44 []:EInvalidPointer : Invalid pointer operation : Addr: $00409955
WebApp_BPKAD.exe: 00002340: 15:08:44 [TUniGUISessionManager]:Destroying Worker Threads.
WebApp_BPKAD.exe: 00002340: 15:08:44 [TUniGUISessionManager]:Session manager terminated.
WebApp_BPKAD.exe: 00002340: 15:08:44 [TUniServerModule]:Server Shutdown Completed.
WebApp_BPKAD.exe: 00002340: 15:08:44 []:<-------------------------------------------------------------->
WebApp_BPKAD.exe: 00002340: 15:08:44 [Terminated]:Exit Code: 0
WebApp_BPKAD.exe: 00003458: 15:08:59 []:>--------------------------------------------------------------<
WebApp_BPKAD.exe: 00003458: 15:08:59 [TUniServerModule]:Server First Init.
WebApp_BPKAD.exe: 00003458: 15:08:59 [TUniServerModule]:Starting HTTP Server on Port: 85...
WebApp_BPKAD.exe: 00003458: 15:09:00 [TUniServerModule]:HTTP Server Started on Port: 85
WebApp_BPKAD.exe: 00003458: 15:09:24 [TUniServerModule]:Shutting Down Server.
WebApp_BPKAD.exe: 00003458: 15:09:24 [TUniServerModule]:Stopping HTTP Server.
WebApp_BPKAD.exe: 00003458: 15:09:25 [TUniServerModule]:HTTP Server Stopped.
WebApp_BPKAD.exe: 00003458: 15:09:25 [TUniGUISessionManager]:Terminating Session manager.
WebApp_BPKAD.exe: 00003458: 15:09:25 [TUniGUISessionManager]:Stopping Cache Eraser...
WebApp_BPKAD.exe: 00003458: 15:09:25 [TUniGUISessionManager]:Cache Eraser Stopped.
WebApp_BPKAD.exe: 00003458: 15:09:25 [TUniGUISessionManager]:Waiting for session manager thread...
WebApp_BPKAD.exe: 00003300: 15:22:33 []:>--------------------------------------------------------------<
WebApp_BPKAD.exe: 00003300: 15:22:33 [TUniServerModule]:Server First Init.
WebApp_BPKAD.exe: 00003300: 15:22:33 [TUniServerModule]:Global Cache Folder Erased. <34> Files deleted.
WebApp_BPKAD.exe: 00003300: 15:22:33 [TUniServerModule]:Starting HTTP Server on Port: 85...
WebApp_BPKAD.exe: 00003300: 15:22:34 [TUniServerModule]:HTTP Server Started on Port: 85
WebApp_BPKAD.exe: 00003658: 15:22:39 [127.0.0.1]:EUniSessionException : Invalid session or session Timeout. (Session not found: tjX7sMnj6s1092ABD0B ) : Addr: $00794C9A
WebApp_BPKAD.exe: 000002C0: 15:23:09 [127.0.0.1]:EAccessViolation : Access violation at address 00409A48 in module 'WebApp_BPKAD.exe'. Read of address FFFFFFFD : Addr: $00409A48
WebApp_BPKAD.exe: 000002C0: 15:23:09 [127.0.0.1]:Exception raised while destroying session: Access violation at address 00000000 in module 'WebApp_BPKAD.exe'. Read of address 00000000
WebApp_BPKAD.exe: 000002C0: 15:23:09 [127.0.0.1]:EAccessViolation : Access violation at address 00000000 in module 'WebApp_BPKAD.exe'. Read of address 00000000 : Addr: $00000000
WebApp_BPKAD.exe: 00003300: 15:23:11 [TUniServerModule]:Shutting Down Server.
WebApp_BPKAD.exe: 00003300: 15:23:11 [TUniServerModule]:Stopping HTTP Server.
WebApp_BPKAD.exe: 00003300: 15:23:12 [TUniServerModule]:HTTP Server Stopped.
WebApp_BPKAD.exe: 00003300: 15:23:12 [TUniGUISessionManager]:Terminating Session manager.
WebApp_BPKAD.exe: 00003300: 15:23:12 [TUniGUISessionManager]:Stopping Cache Eraser...
WebApp_BPKAD.exe: 00003300: 15:23:12 [TUniGUISessionManager]:Cache Eraser Stopped.
WebApp_BPKAD.exe: 00003300: 15:23:12 []:EInvalidPointer : Invalid pointer operation : Addr: $00409955
WebApp_BPKAD.exe: 00003300: 15:23:12 [TUniGUISessionManager]:Destroying Worker Threads.
WebApp_BPKAD.exe: 00003300: 15:23:12 [TUniGUISessionManager]:Session manager terminated.
WebApp_BPKAD.exe: 00003300: 15:23:12 [TUniServerModule]:Server Shutdown Completed.
WebApp_BPKAD.exe: 00003300: 15:23:12 []:<-------------------------------------------------------------->
WebApp_BPKAD.exe: 00003300: 15:23:12 [Terminated]:Exit Code: 0
WebApp_BPKAD.exe: 00000960: 17:21:41 []:>--------------------------------------------------------------<
WebApp_BPKAD.exe: 00000960: 17:21:41 [TUniServerModule]:Server First Init.
WebApp_BPKAD.exe: 00000960: 17:21:42 [TUniServerModule]:Starting HTTP Server on Port: 85...
WebApp_BPKAD.exe: 00000960: 17:21:42 [TUniServerModule]:HTTP Server Started on Port: 85
WebApp_BPKAD.exe: 00001E90: 17:22:57 []:EAccessViolation : Access violation at address 00409A48 in module 'WebApp_BPKAD.exe'. Read of address FFFFFFFD : Addr: $00409A48
WebApp_BPKAD.exe: 00000960: 17:26:23 [TUniServerModule]:Shutting Down Server.
WebApp_BPKAD.exe: 00000960: 17:26:23 [TUniServerModule]:Stopping HTTP Server.
WebApp_BPKAD.exe: 00000960: 17:26:24 [TUniServerModule]:HTTP Server Stopped.
WebApp_BPKAD.exe: 00000960: 17:26:24 [TUniGUISessionManager]:Terminating Session manager.
WebApp_BPKAD.exe: 00000960: 17:26:24 [TUniGUISessionManager]:Stopping Cache Eraser...
WebApp_BPKAD.exe: 00000960: 17:26:24 [TUniGUISessionManager]:Cache Eraser Stopped.
WebApp_BPKAD.exe: 00000960: 17:26:25 []:EAccessViolation : Access violation at address 5800409E in module 'WebApp_BPKAD.exe'. Read of address 5800409E : Addr: $5800409E
WebApp_BPKAD.exe: 00000960: 17:26:25 [TUniGUISessionManager]:Destroying Worker Threads.
WebApp_BPKAD.exe: 00000960: 17:26:25 [TUniGUISessionManager]:Session manager terminated.
WebApp_BPKAD.exe: 00000960: 17:26:25 [TUniServerModule]:Server Shutdown Completed.
WebApp_BPKAD.exe: 00000960: 17:26:25 []:<-------------------------------------------------------------->
WebApp_BPKAD.exe: 00000960: 17:26:25 [Terminated]:Exit Code: 0
WebApp_BPKAD.exe: 00002B0C: 17:26:42 []:>--------------------------------------------------------------<
WebApp_BPKAD.exe: 00002B0C: 17:26:42 [TUniServerModule]:Server First Init.
WebApp_BPKAD.exe: 00002B0C: 17:26:42 [TUniServerModule]:Starting HTTP Server on Port: 85...
WebApp_BPKAD.exe: 00002B0C: 17:26:42 [TUniServerModule]:HTTP Server Started on Port: 85
WebApp_BPKAD.exe: 000026D4: 17:26:46 [127.0.0.1]:EUniSessionException : Invalid session or session Timeout. (Session not found: BEtDr9fcxA1092AE124 ) : Addr: $00794C9A
WebApp_BPKAD.exe: 00001F98: 17:27:27 []:EAccessViolation : Access violation at address 00409A48 in module 'WebApp_BPKAD.exe'. Read of address FFFFFFFD : Addr: $00409A48
WebApp_BPKAD.exe: 00002B0C: 17:27:30 [TUniServerModule]:Shutting Down Server.
WebApp_BPKAD.exe: 00002B0C: 17:27:30 [TUniServerModule]:Stopping HTTP Server.
WebApp_BPKAD.exe: 00002B0C: 17:27:31 [TUniServerModule]:HTTP Server Stopped.
WebApp_BPKAD.exe: 00002B0C: 17:27:31 [TUniGUISessionManager]:Terminating Session manager.
WebApp_BPKAD.exe: 00002B0C: 17:27:31 [TUniGUISessionManager]:Stopping Cache Eraser...
WebApp_BPKAD.exe: 00002B0C: 17:27:31 [TUniGUISessionManager]:Cache Eraser Stopped.
WebApp_BPKAD.exe: 00002B0C: 17:27:31 [TUniGUISessionManager]:Destroying Worker Threads.
WebApp_BPKAD.exe: 00002B0C: 17:27:31 [TUniGUISessionManager]:Session manager terminated.
WebApp_BPKAD.exe: 00002B0C: 17:27:31 [TUniServerModule]:Server Shutdown Completed.
WebApp_BPKAD.exe: 00002B0C: 17:27:31 []:<-------------------------------------------------------------->
WebApp_BPKAD.exe: 00002B0C: 17:27:31 [Terminated]:Exit Code: 0
WebApp_BPKAD.exe: 000010EC: 17:29:34 []:>--------------------------------------------------------------<
WebApp_BPKAD.exe: 000010EC: 17:29:34 [TUniServerModule]:Server First Init.
WebApp_BPKAD.exe: 000010EC: 17:29:34 [TUniServerModule]:Starting HTTP Server on Port: 85...
WebApp_BPKAD.exe: 000010EC: 17:29:35 [TUniServerModule]:HTTP Server Started on Port: 85
WebApp_BPKAD.exe: 00000D34: 17:30:05 []:EAccessViolation : Access violation at address 00409A48 in module 'WebApp_BPKAD.exe'. Read of address 00000002 : Addr: $00409A48
WebApp_BPKAD.exe: 00000D34: 17:30:10 []:EAccessViolation : Access violation at address 00409A48 in module 'WebApp_BPKAD.exe'. Read of address FFFFFFFD : Addr: $00409A48
WebApp_BPKAD.exe: 000010EC: 17:30:12 [Exit]:Unexpected attempt to terminate server application with Exit Code: 0
