WebApp_BPKAD.exe: 00001034: 09:36:10 []:>--------------------------------------------------------------<
WebApp_BPKAD.exe: 00001034: 09:36:10 [TUniServerModule]:Server First Init.
WebApp_BPKAD.exe: 00001034: 09:36:10 [TUniServerModule]:Starting HTTP Server on Port: 85...
WebApp_BPKAD.exe: 00001034: 09:36:10 [TUniServerModule]:HTTP Server Started on Port: 85
WebApp_BPKAD.exe: 00001034: 09:36:41 [TUniServerModule]:Shutting Down Server.
WebApp_BPKAD.exe: 00001034: 09:36:41 [TUniServerModule]:Stopping HTTP Server.
WebApp_BPKAD.exe: 00001034: 09:36:42 [TUniServerModule]:HTTP Server Stopped.
WebApp_BPKAD.exe: 00001034: 09:36:42 [TUniGUISessionManager]:Terminating Session manager.
WebApp_BPKAD.exe: 00001034: 09:36:42 [TUniGUISessionManager]:Stopping Cache Eraser...
WebApp_BPKAD.exe: 00001034: 09:36:42 [TUniGUISessionManager]:Cache Eraser Stopped.
WebApp_BPKAD.exe: 00001034: 09:36:42 []:EInvalidPointer : Invalid pointer operation : Addr: $00409DA9
WebApp_BPKAD.exe: 00001034: 09:36:42 [TUniGUISessionManager]:Destroying Worker Threads.
WebApp_BPKAD.exe: 00001034: 09:36:42 [TUniGUISessionManager]:Session manager terminated.
WebApp_BPKAD.exe: 00001034: 09:36:42 [TUniServerModule]:Server Shutdown Completed.
WebApp_BPKAD.exe: 00001034: 09:36:42 []:<-------------------------------------------------------------->
WebApp_BPKAD.exe: 00001034: 09:36:42 [Terminated]:Exit Code: 0
WebApp_BPKAD.exe: 00004958: 09:39:52 []:>--------------------------------------------------------------<
WebApp_BPKAD.exe: 00004958: 09:39:52 [TUniServerModule]:Server First Init.
WebApp_BPKAD.exe: 00004958: 09:39:52 [TUniServerModule]:Starting HTTP Server on Port: 85...
WebApp_BPKAD.exe: 00004958: 09:39:53 [TUniServerModule]:HTTP Server Started on Port: 85
WebApp_BPKAD.exe: 00001E78: 09:39:55 [127.0.0.1]:EUniSessionException : Invalid session or session Timeout. (Session not found: Z2NbiKGcZ81090A579B ) : Addr: $007E015E
WebApp_BPKAD.exe: 00004958: 09:41:08 [TUniServerModule]:Shutting Down Server.
WebApp_BPKAD.exe: 00004958: 09:41:08 [TUniServerModule]:Stopping HTTP Server.
WebApp_BPKAD.exe: 00004958: 09:41:09 [TUniServerModule]:HTTP Server Stopped.
WebApp_BPKAD.exe: 00004958: 09:41:09 [TUniGUISessionManager]:Terminating Session manager.
WebApp_BPKAD.exe: 00004958: 09:41:09 [TUniGUISessionManager]:Stopping Cache Eraser...
WebApp_BPKAD.exe: 00004958: 09:41:09 [TUniGUISessionManager]:Cache Eraser Stopped.
WebApp_BPKAD.exe: 00004958: 09:41:09 []:EInvalidPointer : Invalid pointer operation : Addr: $00409DA9
WebApp_BPKAD.exe: 00004958: 09:41:09 [TUniGUISessionManager]:Destroying Worker Threads.
WebApp_BPKAD.exe: 00004958: 09:41:09 [TUniGUISessionManager]:Session manager terminated.
WebApp_BPKAD.exe: 00004958: 09:41:09 [TUniServerModule]:Server Shutdown Completed.
WebApp_BPKAD.exe: 00004958: 09:41:09 []:<-------------------------------------------------------------->
WebApp_BPKAD.exe: 00004958: 09:41:09 [Terminated]:Exit Code: 0
WebApp_BPKAD.exe: 00000750: 09:41:18 []:>--------------------------------------------------------------<
WebApp_BPKAD.exe: 00000750: 09:41:18 [TUniServerModule]:Server First Init.
WebApp_BPKAD.exe: 00000750: 09:41:18 [TUniServerModule]:Starting HTTP Server on Port: 85...
WebApp_BPKAD.exe: 00000750: 09:41:19 [TUniServerModule]:HTTP Server Started on Port: 85
WebApp_BPKAD.exe: 00003954: 09:41:22 [127.0.0.1]:EUniSessionException : Invalid session or session Timeout. (Session not found: dZhAyQvATC1090A5892 ) : Addr: $007E015E
WebApp_BPKAD.exe: 00003FC4: 09:46:53 [127.0.0.1]:EUniSessionException : Invalid session or session Timeout. (Invalid URI: /srs6/serv/urn:publicsanctservices ) : Addr: $007E015E
WebApp_BPKAD.exe: 00004B30: 09:53:40 []:EInvalidPointer : Invalid pointer operation : Addr: $00409DA9
WebApp_BPKAD.exe: 00003540: 10:06:55 [127.0.0.1]:EUniSessionException : Invalid session or session Timeout. (Session not found: PunoITZTRw1090A58F7 ) : Addr: $007E015E
WebApp_BPKAD.exe: 00000750: 10:08:03 [TUniServerModule]:Shutting Down Server.
WebApp_BPKAD.exe: 00000750: 10:08:03 [TUniServerModule]:Stopping HTTP Server.
WebApp_BPKAD.exe: 00000750: 10:08:04 [TUniServerModule]:HTTP Server Stopped.
WebApp_BPKAD.exe: 00000750: 10:08:04 [TUniGUISessionManager]:Terminating Session manager.
WebApp_BPKAD.exe: 00000750: 10:08:04 [TUniGUISessionManager]:Stopping Cache Eraser...
WebApp_BPKAD.exe: 00000750: 10:08:04 [TUniGUISessionManager]:Cache Eraser Stopped.
WebApp_BPKAD.exe: 00000750: 10:08:04 []:EInvalidPointer : Invalid pointer operation : Addr: $00409DA9
WebApp_BPKAD.exe: 00000750: 10:08:04 [TUniGUISessionManager]:Destroying Worker Threads.
WebApp_BPKAD.exe: 00000750: 10:08:04 [TUniGUISessionManager]:Session manager terminated.
WebApp_BPKAD.exe: 00000750: 10:08:04 [TUniServerModule]:Server Shutdown Completed.
WebApp_BPKAD.exe: 00000750: 10:08:04 []:<-------------------------------------------------------------->
WebApp_BPKAD.exe: 00000750: 10:08:04 [Terminated]:Exit Code: 0
WebApp_BPKAD.exe: 00005790: 10:28:15 []:>--------------------------------------------------------------<
WebApp_BPKAD.exe: 00005790: 10:28:15 [TUniServerModule]:Server First Init.
WebApp_BPKAD.exe: 00005790: 10:28:15 [TUniServerModule]:Starting HTTP Server on Port: 85...
WebApp_BPKAD.exe: 00005790: 10:28:16 [TUniServerModule]:HTTP Server Started on Port: 85
WebApp_BPKAD.exe: 00004DA8: 10:28:20 [127.0.0.1]:EUniSessionException : Invalid session or session Timeout. (Session not found: YWwc8wqeFT1090A5FE7 ) : Addr: $007E015E
WebApp_BPKAD.exe: 00005790: 10:30:06 [TUniServerModule]:Shutting Down Server.
WebApp_BPKAD.exe: 00005790: 10:30:06 [TUniServerModule]:Stopping HTTP Server.
WebApp_BPKAD.exe: 00005790: 10:30:07 [TUniServerModule]:HTTP Server Stopped.
WebApp_BPKAD.exe: 00005790: 10:30:07 [TUniGUISessionManager]:Terminating Session manager.
WebApp_BPKAD.exe: 00005790: 10:30:07 [TUniGUISessionManager]:Stopping Cache Eraser...
WebApp_BPKAD.exe: 00005790: 10:30:08 [TUniGUISessionManager]:Cache Eraser Stopped.
WebApp_BPKAD.exe: 00005790: 10:30:08 []:EInvalidPointer : Invalid pointer operation : Addr: $00409DA9
WebApp_BPKAD.exe: 00005790: 10:30:08 [TUniGUISessionManager]:Destroying Worker Threads.
WebApp_BPKAD.exe: 00005790: 10:30:08 [TUniGUISessionManager]:Session manager terminated.
WebApp_BPKAD.exe: 00005790: 10:30:08 [TUniServerModule]:Server Shutdown Completed.
WebApp_BPKAD.exe: 00005790: 10:30:08 []:<-------------------------------------------------------------->
WebApp_BPKAD.exe: 00005790: 10:30:08 [Terminated]:Exit Code: 0
WebApp_BPKAD.exe: 000031C4: 10:31:10 []:>--------------------------------------------------------------<
WebApp_BPKAD.exe: 000031C4: 10:31:10 [TUniServerModule]:Server First Init.
WebApp_BPKAD.exe: 000031C4: 10:31:10 [TUniServerModule]:Starting HTTP Server on Port: 85...
WebApp_BPKAD.exe: 000031C4: 10:31:10 [TUniServerModule]:HTTP Server Started on Port: 85
WebApp_BPKAD.exe: 0000322C: 10:31:12 [127.0.0.1]:EUniSessionException : Invalid session or session Timeout. (Session not found: JFrBoGxvgL1090A65B4 ) : Addr: $007E015E
WebApp_BPKAD.exe: 000031C4: 10:39:36 [TUniServerModule]:Shutting Down Server.
WebApp_BPKAD.exe: 000031C4: 10:39:36 [TUniServerModule]:Stopping HTTP Server.
WebApp_BPKAD.exe: 000031C4: 10:39:37 [TUniServerModule]:HTTP Server Stopped.
WebApp_BPKAD.exe: 000031C4: 10:39:37 [TUniGUISessionManager]:Terminating Session manager.
WebApp_BPKAD.exe: 000031C4: 10:39:37 [TUniGUISessionManager]:Stopping Cache Eraser...
WebApp_BPKAD.exe: 000031C4: 10:39:37 [TUniGUISessionManager]:Cache Eraser Stopped.
WebApp_BPKAD.exe: 000031C4: 10:39:37 []:EInvalidPointer : Invalid pointer operation : Addr: $00409DA9
WebApp_BPKAD.exe: 000031C4: 10:39:37 [TUniGUISessionManager]:Destroying Worker Threads.
WebApp_BPKAD.exe: 000031C4: 10:39:37 [TUniGUISessionManager]:Session manager terminated.
WebApp_BPKAD.exe: 000031C4: 10:39:37 [TUniServerModule]:Server Shutdown Completed.
WebApp_BPKAD.exe: 000031C4: 10:39:37 []:<-------------------------------------------------------------->
WebApp_BPKAD.exe: 000031C4: 10:39:37 [Terminated]:Exit Code: 0
WebApp_BPKAD.exe: 00001BE4: 10:39:42 []:>--------------------------------------------------------------<
WebApp_BPKAD.exe: 00001BE4: 10:39:42 [TUniServerModule]:Server First Init.
WebApp_BPKAD.exe: 00001BE4: 10:39:42 [TUniServerModule]:Starting HTTP Server on Port: 85...
WebApp_BPKAD.exe: 00001BE4: 10:39:42 [TUniServerModule]:HTTP Server Started on Port: 85
WebApp_BPKAD.exe: 000056A4: 10:39:47 [127.0.0.1]:EUniSessionException : Invalid session or session Timeout. (Session not found: LiyuTbzAJM1090A667D ) : Addr: $007E015E
WebApp_BPKAD.exe: 00001BE4: 10:40:19 [TUniServerModule]:Shutting Down Server.
WebApp_BPKAD.exe: 00001BE4: 10:40:19 [TUniServerModule]:Stopping HTTP Server.
WebApp_BPKAD.exe: 00001BE4: 10:40:20 [TUniServerModule]:HTTP Server Stopped.
WebApp_BPKAD.exe: 00001BE4: 10:40:20 [TUniGUISessionManager]:Terminating Session manager.
WebApp_BPKAD.exe: 00001BE4: 10:40:20 [TUniGUISessionManager]:Stopping Cache Eraser...
WebApp_BPKAD.exe: 00001BE4: 10:40:20 [TUniGUISessionManager]:Cache Eraser Stopped.
WebApp_BPKAD.exe: 00001BE4: 10:40:20 []:EInvalidPointer : Invalid pointer operation : Addr: $00409DA9
WebApp_BPKAD.exe: 00001BE4: 10:40:20 [TUniGUISessionManager]:Destroying Worker Threads.
WebApp_BPKAD.exe: 00001BE4: 10:40:20 [TUniGUISessionManager]:Session manager terminated.
WebApp_BPKAD.exe: 00001BE4: 10:40:20 [TUniServerModule]:Server Shutdown Completed.
WebApp_BPKAD.exe: 00001BE4: 10:40:20 []:<-------------------------------------------------------------->
WebApp_BPKAD.exe: 00001BE4: 10:40:20 [Terminated]:Exit Code: 0
WebApp_BPKAD.exe: 00000ABC: 10:41:43 []:>--------------------------------------------------------------<
WebApp_BPKAD.exe: 00000ABC: 10:41:43 [TUniServerModule]:Server First Init.
WebApp_BPKAD.exe: 00000ABC: 10:41:43 [TUniServerModule]:Starting HTTP Server on Port: 85...
WebApp_BPKAD.exe: 00000ABC: 10:41:43 [TUniServerModule]:HTTP Server Started on Port: 85
WebApp_BPKAD.exe: 00002F2C: 10:41:47 [127.0.0.1]:EUniSessionException : Invalid session or session Timeout. (Session not found: lWgqNaSFzw1090A68CF ) : Addr: $007E015E
WebApp_BPKAD.exe: 000015A8: 10:46:55 [127.0.0.1]:EUniSessionException : Invalid session or session Timeout. (Invalid URI: /srs6/serv/urn:verificationservices ) : Addr: $007E015E
WebApp_BPKAD.exe: 000055FC: 10:53:49 []:EInvalidPointer : Invalid pointer operation : Addr: $00409DA9
WebApp_BPKAD.exe: 00004160: 11:16:20 [127.0.0.1]:EUniSessionException : Invalid session or session Timeout. (Session not found: I49ZYKsYqE1090A695A ) : Addr: $007E015E
WebApp_BPKAD.exe: 000055FC: 11:29:49 []:EInvalidPointer : Invalid pointer operation : Addr: $00409DA9
WebApp_BPKAD.exe: 0000561C: 12:19:49 [127.0.0.1]:EUniSessionException : Invalid session or session Timeout. (Session not found: uZyvgqpqVT1090A72BA ) : Addr: $007E015E
WebApp_BPKAD.exe: 000055FC: 12:30:22 []:EInvalidPointer : Invalid pointer operation : Addr: $00409DA9
WebApp_BPKAD.exe: 00003494: 12:46:55 [127.0.0.1]:EUniSessionException : Invalid session or session Timeout. (Invalid URI: /srs6/serv/urn:verificationservices ) : Addr: $007E015E
WebApp_BPKAD.exe: 00000ABC: 14:59:30 [TUniServerModule]:Shutting Down Server.
WebApp_BPKAD.exe: 00000ABC: 14:59:30 [TUniServerModule]:Stopping HTTP Server.
WebApp_BPKAD.exe: 00000ABC: 14:59:31 [TUniServerModule]:HTTP Server Stopped.
WebApp_BPKAD.exe: 00000ABC: 14:59:31 [TUniGUISessionManager]:Terminating Session manager.
WebApp_BPKAD.exe: 00000ABC: 14:59:31 [TUniGUISessionManager]:Stopping Cache Eraser...
WebApp_BPKAD.exe: 00000ABC: 14:59:31 [TUniGUISessionManager]:Cache Eraser Stopped.
WebApp_BPKAD.exe: 00000ABC: 14:59:31 [TUniGUISessionManager]:Destroying Worker Threads.
WebApp_BPKAD.exe: 00000ABC: 14:59:31 [TUniGUISessionManager]:Session manager terminated.
WebApp_BPKAD.exe: 00000ABC: 14:59:31 [TUniServerModule]:Server Shutdown Completed.
WebApp_BPKAD.exe: 00000ABC: 14:59:31 []:<-------------------------------------------------------------->
WebApp_BPKAD.exe: 00000ABC: 14:59:31 [Terminated]:Exit Code: 0
WebApp_BPKAD.exe: 00004DFC: 15:20:13 []:>--------------------------------------------------------------<
WebApp_BPKAD.exe: 00004DFC: 15:20:13 [TUniServerModule]:Server First Init.
WebApp_BPKAD.exe: 00004DFC: 15:20:13 [TUniServerModule]:Starting HTTP Server on Port: 85...
WebApp_BPKAD.exe: 00004DFC: 15:20:14 [TUniServerModule]:HTTP Server Started on Port: 85
WebApp_BPKAD.exe: 00004ADC: 15:21:03 []:EInvalidPointer : Invalid pointer operation : Addr: $00409DA9
WebApp_BPKAD.exe: 00004ADC: 15:31:25 []:EInvalidPointer : Invalid pointer operation : Addr: $00409DA9
WebApp_BPKAD.exe: 00004854: 15:43:30 [127.0.0.1]:EUniSessionException : Invalid session or session Timeout. (Invalid URI: /srs6/serv/urn:verificationservices ) : Addr: $007E015E
WebApp_BPKAD.exe: 00004910: 16:22:31 [127.0.0.1]:EUniSessionException : Invalid session or session Timeout. (Session not found: 23hPoPZSsT1090AB4F5 ) : Addr: $007E015E
WebApp_BPKAD.exe: 00004DFC: 16:25:27 [TUniServerModule]:Shutting Down Server.
WebApp_BPKAD.exe: 00004DFC: 16:25:27 [TUniServerModule]:Stopping HTTP Server.
WebApp_BPKAD.exe: 00004DFC: 16:25:28 [TUniServerModule]:HTTP Server Stopped.
WebApp_BPKAD.exe: 00004DFC: 16:25:28 [TUniGUISessionManager]:Terminating Session manager.
WebApp_BPKAD.exe: 00004DFC: 16:25:29 [TUniGUISessionManager]:Stopping Cache Eraser...
WebApp_BPKAD.exe: 00004DFC: 16:25:29 [TUniGUISessionManager]:Cache Eraser Stopped.
WebApp_BPKAD.exe: 00004DFC: 16:25:29 [TUniGUISessionManager]:Destroying Worker Threads.
WebApp_BPKAD.exe: 00004DFC: 16:25:29 [TUniGUISessionManager]:Session manager terminated.
WebApp_BPKAD.exe: 00004DFC: 16:25:29 [TUniServerModule]:Server Shutdown Completed.
WebApp_BPKAD.exe: 00004DFC: 16:25:29 []:<-------------------------------------------------------------->
WebApp_BPKAD.exe: 00004DFC: 16:25:29 [Terminated]:Exit Code: 0
WebApp_BPKAD.exe: 000039F0: 16:25:31 []:>--------------------------------------------------------------<
WebApp_BPKAD.exe: 000039F0: 16:25:31 [TUniServerModule]:Server First Init.
WebApp_BPKAD.exe: 000039F0: 16:25:31 [TUniServerModule]:Starting HTTP Server on Port: 85...
WebApp_BPKAD.exe: 000039F0: 16:25:32 [TUniServerModule]:HTTP Server Started on Port: 85
WebApp_BPKAD.exe: 000039F0: 16:27:21 [TUniServerModule]:Shutting Down Server.
WebApp_BPKAD.exe: 000039F0: 16:27:21 [TUniServerModule]:Stopping HTTP Server.
WebApp_BPKAD.exe: 000039F0: 16:27:22 [TUniServerModule]:HTTP Server Stopped.
WebApp_BPKAD.exe: 000039F0: 16:27:22 [TUniGUISessionManager]:Terminating Session manager.
WebApp_BPKAD.exe: 000039F0: 16:27:22 [TUniGUISessionManager]:Stopping Cache Eraser...
WebApp_BPKAD.exe: 000039F0: 16:27:22 [TUniGUISessionManager]:Cache Eraser Stopped.
WebApp_BPKAD.exe: 000039F0: 16:27:22 []:EInvalidPointer : Invalid pointer operation : Addr: $00409DA9
WebApp_BPKAD.exe: 000039F0: 16:27:22 [TUniGUISessionManager]:Destroying Worker Threads.
WebApp_BPKAD.exe: 000039F0: 16:27:22 [TUniGUISessionManager]:Session manager terminated.
WebApp_BPKAD.exe: 000039F0: 16:27:22 [TUniServerModule]:Server Shutdown Completed.
WebApp_BPKAD.exe: 000039F0: 16:27:22 []:<-------------------------------------------------------------->
WebApp_BPKAD.exe: 000039F0: 16:27:22 [Terminated]:Exit Code: 0
WebApp_BPKAD.exe: 00004A94: 16:27:25 []:>--------------------------------------------------------------<
WebApp_BPKAD.exe: 00004A94: 16:27:25 [TUniServerModule]:Server First Init.
WebApp_BPKAD.exe: 00004A94: 16:27:25 [TUniServerModule]:Starting HTTP Server on Port: 85...
WebApp_BPKAD.exe: 00004A94: 16:27:25 [TUniServerModule]:HTTP Server Started on Port: 85
WebApp_BPKAD.exe: 00000D68: 16:27:28 [127.0.0.1]:EUniSessionException : Invalid session or session Timeout. (Session not found: BjJnzlnC211090AC69B ) : Addr: $007E015E
WebApp_BPKAD.exe: 00004A94: 16:27:53 [TUniServerModule]:Shutting Down Server.
WebApp_BPKAD.exe: 00004A94: 16:27:53 [TUniServerModule]:Stopping HTTP Server.
WebApp_BPKAD.exe: 00004A94: 16:27:55 [TUniServerModule]:HTTP Server Stopped.
WebApp_BPKAD.exe: 00004A94: 16:27:55 [TUniGUISessionManager]:Terminating Session manager.
WebApp_BPKAD.exe: 00004A94: 16:27:55 [TUniGUISessionManager]:Stopping Cache Eraser...
WebApp_BPKAD.exe: 00004A94: 16:27:55 [TUniGUISessionManager]:Cache Eraser Stopped.
WebApp_BPKAD.exe: 00004A94: 16:27:55 []:EInvalidPointer : Invalid pointer operation : Addr: $00409DA9
WebApp_BPKAD.exe: 00004A94: 16:27:55 [TUniGUISessionManager]:Destroying Worker Threads.
WebApp_BPKAD.exe: 00004A94: 16:27:55 [TUniGUISessionManager]:Session manager terminated.
WebApp_BPKAD.exe: 00004A94: 16:27:55 [TUniServerModule]:Server Shutdown Completed.
WebApp_BPKAD.exe: 00004A94: 16:27:55 []:<-------------------------------------------------------------->
WebApp_BPKAD.exe: 00004A94: 16:27:55 [Terminated]:Exit Code: 0
WebApp_BPKAD.exe: 00002BCC: 16:28:27 []:>--------------------------------------------------------------<
WebApp_BPKAD.exe: 00002BCC: 16:28:27 [TUniServerModule]:Server First Init.
WebApp_BPKAD.exe: 00002BCC: 16:28:27 [TUniServerModule]:Starting HTTP Server on Port: 85...
WebApp_BPKAD.exe: 00002BCC: 16:28:28 [TUniServerModule]:HTTP Server Started on Port: 85
WebApp_BPKAD.exe: 000014CC: 16:28:30 [127.0.0.1]:EUniSessionException : Invalid session or session Timeout. (Session not found: o9QbD6ASR61090AC721 ) : Addr: $007E015E
WebApp_BPKAD.exe: 00002BCC: 16:29:04 [TUniServerModule]:Shutting Down Server.
WebApp_BPKAD.exe: 00002BCC: 16:29:04 [TUniServerModule]:Stopping HTTP Server.
WebApp_BPKAD.exe: 00002BCC: 16:29:05 [TUniServerModule]:HTTP Server Stopped.
WebApp_BPKAD.exe: 00002BCC: 16:29:05 [TUniGUISessionManager]:Terminating Session manager.
WebApp_BPKAD.exe: 00002BCC: 16:29:05 [TUniGUISessionManager]:Stopping Cache Eraser...
WebApp_BPKAD.exe: 00002BCC: 16:29:05 [TUniGUISessionManager]:Cache Eraser Stopped.
WebApp_BPKAD.exe: 00002BCC: 16:29:05 []:EInvalidPointer : Invalid pointer operation : Addr: $00409DA9
WebApp_BPKAD.exe: 00002BCC: 16:29:05 [TUniGUISessionManager]:Destroying Worker Threads.
WebApp_BPKAD.exe: 00002BCC: 16:29:05 [TUniGUISessionManager]:Session manager terminated.
WebApp_BPKAD.exe: 00002BCC: 16:29:06 [TUniServerModule]:Server Shutdown Completed.
WebApp_BPKAD.exe: 00002BCC: 16:29:06 []:<-------------------------------------------------------------->
WebApp_BPKAD.exe: 00002BCC: 16:29:06 [Terminated]:Exit Code: 0
WebApp_BPKAD.exe: 00002F24: 16:29:31 []:>--------------------------------------------------------------<
WebApp_BPKAD.exe: 00002F24: 16:29:31 [TUniServerModule]:Server First Init.
WebApp_BPKAD.exe: 00002F24: 16:29:31 [TUniServerModule]:Starting HTTP Server on Port: 85...
WebApp_BPKAD.exe: 00002F24: 16:29:32 [TUniServerModule]:HTTP Server Started on Port: 85
WebApp_BPKAD.exe: 00001E78: 16:29:33 [127.0.0.1]:EUniSessionException : Invalid session or session Timeout. (Session not found: 4KA9kAmSnS1090AC768 ) : Addr: $007E015E
WebApp_BPKAD.exe: 00002F24: 16:29:55 [TUniServerModule]:Shutting Down Server.
WebApp_BPKAD.exe: 00002F24: 16:29:55 [TUniServerModule]:Stopping HTTP Server.
WebApp_BPKAD.exe: 00002F24: 16:29:56 [TUniServerModule]:HTTP Server Stopped.
WebApp_BPKAD.exe: 00002F24: 16:29:56 [TUniGUISessionManager]:Terminating Session manager.
WebApp_BPKAD.exe: 00002F24: 16:29:56 [TUniGUISessionManager]:Stopping Cache Eraser...
WebApp_BPKAD.exe: 00002F24: 16:29:56 [TUniGUISessionManager]:Cache Eraser Stopped.
WebApp_BPKAD.exe: 00002F24: 16:29:56 []:EInvalidPointer : Invalid pointer operation : Addr: $00409DA9
WebApp_BPKAD.exe: 00002F24: 16:29:56 [TUniGUISessionManager]:Destroying Worker Threads.
WebApp_BPKAD.exe: 00002F24: 16:29:56 [TUniGUISessionManager]:Session manager terminated.
WebApp_BPKAD.exe: 00002F24: 16:29:56 [TUniServerModule]:Server Shutdown Completed.
WebApp_BPKAD.exe: 00002F24: 16:29:56 []:<-------------------------------------------------------------->
WebApp_BPKAD.exe: 00002F24: 16:29:56 [Terminated]:Exit Code: 0
WebApp_BPKAD.exe: 00000C7C: 16:30:12 []:>--------------------------------------------------------------<
WebApp_BPKAD.exe: 00000C7C: 16:30:12 [TUniServerModule]:Server First Init.
WebApp_BPKAD.exe: 00000C7C: 16:30:12 [TUniServerModule]:Starting HTTP Server on Port: 85...
WebApp_BPKAD.exe: 00000C7C: 16:30:13 [TUniServerModule]:HTTP Server Started on Port: 85
WebApp_BPKAD.exe: 00003244: 16:30:13 [127.0.0.1]:EUniSessionException : Invalid session or session Timeout. (Session not found: nrZRVZ2fr91090AC7B1 ) : Addr: $007E015E
WebApp_BPKAD.exe: 00000C7C: 16:30:41 [TUniServerModule]:Shutting Down Server.
WebApp_BPKAD.exe: 00000C7C: 16:30:41 [TUniServerModule]:Stopping HTTP Server.
WebApp_BPKAD.exe: 00000C7C: 16:30:42 [TUniServerModule]:HTTP Server Stopped.
WebApp_BPKAD.exe: 00000C7C: 16:30:42 [TUniGUISessionManager]:Terminating Session manager.
WebApp_BPKAD.exe: 00000C7C: 16:30:42 [TUniGUISessionManager]:Stopping Cache Eraser...
WebApp_BPKAD.exe: 00000C7C: 16:30:42 [TUniGUISessionManager]:Cache Eraser Stopped.
WebApp_BPKAD.exe: 00000C7C: 16:30:42 []:EInvalidPointer : Invalid pointer operation : Addr: $00409DA9
WebApp_BPKAD.exe: 00000C7C: 16:30:42 [TUniGUISessionManager]:Destroying Worker Threads.
WebApp_BPKAD.exe: 00000C7C: 16:30:42 [TUniGUISessionManager]:Session manager terminated.
WebApp_BPKAD.exe: 00000C7C: 16:30:42 [TUniServerModule]:Server Shutdown Completed.
WebApp_BPKAD.exe: 00000C7C: 16:30:42 []:<-------------------------------------------------------------->
WebApp_BPKAD.exe: 00000C7C: 16:30:42 [Terminated]:Exit Code: 0
WebApp_BPKAD.exe: 000003CC: 16:32:09 []:>--------------------------------------------------------------<
WebApp_BPKAD.exe: 000003CC: 16:32:09 [TUniServerModule]:Server First Init.
WebApp_BPKAD.exe: 000003CC: 16:32:10 [TUniServerModule]:Starting HTTP Server on Port: 85...
WebApp_BPKAD.exe: 000003CC: 16:32:10 [TUniServerModule]:HTTP Server Started on Port: 85
WebApp_BPKAD.exe: 00004CE8: 16:32:14 [127.0.0.1]:EUniSessionException : Invalid session or session Timeout. (Session not found: WWsJrJPkAW1090AC7E0 ) : Addr: $007E015E
WebApp_BPKAD.exe: 000003CC: 16:32:42 [TUniServerModule]:Shutting Down Server.
WebApp_BPKAD.exe: 000003CC: 16:32:42 [TUniServerModule]:Stopping HTTP Server.
WebApp_BPKAD.exe: 000003CC: 16:32:43 [TUniServerModule]:HTTP Server Stopped.
WebApp_BPKAD.exe: 000003CC: 16:32:43 [TUniGUISessionManager]:Terminating Session manager.
WebApp_BPKAD.exe: 000003CC: 16:32:43 [TUniGUISessionManager]:Stopping Cache Eraser...
WebApp_BPKAD.exe: 000003CC: 16:32:43 [TUniGUISessionManager]:Cache Eraser Stopped.
WebApp_BPKAD.exe: 000003CC: 16:32:43 []:EInvalidPointer : Invalid pointer operation : Addr: $00409DA9
WebApp_BPKAD.exe: 000003CC: 16:32:43 []:EInvalidPointer : Invalid pointer operation : Addr: $00409DA9
WebApp_BPKAD.exe: 000003CC: 16:32:43 [TUniGUISessionManager]:Destroying Worker Threads.
WebApp_BPKAD.exe: 000003CC: 16:32:43 [TUniGUISessionManager]:Session manager terminated.
WebApp_BPKAD.exe: 000003CC: 16:32:43 [TUniServerModule]:Server Shutdown Completed.
WebApp_BPKAD.exe: 000003CC: 16:32:43 []:<-------------------------------------------------------------->
WebApp_BPKAD.exe: 000003CC: 16:32:43 [Terminated]:Exit Code: 0
WebApp_BPKAD.exe: 00004620: 16:33:07 []:>--------------------------------------------------------------<
WebApp_BPKAD.exe: 00004620: 16:33:07 [TUniServerModule]:Server First Init.
WebApp_BPKAD.exe: 00004620: 16:33:07 [TUniServerModule]:Starting HTTP Server on Port: 85...
WebApp_BPKAD.exe: 00004620: 16:33:08 [TUniServerModule]:HTTP Server Started on Port: 85
WebApp_BPKAD.exe: 00002978: 16:33:12 [127.0.0.1]:EUniSessionException : Invalid session or session Timeout. (Session not found: Kvt5YB539a1090AC887 ) : Addr: $007E015E
WebApp_BPKAD.exe: 000054E4: 16:43:59 []:EInvalidPointer : Invalid pointer operation : Addr: $00409DA9
WebApp_BPKAD.exe: 00002790: 16:45:03 [127.0.0.1]:EUniSessionException : Invalid session or session Timeout. (Session not found: gtmND3H11o1090AC8AE ) : Addr: $007E015E
WebApp_BPKAD.exe: 00004620: 16:45:10 [TUniServerModule]:Shutting Down Server.
WebApp_BPKAD.exe: 00004620: 16:45:10 [TUniServerModule]:Stopping HTTP Server.
WebApp_BPKAD.exe: 00004620: 16:45:11 [TUniServerModule]:HTTP Server Stopped.
WebApp_BPKAD.exe: 00004620: 16:45:11 [TUniGUISessionManager]:Terminating Session manager.
WebApp_BPKAD.exe: 00004620: 16:45:11 [TUniGUISessionManager]:Stopping Cache Eraser...
WebApp_BPKAD.exe: 00004620: 16:45:11 [TUniGUISessionManager]:Cache Eraser Stopped.
WebApp_BPKAD.exe: 00004620: 16:45:11 []:EInvalidPointer : Invalid pointer operation : Addr: $00409DA9
WebApp_BPKAD.exe: 00004620: 16:45:11 [TUniGUISessionManager]:Destroying Worker Threads.
WebApp_BPKAD.exe: 00004620: 16:45:11 [TUniGUISessionManager]:Session manager terminated.
WebApp_BPKAD.exe: 00004620: 16:45:11 [TUniServerModule]:Server Shutdown Completed.
WebApp_BPKAD.exe: 00004620: 16:45:11 []:<-------------------------------------------------------------->
WebApp_BPKAD.exe: 00004620: 16:45:11 [Terminated]:Exit Code: 0
WebApp_BPKAD.exe: 000012FC: 16:45:21 []:>--------------------------------------------------------------<
WebApp_BPKAD.exe: 000012FC: 16:45:21 [TUniServerModule]:Server First Init.
WebApp_BPKAD.exe: 000012FC: 16:45:21 [TUniServerModule]:Starting HTTP Server on Port: 85...
WebApp_BPKAD.exe: 000012FC: 16:45:22 [TUniServerModule]:HTTP Server Started on Port: 85
WebApp_BPKAD.exe: 0000221C: 16:45:26 [127.0.0.1]:EUniSessionException : Invalid session or session Timeout. (Session not found: gCq21rNEji1090ACBE5 ) : Addr: $007E015E
WebApp_BPKAD.exe: 0000505C: 16:59:38 []:EInvalidPointer : Invalid pointer operation : Addr: $00409DA9
WebApp_BPKAD.exe: 0000505C: 17:01:38 []:EInvalidPointer : Invalid pointer operation : Addr: $00409DA9
WebApp_BPKAD.exe: 000012FC: 17:08:44 [TUniServerModule]:Shutting Down Server.
WebApp_BPKAD.exe: 000012FC: 17:08:44 [TUniServerModule]:Stopping HTTP Server.
WebApp_BPKAD.exe: 000012FC: 17:08:45 [TUniServerModule]:HTTP Server Stopped.
WebApp_BPKAD.exe: 000012FC: 17:08:45 [TUniGUISessionManager]:Terminating Session manager.
WebApp_BPKAD.exe: 000012FC: 17:08:45 [TUniGUISessionManager]:Stopping Cache Eraser...
WebApp_BPKAD.exe: 000012FC: 17:08:45 [TUniGUISessionManager]:Cache Eraser Stopped.
WebApp_BPKAD.exe: 000012FC: 17:08:45 [TUniGUISessionManager]:Destroying Worker Threads.
WebApp_BPKAD.exe: 000012FC: 17:08:45 [TUniGUISessionManager]:Session manager terminated.
WebApp_BPKAD.exe: 000012FC: 17:08:45 [TUniServerModule]:Server Shutdown Completed.
WebApp_BPKAD.exe: 000012FC: 17:08:45 []:<-------------------------------------------------------------->
WebApp_BPKAD.exe: 000012FC: 17:08:45 [Terminated]:Exit Code: 0
WebApp_BPKAD.exe: 00004770: 17:08:48 []:>--------------------------------------------------------------<
WebApp_BPKAD.exe: 00004770: 17:08:48 [TUniServerModule]:Server First Init.
WebApp_BPKAD.exe: 00004770: 17:08:48 [TUniServerModule]:Starting HTTP Server on Port: 85...
WebApp_BPKAD.exe: 00004770: 17:08:49 [TUniServerModule]:HTTP Server Started on Port: 85
WebApp_BPKAD.exe: 000050B8: 17:09:28 []:EInvalidPointer : Invalid pointer operation : Addr: $00409DA9
WebApp_BPKAD.exe: 00004770: 17:12:17 [TUniServerModule]:Shutting Down Server.
WebApp_BPKAD.exe: 00004770: 17:12:17 [TUniServerModule]:Stopping HTTP Server.
WebApp_BPKAD.exe: 00004770: 17:12:18 [TUniServerModule]:HTTP Server Stopped.
WebApp_BPKAD.exe: 00004770: 17:12:18 [TUniGUISessionManager]:Terminating Session manager.
WebApp_BPKAD.exe: 00004770: 17:12:18 [TUniGUISessionManager]:Stopping Cache Eraser...
WebApp_BPKAD.exe: 00004770: 17:12:18 [TUniGUISessionManager]:Cache Eraser Stopped.
WebApp_BPKAD.exe: 00004770: 17:12:18 []:EInvalidPointer : Invalid pointer operation : Addr: $00409DA9
WebApp_BPKAD.exe: 00004770: 17:12:18 [TUniGUISessionManager]:Destroying Worker Threads.
WebApp_BPKAD.exe: 00004770: 17:12:18 [TUniGUISessionManager]:Session manager terminated.
WebApp_BPKAD.exe: 00004770: 17:12:19 [TUniServerModule]:Server Shutdown Completed.
WebApp_BPKAD.exe: 00004770: 17:12:19 []:<-------------------------------------------------------------->
WebApp_BPKAD.exe: 00004770: 17:12:19 [Terminated]:Exit Code: 0
WebApp_BPKAD.exe: 000038B4: 17:14:03 []:>--------------------------------------------------------------<
WebApp_BPKAD.exe: 000038B4: 17:14:03 [TUniServerModule]:Server First Init.
WebApp_BPKAD.exe: 000038B4: 17:14:03 [TUniServerModule]:Starting HTTP Server on Port: 85...
WebApp_BPKAD.exe: 000038B4: 17:14:04 [TUniServerModule]:HTTP Server Started on Port: 85
WebApp_BPKAD.exe: 000038B4: 17:14:05 [TUniServerModule]:Shutting Down Server.
WebApp_BPKAD.exe: 000038B4: 17:14:05 [TUniServerModule]:Stopping HTTP Server.
WebApp_BPKAD.exe: 000038B4: 17:14:06 [TUniServerModule]:HTTP Server Stopped.
WebApp_BPKAD.exe: 000038B4: 17:14:06 [TUniGUISessionManager]:Terminating Session manager.
WebApp_BPKAD.exe: 000038B4: 17:14:06 [TUniGUISessionManager]:Stopping Cache Eraser...
WebApp_BPKAD.exe: 000038B4: 17:14:06 [TUniGUISessionManager]:Cache Eraser Stopped.
WebApp_BPKAD.exe: 000038B4: 17:14:06 [TUniGUISessionManager]:Destroying Worker Threads.
WebApp_BPKAD.exe: 000038B4: 17:14:06 [TUniGUISessionManager]:Session manager terminated.
WebApp_BPKAD.exe: 000038B4: 17:14:06 [TUniServerModule]:Server Shutdown Completed.
WebApp_BPKAD.exe: 000038B4: 17:14:06 []:<-------------------------------------------------------------->
WebApp_BPKAD.exe: 000038B4: 17:14:06 [Terminated]:Exit Code: 0
