WebApp_BPKAD.exe: 00003458: 10:30:45 []:>--------------------------------------------------------------<
WebApp_BPKAD.exe: 00003458: 10:30:45 [TUniServerModule]:Server First Init.
WebApp_BPKAD.exe: 00003458: 10:30:45 [TUniServerModule]:Starting HTTP Server on Port: 80...
WebApp_BPKAD.exe: 00003458: 10:30:46 [TUniServerModule]:HTTP Server Started on Port: 80
WebApp_BPKAD.exe: 000007F8: 10:30:56 [127.0.0.1]:EFDException : [FireDAC][Comp][Clnt]-512. Connection is not defined for [FDQueryLogin]. Possible reason: Connection and ConnectionName property values are both empty : Addr: $008562AC
WebApp_BPKAD.exe: 000007F8: 10:31:12 [127.0.0.1]:EFDException : [FireDAC][Comp][Clnt]-512. Connection is not defined for [FDQueryLogin]. Possible reason: Connection and ConnectionName property values are both empty : Addr: $008562AC
WebApp_BPKAD.exe: 00003458: 10:31:15 [TUniServerModule]:Shutting Down Server.
WebApp_BPKAD.exe: 00003458: 10:31:15 [TUniServerModule]:Stopping HTTP Server.
WebApp_BPKAD.exe: 00003458: 10:31:16 [TUniServerModule]:HTTP Server Stopped.
WebApp_BPKAD.exe: 00003458: 10:31:16 [TUniGUISessionManager]:Terminating Session manager.
WebApp_BPKAD.exe: 00003458: 10:31:16 [TUniGUISessionManager]:Stopping Cache Eraser...
WebApp_BPKAD.exe: 00003458: 10:31:16 [TUniGUISessionManager]:Cache Eraser Stopped.
WebApp_BPKAD.exe: 00003458: 10:31:16 [TUniGUISessionManager]:Destroying Worker Threads.
WebApp_BPKAD.exe: 00003458: 10:31:16 [TUniGUISessionManager]:Session manager terminated.
WebApp_BPKAD.exe: 00003458: 10:31:16 [TUniServerModule]:Server Shutdown Completed.
WebApp_BPKAD.exe: 00003458: 10:31:16 []:<-------------------------------------------------------------->
WebApp_BPKAD.exe: 00003458: 10:31:16 [Terminated]:Exit Code: 0
WebApp_BPKAD.exe: 00004B74: 10:40:47 []:>--------------------------------------------------------------<
WebApp_BPKAD.exe: 00004B74: 10:40:47 [TUniServerModule]:Server First Init.
WebApp_BPKAD.exe: 00004B74: 10:40:47 [TUniServerModule]:Starting HTTP Server on Port: 80...
WebApp_BPKAD.exe: 00004B74: 10:40:48 [TUniServerModule]:HTTP Server Started on Port: 80
WebApp_BPKAD.exe: 000020E4: 10:40:56 [127.0.0.1]:EFDException : [FireDAC][Comp][Clnt]-512. Connection is not defined for [FDQueryLogin]. Possible reason: Connection and ConnectionName property values are both empty : Addr: $008562AC
WebApp_BPKAD.exe: 00004B74: 10:41:11 [TUniServerModule]:Shutting Down Server.
WebApp_BPKAD.exe: 00004B74: 10:41:11 [TUniServerModule]:Stopping HTTP Server.
WebApp_BPKAD.exe: 00004B74: 10:41:12 [TUniServerModule]:HTTP Server Stopped.
WebApp_BPKAD.exe: 00004B74: 10:41:12 [TUniGUISessionManager]:Terminating Session manager.
WebApp_BPKAD.exe: 00004B74: 10:41:12 [TUniGUISessionManager]:Stopping Cache Eraser...
WebApp_BPKAD.exe: 00004B74: 10:41:12 [TUniGUISessionManager]:Cache Eraser Stopped.
WebApp_BPKAD.exe: 00004B74: 10:41:12 [TUniGUISessionManager]:Destroying Worker Threads.
WebApp_BPKAD.exe: 00004B74: 10:41:12 [TUniGUISessionManager]:Session manager terminated.
WebApp_BPKAD.exe: 00004B74: 10:41:12 [TUniServerModule]:Server Shutdown Completed.
WebApp_BPKAD.exe: 00004B74: 10:41:12 []:<-------------------------------------------------------------->
WebApp_BPKAD.exe: 00004B74: 10:41:12 [Terminated]:Exit Code: 0
WebApp_BPKAD.exe: 0000425C: 10:42:11 []:>--------------------------------------------------------------<
WebApp_BPKAD.exe: 0000425C: 10:42:11 [TUniServerModule]:Server First Init.
WebApp_BPKAD.exe: 0000425C: 10:42:11 [TUniServerModule]:Starting HTTP Server on Port: 80...
WebApp_BPKAD.exe: 0000425C: 10:42:11 [TUniServerModule]:HTTP Server Started on Port: 80
WebApp_BPKAD.exe: 00003708: 10:42:19 [127.0.0.1]:EFDException : [FireDAC][Comp][Clnt]-512. Connection is not defined for [FDQueryLogin]. Possible reason: Connection and ConnectionName property values are both empty : Addr: $008562AC
WebApp_BPKAD.exe: 0000425C: 10:42:35 [TUniServerModule]:Shutting Down Server.
WebApp_BPKAD.exe: 0000425C: 10:42:35 [TUniServerModule]:Stopping HTTP Server.
WebApp_BPKAD.exe: 0000425C: 10:42:36 [TUniServerModule]:HTTP Server Stopped.
WebApp_BPKAD.exe: 0000425C: 10:42:36 [TUniGUISessionManager]:Terminating Session manager.
WebApp_BPKAD.exe: 0000425C: 10:42:36 [TUniGUISessionManager]:Stopping Cache Eraser...
WebApp_BPKAD.exe: 0000425C: 10:42:36 [TUniGUISessionManager]:Cache Eraser Stopped.
WebApp_BPKAD.exe: 0000425C: 10:42:36 [TUniGUISessionManager]:Destroying Worker Threads.
WebApp_BPKAD.exe: 0000425C: 10:42:36 [TUniGUISessionManager]:Session manager terminated.
WebApp_BPKAD.exe: 0000425C: 10:42:36 [TUniServerModule]:Server Shutdown Completed.
WebApp_BPKAD.exe: 0000425C: 10:42:36 []:<-------------------------------------------------------------->
WebApp_BPKAD.exe: 0000425C: 10:42:36 [Terminated]:Exit Code: 0
WebApp_BPKAD.exe: 000022D8: 10:43:47 []:>--------------------------------------------------------------<
WebApp_BPKAD.exe: 000022D8: 10:43:47 [TUniServerModule]:Server First Init.
WebApp_BPKAD.exe: 000022D8: 10:43:47 [TUniServerModule]:Starting HTTP Server on Port: 80...
WebApp_BPKAD.exe: 000022D8: 10:43:47 [TUniServerModule]:HTTP Server Started on Port: 80
WebApp_BPKAD.exe: 000036E8: 10:43:52 [127.0.0.1]:EUniSessionException : Invalid session or session Timeout. (Session not found: 6WRHYVWbEd10897F89B ) : Addr: $007DFFFE
WebApp_BPKAD.exe: 000036E8: 10:43:54 [127.0.0.1]:EMSSQLNativeException : [FireDAC][Phys][ODBC][Microsoft][SQL Server Native Client 11.0][SQL Server]Invalid object name 'users'. : Addr: $0093B1A1
WebApp_BPKAD.exe: 000022D8: 10:45:21 [TUniServerModule]:Shutting Down Server.
WebApp_BPKAD.exe: 000022D8: 10:45:21 [TUniServerModule]:Stopping HTTP Server.
WebApp_BPKAD.exe: 000022D8: 10:45:22 [TUniServerModule]:HTTP Server Stopped.
WebApp_BPKAD.exe: 000022D8: 10:45:22 [TUniGUISessionManager]:Terminating Session manager.
WebApp_BPKAD.exe: 000022D8: 10:45:22 [TUniGUISessionManager]:Stopping Cache Eraser...
WebApp_BPKAD.exe: 000022D8: 10:45:22 [TUniGUISessionManager]:Cache Eraser Stopped.
WebApp_BPKAD.exe: 000022D8: 10:45:22 [TUniGUISessionManager]:Destroying Worker Threads.
WebApp_BPKAD.exe: 000022D8: 10:45:22 [TUniGUISessionManager]:Session manager terminated.
WebApp_BPKAD.exe: 000022D8: 10:45:22 [TUniServerModule]:Server Shutdown Completed.
WebApp_BPKAD.exe: 000022D8: 10:45:22 []:<-------------------------------------------------------------->
WebApp_BPKAD.exe: 000022D8: 10:45:22 [Terminated]:Exit Code: 0
WebApp_BPKAD.exe: 00004B8C: 10:45:26 []:>--------------------------------------------------------------<
WebApp_BPKAD.exe: 00004B8C: 10:45:26 [TUniServerModule]:Server First Init.
WebApp_BPKAD.exe: 00004B8C: 10:45:26 [TUniServerModule]:Starting HTTP Server on Port: 80...
WebApp_BPKAD.exe: 00004B8C: 10:45:27 [TUniServerModule]:HTTP Server Started on Port: 80
WebApp_BPKAD.exe: 00004C78: 10:45:29 [127.0.0.1]:EUniSessionException : Invalid session or session Timeout. (Session not found: YStJ6mWaHV10897F909 ) : Addr: $007DFFFE
WebApp_BPKAD.exe: 00004C78: 10:45:32 [127.0.0.1]:EMSSQLNativeException : [FireDAC][Phys][ODBC][Microsoft][SQL Server Native Client 11.0][SQL Server]Invalid object name 'users'. : Addr: $0093B1A1
WebApp_BPKAD.exe: 00004B8C: 10:45:53 [TUniServerModule]:Shutting Down Server.
WebApp_BPKAD.exe: 00004B8C: 10:45:53 [TUniServerModule]:Stopping HTTP Server.
WebApp_BPKAD.exe: 00004B8C: 10:45:54 [TUniServerModule]:HTTP Server Stopped.
WebApp_BPKAD.exe: 00004B8C: 10:45:54 [TUniGUISessionManager]:Terminating Session manager.
WebApp_BPKAD.exe: 00004B8C: 10:45:54 [TUniGUISessionManager]:Stopping Cache Eraser...
WebApp_BPKAD.exe: 00004B8C: 10:45:54 [TUniGUISessionManager]:Cache Eraser Stopped.
WebApp_BPKAD.exe: 00004B8C: 10:45:54 [TUniGUISessionManager]:Destroying Worker Threads.
WebApp_BPKAD.exe: 00004B8C: 10:45:54 [TUniGUISessionManager]:Session manager terminated.
WebApp_BPKAD.exe: 00004B8C: 10:45:54 [TUniServerModule]:Server Shutdown Completed.
WebApp_BPKAD.exe: 00004B8C: 10:45:54 []:<-------------------------------------------------------------->
WebApp_BPKAD.exe: 00004B8C: 10:45:54 [Terminated]:Exit Code: 0
WebApp_BPKAD.exe: 00003DAC: 10:52:27 []:>--------------------------------------------------------------<
WebApp_BPKAD.exe: 00003DAC: 10:52:27 [TUniServerModule]:Server First Init.
WebApp_BPKAD.exe: 00003DAC: 10:52:27 [TUniServerModule]:Starting HTTP Server on Port: 80...
WebApp_BPKAD.exe: 00003DAC: 10:52:28 [TUniServerModule]:HTTP Server Started on Port: 80
WebApp_BPKAD.exe: 00004B6C: 10:52:31 [127.0.0.1]:EUniSessionException : Invalid session or session Timeout. (Session not found: aKkMg2IlyQ10897F979 ) : Addr: $007DFFFE
WebApp_BPKAD.exe: 00004B6C: 10:56:08 [127.0.0.1]:EMSSQLNativeException : [FireDAC][Phys][ODBC][Microsoft][SQL Server Native Client 11.0][SQL Server]Invalid object name 'users'. : Addr: $0093B1A1
WebApp_BPKAD.exe: 00003DAC: 10:56:16 [TUniServerModule]:Shutting Down Server.
WebApp_BPKAD.exe: 00003DAC: 10:56:16 [TUniServerModule]:Stopping HTTP Server.
WebApp_BPKAD.exe: 00003DAC: 10:56:17 [TUniServerModule]:HTTP Server Stopped.
WebApp_BPKAD.exe: 00003DAC: 10:56:17 [TUniGUISessionManager]:Terminating Session manager.
WebApp_BPKAD.exe: 00003DAC: 10:56:17 [TUniGUISessionManager]:Stopping Cache Eraser...
WebApp_BPKAD.exe: 00003DAC: 10:56:17 [TUniGUISessionManager]:Cache Eraser Stopped.
WebApp_BPKAD.exe: 00003DAC: 10:56:17 [TUniGUISessionManager]:Destroying Worker Threads.
WebApp_BPKAD.exe: 00003DAC: 10:56:17 [TUniGUISessionManager]:Session manager terminated.
WebApp_BPKAD.exe: 00003DAC: 10:56:17 [TUniServerModule]:Server Shutdown Completed.
WebApp_BPKAD.exe: 00003DAC: 10:56:17 []:<-------------------------------------------------------------->
WebApp_BPKAD.exe: 00003DAC: 10:56:17 [Terminated]:Exit Code: 0
WebApp_BPKAD.exe: 00002410: 11:00:53 []:>--------------------------------------------------------------<
WebApp_BPKAD.exe: 00002410: 11:00:53 [TUniServerModule]:Server First Init.
WebApp_BPKAD.exe: 00002410: 11:00:53 [TUniServerModule]:Starting HTTP Server on Port: 80...
WebApp_BPKAD.exe: 00002410: 11:00:54 [TUniServerModule]:HTTP Server Started on Port: 80
WebApp_BPKAD.exe: 00001908: 11:00:58 [127.0.0.1]:EUniSessionException : Invalid session or session Timeout. (Session not found: r9C8tM42Ym10897FB62 ) : Addr: $007DFFFE
WebApp_BPKAD.exe: 00004140: 11:11:35 [127.0.0.1]:EUniSessionException : Invalid session or session Timeout. (Invalid URI: /srs6/serv/urn:verificationservices ) : Addr: $007DFFFE
WebApp_BPKAD.exe: 00002410: 11:14:15 [TUniServerModule]:Shutting Down Server.
WebApp_BPKAD.exe: 00002410: 11:14:15 [TUniServerModule]:Stopping HTTP Server.
WebApp_BPKAD.exe: 00002410: 11:14:16 [TUniServerModule]:HTTP Server Stopped.
WebApp_BPKAD.exe: 00002410: 11:14:16 [TUniGUISessionManager]:Terminating Session manager.
WebApp_BPKAD.exe: 00002410: 11:14:16 [TUniGUISessionManager]:Stopping Cache Eraser...
WebApp_BPKAD.exe: 00002410: 11:14:16 [TUniGUISessionManager]:Cache Eraser Stopped.
WebApp_BPKAD.exe: 00002410: 11:14:16 [TUniGUISessionManager]:Destroying Worker Threads.
WebApp_BPKAD.exe: 00002410: 11:14:16 [TUniGUISessionManager]:Session manager terminated.
WebApp_BPKAD.exe: 00002410: 11:14:16 [TUniServerModule]:Server Shutdown Completed.
WebApp_BPKAD.exe: 00002410: 11:14:16 []:<-------------------------------------------------------------->
WebApp_BPKAD.exe: 00002410: 11:14:16 [Terminated]:Exit Code: 0
WebApp_BPKAD.exe: 00002160: 11:14:21 []:>--------------------------------------------------------------<
WebApp_BPKAD.exe: 00002160: 11:14:21 [TUniServerModule]:Server First Init.
WebApp_BPKAD.exe: 00002160: 11:14:21 [TUniServerModule]:Starting HTTP Server on Port: 80...
WebApp_BPKAD.exe: 00002160: 11:14:22 [TUniServerModule]:HTTP Server Started on Port: 80
WebApp_BPKAD.exe: 00002C2C: 11:14:26 [127.0.0.1]:EUniSessionException : Invalid session or session Timeout. (Session not found: X8JKrtb3EI10897FDAD ) : Addr: $007DFFFE
WebApp_BPKAD.exe: 00002C2C: 11:14:29 [127.0.0.1]:EMSSQLNativeException : [FireDAC][Phys][ODBC][Microsoft][SQL Server Native Client 11.0][SQL Server]Invalid object name 'users'. : Addr: $0093B1A1
WebApp_BPKAD.exe: 00002160: 11:29:23 [TUniServerModule]:Shutting Down Server.
WebApp_BPKAD.exe: 00002160: 11:29:23 [TUniServerModule]:Stopping HTTP Server.
WebApp_BPKAD.exe: 00002160: 11:29:23 [TUniServerModule]:HTTP Server Stopped.
WebApp_BPKAD.exe: 00002160: 11:29:23 [TUniGUISessionManager]:Terminating Session manager.
WebApp_BPKAD.exe: 00002160: 11:29:23 [TUniGUISessionManager]:Stopping Cache Eraser...
WebApp_BPKAD.exe: 00002160: 11:29:23 [TUniGUISessionManager]:Cache Eraser Stopped.
WebApp_BPKAD.exe: 00002160: 11:29:23 [TUniGUISessionManager]:Destroying Worker Threads.
WebApp_BPKAD.exe: 00002160: 11:29:23 [TUniGUISessionManager]:Session manager terminated.
WebApp_BPKAD.exe: 00002160: 11:29:23 [TUniServerModule]:Server Shutdown Completed.
WebApp_BPKAD.exe: 00002160: 11:29:23 []:<-------------------------------------------------------------->
WebApp_BPKAD.exe: 00002160: 11:29:23 [Terminated]:Exit Code: 0
WebApp_BPKAD.exe: 00004978: 11:29:58 []:>--------------------------------------------------------------<
WebApp_BPKAD.exe: 00004978: 11:29:58 [TUniServerModule]:Server First Init.
WebApp_BPKAD.exe: 00004978: 11:29:58 [TUniServerModule]:Starting HTTP Server on Port: 80...
WebApp_BPKAD.exe: 00004978: 11:29:58 [TUniServerModule]:HTTP Server Started on Port: 80
WebApp_BPKAD.exe: 000022EC: 11:30:02 [127.0.0.1]:EUniSessionException : Invalid session or session Timeout. (Session not found: YeitF3iaOU108980155 ) : Addr: $007DFFFE
WebApp_BPKAD.exe: 00004978: 11:30:17 [TUniServerModule]:Shutting Down Server.
WebApp_BPKAD.exe: 00004978: 11:30:17 [TUniServerModule]:Stopping HTTP Server.
WebApp_BPKAD.exe: 00004978: 11:30:18 [TUniServerModule]:HTTP Server Stopped.
WebApp_BPKAD.exe: 00004978: 11:30:18 [TUniGUISessionManager]:Terminating Session manager.
WebApp_BPKAD.exe: 00004978: 11:30:18 [TUniGUISessionManager]:Stopping Cache Eraser...
WebApp_BPKAD.exe: 00004978: 11:30:18 [TUniGUISessionManager]:Cache Eraser Stopped.
WebApp_BPKAD.exe: 00004978: 11:30:18 [TUniGUISessionManager]:Destroying Worker Threads.
WebApp_BPKAD.exe: 00004978: 11:30:18 [TUniGUISessionManager]:Session manager terminated.
WebApp_BPKAD.exe: 00004978: 11:30:18 [TUniServerModule]:Server Shutdown Completed.
WebApp_BPKAD.exe: 00004978: 11:30:18 []:<-------------------------------------------------------------->
WebApp_BPKAD.exe: 00004978: 11:30:18 [Terminated]:Exit Code: 0
WebApp_BPKAD.exe: 000032D4: 11:31:36 []:>--------------------------------------------------------------<
WebApp_BPKAD.exe: 000032D4: 11:31:36 [TUniServerModule]:Server First Init.
WebApp_BPKAD.exe: 000032D4: 11:31:36 [TUniServerModule]:Starting HTTP Server on Port: 80...
WebApp_BPKAD.exe: 000032D4: 11:31:37 [TUniServerModule]:HTTP Server Started on Port: 80
WebApp_BPKAD.exe: 00004818: 11:31:40 [127.0.0.1]:EUniSessionException : Invalid session or session Timeout. (Session not found: UmyldGPDPX10898058F ) : Addr: $007DFFFE
WebApp_BPKAD.exe: 000032D4: 11:31:55 [TUniServerModule]:Shutting Down Server.
WebApp_BPKAD.exe: 000032D4: 11:31:55 [TUniServerModule]:Stopping HTTP Server.
WebApp_BPKAD.exe: 000032D4: 11:31:56 [TUniServerModule]:HTTP Server Stopped.
WebApp_BPKAD.exe: 000032D4: 11:31:56 [TUniGUISessionManager]:Terminating Session manager.
WebApp_BPKAD.exe: 000032D4: 11:31:56 [TUniGUISessionManager]:Stopping Cache Eraser...
WebApp_BPKAD.exe: 000032D4: 11:31:56 [TUniGUISessionManager]:Cache Eraser Stopped.
WebApp_BPKAD.exe: 000032D4: 11:31:56 [TUniGUISessionManager]:Destroying Worker Threads.
WebApp_BPKAD.exe: 000032D4: 11:31:56 [TUniGUISessionManager]:Session manager terminated.
WebApp_BPKAD.exe: 000032D4: 11:31:56 [TUniServerModule]:Server Shutdown Completed.
WebApp_BPKAD.exe: 000032D4: 11:31:56 []:<-------------------------------------------------------------->
WebApp_BPKAD.exe: 000032D4: 11:31:56 [Terminated]:Exit Code: 0
WebApp_BPKAD.exe: 00001610: 11:33:13 []:>--------------------------------------------------------------<
WebApp_BPKAD.exe: 00001610: 11:33:13 [TUniServerModule]:Server First Init.
WebApp_BPKAD.exe: 00001610: 11:33:13 [TUniServerModule]:Starting HTTP Server on Port: 80...
WebApp_BPKAD.exe: 00001610: 11:33:13 [TUniServerModule]:HTTP Server Started on Port: 80
WebApp_BPKAD.exe: 0000146C: 11:33:16 [127.0.0.1]:EUniSessionException : Invalid session or session Timeout. (Session not found: dADNF2EQcV108980600 ) : Addr: $007DFFFE
WebApp_BPKAD.exe: 00001610: 11:33:22 [TUniServerModule]:Shutting Down Server.
WebApp_BPKAD.exe: 00001610: 11:33:22 [TUniServerModule]:Stopping HTTP Server.
WebApp_BPKAD.exe: 00001610: 11:33:23 [TUniServerModule]:HTTP Server Stopped.
WebApp_BPKAD.exe: 00001610: 11:33:23 [TUniGUISessionManager]:Terminating Session manager.
WebApp_BPKAD.exe: 00001610: 11:33:23 [TUniGUISessionManager]:Stopping Cache Eraser...
WebApp_BPKAD.exe: 00001610: 11:33:23 [TUniGUISessionManager]:Cache Eraser Stopped.
WebApp_BPKAD.exe: 00001610: 11:33:23 []:EInvalidPointer : Invalid pointer operation : Addr: $00409DA9
WebApp_BPKAD.exe: 00001610: 11:33:23 [TUniGUISessionManager]:Destroying Worker Threads.
WebApp_BPKAD.exe: 00001610: 11:33:23 [TUniGUISessionManager]:Session manager terminated.
WebApp_BPKAD.exe: 00001610: 11:33:23 [TUniServerModule]:Server Shutdown Completed.
WebApp_BPKAD.exe: 00001610: 11:33:23 []:<-------------------------------------------------------------->
WebApp_BPKAD.exe: 00001610: 11:33:23 [Terminated]:Exit Code: 0
WebApp_BPKAD.exe: 000039CC: 12:11:18 []:>--------------------------------------------------------------<
WebApp_BPKAD.exe: 000039CC: 12:11:18 [TUniServerModule]:Server First Init.
WebApp_BPKAD.exe: 000039CC: 12:11:18 [TUniServerModule]:Starting HTTP Server on Port: 80...
WebApp_BPKAD.exe: 000039CC: 12:11:19 [TUniServerModule]:HTTP Server Started on Port: 80
WebApp_BPKAD.exe: 00004208: 12:11:23 [127.0.0.1]:EUniSessionException : Invalid session or session Timeout. (Session not found: 5KeZMvRwew108980670 ) : Addr: $007DFFFE
WebApp_BPKAD.exe: 000039CC: 12:11:30 [TUniServerModule]:Shutting Down Server.
WebApp_BPKAD.exe: 000039CC: 12:11:30 [TUniServerModule]:Stopping HTTP Server.
WebApp_BPKAD.exe: 000039CC: 12:11:31 [TUniServerModule]:HTTP Server Stopped.
WebApp_BPKAD.exe: 000039CC: 12:11:31 [TUniGUISessionManager]:Terminating Session manager.
WebApp_BPKAD.exe: 000039CC: 12:11:31 [TUniGUISessionManager]:Stopping Cache Eraser...
WebApp_BPKAD.exe: 000039CC: 12:11:32 [TUniGUISessionManager]:Cache Eraser Stopped.
WebApp_BPKAD.exe: 000039CC: 12:11:32 []:EInvalidPointer : Invalid pointer operation : Addr: $00409DA9
WebApp_BPKAD.exe: 000039CC: 12:11:32 [TUniGUISessionManager]:Destroying Worker Threads.
WebApp_BPKAD.exe: 000039CC: 12:11:32 [TUniGUISessionManager]:Session manager terminated.
WebApp_BPKAD.exe: 000039CC: 12:11:32 [TUniServerModule]:Server Shutdown Completed.
WebApp_BPKAD.exe: 000039CC: 12:11:32 []:<-------------------------------------------------------------->
WebApp_BPKAD.exe: 000039CC: 12:11:32 [Terminated]:Exit Code: 0
WebApp_BPKAD.exe: 000021FC: 12:15:13 []:>--------------------------------------------------------------<
WebApp_BPKAD.exe: 000021FC: 12:15:13 [TUniServerModule]:Server First Init.
WebApp_BPKAD.exe: 000021FC: 12:15:13 [TUniServerModule]:Starting HTTP Server on Port: 80...
WebApp_BPKAD.exe: 000021FC: 12:15:14 [TUniServerModule]:HTTP Server Started on Port: 80
WebApp_BPKAD.exe: 00001CCC: 12:15:16 [127.0.0.1]:EUniSessionException : Invalid session or session Timeout. (Session not found: H5t7Yh9sz41089810C7 ) : Addr: $007DFFFE
WebApp_BPKAD.exe: 00003340: 12:15:17 [127.0.0.1]:EUniSessionException : Invalid session or session Timeout. (Invalid URI: /ERROR ) : Addr: $007DFFFE
WebApp_BPKAD.exe: 000021FC: 12:15:31 [TUniServerModule]:Shutting Down Server.
WebApp_BPKAD.exe: 000021FC: 12:15:31 [TUniServerModule]:Stopping HTTP Server.
WebApp_BPKAD.exe: 000021FC: 12:15:33 [TUniServerModule]:HTTP Server Stopped.
WebApp_BPKAD.exe: 000021FC: 12:15:33 [TUniGUISessionManager]:Terminating Session manager.
WebApp_BPKAD.exe: 000021FC: 12:15:33 [TUniGUISessionManager]:Stopping Cache Eraser...
WebApp_BPKAD.exe: 000021FC: 12:15:33 [TUniGUISessionManager]:Cache Eraser Stopped.
WebApp_BPKAD.exe: 000021FC: 12:15:33 []:EInvalidPointer : Invalid pointer operation : Addr: $00409DA9
WebApp_BPKAD.exe: 000021FC: 12:15:33 [TUniGUISessionManager]:Destroying Worker Threads.
WebApp_BPKAD.exe: 000021FC: 12:15:33 [TUniGUISessionManager]:Session manager terminated.
WebApp_BPKAD.exe: 000021FC: 12:15:33 [TUniServerModule]:Server Shutdown Completed.
WebApp_BPKAD.exe: 000021FC: 12:15:33 []:<-------------------------------------------------------------->
WebApp_BPKAD.exe: 000021FC: 12:15:33 [Terminated]:Exit Code: 0
WebApp_BPKAD.exe: 000033B0: 12:17:15 []:>--------------------------------------------------------------<
WebApp_BPKAD.exe: 000033B0: 12:17:15 [TUniServerModule]:Server First Init.
WebApp_BPKAD.exe: 000033B0: 12:17:15 [TUniServerModule]:Starting HTTP Server on Port: 80...
WebApp_BPKAD.exe: 000033B0: 12:17:16 [TUniServerModule]:HTTP Server Started on Port: 80
WebApp_BPKAD.exe: 000038CC: 12:17:18 [127.0.0.1]:EUniSessionException : Invalid session or session Timeout. (Session not found: hwFkv8vrOp1089811D5 ) : Addr: $007DFFFE
WebApp_BPKAD.exe: 00002CB4: 12:17:19 [127.0.0.1]:EUniSessionException : Invalid session or session Timeout. (Invalid URI: /ERROR ) : Addr: $007DFFFE
WebApp_BPKAD.exe: 000033B0: 12:17:24 [TUniServerModule]:Shutting Down Server.
WebApp_BPKAD.exe: 000033B0: 12:17:24 [TUniServerModule]:Stopping HTTP Server.
WebApp_BPKAD.exe: 000033B0: 12:17:25 [TUniServerModule]:HTTP Server Stopped.
WebApp_BPKAD.exe: 000033B0: 12:17:25 [TUniGUISessionManager]:Terminating Session manager.
WebApp_BPKAD.exe: 000033B0: 12:17:25 [TUniGUISessionManager]:Stopping Cache Eraser...
WebApp_BPKAD.exe: 000033B0: 12:17:25 [TUniGUISessionManager]:Cache Eraser Stopped.
WebApp_BPKAD.exe: 000033B0: 12:17:25 []:EInvalidPointer : Invalid pointer operation : Addr: $00409DA9
WebApp_BPKAD.exe: 000033B0: 12:17:25 [TUniGUISessionManager]:Destroying Worker Threads.
WebApp_BPKAD.exe: 000033B0: 12:17:25 [TUniGUISessionManager]:Session manager terminated.
WebApp_BPKAD.exe: 000033B0: 12:17:25 [TUniServerModule]:Server Shutdown Completed.
WebApp_BPKAD.exe: 000033B0: 12:17:25 []:<-------------------------------------------------------------->
WebApp_BPKAD.exe: 000033B0: 12:17:25 [Terminated]:Exit Code: 0
WebApp_BPKAD.exe: 000030AC: 12:19:04 []:>--------------------------------------------------------------<
WebApp_BPKAD.exe: 000030AC: 12:19:04 [TUniServerModule]:Server First Init.
WebApp_BPKAD.exe: 000030AC: 12:19:04 [TUniServerModule]:Starting HTTP Server on Port: 80...
WebApp_BPKAD.exe: 000030AC: 12:19:04 [TUniServerModule]:HTTP Server Started on Port: 80
WebApp_BPKAD.exe: 00003300: 12:19:07 [127.0.0.1]:EUniSessionException : Invalid session or session Timeout. (Session not found: zOCdA4DX74108981262 ) : Addr: $007DFFFE
WebApp_BPKAD.exe: 000046C0: 12:19:07 [127.0.0.1]:EUniSessionException : Invalid session or session Timeout. (Invalid URI: /ERROR ) : Addr: $007DFFFE
WebApp_BPKAD.exe: 00003300: 12:19:11 [127.0.0.1]:EUniSessionException : Invalid session or session Timeout. (Invalid URI: /ERROR ) : Addr: $007DFFFE
WebApp_BPKAD.exe: 00001A88: 12:19:14 []:EInvalidPointer : Invalid pointer operation : Addr: $00409DA9
WebApp_BPKAD.exe: 000030AC: 12:19:15 [TUniServerModule]:Shutting Down Server.
WebApp_BPKAD.exe: 000030AC: 12:19:15 [TUniServerModule]:Stopping HTTP Server.
WebApp_BPKAD.exe: 000030AC: 12:19:16 [TUniServerModule]:HTTP Server Stopped.
WebApp_BPKAD.exe: 000030AC: 12:19:16 [TUniGUISessionManager]:Terminating Session manager.
WebApp_BPKAD.exe: 000030AC: 12:19:16 [TUniGUISessionManager]:Stopping Cache Eraser...
WebApp_BPKAD.exe: 000030AC: 12:19:16 [TUniGUISessionManager]:Cache Eraser Stopped.
WebApp_BPKAD.exe: 000030AC: 12:19:16 []:EInvalidPointer : Invalid pointer operation : Addr: $00409DA9
WebApp_BPKAD.exe: 000030AC: 12:19:16 [TUniGUISessionManager]:Destroying Worker Threads.
WebApp_BPKAD.exe: 000030AC: 12:19:16 [TUniGUISessionManager]:Session manager terminated.
WebApp_BPKAD.exe: 000030AC: 12:19:16 [TUniServerModule]:Server Shutdown Completed.
WebApp_BPKAD.exe: 000030AC: 12:19:16 []:<-------------------------------------------------------------->
WebApp_BPKAD.exe: 000030AC: 12:19:16 [Terminated]:Exit Code: 0
WebApp_BPKAD.exe: 00004B60: 12:23:23 []:>--------------------------------------------------------------<
WebApp_BPKAD.exe: 00004B60: 12:23:23 [TUniServerModule]:Server First Init.
WebApp_BPKAD.exe: 00004B60: 12:23:23 [TUniServerModule]:Starting HTTP Server on Port: 80...
WebApp_BPKAD.exe: 00004B60: 12:23:24 [TUniServerModule]:HTTP Server Started on Port: 80
WebApp_BPKAD.exe: 00004EF0: 12:23:31 [127.0.0.1]:EUniSessionException : Invalid session or session Timeout. (Invalid URI: /ERROR ) : Addr: $007DFFFE
WebApp_BPKAD.exe: 00004B60: 12:23:38 [TUniServerModule]:Shutting Down Server.
WebApp_BPKAD.exe: 00004B60: 12:23:38 [TUniServerModule]:Stopping HTTP Server.
WebApp_BPKAD.exe: 00004B60: 12:23:39 [TUniServerModule]:HTTP Server Stopped.
WebApp_BPKAD.exe: 00004B60: 12:23:39 [TUniGUISessionManager]:Terminating Session manager.
WebApp_BPKAD.exe: 00004B60: 12:23:39 [TUniGUISessionManager]:Stopping Cache Eraser...
WebApp_BPKAD.exe: 00004B60: 12:23:39 [TUniGUISessionManager]:Cache Eraser Stopped.
WebApp_BPKAD.exe: 00004B60: 12:23:39 []:EInvalidPointer : Invalid pointer operation : Addr: $00409DA9
WebApp_BPKAD.exe: 00004B60: 12:23:39 [TUniGUISessionManager]:Destroying Worker Threads.
WebApp_BPKAD.exe: 00004B60: 12:23:39 [TUniGUISessionManager]:Session manager terminated.
WebApp_BPKAD.exe: 00004B60: 12:23:39 [TUniServerModule]:Server Shutdown Completed.
WebApp_BPKAD.exe: 00004B60: 12:23:39 []:<-------------------------------------------------------------->
WebApp_BPKAD.exe: 00004B60: 12:23:39 [Terminated]:Exit Code: 0
WebApp_BPKAD.exe: 00001CEC: 12:24:17 []:>--------------------------------------------------------------<
WebApp_BPKAD.exe: 00001CEC: 12:24:17 [TUniServerModule]:Server First Init.
WebApp_BPKAD.exe: 00001CEC: 12:24:17 [TUniServerModule]:Starting HTTP Server on Port: 80...
WebApp_BPKAD.exe: 00001CEC: 12:24:18 [TUniServerModule]:HTTP Server Started on Port: 80
WebApp_BPKAD.exe: 000020C4: 12:24:20 [127.0.0.1]:EUniSessionException : Invalid session or session Timeout. (Session not found: V8L3kGG1RR108981410 ) : Addr: $007DFFFE
WebApp_BPKAD.exe: 0000317C: 12:24:21 [127.0.0.1]:EUniSessionException : Invalid session or session Timeout. (Invalid URI: /ERROR ) : Addr: $007DFFFE
WebApp_BPKAD.exe: 00001CEC: 12:24:26 [TUniServerModule]:Shutting Down Server.
WebApp_BPKAD.exe: 00001CEC: 12:24:26 [TUniServerModule]:Stopping HTTP Server.
WebApp_BPKAD.exe: 00001CEC: 12:24:27 [TUniServerModule]:HTTP Server Stopped.
WebApp_BPKAD.exe: 00001CEC: 12:24:27 [TUniGUISessionManager]:Terminating Session manager.
WebApp_BPKAD.exe: 00001CEC: 12:24:27 [TUniGUISessionManager]:Stopping Cache Eraser...
WebApp_BPKAD.exe: 00001CEC: 12:24:27 [TUniGUISessionManager]:Cache Eraser Stopped.
WebApp_BPKAD.exe: 00001CEC: 12:24:27 []:EInvalidPointer : Invalid pointer operation : Addr: $00409DA9
WebApp_BPKAD.exe: 00001CEC: 12:24:27 [TUniGUISessionManager]:Destroying Worker Threads.
WebApp_BPKAD.exe: 00001CEC: 12:24:27 [TUniGUISessionManager]:Session manager terminated.
WebApp_BPKAD.exe: 00001CEC: 12:24:27 [TUniServerModule]:Server Shutdown Completed.
WebApp_BPKAD.exe: 00001CEC: 12:24:27 []:<-------------------------------------------------------------->
WebApp_BPKAD.exe: 00001CEC: 12:24:27 [Terminated]:Exit Code: 0
WebApp_BPKAD.exe: 00000928: 14:29:07 []:>--------------------------------------------------------------<
WebApp_BPKAD.exe: 00000928: 14:29:07 [TUniServerModule]:Server First Init.
WebApp_BPKAD.exe: 00000928: 14:29:07 [TUniServerModule]:Starting HTTP Server on Port: 80...
WebApp_BPKAD.exe: 00000928: 14:29:08 [TUniServerModule]:HTTP Server Started on Port: 80
WebApp_BPKAD.exe: 000025CC: 14:29:12 [127.0.0.1]:EUniSessionException : Invalid session or session Timeout. (Session not found: Q17YldPkOy10898144A ) : Addr: $007DFFFE
WebApp_BPKAD.exe: 00003DD4: 14:29:13 [127.0.0.1]:EUniSessionException : Invalid session or session Timeout. (Invalid URI: /ERROR ) : Addr: $007DFFFE
WebApp_BPKAD.exe: 000025CC: 14:29:14 [127.0.0.1]:EMSSQLNativeException : [FireDAC][Phys][ODBC][Microsoft][SQL Server Native Client 11.0][SQL Server]Invalid object name 'users'. : Addr: $0093B1A1
WebApp_BPKAD.exe: 00000928: 14:29:19 [TUniServerModule]:Shutting Down Server.
WebApp_BPKAD.exe: 00000928: 14:29:19 [TUniServerModule]:Stopping HTTP Server.
WebApp_BPKAD.exe: 00000928: 14:29:20 [TUniServerModule]:HTTP Server Stopped.
WebApp_BPKAD.exe: 00000928: 14:29:20 [TUniGUISessionManager]:Terminating Session manager.
WebApp_BPKAD.exe: 00000928: 14:29:20 [TUniGUISessionManager]:Stopping Cache Eraser...
WebApp_BPKAD.exe: 00000928: 14:29:20 [TUniGUISessionManager]:Cache Eraser Stopped.
WebApp_BPKAD.exe: 00000928: 14:29:20 []:EInvalidPointer : Invalid pointer operation : Addr: $00409DA9
WebApp_BPKAD.exe: 00000928: 14:29:20 [TUniGUISessionManager]:Destroying Worker Threads.
WebApp_BPKAD.exe: 00000928: 14:29:20 [TUniGUISessionManager]:Session manager terminated.
WebApp_BPKAD.exe: 00000928: 14:29:20 [TUniServerModule]:Server Shutdown Completed.
WebApp_BPKAD.exe: 00000928: 14:29:20 []:<-------------------------------------------------------------->
WebApp_BPKAD.exe: 00000928: 14:29:20 [Terminated]:Exit Code: 0
WebApp_BPKAD.exe: 00002E8C: 14:32:49 []:>--------------------------------------------------------------<
WebApp_BPKAD.exe: 00002E8C: 14:32:49 [TUniServerModule]:Server First Init.
WebApp_BPKAD.exe: 00002E8C: 14:32:49 [TUniServerModule]:Starting HTTP Server on Port: 80...
WebApp_BPKAD.exe: 00002E8C: 14:32:50 [TUniServerModule]:HTTP Server Started on Port: 80
WebApp_BPKAD.exe: 00002F54: 14:32:58 [127.0.0.1]:EUniSessionException : Invalid session or session Timeout. (Session not found: xyisN9Re8P10898362A ) : Addr: $007DFFFE
WebApp_BPKAD.exe: 000045A0: 14:32:58 [127.0.0.1]:EUniSessionException : Invalid session or session Timeout. (Invalid URI: /ERROR ) : Addr: $007DFFFE
WebApp_BPKAD.exe: 000045A0: 14:33:37 [127.0.0.1]:EUniSessionException : Invalid session or session Timeout. (Invalid URI: /ERROR ) : Addr: $007DFFFE
WebApp_BPKAD.exe: 0000466C: 14:33:39 []:EInvalidPointer : Invalid pointer operation : Addr: $00409DA9
WebApp_BPKAD.exe: 00002E8C: 14:34:35 [TUniServerModule]:Shutting Down Server.
WebApp_BPKAD.exe: 00002E8C: 14:34:35 [TUniServerModule]:Stopping HTTP Server.
WebApp_BPKAD.exe: 00002E8C: 14:34:36 [TUniServerModule]:HTTP Server Stopped.
WebApp_BPKAD.exe: 00002E8C: 14:34:36 [TUniGUISessionManager]:Terminating Session manager.
WebApp_BPKAD.exe: 00002E8C: 14:34:36 [TUniGUISessionManager]:Stopping Cache Eraser...
WebApp_BPKAD.exe: 00002E8C: 14:34:36 [TUniGUISessionManager]:Cache Eraser Stopped.
WebApp_BPKAD.exe: 00002E8C: 14:34:36 []:EInvalidPointer : Invalid pointer operation : Addr: $00409DA9
WebApp_BPKAD.exe: 00002E8C: 14:34:37 [TUniGUISessionManager]:Destroying Worker Threads.
WebApp_BPKAD.exe: 00002E8C: 14:34:37 [TUniGUISessionManager]:Session manager terminated.
WebApp_BPKAD.exe: 00002E8C: 14:34:37 [TUniServerModule]:Server Shutdown Completed.
WebApp_BPKAD.exe: 00002E8C: 14:34:37 []:<-------------------------------------------------------------->
WebApp_BPKAD.exe: 00002E8C: 14:34:37 [Terminated]:Exit Code: 0
WebApp_BPKAD.exe: 00004B94: 14:41:42 []:>--------------------------------------------------------------<
WebApp_BPKAD.exe: 00004B94: 14:41:42 [TUniServerModule]:Server First Init.
WebApp_BPKAD.exe: 00004B94: 14:41:42 [TUniServerModule]:Starting HTTP Server on Port: 80...
WebApp_BPKAD.exe: 00004B94: 14:41:43 [TUniServerModule]:HTTP Server Started on Port: 80
WebApp_BPKAD.exe: 00002C80: 14:41:58 [127.0.0.1]:EInvalidPointer : Invalid pointer operation : Addr: $00409DA9
WebApp_BPKAD.exe: 00002C80: 14:41:58 [127.0.0.1]:EUniSessionException : Invalid session or session Timeout. (Session not found: WwunxjIBSV10898375C ) : Addr: $007DFFFE
WebApp_BPKAD.exe: 00001B30: 14:41:58 [HandleFileRequest[127.0.0.1]]:File not found: D:\OneDrive\PROJECTS\BPKAD HST\WebApp_BPKAD\logoBPKAD.png
WebApp_BPKAD.exe: 00002C18: 14:42:22 []:EInvalidPointer : Invalid pointer operation : Addr: $00409DA9
WebApp_BPKAD.exe: 00002C80: 14:42:48 [127.0.0.1]:EInvalidPointer : Invalid pointer operation : Addr: $00409DA9
WebApp_BPKAD.exe: 00002C80: 14:42:49 [HandleFileRequest[127.0.0.1]]:File not found: D:\OneDrive\PROJECTS\BPKAD HST\WebApp_BPKAD\logoBPKAD.png
WebApp_BPKAD.exe: 00004EC0: 14:43:04 [127.0.0.1]:EInvalidPointer : Invalid pointer operation : Addr: $00409DA9
WebApp_BPKAD.exe: 00002F6C: 14:43:04 [HandleFileRequest[127.0.0.1]]:File not found: D:\OneDrive\PROJECTS\BPKAD HST\WebApp_BPKAD\logoBPKAD.png
WebApp_BPKAD.exe: 00004B94: 14:43:08 [TUniServerModule]:Shutting Down Server.
WebApp_BPKAD.exe: 00004B94: 14:43:08 [TUniServerModule]:Stopping HTTP Server.
WebApp_BPKAD.exe: 00004B94: 14:43:09 [TUniServerModule]:HTTP Server Stopped.
WebApp_BPKAD.exe: 00004B94: 14:43:09 [TUniGUISessionManager]:Terminating Session manager.
WebApp_BPKAD.exe: 00004B94: 14:43:09 [TUniGUISessionManager]:Stopping Cache Eraser...
WebApp_BPKAD.exe: 00004B94: 14:43:09 [TUniGUISessionManager]:Cache Eraser Stopped.
WebApp_BPKAD.exe: 00004B94: 14:43:09 [TUniGUISessionManager]:Waiting for session manager thread...
WebApp_BPKAD.exe: 00002004: 14:46:45 []:>--------------------------------------------------------------<
WebApp_BPKAD.exe: 00002004: 14:46:45 [TUniServerModule]:Server First Init.
WebApp_BPKAD.exe: 00002004: 14:46:45 [TUniServerModule]:Global Cache Folder Erased. <35> Files deleted.
WebApp_BPKAD.exe: 00002004: 14:46:45 [TUniServerModule]:Starting HTTP Server on Port: 80...
WebApp_BPKAD.exe: 00002004: 14:46:45 [TUniServerModule]:HTTP Server Started on Port: 80
WebApp_BPKAD.exe: 00004808: 14:46:52 [127.0.0.1]:EUniSessionException : Invalid session or session Timeout. (Session not found: HonlH8kVAd1089839EC ) : Addr: $007DFFFE
WebApp_BPKAD.exe: 000017BC: 14:46:52 [127.0.0.1]:EUniSessionException : Invalid session or session Timeout. (Invalid URI: /ERROR ) : Addr: $007DFFFE
WebApp_BPKAD.exe: 00002004: 14:47:06 [TUniServerModule]:Shutting Down Server.
WebApp_BPKAD.exe: 00002004: 14:47:06 [TUniServerModule]:Stopping HTTP Server.
WebApp_BPKAD.exe: 00002004: 14:47:07 [TUniServerModule]:HTTP Server Stopped.
WebApp_BPKAD.exe: 00002004: 14:47:07 [TUniGUISessionManager]:Terminating Session manager.
WebApp_BPKAD.exe: 00002004: 14:47:07 [TUniGUISessionManager]:Stopping Cache Eraser...
WebApp_BPKAD.exe: 00002004: 14:47:07 [TUniGUISessionManager]:Cache Eraser Stopped.
WebApp_BPKAD.exe: 00002004: 14:47:07 []:EInvalidPointer : Invalid pointer operation : Addr: $00409DA9
WebApp_BPKAD.exe: 00002004: 14:47:07 [TUniGUISessionManager]:Destroying Worker Threads.
WebApp_BPKAD.exe: 00002004: 14:47:07 [TUniGUISessionManager]:Session manager terminated.
WebApp_BPKAD.exe: 00002004: 14:47:07 [TUniServerModule]:Server Shutdown Completed.
WebApp_BPKAD.exe: 00002004: 14:47:07 []:<-------------------------------------------------------------->
WebApp_BPKAD.exe: 00002004: 14:47:07 [Terminated]:Exit Code: 0
WebApp_BPKAD.exe: 0000127C: 14:48:40 []:>--------------------------------------------------------------<
WebApp_BPKAD.exe: 0000127C: 14:48:40 [TUniServerModule]:Server First Init.
WebApp_BPKAD.exe: 0000127C: 14:48:40 [TUniServerModule]:Starting HTTP Server on Port: 80...
WebApp_BPKAD.exe: 0000127C: 14:48:41 [TUniServerModule]:HTTP Server Started on Port: 80
WebApp_BPKAD.exe: 00000954: 14:48:45 [127.0.0.1]:EUniSessionException : Invalid session or session Timeout. (Session not found: IRss8tjK8h108983AF4 ) : Addr: $007DFFFE
WebApp_BPKAD.exe: 00003384: 14:48:45 [127.0.0.1]:EUniSessionException : Invalid session or session Timeout. (Invalid URI: /ERROR ) : Addr: $007DFFFE
WebApp_BPKAD.exe: 000034A0: 14:49:03 [127.0.0.1]:EFDException : [FireDAC][Phys]-334. FDPhysManager shutdown timeout. Possible reason: application has not released all connection interfaces : Addr: $008562AC
