WebApp_BPKAD.exe: 00004540: 15:55:33 []:>--------------------------------------------------------------<
WebApp_BPKAD.exe: 00004540: 15:55:33 [TUniServerModule]:Server First Init.
WebApp_BPKAD.exe: 00004540: 15:55:33 [TUniServerModule]:Starting HTTP Server on Port: 85...
WebApp_BPKAD.exe: 00004540: 15:55:34 [TUniServerModule]:HTTP Server Started on Port: 85
WebApp_BPKAD.exe: 000043E8: 16:06:49 []:EAccessViolation : Access violation at address 00409A48 in module 'WebApp_BPKAD.exe'. Read of address FFFFFFFD : Addr: $00409A48
WebApp_BPKAD.exe: 00004540: 16:08:01 [TUniServerModule]:Shutting Down Server.
WebApp_BPKAD.exe: 00004540: 16:08:01 [TUniServerModule]:Stopping HTTP Server.
WebApp_BPKAD.exe: 00004540: 16:08:01 [TUniServerModule]:HTTP Server Stopped.
WebApp_BPKAD.exe: 00004540: 16:08:01 [TUniGUISessionManager]:Terminating Session manager.
WebApp_BPKAD.exe: 00004540: 16:08:01 [TUniGUISessionManager]:Stopping Cache Eraser...
WebApp_BPKAD.exe: 00004540: 16:08:01 [TUniGUISessionManager]:Cache Eraser Stopped.
WebApp_BPKAD.exe: 00004540: 16:08:01 [TUniGUISessionManager]:Destroying Worker Threads.
WebApp_BPKAD.exe: 00004540: 16:08:01 [TUniGUISessionManager]:Session manager terminated.
WebApp_BPKAD.exe: 00004540: 16:08:02 [TUniServerModule]:Server Shutdown Completed.
WebApp_BPKAD.exe: 00004540: 16:08:02 []:<-------------------------------------------------------------->
WebApp_BPKAD.exe: 00004540: 16:08:02 [Terminated]:Exit Code: 0
WebApp_BPKAD.exe: 00004E24: 16:08:05 []:>--------------------------------------------------------------<
WebApp_BPKAD.exe: 00004E24: 16:08:05 [TUniServerModule]:Server First Init.
WebApp_BPKAD.exe: 00004E24: 16:08:05 [TUniServerModule]:Starting HTTP Server on Port: 85...
WebApp_BPKAD.exe: 00004E24: 16:08:05 [TUniServerModule]:HTTP Server Started on Port: 85
WebApp_BPKAD.exe: 00004E24: 16:08:07 [TUniServerModule]:Shutting Down Server.
WebApp_BPKAD.exe: 00004E24: 16:08:07 [TUniServerModule]:Stopping HTTP Server.
WebApp_BPKAD.exe: 00004E24: 16:08:08 [TUniServerModule]:HTTP Server Stopped.
WebApp_BPKAD.exe: 00004E24: 16:08:08 [TUniGUISessionManager]:Terminating Session manager.
WebApp_BPKAD.exe: 00004E24: 16:08:08 [TUniGUISessionManager]:Stopping Cache Eraser...
WebApp_BPKAD.exe: 00004E24: 16:08:08 [TUniGUISessionManager]:Cache Eraser Stopped.
WebApp_BPKAD.exe: 00004E24: 16:08:08 [TUniGUISessionManager]:Destroying Worker Threads.
WebApp_BPKAD.exe: 00004E24: 16:08:08 [TUniGUISessionManager]:Session manager terminated.
WebApp_BPKAD.exe: 00004E24: 16:08:08 [TUniServerModule]:Server Shutdown Completed.
WebApp_BPKAD.exe: 00004E24: 16:08:08 []:<-------------------------------------------------------------->
WebApp_BPKAD.exe: 00004E24: 16:08:08 [Terminated]:Exit Code: 0
WebApp_BPKAD.exe: 0000344C: 16:29:45 []:>--------------------------------------------------------------<
WebApp_BPKAD.exe: 0000344C: 16:29:45 [TUniServerModule]:Server First Init.
WebApp_BPKAD.exe: 0000344C: 16:29:45 [TUniServerModule]:Starting HTTP Server on Port: 85...
WebApp_BPKAD.exe: 0000344C: 16:29:46 [TUniServerModule]:HTTP Server Started on Port: 85
WebApp_BPKAD.exe: 00001380: 16:29:46 [127.0.0.1]:EUniSessionException : Invalid session or session Timeout. (Session not found: zBt6wVHFlG109A1CE63 ) : Addr: $00794B4E
WebApp_BPKAD.exe: 00001380: 16:29:46 [127.0.0.1]:EUniSessionException : Invalid session or session Timeout. (Session not found: zBt6wVHFlG109A1CE63 ) : Addr: $00794B4E
WebApp_BPKAD.exe: 00001380: 16:29:46 [127.0.0.1]:EUniSessionException : Invalid session or session Timeout. (Session not found: zBt6wVHFlG109A1CE63 ) : Addr: $00794B4E
WebApp_BPKAD.exe: 00001380: 16:29:46 [127.0.0.1]:EUniSessionException : Invalid session or session Timeout. (Session not found: zBt6wVHFlG109A1CE63 ) : Addr: $00794B4E
WebApp_BPKAD.exe: 0000344C: 16:37:43 [TUniServerModule]:Shutting Down Server.
WebApp_BPKAD.exe: 0000344C: 16:37:43 [TUniServerModule]:Stopping HTTP Server.
WebApp_BPKAD.exe: 0000344C: 16:37:44 [TUniServerModule]:HTTP Server Stopped.
WebApp_BPKAD.exe: 0000344C: 16:37:44 [TUniGUISessionManager]:Terminating Session manager.
WebApp_BPKAD.exe: 0000344C: 16:37:44 [TUniGUISessionManager]:Stopping Cache Eraser...
WebApp_BPKAD.exe: 0000344C: 16:37:44 [TUniGUISessionManager]:Cache Eraser Stopped.
WebApp_BPKAD.exe: 0000344C: 16:37:44 []:EAccessViolation : Access violation at address 00409A48 in module 'WebApp_BPKAD.exe'. Read of address FFFFFFFD : Addr: $00409A48
WebApp_BPKAD.exe: 0000344C: 16:37:44 [TUniGUISessionManager]:Destroying Worker Threads.
WebApp_BPKAD.exe: 0000344C: 16:37:44 [TUniGUISessionManager]:Session manager terminated.
WebApp_BPKAD.exe: 0000344C: 16:37:44 [TUniServerModule]:Server Shutdown Completed.
WebApp_BPKAD.exe: 0000344C: 16:37:44 []:<-------------------------------------------------------------->
WebApp_BPKAD.exe: 0000344C: 16:37:44 [Terminated]:Exit Code: 0
WebApp_BPKAD.exe: 00001EF4: 16:37:55 []:>--------------------------------------------------------------<
WebApp_BPKAD.exe: 00001EF4: 16:37:55 [TUniServerModule]:Server First Init.
WebApp_BPKAD.exe: 00001EF4: 16:37:55 [TUniServerModule]:Starting HTTP Server on Port: 85...
WebApp_BPKAD.exe: 00001EF4: 16:37:55 [TUniServerModule]:HTTP Server Started on Port: 85
WebApp_BPKAD.exe: 00001EF4: 16:38:02 [TUniServerModule]:Shutting Down Server.
WebApp_BPKAD.exe: 00001EF4: 16:38:02 [TUniServerModule]:Stopping HTTP Server.
WebApp_BPKAD.exe: 00001EF4: 16:38:03 [TUniServerModule]:HTTP Server Stopped.
WebApp_BPKAD.exe: 00001EF4: 16:38:03 [TUniGUISessionManager]:Terminating Session manager.
WebApp_BPKAD.exe: 00001EF4: 16:38:03 [TUniGUISessionManager]:Stopping Cache Eraser...
WebApp_BPKAD.exe: 00001EF4: 16:38:03 [TUniGUISessionManager]:Cache Eraser Stopped.
WebApp_BPKAD.exe: 00001EF4: 16:38:03 [TUniGUISessionManager]:Destroying Worker Threads.
WebApp_BPKAD.exe: 00001EF4: 16:38:03 [TUniGUISessionManager]:Session manager terminated.
WebApp_BPKAD.exe: 00001EF4: 16:38:03 [TUniServerModule]:Server Shutdown Completed.
WebApp_BPKAD.exe: 00001EF4: 16:38:03 []:<-------------------------------------------------------------->
WebApp_BPKAD.exe: 00001EF4: 16:38:03 [Terminated]:Exit Code: 0
WebApp_BPKAD.exe: 00004A64: 16:38:17 []:>--------------------------------------------------------------<
WebApp_BPKAD.exe: 00004A64: 16:38:17 [TUniServerModule]:Server First Init.
WebApp_BPKAD.exe: 00004A64: 16:38:17 [TUniServerModule]:Starting HTTP Server on Port: 85...
WebApp_BPKAD.exe: 00004A64: 16:38:17 [TUniServerModule]:HTTP Server Started on Port: 85
WebApp_BPKAD.exe: 0000386C: 16:48:35 [127.0.0.1]:EUniSessionException : Invalid session or session Timeout. (Invalid URI: /srs6/serv/urn:verificationservices ) : Addr: $00794B4E
WebApp_BPKAD.exe: 00004A64: 17:05:14 [TUniServerModule]:Shutting Down Server.
WebApp_BPKAD.exe: 00004A64: 17:05:14 [TUniServerModule]:Stopping HTTP Server.
WebApp_BPKAD.exe: 00004A64: 17:05:15 [TUniServerModule]:HTTP Server Stopped.
WebApp_BPKAD.exe: 00004A64: 17:05:15 [TUniGUISessionManager]:Terminating Session manager.
WebApp_BPKAD.exe: 00004A64: 17:05:15 [TUniGUISessionManager]:Stopping Cache Eraser...
WebApp_BPKAD.exe: 00004A64: 17:05:15 [TUniGUISessionManager]:Cache Eraser Stopped.
WebApp_BPKAD.exe: 00004A64: 17:05:15 [TUniGUISessionManager]:Destroying Worker Threads.
WebApp_BPKAD.exe: 00004A64: 17:05:15 [TUniGUISessionManager]:Session manager terminated.
WebApp_BPKAD.exe: 00004A64: 17:05:15 [TUniServerModule]:Server Shutdown Completed.
WebApp_BPKAD.exe: 00004A64: 17:05:15 []:<-------------------------------------------------------------->
WebApp_BPKAD.exe: 00004A64: 17:05:15 [Terminated]:Exit Code: 0
WebApp_BPKAD.exe: 00003718: 17:10:50 []:>--------------------------------------------------------------<
WebApp_BPKAD.exe: 00003718: 17:10:50 [TUniServerModule]:Server First Init.
WebApp_BPKAD.exe: 00003718: 17:10:50 [TUniServerModule]:Starting HTTP Server on Port: 85...
WebApp_BPKAD.exe: 00003718: 17:10:50 [TUniServerModule]:HTTP Server Started on Port: 85
WebApp_BPKAD.exe: 00003718: 17:16:08 [TUniServerModule]:Shutting Down Server.
WebApp_BPKAD.exe: 00003718: 17:16:08 [TUniServerModule]:Stopping HTTP Server.
WebApp_BPKAD.exe: 00003718: 17:16:08 [TUniServerModule]:HTTP Server Stopped.
WebApp_BPKAD.exe: 00003718: 17:16:08 [TUniGUISessionManager]:Terminating Session manager.
WebApp_BPKAD.exe: 00003718: 17:16:08 [TUniGUISessionManager]:Stopping Cache Eraser...
WebApp_BPKAD.exe: 00003718: 17:16:09 [TUniGUISessionManager]:Cache Eraser Stopped.
WebApp_BPKAD.exe: 00003718: 17:16:09 [TUniGUISessionManager]:Destroying Worker Threads.
WebApp_BPKAD.exe: 00003718: 17:16:09 [TUniGUISessionManager]:Session manager terminated.
WebApp_BPKAD.exe: 00003718: 17:16:09 [TUniServerModule]:Server Shutdown Completed.
WebApp_BPKAD.exe: 00003718: 17:16:09 []:<-------------------------------------------------------------->
WebApp_BPKAD.exe: 00003718: 17:16:09 [Terminated]:Exit Code: 0
WebApp_BPKAD.exe: 00001C64: 17:17:44 []:>--------------------------------------------------------------<
WebApp_BPKAD.exe: 00001C64: 17:17:44 [TUniServerModule]:Server First Init.
WebApp_BPKAD.exe: 00001C64: 17:17:44 [TUniServerModule]:Starting HTTP Server on Port: 85...
WebApp_BPKAD.exe: 00001C64: 17:17:45 [TUniServerModule]:HTTP Server Started on Port: 85
WebApp_BPKAD.exe: 00001AF8: 17:17:51 [127.0.0.1]:EUniSessionException : Invalid session or session Timeout. (Session not found: KUprY2lWqX109A1D79E ) : Addr: $00794B4E
WebApp_BPKAD.exe: 00001AF8: 17:17:51 [127.0.0.1]:EUniSessionException : Invalid session or session Timeout. (Session not found: KUprY2lWqX109A1D79E ) : Addr: $00794B4E
WebApp_BPKAD.exe: 00001C64: 17:19:35 [TUniServerModule]:Shutting Down Server.
WebApp_BPKAD.exe: 00001C64: 17:19:35 [TUniServerModule]:Stopping HTTP Server.
WebApp_BPKAD.exe: 00001C64: 17:19:36 [TUniServerModule]:HTTP Server Stopped.
WebApp_BPKAD.exe: 00001C64: 17:19:36 [TUniGUISessionManager]:Terminating Session manager.
WebApp_BPKAD.exe: 00001C64: 17:19:36 [TUniGUISessionManager]:Stopping Cache Eraser...
WebApp_BPKAD.exe: 00001C64: 17:19:36 [TUniGUISessionManager]:Cache Eraser Stopped.
WebApp_BPKAD.exe: 00001C64: 17:19:36 []:EAccessViolation : Access violation at address 00409A48 in module 'WebApp_BPKAD.exe'. Read of address FFFFFFFD : Addr: $00409A48
WebApp_BPKAD.exe: 00001C64: 17:19:36 [TUniGUISessionManager]:Destroying Worker Threads.
WebApp_BPKAD.exe: 00001C64: 17:19:36 [TUniGUISessionManager]:Session manager terminated.
WebApp_BPKAD.exe: 00001C64: 17:19:37 [TUniServerModule]:Server Shutdown Completed.
WebApp_BPKAD.exe: 00001C64: 17:19:37 []:<-------------------------------------------------------------->
WebApp_BPKAD.exe: 00001C64: 17:19:37 [Terminated]:Exit Code: 0
WebApp_BPKAD.exe: 00002CFC: 17:21:12 []:>--------------------------------------------------------------<
WebApp_BPKAD.exe: 00002CFC: 17:21:12 [TUniServerModule]:Server First Init.
WebApp_BPKAD.exe: 00002CFC: 17:21:12 [TUniServerModule]:Starting HTTP Server on Port: 85...
WebApp_BPKAD.exe: 00002CFC: 17:21:13 [TUniServerModule]:HTTP Server Started on Port: 85
WebApp_BPKAD.exe: 00001688: 17:21:24 [127.0.0.1]:EUniSessionException : Invalid session or session Timeout. (Session not found: 2kMWtYExAW109A1E4A9 ) : Addr: $00794B4E
WebApp_BPKAD.exe: 00001688: 17:21:24 [127.0.0.1]:EUniSessionException : Invalid session or session Timeout. (Session not found: 2kMWtYExAW109A1E4A9 ) : Addr: $00794B4E
WebApp_BPKAD.exe: 00002CFC: 17:28:14 [TUniServerModule]:Shutting Down Server.
WebApp_BPKAD.exe: 00002CFC: 17:28:14 [TUniServerModule]:Stopping HTTP Server.
WebApp_BPKAD.exe: 00002CFC: 17:28:16 [TUniServerModule]:HTTP Server Stopped.
WebApp_BPKAD.exe: 00002CFC: 17:28:16 [TUniGUISessionManager]:Terminating Session manager.
WebApp_BPKAD.exe: 00002CFC: 17:28:16 [TUniGUISessionManager]:Stopping Cache Eraser...
WebApp_BPKAD.exe: 00002CFC: 17:28:16 [TUniGUISessionManager]:Cache Eraser Stopped.
WebApp_BPKAD.exe: 00002CFC: 17:28:16 []:EAccessViolation : Access violation at address 00409A48 in module 'WebApp_BPKAD.exe'. Read of address FFFFFFFD : Addr: $00409A48
WebApp_BPKAD.exe: 00002CFC: 17:28:16 [TUniGUISessionManager]:Destroying Worker Threads.
WebApp_BPKAD.exe: 00002CFC: 17:28:16 [TUniGUISessionManager]:Session manager terminated.
WebApp_BPKAD.exe: 00002CFC: 17:28:16 [TUniServerModule]:Server Shutdown Completed.
WebApp_BPKAD.exe: 00002CFC: 17:28:16 []:<-------------------------------------------------------------->
WebApp_BPKAD.exe: 00002CFC: 17:28:16 [Terminated]:Exit Code: 0
WebApp_BPKAD.exe: 00004B0C: 17:31:17 []:>--------------------------------------------------------------<
WebApp_BPKAD.exe: 00004B0C: 17:31:17 [TUniServerModule]:Server First Init.
WebApp_BPKAD.exe: 00004B0C: 17:31:17 [TUniServerModule]:Starting HTTP Server on Port: 85...
WebApp_BPKAD.exe: 00004B0C: 17:31:17 [TUniServerModule]:HTTP Server Started on Port: 85
WebApp_BPKAD.exe: 00004AFC: 17:31:20 [127.0.0.1]:EUniSessionException : Invalid session or session Timeout. (Session not found: uULpCknFSp109A1E5A0 ) : Addr: $00794B4E
WebApp_BPKAD.exe: 00004AFC: 17:31:20 [127.0.0.1]:EUniSessionException : Invalid session or session Timeout. (Session not found: uULpCknFSp109A1E5A0 ) : Addr: $00794B4E
WebApp_BPKAD.exe: 00004B0C: 17:32:51 [TUniServerModule]:Shutting Down Server.
WebApp_BPKAD.exe: 00004B0C: 17:32:51 [TUniServerModule]:Stopping HTTP Server.
WebApp_BPKAD.exe: 00004B0C: 17:32:52 [TUniServerModule]:HTTP Server Stopped.
WebApp_BPKAD.exe: 00004B0C: 17:32:52 [TUniGUISessionManager]:Terminating Session manager.
WebApp_BPKAD.exe: 00004B0C: 17:32:52 [TUniGUISessionManager]:Stopping Cache Eraser...
WebApp_BPKAD.exe: 00004B0C: 17:32:52 [TUniGUISessionManager]:Cache Eraser Stopped.
WebApp_BPKAD.exe: 00004B0C: 17:32:53 []:EAccessViolation : Access violation at address 00409A48 in module 'WebApp_BPKAD.exe'. Read of address FFFFFFFD : Addr: $00409A48
WebApp_BPKAD.exe: 00004B0C: 17:32:53 [TUniGUISessionManager]:Destroying Worker Threads.
WebApp_BPKAD.exe: 00004B0C: 17:32:53 [TUniGUISessionManager]:Session manager terminated.
WebApp_BPKAD.exe: 00004B0C: 17:32:53 [TUniServerModule]:Server Shutdown Completed.
WebApp_BPKAD.exe: 00004B0C: 17:32:53 []:<-------------------------------------------------------------->
WebApp_BPKAD.exe: 00004B0C: 17:32:53 [Terminated]:Exit Code: 0
WebApp_BPKAD.exe: 00004EEC: 17:33:42 []:>--------------------------------------------------------------<
WebApp_BPKAD.exe: 00004EEC: 17:33:42 [TUniServerModule]:Server First Init.
WebApp_BPKAD.exe: 00004EEC: 17:33:42 [TUniServerModule]:Starting HTTP Server on Port: 85...
WebApp_BPKAD.exe: 00004EEC: 17:33:42 [TUniServerModule]:HTTP Server Started on Port: 85
WebApp_BPKAD.exe: 00004A04: 17:33:50 [127.0.0.1]:EUniSessionException : Invalid session or session Timeout. (Session not found: l1SpNjfoW1109A1E852 ) : Addr: $00794B4E
WebApp_BPKAD.exe: 00004A04: 17:33:50 [127.0.0.1]:EUniSessionException : Invalid session or session Timeout. (Session not found: l1SpNjfoW1109A1E852 ) : Addr: $00794B4E
WebApp_BPKAD.exe: 00001470: 17:47:23 []:EAccessViolation : Access violation at address 00409A48 in module 'WebApp_BPKAD.exe'. Read of address FFFFFFFD : Addr: $00409A48
WebApp_BPKAD.exe: 000023E8: 17:51:33 [127.0.0.1]:EUniSessionException : Invalid session or session Timeout. (Session not found: FddxRBfqSK109A1E8FF ) : Addr: $00794B4E
WebApp_BPKAD.exe: 000023E8: 17:51:33 [127.0.0.1]:EUniSessionException : Invalid session or session Timeout. (Session not found: FddxRBfqSK109A1E8FF ) : Addr: $00794B4E
WebApp_BPKAD.exe: 00004EEC: 17:51:45 [TUniServerModule]:Shutting Down Server.
WebApp_BPKAD.exe: 00004EEC: 17:51:45 [TUniServerModule]:Stopping HTTP Server.
WebApp_BPKAD.exe: 00004EEC: 17:51:46 [TUniServerModule]:HTTP Server Stopped.
WebApp_BPKAD.exe: 00004EEC: 17:51:46 [TUniGUISessionManager]:Terminating Session manager.
WebApp_BPKAD.exe: 00004EEC: 17:51:46 [TUniGUISessionManager]:Stopping Cache Eraser...
WebApp_BPKAD.exe: 00004EEC: 17:51:46 [TUniGUISessionManager]:Cache Eraser Stopped.
WebApp_BPKAD.exe: 00004EEC: 17:51:46 []:EInvalidPointer : Invalid pointer operation : Addr: $00409955
WebApp_BPKAD.exe: 00004EEC: 17:51:46 [TUniGUISessionManager]:Destroying Worker Threads.
WebApp_BPKAD.exe: 00004EEC: 17:51:46 [TUniGUISessionManager]:Session manager terminated.
WebApp_BPKAD.exe: 00004EEC: 17:51:46 [TUniServerModule]:Server Shutdown Completed.
WebApp_BPKAD.exe: 00004EEC: 17:51:46 []:<-------------------------------------------------------------->
WebApp_BPKAD.exe: 00004EEC: 17:51:46 [Terminated]:Exit Code: 0
WebApp_BPKAD.exe: 00002218: 18:00:23 []:>--------------------------------------------------------------<
WebApp_BPKAD.exe: 00002218: 18:00:23 [TUniServerModule]:Server First Init.
WebApp_BPKAD.exe: 00002218: 18:00:23 [TUniServerModule]:Starting HTTP Server on Port: 85...
WebApp_BPKAD.exe: 00002218: 18:00:24 [TUniServerModule]:HTTP Server Started on Port: 85
WebApp_BPKAD.exe: 00002218: 18:00:33 [TUniServerModule]:Shutting Down Server.
WebApp_BPKAD.exe: 00002218: 18:00:33 [TUniServerModule]:Stopping HTTP Server.
WebApp_BPKAD.exe: 00002218: 18:00:33 [TUniServerModule]:HTTP Server Stopped.
WebApp_BPKAD.exe: 00002218: 18:00:33 [TUniGUISessionManager]:Terminating Session manager.
WebApp_BPKAD.exe: 00002218: 18:00:33 [TUniGUISessionManager]:Stopping Cache Eraser...
WebApp_BPKAD.exe: 00002218: 18:00:33 [TUniGUISessionManager]:Cache Eraser Stopped.
WebApp_BPKAD.exe: 00002218: 18:00:33 [TUniGUISessionManager]:Destroying Worker Threads.
WebApp_BPKAD.exe: 00002218: 18:00:33 [TUniGUISessionManager]:Session manager terminated.
WebApp_BPKAD.exe: 00002218: 18:00:33 [TUniServerModule]:Server Shutdown Completed.
WebApp_BPKAD.exe: 00002218: 18:00:33 []:<-------------------------------------------------------------->
WebApp_BPKAD.exe: 00002218: 18:00:33 [Terminated]:Exit Code: 0
