WebApp_BPKAD.exe: 000035D8: 10:41:32 []:>--------------------------------------------------------------<
WebApp_BPKAD.exe: 000035D8: 10:41:32 [TUniServerModule]:Server First Init.
WebApp_BPKAD.exe: 000035D8: 10:41:32 [TUniServerModule]:Starting HTTP Server on Port: 85...
WebApp_BPKAD.exe: 000035D8: 10:41:32 [TUniServerModule]:HTTP Server Started on Port: 85
WebApp_BPKAD.exe: 000035D8: 10:41:34 [TUniServerModule]:Shutting Down Server.
WebApp_BPKAD.exe: 000035D8: 10:41:34 [TUniServerModule]:Stopping HTTP Server.
WebApp_BPKAD.exe: 000035D8: 10:41:35 [TUniServerModule]:HTTP Server Stopped.
WebApp_BPKAD.exe: 000035D8: 10:41:35 [TUniGUISessionManager]:Terminating Session manager.
WebApp_BPKAD.exe: 000035D8: 10:41:35 [TUniGUISessionManager]:Stopping Cache Eraser...
WebApp_BPKAD.exe: 000035D8: 10:41:35 [TUniGUISessionManager]:Cache Eraser Stopped.
WebApp_BPKAD.exe: 000035D8: 10:41:35 [TUniGUISessionManager]:Destroying Worker Threads.
WebApp_BPKAD.exe: 000035D8: 10:41:35 [TUniGUISessionManager]:Session manager terminated.
WebApp_BPKAD.exe: 000035D8: 10:41:35 [TUniServerModule]:Server Shutdown Completed.
WebApp_BPKAD.exe: 000035D8: 10:41:35 []:<-------------------------------------------------------------->
WebApp_BPKAD.exe: 000035D8: 10:41:35 [Terminated]:Exit Code: 0
WebApp_BPKAD.exe: 00003594: 10:57:05 []:>--------------------------------------------------------------<
WebApp_BPKAD.exe: 00003594: 10:57:05 [TUniServerModule]:Server First Init.
WebApp_BPKAD.exe: 00003594: 10:57:05 [TUniServerModule]:Starting HTTP Server on Port: 85...
WebApp_BPKAD.exe: 00003594: 10:57:06 [TUniServerModule]:HTTP Server Started on Port: 85
WebApp_BPKAD.exe: 00003594: 10:57:07 [TUniServerModule]:Shutting Down Server.
WebApp_BPKAD.exe: 00003594: 10:57:07 [TUniServerModule]:Stopping HTTP Server.
WebApp_BPKAD.exe: 00003594: 10:57:08 [TUniServerModule]:HTTP Server Stopped.
WebApp_BPKAD.exe: 00003594: 10:57:08 [TUniGUISessionManager]:Terminating Session manager.
WebApp_BPKAD.exe: 00003594: 10:57:08 [TUniGUISessionManager]:Stopping Cache Eraser...
WebApp_BPKAD.exe: 00003594: 10:57:08 [TUniGUISessionManager]:Cache Eraser Stopped.
WebApp_BPKAD.exe: 00003594: 10:57:08 [TUniGUISessionManager]:Destroying Worker Threads.
WebApp_BPKAD.exe: 00003594: 10:57:08 [TUniGUISessionManager]:Session manager terminated.
WebApp_BPKAD.exe: 00003594: 10:57:08 [TUniServerModule]:Server Shutdown Completed.
WebApp_BPKAD.exe: 00003594: 10:57:08 []:<-------------------------------------------------------------->
WebApp_BPKAD.exe: 00003594: 10:57:08 [Terminated]:Exit Code: 0
