WebApp_BPKAD.exe: 00003C4C: 00:16:10 [127.0.0.1]:EUniSessionException : Invalid session or session Timeout. (Session not found: YEkxMV6EnS109AB7034 ) : Addr: $00794C9A
WebApp_BPKAD.exe: 00003C4C: 00:16:10 [127.0.0.1]:EUniSessionException : Invalid session or session Timeout. (Session not found: YEkxMV6EnS109AB7034 ) : Addr: $00794C9A
WebApp_BPKAD.exe: 00002AF0: 00:27:20 []:EInvalidPointer : Invalid pointer operation : Addr: $00409955
WebApp_BPKAD.exe: 00000240: 00:31:29 [127.0.0.1]:EUniSessionException : Invalid session or session Timeout. (Session not found: zBKy8C5uym109AB7DE4 ) : Addr: $00794C9A
WebApp_BPKAD.exe: 00000240: 00:31:30 [127.0.0.1]:EUniSessionException : Invalid session or session Timeout. (Session not found: zBKy8C5uym109AB7DE4 ) : Addr: $00794C9A
WebApp_BPKAD.exe: 00003AEC: 00:36:54 [TUniServerModule]:Shutting Down Server.
WebApp_BPKAD.exe: 00003AEC: 00:36:54 [TUniServerModule]:Stopping HTTP Server.
WebApp_BPKAD.exe: 00003AEC: 00:36:54 [TUniServerModule]:HTTP Server Stopped.
WebApp_BPKAD.exe: 00003AEC: 00:36:54 [TUniGUISessionManager]:Terminating Session manager.
WebApp_BPKAD.exe: 00003AEC: 00:36:54 [TUniGUISessionManager]:Stopping Cache Eraser...
WebApp_BPKAD.exe: 00003AEC: 00:36:54 [TUniGUISessionManager]:Cache Eraser Stopped.
WebApp_BPKAD.exe: 00003AEC: 00:36:54 []:EAccessViolation : Access violation at address 5800409E in module 'WebApp_BPKAD.exe'. Read of address 5800409E : Addr: $5800409E
WebApp_BPKAD.exe: 00003AEC: 00:36:54 [TUniGUISessionManager]:Destroying Worker Threads.
WebApp_BPKAD.exe: 00003AEC: 00:36:54 [TUniGUISessionManager]:Session manager terminated.
WebApp_BPKAD.exe: 00003AEC: 00:36:55 [TUniServerModule]:Server Shutdown Completed.
WebApp_BPKAD.exe: 00003AEC: 00:36:55 []:<-------------------------------------------------------------->
WebApp_BPKAD.exe: 00003AEC: 00:36:55 [Terminated]:Exit Code: 0
WebApp_BPKAD.exe: 00003E2C: 00:37:31 []:>--------------------------------------------------------------<
WebApp_BPKAD.exe: 00003E2C: 00:37:31 [TUniServerModule]:Server First Init.
WebApp_BPKAD.exe: 00003E2C: 00:37:31 [TUniServerModule]:Starting HTTP Server on Port: 85...
WebApp_BPKAD.exe: 00003E2C: 00:37:31 [TUniServerModule]:HTTP Server Started on Port: 85
WebApp_BPKAD.exe: 00004118: 00:37:34 [127.0.0.1]:EUniSessionException : Invalid session or session Timeout. (Session not found: bxFkbOkb1F109AB820C ) : Addr: $00794C9A
WebApp_BPKAD.exe: 00004118: 00:37:34 [127.0.0.1]:EUniSessionException : Invalid session or session Timeout. (Session not found: bxFkbOkb1F109AB820C ) : Addr: $00794C9A
WebApp_BPKAD.exe: 00003E2C: 00:53:25 [TUniServerModule]:Shutting Down Server.
WebApp_BPKAD.exe: 00003E2C: 00:53:25 [TUniServerModule]:Stopping HTTP Server.
WebApp_BPKAD.exe: 00003E2C: 00:53:26 [TUniServerModule]:HTTP Server Stopped.
WebApp_BPKAD.exe: 00003E2C: 00:53:26 [TUniGUISessionManager]:Terminating Session manager.
WebApp_BPKAD.exe: 00003E2C: 00:53:26 [TUniGUISessionManager]:Stopping Cache Eraser...
WebApp_BPKAD.exe: 00003E2C: 00:53:26 [TUniGUISessionManager]:Cache Eraser Stopped.
WebApp_BPKAD.exe: 00003E2C: 00:53:26 []:EAccessViolation : Access violation at address 00409A48 in module 'WebApp_BPKAD.exe'. Read of address FFFFFFFD : Addr: $00409A48
WebApp_BPKAD.exe: 00003E2C: 00:53:26 [TUniGUISessionManager]:Destroying Worker Threads.
WebApp_BPKAD.exe: 00003E2C: 00:53:26 [TUniGUISessionManager]:Session manager terminated.
WebApp_BPKAD.exe: 00003E2C: 00:53:26 [TUniServerModule]:Server Shutdown Completed.
WebApp_BPKAD.exe: 00003E2C: 00:53:26 []:<-------------------------------------------------------------->
WebApp_BPKAD.exe: 00003E2C: 00:53:26 [Terminated]:Exit Code: 0
WebApp_BPKAD.exe: 00003058: 00:53:29 []:>--------------------------------------------------------------<
WebApp_BPKAD.exe: 00003058: 00:53:29 [TUniServerModule]:Server First Init.
WebApp_BPKAD.exe: 00003058: 00:53:29 [TUniServerModule]:Starting HTTP Server on Port: 85...
WebApp_BPKAD.exe: 00003058: 00:53:30 [TUniServerModule]:HTTP Server Started on Port: 85
WebApp_BPKAD.exe: 0000058C: 00:53:33 [127.0.0.1]:EUniSessionException : Invalid session or session Timeout. (Session not found: TliD8wKv3N109AB83B1 ) : Addr: $00794C9A
WebApp_BPKAD.exe: 0000058C: 00:53:33 [127.0.0.1]:EUniSessionException : Invalid session or session Timeout. (Session not found: TliD8wKv3N109AB83B1 ) : Addr: $00794C9A
WebApp_BPKAD.exe: 0000058C: 00:53:45 ['2021-12-30' is not a valid date-127.0.0.1]:EConvertError : '2021-12-30' is not a valid date : Addr: $004274A2
WebApp_BPKAD.exe: 00003058: 00:53:58 [TUniServerModule]:Shutting Down Server.
WebApp_BPKAD.exe: 00003058: 00:53:58 [TUniServerModule]:Stopping HTTP Server.
WebApp_BPKAD.exe: 00003058: 00:53:59 [TUniServerModule]:HTTP Server Stopped.
WebApp_BPKAD.exe: 00003058: 00:53:59 [TUniGUISessionManager]:Terminating Session manager.
WebApp_BPKAD.exe: 00003058: 00:53:59 [TUniGUISessionManager]:Stopping Cache Eraser...
WebApp_BPKAD.exe: 00003058: 00:53:59 [TUniGUISessionManager]:Cache Eraser Stopped.
WebApp_BPKAD.exe: 00003058: 00:53:59 []:EAccessViolation : Access violation at address 00409A48 in module 'WebApp_BPKAD.exe'. Read of address FFFFFFFD : Addr: $00409A48
WebApp_BPKAD.exe: 00003058: 00:53:59 [TUniGUISessionManager]:Destroying Worker Threads.
WebApp_BPKAD.exe: 00003058: 00:53:59 [TUniGUISessionManager]:Session manager terminated.
WebApp_BPKAD.exe: 00003058: 00:53:59 [TUniServerModule]:Server Shutdown Completed.
WebApp_BPKAD.exe: 00003058: 00:53:59 []:<-------------------------------------------------------------->
WebApp_BPKAD.exe: 00003058: 00:53:59 [Terminated]:Exit Code: 0
WebApp_BPKAD.exe: 000043FC: 00:54:50 []:>--------------------------------------------------------------<
WebApp_BPKAD.exe: 000043FC: 00:54:50 [TUniServerModule]:Server First Init.
WebApp_BPKAD.exe: 000043FC: 00:54:50 [TUniServerModule]:Starting HTTP Server on Port: 85...
WebApp_BPKAD.exe: 000043FC: 00:54:50 [TUniServerModule]:HTTP Server Started on Port: 85
WebApp_BPKAD.exe: 000043FC: 00:54:53 [TUniServerModule]:Shutting Down Server.
WebApp_BPKAD.exe: 000043FC: 00:54:53 [TUniServerModule]:Stopping HTTP Server.
WebApp_BPKAD.exe: 000043FC: 00:54:53 [TUniServerModule]:HTTP Server Stopped.
WebApp_BPKAD.exe: 000043FC: 00:54:53 [TUniGUISessionManager]:Terminating Session manager.
WebApp_BPKAD.exe: 000043FC: 00:54:53 [TUniGUISessionManager]:Stopping Cache Eraser...
WebApp_BPKAD.exe: 000043FC: 00:54:53 [TUniGUISessionManager]:Cache Eraser Stopped.
WebApp_BPKAD.exe: 000043FC: 00:54:53 [TUniGUISessionManager]:Destroying Worker Threads.
WebApp_BPKAD.exe: 000043FC: 00:54:53 [TUniGUISessionManager]:Session manager terminated.
WebApp_BPKAD.exe: 000043FC: 00:54:53 [TUniServerModule]:Server Shutdown Completed.
WebApp_BPKAD.exe: 000043FC: 00:54:53 []:<-------------------------------------------------------------->
WebApp_BPKAD.exe: 000043FC: 00:54:53 [Terminated]:Exit Code: 0
WebApp_BPKAD.exe: 0000058C: 00:54:55 []:>--------------------------------------------------------------<
WebApp_BPKAD.exe: 0000058C: 00:54:55 [TUniServerModule]:Server First Init.
WebApp_BPKAD.exe: 0000058C: 00:54:55 [TUniServerModule]:Starting HTTP Server on Port: 85...
WebApp_BPKAD.exe: 0000058C: 00:54:56 [TUniServerModule]:HTTP Server Started on Port: 85
WebApp_BPKAD.exe: 00003C4C: 00:54:57 [127.0.0.1]:EUniSessionException : Invalid session or session Timeout. (Session not found: LcwCHAjvIA109AB8807 ) : Addr: $00794C9A
WebApp_BPKAD.exe: 00003C4C: 00:54:58 [127.0.0.1]:EUniSessionException : Invalid session or session Timeout. (Session not found: LcwCHAjvIA109AB8807 ) : Addr: $00794C9A
WebApp_BPKAD.exe: 0000058C: 00:56:02 [TUniServerModule]:Shutting Down Server.
WebApp_BPKAD.exe: 0000058C: 00:56:03 [TUniServerModule]:Stopping HTTP Server.
WebApp_BPKAD.exe: 0000058C: 00:56:04 [TUniServerModule]:HTTP Server Stopped.
WebApp_BPKAD.exe: 0000058C: 00:56:04 [TUniGUISessionManager]:Terminating Session manager.
WebApp_BPKAD.exe: 0000058C: 00:56:04 [TUniGUISessionManager]:Stopping Cache Eraser...
WebApp_BPKAD.exe: 0000058C: 00:56:04 [TUniGUISessionManager]:Cache Eraser Stopped.
WebApp_BPKAD.exe: 0000058C: 00:56:04 []:EAccessViolation : Access violation at address 00409A48 in module 'WebApp_BPKAD.exe'. Read of address FFFFFFFD : Addr: $00409A48
WebApp_BPKAD.exe: 0000058C: 00:56:04 [TUniGUISessionManager]:Destroying Worker Threads.
WebApp_BPKAD.exe: 0000058C: 00:56:04 [TUniGUISessionManager]:Session manager terminated.
WebApp_BPKAD.exe: 0000058C: 00:56:04 [TUniServerModule]:Server Shutdown Completed.
WebApp_BPKAD.exe: 0000058C: 00:56:04 []:<-------------------------------------------------------------->
WebApp_BPKAD.exe: 0000058C: 00:56:04 [Terminated]:Exit Code: 0
WebApp_BPKAD.exe: 00002534: 01:12:02 []:>--------------------------------------------------------------<
WebApp_BPKAD.exe: 00002534: 01:12:02 [TUniServerModule]:Server First Init.
WebApp_BPKAD.exe: 00002534: 01:12:02 [TUniServerModule]:Starting HTTP Server on Port: 85...
WebApp_BPKAD.exe: 00002534: 01:12:02 [TUniServerModule]:HTTP Server Started on Port: 85
WebApp_BPKAD.exe: 00003F10: 01:24:58 []:EAccessViolation : Access violation at address 00409A48 in module 'WebApp_BPKAD.exe'. Read of address FFFFFFFD : Addr: $00409A48
WebApp_BPKAD.exe: 00002AD0: 01:34:16 [127.0.0.1]:EUniSessionException : Invalid session or session Timeout. (Invalid URI: /srs6/serv/urn:verificationservices ) : Addr: $00794C9A
WebApp_BPKAD.exe: 00003540: 06:43:32 []:>--------------------------------------------------------------<
WebApp_BPKAD.exe: 00003540: 06:43:32 [TUniServerModule]:Server First Init.
WebApp_BPKAD.exe: 00003540: 06:43:32 [TUniServerModule]:Global Cache Folder Erased. <37> Files deleted.
WebApp_BPKAD.exe: 00003540: 06:43:32 [TUniServerModule]:Starting HTTP Server on Port: 85...
WebApp_BPKAD.exe: 00003540: 06:43:32 [TUniServerModule]:HTTP Server Started on Port: 85
WebApp_BPKAD.exe: 00000D80: 06:44:05 [127.0.0.1]:EMSSQLNativeException : [FireDAC][Phys][ODBC][Microsoft][SQL Server Native Client 11.0]Named Pipes Provider: Could not open a connection to SQL Server [2].  : Addr: $0086E41A
WebApp_BPKAD.exe: 00002D4C: 06:44:12 []:EAccessViolation : Access violation at address 00409A48 in module 'WebApp_BPKAD.exe'. Read of address FFFFFFFD : Addr: $00409A48
WebApp_BPKAD.exe: 00002D4C: 06:53:48 []:EInvalidPointer : Invalid pointer operation : Addr: $00409955
WebApp_BPKAD.exe: 00002B14: 07:35:21 [127.0.0.1]:EUniSessionException : Invalid session or session Timeout. (Invalid URI: /srs6/serv/urn:publicsanctservices ) : Addr: $00794C9A
WebApp_BPKAD.exe: 00003540: 07:36:52 [Exit]:Unexpected attempt to terminate server application with Exit Code: 0
