WebApp_BPKAD.exe: 00004214: 08:52:08 []:>--------------------------------------------------------------<
WebApp_BPKAD.exe: 00004214: 08:52:08 [TUniServerModule]:Server First Init.
WebApp_BPKAD.exe: 00004214: 08:52:08 [TUniServerModule]:Global Cache Folder Erased. <35> Files deleted.
WebApp_BPKAD.exe: 00004214: 08:52:08 [TUniServerModule]:Starting HTTP Server on Port: 85...
WebApp_BPKAD.exe: 00004214: 08:52:09 [TUniServerModule]:HTTP Server Started on Port: 85
WebApp_BPKAD.exe: 00003384: 08:52:48 []:EAccessViolation : Access violation at address 00409A48 in module 'WebApp_BPKAD.exe'. Read of address FFFFFFFD : Addr: $00409A48
WebApp_BPKAD.exe: 00003DFC: 08:53:02 [127.0.0.1]:EUniSessionException : Invalid session or session Timeout. (Invalid URI: /srs6/serv/urn:verificationservices ) : Addr: $00794B4E
WebApp_BPKAD.exe: 00004214: 08:55:00 [TUniServerModule]:Shutting Down Server.
WebApp_BPKAD.exe: 00004214: 08:55:00 [TUniServerModule]:Stopping HTTP Server.
WebApp_BPKAD.exe: 00004214: 08:55:02 [TUniServerModule]:HTTP Server Stopped.
WebApp_BPKAD.exe: 00004214: 08:55:02 [TUniGUISessionManager]:Terminating Session manager.
WebApp_BPKAD.exe: 00004214: 08:55:02 [TUniGUISessionManager]:Stopping Cache Eraser...
WebApp_BPKAD.exe: 00004214: 08:55:02 [TUniGUISessionManager]:Cache Eraser Stopped.
WebApp_BPKAD.exe: 00004214: 08:55:02 []:EAccessViolation : Access violation at address 80000000. Read of address 80000000 : Addr: $80000000
WebApp_BPKAD.exe: 00004214: 08:55:02 [TUniGUISessionManager]:Destroying Worker Threads.
WebApp_BPKAD.exe: 00004214: 08:55:02 [TUniGUISessionManager]:Session manager terminated.
WebApp_BPKAD.exe: 00004214: 08:55:02 [TUniServerModule]:Server Shutdown Completed.
WebApp_BPKAD.exe: 00004214: 08:55:02 []:<-------------------------------------------------------------->
WebApp_BPKAD.exe: 00004214: 08:55:02 [Terminated]:Exit Code: 0
WebApp_BPKAD.exe: 000040D8: 08:55:04 []:>--------------------------------------------------------------<
WebApp_BPKAD.exe: 000040D8: 08:55:04 [TUniServerModule]:Server First Init.
WebApp_BPKAD.exe: 000040D8: 08:55:04 [TUniServerModule]:Starting HTTP Server on Port: 85...
WebApp_BPKAD.exe: 000040D8: 08:55:04 [TUniServerModule]:HTTP Server Started on Port: 85
WebApp_BPKAD.exe: 00001944: 08:55:08 [127.0.0.1]:EUniSessionException : Invalid session or session Timeout. (Session not found: TyWIzFLoS71096F00E5 ) : Addr: $00794B4E
WebApp_BPKAD.exe: 00001944: 08:55:08 [127.0.0.1]:EUniSessionException : Invalid session or session Timeout. (Session not found: TyWIzFLoS71096F00E5 ) : Addr: $00794B4E
WebApp_BPKAD.exe: 000040D8: 08:56:49 [TUniServerModule]:Shutting Down Server.
WebApp_BPKAD.exe: 000040D8: 08:56:49 [TUniServerModule]:Stopping HTTP Server.
WebApp_BPKAD.exe: 000040D8: 08:56:50 [TUniServerModule]:HTTP Server Stopped.
WebApp_BPKAD.exe: 000040D8: 08:56:50 [TUniGUISessionManager]:Terminating Session manager.
WebApp_BPKAD.exe: 000040D8: 08:56:50 [TUniGUISessionManager]:Stopping Cache Eraser...
WebApp_BPKAD.exe: 000040D8: 08:56:50 [TUniGUISessionManager]:Cache Eraser Stopped.
WebApp_BPKAD.exe: 000040D8: 08:56:50 []:EAccessViolation : Access violation at address 00409A48 in module 'WebApp_BPKAD.exe'. Read of address FFFFFFFD : Addr: $00409A48
WebApp_BPKAD.exe: 000040D8: 08:56:50 [TUniGUISessionManager]:Destroying Worker Threads.
WebApp_BPKAD.exe: 000040D8: 08:56:51 [TUniGUISessionManager]:Session manager terminated.
WebApp_BPKAD.exe: 000040D8: 08:56:51 [TUniServerModule]:Server Shutdown Completed.
WebApp_BPKAD.exe: 000040D8: 08:56:51 []:<-------------------------------------------------------------->
WebApp_BPKAD.exe: 000040D8: 08:56:51 [Terminated]:Exit Code: 0
WebApp_BPKAD.exe: 000004B4: 08:56:57 []:>--------------------------------------------------------------<
WebApp_BPKAD.exe: 000004B4: 08:56:57 [TUniServerModule]:Server First Init.
WebApp_BPKAD.exe: 000004B4: 08:56:57 [TUniServerModule]:Starting HTTP Server on Port: 85...
WebApp_BPKAD.exe: 000004B4: 08:56:57 [TUniServerModule]:HTTP Server Started on Port: 85
WebApp_BPKAD.exe: 000012C8: 08:57:00 [127.0.0.1]:EUniSessionException : Invalid session or session Timeout. (Session not found: dHOVoow4CG1096F01AB ) : Addr: $00794B4E
WebApp_BPKAD.exe: 000012C8: 08:57:00 [127.0.0.1]:EUniSessionException : Invalid session or session Timeout. (Session not found: dHOVoow4CG1096F01AB ) : Addr: $00794B4E
WebApp_BPKAD.exe: 000004B4: 08:58:02 [TUniServerModule]:Shutting Down Server.
WebApp_BPKAD.exe: 000004B4: 08:58:02 [TUniServerModule]:Stopping HTTP Server.
WebApp_BPKAD.exe: 000004B4: 08:58:03 [TUniServerModule]:HTTP Server Stopped.
WebApp_BPKAD.exe: 000004B4: 08:58:03 [TUniGUISessionManager]:Terminating Session manager.
WebApp_BPKAD.exe: 000004B4: 08:58:03 [TUniGUISessionManager]:Stopping Cache Eraser...
WebApp_BPKAD.exe: 000004B4: 08:58:03 [TUniGUISessionManager]:Cache Eraser Stopped.
WebApp_BPKAD.exe: 000004B4: 08:58:03 []:EAccessViolation : Access violation at address 00409A48 in module 'WebApp_BPKAD.exe'. Read of address FFFFFFFD : Addr: $00409A48
WebApp_BPKAD.exe: 000004B4: 08:58:03 [TUniGUISessionManager]:Destroying Worker Threads.
WebApp_BPKAD.exe: 000004B4: 08:58:03 [TUniGUISessionManager]:Session manager terminated.
WebApp_BPKAD.exe: 000004B4: 08:58:03 [TUniServerModule]:Server Shutdown Completed.
WebApp_BPKAD.exe: 000004B4: 08:58:03 []:<-------------------------------------------------------------->
WebApp_BPKAD.exe: 000004B4: 08:58:03 [Terminated]:Exit Code: 0
WebApp_BPKAD.exe: 00002BFC: 08:58:05 []:>--------------------------------------------------------------<
WebApp_BPKAD.exe: 00002BFC: 08:58:05 [TUniServerModule]:Server First Init.
WebApp_BPKAD.exe: 00002BFC: 08:58:05 [TUniServerModule]:Starting HTTP Server on Port: 85...
WebApp_BPKAD.exe: 00002BFC: 08:58:05 [TUniServerModule]:HTTP Server Started on Port: 85
WebApp_BPKAD.exe: 00001E3C: 08:58:10 [127.0.0.1]:EUniSessionException : Invalid session or session Timeout. (Session not found: efUx9fGkbN1096F022C ) : Addr: $00794B4E
WebApp_BPKAD.exe: 00001E3C: 08:58:10 [127.0.0.1]:EUniSessionException : Invalid session or session Timeout. (Session not found: efUx9fGkbN1096F022C ) : Addr: $00794B4E
WebApp_BPKAD.exe: 00002BFC: 08:58:32 [TUniServerModule]:Shutting Down Server.
WebApp_BPKAD.exe: 00002BFC: 08:58:32 [TUniServerModule]:Stopping HTTP Server.
WebApp_BPKAD.exe: 00002BFC: 08:58:33 [TUniServerModule]:HTTP Server Stopped.
WebApp_BPKAD.exe: 00002BFC: 08:58:33 [TUniGUISessionManager]:Terminating Session manager.
WebApp_BPKAD.exe: 00002BFC: 08:58:33 [TUniGUISessionManager]:Stopping Cache Eraser...
WebApp_BPKAD.exe: 00002BFC: 08:58:33 [TUniGUISessionManager]:Cache Eraser Stopped.
WebApp_BPKAD.exe: 00002BFC: 08:58:33 []:EAccessViolation : Access violation at address 00409A48 in module 'WebApp_BPKAD.exe'. Read of address FFFFFFFD : Addr: $00409A48
WebApp_BPKAD.exe: 00002BFC: 08:58:33 [TUniGUISessionManager]:Destroying Worker Threads.
WebApp_BPKAD.exe: 00002BFC: 08:58:34 [TUniGUISessionManager]:Session manager terminated.
WebApp_BPKAD.exe: 00002BFC: 08:58:34 [TUniServerModule]:Server Shutdown Completed.
WebApp_BPKAD.exe: 00002BFC: 08:58:34 []:<-------------------------------------------------------------->
WebApp_BPKAD.exe: 00002BFC: 08:58:34 [Terminated]:Exit Code: 0
WebApp_BPKAD.exe: 000036F4: 09:04:34 []:>--------------------------------------------------------------<
WebApp_BPKAD.exe: 000036F4: 09:04:34 [TUniServerModule]:Server First Init.
WebApp_BPKAD.exe: 000036F4: 09:04:34 [TUniServerModule]:Starting HTTP Server on Port: 85...
WebApp_BPKAD.exe: 000036F4: 09:04:35 [TUniServerModule]:HTTP Server Started on Port: 85
WebApp_BPKAD.exe: 000014B4: 09:04:38 [127.0.0.1]:EUniSessionException : Invalid session or session Timeout. (Session not found: 96bC2LtKQc1096F027D ) : Addr: $00794B4E
WebApp_BPKAD.exe: 000014B4: 09:04:38 [127.0.0.1]:EUniSessionException : Invalid session or session Timeout. (Session not found: 96bC2LtKQc1096F027D ) : Addr: $00794B4E
WebApp_BPKAD.exe: 000036F4: 09:07:07 [TUniServerModule]:Shutting Down Server.
WebApp_BPKAD.exe: 000036F4: 09:07:07 [TUniServerModule]:Stopping HTTP Server.
WebApp_BPKAD.exe: 000036F4: 09:07:08 [TUniServerModule]:HTTP Server Stopped.
WebApp_BPKAD.exe: 000036F4: 09:07:08 [TUniGUISessionManager]:Terminating Session manager.
WebApp_BPKAD.exe: 000036F4: 09:07:08 [TUniGUISessionManager]:Stopping Cache Eraser...
WebApp_BPKAD.exe: 000036F4: 09:07:08 [TUniGUISessionManager]:Cache Eraser Stopped.
WebApp_BPKAD.exe: 000036F4: 09:07:08 []:EAccessViolation : Access violation at address 00409A48 in module 'WebApp_BPKAD.exe'. Read of address FFFFFFFD : Addr: $00409A48
WebApp_BPKAD.exe: 000036F4: 09:07:08 [TUniGUISessionManager]:Destroying Worker Threads.
WebApp_BPKAD.exe: 000036F4: 09:07:08 [TUniGUISessionManager]:Session manager terminated.
WebApp_BPKAD.exe: 000036F4: 09:07:08 [TUniServerModule]:Server Shutdown Completed.
WebApp_BPKAD.exe: 000036F4: 09:07:08 []:<-------------------------------------------------------------->
WebApp_BPKAD.exe: 000036F4: 09:07:08 [Terminated]:Exit Code: 0
WebApp_BPKAD.exe: 00004104: 09:07:11 []:>--------------------------------------------------------------<
WebApp_BPKAD.exe: 00004104: 09:07:11 [TUniServerModule]:Server First Init.
WebApp_BPKAD.exe: 00004104: 09:07:11 [TUniServerModule]:Starting HTTP Server on Port: 85...
WebApp_BPKAD.exe: 00004104: 09:07:12 [TUniServerModule]:HTTP Server Started on Port: 85
WebApp_BPKAD.exe: 000030CC: 09:07:15 [127.0.0.1]:EUniSessionException : Invalid session or session Timeout. (Session not found: GUefYqiJLk1096F043E ) : Addr: $00794B4E
WebApp_BPKAD.exe: 000030CC: 09:07:15 [127.0.0.1]:EUniSessionException : Invalid session or session Timeout. (Session not found: GUefYqiJLk1096F043E ) : Addr: $00794B4E
WebApp_BPKAD.exe: 00001AF0: 09:19:32 []:EAccessViolation : Access violation at address 00409A48 in module 'WebApp_BPKAD.exe'. Read of address FFFFFFFD : Addr: $00409A48
WebApp_BPKAD.exe: 00001E44: 09:28:39 [127.0.0.1]:EUniSessionException : Invalid session or session Timeout. (Session not found: afSjItIXV21096F04F5 ) : Addr: $00794B4E
WebApp_BPKAD.exe: 00001E44: 09:28:39 [127.0.0.1]:EUniSessionException : Invalid session or session Timeout. (Session not found: afSjItIXV21096F04F5 ) : Addr: $00794B4E
WebApp_BPKAD.exe: 00001AF0: 09:38:44 []:EInvalidPointer : Invalid pointer operation : Addr: $00409955
WebApp_BPKAD.exe: 00002398: 10:53:02 [127.0.0.1]:EUniSessionException : Invalid session or session Timeout. (Invalid URI: /srs6/serv/urn:verificationservices ) : Addr: $00794B4E
WebApp_BPKAD.exe: 000021DC: 11:27:18 [127.0.0.1]:EUniSessionException : Invalid session or session Timeout. (Session not found: iU8ZSnd61m1096F0AC2 ) : Addr: $00794B4E
WebApp_BPKAD.exe: 000021DC: 11:27:18 [127.0.0.1]:EUniSessionException : Invalid session or session Timeout. (Session not found: iU8ZSnd61m1096F0AC2 ) : Addr: $00794B4E
WebApp_BPKAD.exe: 000021DC: 11:27:18 [127.0.0.1]:EUniSessionException : Invalid session or session Timeout. (Session not found: iU8ZSnd61m1096F0AC2 ) : Addr: $00794B4E
WebApp_BPKAD.exe: 000021DC: 11:27:18 [127.0.0.1]:EUniSessionException : Invalid session or session Timeout. (Session not found: iU8ZSnd61m1096F0AC2 ) : Addr: $00794B4E
WebApp_BPKAD.exe: 00004104: 11:29:35 [TUniServerModule]:Shutting Down Server.
WebApp_BPKAD.exe: 00004104: 11:29:35 [TUniServerModule]:Stopping HTTP Server.
WebApp_BPKAD.exe: 00004104: 11:29:36 [TUniServerModule]:HTTP Server Stopped.
WebApp_BPKAD.exe: 00004104: 11:29:36 [TUniGUISessionManager]:Terminating Session manager.
WebApp_BPKAD.exe: 00004104: 11:29:36 [TUniGUISessionManager]:Stopping Cache Eraser...
WebApp_BPKAD.exe: 00004104: 11:29:36 [TUniGUISessionManager]:Cache Eraser Stopped.
WebApp_BPKAD.exe: 00004104: 11:29:36 []:EAccessViolation : Access violation at address 80000000. Read of address 80000000 : Addr: $80000000
WebApp_BPKAD.exe: 00004104: 11:29:36 [TUniGUISessionManager]:Destroying Worker Threads.
WebApp_BPKAD.exe: 00004104: 11:29:36 [TUniGUISessionManager]:Session manager terminated.
WebApp_BPKAD.exe: 00004104: 11:29:36 [TUniServerModule]:Server Shutdown Completed.
WebApp_BPKAD.exe: 00004104: 11:29:36 []:<-------------------------------------------------------------->
WebApp_BPKAD.exe: 00004104: 11:29:36 [Terminated]:Exit Code: 0
