WebApp_BPKAD.exe: 000008D4: 09:59:48 []:>--------------------------------------------------------------<
WebApp_BPKAD.exe: 000008D4: 09:59:48 [TUniServerModule]:Server First Init.
WebApp_BPKAD.exe: 000008D4: 09:59:48 [TUniServerModule]:Starting HTTP Server on Port: 85...
WebApp_BPKAD.exe: 000008D4: 09:59:49 [TUniServerModule]:HTTP Server Started on Port: 85
WebApp_BPKAD.exe: 000008D4: 10:01:39 [TUniServerModule]:Shutting Down Server.
WebApp_BPKAD.exe: 000008D4: 10:01:39 [TUniServerModule]:Stopping HTTP Server.
WebApp_BPKAD.exe: 000008D4: 10:01:40 [TUniServerModule]:HTTP Server Stopped.
WebApp_BPKAD.exe: 000008D4: 10:01:40 [TUniGUISessionManager]:Terminating Session manager.
WebApp_BPKAD.exe: 000008D4: 10:01:40 [TUniGUISessionManager]:Stopping Cache Eraser...
WebApp_BPKAD.exe: 000008D4: 10:01:40 [TUniGUISessionManager]:Cache Eraser Stopped.
WebApp_BPKAD.exe: 000008D4: 10:01:40 []:EInvalidPointer : Invalid pointer operation : Addr: $00409DA9
WebApp_BPKAD.exe: 000008D4: 10:01:40 [TUniGUISessionManager]:Destroying Worker Threads.
WebApp_BPKAD.exe: 000008D4: 10:01:40 [TUniGUISessionManager]:Session manager terminated.
WebApp_BPKAD.exe: 000008D4: 10:01:41 [TUniServerModule]:Server Shutdown Completed.
WebApp_BPKAD.exe: 000008D4: 10:01:41 []:<-------------------------------------------------------------->
WebApp_BPKAD.exe: 000008D4: 10:01:41 [Terminated]:Exit Code: 0
WebApp_BPKAD.exe: 00000020: 10:03:04 []:>--------------------------------------------------------------<
WebApp_BPKAD.exe: 00000020: 10:03:04 [TUniServerModule]:Server First Init.
WebApp_BPKAD.exe: 00000020: 10:03:04 [TUniServerModule]:Starting HTTP Server on Port: 85...
WebApp_BPKAD.exe: 00000020: 10:03:05 [TUniServerModule]:HTTP Server Started on Port: 85
WebApp_BPKAD.exe: 000035C0: 10:03:06 [127.0.0.1]:EUniSessionException : Invalid session or session Timeout. (Session not found: 5iXFR6fu7R109169301 ) : Addr: $007E0A0E
WebApp_BPKAD.exe: 000035C0: 10:03:06 [127.0.0.1]:EUniSessionException : Invalid session or session Timeout. (Session not found: 5iXFR6fu7R109169301 ) : Addr: $007E0A0E
WebApp_BPKAD.exe: 00000020: 10:04:00 [TUniServerModule]:Shutting Down Server.
WebApp_BPKAD.exe: 00000020: 10:04:00 [TUniServerModule]:Stopping HTTP Server.
WebApp_BPKAD.exe: 00000020: 10:04:01 [TUniServerModule]:HTTP Server Stopped.
WebApp_BPKAD.exe: 00000020: 10:04:01 [TUniGUISessionManager]:Terminating Session manager.
WebApp_BPKAD.exe: 00000020: 10:04:01 [TUniGUISessionManager]:Stopping Cache Eraser...
WebApp_BPKAD.exe: 00000020: 10:04:01 [TUniGUISessionManager]:Cache Eraser Stopped.
WebApp_BPKAD.exe: 00000020: 10:04:01 []:EInvalidPointer : Invalid pointer operation : Addr: $00409DA9
WebApp_BPKAD.exe: 00000020: 10:04:01 [TUniGUISessionManager]:Destroying Worker Threads.
WebApp_BPKAD.exe: 00000020: 10:04:01 [TUniGUISessionManager]:Session manager terminated.
WebApp_BPKAD.exe: 00000020: 10:04:01 [TUniServerModule]:Server Shutdown Completed.
WebApp_BPKAD.exe: 00000020: 10:04:01 []:<-------------------------------------------------------------->
WebApp_BPKAD.exe: 00000020: 10:04:01 [Terminated]:Exit Code: 0
WebApp_BPKAD.exe: 00000B70: 10:04:04 []:>--------------------------------------------------------------<
WebApp_BPKAD.exe: 00000B70: 10:04:04 [TUniServerModule]:Server First Init.
WebApp_BPKAD.exe: 00000B70: 10:04:04 [TUniServerModule]:Starting HTTP Server on Port: 85...
WebApp_BPKAD.exe: 00000B70: 10:04:05 [TUniServerModule]:HTTP Server Started on Port: 85
WebApp_BPKAD.exe: 00000B88: 10:04:07 [127.0.0.1]:EUniSessionException : Invalid session or session Timeout. (Session not found: o86dSwruVm1091693DB ) : Addr: $007E097A
WebApp_BPKAD.exe: 00000B88: 10:04:07 [127.0.0.1]:EUniSessionException : Invalid session or session Timeout. (Session not found: o86dSwruVm1091693DB ) : Addr: $007E097A
WebApp_BPKAD.exe: 00000B70: 10:08:44 [TUniServerModule]:Shutting Down Server.
WebApp_BPKAD.exe: 00000B70: 10:08:44 [TUniServerModule]:Stopping HTTP Server.
WebApp_BPKAD.exe: 00000B70: 10:08:44 [TUniServerModule]:HTTP Server Stopped.
WebApp_BPKAD.exe: 00000B70: 10:08:44 [TUniGUISessionManager]:Terminating Session manager.
WebApp_BPKAD.exe: 00000B70: 10:08:44 [TUniGUISessionManager]:Stopping Cache Eraser...
WebApp_BPKAD.exe: 00000B70: 10:08:44 [TUniGUISessionManager]:Cache Eraser Stopped.
WebApp_BPKAD.exe: 00000B70: 10:08:44 []:EInvalidPointer : Invalid pointer operation : Addr: $00409DA9
WebApp_BPKAD.exe: 00000B70: 10:08:44 [TUniGUISessionManager]:Destroying Worker Threads.
WebApp_BPKAD.exe: 00000B70: 10:08:44 [TUniGUISessionManager]:Session manager terminated.
WebApp_BPKAD.exe: 00000B70: 10:08:45 [TUniServerModule]:Server Shutdown Completed.
WebApp_BPKAD.exe: 00000B70: 10:08:45 []:<-------------------------------------------------------------->
WebApp_BPKAD.exe: 00000B70: 10:08:45 [Terminated]:Exit Code: 0
WebApp_BPKAD.exe: 00000408: 10:08:47 []:>--------------------------------------------------------------<
WebApp_BPKAD.exe: 00000408: 10:08:47 [TUniServerModule]:Server First Init.
WebApp_BPKAD.exe: 00000408: 10:08:47 [TUniServerModule]:Starting HTTP Server on Port: 85...
WebApp_BPKAD.exe: 00000408: 10:08:47 [TUniServerModule]:HTTP Server Started on Port: 85
WebApp_BPKAD.exe: 00003C50: 10:08:52 [127.0.0.1]:EUniSessionException : Invalid session or session Timeout. (Session not found: PmR8dAmyzI109169421 ) : Addr: $007E097A
WebApp_BPKAD.exe: 00003C50: 10:08:52 [127.0.0.1]:EUniSessionException : Invalid session or session Timeout. (Session not found: PmR8dAmyzI109169421 ) : Addr: $007E097A
WebApp_BPKAD.exe: 00000408: 10:12:19 [TUniServerModule]:Shutting Down Server.
WebApp_BPKAD.exe: 00000408: 10:12:19 [TUniServerModule]:Stopping HTTP Server.
WebApp_BPKAD.exe: 00000408: 10:12:20 [TUniServerModule]:HTTP Server Stopped.
WebApp_BPKAD.exe: 00000408: 10:12:20 [TUniGUISessionManager]:Terminating Session manager.
WebApp_BPKAD.exe: 00000408: 10:12:20 [TUniGUISessionManager]:Stopping Cache Eraser...
WebApp_BPKAD.exe: 00000408: 10:12:20 [TUniGUISessionManager]:Cache Eraser Stopped.
WebApp_BPKAD.exe: 00000408: 10:12:20 []:EInvalidPointer : Invalid pointer operation : Addr: $00409DA9
WebApp_BPKAD.exe: 00000408: 10:12:20 [TUniGUISessionManager]:Destroying Worker Threads.
WebApp_BPKAD.exe: 00000408: 10:12:21 [TUniGUISessionManager]:Session manager terminated.
WebApp_BPKAD.exe: 00000408: 10:12:21 [TUniServerModule]:Server Shutdown Completed.
WebApp_BPKAD.exe: 00000408: 10:12:21 []:<-------------------------------------------------------------->
WebApp_BPKAD.exe: 00000408: 10:12:21 [Terminated]:Exit Code: 0
WebApp_BPKAD.exe: 0000117C: 10:12:22 []:>--------------------------------------------------------------<
WebApp_BPKAD.exe: 0000117C: 10:12:22 [TUniServerModule]:Server First Init.
WebApp_BPKAD.exe: 0000117C: 10:12:22 [TUniServerModule]:Starting HTTP Server on Port: 85...
WebApp_BPKAD.exe: 0000117C: 10:12:23 [TUniServerModule]:HTTP Server Started on Port: 85
WebApp_BPKAD.exe: 0000389C: 10:12:24 [127.0.0.1]:EUniSessionException : Invalid session or session Timeout. (Session not found: Ng1nRssyk710916956B ) : Addr: $007E097A
WebApp_BPKAD.exe: 0000389C: 10:12:24 [127.0.0.1]:EUniSessionException : Invalid session or session Timeout. (Session not found: Ng1nRssyk710916956B ) : Addr: $007E097A
WebApp_BPKAD.exe: 0000117C: 10:16:12 [TUniServerModule]:Shutting Down Server.
WebApp_BPKAD.exe: 0000117C: 10:16:12 [TUniServerModule]:Stopping HTTP Server.
WebApp_BPKAD.exe: 0000117C: 10:16:13 [TUniServerModule]:HTTP Server Stopped.
WebApp_BPKAD.exe: 0000117C: 10:16:13 [TUniGUISessionManager]:Terminating Session manager.
WebApp_BPKAD.exe: 0000117C: 10:16:13 [TUniGUISessionManager]:Stopping Cache Eraser...
WebApp_BPKAD.exe: 0000117C: 10:16:13 [TUniGUISessionManager]:Cache Eraser Stopped.
WebApp_BPKAD.exe: 0000117C: 10:16:13 []:EInvalidPointer : Invalid pointer operation : Addr: $00409DA9
WebApp_BPKAD.exe: 0000117C: 10:16:13 [TUniGUISessionManager]:Destroying Worker Threads.
WebApp_BPKAD.exe: 0000117C: 10:16:13 [TUniGUISessionManager]:Session manager terminated.
WebApp_BPKAD.exe: 0000117C: 10:16:13 [TUniServerModule]:Server Shutdown Completed.
WebApp_BPKAD.exe: 0000117C: 10:16:13 []:<-------------------------------------------------------------->
WebApp_BPKAD.exe: 0000117C: 10:16:13 [Terminated]:Exit Code: 0
