WebApp_BPKAD.exe: 00003F88: 09:23:10 []:>--------------------------------------------------------------<
WebApp_BPKAD.exe: 00003F88: 09:23:10 [TUniServerModule]:Server First Init.
WebApp_BPKAD.exe: 00003F88: 09:23:10 [TUniServerModule]:Global Cache Folder Erased. <23> Files deleted.
WebApp_BPKAD.exe: 00003F88: 09:23:10 [TUniServerModule]:Starting HTTP Server on Port: 85...
WebApp_BPKAD.exe: 00003F88: 09:23:10 [TUniServerModule]:HTTP Server Started on Port: 85
WebApp_BPKAD.exe: 000045EC: 09:23:19 [Access violation at address 009F7882 in module 'WebApp_BPKAD.exe'. Read of address 00000000-127.0.0.1]:EAccessViolation : Access violation at address 009F7882 in module 'WebApp_BPKAD.exe'. Read of address 00000000 : Addr: $009F7882
WebApp_BPKAD.exe: 00003F88: 09:23:26 [TUniServerModule]:Shutting Down Server.
WebApp_BPKAD.exe: 00003F88: 09:23:26 [TUniServerModule]:Stopping HTTP Server.
WebApp_BPKAD.exe: 00003F88: 09:23:27 [TUniServerModule]:HTTP Server Stopped.
WebApp_BPKAD.exe: 00003F88: 09:23:27 [TUniGUISessionManager]:Terminating Session manager.
WebApp_BPKAD.exe: 00003F88: 09:23:27 [TUniGUISessionManager]:Stopping Cache Eraser...
WebApp_BPKAD.exe: 00003F88: 09:23:27 [TUniGUISessionManager]:Cache Eraser Stopped.
WebApp_BPKAD.exe: 00003F88: 09:23:27 []:EInvalidPointer : Invalid pointer operation : Addr: $00409DA9
WebApp_BPKAD.exe: 00003F88: 09:23:27 [TUniGUISessionManager]:Destroying Worker Threads.
WebApp_BPKAD.exe: 00003F88: 09:23:27 [TUniGUISessionManager]:Session manager terminated.
WebApp_BPKAD.exe: 00003F88: 09:23:28 [TUniServerModule]:Server Shutdown Completed.
WebApp_BPKAD.exe: 00003F88: 09:23:28 []:<-------------------------------------------------------------->
WebApp_BPKAD.exe: 00003F88: 09:23:28 [Terminated]:Exit Code: 0
WebApp_BPKAD.exe: 0000307C: 09:25:19 []:>--------------------------------------------------------------<
WebApp_BPKAD.exe: 0000307C: 09:25:19 [TUniServerModule]:Server First Init.
WebApp_BPKAD.exe: 0000307C: 09:25:19 [TUniServerModule]:Starting HTTP Server on Port: 85...
WebApp_BPKAD.exe: 0000307C: 09:25:20 [TUniServerModule]:HTTP Server Started on Port: 85
WebApp_BPKAD.exe: 00000420: 09:25:24 [127.0.0.1]:EUniSessionException : Invalid session or session Timeout. (Session not found: WqxnOD5cDo108E1212D ) : Addr: $007DFFFE
WebApp_BPKAD.exe: 00000420: 09:25:26 [Access violation at address 009F7882 in module 'WebApp_BPKAD.exe'. Read of address 00000000-127.0.0.1]:EAccessViolation : Access violation at address 009F7882 in module 'WebApp_BPKAD.exe'. Read of address 00000000 : Addr: $009F7882
WebApp_BPKAD.exe: 0000307C: 09:25:36 [TUniServerModule]:Shutting Down Server.
WebApp_BPKAD.exe: 0000307C: 09:25:36 [TUniServerModule]:Stopping HTTP Server.
WebApp_BPKAD.exe: 0000307C: 09:25:37 [TUniServerModule]:HTTP Server Stopped.
WebApp_BPKAD.exe: 0000307C: 09:25:37 [TUniGUISessionManager]:Terminating Session manager.
WebApp_BPKAD.exe: 0000307C: 09:25:37 [TUniGUISessionManager]:Stopping Cache Eraser...
WebApp_BPKAD.exe: 0000307C: 09:25:37 [TUniGUISessionManager]:Cache Eraser Stopped.
WebApp_BPKAD.exe: 0000307C: 09:25:37 []:EInvalidPointer : Invalid pointer operation : Addr: $00409DA9
WebApp_BPKAD.exe: 0000307C: 09:25:37 [TUniGUISessionManager]:Destroying Worker Threads.
WebApp_BPKAD.exe: 0000307C: 09:25:37 [TUniGUISessionManager]:Session manager terminated.
WebApp_BPKAD.exe: 0000307C: 09:25:37 [TUniServerModule]:Server Shutdown Completed.
WebApp_BPKAD.exe: 0000307C: 09:25:37 []:<-------------------------------------------------------------->
WebApp_BPKAD.exe: 0000307C: 09:25:37 [Terminated]:Exit Code: 0
WebApp_BPKAD.exe: 00003D04: 11:28:15 []:>--------------------------------------------------------------<
WebApp_BPKAD.exe: 00003D04: 11:28:15 [TUniServerModule]:Server First Init.
WebApp_BPKAD.exe: 00003D04: 11:28:15 [TUniServerModule]:Starting HTTP Server on Port: 85...
WebApp_BPKAD.exe: 00003D04: 11:28:16 [TUniServerModule]:HTTP Server Started on Port: 85
WebApp_BPKAD.exe: 000047C8: 11:28:18 [127.0.0.1]:EUniSessionException : Invalid session or session Timeout. (Session not found: 9JJQXIzEvo108E121C0 ) : Addr: $007DFFFE
WebApp_BPKAD.exe: 00003D04: 11:28:38 [TUniServerModule]:Shutting Down Server.
WebApp_BPKAD.exe: 00003D04: 11:28:38 [TUniServerModule]:Stopping HTTP Server.
WebApp_BPKAD.exe: 00003D04: 11:28:39 [TUniServerModule]:HTTP Server Stopped.
WebApp_BPKAD.exe: 00003D04: 11:28:39 [TUniGUISessionManager]:Terminating Session manager.
WebApp_BPKAD.exe: 00003D04: 11:28:39 [TUniGUISessionManager]:Stopping Cache Eraser...
WebApp_BPKAD.exe: 00003D04: 11:28:39 [TUniGUISessionManager]:Cache Eraser Stopped.
WebApp_BPKAD.exe: 00003D04: 11:28:39 []:EInvalidPointer : Invalid pointer operation : Addr: $00409DA9
WebApp_BPKAD.exe: 00003D04: 11:28:39 [TUniGUISessionManager]:Destroying Worker Threads.
WebApp_BPKAD.exe: 00003D04: 11:28:39 [TUniGUISessionManager]:Session manager terminated.
WebApp_BPKAD.exe: 00003D04: 11:28:39 [TUniServerModule]:Server Shutdown Completed.
WebApp_BPKAD.exe: 00003D04: 11:28:39 []:<-------------------------------------------------------------->
WebApp_BPKAD.exe: 00003D04: 11:28:39 [Terminated]:Exit Code: 0
WebApp_BPKAD.exe: 00004318: 11:30:07 []:>--------------------------------------------------------------<
WebApp_BPKAD.exe: 00004318: 11:30:07 [TUniServerModule]:Server First Init.
WebApp_BPKAD.exe: 00004318: 11:30:07 [TUniServerModule]:Starting HTTP Server on Port: 85...
WebApp_BPKAD.exe: 00004318: 11:30:07 [TUniServerModule]:HTTP Server Started on Port: 85
WebApp_BPKAD.exe: 00002720: 11:30:14 [127.0.0.1]:EUniSessionException : Invalid session or session Timeout. (Session not found: yIpqRjHU2a108E1431A ) : Addr: $007DFFFE
WebApp_BPKAD.exe: 00004318: 11:31:15 [TUniServerModule]:Shutting Down Server.
WebApp_BPKAD.exe: 00004318: 11:31:15 [TUniServerModule]:Stopping HTTP Server.
WebApp_BPKAD.exe: 00004318: 11:31:16 [TUniServerModule]:HTTP Server Stopped.
WebApp_BPKAD.exe: 00004318: 11:31:16 [TUniGUISessionManager]:Terminating Session manager.
WebApp_BPKAD.exe: 00004318: 11:31:16 [TUniGUISessionManager]:Stopping Cache Eraser...
WebApp_BPKAD.exe: 00004318: 11:31:16 [TUniGUISessionManager]:Cache Eraser Stopped.
WebApp_BPKAD.exe: 00004318: 11:31:16 []:EInvalidPointer : Invalid pointer operation : Addr: $00409DA9
WebApp_BPKAD.exe: 00004318: 11:31:17 [TUniGUISessionManager]:Destroying Worker Threads.
WebApp_BPKAD.exe: 00004318: 11:31:17 [TUniGUISessionManager]:Session manager terminated.
WebApp_BPKAD.exe: 00004318: 11:31:17 [TUniServerModule]:Server Shutdown Completed.
WebApp_BPKAD.exe: 00004318: 11:31:17 []:<-------------------------------------------------------------->
WebApp_BPKAD.exe: 00004318: 11:31:17 [Terminated]:Exit Code: 0
WebApp_BPKAD.exe: 00001F9C: 11:34:23 []:>--------------------------------------------------------------<
WebApp_BPKAD.exe: 00001F9C: 11:34:23 [TUniServerModule]:Server First Init.
WebApp_BPKAD.exe: 00001F9C: 11:34:23 [TUniServerModule]:Starting HTTP Server on Port: 85...
WebApp_BPKAD.exe: 00001F9C: 11:34:24 [TUniServerModule]:HTTP Server Started on Port: 85
WebApp_BPKAD.exe: 00004668: 11:34:27 [127.0.0.1]:EUniSessionException : Invalid session or session Timeout. (Session not found: 3gjNvkJr4g108E1439F ) : Addr: $007DFFFE
WebApp_BPKAD.exe: 00003E0C: 11:34:53 []:EInvalidPointer : Invalid pointer operation : Addr: $00409DA9
WebApp_BPKAD.exe: 00001F9C: 11:35:39 [TUniServerModule]:Shutting Down Server.
WebApp_BPKAD.exe: 00001F9C: 11:35:39 [TUniServerModule]:Stopping HTTP Server.
WebApp_BPKAD.exe: 00001F9C: 11:35:40 [TUniServerModule]:HTTP Server Stopped.
WebApp_BPKAD.exe: 00001F9C: 11:35:40 [TUniGUISessionManager]:Terminating Session manager.
WebApp_BPKAD.exe: 00001F9C: 11:35:40 [TUniGUISessionManager]:Stopping Cache Eraser...
WebApp_BPKAD.exe: 00001F9C: 11:35:40 [TUniGUISessionManager]:Cache Eraser Stopped.
WebApp_BPKAD.exe: 00001F9C: 11:35:40 []:EInvalidPointer : Invalid pointer operation : Addr: $00409DA9
WebApp_BPKAD.exe: 00001F9C: 11:35:40 []:EInvalidPointer : Invalid pointer operation : Addr: $00409DA9
WebApp_BPKAD.exe: 00001F9C: 11:35:41 [TUniGUISessionManager]:Destroying Worker Threads.
WebApp_BPKAD.exe: 00001F9C: 11:35:41 [TUniGUISessionManager]:Session manager terminated.
WebApp_BPKAD.exe: 00001F9C: 11:35:41 [TUniServerModule]:Server Shutdown Completed.
WebApp_BPKAD.exe: 00001F9C: 11:35:41 []:<-------------------------------------------------------------->
WebApp_BPKAD.exe: 00001F9C: 11:35:41 [Terminated]:Exit Code: 0
WebApp_BPKAD.exe: 00002498: 11:37:19 []:>--------------------------------------------------------------<
WebApp_BPKAD.exe: 00002498: 11:37:19 [TUniServerModule]:Server First Init.
WebApp_BPKAD.exe: 00002498: 11:37:19 [TUniServerModule]:Starting HTTP Server on Port: 85...
WebApp_BPKAD.exe: 00002498: 11:37:19 [TUniServerModule]:HTTP Server Started on Port: 85
WebApp_BPKAD.exe: 00000E38: 11:37:22 [127.0.0.1]:EUniSessionException : Invalid session or session Timeout. (Session not found: 1IWpBWvjsU108E14513 ) : Addr: $007DFFFE
WebApp_BPKAD.exe: 00000084: 11:37:44 []:EInvalidPointer : Invalid pointer operation : Addr: $00409DA9
WebApp_BPKAD.exe: 00000E38: 11:38:11 [127.0.0.1]:EFDException : [FireDAC][Comp][Clnt]-512. Connection is not defined for [spRebuildPerNoBukti]. Possible reason: Connection and ConnectionName property values are both empty : Addr: $008562AC
WebApp_BPKAD.exe: 00002498: 11:38:32 [TUniServerModule]:Shutting Down Server.
WebApp_BPKAD.exe: 00002498: 11:38:32 [TUniServerModule]:Stopping HTTP Server.
WebApp_BPKAD.exe: 00002498: 11:38:33 [TUniServerModule]:HTTP Server Stopped.
WebApp_BPKAD.exe: 00002498: 11:38:33 [TUniGUISessionManager]:Terminating Session manager.
WebApp_BPKAD.exe: 00002498: 11:38:33 [TUniGUISessionManager]:Stopping Cache Eraser...
WebApp_BPKAD.exe: 00002498: 11:38:33 [TUniGUISessionManager]:Cache Eraser Stopped.
WebApp_BPKAD.exe: 00002498: 11:38:33 []:EInvalidPointer : Invalid pointer operation : Addr: $00409DA9
WebApp_BPKAD.exe: 00002498: 11:38:33 [TUniGUISessionManager]:Destroying Worker Threads.
WebApp_BPKAD.exe: 00002498: 11:38:33 [TUniGUISessionManager]:Session manager terminated.
WebApp_BPKAD.exe: 00002498: 11:38:33 [TUniServerModule]:Server Shutdown Completed.
WebApp_BPKAD.exe: 00002498: 11:38:33 []:<-------------------------------------------------------------->
WebApp_BPKAD.exe: 00002498: 11:38:33 [Terminated]:Exit Code: 0
WebApp_BPKAD.exe: 00002690: 11:42:25 []:>--------------------------------------------------------------<
WebApp_BPKAD.exe: 00002690: 11:42:25 [TUniServerModule]:Server First Init.
WebApp_BPKAD.exe: 00002690: 11:42:25 [TUniServerModule]:Starting HTTP Server on Port: 85...
WebApp_BPKAD.exe: 00002690: 11:42:25 [TUniServerModule]:HTTP Server Started on Port: 85
WebApp_BPKAD.exe: 000035C4: 11:42:27 [127.0.0.1]:EUniSessionException : Invalid session or session Timeout. (Session not found: FTA8oXPKqQ108E145A0 ) : Addr: $007DFFFE
WebApp_BPKAD.exe: 00003C24: 11:43:13 [127.0.0.1]:EFDException : [FireDAC][Comp][Clnt]-512. Connection is not defined for [spRebuildPerNoBukti]. Possible reason: Connection and ConnectionName property values are both empty : Addr: $008562AC
WebApp_BPKAD.exe: 00003C24: 11:43:30 [127.0.0.1]:EFDException : [FireDAC][Comp][Clnt]-512. Connection is not defined for [spRebuildPerNoBukti]. Possible reason: Connection and ConnectionName property values are both empty : Addr: $008562AC
WebApp_BPKAD.exe: 00002690: 11:44:29 [TUniServerModule]:Shutting Down Server.
WebApp_BPKAD.exe: 00002690: 11:44:29 [TUniServerModule]:Stopping HTTP Server.
WebApp_BPKAD.exe: 00002690: 11:44:30 [TUniServerModule]:HTTP Server Stopped.
WebApp_BPKAD.exe: 00002690: 11:44:30 [TUniGUISessionManager]:Terminating Session manager.
WebApp_BPKAD.exe: 00002690: 11:44:30 [TUniGUISessionManager]:Stopping Cache Eraser...
WebApp_BPKAD.exe: 00002690: 11:44:31 [TUniGUISessionManager]:Cache Eraser Stopped.
WebApp_BPKAD.exe: 00002690: 11:44:31 []:EInvalidPointer : Invalid pointer operation : Addr: $00409DA9
WebApp_BPKAD.exe: 00002690: 11:44:31 [TUniGUISessionManager]:Destroying Worker Threads.
WebApp_BPKAD.exe: 00002690: 11:44:31 [TUniGUISessionManager]:Session manager terminated.
WebApp_BPKAD.exe: 00002690: 11:44:31 [TUniServerModule]:Server Shutdown Completed.
WebApp_BPKAD.exe: 00002690: 11:44:31 []:<-------------------------------------------------------------->
WebApp_BPKAD.exe: 00002690: 11:44:31 [Terminated]:Exit Code: 0
WebApp_BPKAD.exe: 00003CB4: 11:44:33 []:>--------------------------------------------------------------<
WebApp_BPKAD.exe: 00003CB4: 11:44:33 [TUniServerModule]:Server First Init.
WebApp_BPKAD.exe: 00003CB4: 11:44:34 [TUniServerModule]:Starting HTTP Server on Port: 85...
WebApp_BPKAD.exe: 00003CB4: 11:44:34 [TUniServerModule]:HTTP Server Started on Port: 85
WebApp_BPKAD.exe: 00003CAC: 11:44:37 [127.0.0.1]:EUniSessionException : Invalid session or session Timeout. (Session not found: GVcXj3FRke108E146EF ) : Addr: $007DFFFE
WebApp_BPKAD.exe: 000031DC: 11:44:53 [127.0.0.1]:EFDException : [FireDAC][Phys][MSSQL]-310. Cannot execute command returning result sets. Hint: use Open method for SELECT-like commands : Addr: $008562AC
WebApp_BPKAD.exe: 00003CB4: 11:48:04 [TUniServerModule]:Shutting Down Server.
WebApp_BPKAD.exe: 00003CB4: 11:48:04 [TUniServerModule]:Stopping HTTP Server.
WebApp_BPKAD.exe: 00003CB4: 11:48:05 [TUniServerModule]:HTTP Server Stopped.
WebApp_BPKAD.exe: 00003CB4: 11:48:05 [TUniGUISessionManager]:Terminating Session manager.
WebApp_BPKAD.exe: 00003CB4: 11:48:05 [TUniGUISessionManager]:Stopping Cache Eraser...
WebApp_BPKAD.exe: 00003CB4: 11:48:05 [TUniGUISessionManager]:Cache Eraser Stopped.
WebApp_BPKAD.exe: 00003CB4: 11:48:05 []:EInvalidPointer : Invalid pointer operation : Addr: $00409DA9
WebApp_BPKAD.exe: 00003CB4: 11:48:05 [TUniGUISessionManager]:Destroying Worker Threads.
WebApp_BPKAD.exe: 00003CB4: 11:48:05 [TUniGUISessionManager]:Session manager terminated.
WebApp_BPKAD.exe: 00003CB4: 11:48:05 [TUniServerModule]:Server Shutdown Completed.
WebApp_BPKAD.exe: 00003CB4: 11:48:05 []:<-------------------------------------------------------------->
WebApp_BPKAD.exe: 00003CB4: 11:48:05 [Terminated]:Exit Code: 0
WebApp_BPKAD.exe: 00000A20: 11:48:07 []:>--------------------------------------------------------------<
WebApp_BPKAD.exe: 00000A20: 11:48:07 [TUniServerModule]:Server First Init.
WebApp_BPKAD.exe: 00000A20: 11:48:07 [TUniServerModule]:Starting HTTP Server on Port: 85...
WebApp_BPKAD.exe: 00000A20: 11:48:08 [TUniServerModule]:HTTP Server Started on Port: 85
WebApp_BPKAD.exe: 00002D30: 11:48:11 [127.0.0.1]:EUniSessionException : Invalid session or session Timeout. (Session not found: Y8rOh8Q7pu108E14786 ) : Addr: $007DFFFE
WebApp_BPKAD.exe: 00003CA0: 11:48:27 [127.0.0.1]:EFDException : [FireDAC][Phys][MSSQL]-310. Cannot execute command returning result sets. Hint: use Open method for SELECT-like commands : Addr: $008562AC
WebApp_BPKAD.exe: 00000A20: 11:52:48 [TUniServerModule]:Shutting Down Server.
WebApp_BPKAD.exe: 00000A20: 11:52:48 [TUniServerModule]:Stopping HTTP Server.
WebApp_BPKAD.exe: 00000A20: 11:52:49 [TUniServerModule]:HTTP Server Stopped.
WebApp_BPKAD.exe: 00000A20: 11:52:49 [TUniGUISessionManager]:Terminating Session manager.
WebApp_BPKAD.exe: 00000A20: 11:52:49 [TUniGUISessionManager]:Stopping Cache Eraser...
WebApp_BPKAD.exe: 00000A20: 11:52:49 [TUniGUISessionManager]:Cache Eraser Stopped.
WebApp_BPKAD.exe: 00000A20: 11:52:49 []:EInvalidPointer : Invalid pointer operation : Addr: $00409DA9
WebApp_BPKAD.exe: 00000A20: 11:52:49 [TUniGUISessionManager]:Destroying Worker Threads.
WebApp_BPKAD.exe: 00000A20: 11:52:49 [TUniGUISessionManager]:Session manager terminated.
WebApp_BPKAD.exe: 00000A20: 11:52:49 [TUniServerModule]:Server Shutdown Completed.
WebApp_BPKAD.exe: 00000A20: 11:52:49 []:<-------------------------------------------------------------->
WebApp_BPKAD.exe: 00000A20: 11:52:49 [Terminated]:Exit Code: 0
WebApp_BPKAD.exe: 00002A84: 11:52:51 []:>--------------------------------------------------------------<
WebApp_BPKAD.exe: 00002A84: 11:52:51 [TUniServerModule]:Server First Init.
WebApp_BPKAD.exe: 00002A84: 11:52:51 [TUniServerModule]:Starting HTTP Server on Port: 85...
WebApp_BPKAD.exe: 00002A84: 11:52:52 [TUniServerModule]:HTTP Server Started on Port: 85
WebApp_BPKAD.exe: 00003230: 11:53:00 [127.0.0.1]:EUniSessionException : Invalid session or session Timeout. (Session not found: B9fGZ5zDZT108E1487E ) : Addr: $007DFFFE
WebApp_BPKAD.exe: 000041A4: 11:53:16 [127.0.0.1]:EAccessViolation : Access violation at address 00856D34 in module 'WebApp_BPKAD.exe'. Read of address 00000020 : Addr: $00856D34
WebApp_BPKAD.exe: 000041A4: 11:53:18 [127.0.0.1]:EAccessViolation : Access violation at address 00856D34 in module 'WebApp_BPKAD.exe'. Read of address 00000020 : Addr: $00856D34
WebApp_BPKAD.exe: 00002A84: 11:53:22 [TUniServerModule]:Shutting Down Server.
WebApp_BPKAD.exe: 00002A84: 11:53:22 [TUniServerModule]:Stopping HTTP Server.
WebApp_BPKAD.exe: 00002A84: 11:53:23 [TUniServerModule]:HTTP Server Stopped.
WebApp_BPKAD.exe: 00002A84: 11:53:23 [TUniGUISessionManager]:Terminating Session manager.
WebApp_BPKAD.exe: 00002A84: 11:53:23 [TUniGUISessionManager]:Stopping Cache Eraser...
WebApp_BPKAD.exe: 00002A84: 11:53:23 [TUniGUISessionManager]:Cache Eraser Stopped.
WebApp_BPKAD.exe: 00002A84: 11:53:23 []:EInvalidPointer : Invalid pointer operation : Addr: $00409DA9
WebApp_BPKAD.exe: 00002A84: 11:53:23 [TUniGUISessionManager]:Destroying Worker Threads.
WebApp_BPKAD.exe: 00002A84: 11:53:23 [TUniGUISessionManager]:Session manager terminated.
WebApp_BPKAD.exe: 00002A84: 11:53:23 [TUniServerModule]:Server Shutdown Completed.
WebApp_BPKAD.exe: 00002A84: 11:53:23 []:<-------------------------------------------------------------->
WebApp_BPKAD.exe: 00002A84: 11:53:23 [Terminated]:Exit Code: 0
