WebApp_BPKAD.exe: 000006BC: 00:53:46 []:>--------------------------------------------------------------<
WebApp_BPKAD.exe: 000006BC: 00:53:46 [TUniServerModule]:Server First Init.
WebApp_BPKAD.exe: 000006BC: 00:53:46 [TUniServerModule]:Starting HTTP Server on Port: 85...
WebApp_BPKAD.exe: 000006BC: 00:53:46 [TUniServerModule]:HTTP Server Started on Port: 85
WebApp_BPKAD.exe: 000019F0: 00:54:26 []:EAccessViolation : Access violation at address 00409A48 in module 'WebApp_BPKAD.exe'. Read of address FFFFFFFD : Addr: $00409A48
WebApp_BPKAD.exe: 000019F0: 01:02:47 []:EInvalidPointer : Invalid pointer operation : Addr: $00409955
WebApp_BPKAD.exe: 000019F0: 01:03:17 []:EInvalidPointer : Invalid pointer operation : Addr: $00409955
WebApp_BPKAD.exe: 000028DC: 01:04:13 [Access violation at address 00967D8B in module 'WebApp_BPKAD.exe'. Read of address 00000014-127.0.0.1]:EAccessViolation : Access violation at address 00967D8B in module 'WebApp_BPKAD.exe'. Read of address 00000014 : Addr: $00967D8B
WebApp_BPKAD.exe: 000007B8: 01:09:10 [Access violation at address 00967D8B in module 'WebApp_BPKAD.exe'. Read of address 00000014-127.0.0.1]:EAccessViolation : Access violation at address 00967D8B in module 'WebApp_BPKAD.exe'. Read of address 00000014 : Addr: $00967D8B
WebApp_BPKAD.exe: 000019F0: 01:10:27 []:EInvalidPointer : Invalid pointer operation : Addr: $00409955
WebApp_BPKAD.exe: 00003AA0: 01:10:29 [Access violation at address 00967D8B in module 'WebApp_BPKAD.exe'. Read of address 00000014-127.0.0.1]:EAccessViolation : Access violation at address 00967D8B in module 'WebApp_BPKAD.exe'. Read of address 00000014 : Addr: $00967D8B
WebApp_BPKAD.exe: 000009DC: 01:11:48 [Access violation at address 00967D8B in module 'WebApp_BPKAD.exe'. Read of address 00000014-127.0.0.1]:EAccessViolation : Access violation at address 00967D8B in module 'WebApp_BPKAD.exe'. Read of address 00000014 : Addr: $00967D8B
WebApp_BPKAD.exe: 00000CC0: 01:13:07 [Access violation at address 00967D8B in module 'WebApp_BPKAD.exe'. Read of address 00000014-127.0.0.1]:EAccessViolation : Access violation at address 00967D8B in module 'WebApp_BPKAD.exe'. Read of address 00000014 : Addr: $00967D8B
WebApp_BPKAD.exe: 00000CC0: 01:13:33 [Access violation at address 00967D8B in module 'WebApp_BPKAD.exe'. Read of address 00000014-127.0.0.1]:EAccessViolation : Access violation at address 00967D8B in module 'WebApp_BPKAD.exe'. Read of address 00000014 : Addr: $00967D8B
WebApp_BPKAD.exe: 000039A0: 01:17:06 [Access violation at address 00967D8B in module 'WebApp_BPKAD.exe'. Read of address 00000014-127.0.0.1]:EAccessViolation : Access violation at address 00967D8B in module 'WebApp_BPKAD.exe'. Read of address 00000014 : Addr: $00967D8B
WebApp_BPKAD.exe: 00002C10: 01:17:33 [Access violation at address 00967D8B in module 'WebApp_BPKAD.exe'. Read of address 00000014-127.0.0.1]:EAccessViolation : Access violation at address 00967D8B in module 'WebApp_BPKAD.exe'. Read of address 00000014 : Addr: $00967D8B
WebApp_BPKAD.exe: 00001414: 01:19:20 [Access violation at address 00967D8B in module 'WebApp_BPKAD.exe'. Read of address 00000014-127.0.0.1]:EAccessViolation : Access violation at address 00967D8B in module 'WebApp_BPKAD.exe'. Read of address 00000014 : Addr: $00967D8B
WebApp_BPKAD.exe: 000006BC: 01:21:02 [TUniServerModule]:Shutting Down Server.
WebApp_BPKAD.exe: 000006BC: 01:21:02 [TUniServerModule]:Stopping HTTP Server.
WebApp_BPKAD.exe: 000006BC: 01:21:03 [TUniServerModule]:HTTP Server Stopped.
WebApp_BPKAD.exe: 000006BC: 01:21:03 [TUniGUISessionManager]:Terminating Session manager.
WebApp_BPKAD.exe: 000006BC: 01:21:03 [TUniGUISessionManager]:Stopping Cache Eraser...
WebApp_BPKAD.exe: 000006BC: 01:21:03 [TUniGUISessionManager]:Cache Eraser Stopped.
WebApp_BPKAD.exe: 000006BC: 01:21:03 []:EAccessViolation : Access violation at address 5800409E in module 'odbc32.dll'. Write of address 02DB4C38 : Addr: $5800409E
WebApp_BPKAD.exe: 000006BC: 01:21:03 [TUniGUISessionManager]:Destroying Worker Threads.
WebApp_BPKAD.exe: 000006BC: 01:21:03 [TUniGUISessionManager]:Session manager terminated.
WebApp_BPKAD.exe: 000006BC: 01:21:04 [TUniServerModule]:Server Shutdown Completed.
WebApp_BPKAD.exe: 000006BC: 01:21:04 []:<-------------------------------------------------------------->
WebApp_BPKAD.exe: 000006BC: 01:21:04 [Terminated]:Exit Code: 0
WebApp_BPKAD.exe: 00002E08: 01:21:47 []:>--------------------------------------------------------------<
WebApp_BPKAD.exe: 00002E08: 01:21:47 [TUniServerModule]:Server First Init.
WebApp_BPKAD.exe: 00002E08: 01:21:47 [TUniServerModule]:Starting HTTP Server on Port: 85...
WebApp_BPKAD.exe: 00002E08: 01:21:47 [TUniServerModule]:HTTP Server Started on Port: 85
WebApp_BPKAD.exe: 00000AEC: 01:21:51 [127.0.0.1]:EUniSessionException : Invalid session or session Timeout. (Session not found: ZFYEOWV8XL109A87D67 ) : Addr: $00794C9A
WebApp_BPKAD.exe: 00000AEC: 01:21:51 [127.0.0.1]:EUniSessionException : Invalid session or session Timeout. (Session not found: ZFYEOWV8XL109A87D67 ) : Addr: $00794C9A
WebApp_BPKAD.exe: 00000D5C: 01:22:47 []:EAccessViolation : Access violation at address 00409A48 in module 'WebApp_BPKAD.exe'. Read of address FFFFFFFD : Addr: $00409A48
WebApp_BPKAD.exe: 00001534: 01:52:52 [127.0.0.1]:EUniSessionException : Invalid session or session Timeout. (Invalid URI: /srs6/serv/urn:publicsanctservices ) : Addr: $00794C9A
WebApp_BPKAD.exe: 00000D5C: 02:41:14 []:EAccessViolation : Access violation at address 5800409E in module 'odbc32.dll'. Write of address 02D68C38 : Addr: $5800409E
WebApp_BPKAD.exe: 00002D8C: 02:43:13 [127.0.0.1]:EUniSessionException : Invalid session or session Timeout. (Session not found: D5efEzf5vh109A882B1 ) : Addr: $00794C9A
WebApp_BPKAD.exe: 00002D8C: 02:43:13 [127.0.0.1]:EUniSessionException : Invalid session or session Timeout. (Session not found: D5efEzf5vh109A882B1 ) : Addr: $00794C9A
WebApp_BPKAD.exe: 00002E08: 02:51:12 [TUniServerModule]:Shutting Down Server.
WebApp_BPKAD.exe: 00002E08: 02:51:12 [TUniServerModule]:Stopping HTTP Server.
WebApp_BPKAD.exe: 00002E08: 02:51:13 [TUniServerModule]:HTTP Server Stopped.
WebApp_BPKAD.exe: 00002E08: 02:51:13 [TUniGUISessionManager]:Terminating Session manager.
WebApp_BPKAD.exe: 00002E08: 02:51:13 [TUniGUISessionManager]:Stopping Cache Eraser...
WebApp_BPKAD.exe: 00002E08: 02:51:13 [TUniGUISessionManager]:Cache Eraser Stopped.
WebApp_BPKAD.exe: 00002E08: 02:51:13 []:EInvalidPointer : Invalid pointer operation : Addr: $00409955
WebApp_BPKAD.exe: 00002E08: 02:51:13 []:EAccessViolation : Access violation at address 5800409E in module 'odbc32.dll'. Write of address 02D59C38 : Addr: $5800409E
WebApp_BPKAD.exe: 00002E08: 02:51:13 [TUniGUISessionManager]:Destroying Worker Threads.
WebApp_BPKAD.exe: 00002E08: 02:51:13 [TUniGUISessionManager]:Session manager terminated.
WebApp_BPKAD.exe: 00002E08: 02:51:13 [TUniServerModule]:Server Shutdown Completed.
WebApp_BPKAD.exe: 00002E08: 02:51:13 []:<-------------------------------------------------------------->
WebApp_BPKAD.exe: 00002E08: 02:51:13 [Terminated]:Exit Code: 0
WebApp_BPKAD.exe: 00002D30: 02:54:19 []:>--------------------------------------------------------------<
WebApp_BPKAD.exe: 00002D30: 02:54:19 [TUniServerModule]:Server First Init.
WebApp_BPKAD.exe: 00002D30: 02:54:19 [TUniServerModule]:Starting HTTP Server on Port: 85...
WebApp_BPKAD.exe: 00002D30: 02:54:19 [TUniServerModule]:HTTP Server Started on Port: 85
WebApp_BPKAD.exe: 00003320: 02:54:20 [127.0.0.1]:EUniSessionException : Invalid session or session Timeout. (Session not found: HBUBLCPcQS109A89AAF ) : Addr: $00794C9A
WebApp_BPKAD.exe: 00003320: 02:54:21 [127.0.0.1]:EUniSessionException : Invalid session or session Timeout. (Session not found: HBUBLCPcQS109A89AAF ) : Addr: $00794C9A
WebApp_BPKAD.exe: 00003320: 02:54:21 [127.0.0.1]:EUniSessionException : Invalid session or session Timeout. (Session not found: HBUBLCPcQS109A89AAF ) : Addr: $00794C9A
WebApp_BPKAD.exe: 00001300: 03:02:35 []:EAccessViolation : Access violation at address 00409A48 in module 'WebApp_BPKAD.exe'. Read of address FFFFFFFD : Addr: $00409A48
WebApp_BPKAD.exe: 00002D30: 04:50:03 [TUniServerModule]:Shutting Down Server.
WebApp_BPKAD.exe: 00002D30: 04:50:03 [TUniServerModule]:Stopping HTTP Server.
WebApp_BPKAD.exe: 00002D30: 04:50:03 [TUniServerModule]:HTTP Server Stopped.
WebApp_BPKAD.exe: 00002D30: 04:50:03 [TUniGUISessionManager]:Terminating Session manager.
WebApp_BPKAD.exe: 00002D30: 04:50:03 [TUniGUISessionManager]:Stopping Cache Eraser...
WebApp_BPKAD.exe: 00002D30: 04:50:03 [TUniGUISessionManager]:Cache Eraser Stopped.
WebApp_BPKAD.exe: 00002D30: 04:50:03 []:EAccessViolation : Access violation at address 5800409E in module 'odbc32.dll'. Write of address 02BD7C38 : Addr: $5800409E
WebApp_BPKAD.exe: 00002D30: 04:50:03 [TUniGUISessionManager]:Destroying Worker Threads.
WebApp_BPKAD.exe: 00002D30: 04:50:03 [TUniGUISessionManager]:Session manager terminated.
WebApp_BPKAD.exe: 00002D30: 04:50:03 [TUniServerModule]:Server Shutdown Completed.
WebApp_BPKAD.exe: 00002D30: 04:50:03 []:<-------------------------------------------------------------->
WebApp_BPKAD.exe: 00002D30: 04:50:03 [Terminated]:Exit Code: 0
WebApp_BPKAD.exe: 00003ED8: 04:50:05 []:>--------------------------------------------------------------<
WebApp_BPKAD.exe: 00003ED8: 04:50:05 [TUniServerModule]:Server First Init.
WebApp_BPKAD.exe: 00003ED8: 04:50:05 [TUniServerModule]:Starting HTTP Server on Port: 85...
WebApp_BPKAD.exe: 00003ED8: 04:50:05 [TUniServerModule]:HTTP Server Started on Port: 85
WebApp_BPKAD.exe: 00003AEC: 04:50:10 [127.0.0.1]:EUniSessionException : Invalid session or session Timeout. (Session not found: vqgGbJvZBj109A89DC4 ) : Addr: $00794C9A
WebApp_BPKAD.exe: 00003AEC: 04:50:10 [127.0.0.1]:EUniSessionException : Invalid session or session Timeout. (Session not found: vqgGbJvZBj109A89DC4 ) : Addr: $00794C9A
WebApp_BPKAD.exe: 00002E74: 04:52:56 [127.0.0.1]:EUniSessionException : Invalid session or session Timeout. (Invalid URI: /srs6/serv/urn:verificationservices ) : Addr: $00794C9A
WebApp_BPKAD.exe: 00000744: 05:09:17 []:EAccessViolation : Access violation at address 00409A48 in module 'WebApp_BPKAD.exe'. Read of address FFFFFFFD : Addr: $00409A48
WebApp_BPKAD.exe: 000014A0: 05:27:03 [127.0.0.1]:EUniSessionException : Invalid session or session Timeout. (Session not found: aiMt1CADv3109A8BAF7 ) : Addr: $00794C9A
WebApp_BPKAD.exe: 000014A0: 05:27:03 [127.0.0.1]:EUniSessionException : Invalid session or session Timeout. (Session not found: aiMt1CADv3109A8BAF7 ) : Addr: $00794C9A
WebApp_BPKAD.exe: 00000744: 05:47:05 []:EAccessViolation : Access violation at address 580040A2 in module 'odbc32.dll'. Write of address 00004C38 : Addr: $580040A2
WebApp_BPKAD.exe: 00003E3C: 06:23:06 [127.0.0.1]:EUniSessionException : Invalid session or session Timeout. (Session not found: JtFMUFOFMO109A8C4F8 ) : Addr: $00794C9A
WebApp_BPKAD.exe: 00003E3C: 06:23:06 [127.0.0.1]:EUniSessionException : Invalid session or session Timeout. (Session not found: JtFMUFOFMO109A8C4F8 ) : Addr: $00794C9A
WebApp_BPKAD.exe: 00000744: 06:33:09 []:EInvalidPointer : Invalid pointer operation : Addr: $00409955
WebApp_BPKAD.exe: 00003ED8: 06:46:38 [TUniServerModule]:Shutting Down Server.
WebApp_BPKAD.exe: 00003ED8: 06:46:38 [TUniServerModule]:Stopping HTTP Server.
WebApp_BPKAD.exe: 00003ED8: 06:46:38 [TUniServerModule]:HTTP Server Stopped.
WebApp_BPKAD.exe: 00003ED8: 06:46:38 [TUniGUISessionManager]:Terminating Session manager.
WebApp_BPKAD.exe: 00003ED8: 06:46:38 [TUniGUISessionManager]:Stopping Cache Eraser...
WebApp_BPKAD.exe: 00003ED8: 06:46:38 [TUniGUISessionManager]:Cache Eraser Stopped.
WebApp_BPKAD.exe: 00003ED8: 06:46:38 [TUniGUISessionManager]:Destroying Worker Threads.
WebApp_BPKAD.exe: 00003ED8: 06:46:38 [TUniGUISessionManager]:Session manager terminated.
WebApp_BPKAD.exe: 00003ED8: 06:46:38 [TUniServerModule]:Server Shutdown Completed.
WebApp_BPKAD.exe: 00003ED8: 06:46:38 []:<-------------------------------------------------------------->
WebApp_BPKAD.exe: 00003ED8: 06:46:38 [Terminated]:Exit Code: 0
WebApp_BPKAD.exe: 000028A0: 06:46:41 []:>--------------------------------------------------------------<
WebApp_BPKAD.exe: 000028A0: 06:46:41 [TUniServerModule]:Server First Init.
WebApp_BPKAD.exe: 000028A0: 06:46:41 [TUniServerModule]:Starting HTTP Server on Port: 85...
WebApp_BPKAD.exe: 000028A0: 06:46:42 [TUniServerModule]:HTTP Server Started on Port: 85
WebApp_BPKAD.exe: 000028A0: 06:46:49 [TUniServerModule]:Shutting Down Server.
WebApp_BPKAD.exe: 000028A0: 06:46:49 [TUniServerModule]:Stopping HTTP Server.
WebApp_BPKAD.exe: 000028A0: 06:46:49 [TUniServerModule]:HTTP Server Stopped.
WebApp_BPKAD.exe: 000028A0: 06:46:49 [TUniGUISessionManager]:Terminating Session manager.
WebApp_BPKAD.exe: 000028A0: 06:46:49 [TUniGUISessionManager]:Stopping Cache Eraser...
WebApp_BPKAD.exe: 000028A0: 06:46:49 [TUniGUISessionManager]:Cache Eraser Stopped.
WebApp_BPKAD.exe: 000028A0: 06:46:49 [TUniGUISessionManager]:Destroying Worker Threads.
WebApp_BPKAD.exe: 000028A0: 06:46:49 [TUniGUISessionManager]:Session manager terminated.
WebApp_BPKAD.exe: 000028A0: 06:46:49 [TUniServerModule]:Server Shutdown Completed.
WebApp_BPKAD.exe: 000028A0: 06:46:49 []:<-------------------------------------------------------------->
WebApp_BPKAD.exe: 000028A0: 06:46:49 [Terminated]:Exit Code: 0
WebApp_BPKAD.exe: 00002108: 06:55:53 []:>--------------------------------------------------------------<
WebApp_BPKAD.exe: 00002108: 06:55:53 [TUniServerModule]:Server First Init.
WebApp_BPKAD.exe: 00002108: 06:55:53 [TUniServerModule]:Starting HTTP Server on Port: 85...
WebApp_BPKAD.exe: 00002108: 06:55:53 [TUniServerModule]:HTTP Server Started on Port: 85
WebApp_BPKAD.exe: 0000395C: 06:56:17 [127.0.0.1]:EUniSessionException : Invalid session or session Timeout. (Session not found: BBBkt2Dklw109A8D42D ) : Addr: $00794C9A
WebApp_BPKAD.exe: 00000ACC: 06:56:24 [127.0.0.1]:EDatabaseError : qStokBarang: Field 'penerimaan' not found : Addr: $00661096
WebApp_BPKAD.exe: 00002108: 07:00:06 [TUniServerModule]:Shutting Down Server.
WebApp_BPKAD.exe: 00002108: 07:00:06 [TUniServerModule]:Stopping HTTP Server.
WebApp_BPKAD.exe: 00002108: 07:00:08 [TUniServerModule]:HTTP Server Stopped.
WebApp_BPKAD.exe: 00002108: 07:00:08 [TUniGUISessionManager]:Terminating Session manager.
WebApp_BPKAD.exe: 00002108: 07:00:08 [TUniGUISessionManager]:Stopping Cache Eraser...
WebApp_BPKAD.exe: 00002108: 07:00:08 [TUniGUISessionManager]:Cache Eraser Stopped.
WebApp_BPKAD.exe: 00002108: 07:00:08 []:EAccessViolation : Access violation at address 00409A48 in module 'WebApp_BPKAD.exe'. Read of address FFFFFFFD : Addr: $00409A48
WebApp_BPKAD.exe: 00002108: 07:00:08 [TUniGUISessionManager]:Destroying Worker Threads.
WebApp_BPKAD.exe: 00002108: 07:00:08 [TUniGUISessionManager]:Session manager terminated.
WebApp_BPKAD.exe: 00002108: 07:00:08 [TUniServerModule]:Server Shutdown Completed.
WebApp_BPKAD.exe: 00002108: 07:00:08 []:<-------------------------------------------------------------->
WebApp_BPKAD.exe: 00002108: 07:00:08 [Terminated]:Exit Code: 0
WebApp_BPKAD.exe: 00001B08: 07:00:09 []:>--------------------------------------------------------------<
WebApp_BPKAD.exe: 00001B08: 07:00:09 [TUniServerModule]:Server First Init.
WebApp_BPKAD.exe: 00001B08: 07:00:09 [TUniServerModule]:Starting HTTP Server on Port: 85...
WebApp_BPKAD.exe: 00001B08: 07:00:10 [TUniServerModule]:HTTP Server Started on Port: 85
WebApp_BPKAD.exe: 0000140C: 07:00:12 [127.0.0.1]:EUniSessionException : Invalid session or session Timeout. (Session not found: se7wjS7Jcm109A8DD2D ) : Addr: $00794C9A
WebApp_BPKAD.exe: 0000140C: 07:00:13 [127.0.0.1]:EUniSessionException : Invalid session or session Timeout. (Session not found: se7wjS7Jcm109A8DD2D ) : Addr: $00794C9A
WebApp_BPKAD.exe: 0000171C: 07:21:56 []:EAccessViolation : Access violation at address 00409A48 in module 'WebApp_BPKAD.exe'. Read of address FFFFFFFD : Addr: $00409A48
WebApp_BPKAD.exe: 00000BC0: 07:23:58 [127.0.0.1]:EUniSessionException : Invalid session or session Timeout. (Session not found: suQIgi6NNm109A8DE3E ) : Addr: $00794C9A
WebApp_BPKAD.exe: 00000BC0: 07:23:58 [127.0.0.1]:EUniSessionException : Invalid session or session Timeout. (Session not found: suQIgi6NNm109A8DE3E ) : Addr: $00794C9A
WebApp_BPKAD.exe: 00001B08: 07:30:52 [TUniServerModule]:Shutting Down Server.
WebApp_BPKAD.exe: 00001B08: 07:30:52 [TUniServerModule]:Stopping HTTP Server.
WebApp_BPKAD.exe: 00001B08: 07:30:53 [TUniServerModule]:HTTP Server Stopped.
WebApp_BPKAD.exe: 00001B08: 07:30:53 [TUniGUISessionManager]:Terminating Session manager.
WebApp_BPKAD.exe: 00001B08: 07:30:53 [TUniGUISessionManager]:Stopping Cache Eraser...
WebApp_BPKAD.exe: 00001B08: 07:30:53 [TUniGUISessionManager]:Cache Eraser Stopped.
WebApp_BPKAD.exe: 00001B08: 07:30:53 []:EInvalidPointer : Invalid pointer operation : Addr: $00409955
WebApp_BPKAD.exe: 00001B08: 07:30:53 [TUniGUISessionManager]:Destroying Worker Threads.
WebApp_BPKAD.exe: 00001B08: 07:30:53 [TUniGUISessionManager]:Session manager terminated.
WebApp_BPKAD.exe: 00001B08: 07:30:54 [TUniServerModule]:Server Shutdown Completed.
WebApp_BPKAD.exe: 00001B08: 07:30:54 []:<-------------------------------------------------------------->
WebApp_BPKAD.exe: 00001B08: 07:30:54 [Terminated]:Exit Code: 0
WebApp_BPKAD.exe: 000031D8: 07:37:15 []:>--------------------------------------------------------------<
WebApp_BPKAD.exe: 000031D8: 07:37:15 [TUniServerModule]:Server First Init.
WebApp_BPKAD.exe: 000031D8: 07:37:15 [TUniServerModule]:Starting HTTP Server on Port: 85...
WebApp_BPKAD.exe: 000031D8: 07:37:16 [TUniServerModule]:HTTP Server Started on Port: 85
WebApp_BPKAD.exe: 00000788: 07:37:21 [127.0.0.1]:EUniSessionException : Invalid session or session Timeout. (Session not found: zKrHtJq64O109A8E4B0 ) : Addr: $00794C9A
WebApp_BPKAD.exe: 00000788: 07:37:29 [127.0.0.1]:EDatabaseError : qStokBarang: Field 'bidang' not found : Addr: $00661096
WebApp_BPKAD.exe: 000031D8: 07:37:36 [TUniServerModule]:Shutting Down Server.
WebApp_BPKAD.exe: 000031D8: 07:37:36 [TUniServerModule]:Stopping HTTP Server.
WebApp_BPKAD.exe: 000031D8: 07:37:37 [TUniServerModule]:HTTP Server Stopped.
WebApp_BPKAD.exe: 000031D8: 07:37:37 [TUniGUISessionManager]:Terminating Session manager.
WebApp_BPKAD.exe: 000031D8: 07:37:37 [TUniGUISessionManager]:Stopping Cache Eraser...
WebApp_BPKAD.exe: 000031D8: 07:37:37 [TUniGUISessionManager]:Cache Eraser Stopped.
WebApp_BPKAD.exe: 000031D8: 07:37:37 []:EAccessViolation : Access violation at address 00409A48 in module 'WebApp_BPKAD.exe'. Read of address FFFFFFFD : Addr: $00409A48
WebApp_BPKAD.exe: 000031D8: 07:37:37 [TUniGUISessionManager]:Destroying Worker Threads.
WebApp_BPKAD.exe: 000031D8: 07:37:37 [TUniGUISessionManager]:Session manager terminated.
WebApp_BPKAD.exe: 000031D8: 07:37:37 [TUniServerModule]:Server Shutdown Completed.
WebApp_BPKAD.exe: 000031D8: 07:37:37 []:<-------------------------------------------------------------->
WebApp_BPKAD.exe: 000031D8: 07:37:37 [Terminated]:Exit Code: 0
WebApp_BPKAD.exe: 00000798: 07:39:04 []:>--------------------------------------------------------------<
WebApp_BPKAD.exe: 00000798: 07:39:04 [TUniServerModule]:Server First Init.
WebApp_BPKAD.exe: 00000798: 07:39:04 [TUniServerModule]:Starting HTTP Server on Port: 85...
WebApp_BPKAD.exe: 00000798: 07:39:04 [TUniServerModule]:HTTP Server Started on Port: 85
WebApp_BPKAD.exe: 0000174C: 07:39:08 [127.0.0.1]:EUniSessionException : Invalid session or session Timeout. (Session not found: 76EdbX1XIh109A8E851 ) : Addr: $00794C9A
WebApp_BPKAD.exe: 0000174C: 07:39:08 [127.0.0.1]:EUniSessionException : Invalid session or session Timeout. (Session not found: 76EdbX1XIh109A8E851 ) : Addr: $00794C9A
WebApp_BPKAD.exe: 00000798: 07:46:00 [TUniServerModule]:Shutting Down Server.
WebApp_BPKAD.exe: 00000798: 07:46:00 [TUniServerModule]:Stopping HTTP Server.
WebApp_BPKAD.exe: 00000798: 07:46:01 [TUniServerModule]:HTTP Server Stopped.
WebApp_BPKAD.exe: 00000798: 07:46:01 [TUniGUISessionManager]:Terminating Session manager.
WebApp_BPKAD.exe: 00000798: 07:46:01 [TUniGUISessionManager]:Stopping Cache Eraser...
WebApp_BPKAD.exe: 00000798: 07:46:01 [TUniGUISessionManager]:Cache Eraser Stopped.
WebApp_BPKAD.exe: 00000798: 07:46:01 []:EAccessViolation : Access violation at address 00409A48 in module 'WebApp_BPKAD.exe'. Read of address FFFFFFFD : Addr: $00409A48
WebApp_BPKAD.exe: 00000798: 07:46:01 [TUniGUISessionManager]:Destroying Worker Threads.
WebApp_BPKAD.exe: 00000798: 07:46:01 [TUniGUISessionManager]:Session manager terminated.
WebApp_BPKAD.exe: 00000798: 07:46:01 [TUniServerModule]:Server Shutdown Completed.
WebApp_BPKAD.exe: 00000798: 07:46:01 []:<-------------------------------------------------------------->
WebApp_BPKAD.exe: 00000798: 07:46:01 [Terminated]:Exit Code: 0
WebApp_BPKAD.exe: 00000E94: 07:46:02 []:>--------------------------------------------------------------<
WebApp_BPKAD.exe: 00000E94: 07:46:02 [TUniServerModule]:Server First Init.
WebApp_BPKAD.exe: 00000E94: 07:46:02 [TUniServerModule]:Starting HTTP Server on Port: 85...
WebApp_BPKAD.exe: 00000E94: 07:46:03 [TUniServerModule]:HTTP Server Started on Port: 85
WebApp_BPKAD.exe: 000009EC: 07:46:05 [127.0.0.1]:EUniSessionException : Invalid session or session Timeout. (Session not found: s3u12dbxbN109A8E8CD ) : Addr: $00794C9A
WebApp_BPKAD.exe: 000009EC: 07:46:05 [127.0.0.1]:EUniSessionException : Invalid session or session Timeout. (Session not found: s3u12dbxbN109A8E8CD ) : Addr: $00794C9A
WebApp_BPKAD.exe: 00000E94: 07:51:53 [TUniServerModule]:Shutting Down Server.
WebApp_BPKAD.exe: 00000E94: 07:51:53 [TUniServerModule]:Stopping HTTP Server.
WebApp_BPKAD.exe: 00000E94: 07:51:54 [TUniServerModule]:HTTP Server Stopped.
WebApp_BPKAD.exe: 00000E94: 07:51:54 [TUniGUISessionManager]:Terminating Session manager.
WebApp_BPKAD.exe: 00000E94: 07:51:54 [TUniGUISessionManager]:Stopping Cache Eraser...
WebApp_BPKAD.exe: 00000E94: 07:51:54 [TUniGUISessionManager]:Cache Eraser Stopped.
WebApp_BPKAD.exe: 00000E94: 07:51:54 []:EAccessViolation : Access violation at address 00409A48 in module 'WebApp_BPKAD.exe'. Read of address FFFFFFFD : Addr: $00409A48
WebApp_BPKAD.exe: 00000E94: 07:51:54 [TUniGUISessionManager]:Destroying Worker Threads.
WebApp_BPKAD.exe: 00000E94: 07:51:54 [TUniGUISessionManager]:Session manager terminated.
WebApp_BPKAD.exe: 00000E94: 07:51:54 [TUniServerModule]:Server Shutdown Completed.
WebApp_BPKAD.exe: 00000E94: 07:51:54 []:<-------------------------------------------------------------->
WebApp_BPKAD.exe: 00000E94: 07:51:54 [Terminated]:Exit Code: 0
WebApp_BPKAD.exe: 00003390: 08:02:40 []:>--------------------------------------------------------------<
WebApp_BPKAD.exe: 00003390: 08:02:40 [TUniServerModule]:Server First Init.
WebApp_BPKAD.exe: 00003390: 08:02:41 [TUniServerModule]:Starting HTTP Server on Port: 85...
WebApp_BPKAD.exe: 00003390: 08:02:41 [TUniServerModule]:HTTP Server Started on Port: 85
WebApp_BPKAD.exe: 00003390: 08:02:46 [TUniServerModule]:Shutting Down Server.
WebApp_BPKAD.exe: 00003390: 08:02:46 [TUniServerModule]:Stopping HTTP Server.
WebApp_BPKAD.exe: 00003390: 08:02:46 [TUniServerModule]:HTTP Server Stopped.
WebApp_BPKAD.exe: 00003390: 08:02:46 [TUniGUISessionManager]:Terminating Session manager.
WebApp_BPKAD.exe: 00003390: 08:02:46 [TUniGUISessionManager]:Stopping Cache Eraser...
WebApp_BPKAD.exe: 00003390: 08:02:46 [TUniGUISessionManager]:Cache Eraser Stopped.
WebApp_BPKAD.exe: 00003390: 08:02:47 [TUniGUISessionManager]:Destroying Worker Threads.
WebApp_BPKAD.exe: 00003390: 08:02:47 [TUniGUISessionManager]:Session manager terminated.
WebApp_BPKAD.exe: 00003390: 08:02:47 [TUniServerModule]:Server Shutdown Completed.
WebApp_BPKAD.exe: 00003390: 08:02:47 []:<-------------------------------------------------------------->
WebApp_BPKAD.exe: 00003390: 08:02:47 [Terminated]:Exit Code: 0
WebApp_BPKAD.exe: 00002264: 08:02:53 []:>--------------------------------------------------------------<
WebApp_BPKAD.exe: 00002264: 08:02:53 [TUniServerModule]:Server First Init.
WebApp_BPKAD.exe: 00002264: 08:02:53 [TUniServerModule]:Starting HTTP Server on Port: 85...
WebApp_BPKAD.exe: 00002264: 08:02:53 [TUniServerModule]:HTTP Server Started on Port: 85
WebApp_BPKAD.exe: 00003D70: 08:02:56 [127.0.0.1]:EUniSessionException : Invalid session or session Timeout. (Session not found: HHcBjiamHP109A8EAAF ) : Addr: $00794C9A
WebApp_BPKAD.exe: 00003D70: 08:02:56 [127.0.0.1]:EUniSessionException : Invalid session or session Timeout. (Session not found: HHcBjiamHP109A8EAAF ) : Addr: $00794C9A
WebApp_BPKAD.exe: 00002814: 08:13:29 []:EAccessViolation : Access violation at address 00409A48 in module 'WebApp_BPKAD.exe'. Read of address FFFFFFFD : Addr: $00409A48
WebApp_BPKAD.exe: 00001B90: 08:15:29 [127.0.0.1]:EUniSessionException : Invalid session or session Timeout. (Session not found: bfMNoMCtoA109A8EF42 ) : Addr: $00794C9A
WebApp_BPKAD.exe: 00001B90: 08:15:29 [127.0.0.1]:EUniSessionException : Invalid session or session Timeout. (Session not found: bfMNoMCtoA109A8EF42 ) : Addr: $00794C9A
WebApp_BPKAD.exe: 00002264: 08:22:03 [TUniServerModule]:Shutting Down Server.
WebApp_BPKAD.exe: 00002264: 08:22:03 [TUniServerModule]:Stopping HTTP Server.
WebApp_BPKAD.exe: 00002264: 08:22:04 [TUniServerModule]:HTTP Server Stopped.
WebApp_BPKAD.exe: 00002264: 08:22:04 [TUniGUISessionManager]:Terminating Session manager.
WebApp_BPKAD.exe: 00002264: 08:22:04 [TUniGUISessionManager]:Stopping Cache Eraser...
WebApp_BPKAD.exe: 00002264: 08:22:04 [TUniGUISessionManager]:Cache Eraser Stopped.
WebApp_BPKAD.exe: 00002264: 08:22:04 []:EAccessViolation : Access violation at address 5800409E in module 'odbc32.dll'. Write of address 02D21C38 : Addr: $5800409E
WebApp_BPKAD.exe: 00002264: 08:22:04 [TUniGUISessionManager]:Destroying Worker Threads.
WebApp_BPKAD.exe: 00002264: 08:22:04 [TUniGUISessionManager]:Session manager terminated.
WebApp_BPKAD.exe: 00002264: 08:22:04 [TUniServerModule]:Server Shutdown Completed.
WebApp_BPKAD.exe: 00002264: 08:22:04 []:<-------------------------------------------------------------->
WebApp_BPKAD.exe: 00002264: 08:22:04 [Terminated]:Exit Code: 0
WebApp_BPKAD.exe: 00001FB0: 08:22:09 []:>--------------------------------------------------------------<
WebApp_BPKAD.exe: 00001FB0: 08:22:09 [TUniServerModule]:Server First Init.
WebApp_BPKAD.exe: 00001FB0: 08:22:09 [TUniServerModule]:Starting HTTP Server on Port: 85...
WebApp_BPKAD.exe: 00001FB0: 08:22:10 [TUniServerModule]:HTTP Server Started on Port: 85
WebApp_BPKAD.exe: 00001FB0: 08:22:11 [TUniServerModule]:Shutting Down Server.
WebApp_BPKAD.exe: 00001FB0: 08:22:11 [TUniServerModule]:Stopping HTTP Server.
WebApp_BPKAD.exe: 00001FB0: 08:22:12 [TUniServerModule]:HTTP Server Stopped.
WebApp_BPKAD.exe: 00001FB0: 08:22:12 [TUniGUISessionManager]:Terminating Session manager.
WebApp_BPKAD.exe: 00001FB0: 08:22:12 [TUniGUISessionManager]:Stopping Cache Eraser...
WebApp_BPKAD.exe: 00001FB0: 08:22:12 [TUniGUISessionManager]:Cache Eraser Stopped.
WebApp_BPKAD.exe: 00001FB0: 08:22:12 [TUniGUISessionManager]:Destroying Worker Threads.
WebApp_BPKAD.exe: 00001FB0: 08:22:12 [TUniGUISessionManager]:Session manager terminated.
WebApp_BPKAD.exe: 00001FB0: 08:22:12 [TUniServerModule]:Server Shutdown Completed.
WebApp_BPKAD.exe: 00001FB0: 08:22:12 []:<-------------------------------------------------------------->
WebApp_BPKAD.exe: 00001FB0: 08:22:12 [Terminated]:Exit Code: 0
