WebApp_BPKAD.exe: 000013FC: 09:34:06 []:>--------------------------------------------------------------<
WebApp_BPKAD.exe: 000013FC: 09:34:06 [TUniServerModule]:Server First Init.
WebApp_BPKAD.exe: 000013FC: 09:34:06 [TUniServerModule]:Starting HTTP Server on Port: 85...
WebApp_BPKAD.exe: 000013FC: 09:34:06 [TUniServerModule]:HTTP Server Started on Port: 85
WebApp_BPKAD.exe: 00001824: 09:34:46 []:EInvalidPointer : Invalid pointer operation : Addr: $00409DA9
WebApp_BPKAD.exe: 000013FC: 09:38:26 [TUniServerModule]:Shutting Down Server.
WebApp_BPKAD.exe: 000013FC: 09:38:26 [TUniServerModule]:Stopping HTTP Server.
WebApp_BPKAD.exe: 000013FC: 09:38:27 [TUniServerModule]:HTTP Server Stopped.
WebApp_BPKAD.exe: 000013FC: 09:38:27 [TUniGUISessionManager]:Terminating Session manager.
WebApp_BPKAD.exe: 000013FC: 09:38:27 [TUniGUISessionManager]:Stopping Cache Eraser...
WebApp_BPKAD.exe: 000013FC: 09:38:27 [TUniGUISessionManager]:Cache Eraser Stopped.
WebApp_BPKAD.exe: 000013FC: 09:38:27 []:EInvalidPointer : Invalid pointer operation : Addr: $00409DA9
WebApp_BPKAD.exe: 000013FC: 09:38:27 [TUniGUISessionManager]:Destroying Worker Threads.
WebApp_BPKAD.exe: 000013FC: 09:38:27 [TUniGUISessionManager]:Session manager terminated.
WebApp_BPKAD.exe: 000013FC: 09:38:27 [TUniServerModule]:Server Shutdown Completed.
WebApp_BPKAD.exe: 000013FC: 09:38:27 []:<-------------------------------------------------------------->
WebApp_BPKAD.exe: 000013FC: 09:38:27 [Terminated]:Exit Code: 0
WebApp_BPKAD.exe: 000014D0: 11:51:34 []:>--------------------------------------------------------------<
WebApp_BPKAD.exe: 000014D0: 11:51:34 [TUniServerModule]:Server First Init.
WebApp_BPKAD.exe: 000014D0: 11:51:34 [TUniServerModule]:Starting HTTP Server on Port: 85...
WebApp_BPKAD.exe: 000014D0: 11:51:34 [TUniServerModule]:HTTP Server Started on Port: 85
WebApp_BPKAD.exe: 000014D0: 11:51:36 [TUniServerModule]:Shutting Down Server.
WebApp_BPKAD.exe: 000014D0: 11:51:36 [TUniServerModule]:Stopping HTTP Server.
WebApp_BPKAD.exe: 000014D0: 11:51:37 [TUniServerModule]:HTTP Server Stopped.
WebApp_BPKAD.exe: 000014D0: 11:51:37 [TUniGUISessionManager]:Terminating Session manager.
WebApp_BPKAD.exe: 000014D0: 11:51:37 [TUniGUISessionManager]:Stopping Cache Eraser...
WebApp_BPKAD.exe: 000014D0: 11:51:37 [TUniGUISessionManager]:Cache Eraser Stopped.
WebApp_BPKAD.exe: 000014D0: 11:51:37 [TUniGUISessionManager]:Destroying Worker Threads.
WebApp_BPKAD.exe: 000014D0: 11:51:37 [TUniGUISessionManager]:Session manager terminated.
WebApp_BPKAD.exe: 000014D0: 11:51:37 [TUniServerModule]:Server Shutdown Completed.
WebApp_BPKAD.exe: 000014D0: 11:51:37 []:<-------------------------------------------------------------->
WebApp_BPKAD.exe: 000014D0: 11:51:37 [Terminated]:Exit Code: 0
WebApp_BPKAD.exe: 0000176C: 12:14:20 []:>--------------------------------------------------------------<
WebApp_BPKAD.exe: 0000176C: 12:14:20 [TUniServerModule]:Server First Init.
WebApp_BPKAD.exe: 0000176C: 12:14:20 [TUniServerModule]:Starting HTTP Server on Port: 85...
WebApp_BPKAD.exe: 0000176C: 12:14:20 [TUniServerModule]:HTTP Server Started on Port: 85
WebApp_BPKAD.exe: 00002948: 12:14:55 []:EInvalidPointer : Invalid pointer operation : Addr: $00409DA9
WebApp_BPKAD.exe: 00002948: 12:14:55 []:EInvalidPointer : Invalid pointer operation : Addr: $00409DA9
WebApp_BPKAD.exe: 00002948: 12:24:51 []:EInvalidPointer : Invalid pointer operation : Addr: $00409DA9
WebApp_BPKAD.exe: 00003F08: 12:44:35 [127.0.0.1]:EUniSessionException : Invalid session or session Timeout. (Invalid URI: /srs6/serv/urn:verificationservices ) : Addr: $007E097A
WebApp_BPKAD.exe: 0000176C: 14:47:10 [TUniServerModule]:Shutting Down Server.
WebApp_BPKAD.exe: 0000176C: 14:47:10 [TUniServerModule]:Stopping HTTP Server.
WebApp_BPKAD.exe: 0000176C: 14:47:10 [TUniServerModule]:HTTP Server Stopped.
WebApp_BPKAD.exe: 0000176C: 14:47:10 [TUniGUISessionManager]:Terminating Session manager.
WebApp_BPKAD.exe: 0000176C: 14:47:10 [TUniGUISessionManager]:Stopping Cache Eraser...
WebApp_BPKAD.exe: 0000176C: 14:47:10 [TUniGUISessionManager]:Cache Eraser Stopped.
WebApp_BPKAD.exe: 0000176C: 14:47:10 [TUniGUISessionManager]:Destroying Worker Threads.
WebApp_BPKAD.exe: 0000176C: 14:47:10 [TUniGUISessionManager]:Session manager terminated.
WebApp_BPKAD.exe: 0000176C: 14:47:10 [TUniServerModule]:Server Shutdown Completed.
WebApp_BPKAD.exe: 0000176C: 14:47:10 []:<-------------------------------------------------------------->
WebApp_BPKAD.exe: 0000176C: 14:47:10 [Terminated]:Exit Code: 0
WebApp_BPKAD.exe: 00002C98: 15:04:44 []:>--------------------------------------------------------------<
WebApp_BPKAD.exe: 00002C98: 15:04:44 [TUniServerModule]:Server First Init.
WebApp_BPKAD.exe: 00002C98: 15:04:44 [TUniServerModule]:Starting HTTP Server on Port: 85...
WebApp_BPKAD.exe: 00002C98: 15:04:45 [TUniServerModule]:HTTP Server Started on Port: 85
WebApp_BPKAD.exe: 00002154: 15:05:14 []:EInvalidPointer : Invalid pointer operation : Addr: $00409DA9
WebApp_BPKAD.exe: 00002154: 15:05:29 []:EInvalidPointer : Invalid pointer operation : Addr: $00409DA9
WebApp_BPKAD.exe: 00002154: 15:05:34 []:EInvalidPointer : Invalid pointer operation : Addr: $00409DA9
WebApp_BPKAD.exe: 00002154: 15:06:15 []:EInvalidPointer : Invalid pointer operation : Addr: $00409DA9
WebApp_BPKAD.exe: 00002154: 15:06:15 []:EInvalidPointer : Invalid pointer operation : Addr: $00409DA9
WebApp_BPKAD.exe: 00002154: 15:06:25 []:EInvalidPointer : Invalid pointer operation : Addr: $00409DA9
WebApp_BPKAD.exe: 00002C98: 15:14:24 [TUniServerModule]:Shutting Down Server.
WebApp_BPKAD.exe: 00002C98: 15:14:24 [TUniServerModule]:Stopping HTTP Server.
WebApp_BPKAD.exe: 00002C98: 15:14:25 [TUniServerModule]:HTTP Server Stopped.
WebApp_BPKAD.exe: 00002C98: 15:14:25 [TUniGUISessionManager]:Terminating Session manager.
WebApp_BPKAD.exe: 00002C98: 15:14:25 [TUniGUISessionManager]:Stopping Cache Eraser...
WebApp_BPKAD.exe: 00002C98: 15:14:25 [TUniGUISessionManager]:Cache Eraser Stopped.
WebApp_BPKAD.exe: 00002C98: 15:14:25 []:EInvalidPointer : Invalid pointer operation : Addr: $00409DA9
WebApp_BPKAD.exe: 00002C98: 15:14:25 [TUniGUISessionManager]:Destroying Worker Threads.
WebApp_BPKAD.exe: 00002C98: 15:14:25 [TUniGUISessionManager]:Session manager terminated.
WebApp_BPKAD.exe: 00002C98: 15:14:25 [TUniServerModule]:Server Shutdown Completed.
WebApp_BPKAD.exe: 00002C98: 15:14:25 []:<-------------------------------------------------------------->
WebApp_BPKAD.exe: 00002C98: 15:14:25 [Terminated]:Exit Code: 0
WebApp_BPKAD.exe: 00002550: 15:19:41 []:>--------------------------------------------------------------<
WebApp_BPKAD.exe: 00002550: 15:19:41 [TUniServerModule]:Server First Init.
WebApp_BPKAD.exe: 00002550: 15:19:41 [TUniServerModule]:Starting HTTP Server on Port: 85...
WebApp_BPKAD.exe: 00002550: 15:19:42 [TUniServerModule]:HTTP Server Started on Port: 85
WebApp_BPKAD.exe: 00002550: 15:19:45 [TUniServerModule]:Shutting Down Server.
WebApp_BPKAD.exe: 00002550: 15:19:45 [TUniServerModule]:Stopping HTTP Server.
WebApp_BPKAD.exe: 00002550: 15:19:46 [TUniServerModule]:HTTP Server Stopped.
WebApp_BPKAD.exe: 00002550: 15:19:46 [TUniGUISessionManager]:Terminating Session manager.
WebApp_BPKAD.exe: 00002550: 15:19:46 [TUniGUISessionManager]:Stopping Cache Eraser...
WebApp_BPKAD.exe: 00002550: 15:19:46 [TUniGUISessionManager]:Cache Eraser Stopped.
WebApp_BPKAD.exe: 00002550: 15:19:46 [TUniGUISessionManager]:Destroying Worker Threads.
WebApp_BPKAD.exe: 00002550: 15:19:46 [TUniGUISessionManager]:Session manager terminated.
WebApp_BPKAD.exe: 00002550: 15:19:46 [TUniServerModule]:Server Shutdown Completed.
WebApp_BPKAD.exe: 00002550: 15:19:46 []:<-------------------------------------------------------------->
WebApp_BPKAD.exe: 00002550: 15:19:46 [Terminated]:Exit Code: 0
WebApp_BPKAD.exe: 0000148C: 15:20:47 []:>--------------------------------------------------------------<
WebApp_BPKAD.exe: 0000148C: 15:20:47 [TUniServerModule]:Server First Init.
WebApp_BPKAD.exe: 0000148C: 15:20:47 [TUniServerModule]:Starting HTTP Server on Port: 85...
WebApp_BPKAD.exe: 0000148C: 15:20:48 [TUniServerModule]:HTTP Server Started on Port: 85
WebApp_BPKAD.exe: 0000233C: 15:20:58 [127.0.0.1]:EUniSessionException : Invalid session or session Timeout. (Session not found: hobnYMueX7109186CC0 ) : Addr: $007E097A
WebApp_BPKAD.exe: 0000233C: 15:20:58 [127.0.0.1]:EUniSessionException : Invalid session or session Timeout. (Session not found: hobnYMueX7109186CC0 ) : Addr: $007E097A
WebApp_BPKAD.exe: 0000148C: 15:31:05 [TUniServerModule]:Shutting Down Server.
WebApp_BPKAD.exe: 0000148C: 15:31:05 [TUniServerModule]:Stopping HTTP Server.
WebApp_BPKAD.exe: 0000148C: 15:31:05 [TUniServerModule]:HTTP Server Stopped.
WebApp_BPKAD.exe: 0000148C: 15:31:05 [TUniGUISessionManager]:Terminating Session manager.
WebApp_BPKAD.exe: 0000148C: 15:31:05 [TUniGUISessionManager]:Stopping Cache Eraser...
WebApp_BPKAD.exe: 0000148C: 15:31:05 [TUniGUISessionManager]:Cache Eraser Stopped.
WebApp_BPKAD.exe: 0000148C: 15:31:05 []:EInvalidPointer : Invalid pointer operation : Addr: $00409DA9
WebApp_BPKAD.exe: 0000148C: 15:31:05 [TUniGUISessionManager]:Destroying Worker Threads.
WebApp_BPKAD.exe: 0000148C: 15:31:05 [TUniGUISessionManager]:Session manager terminated.
WebApp_BPKAD.exe: 0000148C: 15:31:05 [TUniServerModule]:Server Shutdown Completed.
WebApp_BPKAD.exe: 0000148C: 15:31:05 []:<-------------------------------------------------------------->
WebApp_BPKAD.exe: 0000148C: 15:31:05 [Terminated]:Exit Code: 0
WebApp_BPKAD.exe: 00002124: 15:40:23 []:>--------------------------------------------------------------<
WebApp_BPKAD.exe: 00002124: 15:40:23 [TUniServerModule]:Server First Init.
WebApp_BPKAD.exe: 00002124: 15:40:23 [TUniServerModule]:Starting HTTP Server on Port: 85...
WebApp_BPKAD.exe: 00002124: 15:40:24 [TUniServerModule]:HTTP Server Started on Port: 85
WebApp_BPKAD.exe: 00000DE0: 15:40:26 [127.0.0.1]:EUniSessionException : Invalid session or session Timeout. (Session not found: Gma1afJIvJ1091870B4 ) : Addr: $007E097A
WebApp_BPKAD.exe: 00001020: 15:40:48 []:EInvalidPointer : Invalid pointer operation : Addr: $00409DA9
WebApp_BPKAD.exe: 00001020: 15:41:38 []:EInvalidPointer : Invalid pointer operation : Addr: $00409DA9
WebApp_BPKAD.exe: 00001020: 15:42:08 []:EInvalidPointer : Invalid pointer operation : Addr: $00409DA9
WebApp_BPKAD.exe: 00002124: 15:43:05 [TUniServerModule]:Shutting Down Server.
WebApp_BPKAD.exe: 00002124: 15:43:05 [TUniServerModule]:Stopping HTTP Server.
WebApp_BPKAD.exe: 00002124: 15:43:06 [TUniServerModule]:HTTP Server Stopped.
WebApp_BPKAD.exe: 00002124: 15:43:06 [TUniGUISessionManager]:Terminating Session manager.
WebApp_BPKAD.exe: 00002124: 15:43:06 [TUniGUISessionManager]:Stopping Cache Eraser...
WebApp_BPKAD.exe: 00002124: 15:43:06 [TUniGUISessionManager]:Cache Eraser Stopped.
WebApp_BPKAD.exe: 00002124: 15:43:06 []:EInvalidPointer : Invalid pointer operation : Addr: $00409DA9
WebApp_BPKAD.exe: 00002124: 15:43:06 [TUniGUISessionManager]:Destroying Worker Threads.
WebApp_BPKAD.exe: 00002124: 15:43:06 [TUniGUISessionManager]:Session manager terminated.
WebApp_BPKAD.exe: 00002124: 15:43:06 [TUniServerModule]:Server Shutdown Completed.
WebApp_BPKAD.exe: 00002124: 15:43:06 []:<-------------------------------------------------------------->
WebApp_BPKAD.exe: 00002124: 15:43:06 [Terminated]:Exit Code: 0
WebApp_BPKAD.exe: 00001C64: 15:43:49 []:>--------------------------------------------------------------<
WebApp_BPKAD.exe: 00001C64: 15:43:49 [TUniServerModule]:Server First Init.
WebApp_BPKAD.exe: 00001C64: 15:43:49 [TUniServerModule]:Starting HTTP Server on Port: 85...
WebApp_BPKAD.exe: 00001C64: 15:43:50 [TUniServerModule]:HTTP Server Started on Port: 85
WebApp_BPKAD.exe: 0000119C: 15:43:51 [127.0.0.1]:EUniSessionException : Invalid session or session Timeout. (Session not found: khz894OqJI109187672 ) : Addr: $007E097A
WebApp_BPKAD.exe: 000034C8: 15:46:46 [Lookup information for field 'nama_subunit' is incomplete-127.0.0.1]:EDatabaseError : Lookup information for field 'nama_subunit' is incomplete : Addr: $006ACB9B
WebApp_BPKAD.exe: 00002DB8: 15:47:59 []:EInvalidPointer : Invalid pointer operation : Addr: $00409DA9
WebApp_BPKAD.exe: 00002DB8: 15:48:19 []:EInvalidPointer : Invalid pointer operation : Addr: $00409DA9
WebApp_BPKAD.exe: 00002DB8: 15:48:49 []:EInvalidPointer : Invalid pointer operation : Addr: $00409DA9
WebApp_BPKAD.exe: 00002DB8: 15:49:09 []:EInvalidPointer : Invalid pointer operation : Addr: $00409DA9
WebApp_BPKAD.exe: 00002DB8: 15:49:19 []:EInvalidPointer : Invalid pointer operation : Addr: $00409DA9
WebApp_BPKAD.exe: 00002DB8: 15:49:29 []:EInvalidPointer : Invalid pointer operation : Addr: $00409DA9
WebApp_BPKAD.exe: 00002DB8: 15:49:44 []:EInvalidPointer : Invalid pointer operation : Addr: $00409DA9
WebApp_BPKAD.exe: 00001C64: 15:50:13 [TUniServerModule]:Shutting Down Server.
WebApp_BPKAD.exe: 00001C64: 15:50:13 [TUniServerModule]:Stopping HTTP Server.
WebApp_BPKAD.exe: 00001C64: 15:50:14 [TUniServerModule]:HTTP Server Stopped.
WebApp_BPKAD.exe: 00001C64: 15:50:14 [TUniGUISessionManager]:Terminating Session manager.
WebApp_BPKAD.exe: 00001C64: 15:50:14 [TUniGUISessionManager]:Stopping Cache Eraser...
WebApp_BPKAD.exe: 00001C64: 15:50:14 [TUniGUISessionManager]:Cache Eraser Stopped.
WebApp_BPKAD.exe: 00001C64: 15:50:14 []:EInvalidPointer : Invalid pointer operation : Addr: $00409DA9
WebApp_BPKAD.exe: 00001C64: 15:50:14 [TUniGUISessionManager]:Destroying Worker Threads.
WebApp_BPKAD.exe: 00001C64: 15:50:14 [TUniGUISessionManager]:Session manager terminated.
WebApp_BPKAD.exe: 00001C64: 15:50:14 [TUniServerModule]:Server Shutdown Completed.
WebApp_BPKAD.exe: 00001C64: 15:50:14 []:<-------------------------------------------------------------->
WebApp_BPKAD.exe: 00001C64: 15:50:14 [Terminated]:Exit Code: 0
