WebApp_BPKAD.exe: 00001BCC: 01:46:50 []:>--------------------------------------------------------------<
WebApp_BPKAD.exe: 00001BCC: 01:46:50 [TUniServerModule]:Server First Init.
WebApp_BPKAD.exe: 00001BCC: 01:46:50 [TUniServerModule]:Starting HTTP Server on Port: 85...
WebApp_BPKAD.exe: 00001BCC: 01:46:50 [TUniServerModule]:HTTP Server Started on Port: 85
WebApp_BPKAD.exe: 000007E8: 01:47:06 [127.0.0.1]:EMSSQLNativeException : [FireDAC][Phys][ODBC][Microsoft][SQL Server Native Client 11.0]Client unable to establish connection because an error was encountered during handshakes before login. Common causes include client attempting to connect to an unsupported version of SQL Server, server too busy to accept new connections or a resource limitation (memory or maximum allowed connections) on the server. : Addr: $008DDB1E
WebApp_BPKAD.exe: 00002EA0: 01:47:30 []:EAccessViolation : Access violation at address 00409E9C in module 'WebApp_BPKAD.exe'. Read of address FFFFFFFD : Addr: $00409E9C
WebApp_BPKAD.exe: 000007E8: 01:48:05 [127.0.0.1]:EMSSQLNativeException : [FireDAC][Phys][ODBC][Microsoft][SQL Server Native Client 11.0]Client unable to establish connection because an error was encountered during handshakes before login. Common causes include client attempting to connect to an unsupported version of SQL Server, server too busy to accept new connections or a resource limitation (memory or maximum allowed connections) on the server. : Addr: $008DDB1E
WebApp_BPKAD.exe: 000007E8: 01:48:07 [127.0.0.1]:EMSSQLNativeException : [FireDAC][Phys][ODBC][Microsoft][SQL Server Native Client 11.0]Client unable to establish connection because an error was encountered during handshakes before login. Common causes include client attempting to connect to an unsupported version of SQL Server, server too busy to accept new connections or a resource limitation (memory or maximum allowed connections) on the server. : Addr: $008DDB1E
WebApp_BPKAD.exe: 00001BCC: 01:48:21 [TUniServerModule]:Shutting Down Server.
WebApp_BPKAD.exe: 00001BCC: 01:48:21 [TUniServerModule]:Stopping HTTP Server.
WebApp_BPKAD.exe: 00001BCC: 01:48:22 [TUniServerModule]:HTTP Server Stopped.
WebApp_BPKAD.exe: 00001BCC: 01:48:22 [TUniGUISessionManager]:Terminating Session manager.
WebApp_BPKAD.exe: 00001BCC: 01:48:22 [TUniGUISessionManager]:Stopping Cache Eraser...
WebApp_BPKAD.exe: 00001BCC: 01:48:22 [TUniGUISessionManager]:Cache Eraser Stopped.
WebApp_BPKAD.exe: 00001BCC: 01:48:22 []:EInvalidPointer : Invalid pointer operation : Addr: $00409DA9
WebApp_BPKAD.exe: 00001BCC: 01:48:22 [TUniGUISessionManager]:Destroying Worker Threads.
WebApp_BPKAD.exe: 00001BCC: 01:48:22 [TUniGUISessionManager]:Session manager terminated.
WebApp_BPKAD.exe: 00001BCC: 01:48:22 [TUniServerModule]:Server Shutdown Completed.
WebApp_BPKAD.exe: 00001BCC: 01:48:22 []:<-------------------------------------------------------------->
WebApp_BPKAD.exe: 00001BCC: 01:48:22 [Terminated]:Exit Code: 0
WebApp_BPKAD.exe: 00001568: 02:19:40 []:>--------------------------------------------------------------<
WebApp_BPKAD.exe: 00001568: 02:19:40 [TUniServerModule]:Server First Init.
WebApp_BPKAD.exe: 00001568: 02:19:40 [TUniServerModule]:Starting HTTP Server on Port: 85...
WebApp_BPKAD.exe: 00001568: 02:19:41 [TUniServerModule]:HTTP Server Started on Port: 85
WebApp_BPKAD.exe: 00000CFC: 02:19:44 [127.0.0.1]:EUniSessionException : Invalid session or session Timeout. (Session not found: t3AWlde7Wy1090544B2 ) : Addr: $007E015E
WebApp_BPKAD.exe: 00000CFC: 02:19:46 [127.0.0.1]:EMSSQLNativeException : [FireDAC][Phys][ODBC][Microsoft][SQL Server Native Client 11.0]Client unable to establish connection because an error was encountered during handshakes before login. Common causes include client attempting to connect to an unsupported version of SQL Server, server too busy to accept new connections or a resource limitation (memory or maximum allowed connections) on the server. : Addr: $008DDB1E
WebApp_BPKAD.exe: 00000CFC: 02:19:49 [127.0.0.1]:EMSSQLNativeException : [FireDAC][Phys][ODBC][Microsoft][SQL Server Native Client 11.0]Client unable to establish connection because an error was encountered during handshakes before login. Common causes include client attempting to connect to an unsupported version of SQL Server, server too busy to accept new connections or a resource limitation (memory or maximum allowed connections) on the server. : Addr: $008DDB1E
WebApp_BPKAD.exe: 00000CFC: 02:21:05 [127.0.0.1]:EMSSQLNativeException : [FireDAC][Phys][ODBC][Microsoft][SQL Server Native Client 11.0]Client unable to establish connection because an error was encountered during handshakes before login. Common causes include client attempting to connect to an unsupported version of SQL Server, server too busy to accept new connections or a resource limitation (memory or maximum allowed connections) on the server. : Addr: $008DDB1E
WebApp_BPKAD.exe: 00000CFC: 02:21:07 [127.0.0.1]:EMSSQLNativeException : [FireDAC][Phys][ODBC][Microsoft][SQL Server Native Client 11.0]Client unable to establish connection because an error was encountered during handshakes before login. Common causes include client attempting to connect to an unsupported version of SQL Server, server too busy to accept new connections or a resource limitation (memory or maximum allowed connections) on the server. : Addr: $008DDB1E
WebApp_BPKAD.exe: 00001860: 02:21:09 [127.0.0.1]:EMSSQLNativeException : [FireDAC][Phys][ODBC][Microsoft][SQL Server Native Client 11.0]Client unable to establish connection because an error was encountered during handshakes before login. Common causes include client attempting to connect to an unsupported version of SQL Server, server too busy to accept new connections or a resource limitation (memory or maximum allowed connections) on the server. : Addr: $008DDB1E
WebApp_BPKAD.exe: 00000590: 02:21:10 []:EAccessViolation : Access violation at address 00409E9C in module 'WebApp_BPKAD.exe'. Read of address FFFFFFFD : Addr: $00409E9C
WebApp_BPKAD.exe: 00001568: 02:21:14 [TUniServerModule]:Shutting Down Server.
WebApp_BPKAD.exe: 00001568: 02:21:14 [TUniServerModule]:Stopping HTTP Server.
WebApp_BPKAD.exe: 00001568: 02:21:15 [TUniServerModule]:HTTP Server Stopped.
WebApp_BPKAD.exe: 00001568: 02:21:15 [TUniGUISessionManager]:Terminating Session manager.
WebApp_BPKAD.exe: 00001568: 02:21:15 [TUniGUISessionManager]:Stopping Cache Eraser...
WebApp_BPKAD.exe: 00001568: 02:21:15 [TUniGUISessionManager]:Cache Eraser Stopped.
WebApp_BPKAD.exe: 00001568: 02:21:15 []:EInvalidPointer : Invalid pointer operation : Addr: $00409DA9
WebApp_BPKAD.exe: 00001568: 02:21:15 [TUniGUISessionManager]:Destroying Worker Threads.
WebApp_BPKAD.exe: 00001568: 02:21:15 [TUniGUISessionManager]:Session manager terminated.
WebApp_BPKAD.exe: 00001568: 02:21:15 [TUniServerModule]:Server Shutdown Completed.
WebApp_BPKAD.exe: 00001568: 02:21:15 []:<-------------------------------------------------------------->
WebApp_BPKAD.exe: 00001568: 02:21:15 [Terminated]:Exit Code: 0
WebApp_BPKAD.exe: 00002468: 02:22:10 []:>--------------------------------------------------------------<
WebApp_BPKAD.exe: 00002468: 02:22:10 [TUniServerModule]:Server First Init.
WebApp_BPKAD.exe: 00002468: 02:22:11 [TUniServerModule]:Starting HTTP Server on Port: 85...
WebApp_BPKAD.exe: 00002468: 02:22:11 [TUniServerModule]:HTTP Server Started on Port: 85
WebApp_BPKAD.exe: 00000D74: 02:22:13 [127.0.0.1]:EMSSQLNativeException : [FireDAC][Phys][ODBC][Microsoft][SQL Server Native Client 11.0]Client unable to establish connection because an error was encountered during handshakes before login. Common causes include client attempting to connect to an unsupported version of SQL Server, server too busy to accept new connections or a resource limitation (memory or maximum allowed connections) on the server. : Addr: $008DDB1E
WebApp_BPKAD.exe: 00000D74: 02:22:13 [127.0.0.1]:EUniSessionException : Invalid session or session Timeout. (Session not found: KDpxDP6kxa109054DA8 ) : Addr: $007E015E
WebApp_BPKAD.exe: 00000D74: 02:22:15 [127.0.0.1]:EMSSQLNativeException : [FireDAC][Phys][ODBC][Microsoft][SQL Server Native Client 11.0]Client unable to establish connection because an error was encountered during handshakes before login. Common causes include client attempting to connect to an unsupported version of SQL Server, server too busy to accept new connections or a resource limitation (memory or maximum allowed connections) on the server. : Addr: $008DDB1E
WebApp_BPKAD.exe: 00002468: 02:22:36 [TUniServerModule]:Shutting Down Server.
WebApp_BPKAD.exe: 00002468: 02:22:36 [TUniServerModule]:Stopping HTTP Server.
WebApp_BPKAD.exe: 00002468: 02:22:37 [TUniServerModule]:HTTP Server Stopped.
WebApp_BPKAD.exe: 00002468: 02:22:37 [TUniGUISessionManager]:Terminating Session manager.
WebApp_BPKAD.exe: 00002468: 02:22:37 [TUniGUISessionManager]:Stopping Cache Eraser...
WebApp_BPKAD.exe: 00002468: 02:22:37 [TUniGUISessionManager]:Cache Eraser Stopped.
WebApp_BPKAD.exe: 00002468: 02:22:37 []:EAccessViolation : Access violation at address 00409E9C in module 'WebApp_BPKAD.exe'. Read of address FFFFFFFD : Addr: $00409E9C
WebApp_BPKAD.exe: 00002468: 02:22:37 [TUniGUISessionManager]:Destroying Worker Threads.
WebApp_BPKAD.exe: 00002468: 02:22:37 [TUniGUISessionManager]:Session manager terminated.
WebApp_BPKAD.exe: 00002468: 02:22:37 [TUniServerModule]:Server Shutdown Completed.
WebApp_BPKAD.exe: 00002468: 02:22:37 []:<-------------------------------------------------------------->
WebApp_BPKAD.exe: 00002468: 02:22:37 [Terminated]:Exit Code: 0
WebApp_BPKAD.exe: 00001580: 02:23:51 []:>--------------------------------------------------------------<
WebApp_BPKAD.exe: 00001580: 02:23:51 [TUniServerModule]:Server First Init.
WebApp_BPKAD.exe: 00001580: 02:23:51 [TUniServerModule]:Starting HTTP Server on Port: 85...
WebApp_BPKAD.exe: 00001580: 02:23:51 [TUniServerModule]:HTTP Server Started on Port: 85
WebApp_BPKAD.exe: 00002854: 02:23:54 [127.0.0.1]:EUniSessionException : Invalid session or session Timeout. (Session not found: GhGIrXSY5k109054DF5 ) : Addr: $007E015E
WebApp_BPKAD.exe: 00002960: 02:24:31 []:EInvalidPointer : Invalid pointer operation : Addr: $00409DA9
WebApp_BPKAD.exe: 00001580: 02:28:59 [TUniServerModule]:Shutting Down Server.
WebApp_BPKAD.exe: 00001580: 02:28:59 [TUniServerModule]:Stopping HTTP Server.
WebApp_BPKAD.exe: 00001580: 02:29:00 [TUniServerModule]:HTTP Server Stopped.
WebApp_BPKAD.exe: 00001580: 02:29:00 [TUniGUISessionManager]:Terminating Session manager.
WebApp_BPKAD.exe: 00001580: 02:29:00 [TUniGUISessionManager]:Stopping Cache Eraser...
WebApp_BPKAD.exe: 00001580: 02:29:00 [TUniGUISessionManager]:Cache Eraser Stopped.
WebApp_BPKAD.exe: 00001580: 02:29:00 []:EInvalidPointer : Invalid pointer operation : Addr: $00409DA9
WebApp_BPKAD.exe: 00001580: 02:29:00 [TUniGUISessionManager]:Destroying Worker Threads.
WebApp_BPKAD.exe: 00001580: 02:29:00 [TUniGUISessionManager]:Session manager terminated.
WebApp_BPKAD.exe: 00001580: 02:29:00 [TUniServerModule]:Server Shutdown Completed.
WebApp_BPKAD.exe: 00001580: 02:29:00 []:<-------------------------------------------------------------->
WebApp_BPKAD.exe: 00001580: 02:29:00 [Terminated]:Exit Code: 0
WebApp_BPKAD.exe: 000018F8: 02:30:22 []:>--------------------------------------------------------------<
WebApp_BPKAD.exe: 000018F8: 02:30:22 [TUniServerModule]:Server First Init.
WebApp_BPKAD.exe: 000018F8: 02:30:22 [TUniServerModule]:Starting HTTP Server on Port: 85...
WebApp_BPKAD.exe: 000018F8: 02:30:23 [TUniServerModule]:HTTP Server Started on Port: 85
WebApp_BPKAD.exe: 00000C34: 02:30:26 [127.0.0.1]:EUniSessionException : Invalid session or session Timeout. (Session not found: NrQX6LWjlw109054E90 ) : Addr: $007E015E
WebApp_BPKAD.exe: 00002964: 02:30:29 [127.0.0.1]:EUniSessionException : Invalid session or session Timeout. (Invalid URI: /files/images/ERROR ) : Addr: $007E015E
WebApp_BPKAD.exe: 000018F8: 02:30:35 [TUniServerModule]:Shutting Down Server.
WebApp_BPKAD.exe: 000018F8: 02:30:35 [TUniServerModule]:Stopping HTTP Server.
WebApp_BPKAD.exe: 000018F8: 02:30:36 [TUniServerModule]:HTTP Server Stopped.
WebApp_BPKAD.exe: 000018F8: 02:30:36 [TUniGUISessionManager]:Terminating Session manager.
WebApp_BPKAD.exe: 000018F8: 02:30:36 [TUniGUISessionManager]:Stopping Cache Eraser...
WebApp_BPKAD.exe: 000018F8: 02:30:36 [TUniGUISessionManager]:Cache Eraser Stopped.
WebApp_BPKAD.exe: 000018F8: 02:30:36 []:EInvalidPointer : Invalid pointer operation : Addr: $00409DA9
WebApp_BPKAD.exe: 000018F8: 02:30:36 [TUniGUISessionManager]:Destroying Worker Threads.
WebApp_BPKAD.exe: 000018F8: 02:30:36 [TUniGUISessionManager]:Session manager terminated.
WebApp_BPKAD.exe: 000018F8: 02:30:36 [TUniServerModule]:Server Shutdown Completed.
WebApp_BPKAD.exe: 000018F8: 02:30:36 []:<-------------------------------------------------------------->
WebApp_BPKAD.exe: 000018F8: 02:30:36 [Terminated]:Exit Code: 0
WebApp_BPKAD.exe: 00000F00: 02:30:51 []:>--------------------------------------------------------------<
WebApp_BPKAD.exe: 00000F00: 02:30:51 [TUniServerModule]:Server First Init.
WebApp_BPKAD.exe: 00000F00: 02:30:51 [TUniServerModule]:Starting HTTP Server on Port: 85...
WebApp_BPKAD.exe: 00000F00: 02:30:52 [TUniServerModule]:HTTP Server Started on Port: 85
WebApp_BPKAD.exe: 00000D74: 02:30:58 [127.0.0.1]:EUniSessionException : Invalid session or session Timeout. (Session not found: pmtQQjP8MH109055031 ) : Addr: $007E015E
WebApp_BPKAD.exe: 00000F00: 02:33:31 [TUniServerModule]:Shutting Down Server.
WebApp_BPKAD.exe: 00000F00: 02:33:31 [TUniServerModule]:Stopping HTTP Server.
WebApp_BPKAD.exe: 00000F00: 02:33:32 [TUniServerModule]:HTTP Server Stopped.
WebApp_BPKAD.exe: 00000F00: 02:33:32 [TUniGUISessionManager]:Terminating Session manager.
WebApp_BPKAD.exe: 00000F00: 02:33:32 [TUniGUISessionManager]:Stopping Cache Eraser...
WebApp_BPKAD.exe: 00000F00: 02:33:32 [TUniGUISessionManager]:Cache Eraser Stopped.
WebApp_BPKAD.exe: 00000F00: 02:33:33 []:EInvalidPointer : Invalid pointer operation : Addr: $00409DA9
WebApp_BPKAD.exe: 00000F00: 02:33:33 [TUniGUISessionManager]:Destroying Worker Threads.
WebApp_BPKAD.exe: 00000F00: 02:33:33 [TUniGUISessionManager]:Session manager terminated.
WebApp_BPKAD.exe: 00000F00: 02:33:33 [TUniServerModule]:Server Shutdown Completed.
WebApp_BPKAD.exe: 00000F00: 02:33:33 []:<-------------------------------------------------------------->
WebApp_BPKAD.exe: 00000F00: 02:33:33 [Terminated]:Exit Code: 0
WebApp_BPKAD.exe: 0000214C: 02:34:18 []:>--------------------------------------------------------------<
WebApp_BPKAD.exe: 0000214C: 02:34:18 [TUniServerModule]:Server First Init.
WebApp_BPKAD.exe: 0000214C: 02:34:18 [TUniServerModule]:Starting HTTP Server on Port: 85...
WebApp_BPKAD.exe: 0000214C: 02:34:19 [TUniServerModule]:HTTP Server Started on Port: 85
WebApp_BPKAD.exe: 00001AA8: 02:34:21 [127.0.0.1]:EUniSessionException : Invalid session or session Timeout. (Session not found: uraumMV3BL109055055 ) : Addr: $007E015E
WebApp_BPKAD.exe: 0000214C: 02:43:44 [TUniServerModule]:Shutting Down Server.
WebApp_BPKAD.exe: 0000214C: 02:43:44 [TUniServerModule]:Stopping HTTP Server.
WebApp_BPKAD.exe: 0000214C: 02:43:44 [TUniServerModule]:HTTP Server Stopped.
WebApp_BPKAD.exe: 0000214C: 02:43:44 [TUniGUISessionManager]:Terminating Session manager.
WebApp_BPKAD.exe: 0000214C: 02:43:44 [TUniGUISessionManager]:Stopping Cache Eraser...
WebApp_BPKAD.exe: 0000214C: 02:43:44 [TUniGUISessionManager]:Cache Eraser Stopped.
WebApp_BPKAD.exe: 0000214C: 02:43:45 []:EInvalidPointer : Invalid pointer operation : Addr: $00409DA9
WebApp_BPKAD.exe: 0000214C: 02:43:45 [TUniGUISessionManager]:Destroying Worker Threads.
WebApp_BPKAD.exe: 0000214C: 02:43:45 [TUniGUISessionManager]:Session manager terminated.
WebApp_BPKAD.exe: 0000214C: 02:43:45 [TUniServerModule]:Server Shutdown Completed.
WebApp_BPKAD.exe: 0000214C: 02:43:45 []:<-------------------------------------------------------------->
WebApp_BPKAD.exe: 0000214C: 02:43:45 [Terminated]:Exit Code: 0
WebApp_BPKAD.exe: 000008B8: 02:43:47 []:>--------------------------------------------------------------<
WebApp_BPKAD.exe: 000008B8: 02:43:47 [TUniServerModule]:Server First Init.
WebApp_BPKAD.exe: 000008B8: 02:43:47 [TUniServerModule]:Starting HTTP Server on Port: 85...
WebApp_BPKAD.exe: 000008B8: 02:43:48 [TUniServerModule]:HTTP Server Started on Port: 85
WebApp_BPKAD.exe: 00000B48: 02:43:53 [127.0.0.1]:EUniSessionException : Invalid session or session Timeout. (Session not found: U53eLg8bIo109055141 ) : Addr: $007E015E
WebApp_BPKAD.exe: 00000B48: 02:44:09 [127.0.0.1]:EMSSQLNativeException : [FireDAC][Phys][ODBC][Microsoft][SQL Server Native Client 11.0]TCP Provider: Timeout error [258].  : Addr: $008DDB1E
WebApp_BPKAD.exe: 000008B8: 02:45:32 [TUniServerModule]:Shutting Down Server.
WebApp_BPKAD.exe: 000008B8: 02:45:32 [TUniServerModule]:Stopping HTTP Server.
WebApp_BPKAD.exe: 000008B8: 02:45:33 [TUniServerModule]:HTTP Server Stopped.
WebApp_BPKAD.exe: 000008B8: 02:45:33 [TUniGUISessionManager]:Terminating Session manager.
WebApp_BPKAD.exe: 000008B8: 02:45:33 [TUniGUISessionManager]:Stopping Cache Eraser...
WebApp_BPKAD.exe: 000008B8: 02:45:33 [TUniGUISessionManager]:Cache Eraser Stopped.
WebApp_BPKAD.exe: 000008B8: 02:45:34 []:EAccessViolation : Access violation at address 00409E9C in module 'WebApp_BPKAD.exe'. Read of address FFFFFFFD : Addr: $00409E9C
WebApp_BPKAD.exe: 000008B8: 02:45:34 [TUniGUISessionManager]:Destroying Worker Threads.
WebApp_BPKAD.exe: 000008B8: 02:45:34 [TUniGUISessionManager]:Session manager terminated.
WebApp_BPKAD.exe: 000008B8: 02:45:34 [TUniServerModule]:Server Shutdown Completed.
WebApp_BPKAD.exe: 000008B8: 02:45:34 []:<-------------------------------------------------------------->
WebApp_BPKAD.exe: 000008B8: 02:45:34 [Terminated]:Exit Code: 0
WebApp_BPKAD.exe: 000014D8: 03:02:14 []:>--------------------------------------------------------------<
WebApp_BPKAD.exe: 000014D8: 03:02:14 [TUniServerModule]:Server First Init.
WebApp_BPKAD.exe: 000014D8: 03:02:14 [TUniServerModule]:Starting HTTP Server on Port: 85...
WebApp_BPKAD.exe: 000014D8: 03:02:14 [TUniServerModule]:HTTP Server Started on Port: 85
WebApp_BPKAD.exe: 00002A54: 03:02:17 [127.0.0.1]:EUniSessionException : Invalid session or session Timeout. (Session not found: hg6ZsYeEB71090553D6 ) : Addr: $007E015E
WebApp_BPKAD.exe: 00001524: 03:03:24 [127.0.0.1]:EDatabaseError : qHtmlData: Dataset not in edit or insert mode : Addr: $006AC912
WebApp_BPKAD.exe: 00000C34: 03:03:34 []:EInvalidPointer : Invalid pointer operation : Addr: $00409DA9
WebApp_BPKAD.exe: 000014D8: 03:11:30 [TUniServerModule]:Shutting Down Server.
WebApp_BPKAD.exe: 000014D8: 03:11:30 [TUniServerModule]:Stopping HTTP Server.
WebApp_BPKAD.exe: 000014D8: 03:11:31 [TUniServerModule]:HTTP Server Stopped.
WebApp_BPKAD.exe: 000014D8: 03:11:31 [TUniGUISessionManager]:Terminating Session manager.
WebApp_BPKAD.exe: 000014D8: 03:11:31 [TUniGUISessionManager]:Stopping Cache Eraser...
WebApp_BPKAD.exe: 000014D8: 03:11:31 [TUniGUISessionManager]:Cache Eraser Stopped.
WebApp_BPKAD.exe: 000014D8: 03:11:31 []:EInvalidPointer : Invalid pointer operation : Addr: $00409DA9
WebApp_BPKAD.exe: 000014D8: 03:11:31 [TUniGUISessionManager]:Destroying Worker Threads.
WebApp_BPKAD.exe: 000014D8: 03:11:31 [TUniGUISessionManager]:Session manager terminated.
WebApp_BPKAD.exe: 000014D8: 03:11:32 [TUniServerModule]:Server Shutdown Completed.
WebApp_BPKAD.exe: 000014D8: 03:11:32 []:<-------------------------------------------------------------->
WebApp_BPKAD.exe: 000014D8: 03:11:32 [Terminated]:Exit Code: 0
WebApp_BPKAD.exe: 00000BF4: 03:15:07 []:>--------------------------------------------------------------<
WebApp_BPKAD.exe: 00000BF4: 03:15:07 [TUniServerModule]:Server First Init.
WebApp_BPKAD.exe: 00000BF4: 03:15:07 [TUniServerModule]:Starting HTTP Server on Port: 85...
WebApp_BPKAD.exe: 00000BF4: 03:15:08 [TUniServerModule]:HTTP Server Started on Port: 85
WebApp_BPKAD.exe: 0000130C: 03:15:16 [127.0.0.1]:EUniSessionException : Invalid session or session Timeout. (Session not found: K6UYrPGi9B10905592C ) : Addr: $007E015E
WebApp_BPKAD.exe: 00000BF4: 03:16:13 [TUniServerModule]:Shutting Down Server.
WebApp_BPKAD.exe: 00000BF4: 03:16:13 [TUniServerModule]:Stopping HTTP Server.
WebApp_BPKAD.exe: 00000BF4: 03:16:14 [TUniServerModule]:HTTP Server Stopped.
WebApp_BPKAD.exe: 00000BF4: 03:16:14 [TUniGUISessionManager]:Terminating Session manager.
WebApp_BPKAD.exe: 00000BF4: 03:16:14 [TUniGUISessionManager]:Stopping Cache Eraser...
WebApp_BPKAD.exe: 00000BF4: 03:16:14 [TUniGUISessionManager]:Cache Eraser Stopped.
WebApp_BPKAD.exe: 00000BF4: 03:16:14 []:EInvalidPointer : Invalid pointer operation : Addr: $00409DA9
WebApp_BPKAD.exe: 00000BF4: 03:16:14 [TUniGUISessionManager]:Destroying Worker Threads.
WebApp_BPKAD.exe: 00000BF4: 03:16:14 [TUniGUISessionManager]:Session manager terminated.
WebApp_BPKAD.exe: 00000BF4: 03:16:14 [TUniServerModule]:Server Shutdown Completed.
WebApp_BPKAD.exe: 00000BF4: 03:16:14 []:<-------------------------------------------------------------->
WebApp_BPKAD.exe: 00000BF4: 03:16:14 [Terminated]:Exit Code: 0
WebApp_BPKAD.exe: 000024B8: 03:17:00 []:>--------------------------------------------------------------<
WebApp_BPKAD.exe: 000024B8: 03:17:00 [TUniServerModule]:Server First Init.
WebApp_BPKAD.exe: 000024B8: 03:17:00 [TUniServerModule]:Starting HTTP Server on Port: 85...
WebApp_BPKAD.exe: 000024B8: 03:17:01 [TUniServerModule]:HTTP Server Started on Port: 85
WebApp_BPKAD.exe: 00002BF4: 03:17:03 [127.0.0.1]:EUniSessionException : Invalid session or session Timeout. (Session not found: fLFM8O3SBe109055C5A ) : Addr: $007E015E
WebApp_BPKAD.exe: 00002A74: 03:21:06 []:EInvalidPointer : Invalid pointer operation : Addr: $00409DA9
WebApp_BPKAD.exe: 000024B8: 03:21:23 [TUniServerModule]:Shutting Down Server.
WebApp_BPKAD.exe: 000024B8: 03:21:23 [TUniServerModule]:Stopping HTTP Server.
WebApp_BPKAD.exe: 000024B8: 03:21:24 [TUniServerModule]:HTTP Server Stopped.
WebApp_BPKAD.exe: 000024B8: 03:21:24 [TUniGUISessionManager]:Terminating Session manager.
WebApp_BPKAD.exe: 000024B8: 03:21:24 [TUniGUISessionManager]:Stopping Cache Eraser...
WebApp_BPKAD.exe: 000024B8: 03:21:24 [TUniGUISessionManager]:Cache Eraser Stopped.
WebApp_BPKAD.exe: 000024B8: 03:21:25 []:EInvalidPointer : Invalid pointer operation : Addr: $00409DA9
WebApp_BPKAD.exe: 000024B8: 03:21:25 [TUniGUISessionManager]:Destroying Worker Threads.
WebApp_BPKAD.exe: 000024B8: 03:21:25 [TUniGUISessionManager]:Session manager terminated.
WebApp_BPKAD.exe: 000024B8: 03:21:25 [TUniServerModule]:Server Shutdown Completed.
WebApp_BPKAD.exe: 000024B8: 03:21:25 []:<-------------------------------------------------------------->
WebApp_BPKAD.exe: 000024B8: 03:21:25 [Terminated]:Exit Code: 0
WebApp_BPKAD.exe: 00004CE0: 09:31:03 []:>--------------------------------------------------------------<
WebApp_BPKAD.exe: 00004CE0: 09:31:03 [TUniServerModule]:Server First Init.
WebApp_BPKAD.exe: 00004CE0: 09:31:03 [TUniServerModule]:Starting HTTP Server on Port: 85...
WebApp_BPKAD.exe: 00004CE0: 09:31:04 [TUniServerModule]:HTTP Server Started on Port: 85
WebApp_BPKAD.exe: 00004CE0: 09:32:45 [TUniServerModule]:Shutting Down Server.
WebApp_BPKAD.exe: 00004CE0: 09:32:45 [TUniServerModule]:Stopping HTTP Server.
WebApp_BPKAD.exe: 00004CE0: 09:32:46 [TUniServerModule]:HTTP Server Stopped.
WebApp_BPKAD.exe: 00004CE0: 09:32:46 [TUniGUISessionManager]:Terminating Session manager.
WebApp_BPKAD.exe: 00004CE0: 09:32:46 [TUniGUISessionManager]:Stopping Cache Eraser...
WebApp_BPKAD.exe: 00004CE0: 09:32:46 [TUniGUISessionManager]:Cache Eraser Stopped.
WebApp_BPKAD.exe: 00004CE0: 09:32:46 []:EInvalidPointer : Invalid pointer operation : Addr: $00409DA9
WebApp_BPKAD.exe: 00004CE0: 09:32:46 [TUniGUISessionManager]:Destroying Worker Threads.
WebApp_BPKAD.exe: 00004CE0: 09:32:46 [TUniGUISessionManager]:Session manager terminated.
WebApp_BPKAD.exe: 00004CE0: 09:32:46 [TUniServerModule]:Server Shutdown Completed.
WebApp_BPKAD.exe: 00004CE0: 09:32:46 []:<-------------------------------------------------------------->
WebApp_BPKAD.exe: 00004CE0: 09:32:46 [Terminated]:Exit Code: 0
WebApp_BPKAD.exe: 00002F14: 09:32:48 []:>--------------------------------------------------------------<
WebApp_BPKAD.exe: 00002F14: 09:32:48 [TUniServerModule]:Server First Init.
WebApp_BPKAD.exe: 00002F14: 09:32:48 [TUniServerModule]:Starting HTTP Server on Port: 85...
WebApp_BPKAD.exe: 00002F14: 09:32:48 [TUniServerModule]:HTTP Server Started on Port: 85
WebApp_BPKAD.exe: 000026F8: 09:32:55 [127.0.0.1]:EUniSessionException : Invalid session or session Timeout. (Session not found: u2B8Be4zqe10905C254 ) : Addr: $007E015E
WebApp_BPKAD.exe: 0000355C: 09:39:15 [127.0.0.1]:EUniSessionException : Invalid session or session Timeout. (Invalid URI: /files/images/dialogflow-chat ) : Addr: $007E015E
WebApp_BPKAD.exe: 000048F0: 09:39:15 [HandleFileRequest[127.0.0.1]]:File not found: D:\OneDrive\PROJECTS\BPKAD HST\WebApp_BPKAD\favicon.ico
WebApp_BPKAD.exe: 0000548C: 09:39:18 []:EInvalidPointer : Invalid pointer operation : Addr: $00409DA9
WebApp_BPKAD.exe: 00002F14: 09:42:23 [TUniServerModule]:Shutting Down Server.
WebApp_BPKAD.exe: 00002F14: 09:42:23 [TUniServerModule]:Stopping HTTP Server.
WebApp_BPKAD.exe: 00002F14: 09:42:24 [TUniServerModule]:HTTP Server Stopped.
WebApp_BPKAD.exe: 00002F14: 09:42:24 [TUniGUISessionManager]:Terminating Session manager.
WebApp_BPKAD.exe: 00002F14: 09:42:24 [TUniGUISessionManager]:Stopping Cache Eraser...
WebApp_BPKAD.exe: 00002F14: 09:42:24 [TUniGUISessionManager]:Cache Eraser Stopped.
WebApp_BPKAD.exe: 00002F14: 09:42:24 []:EInvalidPointer : Invalid pointer operation : Addr: $00409DA9
WebApp_BPKAD.exe: 00002F14: 09:42:24 [TUniGUISessionManager]:Destroying Worker Threads.
WebApp_BPKAD.exe: 00002F14: 09:42:24 [TUniGUISessionManager]:Session manager terminated.
WebApp_BPKAD.exe: 00002F14: 09:42:24 [TUniServerModule]:Server Shutdown Completed.
WebApp_BPKAD.exe: 00002F14: 09:42:24 []:<-------------------------------------------------------------->
WebApp_BPKAD.exe: 00002F14: 09:42:25 [Terminated]:Exit Code: 0
WebApp_BPKAD.exe: 00000BE8: 09:42:27 []:>--------------------------------------------------------------<
WebApp_BPKAD.exe: 00000BE8: 09:42:27 [TUniServerModule]:Server First Init.
WebApp_BPKAD.exe: 00000BE8: 09:42:27 [TUniServerModule]:Starting HTTP Server on Port: 85...
WebApp_BPKAD.exe: 00000BE8: 09:42:27 [TUniServerModule]:HTTP Server Started on Port: 85
WebApp_BPKAD.exe: 000015F8: 09:42:31 [127.0.0.1]:EUniSessionException : Invalid session or session Timeout. (Session not found: dpaMfwvkjS10905C49B ) : Addr: $007E015E
WebApp_BPKAD.exe: 00000BE8: 09:45:10 [TUniServerModule]:Shutting Down Server.
WebApp_BPKAD.exe: 00000BE8: 09:45:10 [TUniServerModule]:Stopping HTTP Server.
WebApp_BPKAD.exe: 00000BE8: 09:45:11 [TUniServerModule]:HTTP Server Stopped.
WebApp_BPKAD.exe: 00000BE8: 09:45:11 [TUniGUISessionManager]:Terminating Session manager.
WebApp_BPKAD.exe: 00000BE8: 09:45:11 [TUniGUISessionManager]:Stopping Cache Eraser...
WebApp_BPKAD.exe: 00000BE8: 09:45:11 [TUniGUISessionManager]:Cache Eraser Stopped.
WebApp_BPKAD.exe: 00000BE8: 09:45:11 []:EInvalidPointer : Invalid pointer operation : Addr: $00409DA9
WebApp_BPKAD.exe: 00000BE8: 09:45:11 [TUniGUISessionManager]:Destroying Worker Threads.
WebApp_BPKAD.exe: 00000BE8: 09:45:11 [TUniGUISessionManager]:Session manager terminated.
WebApp_BPKAD.exe: 00000BE8: 09:45:11 [TUniServerModule]:Server Shutdown Completed.
WebApp_BPKAD.exe: 00000BE8: 09:45:11 []:<-------------------------------------------------------------->
WebApp_BPKAD.exe: 00000BE8: 09:45:11 [Terminated]:Exit Code: 0
WebApp_BPKAD.exe: 000054B8: 09:45:13 []:>--------------------------------------------------------------<
WebApp_BPKAD.exe: 000054B8: 09:45:13 [TUniServerModule]:Server First Init.
WebApp_BPKAD.exe: 000054B8: 09:45:13 [TUniServerModule]:Starting HTTP Server on Port: 85...
WebApp_BPKAD.exe: 000054B8: 09:45:14 [TUniServerModule]:HTTP Server Started on Port: 85
WebApp_BPKAD.exe: 00002D78: 09:45:16 [127.0.0.1]:EUniSessionException : Invalid session or session Timeout. (Session not found: mQwcJyUCGC10905C565 ) : Addr: $007E015E
WebApp_BPKAD.exe: 000054B8: 09:47:08 [TUniServerModule]:Shutting Down Server.
WebApp_BPKAD.exe: 000054B8: 09:47:08 [TUniServerModule]:Stopping HTTP Server.
WebApp_BPKAD.exe: 000054B8: 09:47:09 [TUniServerModule]:HTTP Server Stopped.
WebApp_BPKAD.exe: 000054B8: 09:47:09 [TUniGUISessionManager]:Terminating Session manager.
WebApp_BPKAD.exe: 000054B8: 09:47:09 [TUniGUISessionManager]:Stopping Cache Eraser...
WebApp_BPKAD.exe: 000054B8: 09:47:09 [TUniGUISessionManager]:Cache Eraser Stopped.
WebApp_BPKAD.exe: 000054B8: 09:47:09 []:EInvalidPointer : Invalid pointer operation : Addr: $00409DA9
WebApp_BPKAD.exe: 000054B8: 09:47:09 [TUniGUISessionManager]:Destroying Worker Threads.
WebApp_BPKAD.exe: 000054B8: 09:47:09 [TUniGUISessionManager]:Session manager terminated.
WebApp_BPKAD.exe: 000054B8: 09:47:09 [TUniServerModule]:Server Shutdown Completed.
WebApp_BPKAD.exe: 000054B8: 09:47:09 []:<-------------------------------------------------------------->
WebApp_BPKAD.exe: 000054B8: 09:47:09 [Terminated]:Exit Code: 0
WebApp_BPKAD.exe: 00002B80: 09:47:11 []:>--------------------------------------------------------------<
WebApp_BPKAD.exe: 00002B80: 09:47:11 [TUniServerModule]:Server First Init.
WebApp_BPKAD.exe: 00002B80: 09:47:11 [TUniServerModule]:Starting HTTP Server on Port: 85...
WebApp_BPKAD.exe: 00002B80: 09:47:12 [TUniServerModule]:HTTP Server Started on Port: 85
WebApp_BPKAD.exe: 00001E00: 09:47:14 [127.0.0.1]:EUniSessionException : Invalid session or session Timeout. (Session not found: 21avTicuSJ10905C624 ) : Addr: $007E015E
WebApp_BPKAD.exe: 000038D8: 09:47:52 []:EInvalidPointer : Invalid pointer operation : Addr: $00409DA9
WebApp_BPKAD.exe: 00002B80: 09:48:31 [TUniServerModule]:Shutting Down Server.
WebApp_BPKAD.exe: 00002B80: 09:48:31 [TUniServerModule]:Stopping HTTP Server.
WebApp_BPKAD.exe: 00002B80: 09:48:32 [TUniServerModule]:HTTP Server Stopped.
WebApp_BPKAD.exe: 00002B80: 09:48:32 [TUniGUISessionManager]:Terminating Session manager.
WebApp_BPKAD.exe: 00002B80: 09:48:32 [TUniGUISessionManager]:Stopping Cache Eraser...
WebApp_BPKAD.exe: 00002B80: 09:48:32 [TUniGUISessionManager]:Cache Eraser Stopped.
WebApp_BPKAD.exe: 00002B80: 09:48:32 []:EInvalidPointer : Invalid pointer operation : Addr: $00409DA9
WebApp_BPKAD.exe: 00002B80: 09:48:32 [TUniGUISessionManager]:Destroying Worker Threads.
WebApp_BPKAD.exe: 00002B80: 09:48:32 [TUniGUISessionManager]:Session manager terminated.
WebApp_BPKAD.exe: 00002B80: 09:48:32 [TUniServerModule]:Server Shutdown Completed.
WebApp_BPKAD.exe: 00002B80: 09:48:32 []:<-------------------------------------------------------------->
WebApp_BPKAD.exe: 00002B80: 09:48:32 [Terminated]:Exit Code: 0
WebApp_BPKAD.exe: 000044F4: 09:50:58 []:>--------------------------------------------------------------<
WebApp_BPKAD.exe: 000044F4: 09:50:58 [TUniServerModule]:Server First Init.
WebApp_BPKAD.exe: 000044F4: 09:50:58 [TUniServerModule]:Starting HTTP Server on Port: 85...
WebApp_BPKAD.exe: 000044F4: 09:50:58 [TUniServerModule]:HTTP Server Started on Port: 85
WebApp_BPKAD.exe: 00004658: 09:51:01 [127.0.0.1]:EUniSessionException : Invalid session or session Timeout. (Session not found: BTsKeLNbNQ10905C6D5 ) : Addr: $007E015E
WebApp_BPKAD.exe: 000044F4: 09:51:14 [TUniServerModule]:Shutting Down Server.
WebApp_BPKAD.exe: 000044F4: 09:51:14 [TUniServerModule]:Stopping HTTP Server.
WebApp_BPKAD.exe: 000044F4: 09:51:15 [TUniServerModule]:HTTP Server Stopped.
WebApp_BPKAD.exe: 000044F4: 09:51:15 [TUniGUISessionManager]:Terminating Session manager.
WebApp_BPKAD.exe: 000044F4: 09:51:15 [TUniGUISessionManager]:Stopping Cache Eraser...
WebApp_BPKAD.exe: 000044F4: 09:51:15 [TUniGUISessionManager]:Cache Eraser Stopped.
WebApp_BPKAD.exe: 000044F4: 09:51:15 []:EInvalidPointer : Invalid pointer operation : Addr: $00409DA9
WebApp_BPKAD.exe: 000044F4: 09:51:15 [TUniGUISessionManager]:Destroying Worker Threads.
WebApp_BPKAD.exe: 000044F4: 09:51:15 [TUniGUISessionManager]:Session manager terminated.
WebApp_BPKAD.exe: 000044F4: 09:51:15 [TUniServerModule]:Server Shutdown Completed.
WebApp_BPKAD.exe: 000044F4: 09:51:15 []:<-------------------------------------------------------------->
WebApp_BPKAD.exe: 000044F4: 09:51:15 [Terminated]:Exit Code: 0
WebApp_BPKAD.exe: 00005218: 09:51:42 []:>--------------------------------------------------------------<
WebApp_BPKAD.exe: 00005218: 09:51:42 [TUniServerModule]:Server First Init.
WebApp_BPKAD.exe: 00005218: 09:51:42 [TUniServerModule]:Starting HTTP Server on Port: 85...
WebApp_BPKAD.exe: 00005218: 09:51:42 [TUniServerModule]:HTTP Server Started on Port: 85
WebApp_BPKAD.exe: 00002964: 09:51:45 [127.0.0.1]:EUniSessionException : Invalid session or session Timeout. (Session not found: yOR7Y8mveD10905C7B3 ) : Addr: $007E015E
WebApp_BPKAD.exe: 00005218: 09:52:53 [TUniServerModule]:Shutting Down Server.
WebApp_BPKAD.exe: 00005218: 09:52:53 [TUniServerModule]:Stopping HTTP Server.
WebApp_BPKAD.exe: 00005218: 09:52:54 [TUniServerModule]:HTTP Server Stopped.
WebApp_BPKAD.exe: 00005218: 09:52:54 [TUniGUISessionManager]:Terminating Session manager.
WebApp_BPKAD.exe: 00005218: 09:52:54 [TUniGUISessionManager]:Stopping Cache Eraser...
WebApp_BPKAD.exe: 00005218: 09:52:54 [TUniGUISessionManager]:Cache Eraser Stopped.
WebApp_BPKAD.exe: 00005218: 09:52:54 []:EInvalidPointer : Invalid pointer operation : Addr: $00409DA9
WebApp_BPKAD.exe: 00005218: 09:52:54 [TUniGUISessionManager]:Destroying Worker Threads.
WebApp_BPKAD.exe: 00005218: 09:52:54 [TUniGUISessionManager]:Session manager terminated.
WebApp_BPKAD.exe: 00005218: 09:52:54 [TUniServerModule]:Server Shutdown Completed.
WebApp_BPKAD.exe: 00005218: 09:52:54 []:<-------------------------------------------------------------->
WebApp_BPKAD.exe: 00005218: 09:52:54 [Terminated]:Exit Code: 0
WebApp_BPKAD.exe: 00004E70: 09:52:56 []:>--------------------------------------------------------------<
WebApp_BPKAD.exe: 00004E70: 09:52:56 [TUniServerModule]:Server First Init.
WebApp_BPKAD.exe: 00004E70: 09:52:56 [TUniServerModule]:Starting HTTP Server on Port: 85...
WebApp_BPKAD.exe: 00004E70: 09:52:57 [TUniServerModule]:HTTP Server Started on Port: 85
WebApp_BPKAD.exe: 00001B14: 09:52:59 [127.0.0.1]:EUniSessionException : Invalid session or session Timeout. (Session not found: dprBjI2ePd10905C7E6 ) : Addr: $007E015E
WebApp_BPKAD.exe: 00004E70: 09:53:55 [TUniServerModule]:Shutting Down Server.
WebApp_BPKAD.exe: 00004E70: 09:53:55 [TUniServerModule]:Stopping HTTP Server.
WebApp_BPKAD.exe: 00004E70: 09:53:56 [TUniServerModule]:HTTP Server Stopped.
WebApp_BPKAD.exe: 00004E70: 09:53:56 [TUniGUISessionManager]:Terminating Session manager.
WebApp_BPKAD.exe: 00004E70: 09:53:56 [TUniGUISessionManager]:Stopping Cache Eraser...
WebApp_BPKAD.exe: 00004E70: 09:53:56 [TUniGUISessionManager]:Cache Eraser Stopped.
WebApp_BPKAD.exe: 00004E70: 09:53:56 []:EInvalidPointer : Invalid pointer operation : Addr: $00409DA9
WebApp_BPKAD.exe: 00004E70: 09:53:56 [TUniGUISessionManager]:Destroying Worker Threads.
WebApp_BPKAD.exe: 00004E70: 09:53:56 [TUniGUISessionManager]:Session manager terminated.
WebApp_BPKAD.exe: 00004E70: 09:53:56 [TUniServerModule]:Server Shutdown Completed.
WebApp_BPKAD.exe: 00004E70: 09:53:56 []:<-------------------------------------------------------------->
WebApp_BPKAD.exe: 00004E70: 09:53:56 [Terminated]:Exit Code: 0
WebApp_BPKAD.exe: 000050A8: 09:54:05 []:>--------------------------------------------------------------<
WebApp_BPKAD.exe: 000050A8: 09:54:05 [TUniServerModule]:Server First Init.
WebApp_BPKAD.exe: 000050A8: 09:54:05 [TUniServerModule]:Starting HTTP Server on Port: 85...
WebApp_BPKAD.exe: 000050A8: 09:54:06 [TUniServerModule]:HTTP Server Started on Port: 85
WebApp_BPKAD.exe: 00000948: 09:54:09 [127.0.0.1]:EUniSessionException : Invalid session or session Timeout. (Session not found: x6n76AWoOc10905C83C ) : Addr: $007E015E
WebApp_BPKAD.exe: 000050A8: 09:54:31 [TUniServerModule]:Shutting Down Server.
WebApp_BPKAD.exe: 000050A8: 09:54:31 [TUniServerModule]:Stopping HTTP Server.
WebApp_BPKAD.exe: 000050A8: 09:54:32 [TUniServerModule]:HTTP Server Stopped.
WebApp_BPKAD.exe: 000050A8: 09:54:32 [TUniGUISessionManager]:Terminating Session manager.
WebApp_BPKAD.exe: 000050A8: 09:54:32 [TUniGUISessionManager]:Stopping Cache Eraser...
WebApp_BPKAD.exe: 000050A8: 09:54:32 [TUniGUISessionManager]:Cache Eraser Stopped.
WebApp_BPKAD.exe: 000050A8: 09:54:32 []:EInvalidPointer : Invalid pointer operation : Addr: $00409DA9
WebApp_BPKAD.exe: 000050A8: 09:54:32 [TUniGUISessionManager]:Destroying Worker Threads.
WebApp_BPKAD.exe: 000050A8: 09:54:32 [TUniGUISessionManager]:Session manager terminated.
WebApp_BPKAD.exe: 000050A8: 09:54:32 [TUniServerModule]:Server Shutdown Completed.
WebApp_BPKAD.exe: 000050A8: 09:54:32 []:<-------------------------------------------------------------->
WebApp_BPKAD.exe: 000050A8: 09:54:32 [Terminated]:Exit Code: 0
WebApp_BPKAD.exe: 00002D64: 09:57:20 []:>--------------------------------------------------------------<
WebApp_BPKAD.exe: 00002D64: 09:57:20 [TUniServerModule]:Server First Init.
WebApp_BPKAD.exe: 00002D64: 09:57:21 [TUniServerModule]:Starting HTTP Server on Port: 85...
WebApp_BPKAD.exe: 00002D64: 09:57:21 [TUniServerModule]:HTTP Server Started on Port: 85
WebApp_BPKAD.exe: 00001AAC: 09:57:21 [127.0.0.1]:EUniSessionException : Invalid session or session Timeout. (Session not found: ikQiwM7wRX10905C88E ) : Addr: $007E015E
WebApp_BPKAD.exe: 00002D64: 10:01:54 [TUniServerModule]:Shutting Down Server.
WebApp_BPKAD.exe: 00002D64: 10:01:54 [TUniServerModule]:Stopping HTTP Server.
WebApp_BPKAD.exe: 00002D64: 10:01:55 [TUniServerModule]:HTTP Server Stopped.
WebApp_BPKAD.exe: 00002D64: 10:01:55 [TUniGUISessionManager]:Terminating Session manager.
WebApp_BPKAD.exe: 00002D64: 10:01:55 [TUniGUISessionManager]:Stopping Cache Eraser...
WebApp_BPKAD.exe: 00002D64: 10:01:55 [TUniGUISessionManager]:Cache Eraser Stopped.
WebApp_BPKAD.exe: 00002D64: 10:01:55 []:EInvalidPointer : Invalid pointer operation : Addr: $00409DA9
WebApp_BPKAD.exe: 00002D64: 10:01:55 [TUniGUISessionManager]:Destroying Worker Threads.
WebApp_BPKAD.exe: 00002D64: 10:01:55 [TUniGUISessionManager]:Session manager terminated.
WebApp_BPKAD.exe: 00002D64: 10:01:55 [TUniServerModule]:Server Shutdown Completed.
WebApp_BPKAD.exe: 00002D64: 10:01:55 []:<-------------------------------------------------------------->
WebApp_BPKAD.exe: 00002D64: 10:01:55 [Terminated]:Exit Code: 0
WebApp_BPKAD.exe: 00004F98: 10:01:57 []:>--------------------------------------------------------------<
WebApp_BPKAD.exe: 00004F98: 10:01:57 [TUniServerModule]:Server First Init.
WebApp_BPKAD.exe: 00004F98: 10:01:57 [TUniServerModule]:Starting HTTP Server on Port: 85...
WebApp_BPKAD.exe: 00004F98: 10:01:58 [TUniServerModule]:HTTP Server Started on Port: 85
WebApp_BPKAD.exe: 000053CC: 10:02:01 [127.0.0.1]:EUniSessionException : Invalid session or session Timeout. (Session not found: txjW7pk3yD10905C96F ) : Addr: $007E015E
WebApp_BPKAD.exe: 00004F98: 10:02:41 [TUniServerModule]:Shutting Down Server.
WebApp_BPKAD.exe: 00004F98: 10:02:41 [TUniServerModule]:Stopping HTTP Server.
WebApp_BPKAD.exe: 00004F98: 10:02:42 [TUniServerModule]:HTTP Server Stopped.
WebApp_BPKAD.exe: 00004F98: 10:02:42 [TUniGUISessionManager]:Terminating Session manager.
WebApp_BPKAD.exe: 00004F98: 10:02:42 [TUniGUISessionManager]:Stopping Cache Eraser...
WebApp_BPKAD.exe: 00004F98: 10:02:42 [TUniGUISessionManager]:Cache Eraser Stopped.
WebApp_BPKAD.exe: 00004F98: 10:02:42 []:EInvalidPointer : Invalid pointer operation : Addr: $00409DA9
WebApp_BPKAD.exe: 00004F98: 10:02:42 [TUniGUISessionManager]:Destroying Worker Threads.
WebApp_BPKAD.exe: 00004F98: 10:02:43 [TUniGUISessionManager]:Session manager terminated.
WebApp_BPKAD.exe: 00004F98: 10:02:43 [TUniServerModule]:Server Shutdown Completed.
WebApp_BPKAD.exe: 00004F98: 10:02:43 []:<-------------------------------------------------------------->
WebApp_BPKAD.exe: 00004F98: 10:02:43 [Terminated]:Exit Code: 0
WebApp_BPKAD.exe: 00004818: 10:03:07 []:>--------------------------------------------------------------<
WebApp_BPKAD.exe: 00004818: 10:03:07 [TUniServerModule]:Server First Init.
WebApp_BPKAD.exe: 00004818: 10:03:07 [TUniServerModule]:Starting HTTP Server on Port: 85...
WebApp_BPKAD.exe: 00004818: 10:03:08 [TUniServerModule]:HTTP Server Started on Port: 85
WebApp_BPKAD.exe: 00004818: 10:03:11 [TUniServerModule]:Shutting Down Server.
WebApp_BPKAD.exe: 00004818: 10:03:11 [TUniServerModule]:Stopping HTTP Server.
WebApp_BPKAD.exe: 00004818: 10:03:12 [TUniServerModule]:HTTP Server Stopped.
WebApp_BPKAD.exe: 00004818: 10:03:12 [TUniGUISessionManager]:Terminating Session manager.
WebApp_BPKAD.exe: 00004818: 10:03:12 [TUniGUISessionManager]:Stopping Cache Eraser...
WebApp_BPKAD.exe: 00004818: 10:03:12 [TUniGUISessionManager]:Cache Eraser Stopped.
WebApp_BPKAD.exe: 00004818: 10:03:12 [TUniGUISessionManager]:Destroying Worker Threads.
WebApp_BPKAD.exe: 00004818: 10:03:12 [TUniGUISessionManager]:Session manager terminated.
WebApp_BPKAD.exe: 00004818: 10:03:12 [TUniServerModule]:Server Shutdown Completed.
WebApp_BPKAD.exe: 00004818: 10:03:12 []:<-------------------------------------------------------------->
WebApp_BPKAD.exe: 00004818: 10:03:12 [Terminated]:Exit Code: 0
WebApp_BPKAD.exe: 000020CC: 10:07:10 []:>--------------------------------------------------------------<
WebApp_BPKAD.exe: 000020CC: 10:07:10 [TUniServerModule]:Server First Init.
WebApp_BPKAD.exe: 000020CC: 10:07:10 [TUniServerModule]:Starting HTTP Server on Port: 85...
WebApp_BPKAD.exe: 000020CC: 10:07:10 [TUniServerModule]:HTTP Server Started on Port: 85
WebApp_BPKAD.exe: 000020CC: 10:07:25 [TUniServerModule]:Shutting Down Server.
WebApp_BPKAD.exe: 000020CC: 10:07:25 [TUniServerModule]:Stopping HTTP Server.
WebApp_BPKAD.exe: 000020CC: 10:07:26 [TUniServerModule]:HTTP Server Stopped.
WebApp_BPKAD.exe: 000020CC: 10:07:26 [TUniGUISessionManager]:Terminating Session manager.
WebApp_BPKAD.exe: 000020CC: 10:07:26 [TUniGUISessionManager]:Stopping Cache Eraser...
WebApp_BPKAD.exe: 000020CC: 10:07:26 [TUniGUISessionManager]:Cache Eraser Stopped.
WebApp_BPKAD.exe: 000020CC: 10:07:26 [TUniGUISessionManager]:Destroying Worker Threads.
WebApp_BPKAD.exe: 000020CC: 10:07:26 [TUniGUISessionManager]:Session manager terminated.
WebApp_BPKAD.exe: 000020CC: 10:07:26 [TUniServerModule]:Server Shutdown Completed.
WebApp_BPKAD.exe: 000020CC: 10:07:26 []:<-------------------------------------------------------------->
WebApp_BPKAD.exe: 000020CC: 10:07:26 [Terminated]:Exit Code: 0
WebApp_BPKAD.exe: 00004FB0: 11:16:06 []:>--------------------------------------------------------------<
WebApp_BPKAD.exe: 00004FB0: 11:16:06 [TUniServerModule]:Server First Init.
WebApp_BPKAD.exe: 00004FB0: 11:16:06 [TUniServerModule]:Starting HTTP Server on Port: 85...
WebApp_BPKAD.exe: 00004FB0: 11:16:07 [TUniServerModule]:HTTP Server Started on Port: 85
WebApp_BPKAD.exe: 00002CB8: 11:17:01 []:EInvalidPointer : Invalid pointer operation : Addr: $00409DA9
WebApp_BPKAD.exe: 00002CB8: 11:17:11 []:EInvalidPointer : Invalid pointer operation : Addr: $00409DA9
WebApp_BPKAD.exe: 00002CB8: 11:17:41 []:EInvalidPointer : Invalid pointer operation : Addr: $00409DA9
WebApp_BPKAD.exe: 00004FB0: 11:18:41 [TUniServerModule]:Shutting Down Server.
WebApp_BPKAD.exe: 00004FB0: 11:18:41 [TUniServerModule]:Stopping HTTP Server.
WebApp_BPKAD.exe: 00004FB0: 11:18:42 [TUniServerModule]:HTTP Server Stopped.
WebApp_BPKAD.exe: 00004FB0: 11:18:42 [TUniGUISessionManager]:Terminating Session manager.
WebApp_BPKAD.exe: 00004FB0: 11:18:42 [TUniGUISessionManager]:Stopping Cache Eraser...
WebApp_BPKAD.exe: 00004FB0: 11:18:42 [TUniGUISessionManager]:Cache Eraser Stopped.
WebApp_BPKAD.exe: 00004FB0: 11:18:42 []:EInvalidPointer : Invalid pointer operation : Addr: $00409DA9
WebApp_BPKAD.exe: 00004FB0: 11:18:42 [TUniGUISessionManager]:Destroying Worker Threads.
WebApp_BPKAD.exe: 00004FB0: 11:18:42 [TUniGUISessionManager]:Session manager terminated.
WebApp_BPKAD.exe: 00004FB0: 11:18:42 [TUniServerModule]:Server Shutdown Completed.
WebApp_BPKAD.exe: 00004FB0: 11:18:42 []:<-------------------------------------------------------------->
WebApp_BPKAD.exe: 00004FB0: 11:18:42 [Terminated]:Exit Code: 0
