WebApp_BPKAD.exe: 00003914: 11:56:20 []:>--------------------------------------------------------------<
WebApp_BPKAD.exe: 00003914: 11:56:20 [TUniServerModule]:Server First Init.
WebApp_BPKAD.exe: 00003914: 11:56:20 [TUniServerModule]:Starting HTTP Server on Port: 85...
WebApp_BPKAD.exe: 00003914: 11:56:20 [TUniServerModule]:HTTP Server Started on Port: 85
WebApp_BPKAD.exe: 00003914: 11:56:22 [TUniServerModule]:Shutting Down Server.
WebApp_BPKAD.exe: 00003914: 11:56:22 [TUniServerModule]:Stopping HTTP Server.
WebApp_BPKAD.exe: 00003914: 11:56:23 [TUniServerModule]:HTTP Server Stopped.
WebApp_BPKAD.exe: 00003914: 11:56:23 [TUniGUISessionManager]:Terminating Session manager.
WebApp_BPKAD.exe: 00003914: 11:56:23 [TUniGUISessionManager]:Stopping Cache Eraser...
WebApp_BPKAD.exe: 00003914: 11:56:23 [TUniGUISessionManager]:Cache Eraser Stopped.
WebApp_BPKAD.exe: 00003914: 11:56:23 [TUniGUISessionManager]:Destroying Worker Threads.
WebApp_BPKAD.exe: 00003914: 11:56:23 [TUniGUISessionManager]:Session manager terminated.
WebApp_BPKAD.exe: 00003914: 11:56:23 [TUniServerModule]:Server Shutdown Completed.
WebApp_BPKAD.exe: 00003914: 11:56:23 []:<-------------------------------------------------------------->
WebApp_BPKAD.exe: 00003914: 11:56:23 [Terminated]:Exit Code: 0
WebApp_BPKAD.exe: 00003824: 11:56:28 []:>--------------------------------------------------------------<
WebApp_BPKAD.exe: 00003824: 11:56:28 [TUniServerModule]:Server First Init.
WebApp_BPKAD.exe: 00003824: 11:56:29 [TUniServerModule]:Starting HTTP Server on Port: 85...
WebApp_BPKAD.exe: 00003824: 11:56:29 [TUniServerModule]:HTTP Server Started on Port: 85
WebApp_BPKAD.exe: 00001BAC: 11:57:52 [127.0.0.1]:EMSSQLNativeException : [FireDAC][Phys][ODBC][Microsoft][SQL Server Native Client 11.0]Unable to complete login process due to delay in opening server connection : Addr: $0086E2CE
WebApp_BPKAD.exe: 00003824: 12:01:00 [TUniServerModule]:Shutting Down Server.
WebApp_BPKAD.exe: 00003824: 12:01:00 [TUniServerModule]:Stopping HTTP Server.
WebApp_BPKAD.exe: 00003824: 12:01:01 [TUniServerModule]:HTTP Server Stopped.
WebApp_BPKAD.exe: 00003824: 12:01:01 [TUniGUISessionManager]:Terminating Session manager.
WebApp_BPKAD.exe: 00003824: 12:01:01 [TUniGUISessionManager]:Stopping Cache Eraser...
WebApp_BPKAD.exe: 00003824: 12:01:01 [TUniGUISessionManager]:Cache Eraser Stopped.
WebApp_BPKAD.exe: 00003824: 12:01:01 []:EAccessViolation : Access violation at address 00409A48 in module 'WebApp_BPKAD.exe'. Read of address FFFFFFFD : Addr: $00409A48
WebApp_BPKAD.exe: 00003824: 12:01:01 [TUniGUISessionManager]:Destroying Worker Threads.
WebApp_BPKAD.exe: 00003824: 12:01:01 [TUniGUISessionManager]:Session manager terminated.
WebApp_BPKAD.exe: 00003824: 12:01:01 [TUniServerModule]:Server Shutdown Completed.
WebApp_BPKAD.exe: 00003824: 12:01:01 []:<-------------------------------------------------------------->
WebApp_BPKAD.exe: 00003824: 12:01:01 [Terminated]:Exit Code: 0
WebApp_BPKAD.exe: 0000304C: 12:01:08 []:>--------------------------------------------------------------<
WebApp_BPKAD.exe: 0000304C: 12:01:08 [TUniServerModule]:Server First Init.
WebApp_BPKAD.exe: 0000304C: 12:01:08 [TUniServerModule]:Starting HTTP Server on Port: 85...
WebApp_BPKAD.exe: 0000304C: 12:01:09 [TUniServerModule]:HTTP Server Started on Port: 85
WebApp_BPKAD.exe: 0000385C: 12:01:13 [127.0.0.1]:EUniSessionException : Invalid session or session Timeout. (Session not found: CPqv4vjF5l109848FE0 ) : Addr: $00794B4E
WebApp_BPKAD.exe: 0000385C: 12:01:13 [127.0.0.1]:EUniSessionException : Invalid session or session Timeout. (Session not found: CPqv4vjF5l109848FE0 ) : Addr: $00794B4E
WebApp_BPKAD.exe: 0000171C: 12:11:44 []:EAccessViolation : Access violation at address 00409A48 in module 'WebApp_BPKAD.exe'. Read of address FFFFFFFD : Addr: $00409A48
WebApp_BPKAD.exe: 00003740: 12:11:46 [127.0.0.1]:EUniSessionException : Invalid session or session Timeout. (Invalid URI: /srs6/serv/urn:verificationservices ) : Addr: $00794B4E
WebApp_BPKAD.exe: 00001638: 12:31:01 [127.0.0.1]:EUniSessionException : Invalid session or session Timeout. (Session not found: GnncBJs9Zl1098490E5 ) : Addr: $00794B4E
WebApp_BPKAD.exe: 00001638: 12:31:01 [127.0.0.1]:EUniSessionException : Invalid session or session Timeout. (Session not found: GnncBJs9Zl1098490E5 ) : Addr: $00794B4E
WebApp_BPKAD.exe: 0000171C: 12:44:12 []:EAccessViolation : Access violation at address 80000000. Read of address 80000000 : Addr: $80000000
WebApp_BPKAD.exe: 00002680: 12:45:16 [127.0.0.1]:EUniSessionException : Invalid session or session Timeout. (Session not found: ytVe784DbP1098498FA ) : Addr: $00794B4E
WebApp_BPKAD.exe: 00002680: 12:45:16 [127.0.0.1]:EUniSessionException : Invalid session or session Timeout. (Session not found: ytVe784DbP1098498FA ) : Addr: $00794B4E
WebApp_BPKAD.exe: 0000171C: 12:45:22 []:EInvalidPointer : Invalid pointer operation : Addr: $00409955
WebApp_BPKAD.exe: 0000304C: 12:47:25 [TUniServerModule]:Shutting Down Server.
WebApp_BPKAD.exe: 0000304C: 12:47:25 [TUniServerModule]:Stopping HTTP Server.
WebApp_BPKAD.exe: 0000304C: 12:47:26 [TUniServerModule]:HTTP Server Stopped.
WebApp_BPKAD.exe: 0000304C: 12:47:26 [TUniGUISessionManager]:Terminating Session manager.
WebApp_BPKAD.exe: 0000304C: 12:47:26 [TUniGUISessionManager]:Stopping Cache Eraser...
WebApp_BPKAD.exe: 0000304C: 12:47:26 [TUniGUISessionManager]:Cache Eraser Stopped.
WebApp_BPKAD.exe: 0000304C: 12:47:26 [TUniGUISessionManager]:Destroying Worker Threads.
WebApp_BPKAD.exe: 0000304C: 12:47:26 [TUniGUISessionManager]:Session manager terminated.
WebApp_BPKAD.exe: 0000304C: 12:47:26 [TUniServerModule]:Server Shutdown Completed.
WebApp_BPKAD.exe: 0000304C: 12:47:26 []:<-------------------------------------------------------------->
WebApp_BPKAD.exe: 0000304C: 12:47:26 [Terminated]:Exit Code: 0
