WebApp_BPKAD.exe: 00002D98: 12:20:49 []:>--------------------------------------------------------------<
WebApp_BPKAD.exe: 00002D98: 12:20:49 [TUniServerModule]:Server First Init.
WebApp_BPKAD.exe: 00002D98: 12:20:49 [TUniServerModule]:Global Cache Folder Erased. <25> Files deleted.
WebApp_BPKAD.exe: 00002D98: 12:20:49 [TUniServerModule]:Starting HTTP Server on Port: 85...
WebApp_BPKAD.exe: 00002D98: 12:20:50 [TUniServerModule]:HTTP Server Started on Port: 85
WebApp_BPKAD.exe: 000029DC: 12:21:14 [Could not convert variant of type (String) into type (Integer)-127.0.0.1]:EVariantTypeCastError : Could not convert variant of type (String) into type (Integer) : Addr: $0043B46D
WebApp_BPKAD.exe: 000029DC: 12:21:14 [127.0.0.1]:EDatabaseError : qCekBarang: Cannot perform this operation on a closed dataset : Addr: $00661096
WebApp_BPKAD.exe: 00002D98: 12:21:33 [TUniServerModule]:Shutting Down Server.
WebApp_BPKAD.exe: 00002D98: 12:21:33 [TUniServerModule]:Stopping HTTP Server.
WebApp_BPKAD.exe: 00002D98: 12:21:34 [TUniServerModule]:HTTP Server Stopped.
WebApp_BPKAD.exe: 00002D98: 12:21:34 [TUniGUISessionManager]:Terminating Session manager.
WebApp_BPKAD.exe: 00002D98: 12:21:34 [TUniGUISessionManager]:Stopping Cache Eraser...
WebApp_BPKAD.exe: 00002D98: 12:21:34 [TUniGUISessionManager]:Cache Eraser Stopped.
WebApp_BPKAD.exe: 00002D98: 12:21:34 []:EAccessViolation : Access violation at address 00409A48 in module 'WebApp_BPKAD.exe'. Read of address FFFFFFFD : Addr: $00409A48
WebApp_BPKAD.exe: 00002D98: 12:21:34 [TUniGUISessionManager]:Destroying Worker Threads.
WebApp_BPKAD.exe: 00002D98: 12:21:34 [TUniGUISessionManager]:Session manager terminated.
WebApp_BPKAD.exe: 00002D98: 12:21:34 [TUniServerModule]:Server Shutdown Completed.
WebApp_BPKAD.exe: 00002D98: 12:21:34 []:<-------------------------------------------------------------->
WebApp_BPKAD.exe: 00002D98: 12:21:34 [Terminated]:Exit Code: 0
WebApp_BPKAD.exe: 00002518: 12:27:54 []:>--------------------------------------------------------------<
WebApp_BPKAD.exe: 00002518: 12:27:54 [TUniServerModule]:Server First Init.
WebApp_BPKAD.exe: 00002518: 12:27:54 [TUniServerModule]:Starting HTTP Server on Port: 85...
WebApp_BPKAD.exe: 00002518: 12:27:54 [TUniServerModule]:HTTP Server Started on Port: 85
WebApp_BPKAD.exe: 0000300C: 12:27:59 [127.0.0.1]:EUniSessionException : Invalid session or session Timeout. (Session not found: uDXLTVdWfB1094DA7BD ) : Addr: $00794C9A
WebApp_BPKAD.exe: 0000300C: 12:28:00 [127.0.0.1]:EUniSessionException : Invalid session or session Timeout. (Session not found: uDXLTVdWfB1094DA7BD ) : Addr: $00794C9A
WebApp_BPKAD.exe: 00002DC8: 12:28:18 [Could not convert variant of type (String) into type (Integer)-127.0.0.1]:EVariantTypeCastError : Could not convert variant of type (String) into type (Integer) : Addr: $0043B46D
WebApp_BPKAD.exe: 00002DC8: 12:28:18 [127.0.0.1]:EDatabaseError : qCekBarang: Cannot perform this operation on a closed dataset : Addr: $00661096
WebApp_BPKAD.exe: 00002518: 12:35:09 [TUniServerModule]:Shutting Down Server.
WebApp_BPKAD.exe: 00002518: 12:35:09 [TUniServerModule]:Stopping HTTP Server.
WebApp_BPKAD.exe: 00002518: 12:35:10 [TUniServerModule]:HTTP Server Stopped.
WebApp_BPKAD.exe: 00002518: 12:35:10 [TUniGUISessionManager]:Terminating Session manager.
WebApp_BPKAD.exe: 00002518: 12:35:10 [TUniGUISessionManager]:Stopping Cache Eraser...
WebApp_BPKAD.exe: 00002518: 12:35:10 [TUniGUISessionManager]:Cache Eraser Stopped.
WebApp_BPKAD.exe: 00002518: 12:35:10 []:EAccessViolation : Access violation at address 00409A48 in module 'WebApp_BPKAD.exe'. Read of address FFFFFFFD : Addr: $00409A48
WebApp_BPKAD.exe: 00002518: 12:35:10 [TUniGUISessionManager]:Destroying Worker Threads.
WebApp_BPKAD.exe: 00002518: 12:35:11 [TUniGUISessionManager]:Session manager terminated.
WebApp_BPKAD.exe: 00002518: 12:35:11 [TUniServerModule]:Server Shutdown Completed.
WebApp_BPKAD.exe: 00002518: 12:35:11 []:<-------------------------------------------------------------->
WebApp_BPKAD.exe: 00002518: 12:35:11 [Terminated]:Exit Code: 0
WebApp_BPKAD.exe: 00002938: 12:35:13 []:>--------------------------------------------------------------<
WebApp_BPKAD.exe: 00002938: 12:35:13 [TUniServerModule]:Server First Init.
WebApp_BPKAD.exe: 00002938: 12:35:13 [TUniServerModule]:Starting HTTP Server on Port: 85...
WebApp_BPKAD.exe: 00002938: 12:35:13 [TUniServerModule]:HTTP Server Started on Port: 85
WebApp_BPKAD.exe: 00002130: 12:35:18 [127.0.0.1]:EUniSessionException : Invalid session or session Timeout. (Session not found: AgrZQgcrpA1094DA9A8 ) : Addr: $00794C9A
WebApp_BPKAD.exe: 00000EF0: 12:35:34 ['4.4.1.1' is not a valid integer value-127.0.0.1]:EConvertError : '4.4.1.1' is not a valid integer value : Addr: $004274A2
WebApp_BPKAD.exe: 00000EF0: 12:35:34 [127.0.0.1]:EDatabaseError : qCekBarang: Cannot perform this operation on a closed dataset : Addr: $00661096
WebApp_BPKAD.exe: 000014BC: 12:38:29 ['4.4.1.1' is not a valid integer value-127.0.0.1]:EConvertError : '4.4.1.1' is not a valid integer value : Addr: $004274A2
WebApp_BPKAD.exe: 000014BC: 12:38:29 [127.0.0.1]:EDatabaseError : qCekBarang: Cannot perform this operation on a closed dataset : Addr: $00661096
WebApp_BPKAD.exe: 00002938: 12:48:29 [TUniServerModule]:Shutting Down Server.
WebApp_BPKAD.exe: 00002938: 12:48:29 [TUniServerModule]:Stopping HTTP Server.
WebApp_BPKAD.exe: 00002938: 12:48:30 [TUniServerModule]:HTTP Server Stopped.
WebApp_BPKAD.exe: 00002938: 12:48:30 [TUniGUISessionManager]:Terminating Session manager.
WebApp_BPKAD.exe: 00002938: 12:48:30 [TUniGUISessionManager]:Stopping Cache Eraser...
WebApp_BPKAD.exe: 00002938: 12:48:31 [TUniGUISessionManager]:Cache Eraser Stopped.
WebApp_BPKAD.exe: 00002938: 12:48:31 []:EAccessViolation : Access violation at address 00409A48 in module 'WebApp_BPKAD.exe'. Read of address FFFFFFFD : Addr: $00409A48
WebApp_BPKAD.exe: 00002938: 12:48:31 [TUniGUISessionManager]:Destroying Worker Threads.
WebApp_BPKAD.exe: 00002938: 12:48:31 [TUniGUISessionManager]:Session manager terminated.
WebApp_BPKAD.exe: 00002938: 12:48:31 [TUniServerModule]:Server Shutdown Completed.
WebApp_BPKAD.exe: 00002938: 12:48:31 []:<-------------------------------------------------------------->
WebApp_BPKAD.exe: 00002938: 12:48:31 [Terminated]:Exit Code: 0
WebApp_BPKAD.exe: 000040A4: 16:29:23 []:>--------------------------------------------------------------<
WebApp_BPKAD.exe: 000040A4: 16:29:23 [TUniServerModule]:Server First Init.
WebApp_BPKAD.exe: 000040A4: 16:29:23 [TUniServerModule]:Starting HTTP Server on Port: 85...
WebApp_BPKAD.exe: 000040A4: 16:29:24 [TUniServerModule]:HTTP Server Started on Port: 85
WebApp_BPKAD.exe: 00003B30: 16:29:27 [127.0.0.1]:EUniSessionException : Invalid session or session Timeout. (Session not found: 6nOXuvDnqO1094DABA3 ) : Addr: $00794C9A
WebApp_BPKAD.exe: 00003B30: 16:29:28 [127.0.0.1]:EUniSessionException : Invalid session or session Timeout. (Session not found: 6nOXuvDnqO1094DABA3 ) : Addr: $00794C9A
WebApp_BPKAD.exe: 00003B30: 16:29:46 [qCekBarang: Field 'kode' not found-127.0.0.1]:EDatabaseError : qCekBarang: Field 'kode' not found : Addr: $00661096
WebApp_BPKAD.exe: 000025CC: 16:30:35 [qCekBarang: Field 'kode' not found-127.0.0.1]:EDatabaseError : qCekBarang: Field 'kode' not found : Addr: $00661096
WebApp_BPKAD.exe: 000040A4: 16:37:06 [TUniServerModule]:Shutting Down Server.
WebApp_BPKAD.exe: 000040A4: 16:37:06 [TUniServerModule]:Stopping HTTP Server.
WebApp_BPKAD.exe: 000040A4: 16:37:07 [TUniServerModule]:HTTP Server Stopped.
WebApp_BPKAD.exe: 000040A4: 16:37:07 [TUniGUISessionManager]:Terminating Session manager.
WebApp_BPKAD.exe: 000040A4: 16:37:07 [TUniGUISessionManager]:Stopping Cache Eraser...
WebApp_BPKAD.exe: 000040A4: 16:37:07 [TUniGUISessionManager]:Cache Eraser Stopped.
WebApp_BPKAD.exe: 000040A4: 16:37:07 []:EAccessViolation : Access violation at address 00409A48 in module 'WebApp_BPKAD.exe'. Read of address FFFFFFFD : Addr: $00409A48
WebApp_BPKAD.exe: 000040A4: 16:37:07 [TUniGUISessionManager]:Destroying Worker Threads.
WebApp_BPKAD.exe: 000040A4: 16:37:07 [TUniGUISessionManager]:Session manager terminated.
WebApp_BPKAD.exe: 000040A4: 16:37:07 [TUniServerModule]:Server Shutdown Completed.
WebApp_BPKAD.exe: 000040A4: 16:37:07 []:<-------------------------------------------------------------->
WebApp_BPKAD.exe: 000040A4: 16:37:07 [Terminated]:Exit Code: 0
WebApp_BPKAD.exe: 00002748: 16:37:32 []:>--------------------------------------------------------------<
WebApp_BPKAD.exe: 00002748: 16:37:32 [TUniServerModule]:Server First Init.
WebApp_BPKAD.exe: 00002748: 16:37:32 [TUniServerModule]:Starting HTTP Server on Port: 85...
WebApp_BPKAD.exe: 00002748: 16:37:32 [TUniServerModule]:HTTP Server Started on Port: 85
WebApp_BPKAD.exe: 00001E08: 16:37:35 [127.0.0.1]:EUniSessionException : Invalid session or session Timeout. (Session not found: oZcdpJwXEC1094DEB29 ) : Addr: $00794C9A
WebApp_BPKAD.exe: 00001E08: 16:37:35 [127.0.0.1]:EUniSessionException : Invalid session or session Timeout. (Session not found: oZcdpJwXEC1094DEB29 ) : Addr: $00794C9A
WebApp_BPKAD.exe: 00002E0C: 16:37:51 [qCekBarang: Field 'kode' not found-127.0.0.1]:EDatabaseError : qCekBarang: Field 'kode' not found : Addr: $00661096
WebApp_BPKAD.exe: 00001F10: 16:38:18 [127.0.0.1]:EUniSessionException : Invalid session or session Timeout. (Invalid URI: /srs6/serv/urn:verificationservices ) : Addr: $00794C9A
WebApp_BPKAD.exe: 00002748: 16:46:19 [TUniServerModule]:Shutting Down Server.
WebApp_BPKAD.exe: 00002748: 16:46:19 [TUniServerModule]:Stopping HTTP Server.
WebApp_BPKAD.exe: 00002748: 16:46:20 [TUniServerModule]:HTTP Server Stopped.
WebApp_BPKAD.exe: 00002748: 16:46:21 [TUniGUISessionManager]:Terminating Session manager.
WebApp_BPKAD.exe: 00002748: 16:46:21 [TUniGUISessionManager]:Stopping Cache Eraser...
WebApp_BPKAD.exe: 00002748: 16:46:21 [TUniGUISessionManager]:Cache Eraser Stopped.
WebApp_BPKAD.exe: 00002748: 16:46:21 []:EAccessViolation : Access violation at address 00409A48 in module 'WebApp_BPKAD.exe'. Read of address FFFFFFFD : Addr: $00409A48
WebApp_BPKAD.exe: 00002748: 16:46:21 [TUniGUISessionManager]:Destroying Worker Threads.
WebApp_BPKAD.exe: 00002748: 16:46:21 [TUniGUISessionManager]:Session manager terminated.
WebApp_BPKAD.exe: 00002748: 16:46:21 [TUniServerModule]:Server Shutdown Completed.
WebApp_BPKAD.exe: 00002748: 16:46:21 []:<-------------------------------------------------------------->
WebApp_BPKAD.exe: 00002748: 16:46:21 [Terminated]:Exit Code: 0
WebApp_BPKAD.exe: 00002748: 16:50:54 []:>--------------------------------------------------------------<
WebApp_BPKAD.exe: 00002748: 16:50:54 [TUniServerModule]:Server First Init.
WebApp_BPKAD.exe: 00002748: 16:50:54 [TUniServerModule]:Starting HTTP Server on Port: 85...
WebApp_BPKAD.exe: 00002748: 16:50:55 [TUniServerModule]:HTTP Server Started on Port: 85
WebApp_BPKAD.exe: 0000411C: 16:50:59 [127.0.0.1]:EUniSessionException : Invalid session or session Timeout. (Session not found: 5tNOKWVYJW1094DED5D ) : Addr: $00794C9A
WebApp_BPKAD.exe: 0000411C: 16:51:00 [127.0.0.1]:EUniSessionException : Invalid session or session Timeout. (Session not found: 5tNOKWVYJW1094DED5D ) : Addr: $00794C9A
WebApp_BPKAD.exe: 00000DB0: 16:51:37 [qCekBarang: Field 'kode' not found-127.0.0.1]:EDatabaseError : qCekBarang: Field 'kode' not found : Addr: $00661096
WebApp_BPKAD.exe: 00002A40: 16:53:49 [qCekBarang: Field 'kode' not found-127.0.0.1]:EDatabaseError : qCekBarang: Field 'kode' not found : Addr: $00661096
WebApp_BPKAD.exe: 00002748: 16:55:55 [TUniServerModule]:Shutting Down Server.
WebApp_BPKAD.exe: 00002748: 16:55:55 [TUniServerModule]:Stopping HTTP Server.
WebApp_BPKAD.exe: 00002748: 16:55:56 [TUniServerModule]:HTTP Server Stopped.
WebApp_BPKAD.exe: 00002748: 16:55:56 [TUniGUISessionManager]:Terminating Session manager.
WebApp_BPKAD.exe: 00002748: 16:55:56 [TUniGUISessionManager]:Stopping Cache Eraser...
WebApp_BPKAD.exe: 00002748: 16:55:56 [TUniGUISessionManager]:Cache Eraser Stopped.
WebApp_BPKAD.exe: 00002748: 16:55:56 []:EAccessViolation : Access violation at address 00409A48 in module 'WebApp_BPKAD.exe'. Read of address FFFFFFFD : Addr: $00409A48
WebApp_BPKAD.exe: 00002748: 16:55:56 [TUniGUISessionManager]:Destroying Worker Threads.
WebApp_BPKAD.exe: 00002748: 16:55:56 [TUniGUISessionManager]:Session manager terminated.
WebApp_BPKAD.exe: 00002748: 16:55:56 [TUniServerModule]:Server Shutdown Completed.
WebApp_BPKAD.exe: 00002748: 16:55:56 []:<-------------------------------------------------------------->
WebApp_BPKAD.exe: 00002748: 16:55:56 [Terminated]:Exit Code: 0
WebApp_BPKAD.exe: 00003FE8: 16:55:57 []:>--------------------------------------------------------------<
WebApp_BPKAD.exe: 00003FE8: 16:55:57 [TUniServerModule]:Server First Init.
WebApp_BPKAD.exe: 00003FE8: 16:55:57 [TUniServerModule]:Starting HTTP Server on Port: 85...
WebApp_BPKAD.exe: 00003FE8: 16:55:58 [TUniServerModule]:HTTP Server Started on Port: 85
WebApp_BPKAD.exe: 00000BDC: 16:56:05 [127.0.0.1]:EUniSessionException : Invalid session or session Timeout. (Session not found: 4FC5ZmHCXo1094DF100 ) : Addr: $00794C9A
WebApp_BPKAD.exe: 00003914: 16:56:06 [127.0.0.1]:EUniSessionException : Invalid session or session Timeout. (Session not found: 4FC5ZmHCXo1094DF100 ) : Addr: $00794C9A
WebApp_BPKAD.exe: 00000BDC: 16:56:07 [127.0.0.1]:EUniSessionException : Invalid session or session Timeout. (Session not found: 4FC5ZmHCXo1094DF100 ) : Addr: $00794C9A
WebApp_BPKAD.exe: 00003914: 16:56:21 [qCekBarang: Field 'kode' not found-127.0.0.1]:EDatabaseError : qCekBarang: Field 'kode' not found : Addr: $00661096
WebApp_BPKAD.exe: 00001774: 16:56:37 []:EAccessViolation : Access violation at address 0040FE30 in module 'WebApp_BPKAD.exe'. Read of address 00000008 : Addr: $0040FE30
WebApp_BPKAD.exe: 00003BDC: 16:57:38 [127.0.0.1]:EUniSessionException : Invalid session or session Timeout. (Invalid URI: /srs6/serv/urn:verificationservices ) : Addr: $00794C9A
WebApp_BPKAD.exe: 00003FE8: 16:57:40 [TUniServerModule]:Shutting Down Server.
WebApp_BPKAD.exe: 00003FE8: 16:57:40 [TUniServerModule]:Stopping HTTP Server.
WebApp_BPKAD.exe: 00003FE8: 16:57:41 [TUniServerModule]:HTTP Server Stopped.
WebApp_BPKAD.exe: 00003FE8: 16:57:41 [TUniGUISessionManager]:Terminating Session manager.
WebApp_BPKAD.exe: 00003FE8: 16:57:41 [TUniGUISessionManager]:Stopping Cache Eraser...
WebApp_BPKAD.exe: 00003FE8: 16:57:41 [TUniGUISessionManager]:Cache Eraser Stopped.
WebApp_BPKAD.exe: 00003FE8: 16:57:41 []:EAccessViolation : Access violation at address 00409A48 in module 'WebApp_BPKAD.exe'. Read of address FFFFFFFC : Addr: $00409A48
WebApp_BPKAD.exe: 00003FE8: 16:57:41 [TUniGUISessionManager]:Destroying Worker Threads.
WebApp_BPKAD.exe: 00003FE8: 16:57:41 [TUniGUISessionManager]:Session manager terminated.
WebApp_BPKAD.exe: 00003FE8: 16:57:41 [TUniServerModule]:Server Shutdown Completed.
WebApp_BPKAD.exe: 00003FE8: 16:57:41 []:<-------------------------------------------------------------->
WebApp_BPKAD.exe: 00003FE8: 16:57:41 [Terminated]:Exit Code: 0
WebApp_BPKAD.exe: 00001924: 17:00:07 []:>--------------------------------------------------------------<
WebApp_BPKAD.exe: 00001924: 17:00:07 [TUniServerModule]:Server First Init.
WebApp_BPKAD.exe: 00001924: 17:00:07 [TUniServerModule]:Starting HTTP Server on Port: 85...
WebApp_BPKAD.exe: 00001924: 17:00:08 [TUniServerModule]:HTTP Server Started on Port: 85
WebApp_BPKAD.exe: 00004300: 17:00:13 [127.0.0.1]:EUniSessionException : Invalid session or session Timeout. (Session not found: Uu25pK4Jkl1094DF262 ) : Addr: $00794C9A
WebApp_BPKAD.exe: 00004300: 17:00:13 [127.0.0.1]:EUniSessionException : Invalid session or session Timeout. (Session not found: Uu25pK4Jkl1094DF262 ) : Addr: $00794C9A
WebApp_BPKAD.exe: 00003B80: 17:00:35 [qCekBarang: Field 'kode' not found-127.0.0.1]:EDatabaseError : qCekBarang: Field 'kode' not found : Addr: $00661096
WebApp_BPKAD.exe: 00001924: 17:01:37 [TUniServerModule]:Shutting Down Server.
WebApp_BPKAD.exe: 00001924: 17:01:37 [TUniServerModule]:Stopping HTTP Server.
WebApp_BPKAD.exe: 00001924: 17:01:38 [TUniServerModule]:HTTP Server Stopped.
WebApp_BPKAD.exe: 00001924: 17:01:38 [TUniGUISessionManager]:Terminating Session manager.
WebApp_BPKAD.exe: 00001924: 17:01:38 [TUniGUISessionManager]:Stopping Cache Eraser...
WebApp_BPKAD.exe: 00001924: 17:01:38 [TUniGUISessionManager]:Cache Eraser Stopped.
WebApp_BPKAD.exe: 00001924: 17:01:39 []:EAccessViolation : Access violation at address 00409A48 in module 'WebApp_BPKAD.exe'. Read of address FFFFFFFD : Addr: $00409A48
WebApp_BPKAD.exe: 00001924: 17:01:39 [TUniGUISessionManager]:Destroying Worker Threads.
WebApp_BPKAD.exe: 00001924: 17:01:39 [TUniGUISessionManager]:Session manager terminated.
WebApp_BPKAD.exe: 00001924: 17:01:39 [TUniServerModule]:Server Shutdown Completed.
WebApp_BPKAD.exe: 00001924: 17:01:39 []:<-------------------------------------------------------------->
WebApp_BPKAD.exe: 00001924: 17:01:39 [Terminated]:Exit Code: 0
WebApp_BPKAD.exe: 00000AA0: 17:01:40 []:>--------------------------------------------------------------<
WebApp_BPKAD.exe: 00000AA0: 17:01:40 [TUniServerModule]:Server First Init.
WebApp_BPKAD.exe: 00000AA0: 17:01:40 [TUniServerModule]:Starting HTTP Server on Port: 85...
WebApp_BPKAD.exe: 00000AA0: 17:01:41 [TUniServerModule]:HTTP Server Started on Port: 85
WebApp_BPKAD.exe: 00003BCC: 17:01:44 [127.0.0.1]:EUniSessionException : Invalid session or session Timeout. (Session not found: LT5Zo1myfZ1094DF381 ) : Addr: $00794C9A
WebApp_BPKAD.exe: 00003BCC: 17:01:44 [127.0.0.1]:EUniSessionException : Invalid session or session Timeout. (Session not found: LT5Zo1myfZ1094DF381 ) : Addr: $00794C9A
WebApp_BPKAD.exe: 00000AA0: 17:04:50 [TUniServerModule]:Shutting Down Server.
WebApp_BPKAD.exe: 00000AA0: 17:04:50 [TUniServerModule]:Stopping HTTP Server.
WebApp_BPKAD.exe: 00000AA0: 17:04:51 [TUniServerModule]:HTTP Server Stopped.
WebApp_BPKAD.exe: 00000AA0: 17:04:51 [TUniGUISessionManager]:Terminating Session manager.
WebApp_BPKAD.exe: 00000AA0: 17:04:51 [TUniGUISessionManager]:Stopping Cache Eraser...
WebApp_BPKAD.exe: 00000AA0: 17:04:52 [TUniGUISessionManager]:Cache Eraser Stopped.
WebApp_BPKAD.exe: 00000AA0: 17:04:52 []:EAccessViolation : Access violation at address 00409A48 in module 'WebApp_BPKAD.exe'. Read of address FFFFFFFD : Addr: $00409A48
WebApp_BPKAD.exe: 00000AA0: 17:04:52 [TUniGUISessionManager]:Destroying Worker Threads.
WebApp_BPKAD.exe: 00000AA0: 17:04:52 [TUniGUISessionManager]:Session manager terminated.
WebApp_BPKAD.exe: 00000AA0: 17:04:52 [TUniServerModule]:Server Shutdown Completed.
WebApp_BPKAD.exe: 00000AA0: 17:04:52 []:<-------------------------------------------------------------->
WebApp_BPKAD.exe: 00000AA0: 17:04:52 [Terminated]:Exit Code: 0
WebApp_BPKAD.exe: 00001A48: 17:04:54 []:>--------------------------------------------------------------<
WebApp_BPKAD.exe: 00001A48: 17:04:54 [TUniServerModule]:Server First Init.
WebApp_BPKAD.exe: 00001A48: 17:04:54 [TUniServerModule]:Starting HTTP Server on Port: 85...
WebApp_BPKAD.exe: 00001A48: 17:04:54 [TUniServerModule]:HTTP Server Started on Port: 85
WebApp_BPKAD.exe: 00002004: 17:04:57 [127.0.0.1]:EUniSessionException : Invalid session or session Timeout. (Session not found: icfrBCRBln1094DF3EA ) : Addr: $00794C9A
WebApp_BPKAD.exe: 00002004: 17:04:57 [127.0.0.1]:EUniSessionException : Invalid session or session Timeout. (Session not found: icfrBCRBln1094DF3EA ) : Addr: $00794C9A
WebApp_BPKAD.exe: 00001A48: 17:06:46 [TUniServerModule]:Shutting Down Server.
WebApp_BPKAD.exe: 00001A48: 17:06:46 [TUniServerModule]:Stopping HTTP Server.
WebApp_BPKAD.exe: 00001A48: 17:06:47 [TUniServerModule]:HTTP Server Stopped.
WebApp_BPKAD.exe: 00001A48: 17:06:47 [TUniGUISessionManager]:Terminating Session manager.
WebApp_BPKAD.exe: 00001A48: 17:06:47 [TUniGUISessionManager]:Stopping Cache Eraser...
WebApp_BPKAD.exe: 00001A48: 17:06:47 [TUniGUISessionManager]:Cache Eraser Stopped.
WebApp_BPKAD.exe: 00001A48: 17:06:47 []:EAccessViolation : Access violation at address 00409A48 in module 'WebApp_BPKAD.exe'. Read of address FFFFFFFD : Addr: $00409A48
WebApp_BPKAD.exe: 00001A48: 17:06:47 [TUniGUISessionManager]:Destroying Worker Threads.
WebApp_BPKAD.exe: 00001A48: 17:06:48 [TUniGUISessionManager]:Session manager terminated.
WebApp_BPKAD.exe: 00001A48: 17:06:48 [TUniServerModule]:Server Shutdown Completed.
WebApp_BPKAD.exe: 00001A48: 17:06:48 []:<-------------------------------------------------------------->
WebApp_BPKAD.exe: 00001A48: 17:06:48 [Terminated]:Exit Code: 0
WebApp_BPKAD.exe: 00003CE8: 17:06:50 []:>--------------------------------------------------------------<
WebApp_BPKAD.exe: 00003CE8: 17:06:50 [TUniServerModule]:Server First Init.
WebApp_BPKAD.exe: 00003CE8: 17:06:50 [TUniServerModule]:Starting HTTP Server on Port: 85...
WebApp_BPKAD.exe: 00003CE8: 17:06:50 [TUniServerModule]:HTTP Server Started on Port: 85
WebApp_BPKAD.exe: 00002B44: 17:06:53 [127.0.0.1]:EUniSessionException : Invalid session or session Timeout. (Session not found: BOFvTrUXzN1094DF4C9 ) : Addr: $00794C9A
WebApp_BPKAD.exe: 00002B44: 17:06:53 [127.0.0.1]:EUniSessionException : Invalid session or session Timeout. (Session not found: BOFvTrUXzN1094DF4C9 ) : Addr: $00794C9A
WebApp_BPKAD.exe: 00003CE8: 17:10:15 [TUniServerModule]:Shutting Down Server.
WebApp_BPKAD.exe: 00003CE8: 17:10:15 [TUniServerModule]:Stopping HTTP Server.
WebApp_BPKAD.exe: 00003CE8: 17:10:16 [TUniServerModule]:HTTP Server Stopped.
WebApp_BPKAD.exe: 00003CE8: 17:10:16 [TUniGUISessionManager]:Terminating Session manager.
WebApp_BPKAD.exe: 00003CE8: 17:10:16 [TUniGUISessionManager]:Stopping Cache Eraser...
WebApp_BPKAD.exe: 00003CE8: 17:10:16 [TUniGUISessionManager]:Cache Eraser Stopped.
WebApp_BPKAD.exe: 00003CE8: 17:10:17 []:EAccessViolation : Access violation at address 00409A48 in module 'WebApp_BPKAD.exe'. Read of address FFFFFFFD : Addr: $00409A48
WebApp_BPKAD.exe: 00003CE8: 17:10:17 [TUniGUISessionManager]:Destroying Worker Threads.
WebApp_BPKAD.exe: 00003CE8: 17:10:17 [TUniGUISessionManager]:Session manager terminated.
WebApp_BPKAD.exe: 00003CE8: 17:10:17 [TUniServerModule]:Server Shutdown Completed.
WebApp_BPKAD.exe: 00003CE8: 17:10:17 []:<-------------------------------------------------------------->
WebApp_BPKAD.exe: 00003CE8: 17:10:17 [Terminated]:Exit Code: 0
WebApp_BPKAD.exe: 00000E98: 17:10:24 []:>--------------------------------------------------------------<
WebApp_BPKAD.exe: 00000E98: 17:10:24 [TUniServerModule]:Server First Init.
WebApp_BPKAD.exe: 00000E98: 17:10:24 [TUniServerModule]:Starting HTTP Server on Port: 85...
WebApp_BPKAD.exe: 00000E98: 17:10:25 [TUniServerModule]:HTTP Server Started on Port: 85
WebApp_BPKAD.exe: 00000F4C: 17:10:28 [127.0.0.1]:EUniSessionException : Invalid session or session Timeout. (Session not found: VasngSB1wN1094DF550 ) : Addr: $00794C9A
WebApp_BPKAD.exe: 00000F4C: 17:10:28 [127.0.0.1]:EUniSessionException : Invalid session or session Timeout. (Session not found: VasngSB1wN1094DF550 ) : Addr: $00794C9A
WebApp_BPKAD.exe: 00000E98: 17:17:59 [TUniServerModule]:Shutting Down Server.
WebApp_BPKAD.exe: 00000E98: 17:17:59 [TUniServerModule]:Stopping HTTP Server.
WebApp_BPKAD.exe: 00000E98: 17:18:00 [TUniServerModule]:HTTP Server Stopped.
WebApp_BPKAD.exe: 00000E98: 17:18:00 [TUniGUISessionManager]:Terminating Session manager.
WebApp_BPKAD.exe: 00000E98: 17:18:00 [TUniGUISessionManager]:Stopping Cache Eraser...
WebApp_BPKAD.exe: 00000E98: 17:18:00 [TUniGUISessionManager]:Cache Eraser Stopped.
WebApp_BPKAD.exe: 00000E98: 17:18:01 []:EAccessViolation : Access violation at address 00409A48 in module 'WebApp_BPKAD.exe'. Read of address FFFFFFFD : Addr: $00409A48
WebApp_BPKAD.exe: 00000E98: 17:18:01 [TUniGUISessionManager]:Destroying Worker Threads.
WebApp_BPKAD.exe: 00000E98: 17:18:01 [TUniGUISessionManager]:Session manager terminated.
WebApp_BPKAD.exe: 00000E98: 17:18:01 [TUniServerModule]:Server Shutdown Completed.
WebApp_BPKAD.exe: 00000E98: 17:18:01 []:<-------------------------------------------------------------->
WebApp_BPKAD.exe: 00000E98: 17:18:01 [Terminated]:Exit Code: 0
WebApp_BPKAD.exe: 00002EA4: 17:18:29 []:>--------------------------------------------------------------<
WebApp_BPKAD.exe: 00002EA4: 17:18:29 [TUniServerModule]:Server First Init.
WebApp_BPKAD.exe: 00002EA4: 17:18:29 [TUniServerModule]:Starting HTTP Server on Port: 85...
WebApp_BPKAD.exe: 00002EA4: 17:18:29 [TUniServerModule]:HTTP Server Started on Port: 85
WebApp_BPKAD.exe: 00002F30: 17:18:32 [127.0.0.1]:EUniSessionException : Invalid session or session Timeout. (Session not found: JlpbamkqaY1094DF649 ) : Addr: $00794C9A
WebApp_BPKAD.exe: 00002F30: 17:18:32 [127.0.0.1]:EUniSessionException : Invalid session or session Timeout. (Session not found: JlpbamkqaY1094DF649 ) : Addr: $00794C9A
WebApp_BPKAD.exe: 00002F30: 17:20:24 [127.0.0.1]:EDatabaseError : Field 'kode_ssh' must have a value : Addr: $006610AB
WebApp_BPKAD.exe: 00003830: 17:20:38 [127.0.0.1]:EDatabaseError : Field 'kode_ssh' must have a value : Addr: $006610AB
WebApp_BPKAD.exe: 00002EA4: 17:25:39 [TUniServerModule]:Shutting Down Server.
WebApp_BPKAD.exe: 00002EA4: 17:25:39 [TUniServerModule]:Stopping HTTP Server.
WebApp_BPKAD.exe: 00002EA4: 17:25:40 [TUniServerModule]:HTTP Server Stopped.
WebApp_BPKAD.exe: 00002EA4: 17:25:41 [TUniGUISessionManager]:Terminating Session manager.
WebApp_BPKAD.exe: 00002EA4: 17:25:41 [TUniGUISessionManager]:Stopping Cache Eraser...
WebApp_BPKAD.exe: 00002EA4: 17:25:41 [TUniGUISessionManager]:Cache Eraser Stopped.
WebApp_BPKAD.exe: 00002EA4: 17:25:41 []:EAccessViolation : Access violation at address 00409A48 in module 'WebApp_BPKAD.exe'. Read of address FFFFFFFD : Addr: $00409A48
WebApp_BPKAD.exe: 00002EA4: 17:25:41 [TUniGUISessionManager]:Destroying Worker Threads.
WebApp_BPKAD.exe: 00002EA4: 17:25:41 [TUniGUISessionManager]:Session manager terminated.
WebApp_BPKAD.exe: 00002EA4: 17:25:41 [TUniServerModule]:Server Shutdown Completed.
WebApp_BPKAD.exe: 00002EA4: 17:25:41 []:<-------------------------------------------------------------->
WebApp_BPKAD.exe: 00002EA4: 17:25:41 [Terminated]:Exit Code: 0
WebApp_BPKAD.exe: 00000870: 17:25:42 []:>--------------------------------------------------------------<
WebApp_BPKAD.exe: 00000870: 17:25:42 [TUniServerModule]:Server First Init.
WebApp_BPKAD.exe: 00000870: 17:25:42 [TUniServerModule]:Starting HTTP Server on Port: 85...
WebApp_BPKAD.exe: 00000870: 17:25:43 [TUniServerModule]:HTTP Server Started on Port: 85
WebApp_BPKAD.exe: 00004040: 17:25:46 [127.0.0.1]:EUniSessionException : Invalid session or session Timeout. (Session not found: BFQiiyKKAK1094DF879 ) : Addr: $00794C9A
WebApp_BPKAD.exe: 00004040: 17:25:47 [127.0.0.1]:EUniSessionException : Invalid session or session Timeout. (Session not found: BFQiiyKKAK1094DF879 ) : Addr: $00794C9A
WebApp_BPKAD.exe: 00003658: 17:26:25 [127.0.0.1]:EDatabaseError : Field 'pemohon' must have a value : Addr: $006610AB
WebApp_BPKAD.exe: 00000870: 17:26:48 [TUniServerModule]:Shutting Down Server.
WebApp_BPKAD.exe: 00000870: 17:26:48 [TUniServerModule]:Stopping HTTP Server.
WebApp_BPKAD.exe: 00000870: 17:26:49 [TUniServerModule]:HTTP Server Stopped.
WebApp_BPKAD.exe: 00000870: 17:26:49 [TUniGUISessionManager]:Terminating Session manager.
WebApp_BPKAD.exe: 00000870: 17:26:49 [TUniGUISessionManager]:Stopping Cache Eraser...
WebApp_BPKAD.exe: 00000870: 17:26:49 [TUniGUISessionManager]:Cache Eraser Stopped.
WebApp_BPKAD.exe: 00000870: 17:26:49 []:EAccessViolation : Access violation at address 00409A48 in module 'WebApp_BPKAD.exe'. Read of address FFFFFFFD : Addr: $00409A48
WebApp_BPKAD.exe: 00000870: 17:26:49 [TUniGUISessionManager]:Destroying Worker Threads.
WebApp_BPKAD.exe: 00000870: 17:26:49 [TUniGUISessionManager]:Session manager terminated.
WebApp_BPKAD.exe: 00000870: 17:26:49 [TUniServerModule]:Server Shutdown Completed.
WebApp_BPKAD.exe: 00000870: 17:26:49 []:<-------------------------------------------------------------->
WebApp_BPKAD.exe: 00000870: 17:26:49 [Terminated]:Exit Code: 0
