WebApp_BPKAD.exe: 00001C44: 10:12:50 []:>--------------------------------------------------------------<
WebApp_BPKAD.exe: 00001C44: 10:12:50 [TUniServerModule]:Server First Init.
WebApp_BPKAD.exe: 00001C44: 10:12:50 [TUniServerModule]:Starting HTTP Server on Port: 85...
WebApp_BPKAD.exe: 00001C44: 10:12:50 [TUniServerModule]:HTTP Server Started on Port: 85
WebApp_BPKAD.exe: 00001418: 10:13:10 []:EInvalidPointer : Invalid pointer operation : Addr: $00409DA9
WebApp_BPKAD.exe: 00002144: 10:13:21 [Indy]:EIdOSSLUnderlyingCryptoError : Error accepting connection with SSL.
error:14094416:SSL routines:ssl3_read_bytes:sslv3 alert certificate unknown : Addr: $007BF76B
WebApp_BPKAD.exe: 00001750: 10:13:21 [Indy]:EIdOSSLUnderlyingCryptoError : Error accepting connection with SSL.
error:14094416:SSL routines:ssl3_read_bytes:sslv3 alert certificate unknown : Addr: $007BF76B
WebApp_BPKAD.exe: 000012C4: 10:13:21 [Indy]:EIdOSSLUnderlyingCryptoError : Error accepting connection with SSL.
error:14094416:SSL routines:ssl3_read_bytes:sslv3 alert certificate unknown : Addr: $007BF76B
WebApp_BPKAD.exe: 0000011C: 10:13:24 [Indy]:EIdOSSLUnderlyingCryptoError : Error accepting connection with SSL.
error:14094416:SSL routines:ssl3_read_bytes:sslv3 alert certificate unknown : Addr: $007BF76B
WebApp_BPKAD.exe: 00001AE4: 10:13:24 [Indy]:EIdOSSLUnderlyingCryptoError : Error accepting connection with SSL.
error:14094416:SSL routines:ssl3_read_bytes:sslv3 alert certificate unknown : Addr: $007BF76B
WebApp_BPKAD.exe: 0000036C: 10:13:25 [Indy]:EIdOSSLUnderlyingCryptoError : Error accepting connection with SSL.
error:14094416:SSL routines:ssl3_read_bytes:sslv3 alert certificate unknown : Addr: $007BF76B
WebApp_BPKAD.exe: 00001418: 10:13:25 []:EInvalidPointer : Invalid pointer operation : Addr: $00409DA9
WebApp_BPKAD.exe: 00000FE0: 10:13:25 [Indy]:EIdOSSLUnderlyingCryptoError : Error accepting connection with SSL.
error:14094416:SSL routines:ssl3_read_bytes:sslv3 alert certificate unknown : Addr: $007BF76B
WebApp_BPKAD.exe: 00002A94: 10:13:25 [Indy]:EIdOSSLUnderlyingCryptoError : Error accepting connection with SSL.
error:14094416:SSL routines:ssl3_read_bytes:sslv3 alert certificate unknown : Addr: $007BF76B
WebApp_BPKAD.exe: 00002928: 10:13:25 [Indy]:EIdOSSLUnderlyingCryptoError : Error accepting connection with SSL.
error:14094416:SSL routines:ssl3_read_bytes:sslv3 alert certificate unknown : Addr: $007BF76B
WebApp_BPKAD.exe: 00001574: 10:13:25 [Indy]:EIdOSSLUnderlyingCryptoError : Error accepting connection with SSL.
error:14094416:SSL routines:ssl3_read_bytes:sslv3 alert certificate unknown : Addr: $007BF76B
WebApp_BPKAD.exe: 00002A2C: 10:13:59 [127.0.0.1]:EUniSessionException : Invalid session or session Timeout. (Invalid URI: /srs6/serv/urn:publicsanctservices ) : Addr: $007DFFFE
WebApp_BPKAD.exe: 00001418: 10:14:20 []:EInvalidPointer : Invalid pointer operation : Addr: $00409DA9
WebApp_BPKAD.exe: 00001C44: 10:21:08 [TUniServerModule]:Shutting Down Server.
WebApp_BPKAD.exe: 00001C44: 10:21:08 [TUniServerModule]:Stopping HTTP Server.
WebApp_BPKAD.exe: 00001C44: 10:21:09 [TUniServerModule]:HTTP Server Stopped.
WebApp_BPKAD.exe: 00001C44: 10:21:09 [TUniGUISessionManager]:Terminating Session manager.
WebApp_BPKAD.exe: 00001C44: 10:21:09 [TUniGUISessionManager]:Stopping Cache Eraser...
WebApp_BPKAD.exe: 00001C44: 10:21:09 [TUniGUISessionManager]:Cache Eraser Stopped.
WebApp_BPKAD.exe: 00001C44: 10:21:09 [TUniGUISessionManager]:Destroying Worker Threads.
WebApp_BPKAD.exe: 00001C44: 10:21:09 [TUniGUISessionManager]:Session manager terminated.
WebApp_BPKAD.exe: 00001C44: 10:21:09 [TUniServerModule]:Server Shutdown Completed.
WebApp_BPKAD.exe: 00001C44: 10:21:09 []:<-------------------------------------------------------------->
WebApp_BPKAD.exe: 00001C44: 10:21:09 [Terminated]:Exit Code: 0
WebApp_BPKAD.exe: 000009D0: 11:24:13 []:>--------------------------------------------------------------<
WebApp_BPKAD.exe: 000009D0: 11:24:13 [TUniServerModule]:Server First Init.
WebApp_BPKAD.exe: 000009D0: 11:24:13 [TUniServerModule]:Starting HTTP Server on Port: 85...
WebApp_BPKAD.exe: 000009D0: 11:24:14 [TUniServerModule]:HTTP Server Started on Port: 85
WebApp_BPKAD.exe: 000009D0: 11:24:42 [TUniServerModule]:Shutting Down Server.
WebApp_BPKAD.exe: 000009D0: 11:24:42 [TUniServerModule]:Stopping HTTP Server.
WebApp_BPKAD.exe: 000009D0: 11:24:43 [TUniServerModule]:HTTP Server Stopped.
WebApp_BPKAD.exe: 000009D0: 11:24:43 [TUniGUISessionManager]:Terminating Session manager.
WebApp_BPKAD.exe: 000009D0: 11:24:43 [TUniGUISessionManager]:Stopping Cache Eraser...
WebApp_BPKAD.exe: 000009D0: 11:24:43 [TUniGUISessionManager]:Cache Eraser Stopped.
WebApp_BPKAD.exe: 000009D0: 11:24:43 []:EInvalidPointer : Invalid pointer operation : Addr: $00409DA9
WebApp_BPKAD.exe: 000009D0: 11:24:43 [TUniGUISessionManager]:Destroying Worker Threads.
WebApp_BPKAD.exe: 000009D0: 11:24:43 [TUniGUISessionManager]:Session manager terminated.
WebApp_BPKAD.exe: 000009D0: 11:24:43 [TUniServerModule]:Server Shutdown Completed.
WebApp_BPKAD.exe: 000009D0: 11:24:43 []:<-------------------------------------------------------------->
WebApp_BPKAD.exe: 000009D0: 11:24:43 [Terminated]:Exit Code: 0
WebApp_BPKAD.exe: 00001D90: 11:28:03 []:>--------------------------------------------------------------<
WebApp_BPKAD.exe: 00001D90: 11:28:03 [TUniServerModule]:Server First Init.
WebApp_BPKAD.exe: 00001D90: 11:28:03 [TUniServerModule]:Starting HTTP Server on Port: 85...
WebApp_BPKAD.exe: 00001D90: 11:28:04 [TUniServerModule]:HTTP Server Started on Port: 85
WebApp_BPKAD.exe: 00001884: 11:28:07 [127.0.0.1]:EUniSessionException : Invalid session or session Timeout. (Session not found: LkBaLYfWA3108CD6BE8 ) : Addr: $007DFFFE
WebApp_BPKAD.exe: 00001D90: 11:28:24 [TUniServerModule]:Shutting Down Server.
WebApp_BPKAD.exe: 00001D90: 11:28:24 [TUniServerModule]:Stopping HTTP Server.
WebApp_BPKAD.exe: 00001D90: 11:28:25 [TUniServerModule]:HTTP Server Stopped.
WebApp_BPKAD.exe: 00001D90: 11:28:25 [TUniGUISessionManager]:Terminating Session manager.
WebApp_BPKAD.exe: 00001D90: 11:28:25 [TUniGUISessionManager]:Stopping Cache Eraser...
WebApp_BPKAD.exe: 00001D90: 11:28:25 [TUniGUISessionManager]:Cache Eraser Stopped.
WebApp_BPKAD.exe: 00001D90: 11:28:25 []:EInvalidPointer : Invalid pointer operation : Addr: $00409DA9
WebApp_BPKAD.exe: 00001D90: 11:28:25 []:EInvalidPointer : Invalid pointer operation : Addr: $00409DA9
WebApp_BPKAD.exe: 00001D90: 11:28:25 [TUniGUISessionManager]:Destroying Worker Threads.
WebApp_BPKAD.exe: 00001D90: 11:28:25 [TUniGUISessionManager]:Session manager terminated.
WebApp_BPKAD.exe: 00001D90: 11:28:25 [TUniServerModule]:Server Shutdown Completed.
WebApp_BPKAD.exe: 00001D90: 11:28:25 []:<-------------------------------------------------------------->
WebApp_BPKAD.exe: 00001D90: 11:28:25 [Terminated]:Exit Code: 0
