WebApp_BPKAD.exe: 00001FA4: 11:58:59 []:>--------------------------------------------------------------<
WebApp_BPKAD.exe: 00001FA4: 11:58:59 [TUniServerModule]:Server First Init.
WebApp_BPKAD.exe: 00001FA4: 11:58:59 [TUniServerModule]:Starting HTTP Server on Port: 85...
WebApp_BPKAD.exe: 00001FA4: 11:59:00 [TUniServerModule]:HTTP Server Started on Port: 85
WebApp_BPKAD.exe: 000034D8: 11:59:24 [127.0.0.1]:EMSSQLNativeException : [FireDAC][Phys][ODBC][Microsoft][SQL Server Native Client 11.0]Named Pipes Provider: Could not open a connection to SQL Server [2].  : Addr: $0086E2CE
WebApp_BPKAD.exe: 000034D8: 11:59:26 [127.0.0.1]:EMSSQLNativeException : [FireDAC][Phys][ODBC][Microsoft][SQL Server Native Client 11.0][SQL Server]Login failed for user 'bpkad_hst'. : Addr: $008CE4AD
WebApp_BPKAD.exe: 00004300: 11:59:39 []:EAccessViolation : Access violation at address 00409A48 in module 'WebApp_BPKAD.exe'. Read of address FFFFFFFD : Addr: $00409A48
WebApp_BPKAD.exe: 00002310: 12:00:51 [qPembelian: Dataset not in edit or insert mode-127.0.0.1]:EDatabaseError : qPembelian: Dataset not in edit or insert mode : Addr: $00660F4A
WebApp_BPKAD.exe: 00002310: 12:01:00 [qPembelian: Dataset not in edit or insert mode-127.0.0.1]:EDatabaseError : qPembelian: Dataset not in edit or insert mode : Addr: $00660F4A
WebApp_BPKAD.exe: 00001FA4: 12:04:47 [TUniServerModule]:Shutting Down Server.
WebApp_BPKAD.exe: 00001FA4: 12:04:47 [TUniServerModule]:Stopping HTTP Server.
WebApp_BPKAD.exe: 00001FA4: 12:04:49 [TUniServerModule]:HTTP Server Stopped.
WebApp_BPKAD.exe: 00001FA4: 12:04:49 [TUniGUISessionManager]:Terminating Session manager.
WebApp_BPKAD.exe: 00001FA4: 12:04:49 [TUniGUISessionManager]:Stopping Cache Eraser...
WebApp_BPKAD.exe: 00001FA4: 12:04:49 [TUniGUISessionManager]:Cache Eraser Stopped.
WebApp_BPKAD.exe: 00001FA4: 12:04:49 []:EAccessViolation : Access violation at address 80000000. Read of address 80000000 : Addr: $80000000
WebApp_BPKAD.exe: 00001FA4: 12:04:49 [TUniGUISessionManager]:Destroying Worker Threads.
WebApp_BPKAD.exe: 00001FA4: 12:04:49 [TUniGUISessionManager]:Session manager terminated.
WebApp_BPKAD.exe: 00001FA4: 12:04:49 [TUniServerModule]:Server Shutdown Completed.
WebApp_BPKAD.exe: 00001FA4: 12:04:49 []:<-------------------------------------------------------------->
WebApp_BPKAD.exe: 00001FA4: 12:04:49 [Terminated]:Exit Code: 0
WebApp_BPKAD.exe: 00002534: 12:04:53 []:>--------------------------------------------------------------<
WebApp_BPKAD.exe: 00002534: 12:04:53 [TUniServerModule]:Server First Init.
WebApp_BPKAD.exe: 00002534: 12:04:53 [TUniServerModule]:Starting HTTP Server on Port: 85...
WebApp_BPKAD.exe: 00002534: 12:04:54 [TUniServerModule]:HTTP Server Started on Port: 85
WebApp_BPKAD.exe: 000020B8: 12:04:57 [127.0.0.1]:EUniSessionException : Invalid session or session Timeout. (Session not found: 1ZLbgM7tBY10999ED33 ) : Addr: $00794B4E
WebApp_BPKAD.exe: 000020B8: 12:04:57 [127.0.0.1]:EUniSessionException : Invalid session or session Timeout. (Session not found: 1ZLbgM7tBY10999ED33 ) : Addr: $00794B4E
WebApp_BPKAD.exe: 00002534: 12:11:31 [TUniServerModule]:Shutting Down Server.
WebApp_BPKAD.exe: 00002534: 12:11:31 [TUniServerModule]:Stopping HTTP Server.
WebApp_BPKAD.exe: 00002534: 12:11:32 [TUniServerModule]:HTTP Server Stopped.
WebApp_BPKAD.exe: 00002534: 12:11:32 [TUniGUISessionManager]:Terminating Session manager.
WebApp_BPKAD.exe: 00002534: 12:11:32 [TUniGUISessionManager]:Stopping Cache Eraser...
WebApp_BPKAD.exe: 00002534: 12:11:32 [TUniGUISessionManager]:Cache Eraser Stopped.
WebApp_BPKAD.exe: 00002534: 12:11:32 []:EAccessViolation : Access violation at address 00409A48 in module 'WebApp_BPKAD.exe'. Read of address FFFFFFFD : Addr: $00409A48
WebApp_BPKAD.exe: 00002534: 12:11:32 [TUniGUISessionManager]:Destroying Worker Threads.
WebApp_BPKAD.exe: 00002534: 12:11:32 [TUniGUISessionManager]:Session manager terminated.
WebApp_BPKAD.exe: 00002534: 12:11:32 [TUniServerModule]:Server Shutdown Completed.
WebApp_BPKAD.exe: 00002534: 12:11:32 []:<-------------------------------------------------------------->
WebApp_BPKAD.exe: 00002534: 12:11:32 [Terminated]:Exit Code: 0
WebApp_BPKAD.exe: 000024FC: 12:12:24 []:>--------------------------------------------------------------<
WebApp_BPKAD.exe: 000024FC: 12:12:24 [TUniServerModule]:Server First Init.
WebApp_BPKAD.exe: 000024FC: 12:12:24 [TUniServerModule]:Starting HTTP Server on Port: 85...
WebApp_BPKAD.exe: 000024FC: 12:12:25 [TUniServerModule]:HTTP Server Started on Port: 85
WebApp_BPKAD.exe: 00001330: 12:12:27 [127.0.0.1]:EUniSessionException : Invalid session or session Timeout. (Session not found: kzJCL35TJd10999EEA8 ) : Addr: $00794B4E
WebApp_BPKAD.exe: 00001330: 12:12:27 [127.0.0.1]:EUniSessionException : Invalid session or session Timeout. (Session not found: kzJCL35TJd10999EEA8 ) : Addr: $00794B4E
WebApp_BPKAD.exe: 000024FC: 12:12:31 [TUniServerModule]:Shutting Down Server.
WebApp_BPKAD.exe: 000024FC: 12:12:31 [TUniServerModule]:Stopping HTTP Server.
WebApp_BPKAD.exe: 000024FC: 12:12:32 [TUniServerModule]:HTTP Server Stopped.
WebApp_BPKAD.exe: 000024FC: 12:12:32 [TUniGUISessionManager]:Terminating Session manager.
WebApp_BPKAD.exe: 000024FC: 12:12:32 [TUniGUISessionManager]:Stopping Cache Eraser...
WebApp_BPKAD.exe: 000024FC: 12:12:32 [TUniGUISessionManager]:Cache Eraser Stopped.
WebApp_BPKAD.exe: 000024FC: 12:12:32 []:EAccessViolation : Access violation at address 00409A48 in module 'WebApp_BPKAD.exe'. Read of address FFFFFFFD : Addr: $00409A48
WebApp_BPKAD.exe: 000024FC: 12:12:32 [TUniGUISessionManager]:Destroying Worker Threads.
WebApp_BPKAD.exe: 000024FC: 12:12:32 [TUniGUISessionManager]:Session manager terminated.
WebApp_BPKAD.exe: 000024FC: 12:12:32 [TUniServerModule]:Server Shutdown Completed.
WebApp_BPKAD.exe: 000024FC: 12:12:32 []:<-------------------------------------------------------------->
WebApp_BPKAD.exe: 000024FC: 12:12:32 [Terminated]:Exit Code: 0
WebApp_BPKAD.exe: 00002CB0: 12:23:09 []:>--------------------------------------------------------------<
WebApp_BPKAD.exe: 00002CB0: 12:23:09 [TUniServerModule]:Server First Init.
WebApp_BPKAD.exe: 00002CB0: 12:23:09 [TUniServerModule]:Starting HTTP Server on Port: 85...
WebApp_BPKAD.exe: 00002CB0: 12:23:09 [TUniServerModule]:HTTP Server Started on Port: 85
WebApp_BPKAD.exe: 00004390: 12:23:36 [127.0.0.1]:EUniSessionException : Invalid session or session Timeout. (Session not found: t6dfOMWLUT10999F0B2 ) : Addr: $00794B4E
WebApp_BPKAD.exe: 0000122C: 12:43:31 []:EAccessViolation : Access violation at address 00409A48 in module 'WebApp_BPKAD.exe'. Read of address FFFFFFFD : Addr: $00409A48
WebApp_BPKAD.exe: 00003FD8: 12:56:44 [127.0.0.1]:EUniSessionException : Invalid session or session Timeout. (Invalid URI: /srs6/serv/urn:publicsanctservices ) : Addr: $00794B4E
WebApp_BPKAD.exe: 00002CB0: 15:41:19 [TUniServerModule]:Shutting Down Server.
WebApp_BPKAD.exe: 00002CB0: 15:41:19 [TUniServerModule]:Stopping HTTP Server.
WebApp_BPKAD.exe: 00002CB0: 15:41:19 [TUniServerModule]:HTTP Server Stopped.
WebApp_BPKAD.exe: 00002CB0: 15:41:19 [TUniGUISessionManager]:Terminating Session manager.
WebApp_BPKAD.exe: 00002CB0: 15:41:19 [TUniGUISessionManager]:Stopping Cache Eraser...
WebApp_BPKAD.exe: 00002CB0: 15:41:19 [TUniGUISessionManager]:Cache Eraser Stopped.
WebApp_BPKAD.exe: 00002CB0: 15:41:19 [TUniGUISessionManager]:Destroying Worker Threads.
WebApp_BPKAD.exe: 00002CB0: 15:41:19 [TUniGUISessionManager]:Session manager terminated.
WebApp_BPKAD.exe: 00002CB0: 15:41:19 [TUniServerModule]:Server Shutdown Completed.
WebApp_BPKAD.exe: 00002CB0: 15:41:19 []:<-------------------------------------------------------------->
WebApp_BPKAD.exe: 00002CB0: 15:41:19 [Terminated]:Exit Code: 0
