WebApp_BPKAD.exe: 00003F3C: 11:21:54 []:>--------------------------------------------------------------<
WebApp_BPKAD.exe: 00003F3C: 11:21:54 [TUniServerModule]:Server First Init.
WebApp_BPKAD.exe: 00003F3C: 11:21:54 [TUniServerModule]:Global Cache Folder Erased. <37> Files deleted.
WebApp_BPKAD.exe: 00003F3C: 11:21:54 [TUniServerModule]:Starting HTTP Server on Port: 85...
WebApp_BPKAD.exe: 00003F3C: 11:21:54 [TUniServerModule]:HTTP Server Started on Port: 85
WebApp_BPKAD.exe: 00003F3C: 11:25:03 [TUniServerModule]:Shutting Down Server.
WebApp_BPKAD.exe: 00003F3C: 11:25:03 [TUniServerModule]:Stopping HTTP Server.
WebApp_BPKAD.exe: 00003F3C: 11:25:04 [TUniServerModule]:HTTP Server Stopped.
WebApp_BPKAD.exe: 00003F3C: 11:25:04 [TUniGUISessionManager]:Terminating Session manager.
WebApp_BPKAD.exe: 00003F3C: 11:25:04 [TUniGUISessionManager]:Stopping Cache Eraser...
WebApp_BPKAD.exe: 00003F3C: 11:25:04 [TUniGUISessionManager]:Cache Eraser Stopped.
WebApp_BPKAD.exe: 00003F3C: 11:25:04 []:EAccessViolation : Access violation at address 00409A48 in module 'WebApp_BPKAD.exe'. Read of address FFFFFFFD : Addr: $00409A48
WebApp_BPKAD.exe: 00003F3C: 11:25:04 [TUniGUISessionManager]:Destroying Worker Threads.
WebApp_BPKAD.exe: 00003F3C: 11:25:04 [TUniGUISessionManager]:Session manager terminated.
WebApp_BPKAD.exe: 00003F3C: 11:25:04 [TUniServerModule]:Server Shutdown Completed.
WebApp_BPKAD.exe: 00003F3C: 11:25:04 []:<-------------------------------------------------------------->
WebApp_BPKAD.exe: 00003F3C: 11:25:04 [Terminated]:Exit Code: 0
WebApp_BPKAD.exe: 00000BBC: 11:40:09 []:>--------------------------------------------------------------<
WebApp_BPKAD.exe: 00000BBC: 11:40:09 [TUniServerModule]:Server First Init.
WebApp_BPKAD.exe: 00000BBC: 11:40:09 [TUniServerModule]:Starting HTTP Server on Port: 85...
WebApp_BPKAD.exe: 00000BBC: 11:40:10 [TUniServerModule]:HTTP Server Started on Port: 85
WebApp_BPKAD.exe: 000024E0: 11:40:13 [127.0.0.1]:EUniSessionException : Invalid session or session Timeout. (Session not found: pdqvREuPSC109AF3FC4 ) : Addr: $00794C9A
WebApp_BPKAD.exe: 000024E0: 11:40:13 [127.0.0.1]:EUniSessionException : Invalid session or session Timeout. (Session not found: pdqvREuPSC109AF3FC4 ) : Addr: $00794C9A
WebApp_BPKAD.exe: 00002340: 11:51:05 []:EAccessViolation : Access violation at address 00409A48 in module 'WebApp_BPKAD.exe'. Read of address FFFFFFFD : Addr: $00409A48
WebApp_BPKAD.exe: 00001100: 12:16:21 [127.0.0.1]:EUniSessionException : Invalid session or session Timeout. (Session not found: jvyIWoqeJP109AF44B3 ) : Addr: $00794C9A
WebApp_BPKAD.exe: 00001100: 12:16:21 [127.0.0.1]:EUniSessionException : Invalid session or session Timeout. (Session not found: jvyIWoqeJP109AF44B3 ) : Addr: $00794C9A
WebApp_BPKAD.exe: 000042A8: 12:26:43 [[FireDAC][Phys][ODBC][Microsoft][SQL Server Native Client 11.0][SQL Server]Conversion failed when converting the varchar value 'SEM' to data type int.-127.0.0.1]:EMSSQLNativeException : [FireDAC][Phys][ODBC][Microsoft][SQL Server Native Client 11.0][SQL Server]Conversion failed when converting the varchar value 'SEM' to data type int. : Addr: $008CE5F9
WebApp_BPKAD.exe: 00002340: 12:37:14 []:EAccessViolation : Access violation at address 5800409E in module 'WebApp_BPKAD.exe'. Read of address 5800409E : Addr: $5800409E
WebApp_BPKAD.exe: 00004294: 12:40:41 [127.0.0.1]:EUniSessionException : Invalid session or session Timeout. (Session not found: wBxXvKkPfB109AF4E80 ) : Addr: $00794C9A
WebApp_BPKAD.exe: 00004294: 12:40:41 [127.0.0.1]:EUniSessionException : Invalid session or session Timeout. (Session not found: wBxXvKkPfB109AF4E80 ) : Addr: $00794C9A
WebApp_BPKAD.exe: 00000E90: 12:42:53 [[FireDAC][Phys][ODBC][Microsoft][SQL Server Native Client 11.0][SQL Server]Conversion failed when converting the varchar value 'SEM' to data type int.-127.0.0.1]:EMSSQLNativeException : [FireDAC][Phys][ODBC][Microsoft][SQL Server Native Client 11.0][SQL Server]Conversion failed when converting the varchar value 'SEM' to data type int. : Addr: $008CE5F9
WebApp_BPKAD.exe: 00003E08: 12:43:47 [[FireDAC][Phys][ODBC][Microsoft][SQL Server Native Client 11.0][SQL Server]Conversion failed when converting the varchar value 'SEM' to data type int.-127.0.0.1]:EMSSQLNativeException : [FireDAC][Phys][ODBC][Microsoft][SQL Server Native Client 11.0][SQL Server]Conversion failed when converting the varchar value 'SEM' to data type int. : Addr: $008CE5F9
WebApp_BPKAD.exe: 00003114: 12:44:56 [127.0.0.1]:EDatabaseError : Field 'kode_ssh' must have a value : Addr: $006610AB
WebApp_BPKAD.exe: 00003114: 12:44:58 [127.0.0.1]:EDatabaseError : Field 'kode_ssh' must have a value : Addr: $006610AB
WebApp_BPKAD.exe: 00003114: 12:45:01 [127.0.0.1]:EDatabaseError : Field 'kode_ssh' must have a value : Addr: $006610AB
WebApp_BPKAD.exe: 00002404: 12:51:28 [[FireDAC][Phys][ODBC][Microsoft][SQL Server Native Client 11.0][SQL Server]Conversion failed when converting the varchar value 'SEM' to data type int.-127.0.0.1]:EMSSQLNativeException : [FireDAC][Phys][ODBC][Microsoft][SQL Server Native Client 11.0][SQL Server]Conversion failed when converting the varchar value 'SEM' to data type int. : Addr: $008CE5F9
WebApp_BPKAD.exe: 00001ED4: 12:52:10 [[FireDAC][Phys][ODBC][Microsoft][SQL Server Native Client 11.0][SQL Server]Conversion failed when converting the varchar value 'SEM' to data type int.-127.0.0.1]:EMSSQLNativeException : [FireDAC][Phys][ODBC][Microsoft][SQL Server Native Client 11.0][SQL Server]Conversion failed when converting the varchar value 'SEM' to data type int. : Addr: $008CE5F9
WebApp_BPKAD.exe: 00002340: 13:03:47 []:EAccessViolation : Access violation at address 5800409E in module 'WebApp_BPKAD.exe'. Read of address 5800409E : Addr: $5800409E
WebApp_BPKAD.exe: 000032A8: 13:32:05 [127.0.0.1]:EUniSessionException : Invalid session or session Timeout. (Invalid URI: /srs6/serv/urn:verificationservices ) : Addr: $00794C9A
WebApp_BPKAD.exe: 00000BBC: 15:33:37 [TUniServerModule]:Shutting Down Server.
WebApp_BPKAD.exe: 00000BBC: 15:33:37 [TUniServerModule]:Stopping HTTP Server.
WebApp_BPKAD.exe: 00000BBC: 15:33:37 [TUniServerModule]:HTTP Server Stopped.
WebApp_BPKAD.exe: 00000BBC: 15:33:37 [TUniGUISessionManager]:Terminating Session manager.
WebApp_BPKAD.exe: 00000BBC: 15:33:37 [TUniGUISessionManager]:Stopping Cache Eraser...
WebApp_BPKAD.exe: 00000BBC: 15:33:37 [TUniGUISessionManager]:Cache Eraser Stopped.
WebApp_BPKAD.exe: 00000BBC: 15:33:37 [TUniGUISessionManager]:Destroying Worker Threads.
WebApp_BPKAD.exe: 00000BBC: 15:33:37 [TUniGUISessionManager]:Session manager terminated.
WebApp_BPKAD.exe: 00000BBC: 15:33:37 [TUniServerModule]:Server Shutdown Completed.
WebApp_BPKAD.exe: 00000BBC: 15:33:37 []:<-------------------------------------------------------------->
WebApp_BPKAD.exe: 00000BBC: 15:33:37 [Terminated]:Exit Code: 0
WebApp_BPKAD.exe: 000039B0: 15:34:30 []:>--------------------------------------------------------------<
WebApp_BPKAD.exe: 000039B0: 15:34:30 [TUniServerModule]:Server First Init.
WebApp_BPKAD.exe: 000039B0: 15:34:30 [TUniServerModule]:Starting HTTP Server on Port: 85...
WebApp_BPKAD.exe: 000039B0: 15:34:30 [TUniServerModule]:HTTP Server Started on Port: 85
WebApp_BPKAD.exe: 00004108: 15:34:41 [127.0.0.1]:EUniSessionException : Invalid session or session Timeout. (Session not found: EsdIrZcdVk109AF551A ) : Addr: $00794C9A
WebApp_BPKAD.exe: 00004108: 15:34:41 [127.0.0.1]:EUniSessionException : Invalid session or session Timeout. (Session not found: EsdIrZcdVk109AF551A ) : Addr: $00794C9A
WebApp_BPKAD.exe: 000039B0: 15:45:01 [TUniServerModule]:Shutting Down Server.
WebApp_BPKAD.exe: 000039B0: 15:45:01 [TUniServerModule]:Stopping HTTP Server.
WebApp_BPKAD.exe: 000039B0: 15:45:02 [TUniServerModule]:HTTP Server Stopped.
WebApp_BPKAD.exe: 000039B0: 15:45:02 [TUniGUISessionManager]:Terminating Session manager.
WebApp_BPKAD.exe: 000039B0: 15:45:02 [TUniGUISessionManager]:Stopping Cache Eraser...
WebApp_BPKAD.exe: 000039B0: 15:45:02 [TUniGUISessionManager]:Cache Eraser Stopped.
WebApp_BPKAD.exe: 000039B0: 15:45:03 []:EAccessViolation : Access violation at address 00409A48 in module 'WebApp_BPKAD.exe'. Read of address FFFFFFFD : Addr: $00409A48
WebApp_BPKAD.exe: 000039B0: 15:45:03 [TUniGUISessionManager]:Destroying Worker Threads.
WebApp_BPKAD.exe: 000039B0: 15:45:03 [TUniGUISessionManager]:Session manager terminated.
WebApp_BPKAD.exe: 000039B0: 15:45:03 [TUniServerModule]:Server Shutdown Completed.
WebApp_BPKAD.exe: 000039B0: 15:45:03 []:<-------------------------------------------------------------->
WebApp_BPKAD.exe: 000039B0: 15:45:03 [Terminated]:Exit Code: 0
WebApp_BPKAD.exe: 00001B08: 15:57:43 []:>--------------------------------------------------------------<
WebApp_BPKAD.exe: 00001B08: 15:57:43 [TUniServerModule]:Server First Init.
WebApp_BPKAD.exe: 00001B08: 15:57:43 [TUniServerModule]:Starting HTTP Server on Port: 85...
WebApp_BPKAD.exe: 00001B08: 15:57:44 [TUniServerModule]:HTTP Server Started on Port: 85
WebApp_BPKAD.exe: 00003278: 15:57:46 [127.0.0.1]:EUniSessionException : Invalid session or session Timeout. (Session not found: clbOzw9z5R109AF844D ) : Addr: $00794C9A
WebApp_BPKAD.exe: 00003278: 15:57:46 [127.0.0.1]:EUniSessionException : Invalid session or session Timeout. (Session not found: clbOzw9z5R109AF844D ) : Addr: $00794C9A
WebApp_BPKAD.exe: 00001B08: 16:10:49 [TUniServerModule]:Shutting Down Server.
WebApp_BPKAD.exe: 00001B08: 16:10:49 [TUniServerModule]:Stopping HTTP Server.
WebApp_BPKAD.exe: 00001B08: 16:10:51 [TUniServerModule]:HTTP Server Stopped.
WebApp_BPKAD.exe: 00001B08: 16:10:51 [TUniGUISessionManager]:Terminating Session manager.
WebApp_BPKAD.exe: 00001B08: 16:10:51 [TUniGUISessionManager]:Stopping Cache Eraser...
WebApp_BPKAD.exe: 00001B08: 16:10:51 [TUniGUISessionManager]:Cache Eraser Stopped.
WebApp_BPKAD.exe: 00001B08: 16:10:51 []:EAccessViolation : Access violation at address 00409A48 in module 'WebApp_BPKAD.exe'. Read of address FFFFFFFD : Addr: $00409A48
WebApp_BPKAD.exe: 00001B08: 16:10:51 [TUniGUISessionManager]:Destroying Worker Threads.
WebApp_BPKAD.exe: 00001B08: 16:10:51 [TUniGUISessionManager]:Session manager terminated.
WebApp_BPKAD.exe: 00001B08: 16:10:51 [TUniServerModule]:Server Shutdown Completed.
WebApp_BPKAD.exe: 00001B08: 16:10:51 []:<-------------------------------------------------------------->
WebApp_BPKAD.exe: 00001B08: 16:10:51 [Terminated]:Exit Code: 0
WebApp_BPKAD.exe: 00004BE4: 16:13:22 []:>--------------------------------------------------------------<
WebApp_BPKAD.exe: 00004BE4: 16:13:22 [TUniServerModule]:Server First Init.
WebApp_BPKAD.exe: 00004BE4: 16:13:22 [TUniServerModule]:Starting HTTP Server on Port: 85...
WebApp_BPKAD.exe: 00004BE4: 16:13:22 [TUniServerModule]:HTTP Server Started on Port: 85
WebApp_BPKAD.exe: 00004B3C: 16:13:27 [127.0.0.1]:EUniSessionException : Invalid session or session Timeout. (Session not found: WjKOAvGODx109AF8A91 ) : Addr: $00794C9A
WebApp_BPKAD.exe: 00004B3C: 16:13:27 [127.0.0.1]:EUniSessionException : Invalid session or session Timeout. (Session not found: WjKOAvGODx109AF8A91 ) : Addr: $00794C9A
WebApp_BPKAD.exe: 0000244C: 16:27:57 [127.0.0.1]:EUniSessionException : Invalid session or session Timeout. (Invalid URI: /srs6/serv/urn:verificationservices ) : Addr: $00794C9A
WebApp_BPKAD.exe: 00001478: 16:28:13 []:EAccessViolation : Access violation at address 00409A48 in module 'WebApp_BPKAD.exe'. Read of address FFFFFFFD : Addr: $00409A48
WebApp_BPKAD.exe: 00004BE4: 16:51:19 [TUniServerModule]:Shutting Down Server.
WebApp_BPKAD.exe: 00004BE4: 16:51:19 [TUniServerModule]:Stopping HTTP Server.
WebApp_BPKAD.exe: 00004BE4: 16:51:20 [TUniServerModule]:HTTP Server Stopped.
WebApp_BPKAD.exe: 00004BE4: 16:51:20 [TUniGUISessionManager]:Terminating Session manager.
WebApp_BPKAD.exe: 00004BE4: 16:51:20 [TUniGUISessionManager]:Stopping Cache Eraser...
WebApp_BPKAD.exe: 00004BE4: 16:51:20 [TUniGUISessionManager]:Cache Eraser Stopped.
WebApp_BPKAD.exe: 00004BE4: 16:51:20 [TUniGUISessionManager]:Destroying Worker Threads.
WebApp_BPKAD.exe: 00004BE4: 16:51:20 [TUniGUISessionManager]:Session manager terminated.
WebApp_BPKAD.exe: 00004BE4: 16:51:20 [TUniServerModule]:Server Shutdown Completed.
WebApp_BPKAD.exe: 00004BE4: 16:51:20 []:<-------------------------------------------------------------->
WebApp_BPKAD.exe: 00004BE4: 16:51:20 [Terminated]:Exit Code: 0
WebApp_BPKAD.exe: 00000A04: 16:51:23 []:>--------------------------------------------------------------<
WebApp_BPKAD.exe: 00000A04: 16:51:23 [TUniServerModule]:Server First Init.
WebApp_BPKAD.exe: 00000A04: 16:51:23 [TUniServerModule]:Starting HTTP Server on Port: 85...
WebApp_BPKAD.exe: 00000A04: 16:51:24 [TUniServerModule]:HTTP Server Started on Port: 85
WebApp_BPKAD.exe: 00003478: 16:51:26 [127.0.0.1]:EUniSessionException : Invalid session or session Timeout. (Session not found: 8voPyP4lRv109AF8ED1 ) : Addr: $00794C9A
WebApp_BPKAD.exe: 00003478: 16:51:26 [127.0.0.1]:EUniSessionException : Invalid session or session Timeout. (Session not found: 8voPyP4lRv109AF8ED1 ) : Addr: $00794C9A
WebApp_BPKAD.exe: 0000383C: 17:05:59 []:EAccessViolation : Access violation at address 00409A48 in module 'WebApp_BPKAD.exe'. Read of address FFFFFFFD : Addr: $00409A48
WebApp_BPKAD.exe: 00004104: 17:37:16 [127.0.0.1]:EUniSessionException : Invalid session or session Timeout. (Session not found: 6MGdgED6oi109AF991F ) : Addr: $00794C9A
WebApp_BPKAD.exe: 00004104: 17:37:16 [127.0.0.1]:EUniSessionException : Invalid session or session Timeout. (Session not found: 6MGdgED6oi109AF991F ) : Addr: $00794C9A
WebApp_BPKAD.exe: 0000346C: 17:38:26 [127.0.0.1]:EDatabaseError : Field 'kode_ssh' must have a value : Addr: $006610AB
WebApp_BPKAD.exe: 00000A04: 17:42:23 [TUniServerModule]:Shutting Down Server.
WebApp_BPKAD.exe: 00000A04: 17:42:23 [TUniServerModule]:Stopping HTTP Server.
WebApp_BPKAD.exe: 00000A04: 17:42:24 [TUniServerModule]:HTTP Server Stopped.
WebApp_BPKAD.exe: 00000A04: 17:42:24 [TUniGUISessionManager]:Terminating Session manager.
WebApp_BPKAD.exe: 00000A04: 17:42:24 [TUniGUISessionManager]:Stopping Cache Eraser...
WebApp_BPKAD.exe: 00000A04: 17:42:24 [TUniGUISessionManager]:Cache Eraser Stopped.
WebApp_BPKAD.exe: 00000A04: 17:42:24 []:EAccessViolation : Access violation at address 5800409E in module 'WebApp_BPKAD.exe'. Read of address 5800409E : Addr: $5800409E
WebApp_BPKAD.exe: 00000A04: 17:42:24 [TUniGUISessionManager]:Destroying Worker Threads.
WebApp_BPKAD.exe: 00000A04: 17:42:24 [TUniGUISessionManager]:Session manager terminated.
WebApp_BPKAD.exe: 00000A04: 17:42:24 [TUniServerModule]:Server Shutdown Completed.
WebApp_BPKAD.exe: 00000A04: 17:42:24 []:<-------------------------------------------------------------->
WebApp_BPKAD.exe: 00000A04: 17:42:24 [Terminated]:Exit Code: 0
WebApp_BPKAD.exe: 00003EE8: 17:42:27 []:>--------------------------------------------------------------<
WebApp_BPKAD.exe: 00003EE8: 17:42:27 [TUniServerModule]:Server First Init.
WebApp_BPKAD.exe: 00003EE8: 17:42:27 [TUniServerModule]:Starting HTTP Server on Port: 85...
WebApp_BPKAD.exe: 00003EE8: 17:42:28 [TUniServerModule]:HTTP Server Started on Port: 85
WebApp_BPKAD.exe: 00004AEC: 17:42:29 [127.0.0.1]:EUniSessionException : Invalid session or session Timeout. (Session not found: bwl6pOeJYG109AFA58E ) : Addr: $00794C9A
WebApp_BPKAD.exe: 00004AEC: 17:42:29 [127.0.0.1]:EUniSessionException : Invalid session or session Timeout. (Session not found: bwl6pOeJYG109AFA58E ) : Addr: $00794C9A
WebApp_BPKAD.exe: 00003EE8: 17:56:24 [TUniServerModule]:Shutting Down Server.
WebApp_BPKAD.exe: 00003EE8: 17:56:24 [TUniServerModule]:Stopping HTTP Server.
WebApp_BPKAD.exe: 00003EE8: 17:56:25 [TUniServerModule]:HTTP Server Stopped.
WebApp_BPKAD.exe: 00003EE8: 17:56:25 [TUniGUISessionManager]:Terminating Session manager.
WebApp_BPKAD.exe: 00003EE8: 17:56:25 [TUniGUISessionManager]:Stopping Cache Eraser...
WebApp_BPKAD.exe: 00003EE8: 17:56:26 [TUniGUISessionManager]:Cache Eraser Stopped.
WebApp_BPKAD.exe: 00003EE8: 17:56:26 []:EAccessViolation : Access violation at address 00409A48 in module 'WebApp_BPKAD.exe'. Read of address FFFFFFFD : Addr: $00409A48
WebApp_BPKAD.exe: 00003EE8: 17:56:26 [TUniGUISessionManager]:Destroying Worker Threads.
WebApp_BPKAD.exe: 00003EE8: 17:56:26 [TUniGUISessionManager]:Session manager terminated.
WebApp_BPKAD.exe: 00003EE8: 17:56:26 [TUniServerModule]:Server Shutdown Completed.
WebApp_BPKAD.exe: 00003EE8: 17:56:26 []:<-------------------------------------------------------------->
WebApp_BPKAD.exe: 00003EE8: 17:56:26 [Terminated]:Exit Code: 0
WebApp_BPKAD.exe: 00001264: 17:56:27 []:>--------------------------------------------------------------<
WebApp_BPKAD.exe: 00001264: 17:56:27 [TUniServerModule]:Server First Init.
WebApp_BPKAD.exe: 00001264: 17:56:28 [TUniServerModule]:Starting HTTP Server on Port: 85...
WebApp_BPKAD.exe: 00001264: 17:56:28 [TUniServerModule]:HTTP Server Started on Port: 85
WebApp_BPKAD.exe: 00001F08: 17:56:30 [127.0.0.1]:EUniSessionException : Invalid session or session Timeout. (Session not found: jJhV8PM3IC109AFA6F8 ) : Addr: $00794C9A
WebApp_BPKAD.exe: 00001F08: 17:56:30 [127.0.0.1]:EUniSessionException : Invalid session or session Timeout. (Session not found: jJhV8PM3IC109AFA6F8 ) : Addr: $00794C9A
WebApp_BPKAD.exe: 00000A78: 18:05:28 []:EAccessViolation : Access violation at address 00409A48 in module 'WebApp_BPKAD.exe'. Read of address FFFFFFFD : Addr: $00409A48
WebApp_BPKAD.exe: 00001264: 18:05:29 [TUniServerModule]:Shutting Down Server.
WebApp_BPKAD.exe: 00001264: 18:05:29 [TUniServerModule]:Stopping HTTP Server.
WebApp_BPKAD.exe: 00001264: 18:05:29 [TUniServerModule]:HTTP Server Stopped.
WebApp_BPKAD.exe: 00001264: 18:05:29 [TUniGUISessionManager]:Terminating Session manager.
WebApp_BPKAD.exe: 00001264: 18:05:29 [TUniGUISessionManager]:Stopping Cache Eraser...
WebApp_BPKAD.exe: 00001264: 18:05:29 [TUniGUISessionManager]:Cache Eraser Stopped.
WebApp_BPKAD.exe: 00001264: 18:05:29 [TUniGUISessionManager]:Destroying Worker Threads.
WebApp_BPKAD.exe: 00001264: 18:05:29 [TUniGUISessionManager]:Session manager terminated.
WebApp_BPKAD.exe: 00001264: 18:05:29 [TUniServerModule]:Server Shutdown Completed.
WebApp_BPKAD.exe: 00001264: 18:05:29 []:<-------------------------------------------------------------->
WebApp_BPKAD.exe: 00001264: 18:05:29 [Terminated]:Exit Code: 0
WebApp_BPKAD.exe: 0000298C: 21:34:13 []:>--------------------------------------------------------------<
WebApp_BPKAD.exe: 0000298C: 21:34:14 [TUniServerModule]:Server First Init.
WebApp_BPKAD.exe: 0000298C: 21:34:14 [TUniServerModule]:Starting HTTP Server on Port: 85...
WebApp_BPKAD.exe: 0000298C: 21:34:14 [TUniServerModule]:HTTP Server Started on Port: 85
WebApp_BPKAD.exe: 000039C0: 21:34:58 []:EAccessViolation : Access violation at address 00409A48 in module 'WebApp_BPKAD.exe'. Read of address FFFFFFFD : Addr: $00409A48
WebApp_BPKAD.exe: 000039C0: 21:35:08 []:EInvalidPointer : Invalid pointer operation : Addr: $00409955
WebApp_BPKAD.exe: 000039C0: 21:35:43 []:EInvalidPointer : Invalid pointer operation : Addr: $00409955
WebApp_BPKAD.exe: 000039C0: 21:39:29 []:EInvalidPointer : Invalid pointer operation : Addr: $00409955
WebApp_BPKAD.exe: 000039C0: 21:44:54 []:EInvalidPointer : Invalid pointer operation : Addr: $00409955
WebApp_BPKAD.exe: 000039C0: 21:44:59 []:EInvalidPointer : Invalid pointer operation : Addr: $00409955
WebApp_BPKAD.exe: 000039C0: 21:47:24 []:EInvalidPointer : Invalid pointer operation : Addr: $00409955
WebApp_BPKAD.exe: 00001C18: 22:07:53 [127.0.0.1]:EUniSessionException : Invalid session or session Timeout. (Session not found: WsqpQTKSrP109AFEAD2 ) : Addr: $00794C9A
WebApp_BPKAD.exe: 00001C18: 22:07:53 [127.0.0.1]:EUniSessionException : Invalid session or session Timeout. (Session not found: WsqpQTKSrP109AFEAD2 ) : Addr: $00794C9A
WebApp_BPKAD.exe: 00003494: 22:41:59 [127.0.0.1]:EUniSessionException : Invalid session or session Timeout. (Session not found: r4M48SwWoh109AFEF5D ) : Addr: $00794C9A
WebApp_BPKAD.exe: 00003494: 22:41:59 [127.0.0.1]:EUniSessionException : Invalid session or session Timeout. (Session not found: r4M48SwWoh109AFEF5D ) : Addr: $00794C9A
WebApp_BPKAD.exe: 000039C0: 22:42:10 []:EInvalidPointer : Invalid pointer operation : Addr: $00409955
WebApp_BPKAD.exe: 000039C0: 22:49:55 []:EInvalidPointer : Invalid pointer operation : Addr: $00409955
WebApp_BPKAD.exe: 000039C0: 22:51:05 []:EInvalidPointer : Invalid pointer operation : Addr: $00409955
WebApp_BPKAD.exe: 000039C0: 23:01:36 []:EInvalidPointer : Invalid pointer operation : Addr: $00409955
WebApp_BPKAD.exe: 000039C0: 23:04:52 []:EInvalidPointer : Invalid pointer operation : Addr: $00409955
WebApp_BPKAD.exe: 000039C0: 23:09:42 []:EInvalidPointer : Invalid pointer operation : Addr: $00409955
WebApp_BPKAD.exe: 000039C0: 23:38:45 []:EInvalidPointer : Invalid pointer operation : Addr: $00409955
WebApp_BPKAD.exe: 000039C0: 23:42:00 []:EInvalidPointer : Invalid pointer operation : Addr: $00409955
