WebApp_BPKAD.exe: 000032DC: 00:07:04 [TUniServerModule]:Shutting Down Server.
WebApp_BPKAD.exe: 000032DC: 00:07:04 [TUniServerModule]:Stopping HTTP Server.
WebApp_BPKAD.exe: 000032DC: 00:07:05 [TUniServerModule]:HTTP Server Stopped.
WebApp_BPKAD.exe: 000032DC: 00:07:05 [TUniGUISessionManager]:Terminating Session manager.
WebApp_BPKAD.exe: 000032DC: 00:07:05 [TUniGUISessionManager]:Stopping Cache Eraser...
WebApp_BPKAD.exe: 000032DC: 00:07:05 [TUniGUISessionManager]:Cache Eraser Stopped.
WebApp_BPKAD.exe: 000032DC: 00:07:05 [TUniGUISessionManager]:Destroying Worker Threads.
WebApp_BPKAD.exe: 000032DC: 00:07:05 [TUniGUISessionManager]:Session manager terminated.
WebApp_BPKAD.exe: 000032DC: 00:07:05 [TUniServerModule]:Server Shutdown Completed.
WebApp_BPKAD.exe: 000032DC: 00:07:05 []:<-------------------------------------------------------------->
WebApp_BPKAD.exe: 000032DC: 00:07:05 [Terminated]:Exit Code: 0
WebApp_BPKAD.exe: 00003648: 00:07:32 []:>--------------------------------------------------------------<
WebApp_BPKAD.exe: 00003648: 00:07:32 [TUniServerModule]:Server First Init.
WebApp_BPKAD.exe: 00003648: 00:07:32 [TUniServerModule]:Starting HTTP Server on Port: 85...
WebApp_BPKAD.exe: 00003648: 00:07:33 [TUniServerModule]:HTTP Server Started on Port: 85
WebApp_BPKAD.exe: 00001AA8: 00:07:35 [127.0.0.1]:EUniSessionException : Invalid session or session Timeout. (Session not found: mnfBzdWoVK109623030 ) : Addr: $00794B4E
WebApp_BPKAD.exe: 00001AA8: 00:07:35 [127.0.0.1]:EUniSessionException : Invalid session or session Timeout. (Session not found: mnfBzdWoVK109623030 ) : Addr: $00794B4E
WebApp_BPKAD.exe: 000026B0: 00:20:13 []:EAccessViolation : Access violation at address 00409A48 in module 'WebApp_BPKAD.exe'. Read of address FFFFFFFD : Addr: $00409A48
WebApp_BPKAD.exe: 00003648: 00:22:53 [TUniServerModule]:Shutting Down Server.
WebApp_BPKAD.exe: 00003648: 00:22:53 [TUniServerModule]:Stopping HTTP Server.
WebApp_BPKAD.exe: 00003648: 00:22:53 [TUniServerModule]:HTTP Server Stopped.
WebApp_BPKAD.exe: 00003648: 00:22:53 [TUniGUISessionManager]:Terminating Session manager.
WebApp_BPKAD.exe: 00003648: 00:22:53 [TUniGUISessionManager]:Stopping Cache Eraser...
WebApp_BPKAD.exe: 00003648: 00:22:53 [TUniGUISessionManager]:Cache Eraser Stopped.
WebApp_BPKAD.exe: 00003648: 00:22:53 [TUniGUISessionManager]:Destroying Worker Threads.
WebApp_BPKAD.exe: 00003648: 00:22:53 [TUniGUISessionManager]:Session manager terminated.
WebApp_BPKAD.exe: 00003648: 00:22:53 [TUniServerModule]:Server Shutdown Completed.
WebApp_BPKAD.exe: 00003648: 00:22:53 []:<-------------------------------------------------------------->
WebApp_BPKAD.exe: 00003648: 00:22:53 [Terminated]:Exit Code: 0
WebApp_BPKAD.exe: 00000A58: 00:23:24 []:>--------------------------------------------------------------<
WebApp_BPKAD.exe: 00000A58: 00:23:24 [TUniServerModule]:Server First Init.
WebApp_BPKAD.exe: 00000A58: 00:23:24 [TUniServerModule]:Starting HTTP Server on Port: 85...
WebApp_BPKAD.exe: 00000A58: 00:23:24 [TUniServerModule]:HTTP Server Started on Port: 85
WebApp_BPKAD.exe: 00002328: 00:23:24 [127.0.0.1]:EUniSessionException : Invalid session or session Timeout. (Session not found: EqHYStKb38109623D8F ) : Addr: $00794B4E
WebApp_BPKAD.exe: 00002328: 00:23:25 [127.0.0.1]:EUniSessionException : Invalid session or session Timeout. (Session not found: EqHYStKb38109623D8F ) : Addr: $00794B4E
WebApp_BPKAD.exe: 00000A58: 00:29:24 [TUniServerModule]:Shutting Down Server.
WebApp_BPKAD.exe: 00000A58: 00:29:24 [TUniServerModule]:Stopping HTTP Server.
WebApp_BPKAD.exe: 00000A58: 00:29:25 [TUniServerModule]:HTTP Server Stopped.
WebApp_BPKAD.exe: 00000A58: 00:29:25 [TUniGUISessionManager]:Terminating Session manager.
WebApp_BPKAD.exe: 00000A58: 00:29:25 [TUniGUISessionManager]:Stopping Cache Eraser...
WebApp_BPKAD.exe: 00000A58: 00:29:25 [TUniGUISessionManager]:Cache Eraser Stopped.
WebApp_BPKAD.exe: 00000A58: 00:29:25 []:EAccessViolation : Access violation at address 00409A48 in module 'WebApp_BPKAD.exe'. Read of address FFFFFFFD : Addr: $00409A48
WebApp_BPKAD.exe: 00000A58: 00:29:25 [TUniGUISessionManager]:Destroying Worker Threads.
WebApp_BPKAD.exe: 00000A58: 00:29:25 [TUniGUISessionManager]:Session manager terminated.
WebApp_BPKAD.exe: 00000A58: 00:29:25 [TUniServerModule]:Server Shutdown Completed.
WebApp_BPKAD.exe: 00000A58: 00:29:25 []:<-------------------------------------------------------------->
WebApp_BPKAD.exe: 00000A58: 00:29:25 [Terminated]:Exit Code: 0
WebApp_BPKAD.exe: 000035D4: 00:32:56 []:>--------------------------------------------------------------<
WebApp_BPKAD.exe: 000035D4: 00:32:56 [TUniServerModule]:Server First Init.
WebApp_BPKAD.exe: 000035D4: 00:32:56 [TUniServerModule]:Starting HTTP Server on Port: 85...
WebApp_BPKAD.exe: 000035D4: 00:32:56 [TUniServerModule]:HTTP Server Started on Port: 85
WebApp_BPKAD.exe: 00000A58: 00:33:00 [127.0.0.1]:EUniSessionException : Invalid session or session Timeout. (Session not found: T3mliTi1bt1096241DA ) : Addr: $00794B4E
WebApp_BPKAD.exe: 00000A58: 00:33:00 [127.0.0.1]:EUniSessionException : Invalid session or session Timeout. (Session not found: T3mliTi1bt1096241DA ) : Addr: $00794B4E
WebApp_BPKAD.exe: 000035D4: 00:41:54 [TUniServerModule]:Shutting Down Server.
WebApp_BPKAD.exe: 000035D4: 00:41:54 [TUniServerModule]:Stopping HTTP Server.
WebApp_BPKAD.exe: 000035D4: 00:41:55 [TUniServerModule]:HTTP Server Stopped.
WebApp_BPKAD.exe: 000035D4: 00:41:55 [TUniGUISessionManager]:Terminating Session manager.
WebApp_BPKAD.exe: 000035D4: 00:41:55 [TUniGUISessionManager]:Stopping Cache Eraser...
WebApp_BPKAD.exe: 000035D4: 00:41:55 [TUniGUISessionManager]:Cache Eraser Stopped.
WebApp_BPKAD.exe: 000035D4: 00:41:55 []:EAccessViolation : Access violation at address 00409A48 in module 'WebApp_BPKAD.exe'. Read of address FFFFFFFD : Addr: $00409A48
WebApp_BPKAD.exe: 000035D4: 00:41:55 [TUniGUISessionManager]:Destroying Worker Threads.
WebApp_BPKAD.exe: 000035D4: 00:41:55 [TUniGUISessionManager]:Session manager terminated.
WebApp_BPKAD.exe: 000035D4: 00:41:55 [TUniServerModule]:Server Shutdown Completed.
WebApp_BPKAD.exe: 000035D4: 00:41:55 []:<-------------------------------------------------------------->
WebApp_BPKAD.exe: 000035D4: 00:41:55 [Terminated]:Exit Code: 0
WebApp_BPKAD.exe: 00000910: 00:41:56 []:>--------------------------------------------------------------<
WebApp_BPKAD.exe: 00000910: 00:41:56 [TUniServerModule]:Server First Init.
WebApp_BPKAD.exe: 00000910: 00:41:56 [TUniServerModule]:Starting HTTP Server on Port: 85...
WebApp_BPKAD.exe: 00000910: 00:41:56 [TUniServerModule]:HTTP Server Started on Port: 85
WebApp_BPKAD.exe: 00003738: 00:41:59 [127.0.0.1]:EUniSessionException : Invalid session or session Timeout. (Session not found: DsTaWsaX2w109624474 ) : Addr: $00794B4E
WebApp_BPKAD.exe: 00003738: 00:41:59 [127.0.0.1]:EUniSessionException : Invalid session or session Timeout. (Session not found: DsTaWsaX2w109624474 ) : Addr: $00794B4E
WebApp_BPKAD.exe: 00000910: 00:46:12 [TUniServerModule]:Shutting Down Server.
WebApp_BPKAD.exe: 00000910: 00:46:12 [TUniServerModule]:Stopping HTTP Server.
WebApp_BPKAD.exe: 00000910: 00:46:13 [TUniServerModule]:HTTP Server Stopped.
WebApp_BPKAD.exe: 00000910: 00:46:13 [TUniGUISessionManager]:Terminating Session manager.
WebApp_BPKAD.exe: 00000910: 00:46:13 [TUniGUISessionManager]:Stopping Cache Eraser...
WebApp_BPKAD.exe: 00000910: 00:46:13 [TUniGUISessionManager]:Cache Eraser Stopped.
WebApp_BPKAD.exe: 00000910: 00:46:13 []:EAccessViolation : Access violation at address 00409A48 in module 'WebApp_BPKAD.exe'. Read of address FFFFFFFD : Addr: $00409A48
WebApp_BPKAD.exe: 00000910: 00:46:13 [TUniGUISessionManager]:Destroying Worker Threads.
WebApp_BPKAD.exe: 00000910: 00:46:13 [TUniGUISessionManager]:Session manager terminated.
WebApp_BPKAD.exe: 00000910: 00:46:13 [TUniServerModule]:Server Shutdown Completed.
WebApp_BPKAD.exe: 00000910: 00:46:13 []:<-------------------------------------------------------------->
WebApp_BPKAD.exe: 00000910: 00:46:13 [Terminated]:Exit Code: 0
WebApp_BPKAD.exe: 00003670: 00:46:15 []:>--------------------------------------------------------------<
WebApp_BPKAD.exe: 00003670: 00:46:15 [TUniServerModule]:Server First Init.
WebApp_BPKAD.exe: 00003670: 00:46:15 [TUniServerModule]:Starting HTTP Server on Port: 85...
WebApp_BPKAD.exe: 00003670: 00:46:15 [TUniServerModule]:HTTP Server Started on Port: 85
WebApp_BPKAD.exe: 000020CC: 00:46:17 [127.0.0.1]:EUniSessionException : Invalid session or session Timeout. (Session not found: nSxdE4Njyf1096246E4 ) : Addr: $00794B4E
WebApp_BPKAD.exe: 000020CC: 00:46:17 [127.0.0.1]:EUniSessionException : Invalid session or session Timeout. (Session not found: nSxdE4Njyf1096246E4 ) : Addr: $00794B4E
WebApp_BPKAD.exe: 00003670: 00:51:37 [TUniServerModule]:Shutting Down Server.
WebApp_BPKAD.exe: 00003670: 00:51:37 [TUniServerModule]:Stopping HTTP Server.
WebApp_BPKAD.exe: 00003670: 00:51:38 [TUniServerModule]:HTTP Server Stopped.
WebApp_BPKAD.exe: 00003670: 00:51:38 [TUniGUISessionManager]:Terminating Session manager.
WebApp_BPKAD.exe: 00003670: 00:51:38 [TUniGUISessionManager]:Stopping Cache Eraser...
WebApp_BPKAD.exe: 00003670: 00:51:38 [TUniGUISessionManager]:Cache Eraser Stopped.
WebApp_BPKAD.exe: 00003670: 00:51:38 []:EAccessViolation : Access violation at address 00409A48 in module 'WebApp_BPKAD.exe'. Read of address FFFFFFFD : Addr: $00409A48
WebApp_BPKAD.exe: 00003670: 00:51:38 [TUniGUISessionManager]:Destroying Worker Threads.
WebApp_BPKAD.exe: 00003670: 00:51:38 [TUniGUISessionManager]:Session manager terminated.
WebApp_BPKAD.exe: 00003670: 00:51:38 [TUniServerModule]:Server Shutdown Completed.
WebApp_BPKAD.exe: 00003670: 00:51:38 []:<-------------------------------------------------------------->
WebApp_BPKAD.exe: 00003670: 00:51:38 [Terminated]:Exit Code: 0
WebApp_BPKAD.exe: 000035FC: 00:51:55 []:>--------------------------------------------------------------<
WebApp_BPKAD.exe: 000035FC: 00:51:55 [TUniServerModule]:Server First Init.
WebApp_BPKAD.exe: 000035FC: 00:51:55 [TUniServerModule]:Starting HTTP Server on Port: 85...
WebApp_BPKAD.exe: 000035FC: 00:51:55 [TUniServerModule]:HTTP Server Started on Port: 85
WebApp_BPKAD.exe: 000036F8: 00:51:56 [127.0.0.1]:EUniSessionException : Invalid session or session Timeout. (Session not found: 2NKlvD8ucj10962480F ) : Addr: $00794B4E
WebApp_BPKAD.exe: 000036F8: 00:51:56 [127.0.0.1]:EUniSessionException : Invalid session or session Timeout. (Session not found: 2NKlvD8ucj10962480F ) : Addr: $00794B4E
WebApp_BPKAD.exe: 00000B68: 00:54:40 [qPemakaian: Dataset not in edit or insert mode-127.0.0.1]:EDatabaseError : qPemakaian: Dataset not in edit or insert mode : Addr: $00660F4A
WebApp_BPKAD.exe: 000035FC: 00:57:00 [TUniServerModule]:Shutting Down Server.
WebApp_BPKAD.exe: 000035FC: 00:57:00 [TUniServerModule]:Stopping HTTP Server.
WebApp_BPKAD.exe: 000035FC: 00:57:01 [TUniServerModule]:HTTP Server Stopped.
WebApp_BPKAD.exe: 000035FC: 00:57:01 [TUniGUISessionManager]:Terminating Session manager.
WebApp_BPKAD.exe: 000035FC: 00:57:01 [TUniGUISessionManager]:Stopping Cache Eraser...
WebApp_BPKAD.exe: 000035FC: 00:57:01 [TUniGUISessionManager]:Cache Eraser Stopped.
WebApp_BPKAD.exe: 000035FC: 00:57:01 []:EAccessViolation : Access violation at address 00409A48 in module 'WebApp_BPKAD.exe'. Read of address FFFFFFFD : Addr: $00409A48
WebApp_BPKAD.exe: 000035FC: 00:57:01 [TUniGUISessionManager]:Destroying Worker Threads.
WebApp_BPKAD.exe: 000035FC: 00:57:01 [TUniGUISessionManager]:Session manager terminated.
WebApp_BPKAD.exe: 000035FC: 00:57:01 [TUniServerModule]:Server Shutdown Completed.
WebApp_BPKAD.exe: 000035FC: 00:57:01 []:<-------------------------------------------------------------->
WebApp_BPKAD.exe: 000035FC: 00:57:01 [Terminated]:Exit Code: 0
WebApp_BPKAD.exe: 00001A3C: 00:58:06 []:>--------------------------------------------------------------<
WebApp_BPKAD.exe: 00001A3C: 00:58:06 [TUniServerModule]:Server First Init.
WebApp_BPKAD.exe: 00001A3C: 00:58:06 [TUniServerModule]:Starting HTTP Server on Port: 85...
WebApp_BPKAD.exe: 00001A3C: 00:58:06 [TUniServerModule]:HTTP Server Started on Port: 85
WebApp_BPKAD.exe: 00003548: 00:58:12 [127.0.0.1]:EUniSessionException : Invalid session or session Timeout. (Session not found: eTVjZLJxng109624997 ) : Addr: $00794B4E
WebApp_BPKAD.exe: 00003548: 00:58:12 [127.0.0.1]:EUniSessionException : Invalid session or session Timeout. (Session not found: eTVjZLJxng109624997 ) : Addr: $00794B4E
WebApp_BPKAD.exe: 00003548: 00:58:32 [qPilihPemakaian: Cannot perform this operation on a closed dataset-127.0.0.1]:EDatabaseError : qPilihPemakaian: Cannot perform this operation on a closed dataset : Addr: $00660F4A
WebApp_BPKAD.exe: 00001A3C: 00:59:23 [TUniServerModule]:Shutting Down Server.
WebApp_BPKAD.exe: 00001A3C: 00:59:23 [TUniServerModule]:Stopping HTTP Server.
WebApp_BPKAD.exe: 00001A3C: 00:59:24 [TUniServerModule]:HTTP Server Stopped.
WebApp_BPKAD.exe: 00001A3C: 00:59:24 [TUniGUISessionManager]:Terminating Session manager.
WebApp_BPKAD.exe: 00001A3C: 00:59:24 [TUniGUISessionManager]:Stopping Cache Eraser...
WebApp_BPKAD.exe: 00001A3C: 00:59:24 [TUniGUISessionManager]:Cache Eraser Stopped.
WebApp_BPKAD.exe: 00001A3C: 00:59:24 []:EAccessViolation : Access violation at address 00409A48 in module 'WebApp_BPKAD.exe'. Read of address FFFFFFFD : Addr: $00409A48
WebApp_BPKAD.exe: 00001A3C: 00:59:24 [TUniGUISessionManager]:Destroying Worker Threads.
WebApp_BPKAD.exe: 00001A3C: 00:59:24 [TUniGUISessionManager]:Session manager terminated.
WebApp_BPKAD.exe: 00001A3C: 00:59:24 [TUniServerModule]:Server Shutdown Completed.
WebApp_BPKAD.exe: 00001A3C: 00:59:24 []:<-------------------------------------------------------------->
WebApp_BPKAD.exe: 00001A3C: 00:59:24 [Terminated]:Exit Code: 0
WebApp_BPKAD.exe: 0000369C: 00:59:27 []:>--------------------------------------------------------------<
WebApp_BPKAD.exe: 0000369C: 00:59:27 [TUniServerModule]:Server First Init.
WebApp_BPKAD.exe: 0000369C: 00:59:27 [TUniServerModule]:Starting HTTP Server on Port: 85...
WebApp_BPKAD.exe: 0000369C: 00:59:27 [TUniServerModule]:HTTP Server Started on Port: 85
WebApp_BPKAD.exe: 00001BEC: 00:59:30 [127.0.0.1]:EUniSessionException : Invalid session or session Timeout. (Session not found: GL6W4ltCfy109624B4A ) : Addr: $00794B4E
WebApp_BPKAD.exe: 00001BEC: 00:59:30 [127.0.0.1]:EUniSessionException : Invalid session or session Timeout. (Session not found: GL6W4ltCfy109624B4A ) : Addr: $00794B4E
WebApp_BPKAD.exe: 00002C50: 01:14:48 []:EAccessViolation : Access violation at address 00409A48 in module 'WebApp_BPKAD.exe'. Read of address FFFFFFFD : Addr: $00409A48
WebApp_BPKAD.exe: 0000369C: 01:19:43 [TUniServerModule]:Shutting Down Server.
WebApp_BPKAD.exe: 0000369C: 01:19:43 [TUniServerModule]:Stopping HTTP Server.
WebApp_BPKAD.exe: 0000369C: 01:19:43 [TUniServerModule]:HTTP Server Stopped.
WebApp_BPKAD.exe: 0000369C: 01:19:43 [TUniGUISessionManager]:Terminating Session manager.
WebApp_BPKAD.exe: 0000369C: 01:19:43 [TUniGUISessionManager]:Stopping Cache Eraser...
WebApp_BPKAD.exe: 0000369C: 01:19:43 [TUniGUISessionManager]:Cache Eraser Stopped.
WebApp_BPKAD.exe: 0000369C: 01:19:43 [TUniGUISessionManager]:Destroying Worker Threads.
WebApp_BPKAD.exe: 0000369C: 01:19:43 [TUniGUISessionManager]:Session manager terminated.
WebApp_BPKAD.exe: 0000369C: 01:19:43 [TUniServerModule]:Server Shutdown Completed.
WebApp_BPKAD.exe: 0000369C: 01:19:43 []:<-------------------------------------------------------------->
WebApp_BPKAD.exe: 0000369C: 01:19:43 [Terminated]:Exit Code: 0
WebApp_BPKAD.exe: 00003354: 01:20:51 []:>--------------------------------------------------------------<
WebApp_BPKAD.exe: 00003354: 01:20:51 [TUniServerModule]:Server First Init.
WebApp_BPKAD.exe: 00003354: 01:20:51 [TUniServerModule]:Starting HTTP Server on Port: 85...
WebApp_BPKAD.exe: 00003354: 01:20:52 [TUniServerModule]:HTTP Server Started on Port: 85
WebApp_BPKAD.exe: 000007D0: 01:20:54 [127.0.0.1]:EUniSessionException : Invalid session or session Timeout. (Session not found: LNMglrnYpA109624BA4 ) : Addr: $00794B4E
WebApp_BPKAD.exe: 000007D0: 01:20:54 [127.0.0.1]:EUniSessionException : Invalid session or session Timeout. (Session not found: LNMglrnYpA109624BA4 ) : Addr: $00794B4E
WebApp_BPKAD.exe: 00003354: 01:23:17 [TUniServerModule]:Shutting Down Server.
WebApp_BPKAD.exe: 00003354: 01:23:17 [TUniServerModule]:Stopping HTTP Server.
WebApp_BPKAD.exe: 00003354: 01:23:18 [TUniServerModule]:HTTP Server Stopped.
WebApp_BPKAD.exe: 00003354: 01:23:18 [TUniGUISessionManager]:Terminating Session manager.
WebApp_BPKAD.exe: 00003354: 01:23:18 [TUniGUISessionManager]:Stopping Cache Eraser...
WebApp_BPKAD.exe: 00003354: 01:23:18 [TUniGUISessionManager]:Cache Eraser Stopped.
WebApp_BPKAD.exe: 00003354: 01:23:18 []:EAccessViolation : Access violation at address 00409A48 in module 'WebApp_BPKAD.exe'. Read of address FFFFFFFD : Addr: $00409A48
WebApp_BPKAD.exe: 00003354: 01:23:18 [TUniGUISessionManager]:Destroying Worker Threads.
WebApp_BPKAD.exe: 00003354: 01:23:18 [TUniGUISessionManager]:Session manager terminated.
WebApp_BPKAD.exe: 00003354: 01:23:18 [TUniServerModule]:Server Shutdown Completed.
WebApp_BPKAD.exe: 00003354: 01:23:18 []:<-------------------------------------------------------------->
WebApp_BPKAD.exe: 00003354: 01:23:18 [Terminated]:Exit Code: 0
WebApp_BPKAD.exe: 000037A0: 01:35:10 []:>--------------------------------------------------------------<
WebApp_BPKAD.exe: 000037A0: 01:35:10 [TUniServerModule]:Server First Init.
WebApp_BPKAD.exe: 000037A0: 01:35:10 [TUniServerModule]:Starting HTTP Server on Port: 85...
WebApp_BPKAD.exe: 000037A0: 01:35:10 [TUniServerModule]:HTTP Server Started on Port: 85
WebApp_BPKAD.exe: 00001578: 01:35:14 [127.0.0.1]:EUniSessionException : Invalid session or session Timeout. (Session not found: BLRxuisq6I109625173 ) : Addr: $00794B4E
WebApp_BPKAD.exe: 00001578: 01:35:14 [127.0.0.1]:EUniSessionException : Invalid session or session Timeout. (Session not found: BLRxuisq6I109625173 ) : Addr: $00794B4E
WebApp_BPKAD.exe: 00001578: 01:35:14 [127.0.0.1]:EUniSessionException : Invalid session or session Timeout. (Session not found: BLRxuisq6I109625173 ) : Addr: $00794B4E
WebApp_BPKAD.exe: 00000AC0: 01:51:02 []:EAccessViolation : Access violation at address 00409A48 in module 'WebApp_BPKAD.exe'. Read of address FFFFFFFD : Addr: $00409A48
WebApp_BPKAD.exe: 00001F94: 02:03:39 [127.0.0.1]:EUniSessionException : Invalid session or session Timeout. (Session not found: TXWlKRRlFs109625556 ) : Addr: $00794B4E
WebApp_BPKAD.exe: 00001F94: 02:03:40 [127.0.0.1]:EUniSessionException : Invalid session or session Timeout. (Session not found: TXWlKRRlFs109625556 ) : Addr: $00794B4E
WebApp_BPKAD.exe: 000037A0: 02:05:20 [TUniServerModule]:Shutting Down Server.
WebApp_BPKAD.exe: 000037A0: 02:05:20 [TUniServerModule]:Stopping HTTP Server.
WebApp_BPKAD.exe: 000037A0: 02:05:21 [TUniServerModule]:HTTP Server Stopped.
WebApp_BPKAD.exe: 000037A0: 02:05:21 [TUniGUISessionManager]:Terminating Session manager.
WebApp_BPKAD.exe: 000037A0: 02:05:21 [TUniGUISessionManager]:Stopping Cache Eraser...
WebApp_BPKAD.exe: 000037A0: 02:05:21 [TUniGUISessionManager]:Cache Eraser Stopped.
WebApp_BPKAD.exe: 000037A0: 02:05:21 []:EInvalidPointer : Invalid pointer operation : Addr: $00409955
WebApp_BPKAD.exe: 000037A0: 02:05:21 [TUniGUISessionManager]:Destroying Worker Threads.
WebApp_BPKAD.exe: 000037A0: 02:05:21 [TUniGUISessionManager]:Session manager terminated.
WebApp_BPKAD.exe: 000037A0: 02:05:21 [TUniServerModule]:Server Shutdown Completed.
WebApp_BPKAD.exe: 000037A0: 02:05:21 []:<-------------------------------------------------------------->
WebApp_BPKAD.exe: 000037A0: 02:05:21 [Terminated]:Exit Code: 0
WebApp_BPKAD.exe: 000029B0: 02:05:25 []:>--------------------------------------------------------------<
WebApp_BPKAD.exe: 000029B0: 02:05:25 [TUniServerModule]:Server First Init.
WebApp_BPKAD.exe: 000029B0: 02:05:25 [TUniServerModule]:Starting HTTP Server on Port: 85...
WebApp_BPKAD.exe: 000029B0: 02:05:25 [TUniServerModule]:HTTP Server Started on Port: 85
WebApp_BPKAD.exe: 000023B8: 02:05:31 [127.0.0.1]:EUniSessionException : Invalid session or session Timeout. (Session not found: ju27r3C6na109625D0C ) : Addr: $00794B4E
WebApp_BPKAD.exe: 000023B8: 02:05:31 [127.0.0.1]:EUniSessionException : Invalid session or session Timeout. (Session not found: ju27r3C6na109625D0C ) : Addr: $00794B4E
WebApp_BPKAD.exe: 000029B0: 02:09:27 [TUniServerModule]:Shutting Down Server.
WebApp_BPKAD.exe: 000029B0: 02:09:27 [TUniServerModule]:Stopping HTTP Server.
WebApp_BPKAD.exe: 000029B0: 02:09:28 [TUniServerModule]:HTTP Server Stopped.
WebApp_BPKAD.exe: 000029B0: 02:09:28 [TUniGUISessionManager]:Terminating Session manager.
WebApp_BPKAD.exe: 000029B0: 02:09:28 [TUniGUISessionManager]:Stopping Cache Eraser...
WebApp_BPKAD.exe: 000029B0: 02:09:28 [TUniGUISessionManager]:Cache Eraser Stopped.
WebApp_BPKAD.exe: 000029B0: 02:09:28 []:EAccessViolation : Access violation at address 00409A48 in module 'WebApp_BPKAD.exe'. Read of address FFFFFFFD : Addr: $00409A48
WebApp_BPKAD.exe: 000029B0: 02:09:28 [TUniGUISessionManager]:Destroying Worker Threads.
WebApp_BPKAD.exe: 000029B0: 02:09:28 [TUniGUISessionManager]:Session manager terminated.
WebApp_BPKAD.exe: 000029B0: 02:09:28 [TUniServerModule]:Server Shutdown Completed.
WebApp_BPKAD.exe: 000029B0: 02:09:28 []:<-------------------------------------------------------------->
WebApp_BPKAD.exe: 000029B0: 02:09:28 [Terminated]:Exit Code: 0
WebApp_BPKAD.exe: 00002F00: 02:09:31 []:>--------------------------------------------------------------<
WebApp_BPKAD.exe: 00002F00: 02:09:31 [TUniServerModule]:Server First Init.
WebApp_BPKAD.exe: 00002F00: 02:09:31 [TUniServerModule]:Starting HTTP Server on Port: 85...
WebApp_BPKAD.exe: 00002F00: 02:09:31 [TUniServerModule]:HTTP Server Started on Port: 85
WebApp_BPKAD.exe: 000007E8: 02:09:37 [127.0.0.1]:EUniSessionException : Invalid session or session Timeout. (Session not found: AybB3qyfSi109625D8D ) : Addr: $00794B4E
WebApp_BPKAD.exe: 000007E8: 02:09:37 [127.0.0.1]:EUniSessionException : Invalid session or session Timeout. (Session not found: AybB3qyfSi109625D8D ) : Addr: $00794B4E
WebApp_BPKAD.exe: 00002F00: 02:13:10 [TUniServerModule]:Shutting Down Server.
WebApp_BPKAD.exe: 00002F00: 02:13:10 [TUniServerModule]:Stopping HTTP Server.
WebApp_BPKAD.exe: 00002F00: 02:13:11 [TUniServerModule]:HTTP Server Stopped.
WebApp_BPKAD.exe: 00002F00: 02:13:11 [TUniGUISessionManager]:Terminating Session manager.
WebApp_BPKAD.exe: 00002F00: 02:13:11 [TUniGUISessionManager]:Stopping Cache Eraser...
WebApp_BPKAD.exe: 00002F00: 02:13:11 [TUniGUISessionManager]:Cache Eraser Stopped.
WebApp_BPKAD.exe: 00002F00: 02:13:11 []:EAccessViolation : Access violation at address 00409A48 in module 'WebApp_BPKAD.exe'. Read of address FFFFFFFD : Addr: $00409A48
WebApp_BPKAD.exe: 00002F00: 02:13:11 [TUniGUISessionManager]:Destroying Worker Threads.
WebApp_BPKAD.exe: 00002F00: 02:13:11 [TUniGUISessionManager]:Session manager terminated.
WebApp_BPKAD.exe: 00002F00: 02:13:12 [TUniServerModule]:Server Shutdown Completed.
WebApp_BPKAD.exe: 00002F00: 02:13:12 []:<-------------------------------------------------------------->
WebApp_BPKAD.exe: 00002F00: 02:13:12 [Terminated]:Exit Code: 0
WebApp_BPKAD.exe: 00002070: 02:13:21 []:>--------------------------------------------------------------<
WebApp_BPKAD.exe: 00002070: 02:13:21 [TUniServerModule]:Server First Init.
WebApp_BPKAD.exe: 00002070: 02:13:21 [TUniServerModule]:Starting HTTP Server on Port: 85...
WebApp_BPKAD.exe: 00002070: 02:13:21 [TUniServerModule]:HTTP Server Started on Port: 85
WebApp_BPKAD.exe: 0000273C: 02:13:24 [127.0.0.1]:EUniSessionException : Invalid session or session Timeout. (Session not found: nyReydCgDI109625EAA ) : Addr: $00794B4E
WebApp_BPKAD.exe: 0000273C: 02:13:24 [127.0.0.1]:EUniSessionException : Invalid session or session Timeout. (Session not found: nyReydCgDI109625EAA ) : Addr: $00794B4E
WebApp_BPKAD.exe: 000025AC: 02:24:22 []:EAccessViolation : Access violation at address 00409A48 in module 'WebApp_BPKAD.exe'. Read of address FFFFFFFD : Addr: $00409A48
WebApp_BPKAD.exe: 00002070: 03:34:44 [TUniServerModule]:Shutting Down Server.
WebApp_BPKAD.exe: 00002070: 03:34:44 [TUniServerModule]:Stopping HTTP Server.
WebApp_BPKAD.exe: 00002070: 03:34:45 [TUniServerModule]:HTTP Server Stopped.
WebApp_BPKAD.exe: 00002070: 03:34:45 [TUniGUISessionManager]:Terminating Session manager.
WebApp_BPKAD.exe: 00002070: 03:34:45 [TUniGUISessionManager]:Stopping Cache Eraser...
WebApp_BPKAD.exe: 00002070: 03:34:45 [TUniGUISessionManager]:Cache Eraser Stopped.
WebApp_BPKAD.exe: 00002070: 03:34:45 [TUniGUISessionManager]:Destroying Worker Threads.
WebApp_BPKAD.exe: 00002070: 03:34:45 [TUniGUISessionManager]:Session manager terminated.
WebApp_BPKAD.exe: 00002070: 03:34:45 [TUniServerModule]:Server Shutdown Completed.
WebApp_BPKAD.exe: 00002070: 03:34:45 []:<-------------------------------------------------------------->
WebApp_BPKAD.exe: 00002070: 03:34:45 [Terminated]:Exit Code: 0
WebApp_BPKAD.exe: 000026BC: 09:00:47 []:>--------------------------------------------------------------<
WebApp_BPKAD.exe: 000026BC: 09:00:47 [TUniServerModule]:Server First Init.
WebApp_BPKAD.exe: 000026BC: 09:00:47 [TUniServerModule]:Starting HTTP Server on Port: 85...
WebApp_BPKAD.exe: 000026BC: 09:00:47 [TUniServerModule]:HTTP Server Started on Port: 85
WebApp_BPKAD.exe: 000009C8: 09:01:12 []:EInvalidPointer : Invalid pointer operation : Addr: $00409955
WebApp_BPKAD.exe: 000009C8: 09:01:32 []:EAccessViolation : Access violation at address 00409A48 in module 'WebApp_BPKAD.exe'. Read of address FFFFFFFD : Addr: $00409A48
WebApp_BPKAD.exe: 00001B00: 09:02:13 [127.0.0.1]:EDatabaseError : Field 'supplier' must have a value : Addr: $00660F5F
WebApp_BPKAD.exe: 00001B00: 09:02:20 [127.0.0.1]:EDatabaseError : Field 'supplier' must have a value : Addr: $00660F5F
WebApp_BPKAD.exe: 000026BC: 09:08:24 [TUniServerModule]:Shutting Down Server.
WebApp_BPKAD.exe: 000026BC: 09:08:24 [TUniServerModule]:Stopping HTTP Server.
WebApp_BPKAD.exe: 000026BC: 09:08:25 [TUniServerModule]:HTTP Server Stopped.
WebApp_BPKAD.exe: 000026BC: 09:08:25 [TUniGUISessionManager]:Terminating Session manager.
WebApp_BPKAD.exe: 000026BC: 09:08:25 [TUniGUISessionManager]:Stopping Cache Eraser...
WebApp_BPKAD.exe: 000026BC: 09:08:25 [TUniGUISessionManager]:Cache Eraser Stopped.
WebApp_BPKAD.exe: 000026BC: 09:08:25 []:EAccessViolation : Access violation at address 80000000. Read of address 80000000 : Addr: $80000000
WebApp_BPKAD.exe: 000026BC: 09:08:25 [TUniGUISessionManager]:Destroying Worker Threads.
WebApp_BPKAD.exe: 000026BC: 09:08:25 [TUniGUISessionManager]:Session manager terminated.
WebApp_BPKAD.exe: 000026BC: 09:08:25 [TUniServerModule]:Server Shutdown Completed.
WebApp_BPKAD.exe: 000026BC: 09:08:25 []:<-------------------------------------------------------------->
WebApp_BPKAD.exe: 000026BC: 09:08:25 [Terminated]:Exit Code: 0
WebApp_BPKAD.exe: 000015D8: 09:08:37 []:>--------------------------------------------------------------<
WebApp_BPKAD.exe: 000015D8: 09:08:37 [TUniServerModule]:Server First Init.
WebApp_BPKAD.exe: 000015D8: 09:08:37 [TUniServerModule]:Starting HTTP Server on Port: 85...
WebApp_BPKAD.exe: 000015D8: 09:08:37 [TUniServerModule]:HTTP Server Started on Port: 85
WebApp_BPKAD.exe: 00002638: 09:08:42 [127.0.0.1]:EUniSessionException : Invalid session or session Timeout. (Session not found: pQFzF8GHKE10962CE4B ) : Addr: $00794B4E
WebApp_BPKAD.exe: 00002638: 09:08:42 [127.0.0.1]:EUniSessionException : Invalid session or session Timeout. (Session not found: pQFzF8GHKE10962CE4B ) : Addr: $00794B4E
WebApp_BPKAD.exe: 000015D8: 09:16:13 [TUniServerModule]:Shutting Down Server.
WebApp_BPKAD.exe: 000015D8: 09:16:13 [TUniServerModule]:Stopping HTTP Server.
WebApp_BPKAD.exe: 000015D8: 09:16:14 [TUniServerModule]:HTTP Server Stopped.
WebApp_BPKAD.exe: 000015D8: 09:16:14 [TUniGUISessionManager]:Terminating Session manager.
WebApp_BPKAD.exe: 000015D8: 09:16:14 [TUniGUISessionManager]:Stopping Cache Eraser...
WebApp_BPKAD.exe: 000015D8: 09:16:14 [TUniGUISessionManager]:Cache Eraser Stopped.
WebApp_BPKAD.exe: 000015D8: 09:16:14 []:EAccessViolation : Access violation at address 00409A48 in module 'WebApp_BPKAD.exe'. Read of address FFFFFFFD : Addr: $00409A48
WebApp_BPKAD.exe: 000015D8: 09:16:14 [TUniGUISessionManager]:Destroying Worker Threads.
WebApp_BPKAD.exe: 000015D8: 09:16:14 [TUniGUISessionManager]:Session manager terminated.
WebApp_BPKAD.exe: 000015D8: 09:16:14 [TUniServerModule]:Server Shutdown Completed.
WebApp_BPKAD.exe: 000015D8: 09:16:14 []:<-------------------------------------------------------------->
WebApp_BPKAD.exe: 000015D8: 09:16:14 [Terminated]:Exit Code: 0
WebApp_BPKAD.exe: 00001434: 09:16:36 []:>--------------------------------------------------------------<
WebApp_BPKAD.exe: 00001434: 09:16:36 [TUniServerModule]:Server First Init.
WebApp_BPKAD.exe: 00001434: 09:16:36 [TUniServerModule]:Starting HTTP Server on Port: 85...
WebApp_BPKAD.exe: 00001434: 09:16:36 [TUniServerModule]:HTTP Server Started on Port: 85
WebApp_BPKAD.exe: 00000778: 09:16:40 [127.0.0.1]:EUniSessionException : Invalid session or session Timeout. (Session not found: N4wjNiKjkU10962D058 ) : Addr: $00794B4E
WebApp_BPKAD.exe: 00000778: 09:16:40 [127.0.0.1]:EUniSessionException : Invalid session or session Timeout. (Session not found: N4wjNiKjkU10962D058 ) : Addr: $00794B4E
WebApp_BPKAD.exe: 00001434: 09:29:46 [TUniServerModule]:Shutting Down Server.
WebApp_BPKAD.exe: 00001434: 09:29:46 [TUniServerModule]:Stopping HTTP Server.
WebApp_BPKAD.exe: 00001434: 09:29:47 [TUniServerModule]:HTTP Server Stopped.
WebApp_BPKAD.exe: 00001434: 09:29:47 [TUniGUISessionManager]:Terminating Session manager.
WebApp_BPKAD.exe: 00001434: 09:29:47 [TUniGUISessionManager]:Stopping Cache Eraser...
WebApp_BPKAD.exe: 00001434: 09:29:47 [TUniGUISessionManager]:Cache Eraser Stopped.
WebApp_BPKAD.exe: 00001434: 09:29:47 []:EAccessViolation : Access violation at address 00409A48 in module 'WebApp_BPKAD.exe'. Read of address FFFFFFFD : Addr: $00409A48
WebApp_BPKAD.exe: 00001434: 09:29:47 [TUniGUISessionManager]:Destroying Worker Threads.
WebApp_BPKAD.exe: 00001434: 09:29:47 [TUniGUISessionManager]:Session manager terminated.
WebApp_BPKAD.exe: 00001434: 09:29:47 [TUniServerModule]:Server Shutdown Completed.
WebApp_BPKAD.exe: 00001434: 09:29:47 []:<-------------------------------------------------------------->
WebApp_BPKAD.exe: 00001434: 09:29:47 [Terminated]:Exit Code: 0
WebApp_BPKAD.exe: 00000E98: 09:29:52 []:>--------------------------------------------------------------<
WebApp_BPKAD.exe: 00000E98: 09:29:52 [TUniServerModule]:Server First Init.
WebApp_BPKAD.exe: 00000E98: 09:29:52 [TUniServerModule]:Starting HTTP Server on Port: 85...
WebApp_BPKAD.exe: 00000E98: 09:29:52 [TUniServerModule]:HTTP Server Started on Port: 85
WebApp_BPKAD.exe: 000019D0: 09:29:58 [127.0.0.1]:EUniSessionException : Invalid session or session Timeout. (Session not found: YylEEUTtDr10962D282 ) : Addr: $00794B4E
WebApp_BPKAD.exe: 000019D0: 09:29:58 [127.0.0.1]:EUniSessionException : Invalid session or session Timeout. (Session not found: YylEEUTtDr10962D282 ) : Addr: $00794B4E
WebApp_BPKAD.exe: 00000E98: 09:31:18 [TUniServerModule]:Shutting Down Server.
WebApp_BPKAD.exe: 00000E98: 09:31:18 [TUniServerModule]:Stopping HTTP Server.
WebApp_BPKAD.exe: 00000E98: 09:31:19 [TUniServerModule]:HTTP Server Stopped.
WebApp_BPKAD.exe: 00000E98: 09:31:19 [TUniGUISessionManager]:Terminating Session manager.
WebApp_BPKAD.exe: 00000E98: 09:31:19 [TUniGUISessionManager]:Stopping Cache Eraser...
WebApp_BPKAD.exe: 00000E98: 09:31:19 [TUniGUISessionManager]:Cache Eraser Stopped.
WebApp_BPKAD.exe: 00000E98: 09:31:19 []:EAccessViolation : Access violation at address 00409A48 in module 'WebApp_BPKAD.exe'. Read of address FFFFFFFD : Addr: $00409A48
WebApp_BPKAD.exe: 00000E98: 09:31:19 [TUniGUISessionManager]:Destroying Worker Threads.
WebApp_BPKAD.exe: 00000E98: 09:31:19 [TUniGUISessionManager]:Session manager terminated.
WebApp_BPKAD.exe: 00000E98: 09:31:19 [TUniServerModule]:Server Shutdown Completed.
WebApp_BPKAD.exe: 00000E98: 09:31:19 []:<-------------------------------------------------------------->
WebApp_BPKAD.exe: 00000E98: 09:31:19 [Terminated]:Exit Code: 0
WebApp_BPKAD.exe: 00001FF4: 09:31:21 []:>--------------------------------------------------------------<
WebApp_BPKAD.exe: 00001FF4: 09:31:21 [TUniServerModule]:Server First Init.
WebApp_BPKAD.exe: 00001FF4: 09:31:21 [TUniServerModule]:Starting HTTP Server on Port: 85...
WebApp_BPKAD.exe: 00001FF4: 09:31:22 [TUniServerModule]:HTTP Server Started on Port: 85
WebApp_BPKAD.exe: 00003208: 09:31:25 [127.0.0.1]:EUniSessionException : Invalid session or session Timeout. (Session not found: 199ljXKavd10962D61E ) : Addr: $00794B4E
WebApp_BPKAD.exe: 00003208: 09:31:25 [127.0.0.1]:EUniSessionException : Invalid session or session Timeout. (Session not found: 199ljXKavd10962D61E ) : Addr: $00794B4E
WebApp_BPKAD.exe: 00001FF4: 09:33:31 [TUniServerModule]:Shutting Down Server.
WebApp_BPKAD.exe: 00001FF4: 09:33:31 [TUniServerModule]:Stopping HTTP Server.
WebApp_BPKAD.exe: 00001FF4: 09:33:32 [TUniServerModule]:HTTP Server Stopped.
WebApp_BPKAD.exe: 00001FF4: 09:33:32 [TUniGUISessionManager]:Terminating Session manager.
WebApp_BPKAD.exe: 00001FF4: 09:33:32 [TUniGUISessionManager]:Stopping Cache Eraser...
WebApp_BPKAD.exe: 00001FF4: 09:33:32 [TUniGUISessionManager]:Cache Eraser Stopped.
WebApp_BPKAD.exe: 00001FF4: 09:33:32 []:EAccessViolation : Access violation at address 00409A48 in module 'WebApp_BPKAD.exe'. Read of address FFFFFFFD : Addr: $00409A48
WebApp_BPKAD.exe: 00001FF4: 09:33:32 [TUniGUISessionManager]:Destroying Worker Threads.
WebApp_BPKAD.exe: 00001FF4: 09:33:32 [TUniGUISessionManager]:Session manager terminated.
WebApp_BPKAD.exe: 00001FF4: 09:33:32 [TUniServerModule]:Server Shutdown Completed.
WebApp_BPKAD.exe: 00001FF4: 09:33:32 []:<-------------------------------------------------------------->
WebApp_BPKAD.exe: 00001FF4: 09:33:32 [Terminated]:Exit Code: 0
WebApp_BPKAD.exe: 000022CC: 09:33:36 []:>--------------------------------------------------------------<
WebApp_BPKAD.exe: 000022CC: 09:33:36 [TUniServerModule]:Server First Init.
WebApp_BPKAD.exe: 000022CC: 09:33:36 [TUniServerModule]:Starting HTTP Server on Port: 85...
WebApp_BPKAD.exe: 000022CC: 09:33:36 [TUniServerModule]:HTTP Server Started on Port: 85
WebApp_BPKAD.exe: 000025DC: 09:33:38 [127.0.0.1]:EUniSessionException : Invalid session or session Timeout. (Session not found: wHRmn7FGGz10962D682 ) : Addr: $00794B4E
WebApp_BPKAD.exe: 000025DC: 09:33:38 [127.0.0.1]:EUniSessionException : Invalid session or session Timeout. (Session not found: wHRmn7FGGz10962D682 ) : Addr: $00794B4E
WebApp_BPKAD.exe: 000022CC: 09:40:52 [TUniServerModule]:Shutting Down Server.
WebApp_BPKAD.exe: 000022CC: 09:40:52 [TUniServerModule]:Stopping HTTP Server.
WebApp_BPKAD.exe: 000022CC: 09:40:53 [TUniServerModule]:HTTP Server Stopped.
WebApp_BPKAD.exe: 000022CC: 09:40:53 [TUniGUISessionManager]:Terminating Session manager.
WebApp_BPKAD.exe: 000022CC: 09:40:53 [TUniGUISessionManager]:Stopping Cache Eraser...
WebApp_BPKAD.exe: 000022CC: 09:40:53 [TUniGUISessionManager]:Cache Eraser Stopped.
WebApp_BPKAD.exe: 000022CC: 09:40:53 []:EAccessViolation : Access violation at address 00409A48 in module 'WebApp_BPKAD.exe'. Read of address FFFFFFFD : Addr: $00409A48
WebApp_BPKAD.exe: 000022CC: 09:40:53 [TUniGUISessionManager]:Destroying Worker Threads.
WebApp_BPKAD.exe: 000022CC: 09:40:53 [TUniGUISessionManager]:Session manager terminated.
WebApp_BPKAD.exe: 000022CC: 09:40:53 [TUniServerModule]:Server Shutdown Completed.
WebApp_BPKAD.exe: 000022CC: 09:40:53 []:<-------------------------------------------------------------->
WebApp_BPKAD.exe: 000022CC: 09:40:53 [Terminated]:Exit Code: 0
WebApp_BPKAD.exe: 00001B50: 09:40:55 []:>--------------------------------------------------------------<
WebApp_BPKAD.exe: 00001B50: 09:40:55 [TUniServerModule]:Server First Init.
WebApp_BPKAD.exe: 00001B50: 09:40:55 [TUniServerModule]:Starting HTTP Server on Port: 85...
WebApp_BPKAD.exe: 00001B50: 09:40:56 [TUniServerModule]:HTTP Server Started on Port: 85
WebApp_BPKAD.exe: 0000223C: 09:40:59 [127.0.0.1]:EUniSessionException : Invalid session or session Timeout. (Session not found: yWwEnwOTpG10962D71C ) : Addr: $00794B4E
WebApp_BPKAD.exe: 0000223C: 09:41:00 [127.0.0.1]:EUniSessionException : Invalid session or session Timeout. (Session not found: yWwEnwOTpG10962D71C ) : Addr: $00794B4E
WebApp_BPKAD.exe: 00001974: 09:51:41 []:EAccessViolation : Access violation at address 00409A48 in module 'WebApp_BPKAD.exe'. Read of address FFFFFFFD : Addr: $00409A48
WebApp_BPKAD.exe: 00001E94: 09:55:44 [127.0.0.1]:EUniSessionException : Invalid session or session Timeout. (Invalid URI: /srs6/serv/urn:publicsanctservices ) : Addr: $00794B4E
WebApp_BPKAD.exe: 00001774: 16:20:06 [127.0.0.1]:EUniSessionException : Invalid session or session Timeout. (Session not found: 8GoDSVszi610962D91B ) : Addr: $00794B4E
WebApp_BPKAD.exe: 00001774: 16:20:06 [127.0.0.1]:EUniSessionException : Invalid session or session Timeout. (Session not found: 8GoDSVszi610962D91B ) : Addr: $00794B4E
WebApp_BPKAD.exe: 00000688: 16:20:42 [127.0.0.1]:EDatabaseError : Field 'Keterangan' must have a value : Addr: $00660F5F
WebApp_BPKAD.exe: 00001B50: 16:21:19 [TUniServerModule]:Shutting Down Server.
WebApp_BPKAD.exe: 00001B50: 16:21:19 [TUniServerModule]:Stopping HTTP Server.
WebApp_BPKAD.exe: 00001B50: 16:21:20 [TUniServerModule]:HTTP Server Stopped.
WebApp_BPKAD.exe: 00001B50: 16:21:20 [TUniGUISessionManager]:Terminating Session manager.
WebApp_BPKAD.exe: 00001B50: 16:21:20 [TUniGUISessionManager]:Stopping Cache Eraser...
WebApp_BPKAD.exe: 00001B50: 16:21:20 [TUniGUISessionManager]:Cache Eraser Stopped.
WebApp_BPKAD.exe: 00001B50: 16:21:20 []:EAccessViolation : Access violation at address 80000000. Read of address 80000000 : Addr: $80000000
WebApp_BPKAD.exe: 00001B50: 16:21:20 [TUniGUISessionManager]:Destroying Worker Threads.
WebApp_BPKAD.exe: 00001B50: 16:21:20 [TUniGUISessionManager]:Session manager terminated.
WebApp_BPKAD.exe: 00001B50: 16:21:20 [TUniServerModule]:Server Shutdown Completed.
WebApp_BPKAD.exe: 00001B50: 16:21:20 []:<-------------------------------------------------------------->
WebApp_BPKAD.exe: 00001B50: 16:21:20 [Terminated]:Exit Code: 0
WebApp_BPKAD.exe: 0000350C: 16:21:23 []:>--------------------------------------------------------------<
WebApp_BPKAD.exe: 0000350C: 16:21:23 [TUniServerModule]:Server First Init.
WebApp_BPKAD.exe: 0000350C: 16:21:24 [TUniServerModule]:Starting HTTP Server on Port: 85...
WebApp_BPKAD.exe: 0000350C: 16:21:24 [TUniServerModule]:HTTP Server Started on Port: 85
WebApp_BPKAD.exe: 0000350C: 16:21:29 [TUniServerModule]:Shutting Down Server.
WebApp_BPKAD.exe: 0000350C: 16:21:29 [TUniServerModule]:Stopping HTTP Server.
WebApp_BPKAD.exe: 0000350C: 16:21:30 [TUniServerModule]:HTTP Server Stopped.
WebApp_BPKAD.exe: 0000350C: 16:21:30 [TUniGUISessionManager]:Terminating Session manager.
WebApp_BPKAD.exe: 0000350C: 16:21:30 [TUniGUISessionManager]:Stopping Cache Eraser...
WebApp_BPKAD.exe: 0000350C: 16:21:30 [TUniGUISessionManager]:Cache Eraser Stopped.
WebApp_BPKAD.exe: 0000350C: 16:21:30 [TUniGUISessionManager]:Destroying Worker Threads.
WebApp_BPKAD.exe: 0000350C: 16:21:30 [TUniGUISessionManager]:Session manager terminated.
WebApp_BPKAD.exe: 0000350C: 16:21:30 [TUniServerModule]:Server Shutdown Completed.
WebApp_BPKAD.exe: 0000350C: 16:21:30 []:<-------------------------------------------------------------->
WebApp_BPKAD.exe: 0000350C: 16:21:30 [Terminated]:Exit Code: 0
WebApp_BPKAD.exe: 00000D84: 16:24:07 []:>--------------------------------------------------------------<
WebApp_BPKAD.exe: 00000D84: 16:24:07 [TUniServerModule]:Server First Init.
WebApp_BPKAD.exe: 00000D84: 16:24:07 [TUniServerModule]:Starting HTTP Server on Port: 85...
WebApp_BPKAD.exe: 00000D84: 16:24:08 [TUniServerModule]:HTTP Server Started on Port: 85
WebApp_BPKAD.exe: 000034F4: 16:24:10 [127.0.0.1]:EUniSessionException : Invalid session or session Timeout. (Session not found: 4gSfdhNp7110963455F ) : Addr: $00794B4E
WebApp_BPKAD.exe: 000034F4: 16:24:10 [127.0.0.1]:EUniSessionException : Invalid session or session Timeout. (Session not found: 4gSfdhNp7110963455F ) : Addr: $00794B4E
WebApp_BPKAD.exe: 00001C74: 16:24:49 [TUniGUICacheEraser]:Error deleting file: "D:\OneDrive\PROJECTS\BPKAD HST\WebApp_BPKAD\cache\webapp_bpkad_exe\Y8pyEIaCBm109634679\GDQTUQ211124162443553.bmp" [OS Error:32]
WebApp_BPKAD.exe: 00000D84: 16:25:19 [TUniServerModule]:Shutting Down Server.
WebApp_BPKAD.exe: 00000D84: 16:25:19 [TUniServerModule]:Stopping HTTP Server.
WebApp_BPKAD.exe: 00000D84: 16:25:20 [TUniServerModule]:HTTP Server Stopped.
WebApp_BPKAD.exe: 00000D84: 16:25:20 [TUniGUISessionManager]:Terminating Session manager.
WebApp_BPKAD.exe: 00000D84: 16:25:20 [TUniGUISessionManager]:Stopping Cache Eraser...
WebApp_BPKAD.exe: 00000D84: 16:25:20 [TUniGUISessionManager]:Cache Eraser Stopped.
WebApp_BPKAD.exe: 00000D84: 16:25:20 []:EAccessViolation : Access violation at address 00409A48 in module 'WebApp_BPKAD.exe'. Read of address FFFFFFFD : Addr: $00409A48
WebApp_BPKAD.exe: 00000D84: 16:25:20 [TUniGUISessionManager]:Destroying Worker Threads.
WebApp_BPKAD.exe: 00000D84: 16:25:20 [TUniGUISessionManager]:Session manager terminated.
WebApp_BPKAD.exe: 00000D84: 16:25:20 [TUniServerModule]:Server Shutdown Completed.
WebApp_BPKAD.exe: 00000D84: 16:25:20 []:<-------------------------------------------------------------->
WebApp_BPKAD.exe: 00000D84: 16:25:20 [Terminated]:Exit Code: 0
WebApp_BPKAD.exe: 00002DF0: 16:25:25 []:>--------------------------------------------------------------<
WebApp_BPKAD.exe: 00002DF0: 16:25:25 [TUniServerModule]:Server First Init.
WebApp_BPKAD.exe: 00002DF0: 16:25:25 [TUniServerModule]:Starting HTTP Server on Port: 85...
WebApp_BPKAD.exe: 00002DF0: 16:25:25 [TUniServerModule]:HTTP Server Started on Port: 85
WebApp_BPKAD.exe: 00002520: 16:25:26 [127.0.0.1]:EUniSessionException : Invalid session or session Timeout. (Session not found: Y8pyEIaCBm109634679 ) : Addr: $00794B4E
WebApp_BPKAD.exe: 00002520: 16:25:26 [127.0.0.1]:EUniSessionException : Invalid session or session Timeout. (Session not found: Y8pyEIaCBm109634679 ) : Addr: $00794B4E
WebApp_BPKAD.exe: 00002DF0: 16:26:36 [TUniServerModule]:Shutting Down Server.
WebApp_BPKAD.exe: 00002DF0: 16:26:36 [TUniServerModule]:Stopping HTTP Server.
WebApp_BPKAD.exe: 00002DF0: 16:26:37 [TUniServerModule]:HTTP Server Stopped.
WebApp_BPKAD.exe: 00002DF0: 16:26:37 [TUniGUISessionManager]:Terminating Session manager.
WebApp_BPKAD.exe: 00002DF0: 16:26:37 [TUniGUISessionManager]:Stopping Cache Eraser...
WebApp_BPKAD.exe: 00002DF0: 16:26:37 [TUniGUISessionManager]:Cache Eraser Stopped.
WebApp_BPKAD.exe: 00002DF0: 16:26:37 []:EAccessViolation : Access violation at address 00409A48 in module 'WebApp_BPKAD.exe'. Read of address FFFFFFFD : Addr: $00409A48
WebApp_BPKAD.exe: 00002DF0: 16:26:37 [TUniGUISessionManager]:Destroying Worker Threads.
WebApp_BPKAD.exe: 00002DF0: 16:26:37 [TUniGUISessionManager]:Session manager terminated.
WebApp_BPKAD.exe: 00002DF0: 16:26:37 [TUniServerModule]:Server Shutdown Completed.
WebApp_BPKAD.exe: 00002DF0: 16:26:37 []:<-------------------------------------------------------------->
WebApp_BPKAD.exe: 00002DF0: 16:26:37 [Terminated]:Exit Code: 0
WebApp_BPKAD.exe: 00003860: 16:26:57 []:>--------------------------------------------------------------<
WebApp_BPKAD.exe: 00003860: 16:26:57 [TUniServerModule]:Server First Init.
WebApp_BPKAD.exe: 00003860: 16:26:57 [TUniServerModule]:Starting HTTP Server on Port: 85...
WebApp_BPKAD.exe: 00003860: 16:26:57 [TUniServerModule]:HTTP Server Started on Port: 85
WebApp_BPKAD.exe: 00002E78: 16:26:59 [127.0.0.1]:EUniSessionException : Invalid session or session Timeout. (Session not found: EikoKeufHt1096346D2 ) : Addr: $00794B4E
WebApp_BPKAD.exe: 00002E78: 16:26:59 [127.0.0.1]:EUniSessionException : Invalid session or session Timeout. (Session not found: EikoKeufHt1096346D2 ) : Addr: $00794B4E
WebApp_BPKAD.exe: 00003860: 16:34:54 [TUniServerModule]:Shutting Down Server.
WebApp_BPKAD.exe: 00003860: 16:34:54 [TUniServerModule]:Stopping HTTP Server.
WebApp_BPKAD.exe: 00003860: 16:34:55 [TUniServerModule]:HTTP Server Stopped.
WebApp_BPKAD.exe: 00003860: 16:34:55 [TUniGUISessionManager]:Terminating Session manager.
WebApp_BPKAD.exe: 00003860: 16:34:55 [TUniGUISessionManager]:Stopping Cache Eraser...
WebApp_BPKAD.exe: 00003860: 16:34:55 [TUniGUISessionManager]:Cache Eraser Stopped.
WebApp_BPKAD.exe: 00003860: 16:34:55 []:EAccessViolation : Access violation at address 00409A48 in module 'WebApp_BPKAD.exe'. Read of address FFFFFFFD : Addr: $00409A48
WebApp_BPKAD.exe: 00003860: 16:34:55 [TUniGUISessionManager]:Destroying Worker Threads.
WebApp_BPKAD.exe: 00003860: 16:34:55 [TUniGUISessionManager]:Session manager terminated.
WebApp_BPKAD.exe: 00003860: 16:34:55 [TUniServerModule]:Server Shutdown Completed.
WebApp_BPKAD.exe: 00003860: 16:34:55 []:<-------------------------------------------------------------->
WebApp_BPKAD.exe: 00003860: 16:34:55 [Terminated]:Exit Code: 0
WebApp_BPKAD.exe: 000000F0: 16:35:09 []:>--------------------------------------------------------------<
WebApp_BPKAD.exe: 000000F0: 16:35:09 [TUniServerModule]:Server First Init.
WebApp_BPKAD.exe: 000000F0: 16:35:09 [TUniServerModule]:Starting HTTP Server on Port: 85...
WebApp_BPKAD.exe: 000000F0: 16:35:10 [TUniServerModule]:HTTP Server Started on Port: 85
WebApp_BPKAD.exe: 00001318: 16:35:13 [127.0.0.1]:EUniSessionException : Invalid session or session Timeout. (Session not found: k1MBcHdbZZ10963473D ) : Addr: $00794B4E
WebApp_BPKAD.exe: 00001318: 16:35:14 [127.0.0.1]:EUniSessionException : Invalid session or session Timeout. (Session not found: k1MBcHdbZZ10963473D ) : Addr: $00794B4E
WebApp_BPKAD.exe: 000004EC: 16:38:28 [127.0.0.1]:EDatabaseError : Field 'supplier' must have a value : Addr: $00660F5F
WebApp_BPKAD.exe: 000034A8: 16:48:30 []:EAccessViolation : Access violation at address 00409A48 in module 'WebApp_BPKAD.exe'. Read of address FFFFFFFD : Addr: $00409A48
WebApp_BPKAD.exe: 000000F0: 16:55:52 [TUniServerModule]:Shutting Down Server.
WebApp_BPKAD.exe: 000000F0: 16:55:52 [TUniServerModule]:Stopping HTTP Server.
WebApp_BPKAD.exe: 000000F0: 16:55:52 [TUniServerModule]:HTTP Server Stopped.
WebApp_BPKAD.exe: 000000F0: 16:55:52 [TUniGUISessionManager]:Terminating Session manager.
WebApp_BPKAD.exe: 000000F0: 16:55:52 [TUniGUISessionManager]:Stopping Cache Eraser...
WebApp_BPKAD.exe: 000000F0: 16:55:52 [TUniGUISessionManager]:Cache Eraser Stopped.
WebApp_BPKAD.exe: 000000F0: 16:55:52 [TUniGUISessionManager]:Destroying Worker Threads.
WebApp_BPKAD.exe: 000000F0: 16:55:52 [TUniGUISessionManager]:Session manager terminated.
WebApp_BPKAD.exe: 000000F0: 16:55:52 [TUniServerModule]:Server Shutdown Completed.
WebApp_BPKAD.exe: 000000F0: 16:55:52 []:<-------------------------------------------------------------->
WebApp_BPKAD.exe: 000000F0: 16:55:52 [Terminated]:Exit Code: 0
WebApp_BPKAD.exe: 000023DC: 17:09:01 []:>--------------------------------------------------------------<
WebApp_BPKAD.exe: 000023DC: 17:09:01 [TUniServerModule]:Server First Init.
WebApp_BPKAD.exe: 000023DC: 17:09:01 [TUniServerModule]:Starting HTTP Server on Port: 85...
WebApp_BPKAD.exe: 000023DC: 17:09:01 [TUniServerModule]:HTTP Server Started on Port: 85
WebApp_BPKAD.exe: 00002E4C: 17:09:09 [127.0.0.1]:EUniSessionException : Invalid session or session Timeout. (Session not found: XvfVE7n54Z109634979 ) : Addr: $00794B4E
WebApp_BPKAD.exe: 00002E4C: 17:09:10 [127.0.0.1]:EUniSessionException : Invalid session or session Timeout. (Session not found: XvfVE7n54Z109634979 ) : Addr: $00794B4E
WebApp_BPKAD.exe: 000023DC: 17:15:59 [TUniServerModule]:Shutting Down Server.
WebApp_BPKAD.exe: 000023DC: 17:15:59 [TUniServerModule]:Stopping HTTP Server.
WebApp_BPKAD.exe: 000023DC: 17:16:00 [TUniServerModule]:HTTP Server Stopped.
WebApp_BPKAD.exe: 000023DC: 17:16:00 [TUniGUISessionManager]:Terminating Session manager.
WebApp_BPKAD.exe: 000023DC: 17:16:00 [TUniGUISessionManager]:Stopping Cache Eraser...
WebApp_BPKAD.exe: 000023DC: 17:16:00 [TUniGUISessionManager]:Cache Eraser Stopped.
WebApp_BPKAD.exe: 000023DC: 17:16:00 []:EAccessViolation : Access violation at address 00409A48 in module 'WebApp_BPKAD.exe'. Read of address FFFFFFFD : Addr: $00409A48
WebApp_BPKAD.exe: 000023DC: 17:16:00 [TUniGUISessionManager]:Destroying Worker Threads.
WebApp_BPKAD.exe: 000023DC: 17:16:00 [TUniGUISessionManager]:Session manager terminated.
WebApp_BPKAD.exe: 000023DC: 17:16:00 [TUniServerModule]:Server Shutdown Completed.
WebApp_BPKAD.exe: 000023DC: 17:16:00 []:<-------------------------------------------------------------->
WebApp_BPKAD.exe: 000023DC: 17:16:00 [Terminated]:Exit Code: 0
WebApp_BPKAD.exe: 000021C4: 17:16:02 []:>--------------------------------------------------------------<
WebApp_BPKAD.exe: 000021C4: 17:16:02 [TUniServerModule]:Server First Init.
WebApp_BPKAD.exe: 000021C4: 17:16:02 [TUniServerModule]:Starting HTTP Server on Port: 85...
WebApp_BPKAD.exe: 000021C4: 17:16:02 [TUniServerModule]:HTTP Server Started on Port: 85
WebApp_BPKAD.exe: 000024B0: 17:16:47 [127.0.0.1]:EUniSessionException : Invalid session or session Timeout. (Session not found: PnxkQAx9Vn1096352AD ) : Addr: $00794B4E
WebApp_BPKAD.exe: 000024B0: 17:16:47 [127.0.0.1]:EUniSessionException : Invalid session or session Timeout. (Session not found: PnxkQAx9Vn1096352AD ) : Addr: $00794B4E
WebApp_BPKAD.exe: 000021C4: 17:19:22 [TUniServerModule]:Shutting Down Server.
WebApp_BPKAD.exe: 000021C4: 17:19:22 [TUniServerModule]:Stopping HTTP Server.
WebApp_BPKAD.exe: 000021C4: 17:19:24 [TUniServerModule]:HTTP Server Stopped.
WebApp_BPKAD.exe: 000021C4: 17:19:24 [TUniGUISessionManager]:Terminating Session manager.
WebApp_BPKAD.exe: 000021C4: 17:19:24 [TUniGUISessionManager]:Stopping Cache Eraser...
WebApp_BPKAD.exe: 000021C4: 17:19:24 [TUniGUISessionManager]:Cache Eraser Stopped.
WebApp_BPKAD.exe: 000021C4: 17:19:24 []:EAccessViolation : Access violation at address 00409A48 in module 'WebApp_BPKAD.exe'. Read of address FFFFFFFD : Addr: $00409A48
WebApp_BPKAD.exe: 000021C4: 17:19:24 [TUniGUISessionManager]:Destroying Worker Threads.
WebApp_BPKAD.exe: 000021C4: 17:19:24 [TUniGUISessionManager]:Session manager terminated.
WebApp_BPKAD.exe: 000021C4: 17:19:24 [TUniServerModule]:Server Shutdown Completed.
WebApp_BPKAD.exe: 000021C4: 17:19:24 []:<-------------------------------------------------------------->
WebApp_BPKAD.exe: 000021C4: 17:19:24 [Terminated]:Exit Code: 0
WebApp_BPKAD.exe: 0000370C: 17:19:40 []:>--------------------------------------------------------------<
WebApp_BPKAD.exe: 0000370C: 17:19:40 [TUniServerModule]:Server First Init.
WebApp_BPKAD.exe: 0000370C: 17:19:40 [TUniServerModule]:Starting HTTP Server on Port: 85...
WebApp_BPKAD.exe: 0000370C: 17:19:40 [TUniServerModule]:HTTP Server Started on Port: 85
WebApp_BPKAD.exe: 00001C70: 17:19:45 [127.0.0.1]:EUniSessionException : Invalid session or session Timeout. (Session not found: skkzvtZyiG1096354BF ) : Addr: $00794B4E
WebApp_BPKAD.exe: 00001C70: 17:19:45 [127.0.0.1]:EUniSessionException : Invalid session or session Timeout. (Session not found: skkzvtZyiG1096354BF ) : Addr: $00794B4E
WebApp_BPKAD.exe: 0000357C: 17:23:14 [127.0.0.1]:EUniSessionException : Invalid session or session Timeout. (Invalid URI: /srs6/serv/urn:verificationservices ) : Addr: $00794B4E
WebApp_BPKAD.exe: 0000070C: 17:25:50 []:EInvalidPointer : Invalid pointer operation : Addr: $00409955
WebApp_BPKAD.exe: 0000070C: 17:26:15 []:EInvalidPointer : Invalid pointer operation : Addr: $00409955
WebApp_BPKAD.exe: 0000370C: 17:26:40 [TUniServerModule]:Shutting Down Server.
WebApp_BPKAD.exe: 0000370C: 17:26:40 [TUniServerModule]:Stopping HTTP Server.
WebApp_BPKAD.exe: 0000370C: 17:26:41 [TUniServerModule]:HTTP Server Stopped.
WebApp_BPKAD.exe: 0000370C: 17:26:41 [TUniGUISessionManager]:Terminating Session manager.
WebApp_BPKAD.exe: 0000370C: 17:26:41 [TUniGUISessionManager]:Stopping Cache Eraser...
WebApp_BPKAD.exe: 0000370C: 17:26:41 [TUniGUISessionManager]:Cache Eraser Stopped.
WebApp_BPKAD.exe: 0000370C: 17:26:41 []:EAccessViolation : Access violation at address 00409A48 in module 'WebApp_BPKAD.exe'. Read of address FFFFFFFD : Addr: $00409A48
WebApp_BPKAD.exe: 0000370C: 17:26:41 [TUniGUISessionManager]:Destroying Worker Threads.
WebApp_BPKAD.exe: 0000370C: 17:26:41 [TUniGUISessionManager]:Session manager terminated.
WebApp_BPKAD.exe: 0000370C: 17:26:41 [TUniServerModule]:Server Shutdown Completed.
WebApp_BPKAD.exe: 0000370C: 17:26:41 []:<-------------------------------------------------------------->
WebApp_BPKAD.exe: 0000370C: 17:26:41 [Terminated]:Exit Code: 0
WebApp_BPKAD.exe: 00002CB4: 17:26:51 []:>--------------------------------------------------------------<
WebApp_BPKAD.exe: 00002CB4: 17:26:51 [TUniServerModule]:Server First Init.
WebApp_BPKAD.exe: 00002CB4: 17:26:51 [TUniServerModule]:Starting HTTP Server on Port: 85...
WebApp_BPKAD.exe: 00002CB4: 17:26:51 [TUniServerModule]:HTTP Server Started on Port: 85
WebApp_BPKAD.exe: 0000186C: 17:26:51 [127.0.0.1]:EUniSessionException : Invalid session or session Timeout. (Session not found: tQU1XRu2fy10963558E ) : Addr: $00794B4E
WebApp_BPKAD.exe: 0000186C: 17:26:51 [127.0.0.1]:EUniSessionException : Invalid session or session Timeout. (Session not found: tQU1XRu2fy10963558E ) : Addr: $00794B4E
WebApp_BPKAD.exe: 00002CB4: 17:29:39 [TUniServerModule]:Shutting Down Server.
WebApp_BPKAD.exe: 00002CB4: 17:29:39 [TUniServerModule]:Stopping HTTP Server.
WebApp_BPKAD.exe: 00002CB4: 17:29:40 [TUniServerModule]:HTTP Server Stopped.
WebApp_BPKAD.exe: 00002CB4: 17:29:40 [TUniGUISessionManager]:Terminating Session manager.
WebApp_BPKAD.exe: 00002CB4: 17:29:40 [TUniGUISessionManager]:Stopping Cache Eraser...
WebApp_BPKAD.exe: 00002CB4: 17:29:40 [TUniGUISessionManager]:Cache Eraser Stopped.
WebApp_BPKAD.exe: 00002CB4: 17:29:40 []:EAccessViolation : Access violation at address 00409A48 in module 'WebApp_BPKAD.exe'. Read of address FFFFFFFD : Addr: $00409A48
WebApp_BPKAD.exe: 00002CB4: 17:29:40 [TUniGUISessionManager]:Destroying Worker Threads.
WebApp_BPKAD.exe: 00002CB4: 17:29:40 [TUniGUISessionManager]:Session manager terminated.
WebApp_BPKAD.exe: 00002CB4: 17:29:40 [TUniServerModule]:Server Shutdown Completed.
WebApp_BPKAD.exe: 00002CB4: 17:29:40 []:<-------------------------------------------------------------->
WebApp_BPKAD.exe: 00002CB4: 17:29:40 [Terminated]:Exit Code: 0
WebApp_BPKAD.exe: 00003858: 17:31:17 []:>--------------------------------------------------------------<
WebApp_BPKAD.exe: 00003858: 17:31:17 [TUniServerModule]:Server First Init.
WebApp_BPKAD.exe: 00003858: 17:31:17 [TUniServerModule]:Starting HTTP Server on Port: 85...
WebApp_BPKAD.exe: 00003858: 17:31:18 [TUniServerModule]:HTTP Server Started on Port: 85
WebApp_BPKAD.exe: 00001760: 17:31:23 [127.0.0.1]:EUniSessionException : Invalid session or session Timeout. (Session not found: XWUcIA239V10963577B ) : Addr: $00794B4E
WebApp_BPKAD.exe: 00001760: 17:31:23 [127.0.0.1]:EUniSessionException : Invalid session or session Timeout. (Session not found: XWUcIA239V10963577B ) : Addr: $00794B4E
WebApp_BPKAD.exe: 00003858: 17:37:24 [TUniServerModule]:Shutting Down Server.
WebApp_BPKAD.exe: 00003858: 17:37:24 [TUniServerModule]:Stopping HTTP Server.
WebApp_BPKAD.exe: 00003858: 17:37:25 [TUniServerModule]:HTTP Server Stopped.
WebApp_BPKAD.exe: 00003858: 17:37:25 [TUniGUISessionManager]:Terminating Session manager.
WebApp_BPKAD.exe: 00003858: 17:37:25 [TUniGUISessionManager]:Stopping Cache Eraser...
WebApp_BPKAD.exe: 00003858: 17:37:25 [TUniGUISessionManager]:Cache Eraser Stopped.
WebApp_BPKAD.exe: 00003858: 17:37:25 []:EAccessViolation : Access violation at address 00409A48 in module 'WebApp_BPKAD.exe'. Read of address FFFFFFFD : Addr: $00409A48
WebApp_BPKAD.exe: 00003858: 17:37:25 [TUniGUISessionManager]:Destroying Worker Threads.
WebApp_BPKAD.exe: 00003858: 17:37:25 [TUniGUISessionManager]:Session manager terminated.
WebApp_BPKAD.exe: 00003858: 17:37:25 [TUniServerModule]:Server Shutdown Completed.
WebApp_BPKAD.exe: 00003858: 17:37:25 []:<-------------------------------------------------------------->
WebApp_BPKAD.exe: 00003858: 17:37:25 [Terminated]:Exit Code: 0
WebApp_BPKAD.exe: 00001458: 17:43:39 []:>--------------------------------------------------------------<
WebApp_BPKAD.exe: 00001458: 17:43:39 [TUniServerModule]:Server First Init.
WebApp_BPKAD.exe: 00001458: 17:43:39 [TUniServerModule]:Starting HTTP Server on Port: 85...
WebApp_BPKAD.exe: 00001458: 17:43:40 [TUniServerModule]:HTTP Server Started on Port: 85
WebApp_BPKAD.exe: 00001BF4: 17:43:47 [127.0.0.1]:EUniSessionException : Invalid session or session Timeout. (Session not found: aRSPIAt8Qx1096358B5 ) : Addr: $00794B4E
WebApp_BPKAD.exe: 00001BF4: 17:43:48 [127.0.0.1]:EUniSessionException : Invalid session or session Timeout. (Session not found: aRSPIAt8Qx1096358B5 ) : Addr: $00794B4E
WebApp_BPKAD.exe: 000006C8: 17:54:00 []:EAccessViolation : Access violation at address 00409A48 in module 'WebApp_BPKAD.exe'. Read of address FFFFFFFD : Addr: $00409A48
WebApp_BPKAD.exe: 000034D4: 17:57:13 [127.0.0.1]:EUniSessionException : Invalid session or session Timeout. (Session not found: oTQGRDcXXi109635C13 ) : Addr: $00794B4E
WebApp_BPKAD.exe: 000034D4: 17:57:13 [127.0.0.1]:EUniSessionException : Invalid session or session Timeout. (Session not found: oTQGRDcXXi109635C13 ) : Addr: $00794B4E
WebApp_BPKAD.exe: 00001458: 17:57:55 [TUniServerModule]:Shutting Down Server.
WebApp_BPKAD.exe: 00001458: 17:57:55 [TUniServerModule]:Stopping HTTP Server.
WebApp_BPKAD.exe: 00001458: 17:57:56 [TUniServerModule]:HTTP Server Stopped.
WebApp_BPKAD.exe: 00001458: 17:57:56 [TUniGUISessionManager]:Terminating Session manager.
WebApp_BPKAD.exe: 00001458: 17:57:56 [TUniGUISessionManager]:Stopping Cache Eraser...
WebApp_BPKAD.exe: 00001458: 17:57:56 [TUniGUISessionManager]:Cache Eraser Stopped.
WebApp_BPKAD.exe: 00001458: 17:57:56 []:EAccessViolation : Access violation at address 80000000. Read of address 80000000 : Addr: $80000000
WebApp_BPKAD.exe: 00001458: 17:57:56 [TUniGUISessionManager]:Destroying Worker Threads.
WebApp_BPKAD.exe: 00001458: 17:57:56 [TUniGUISessionManager]:Session manager terminated.
WebApp_BPKAD.exe: 00001458: 17:57:56 [TUniServerModule]:Server Shutdown Completed.
WebApp_BPKAD.exe: 00001458: 17:57:56 []:<-------------------------------------------------------------->
WebApp_BPKAD.exe: 00001458: 17:57:56 [Terminated]:Exit Code: 0
