WebApp_BPKAD.exe: 00002E34: 12:02:57 []:>--------------------------------------------------------------<
WebApp_BPKAD.exe: 00002E34: 12:02:57 [TUniServerModule]:Server First Init.
WebApp_BPKAD.exe: 00002E34: 12:02:57 [TUniServerModule]:Starting HTTP Server on Port: 85...
WebApp_BPKAD.exe: 00002E34: 12:02:57 [TUniServerModule]:HTTP Server Started on Port: 85
WebApp_BPKAD.exe: 000045F0: 12:03:32 []:EInvalidPointer : Invalid pointer operation : Addr: $00409DA9
WebApp_BPKAD.exe: 00002E34: 12:04:17 [TUniServerModule]:Shutting Down Server.
WebApp_BPKAD.exe: 00002E34: 12:04:17 [TUniServerModule]:Stopping HTTP Server.
WebApp_BPKAD.exe: 00002E34: 12:04:18 [TUniServerModule]:HTTP Server Stopped.
WebApp_BPKAD.exe: 00002E34: 12:04:18 [TUniGUISessionManager]:Terminating Session manager.
WebApp_BPKAD.exe: 00002E34: 12:04:18 [TUniGUISessionManager]:Stopping Cache Eraser...
WebApp_BPKAD.exe: 00002E34: 12:04:18 [TUniGUISessionManager]:Cache Eraser Stopped.
WebApp_BPKAD.exe: 00002E34: 12:04:18 []:EInvalidPointer : Invalid pointer operation : Addr: $00409DA9
WebApp_BPKAD.exe: 00002E34: 12:04:18 [TUniGUISessionManager]:Destroying Worker Threads.
WebApp_BPKAD.exe: 00002E34: 12:04:18 [TUniGUISessionManager]:Session manager terminated.
WebApp_BPKAD.exe: 00002E34: 12:04:18 [TUniServerModule]:Server Shutdown Completed.
WebApp_BPKAD.exe: 00002E34: 12:04:18 []:<-------------------------------------------------------------->
WebApp_BPKAD.exe: 00002E34: 12:04:18 [Terminated]:Exit Code: 0
WebApp_BPKAD.exe: 00004BB4: 12:07:39 []:>--------------------------------------------------------------<
WebApp_BPKAD.exe: 00004BB4: 12:07:39 [TUniServerModule]:Server First Init.
WebApp_BPKAD.exe: 00004BB4: 12:07:39 [TUniServerModule]:Starting HTTP Server on Port: 85...
WebApp_BPKAD.exe: 00004BB4: 12:07:40 [TUniServerModule]:HTTP Server Started on Port: 85
WebApp_BPKAD.exe: 00004F34: 12:07:45 [127.0.0.1]:EUniSessionException : Invalid session or session Timeout. (Session not found: 8hcioZnwIi1090C0603 ) : Addr: $007E02AA
WebApp_BPKAD.exe: 00004BB4: 12:08:25 [TUniServerModule]:Shutting Down Server.
WebApp_BPKAD.exe: 00004BB4: 12:08:25 [TUniServerModule]:Stopping HTTP Server.
WebApp_BPKAD.exe: 00004BB4: 12:08:26 [TUniServerModule]:HTTP Server Stopped.
WebApp_BPKAD.exe: 00004BB4: 12:08:26 [TUniGUISessionManager]:Terminating Session manager.
WebApp_BPKAD.exe: 00004BB4: 12:08:26 [TUniGUISessionManager]:Stopping Cache Eraser...
WebApp_BPKAD.exe: 00004BB4: 12:08:26 [TUniGUISessionManager]:Cache Eraser Stopped.
WebApp_BPKAD.exe: 00004BB4: 12:08:26 []:EInvalidPointer : Invalid pointer operation : Addr: $00409DA9
WebApp_BPKAD.exe: 00004BB4: 12:08:26 [TUniGUISessionManager]:Destroying Worker Threads.
WebApp_BPKAD.exe: 00004BB4: 12:08:26 [TUniGUISessionManager]:Session manager terminated.
WebApp_BPKAD.exe: 00004BB4: 12:08:26 [TUniServerModule]:Server Shutdown Completed.
WebApp_BPKAD.exe: 00004BB4: 12:08:26 []:<-------------------------------------------------------------->
WebApp_BPKAD.exe: 00004BB4: 12:08:26 [Terminated]:Exit Code: 0
WebApp_BPKAD.exe: 00004DE8: 12:11:37 []:>--------------------------------------------------------------<
WebApp_BPKAD.exe: 00004DE8: 12:11:37 [TUniServerModule]:Server First Init.
WebApp_BPKAD.exe: 00004DE8: 12:11:37 [TUniServerModule]:Starting HTTP Server on Port: 85...
WebApp_BPKAD.exe: 00004DE8: 12:11:38 [TUniServerModule]:HTTP Server Started on Port: 85
WebApp_BPKAD.exe: 0000129C: 12:11:38 [127.0.0.1]:EUniSessionException : Invalid session or session Timeout. (Session not found: hIsGF3jzPd1090C074C ) : Addr: $007E02AA
WebApp_BPKAD.exe: 00004DE8: 12:12:20 [TUniServerModule]:Shutting Down Server.
WebApp_BPKAD.exe: 00004DE8: 12:12:20 [TUniServerModule]:Stopping HTTP Server.
WebApp_BPKAD.exe: 00004DE8: 12:12:21 [TUniServerModule]:HTTP Server Stopped.
WebApp_BPKAD.exe: 00004DE8: 12:12:21 [TUniGUISessionManager]:Terminating Session manager.
WebApp_BPKAD.exe: 00004DE8: 12:12:21 [TUniGUISessionManager]:Stopping Cache Eraser...
WebApp_BPKAD.exe: 00004DE8: 12:12:21 [TUniGUISessionManager]:Cache Eraser Stopped.
WebApp_BPKAD.exe: 00004DE8: 12:12:21 []:EInvalidPointer : Invalid pointer operation : Addr: $00409DA9
WebApp_BPKAD.exe: 00004DE8: 12:12:21 [TUniGUISessionManager]:Destroying Worker Threads.
WebApp_BPKAD.exe: 00004DE8: 12:12:21 [TUniGUISessionManager]:Session manager terminated.
WebApp_BPKAD.exe: 00004DE8: 12:12:21 [TUniServerModule]:Server Shutdown Completed.
WebApp_BPKAD.exe: 00004DE8: 12:12:21 []:<-------------------------------------------------------------->
WebApp_BPKAD.exe: 00004DE8: 12:12:21 [Terminated]:Exit Code: 0
WebApp_BPKAD.exe: 00001D94: 12:30:48 []:>--------------------------------------------------------------<
WebApp_BPKAD.exe: 00001D94: 12:30:48 [TUniServerModule]:Server First Init.
WebApp_BPKAD.exe: 00001D94: 12:30:48 [TUniServerModule]:Starting HTTP Server on Port: 85...
WebApp_BPKAD.exe: 00001D94: 12:30:49 [TUniServerModule]:HTTP Server Started on Port: 85
WebApp_BPKAD.exe: 000047A4: 12:30:51 [127.0.0.1]:EUniSessionException : Invalid session or session Timeout. (Session not found: HSp4k8vuvM1090C085A ) : Addr: $007E02AA
WebApp_BPKAD.exe: 00002DB4: 12:41:25 []:EInvalidPointer : Invalid pointer operation : Addr: $00409DA9
WebApp_BPKAD.exe: 00001D94: 12:47:07 [TUniServerModule]:Shutting Down Server.
WebApp_BPKAD.exe: 00001D94: 12:47:07 [TUniServerModule]:Stopping HTTP Server.
WebApp_BPKAD.exe: 00001D94: 12:47:08 [TUniServerModule]:HTTP Server Stopped.
WebApp_BPKAD.exe: 00001D94: 12:47:08 [TUniGUISessionManager]:Terminating Session manager.
WebApp_BPKAD.exe: 00001D94: 12:47:08 [TUniGUISessionManager]:Stopping Cache Eraser...
WebApp_BPKAD.exe: 00001D94: 12:47:08 [TUniGUISessionManager]:Cache Eraser Stopped.
WebApp_BPKAD.exe: 00001D94: 12:47:08 [TUniGUISessionManager]:Destroying Worker Threads.
WebApp_BPKAD.exe: 00001D94: 12:47:08 [TUniGUISessionManager]:Session manager terminated.
WebApp_BPKAD.exe: 00001D94: 12:47:08 [TUniServerModule]:Server Shutdown Completed.
WebApp_BPKAD.exe: 00001D94: 12:47:08 []:<-------------------------------------------------------------->
WebApp_BPKAD.exe: 00001D94: 12:47:08 [Terminated]:Exit Code: 0
WebApp_BPKAD.exe: 00000CA8: 12:47:17 []:>--------------------------------------------------------------<
WebApp_BPKAD.exe: 00000CA8: 12:47:17 [TUniServerModule]:Server First Init.
WebApp_BPKAD.exe: 00000CA8: 12:47:17 [TUniServerModule]:Starting HTTP Server on Port: 85...
WebApp_BPKAD.exe: 00000CA8: 12:47:18 [TUniServerModule]:HTTP Server Started on Port: 85
WebApp_BPKAD.exe: 00004574: 12:47:21 [127.0.0.1]:EUniSessionException : Invalid session or session Timeout. (Session not found: a6ctqtUO9S1090C0D91 ) : Addr: $007E02AA
WebApp_BPKAD.exe: 00004574: 12:47:54 ['Dinas Pendidikan' is not a valid integer value-127.0.0.1]:EConvertError : 'Dinas Pendidikan' is not a valid integer value : Addr: $0042B43A
WebApp_BPKAD.exe: 00000CA8: 12:50:00 [TUniServerModule]:Shutting Down Server.
WebApp_BPKAD.exe: 00000CA8: 12:50:00 [TUniServerModule]:Stopping HTTP Server.
WebApp_BPKAD.exe: 00000CA8: 12:50:01 [TUniServerModule]:HTTP Server Stopped.
WebApp_BPKAD.exe: 00000CA8: 12:50:01 [TUniGUISessionManager]:Terminating Session manager.
WebApp_BPKAD.exe: 00000CA8: 12:50:01 [TUniGUISessionManager]:Stopping Cache Eraser...
WebApp_BPKAD.exe: 00000CA8: 12:50:01 [TUniGUISessionManager]:Cache Eraser Stopped.
WebApp_BPKAD.exe: 00000CA8: 12:50:01 []:EInvalidPointer : Invalid pointer operation : Addr: $00409DA9
WebApp_BPKAD.exe: 00000CA8: 12:50:01 [TUniGUISessionManager]:Destroying Worker Threads.
WebApp_BPKAD.exe: 00000CA8: 12:50:01 [TUniGUISessionManager]:Session manager terminated.
WebApp_BPKAD.exe: 00000CA8: 12:50:01 [TUniServerModule]:Server Shutdown Completed.
WebApp_BPKAD.exe: 00000CA8: 12:50:01 []:<-------------------------------------------------------------->
WebApp_BPKAD.exe: 00000CA8: 12:50:01 [Terminated]:Exit Code: 0
WebApp_BPKAD.exe: 000019BC: 12:50:05 []:>--------------------------------------------------------------<
WebApp_BPKAD.exe: 000019BC: 12:50:05 [TUniServerModule]:Server First Init.
WebApp_BPKAD.exe: 000019BC: 12:50:05 [TUniServerModule]:Starting HTTP Server on Port: 85...
WebApp_BPKAD.exe: 000019BC: 12:50:05 [TUniServerModule]:HTTP Server Started on Port: 85
WebApp_BPKAD.exe: 00003624: 12:50:06 [127.0.0.1]:EUniSessionException : Invalid session or session Timeout. (Session not found: bU7R7iU1bq1090C120A ) : Addr: $007E02AA
WebApp_BPKAD.exe: 000038B4: 13:04:36 []:EInvalidPointer : Invalid pointer operation : Addr: $00409DA9
WebApp_BPKAD.exe: 00003458: 13:14:28 [127.0.0.1]:EUniSessionException : Invalid session or session Timeout. (Invalid URI: /srs6/serv/urn:verificationservices ) : Addr: $007E02AA
WebApp_BPKAD.exe: 000019BC: 13:16:12 [TUniServerModule]:Shutting Down Server.
WebApp_BPKAD.exe: 000019BC: 13:16:12 [TUniServerModule]:Stopping HTTP Server.
WebApp_BPKAD.exe: 000019BC: 13:16:13 [TUniServerModule]:HTTP Server Stopped.
WebApp_BPKAD.exe: 000019BC: 13:16:13 [TUniGUISessionManager]:Terminating Session manager.
WebApp_BPKAD.exe: 000019BC: 13:16:13 [TUniGUISessionManager]:Stopping Cache Eraser...
WebApp_BPKAD.exe: 000019BC: 13:16:13 [TUniGUISessionManager]:Cache Eraser Stopped.
WebApp_BPKAD.exe: 000019BC: 13:16:13 [TUniGUISessionManager]:Destroying Worker Threads.
WebApp_BPKAD.exe: 000019BC: 13:16:14 [TUniGUISessionManager]:Session manager terminated.
WebApp_BPKAD.exe: 000019BC: 13:16:14 [TUniServerModule]:Server Shutdown Completed.
WebApp_BPKAD.exe: 000019BC: 13:16:14 []:<-------------------------------------------------------------->
WebApp_BPKAD.exe: 000019BC: 13:16:14 [Terminated]:Exit Code: 0
WebApp_BPKAD.exe: 000015EC: 13:16:22 []:>--------------------------------------------------------------<
WebApp_BPKAD.exe: 000015EC: 13:16:22 [TUniServerModule]:Server First Init.
WebApp_BPKAD.exe: 000015EC: 13:16:22 [TUniServerModule]:Starting HTTP Server on Port: 85...
WebApp_BPKAD.exe: 000015EC: 13:16:23 [TUniServerModule]:HTTP Server Started on Port: 85
WebApp_BPKAD.exe: 00003968: 13:16:26 [127.0.0.1]:EUniSessionException : Invalid session or session Timeout. (Session not found: sPFsKypgIs1090C12CA ) : Addr: $007E02AA
WebApp_BPKAD.exe: 000015EC: 13:16:41 [TUniServerModule]:Shutting Down Server.
WebApp_BPKAD.exe: 000015EC: 13:16:41 [TUniServerModule]:Stopping HTTP Server.
WebApp_BPKAD.exe: 000015EC: 13:16:42 [TUniServerModule]:HTTP Server Stopped.
WebApp_BPKAD.exe: 000015EC: 13:16:42 [TUniGUISessionManager]:Terminating Session manager.
WebApp_BPKAD.exe: 000015EC: 13:16:42 [TUniGUISessionManager]:Stopping Cache Eraser...
WebApp_BPKAD.exe: 000015EC: 13:16:42 [TUniGUISessionManager]:Cache Eraser Stopped.
WebApp_BPKAD.exe: 000015EC: 13:16:42 []:EInvalidPointer : Invalid pointer operation : Addr: $00409DA9
WebApp_BPKAD.exe: 000015EC: 13:16:43 [TUniGUISessionManager]:Destroying Worker Threads.
WebApp_BPKAD.exe: 000015EC: 13:16:43 [TUniGUISessionManager]:Session manager terminated.
WebApp_BPKAD.exe: 000015EC: 13:16:43 [TUniServerModule]:Server Shutdown Completed.
WebApp_BPKAD.exe: 000015EC: 13:16:43 []:<-------------------------------------------------------------->
WebApp_BPKAD.exe: 000015EC: 13:16:43 [Terminated]:Exit Code: 0
WebApp_BPKAD.exe: 00000688: 13:17:02 []:>--------------------------------------------------------------<
WebApp_BPKAD.exe: 00000688: 13:17:02 [TUniServerModule]:Server First Init.
WebApp_BPKAD.exe: 00000688: 13:17:02 [TUniServerModule]:Starting HTTP Server on Port: 85...
WebApp_BPKAD.exe: 00000688: 13:17:02 [TUniServerModule]:HTTP Server Started on Port: 85
WebApp_BPKAD.exe: 00004C5C: 13:17:05 [127.0.0.1]:EUniSessionException : Invalid session or session Timeout. (Session not found: xLmxNF327y1090C19EE ) : Addr: $007E02AA
WebApp_BPKAD.exe: 00000688: 13:18:03 [TUniServerModule]:Shutting Down Server.
WebApp_BPKAD.exe: 00000688: 13:18:03 [TUniServerModule]:Stopping HTTP Server.
WebApp_BPKAD.exe: 00000688: 13:18:04 [TUniServerModule]:HTTP Server Stopped.
WebApp_BPKAD.exe: 00000688: 13:18:04 [TUniGUISessionManager]:Terminating Session manager.
WebApp_BPKAD.exe: 00000688: 13:18:04 [TUniGUISessionManager]:Stopping Cache Eraser...
WebApp_BPKAD.exe: 00000688: 13:18:04 [TUniGUISessionManager]:Cache Eraser Stopped.
WebApp_BPKAD.exe: 00000688: 13:18:04 []:EInvalidPointer : Invalid pointer operation : Addr: $00409DA9
WebApp_BPKAD.exe: 00000688: 13:18:04 [TUniGUISessionManager]:Destroying Worker Threads.
WebApp_BPKAD.exe: 00000688: 13:18:04 [TUniGUISessionManager]:Session manager terminated.
WebApp_BPKAD.exe: 00000688: 13:18:04 [TUniServerModule]:Server Shutdown Completed.
WebApp_BPKAD.exe: 00000688: 13:18:04 []:<-------------------------------------------------------------->
WebApp_BPKAD.exe: 00000688: 13:18:04 [Terminated]:Exit Code: 0
WebApp_BPKAD.exe: 00000EEC: 13:23:28 []:>--------------------------------------------------------------<
WebApp_BPKAD.exe: 00000EEC: 13:23:28 [TUniServerModule]:Server First Init.
WebApp_BPKAD.exe: 00000EEC: 13:23:28 [TUniServerModule]:Starting HTTP Server on Port: 85...
WebApp_BPKAD.exe: 00000EEC: 13:23:28 [TUniServerModule]:HTTP Server Started on Port: 85
WebApp_BPKAD.exe: 00003598: 13:23:28 [127.0.0.1]:EUniSessionException : Invalid session or session Timeout. (Session not found: vBGfAx7PEg1090C1A1B ) : Addr: $007E02AA
WebApp_BPKAD.exe: 00000EEC: 13:23:30 [TUniServerModule]:Shutting Down Server.
WebApp_BPKAD.exe: 00000EEC: 13:23:30 [TUniServerModule]:Stopping HTTP Server.
WebApp_BPKAD.exe: 00000EEC: 13:23:31 [TUniServerModule]:HTTP Server Stopped.
WebApp_BPKAD.exe: 00000EEC: 13:23:31 [TUniGUISessionManager]:Terminating Session manager.
WebApp_BPKAD.exe: 00000EEC: 13:23:31 [TUniGUISessionManager]:Stopping Cache Eraser...
WebApp_BPKAD.exe: 00000EEC: 13:23:31 [TUniGUISessionManager]:Cache Eraser Stopped.
WebApp_BPKAD.exe: 00000EEC: 13:23:31 [TUniGUISessionManager]:Destroying Worker Threads.
WebApp_BPKAD.exe: 00000EEC: 13:23:31 [TUniGUISessionManager]:Session manager terminated.
WebApp_BPKAD.exe: 00000EEC: 13:23:31 [TUniServerModule]:Server Shutdown Completed.
WebApp_BPKAD.exe: 00000EEC: 13:23:31 []:<-------------------------------------------------------------->
WebApp_BPKAD.exe: 00000EEC: 13:23:31 [Terminated]:Exit Code: 0
WebApp_BPKAD.exe: 00000D24: 14:33:56 []:>--------------------------------------------------------------<
WebApp_BPKAD.exe: 00000D24: 14:33:58 [TUniServerModule]:Server First Init.
WebApp_BPKAD.exe: 00000D24: 14:33:58 [TUniServerModule]:Starting HTTP Server on Port: 85...
WebApp_BPKAD.exe: 00000D24: 14:33:58 [TUniServerModule]:HTTP Server Started on Port: 85
WebApp_BPKAD.exe: 00000D24: 14:35:14 [TUniServerModule]:Shutting Down Server.
WebApp_BPKAD.exe: 00000D24: 14:35:14 [TUniServerModule]:Stopping HTTP Server.
WebApp_BPKAD.exe: 00000D24: 14:35:15 [TUniServerModule]:HTTP Server Stopped.
WebApp_BPKAD.exe: 00000D24: 14:35:15 [TUniGUISessionManager]:Terminating Session manager.
WebApp_BPKAD.exe: 00000D24: 14:35:15 [TUniGUISessionManager]:Stopping Cache Eraser...
WebApp_BPKAD.exe: 00000D24: 14:35:15 [TUniGUISessionManager]:Cache Eraser Stopped.
WebApp_BPKAD.exe: 00000D24: 14:35:15 []:EInvalidPointer : Invalid pointer operation : Addr: $00409DA9
WebApp_BPKAD.exe: 00000D24: 14:35:15 [TUniGUISessionManager]:Destroying Worker Threads.
WebApp_BPKAD.exe: 00000D24: 14:35:15 [TUniGUISessionManager]:Session manager terminated.
WebApp_BPKAD.exe: 00000D24: 14:35:15 [TUniServerModule]:Server Shutdown Completed.
WebApp_BPKAD.exe: 00000D24: 14:35:15 []:<-------------------------------------------------------------->
WebApp_BPKAD.exe: 00000D24: 14:35:15 [Terminated]:Exit Code: 0
WebApp_BPKAD.exe: 00002164: 14:41:58 []:>--------------------------------------------------------------<
WebApp_BPKAD.exe: 00002164: 14:41:58 [TUniServerModule]:Server First Init.
WebApp_BPKAD.exe: 00002164: 14:41:58 [TUniServerModule]:Starting HTTP Server on Port: 85...
WebApp_BPKAD.exe: 00002164: 14:41:58 [TUniServerModule]:HTTP Server Started on Port: 85
WebApp_BPKAD.exe: 000026D8: 14:42:06 [127.0.0.1]:EUniSessionException : Invalid session or session Timeout. (Session not found: QBRrDvNGMV1090C2F19 ) : Addr: $007E02AA
WebApp_BPKAD.exe: 00002164: 14:42:29 [TUniServerModule]:Shutting Down Server.
WebApp_BPKAD.exe: 00002164: 14:42:29 [TUniServerModule]:Stopping HTTP Server.
WebApp_BPKAD.exe: 00002164: 14:42:30 [TUniServerModule]:HTTP Server Stopped.
WebApp_BPKAD.exe: 00002164: 14:42:30 [TUniGUISessionManager]:Terminating Session manager.
WebApp_BPKAD.exe: 00002164: 14:42:30 [TUniGUISessionManager]:Stopping Cache Eraser...
WebApp_BPKAD.exe: 00002164: 14:42:30 [TUniGUISessionManager]:Cache Eraser Stopped.
WebApp_BPKAD.exe: 00002164: 14:42:30 []:EInvalidPointer : Invalid pointer operation : Addr: $00409DA9
WebApp_BPKAD.exe: 00002164: 14:42:30 [TUniGUISessionManager]:Destroying Worker Threads.
WebApp_BPKAD.exe: 00002164: 14:42:30 [TUniGUISessionManager]:Session manager terminated.
WebApp_BPKAD.exe: 00002164: 14:42:30 [TUniServerModule]:Server Shutdown Completed.
WebApp_BPKAD.exe: 00002164: 14:42:30 []:<-------------------------------------------------------------->
WebApp_BPKAD.exe: 00002164: 14:42:30 [Terminated]:Exit Code: 0
WebApp_BPKAD.exe: 000013A0: 14:44:23 []:>--------------------------------------------------------------<
WebApp_BPKAD.exe: 000013A0: 14:44:23 [TUniServerModule]:Server First Init.
WebApp_BPKAD.exe: 000013A0: 14:44:23 [TUniServerModule]:Starting HTTP Server on Port: 85...
WebApp_BPKAD.exe: 000013A0: 14:44:24 [TUniServerModule]:HTTP Server Started on Port: 85
WebApp_BPKAD.exe: 00002924: 14:44:24 [127.0.0.1]:EUniSessionException : Invalid session or session Timeout. (Session not found: TXU4XsvVWX1090C3127 ) : Addr: $007E02AA
WebApp_BPKAD.exe: 00002924: 14:44:24 [127.0.0.1]:EUniSessionException : Invalid session or session Timeout. (Session not found: TXU4XsvVWX1090C3127 ) : Addr: $007E02AA
WebApp_BPKAD.exe: 00002924: 14:44:24 [127.0.0.1]:EUniSessionException : Invalid session or session Timeout. (Session not found: TXU4XsvVWX1090C3127 ) : Addr: $007E02AA
WebApp_BPKAD.exe: 000013A0: 14:45:12 [TUniServerModule]:Shutting Down Server.
WebApp_BPKAD.exe: 000013A0: 14:45:12 [TUniServerModule]:Stopping HTTP Server.
WebApp_BPKAD.exe: 000013A0: 14:45:13 [TUniServerModule]:HTTP Server Stopped.
WebApp_BPKAD.exe: 000013A0: 14:45:13 [TUniGUISessionManager]:Terminating Session manager.
WebApp_BPKAD.exe: 000013A0: 14:45:13 [TUniGUISessionManager]:Stopping Cache Eraser...
WebApp_BPKAD.exe: 000013A0: 14:45:13 [TUniGUISessionManager]:Cache Eraser Stopped.
WebApp_BPKAD.exe: 000013A0: 14:45:13 []:EInvalidPointer : Invalid pointer operation : Addr: $00409DA9
WebApp_BPKAD.exe: 000013A0: 14:45:13 [TUniGUISessionManager]:Destroying Worker Threads.
WebApp_BPKAD.exe: 000013A0: 14:45:13 [TUniGUISessionManager]:Session manager terminated.
WebApp_BPKAD.exe: 000013A0: 14:45:14 [TUniServerModule]:Server Shutdown Completed.
WebApp_BPKAD.exe: 000013A0: 14:45:14 []:<-------------------------------------------------------------->
WebApp_BPKAD.exe: 000013A0: 14:45:14 [Terminated]:Exit Code: 0
WebApp_BPKAD.exe: 0000102C: 14:55:17 []:>--------------------------------------------------------------<
WebApp_BPKAD.exe: 0000102C: 14:55:17 [TUniServerModule]:Server First Init.
WebApp_BPKAD.exe: 0000102C: 14:55:17 [TUniServerModule]:Starting HTTP Server on Port: 85...
WebApp_BPKAD.exe: 0000102C: 14:55:17 [TUniServerModule]:HTTP Server Started on Port: 85
WebApp_BPKAD.exe: 0000102C: 14:55:56 [TUniServerModule]:Shutting Down Server.
WebApp_BPKAD.exe: 0000102C: 14:55:56 [TUniServerModule]:Stopping HTTP Server.
WebApp_BPKAD.exe: 0000102C: 14:55:57 [TUniServerModule]:HTTP Server Stopped.
WebApp_BPKAD.exe: 0000102C: 14:55:57 [TUniGUISessionManager]:Terminating Session manager.
WebApp_BPKAD.exe: 0000102C: 14:55:57 [TUniGUISessionManager]:Stopping Cache Eraser...
WebApp_BPKAD.exe: 0000102C: 14:55:57 [TUniGUISessionManager]:Cache Eraser Stopped.
WebApp_BPKAD.exe: 0000102C: 14:55:57 []:EInvalidPointer : Invalid pointer operation : Addr: $00409DA9
WebApp_BPKAD.exe: 0000102C: 14:55:57 [TUniGUISessionManager]:Destroying Worker Threads.
WebApp_BPKAD.exe: 0000102C: 14:55:57 [TUniGUISessionManager]:Session manager terminated.
WebApp_BPKAD.exe: 0000102C: 14:55:57 [TUniServerModule]:Server Shutdown Completed.
WebApp_BPKAD.exe: 0000102C: 14:55:57 []:<-------------------------------------------------------------->
WebApp_BPKAD.exe: 0000102C: 14:55:57 [Terminated]:Exit Code: 0
WebApp_BPKAD.exe: 000009EC: 14:58:34 []:>--------------------------------------------------------------<
WebApp_BPKAD.exe: 000009EC: 14:58:34 [TUniServerModule]:Server First Init.
WebApp_BPKAD.exe: 000009EC: 14:58:34 [TUniServerModule]:Starting HTTP Server on Port: 85...
WebApp_BPKAD.exe: 000009EC: 14:58:34 [TUniServerModule]:HTTP Server Started on Port: 85
WebApp_BPKAD.exe: 00001CE0: 14:58:38 [127.0.0.1]:EUniSessionException : Invalid session or session Timeout. (Session not found: gG3tZ1qqXl1090C34BD ) : Addr: $007E058E
WebApp_BPKAD.exe: 000009EC: 14:59:04 [TUniServerModule]:Shutting Down Server.
WebApp_BPKAD.exe: 000009EC: 14:59:04 [TUniServerModule]:Stopping HTTP Server.
WebApp_BPKAD.exe: 000009EC: 14:59:05 [TUniServerModule]:HTTP Server Stopped.
WebApp_BPKAD.exe: 000009EC: 14:59:05 [TUniGUISessionManager]:Terminating Session manager.
WebApp_BPKAD.exe: 000009EC: 14:59:05 [TUniGUISessionManager]:Stopping Cache Eraser...
WebApp_BPKAD.exe: 000009EC: 14:59:05 [TUniGUISessionManager]:Cache Eraser Stopped.
WebApp_BPKAD.exe: 000009EC: 14:59:05 []:EInvalidPointer : Invalid pointer operation : Addr: $00409DA9
WebApp_BPKAD.exe: 000009EC: 14:59:05 [TUniGUISessionManager]:Destroying Worker Threads.
WebApp_BPKAD.exe: 000009EC: 14:59:06 [TUniGUISessionManager]:Session manager terminated.
WebApp_BPKAD.exe: 000009EC: 14:59:06 [TUniServerModule]:Server Shutdown Completed.
WebApp_BPKAD.exe: 000009EC: 14:59:06 []:<-------------------------------------------------------------->
WebApp_BPKAD.exe: 000009EC: 14:59:06 [Terminated]:Exit Code: 0
WebApp_BPKAD.exe: 00002980: 15:02:07 []:>--------------------------------------------------------------<
WebApp_BPKAD.exe: 00002980: 15:02:07 [TUniServerModule]:Server First Init.
WebApp_BPKAD.exe: 00002980: 15:02:07 [TUniServerModule]:Starting HTTP Server on Port: 85...
WebApp_BPKAD.exe: 00002980: 15:02:08 [TUniServerModule]:HTTP Server Started on Port: 85
WebApp_BPKAD.exe: 00001F30: 15:02:11 [127.0.0.1]:EUniSessionException : Invalid session or session Timeout. (Session not found: GrWiPv3mAf1090C35A6 ) : Addr: $007E058E
WebApp_BPKAD.exe: 00002D74: 15:12:23 []:EInvalidPointer : Invalid pointer operation : Addr: $00409DA9
WebApp_BPKAD.exe: 00002D74: 15:13:08 []:EInvalidPointer : Invalid pointer operation : Addr: $00409DA9
WebApp_BPKAD.exe: 000021D4: 15:13:17 [127.0.0.1]:EUniSessionException : Invalid session or session Timeout. (Session not found: ph1Y8GTjTn1090C369E ) : Addr: $007E058E
WebApp_BPKAD.exe: 00002980: 15:13:24 [TUniServerModule]:Shutting Down Server.
WebApp_BPKAD.exe: 00002980: 15:13:24 [TUniServerModule]:Stopping HTTP Server.
WebApp_BPKAD.exe: 00002980: 15:13:25 [TUniServerModule]:HTTP Server Stopped.
WebApp_BPKAD.exe: 00002980: 15:13:25 [TUniGUISessionManager]:Terminating Session manager.
WebApp_BPKAD.exe: 00002980: 15:13:25 [TUniGUISessionManager]:Stopping Cache Eraser...
WebApp_BPKAD.exe: 00002980: 15:13:25 [TUniGUISessionManager]:Cache Eraser Stopped.
WebApp_BPKAD.exe: 00002980: 15:13:25 [TUniGUISessionManager]:Destroying Worker Threads.
WebApp_BPKAD.exe: 00002980: 15:13:25 [TUniGUISessionManager]:Session manager terminated.
WebApp_BPKAD.exe: 00002980: 15:13:25 [TUniServerModule]:Server Shutdown Completed.
WebApp_BPKAD.exe: 00002980: 15:13:25 []:<-------------------------------------------------------------->
WebApp_BPKAD.exe: 00002980: 15:13:25 [Terminated]:Exit Code: 0
