WebApp_BPKAD.exe: 00003FC0: 14:15:31 []:>--------------------------------------------------------------<
WebApp_BPKAD.exe: 00003FC0: 14:15:31 [TUniServerModule]:Server First Init.
WebApp_BPKAD.exe: 00003FC0: 14:15:31 [TUniServerModule]:Starting HTTP Server on Port: 85...
WebApp_BPKAD.exe: 00003FC0: 14:15:32 [TUniServerModule]:HTTP Server Started on Port: 85
WebApp_BPKAD.exe: 00003FC0: 14:15:37 [TUniServerModule]:Shutting Down Server.
WebApp_BPKAD.exe: 00003FC0: 14:15:37 [TUniServerModule]:Stopping HTTP Server.
WebApp_BPKAD.exe: 00003FC0: 14:15:38 [TUniServerModule]:HTTP Server Stopped.
WebApp_BPKAD.exe: 00003FC0: 14:15:38 [TUniGUISessionManager]:Terminating Session manager.
WebApp_BPKAD.exe: 00003FC0: 14:15:38 [TUniGUISessionManager]:Stopping Cache Eraser...
WebApp_BPKAD.exe: 00003FC0: 14:15:38 [TUniGUISessionManager]:Cache Eraser Stopped.
WebApp_BPKAD.exe: 00003FC0: 14:15:38 [TUniGUISessionManager]:Destroying Worker Threads.
WebApp_BPKAD.exe: 00003FC0: 14:15:38 [TUniGUISessionManager]:Session manager terminated.
WebApp_BPKAD.exe: 00003FC0: 14:15:38 [TUniServerModule]:Server Shutdown Completed.
WebApp_BPKAD.exe: 00003FC0: 14:15:38 []:<-------------------------------------------------------------->
WebApp_BPKAD.exe: 00003FC0: 14:15:38 [Terminated]:Exit Code: 0
WebApp_BPKAD.exe: 00003D0C: 14:16:59 []:>--------------------------------------------------------------<
WebApp_BPKAD.exe: 00003D0C: 14:16:59 [TUniServerModule]:Server First Init.
WebApp_BPKAD.exe: 00003D0C: 14:16:59 [TUniServerModule]:Starting HTTP Server on Port: 85...
WebApp_BPKAD.exe: 00003D0C: 14:16:59 [TUniServerModule]:HTTP Server Started on Port: 85
WebApp_BPKAD.exe: 00003DC8: 14:17:33 [127.0.0.1]:EMSSQLNativeException : [FireDAC][Phys][ODBC][Microsoft][SQL Server Native Client 11.0][SQL Server]Invalid object name 'users'. : Addr: $0093B1A1
WebApp_BPKAD.exe: 00003DC8: 14:18:24 [127.0.0.1]:EMSSQLNativeException : [FireDAC][Phys][ODBC][Microsoft][SQL Server Native Client 11.0][SQL Server]Invalid object name 'users'. : Addr: $0093B1A1
WebApp_BPKAD.exe: 000029D8: 14:18:44 []:EInvalidPointer : Invalid pointer operation : Addr: $00409DA9
WebApp_BPKAD.exe: 00003D0C: 14:19:13 [TUniServerModule]:Shutting Down Server.
WebApp_BPKAD.exe: 00003D0C: 14:19:13 [TUniServerModule]:Stopping HTTP Server.
WebApp_BPKAD.exe: 00003D0C: 14:19:14 [TUniServerModule]:HTTP Server Stopped.
WebApp_BPKAD.exe: 00003D0C: 14:19:14 [TUniGUISessionManager]:Terminating Session manager.
WebApp_BPKAD.exe: 00003D0C: 14:19:14 [TUniGUISessionManager]:Stopping Cache Eraser...
WebApp_BPKAD.exe: 00003D0C: 14:19:14 [TUniGUISessionManager]:Cache Eraser Stopped.
WebApp_BPKAD.exe: 00003D0C: 14:19:14 []:EInvalidPointer : Invalid pointer operation : Addr: $00409DA9
WebApp_BPKAD.exe: 00003D0C: 14:19:14 [TUniGUISessionManager]:Destroying Worker Threads.
WebApp_BPKAD.exe: 00003D0C: 14:19:14 [TUniGUISessionManager]:Session manager terminated.
WebApp_BPKAD.exe: 00003D0C: 14:19:14 [TUniServerModule]:Server Shutdown Completed.
WebApp_BPKAD.exe: 00003D0C: 14:19:14 []:<-------------------------------------------------------------->
WebApp_BPKAD.exe: 00003D0C: 14:19:14 [Terminated]:Exit Code: 0
WebApp_BPKAD.exe: 0000329C: 14:19:21 []:>--------------------------------------------------------------<
WebApp_BPKAD.exe: 0000329C: 14:19:21 [TUniServerModule]:Server First Init.
WebApp_BPKAD.exe: 0000329C: 14:19:21 [TUniServerModule]:Starting HTTP Server on Port: 85...
WebApp_BPKAD.exe: 0000329C: 14:19:22 [TUniServerModule]:HTTP Server Started on Port: 85
WebApp_BPKAD.exe: 00003498: 14:19:29 [127.0.0.1]:EUniSessionException : Invalid session or session Timeout. (Session not found: KQXCLpYpDp108DFEAAF ) : Addr: $007DFFFE
WebApp_BPKAD.exe: 0000329C: 14:26:56 [TUniServerModule]:Shutting Down Server.
WebApp_BPKAD.exe: 0000329C: 14:26:56 [TUniServerModule]:Stopping HTTP Server.
WebApp_BPKAD.exe: 0000329C: 14:26:57 [TUniServerModule]:HTTP Server Stopped.
WebApp_BPKAD.exe: 0000329C: 14:26:57 [TUniGUISessionManager]:Terminating Session manager.
WebApp_BPKAD.exe: 0000329C: 14:26:57 [TUniGUISessionManager]:Stopping Cache Eraser...
WebApp_BPKAD.exe: 0000329C: 14:26:57 [TUniGUISessionManager]:Cache Eraser Stopped.
WebApp_BPKAD.exe: 0000329C: 14:26:57 []:EInvalidPointer : Invalid pointer operation : Addr: $00409DA9
WebApp_BPKAD.exe: 0000329C: 14:26:57 [TUniGUISessionManager]:Destroying Worker Threads.
WebApp_BPKAD.exe: 0000329C: 14:26:57 [TUniGUISessionManager]:Session manager terminated.
WebApp_BPKAD.exe: 0000329C: 14:26:57 [TUniServerModule]:Server Shutdown Completed.
WebApp_BPKAD.exe: 0000329C: 14:26:57 []:<-------------------------------------------------------------->
WebApp_BPKAD.exe: 0000329C: 14:26:57 [Terminated]:Exit Code: 0
WebApp_BPKAD.exe: 0000409C: 14:27:02 []:>--------------------------------------------------------------<
WebApp_BPKAD.exe: 0000409C: 14:27:02 [TUniServerModule]:Server First Init.
WebApp_BPKAD.exe: 0000409C: 14:27:02 [TUniServerModule]:Starting HTTP Server on Port: 85...
WebApp_BPKAD.exe: 0000409C: 14:27:03 [TUniServerModule]:HTTP Server Started on Port: 85
WebApp_BPKAD.exe: 000022C4: 14:27:06 [127.0.0.1]:EUniSessionException : Invalid session or session Timeout. (Session not found: lKhaSyxyqJ108DFEAE7 ) : Addr: $007DFFFE
WebApp_BPKAD.exe: 000022C4: 14:27:23 [[FireDAC][Phys][ODBC][Microsoft][SQL Server Native Client 11.0][SQL Server]Incorrect syntax near '.'.-127.0.0.1]:EMSSQLNativeException : [FireDAC][Phys][ODBC][Microsoft][SQL Server Native Client 11.0][SQL Server]Incorrect syntax near '.'. : Addr: $0093B1A1
WebApp_BPKAD.exe: 00003E74: 14:27:42 []:EInvalidPointer : Invalid pointer operation : Addr: $00409DA9
WebApp_BPKAD.exe: 00004760: 14:28:01 [[FireDAC][Phys][ODBC][Microsoft][SQL Server Native Client 11.0][SQL Server]Incorrect syntax near '.'.-127.0.0.1]:EMSSQLNativeException : [FireDAC][Phys][ODBC][Microsoft][SQL Server Native Client 11.0][SQL Server]Incorrect syntax near '.'. : Addr: $0093B1A1
WebApp_BPKAD.exe: 00003E74: 14:28:17 []:EInvalidPointer : Invalid pointer operation : Addr: $00409DA9
WebApp_BPKAD.exe: 00004760: 14:28:19 [[FireDAC][Phys][ODBC][Microsoft][SQL Server Native Client 11.0][SQL Server]Incorrect syntax near '.'.-127.0.0.1]:EMSSQLNativeException : [FireDAC][Phys][ODBC][Microsoft][SQL Server Native Client 11.0][SQL Server]Incorrect syntax near '.'. : Addr: $0093B1A1
WebApp_BPKAD.exe: 0000409C: 14:30:04 [TUniServerModule]:Shutting Down Server.
WebApp_BPKAD.exe: 0000409C: 14:30:04 [TUniServerModule]:Stopping HTTP Server.
WebApp_BPKAD.exe: 0000409C: 14:30:05 [TUniServerModule]:HTTP Server Stopped.
WebApp_BPKAD.exe: 0000409C: 14:30:05 [TUniGUISessionManager]:Terminating Session manager.
WebApp_BPKAD.exe: 0000409C: 14:30:05 [TUniGUISessionManager]:Stopping Cache Eraser...
WebApp_BPKAD.exe: 0000409C: 14:30:05 [TUniGUISessionManager]:Cache Eraser Stopped.
WebApp_BPKAD.exe: 0000409C: 14:30:05 []:EInvalidPointer : Invalid pointer operation : Addr: $00409DA9
WebApp_BPKAD.exe: 0000409C: 14:30:05 [TUniGUISessionManager]:Destroying Worker Threads.
WebApp_BPKAD.exe: 0000409C: 14:30:05 [TUniGUISessionManager]:Session manager terminated.
WebApp_BPKAD.exe: 0000409C: 14:30:06 [TUniServerModule]:Server Shutdown Completed.
WebApp_BPKAD.exe: 0000409C: 14:30:06 []:<-------------------------------------------------------------->
WebApp_BPKAD.exe: 0000409C: 14:30:06 [Terminated]:Exit Code: 0
WebApp_BPKAD.exe: 00000734: 14:30:19 []:>--------------------------------------------------------------<
WebApp_BPKAD.exe: 00000734: 14:30:19 [TUniServerModule]:Server First Init.
WebApp_BPKAD.exe: 00000734: 14:30:19 [TUniServerModule]:Starting HTTP Server on Port: 85...
WebApp_BPKAD.exe: 00000734: 14:30:19 [TUniServerModule]:HTTP Server Started on Port: 85
WebApp_BPKAD.exe: 00003F1C: 14:30:23 [127.0.0.1]:EUniSessionException : Invalid session or session Timeout. (Session not found: iJgjeNmMus108DFED43 ) : Addr: $007DFFFE
WebApp_BPKAD.exe: 00003F1C: 14:30:36 [[FireDAC][Phys][ODBC][Microsoft][SQL Server Native Client 11.0][SQL Server]Incorrect syntax near '.'.-127.0.0.1]:EMSSQLNativeException : [FireDAC][Phys][ODBC][Microsoft][SQL Server Native Client 11.0][SQL Server]Incorrect syntax near '.'. : Addr: $0093B1A1
WebApp_BPKAD.exe: 00000734: 14:31:30 [TUniServerModule]:Shutting Down Server.
WebApp_BPKAD.exe: 00000734: 14:31:30 [TUniServerModule]:Stopping HTTP Server.
WebApp_BPKAD.exe: 00000734: 14:31:31 [TUniServerModule]:HTTP Server Stopped.
WebApp_BPKAD.exe: 00000734: 14:31:31 [TUniGUISessionManager]:Terminating Session manager.
WebApp_BPKAD.exe: 00000734: 14:31:31 [TUniGUISessionManager]:Stopping Cache Eraser...
WebApp_BPKAD.exe: 00000734: 14:31:31 [TUniGUISessionManager]:Cache Eraser Stopped.
WebApp_BPKAD.exe: 00000734: 14:31:31 []:EInvalidPointer : Invalid pointer operation : Addr: $00409DA9
WebApp_BPKAD.exe: 00000734: 14:31:31 [TUniGUISessionManager]:Destroying Worker Threads.
WebApp_BPKAD.exe: 00000734: 14:31:31 [TUniGUISessionManager]:Session manager terminated.
WebApp_BPKAD.exe: 00000734: 14:31:31 [TUniServerModule]:Server Shutdown Completed.
WebApp_BPKAD.exe: 00000734: 14:31:31 []:<-------------------------------------------------------------->
WebApp_BPKAD.exe: 00000734: 14:31:31 [Terminated]:Exit Code: 0
WebApp_BPKAD.exe: 000042EC: 14:31:44 []:>--------------------------------------------------------------<
WebApp_BPKAD.exe: 000042EC: 14:31:44 [TUniServerModule]:Server First Init.
WebApp_BPKAD.exe: 000042EC: 14:31:44 [TUniServerModule]:Starting HTTP Server on Port: 85...
WebApp_BPKAD.exe: 000042EC: 14:31:44 [TUniServerModule]:HTTP Server Started on Port: 85
WebApp_BPKAD.exe: 00003854: 14:31:48 [127.0.0.1]:EUniSessionException : Invalid session or session Timeout. (Session not found: o95ONKMsVE108DFEDDF ) : Addr: $007DFFFE
WebApp_BPKAD.exe: 00003854: 14:31:58 [Access violation at address 009F7805 in module 'WebApp_BPKAD.exe'. Read of address 00000000-127.0.0.1]:EAccessViolation : Access violation at address 009F7805 in module 'WebApp_BPKAD.exe'. Read of address 00000000 : Addr: $009F7805
WebApp_BPKAD.exe: 000042EC: 14:33:53 [TUniServerModule]:Shutting Down Server.
WebApp_BPKAD.exe: 000042EC: 14:33:53 [TUniServerModule]:Stopping HTTP Server.
WebApp_BPKAD.exe: 000042EC: 14:33:54 [TUniServerModule]:HTTP Server Stopped.
WebApp_BPKAD.exe: 000042EC: 14:33:54 [TUniGUISessionManager]:Terminating Session manager.
WebApp_BPKAD.exe: 000042EC: 14:33:54 [TUniGUISessionManager]:Stopping Cache Eraser...
WebApp_BPKAD.exe: 000042EC: 14:33:54 [TUniGUISessionManager]:Cache Eraser Stopped.
WebApp_BPKAD.exe: 000042EC: 14:33:54 []:EInvalidPointer : Invalid pointer operation : Addr: $00409DA9
WebApp_BPKAD.exe: 000042EC: 14:33:55 [TUniGUISessionManager]:Destroying Worker Threads.
WebApp_BPKAD.exe: 000042EC: 14:33:55 [TUniGUISessionManager]:Session manager terminated.
WebApp_BPKAD.exe: 000042EC: 14:33:55 [TUniServerModule]:Server Shutdown Completed.
WebApp_BPKAD.exe: 000042EC: 14:33:55 []:<-------------------------------------------------------------->
WebApp_BPKAD.exe: 000042EC: 14:33:55 [Terminated]:Exit Code: 0
WebApp_BPKAD.exe: 0000418C: 14:34:03 []:>--------------------------------------------------------------<
WebApp_BPKAD.exe: 0000418C: 14:34:03 [TUniServerModule]:Server First Init.
WebApp_BPKAD.exe: 0000418C: 14:34:03 [TUniServerModule]:Starting HTTP Server on Port: 85...
WebApp_BPKAD.exe: 0000418C: 14:34:03 [TUniServerModule]:HTTP Server Started on Port: 85
WebApp_BPKAD.exe: 00001EE8: 14:34:07 [127.0.0.1]:EUniSessionException : Invalid session or session Timeout. (Session not found: MPiKNyBeaU108DFEE40 ) : Addr: $007DFFFE
WebApp_BPKAD.exe: 00001EE8: 14:34:19 [Access violation at address 009F77F7 in module 'WebApp_BPKAD.exe'. Read of address 00000000-127.0.0.1]:EAccessViolation : Access violation at address 009F77F7 in module 'WebApp_BPKAD.exe'. Read of address 00000000 : Addr: $009F77F7
WebApp_BPKAD.exe: 0000418C: 14:34:30 [TUniServerModule]:Shutting Down Server.
WebApp_BPKAD.exe: 0000418C: 14:34:30 [TUniServerModule]:Stopping HTTP Server.
WebApp_BPKAD.exe: 0000418C: 14:34:31 [TUniServerModule]:HTTP Server Stopped.
WebApp_BPKAD.exe: 0000418C: 14:34:31 [TUniGUISessionManager]:Terminating Session manager.
WebApp_BPKAD.exe: 0000418C: 14:34:31 [TUniGUISessionManager]:Stopping Cache Eraser...
WebApp_BPKAD.exe: 0000418C: 14:34:31 [TUniGUISessionManager]:Cache Eraser Stopped.
WebApp_BPKAD.exe: 0000418C: 14:34:31 []:EInvalidPointer : Invalid pointer operation : Addr: $00409DA9
WebApp_BPKAD.exe: 0000418C: 14:34:31 [TUniGUISessionManager]:Destroying Worker Threads.
WebApp_BPKAD.exe: 0000418C: 14:34:31 [TUniGUISessionManager]:Session manager terminated.
WebApp_BPKAD.exe: 0000418C: 14:34:31 [TUniServerModule]:Server Shutdown Completed.
WebApp_BPKAD.exe: 0000418C: 14:34:31 []:<-------------------------------------------------------------->
WebApp_BPKAD.exe: 0000418C: 14:34:31 [Terminated]:Exit Code: 0
WebApp_BPKAD.exe: 00003E10: 14:34:37 []:>--------------------------------------------------------------<
WebApp_BPKAD.exe: 00003E10: 14:34:37 [TUniServerModule]:Server First Init.
WebApp_BPKAD.exe: 00003E10: 14:34:37 [TUniServerModule]:Debug Mode = ON
WebApp_BPKAD.exe: 00003E10: 14:34:37 [TUniServerModule]:Starting HTTP Server on Port: 85...
WebApp_BPKAD.exe: 00003E10: 14:34:37 [TUniServerModule]:HTTP Server Started on Port: 85
WebApp_BPKAD.exe: 00004280: 14:34:43 [127.0.0.1]:EUniSessionException : Invalid session or session Timeout. (Session not found: E1bUuBoWuM108DFEEE1 ) : Addr: $007DFFFE
WebApp_BPKAD.exe: 000017E4: 14:41:20 []:>--------------------------------------------------------------<
WebApp_BPKAD.exe: 000017E4: 14:41:20 [TUniServerModule]:Server First Init.
WebApp_BPKAD.exe: 000017E4: 14:41:20 [TUniServerModule]:Global Cache Folder Erased. <23> Files deleted.
WebApp_BPKAD.exe: 000017E4: 14:41:20 [TUniServerModule]:Starting HTTP Server on Port: 85...
WebApp_BPKAD.exe: 000017E4: 14:41:21 [TUniServerModule]:HTTP Server Started on Port: 85
WebApp_BPKAD.exe: 00003D20: 14:41:21 [127.0.0.1]:EUniSessionException : Invalid session or session Timeout. (Session not found: HU42J9UJXU108DFEF0D ) : Addr: $007DFFFE
WebApp_BPKAD.exe: 00003D20: 14:41:40 [Access violation at address 009F7813 in module 'WebApp_BPKAD.exe'. Read of address 00000000-127.0.0.1]:EAccessViolation : Access violation at address 009F7813 in module 'WebApp_BPKAD.exe'. Read of address 00000000 : Addr: $009F7813
WebApp_BPKAD.exe: 000017E4: 14:41:47 [TUniServerModule]:Shutting Down Server.
WebApp_BPKAD.exe: 000017E4: 14:41:47 [TUniServerModule]:Stopping HTTP Server.
WebApp_BPKAD.exe: 000017E4: 14:41:48 [TUniServerModule]:HTTP Server Stopped.
WebApp_BPKAD.exe: 000017E4: 14:41:48 [TUniGUISessionManager]:Terminating Session manager.
WebApp_BPKAD.exe: 000017E4: 14:41:48 [TUniGUISessionManager]:Stopping Cache Eraser...
WebApp_BPKAD.exe: 000017E4: 14:41:48 [TUniGUISessionManager]:Cache Eraser Stopped.
WebApp_BPKAD.exe: 000017E4: 14:41:48 []:EInvalidPointer : Invalid pointer operation : Addr: $00409DA9
WebApp_BPKAD.exe: 000017E4: 14:41:48 [TUniGUISessionManager]:Destroying Worker Threads.
WebApp_BPKAD.exe: 000017E4: 14:41:48 [TUniGUISessionManager]:Session manager terminated.
WebApp_BPKAD.exe: 000017E4: 14:41:48 [TUniServerModule]:Server Shutdown Completed.
WebApp_BPKAD.exe: 000017E4: 14:41:48 []:<-------------------------------------------------------------->
WebApp_BPKAD.exe: 000017E4: 14:41:48 [Terminated]:Exit Code: 0
WebApp_BPKAD.exe: 00004394: 14:43:31 []:>--------------------------------------------------------------<
WebApp_BPKAD.exe: 00004394: 14:43:31 [TUniServerModule]:Server First Init.
WebApp_BPKAD.exe: 00004394: 14:43:31 [TUniServerModule]:Starting HTTP Server on Port: 85...
WebApp_BPKAD.exe: 00004394: 14:43:31 [TUniServerModule]:HTTP Server Started on Port: 85
WebApp_BPKAD.exe: 0000466C: 14:43:34 [127.0.0.1]:EUniSessionException : Invalid session or session Timeout. (Session not found: GX6ylSuI18108DFF0E2 ) : Addr: $007DFFFE
WebApp_BPKAD.exe: 00004394: 14:44:22 [TUniServerModule]:Shutting Down Server.
WebApp_BPKAD.exe: 00004394: 14:44:22 [TUniServerModule]:Stopping HTTP Server.
WebApp_BPKAD.exe: 00004394: 14:44:23 [TUniServerModule]:HTTP Server Stopped.
WebApp_BPKAD.exe: 00004394: 14:44:23 [TUniGUISessionManager]:Terminating Session manager.
WebApp_BPKAD.exe: 00004394: 14:44:23 [TUniGUISessionManager]:Stopping Cache Eraser...
WebApp_BPKAD.exe: 00004394: 14:44:23 [TUniGUISessionManager]:Cache Eraser Stopped.
WebApp_BPKAD.exe: 00004394: 14:44:23 []:EInvalidPointer : Invalid pointer operation : Addr: $00409DA9
WebApp_BPKAD.exe: 00004394: 14:44:23 [TUniGUISessionManager]:Destroying Worker Threads.
WebApp_BPKAD.exe: 00004394: 14:44:23 [TUniGUISessionManager]:Session manager terminated.
WebApp_BPKAD.exe: 00004394: 14:44:23 [TUniServerModule]:Server Shutdown Completed.
WebApp_BPKAD.exe: 00004394: 14:44:23 []:<-------------------------------------------------------------->
WebApp_BPKAD.exe: 00004394: 14:44:23 [Terminated]:Exit Code: 0
WebApp_BPKAD.exe: 00003110: 14:44:30 []:>--------------------------------------------------------------<
WebApp_BPKAD.exe: 00003110: 14:44:30 [TUniServerModule]:Server First Init.
WebApp_BPKAD.exe: 00003110: 14:44:30 [TUniServerModule]:Starting HTTP Server on Port: 85...
WebApp_BPKAD.exe: 00003110: 14:44:30 [TUniServerModule]:HTTP Server Started on Port: 85
WebApp_BPKAD.exe: 00000E6C: 14:44:35 [127.0.0.1]:EUniSessionException : Invalid session or session Timeout. (Session not found: 1y8bAnZrg6108DFF16F ) : Addr: $007DFFFE
WebApp_BPKAD.exe: 00000E6C: 14:44:44 [Access violation at address 009F77EE in module 'WebApp_BPKAD.exe'. Read of address 00000000-127.0.0.1]:EAccessViolation : Access violation at address 009F77EE in module 'WebApp_BPKAD.exe'. Read of address 00000000 : Addr: $009F77EE
WebApp_BPKAD.exe: 00003110: 14:44:52 [TUniServerModule]:Shutting Down Server.
WebApp_BPKAD.exe: 00003110: 14:44:52 [TUniServerModule]:Stopping HTTP Server.
WebApp_BPKAD.exe: 00003110: 14:44:53 [TUniServerModule]:HTTP Server Stopped.
WebApp_BPKAD.exe: 00003110: 14:44:53 [TUniGUISessionManager]:Terminating Session manager.
WebApp_BPKAD.exe: 00003110: 14:44:53 [TUniGUISessionManager]:Stopping Cache Eraser...
WebApp_BPKAD.exe: 00003110: 14:44:53 [TUniGUISessionManager]:Cache Eraser Stopped.
WebApp_BPKAD.exe: 00003110: 14:44:53 []:EInvalidPointer : Invalid pointer operation : Addr: $00409DA9
WebApp_BPKAD.exe: 00003110: 14:44:53 [TUniGUISessionManager]:Destroying Worker Threads.
WebApp_BPKAD.exe: 00003110: 14:44:53 [TUniGUISessionManager]:Session manager terminated.
WebApp_BPKAD.exe: 00003110: 14:44:53 [TUniServerModule]:Server Shutdown Completed.
WebApp_BPKAD.exe: 00003110: 14:44:53 []:<-------------------------------------------------------------->
WebApp_BPKAD.exe: 00003110: 14:44:53 [Terminated]:Exit Code: 0
WebApp_BPKAD.exe: 00003140: 15:05:13 []:>--------------------------------------------------------------<
WebApp_BPKAD.exe: 00003140: 15:05:13 [TUniServerModule]:Server First Init.
WebApp_BPKAD.exe: 00003140: 15:05:13 [TUniServerModule]:Starting HTTP Server on Port: 85...
WebApp_BPKAD.exe: 00003140: 15:05:14 [TUniServerModule]:HTTP Server Started on Port: 85
WebApp_BPKAD.exe: 0000108C: 15:05:20 [127.0.0.1]:EUniSessionException : Invalid session or session Timeout. (Session not found: ltIORCcTMG108DFF1B7 ) : Addr: $007DFFFE
WebApp_BPKAD.exe: 0000108C: 15:05:31 [Access violation at address 009F7824 in module 'WebApp_BPKAD.exe'. Read of address 00000000-127.0.0.1]:EAccessViolation : Access violation at address 009F7824 in module 'WebApp_BPKAD.exe'. Read of address 00000000 : Addr: $009F7824
WebApp_BPKAD.exe: 00001228: 15:05:43 []:EInvalidPointer : Invalid pointer operation : Addr: $00409DA9
WebApp_BPKAD.exe: 00001228: 15:09:48 []:EInvalidPointer : Invalid pointer operation : Addr: $00409DA9
WebApp_BPKAD.exe: 00000A74: 15:09:52 [Access violation at address 009F7824 in module 'WebApp_BPKAD.exe'. Read of address 00000000-127.0.0.1]:EAccessViolation : Access violation at address 009F7824 in module 'WebApp_BPKAD.exe'. Read of address 00000000 : Addr: $009F7824
WebApp_BPKAD.exe: 00003140: 15:10:13 [TUniServerModule]:Shutting Down Server.
WebApp_BPKAD.exe: 00003140: 15:10:13 [TUniServerModule]:Stopping HTTP Server.
WebApp_BPKAD.exe: 00003140: 15:10:14 [TUniServerModule]:HTTP Server Stopped.
WebApp_BPKAD.exe: 00003140: 15:10:14 [TUniGUISessionManager]:Terminating Session manager.
WebApp_BPKAD.exe: 00003140: 15:10:14 [TUniGUISessionManager]:Stopping Cache Eraser...
WebApp_BPKAD.exe: 00003140: 15:10:14 [TUniGUISessionManager]:Cache Eraser Stopped.
WebApp_BPKAD.exe: 00003140: 15:10:14 []:EInvalidPointer : Invalid pointer operation : Addr: $00409DA9
WebApp_BPKAD.exe: 00003140: 15:10:14 [TUniGUISessionManager]:Destroying Worker Threads.
WebApp_BPKAD.exe: 00003140: 15:10:14 [TUniGUISessionManager]:Session manager terminated.
WebApp_BPKAD.exe: 00003140: 15:10:14 [TUniServerModule]:Server Shutdown Completed.
WebApp_BPKAD.exe: 00003140: 15:10:14 []:<-------------------------------------------------------------->
WebApp_BPKAD.exe: 00003140: 15:10:14 [Terminated]:Exit Code: 0
WebApp_BPKAD.exe: 000012CC: 15:10:18 []:>--------------------------------------------------------------<
WebApp_BPKAD.exe: 000012CC: 15:10:18 [TUniServerModule]:Server First Init.
WebApp_BPKAD.exe: 000012CC: 15:10:18 [TUniServerModule]:Starting HTTP Server on Port: 85...
WebApp_BPKAD.exe: 000012CC: 15:10:18 [TUniServerModule]:HTTP Server Started on Port: 85
WebApp_BPKAD.exe: 00001F80: 15:10:20 [127.0.0.1]:EUniSessionException : Invalid session or session Timeout. (Session not found: Lz5aMhoW9Z108DFF888 ) : Addr: $007DFFFE
WebApp_BPKAD.exe: 000012CC: 15:13:53 [TUniServerModule]:Shutting Down Server.
WebApp_BPKAD.exe: 000012CC: 15:13:53 [TUniServerModule]:Stopping HTTP Server.
WebApp_BPKAD.exe: 000012CC: 15:13:54 [TUniServerModule]:HTTP Server Stopped.
WebApp_BPKAD.exe: 000012CC: 15:13:54 [TUniGUISessionManager]:Terminating Session manager.
WebApp_BPKAD.exe: 000012CC: 15:13:54 [TUniGUISessionManager]:Stopping Cache Eraser...
WebApp_BPKAD.exe: 000012CC: 15:13:54 [TUniGUISessionManager]:Cache Eraser Stopped.
WebApp_BPKAD.exe: 000012CC: 15:13:54 []:EInvalidPointer : Invalid pointer operation : Addr: $00409DA9
WebApp_BPKAD.exe: 000012CC: 15:13:54 [TUniGUISessionManager]:Destroying Worker Threads.
WebApp_BPKAD.exe: 000012CC: 15:13:54 [TUniGUISessionManager]:Session manager terminated.
WebApp_BPKAD.exe: 000012CC: 15:13:54 [TUniServerModule]:Server Shutdown Completed.
WebApp_BPKAD.exe: 000012CC: 15:13:54 []:<-------------------------------------------------------------->
WebApp_BPKAD.exe: 000012CC: 15:13:54 [Terminated]:Exit Code: 0
WebApp_BPKAD.exe: 00002B90: 16:18:23 []:>--------------------------------------------------------------<
WebApp_BPKAD.exe: 00002B90: 16:18:23 [TUniServerModule]:Server First Init.
WebApp_BPKAD.exe: 00002B90: 16:18:23 [TUniServerModule]:Starting HTTP Server on Port: 85...
WebApp_BPKAD.exe: 00002B90: 16:18:24 [TUniServerModule]:HTTP Server Started on Port: 85
WebApp_BPKAD.exe: 0000222C: 16:18:29 [127.0.0.1]:EUniSessionException : Invalid session or session Timeout. (Session not found: 2MuMrSsvoQ108DFF8B4 ) : Addr: $007DFFFE
WebApp_BPKAD.exe: 0000222C: 16:18:39 [List index out of bounds (-1)-127.0.0.1]:EListError : List index out of bounds (-1) : Addr: $004C67DF
WebApp_BPKAD.exe: 00002B90: 16:18:48 [TUniServerModule]:Shutting Down Server.
WebApp_BPKAD.exe: 00002B90: 16:18:48 [TUniServerModule]:Stopping HTTP Server.
WebApp_BPKAD.exe: 00002B90: 16:18:49 [TUniServerModule]:HTTP Server Stopped.
WebApp_BPKAD.exe: 00002B90: 16:18:49 [TUniGUISessionManager]:Terminating Session manager.
WebApp_BPKAD.exe: 00002B90: 16:18:49 [TUniGUISessionManager]:Stopping Cache Eraser...
WebApp_BPKAD.exe: 00002B90: 16:18:50 [TUniGUISessionManager]:Cache Eraser Stopped.
WebApp_BPKAD.exe: 00002B90: 16:18:50 [127.0.0.1]:EInvalidPointer : Invalid pointer operation : Addr: $00409DA9
WebApp_BPKAD.exe: 00002B90: 16:18:50 [127.0.0.1]:Exception raised while destroying session: Invalid pointer operation
WebApp_BPKAD.exe: 00002B90: 16:18:50 [127.0.0.1]:EInvalidPointer : Invalid pointer operation : Addr: $00409DA9
WebApp_BPKAD.exe: 00002B90: 16:18:50 [TUniGUISessionManager]:Destroying Worker Threads.
WebApp_BPKAD.exe: 00002B90: 16:18:50 [TUniGUISessionManager]:Session manager terminated.
WebApp_BPKAD.exe: 00002B90: 16:18:50 [TUniServerModule]:Server Shutdown Completed.
WebApp_BPKAD.exe: 00002B90: 16:18:50 []:<-------------------------------------------------------------->
WebApp_BPKAD.exe: 00002B90: 16:18:50 [Terminated]:Exit Code: 0
WebApp_BPKAD.exe: 00003FF4: 16:22:58 []:>--------------------------------------------------------------<
WebApp_BPKAD.exe: 00003FF4: 16:22:58 [TUniServerModule]:Server First Init.
WebApp_BPKAD.exe: 00003FF4: 16:22:58 [TUniServerModule]:Starting HTTP Server on Port: 85...
WebApp_BPKAD.exe: 00003FF4: 16:22:59 [TUniServerModule]:HTTP Server Started on Port: 85
WebApp_BPKAD.exe: 00002E44: 16:23:03 [127.0.0.1]:EUniSessionException : Invalid session or session Timeout. (Session not found: 9gIR34a9xL108E00B31 ) : Addr: $007DFFFE
WebApp_BPKAD.exe: 00002E44: 16:23:07 [[FireDAC][Phys][ODBC][Microsoft][SQL Server Native Client 11.0][SQL Server]Invalid column name 'Active'.-127.0.0.1]:EMSSQLNativeException : [FireDAC][Phys][ODBC][Microsoft][SQL Server Native Client 11.0][SQL Server]Invalid column name 'Active'. : Addr: $0093B1A1
WebApp_BPKAD.exe: 000043EC: 16:23:23 []:EInvalidPointer : Invalid pointer operation : Addr: $00409DA9
WebApp_BPKAD.exe: 00003FF4: 16:23:36 [TUniServerModule]:Shutting Down Server.
WebApp_BPKAD.exe: 00003FF4: 16:23:36 [TUniServerModule]:Stopping HTTP Server.
WebApp_BPKAD.exe: 00003FF4: 16:23:37 [TUniServerModule]:HTTP Server Stopped.
WebApp_BPKAD.exe: 00003FF4: 16:23:37 [TUniGUISessionManager]:Terminating Session manager.
WebApp_BPKAD.exe: 00003FF4: 16:23:37 [TUniGUISessionManager]:Stopping Cache Eraser...
WebApp_BPKAD.exe: 00003FF4: 16:23:37 [TUniGUISessionManager]:Cache Eraser Stopped.
WebApp_BPKAD.exe: 00003FF4: 16:23:37 []:EInvalidPointer : Invalid pointer operation : Addr: $00409DA9
WebApp_BPKAD.exe: 00003FF4: 16:23:37 [TUniGUISessionManager]:Destroying Worker Threads.
WebApp_BPKAD.exe: 00003FF4: 16:23:37 [TUniGUISessionManager]:Session manager terminated.
WebApp_BPKAD.exe: 00003FF4: 16:23:37 [TUniServerModule]:Server Shutdown Completed.
WebApp_BPKAD.exe: 00003FF4: 16:23:37 []:<-------------------------------------------------------------->
WebApp_BPKAD.exe: 00003FF4: 16:23:37 [Terminated]:Exit Code: 0
WebApp_BPKAD.exe: 000009C0: 16:23:47 []:>--------------------------------------------------------------<
WebApp_BPKAD.exe: 000009C0: 16:23:47 [TUniServerModule]:Server First Init.
WebApp_BPKAD.exe: 000009C0: 16:23:47 [TUniServerModule]:Starting HTTP Server on Port: 85...
WebApp_BPKAD.exe: 000009C0: 16:23:47 [TUniServerModule]:HTTP Server Started on Port: 85
WebApp_BPKAD.exe: 000041E0: 16:23:51 [127.0.0.1]:EUniSessionException : Invalid session or session Timeout. (Session not found: YcnuTAZpHo108E00C7C ) : Addr: $007DFFFE
WebApp_BPKAD.exe: 000041E0: 16:23:55 [[FireDAC][Phys][ODBC][Microsoft][SQL Server Native Client 11.0][SQL Server]Invalid column name 'Active'.-127.0.0.1]:EMSSQLNativeException : [FireDAC][Phys][ODBC][Microsoft][SQL Server Native Client 11.0][SQL Server]Invalid column name 'Active'. : Addr: $0093B1A1
WebApp_BPKAD.exe: 000009C0: 16:24:03 [TUniServerModule]:Shutting Down Server.
WebApp_BPKAD.exe: 000009C0: 16:24:03 [TUniServerModule]:Stopping HTTP Server.
WebApp_BPKAD.exe: 000009C0: 16:24:04 [TUniServerModule]:HTTP Server Stopped.
WebApp_BPKAD.exe: 000009C0: 16:24:04 [TUniGUISessionManager]:Terminating Session manager.
WebApp_BPKAD.exe: 000009C0: 16:24:04 [TUniGUISessionManager]:Stopping Cache Eraser...
WebApp_BPKAD.exe: 000009C0: 16:24:04 [TUniGUISessionManager]:Cache Eraser Stopped.
WebApp_BPKAD.exe: 000009C0: 16:24:04 []:EInvalidPointer : Invalid pointer operation : Addr: $00409DA9
WebApp_BPKAD.exe: 000009C0: 16:24:04 [TUniGUISessionManager]:Destroying Worker Threads.
WebApp_BPKAD.exe: 000009C0: 16:24:04 [TUniGUISessionManager]:Session manager terminated.
WebApp_BPKAD.exe: 000009C0: 16:24:04 [TUniServerModule]:Server Shutdown Completed.
WebApp_BPKAD.exe: 000009C0: 16:24:04 []:<-------------------------------------------------------------->
WebApp_BPKAD.exe: 000009C0: 16:24:04 [Terminated]:Exit Code: 0
WebApp_BPKAD.exe: 0000204C: 16:24:25 []:>--------------------------------------------------------------<
WebApp_BPKAD.exe: 0000204C: 16:24:25 [TUniServerModule]:Server First Init.
WebApp_BPKAD.exe: 0000204C: 16:24:25 [TUniServerModule]:Starting HTTP Server on Port: 85...
WebApp_BPKAD.exe: 0000204C: 16:24:26 [TUniServerModule]:HTTP Server Started on Port: 85
WebApp_BPKAD.exe: 0000204C: 16:24:31 [TUniServerModule]:Shutting Down Server.
WebApp_BPKAD.exe: 0000204C: 16:24:31 [TUniServerModule]:Stopping HTTP Server.
WebApp_BPKAD.exe: 0000204C: 16:24:31 [TUniServerModule]:HTTP Server Stopped.
WebApp_BPKAD.exe: 0000204C: 16:24:31 [TUniGUISessionManager]:Terminating Session manager.
WebApp_BPKAD.exe: 0000204C: 16:24:31 [TUniGUISessionManager]:Stopping Cache Eraser...
WebApp_BPKAD.exe: 0000204C: 16:24:31 [TUniGUISessionManager]:Cache Eraser Stopped.
WebApp_BPKAD.exe: 0000204C: 16:24:31 [TUniGUISessionManager]:Destroying Worker Threads.
WebApp_BPKAD.exe: 0000204C: 16:24:32 [TUniGUISessionManager]:Session manager terminated.
WebApp_BPKAD.exe: 0000204C: 16:24:32 [TUniServerModule]:Server Shutdown Completed.
WebApp_BPKAD.exe: 0000204C: 16:24:32 []:<-------------------------------------------------------------->
WebApp_BPKAD.exe: 0000204C: 16:24:32 [Terminated]:Exit Code: 0
WebApp_BPKAD.exe: 00001920: 16:24:55 []:>--------------------------------------------------------------<
WebApp_BPKAD.exe: 00001920: 16:24:55 [TUniServerModule]:Server First Init.
WebApp_BPKAD.exe: 00001920: 16:24:55 [TUniServerModule]:Starting HTTP Server on Port: 85...
WebApp_BPKAD.exe: 00001920: 16:24:56 [TUniServerModule]:HTTP Server Started on Port: 85
WebApp_BPKAD.exe: 000042B0: 16:24:58 [127.0.0.1]:EUniSessionException : Invalid session or session Timeout. (Session not found: 2PvTeEBxCZ108E00CA4 ) : Addr: $007DFFFE
WebApp_BPKAD.exe: 000042B0: 16:25:01 [List index out of bounds (-1)-127.0.0.1]:EListError : List index out of bounds (-1) : Addr: $004C67DF
WebApp_BPKAD.exe: 00001920: 16:25:10 [TUniServerModule]:Shutting Down Server.
WebApp_BPKAD.exe: 00001920: 16:25:10 [TUniServerModule]:Stopping HTTP Server.
WebApp_BPKAD.exe: 00001920: 16:25:11 [TUniServerModule]:HTTP Server Stopped.
WebApp_BPKAD.exe: 00001920: 16:25:11 [TUniGUISessionManager]:Terminating Session manager.
WebApp_BPKAD.exe: 00001920: 16:25:11 [TUniGUISessionManager]:Stopping Cache Eraser...
WebApp_BPKAD.exe: 00001920: 16:25:11 [TUniGUISessionManager]:Cache Eraser Stopped.
WebApp_BPKAD.exe: 00001920: 16:25:11 [127.0.0.1]:EInvalidPointer : Invalid pointer operation : Addr: $00409DA9
WebApp_BPKAD.exe: 00001920: 16:25:11 [127.0.0.1]:Exception raised while destroying session: Invalid pointer operation
WebApp_BPKAD.exe: 00001920: 16:25:11 [127.0.0.1]:EInvalidPointer : Invalid pointer operation : Addr: $00409DA9
WebApp_BPKAD.exe: 00001920: 16:25:11 [TUniGUISessionManager]:Destroying Worker Threads.
WebApp_BPKAD.exe: 00001920: 16:25:11 [TUniGUISessionManager]:Session manager terminated.
WebApp_BPKAD.exe: 00001920: 16:25:11 [TUniServerModule]:Server Shutdown Completed.
WebApp_BPKAD.exe: 00001920: 16:25:11 []:<-------------------------------------------------------------->
WebApp_BPKAD.exe: 00001920: 16:25:11 [Terminated]:Exit Code: 0
WebApp_BPKAD.exe: 00000DCC: 16:25:35 []:>--------------------------------------------------------------<
WebApp_BPKAD.exe: 00000DCC: 16:25:35 [TUniServerModule]:Server First Init.
WebApp_BPKAD.exe: 00000DCC: 16:25:35 [TUniServerModule]:Starting HTTP Server on Port: 85...
WebApp_BPKAD.exe: 00000DCC: 16:25:36 [TUniServerModule]:HTTP Server Started on Port: 85
WebApp_BPKAD.exe: 000044CC: 16:26:05 [127.0.0.1]:EUniSessionException : Invalid session or session Timeout. (Session not found: CB7ChvvnqO108E00CF2 ) : Addr: $007DFFFE
WebApp_BPKAD.exe: 000044CC: 16:26:09 [Access violation at address 009F7890 in module 'WebApp_BPKAD.exe'. Read of address 00000000-127.0.0.1]:EAccessViolation : Access violation at address 009F7890 in module 'WebApp_BPKAD.exe'. Read of address 00000000 : Addr: $009F7890
WebApp_BPKAD.exe: 00000DCC: 16:26:25 [TUniServerModule]:Shutting Down Server.
WebApp_BPKAD.exe: 00000DCC: 16:26:25 [TUniServerModule]:Stopping HTTP Server.
WebApp_BPKAD.exe: 00000DCC: 16:26:26 [TUniServerModule]:HTTP Server Stopped.
WebApp_BPKAD.exe: 00000DCC: 16:26:26 [TUniGUISessionManager]:Terminating Session manager.
WebApp_BPKAD.exe: 00000DCC: 16:26:26 [TUniGUISessionManager]:Stopping Cache Eraser...
WebApp_BPKAD.exe: 00000DCC: 16:26:26 [TUniGUISessionManager]:Cache Eraser Stopped.
WebApp_BPKAD.exe: 00000DCC: 16:26:26 []:EInvalidPointer : Invalid pointer operation : Addr: $00409DA9
WebApp_BPKAD.exe: 00000DCC: 16:26:26 [TUniGUISessionManager]:Destroying Worker Threads.
WebApp_BPKAD.exe: 00000DCC: 16:26:26 [TUniGUISessionManager]:Session manager terminated.
WebApp_BPKAD.exe: 00000DCC: 16:26:26 [TUniServerModule]:Server Shutdown Completed.
WebApp_BPKAD.exe: 00000DCC: 16:26:26 []:<-------------------------------------------------------------->
WebApp_BPKAD.exe: 00000DCC: 16:26:26 [Terminated]:Exit Code: 0
WebApp_BPKAD.exe: 00001D78: 16:27:26 []:>--------------------------------------------------------------<
WebApp_BPKAD.exe: 00001D78: 16:27:26 [TUniServerModule]:Server First Init.
WebApp_BPKAD.exe: 00001D78: 16:27:26 [TUniServerModule]:Starting HTTP Server on Port: 85...
WebApp_BPKAD.exe: 00001D78: 16:27:26 [TUniServerModule]:HTTP Server Started on Port: 85
WebApp_BPKAD.exe: 00001510: 16:27:32 [127.0.0.1]:EUniSessionException : Invalid session or session Timeout. (Session not found: W14r43AmNt108E00D40 ) : Addr: $007DFFFE
WebApp_BPKAD.exe: 00001510: 16:27:43 [Access violation at address 009F7890 in module 'WebApp_BPKAD.exe'. Read of address 00000000-127.0.0.1]:EAccessViolation : Access violation at address 009F7890 in module 'WebApp_BPKAD.exe'. Read of address 00000000 : Addr: $009F7890
WebApp_BPKAD.exe: 00001D78: 16:27:50 [TUniServerModule]:Shutting Down Server.
WebApp_BPKAD.exe: 00001D78: 16:27:50 [TUniServerModule]:Stopping HTTP Server.
WebApp_BPKAD.exe: 00001D78: 16:27:51 [TUniServerModule]:HTTP Server Stopped.
WebApp_BPKAD.exe: 00001D78: 16:27:51 [TUniGUISessionManager]:Terminating Session manager.
WebApp_BPKAD.exe: 00001D78: 16:27:51 [TUniGUISessionManager]:Stopping Cache Eraser...
WebApp_BPKAD.exe: 00001D78: 16:27:51 [TUniGUISessionManager]:Cache Eraser Stopped.
WebApp_BPKAD.exe: 00001D78: 16:27:51 []:EInvalidPointer : Invalid pointer operation : Addr: $00409DA9
WebApp_BPKAD.exe: 00001D78: 16:27:51 [TUniGUISessionManager]:Destroying Worker Threads.
WebApp_BPKAD.exe: 00001D78: 16:27:51 [TUniGUISessionManager]:Session manager terminated.
WebApp_BPKAD.exe: 00001D78: 16:27:51 [TUniServerModule]:Server Shutdown Completed.
WebApp_BPKAD.exe: 00001D78: 16:27:51 []:<-------------------------------------------------------------->
WebApp_BPKAD.exe: 00001D78: 16:27:51 [Terminated]:Exit Code: 0
WebApp_BPKAD.exe: 00004718: 16:28:12 []:>--------------------------------------------------------------<
WebApp_BPKAD.exe: 00004718: 16:28:12 [TUniServerModule]:Server First Init.
WebApp_BPKAD.exe: 00004718: 16:28:12 [TUniServerModule]:Starting HTTP Server on Port: 85...
WebApp_BPKAD.exe: 00004718: 16:28:13 [TUniServerModule]:HTTP Server Started on Port: 85
WebApp_BPKAD.exe: 00001E84: 16:28:15 [127.0.0.1]:EUniSessionException : Invalid session or session Timeout. (Session not found: vKXjnl7iYH108E00DA4 ) : Addr: $007DFFFE
WebApp_BPKAD.exe: 00001E84: 16:28:18 [Access violation at address 009F786B in module 'WebApp_BPKAD.exe'. Read of address 00000000-127.0.0.1]:EAccessViolation : Access violation at address 009F786B in module 'WebApp_BPKAD.exe'. Read of address 00000000 : Addr: $009F786B
WebApp_BPKAD.exe: 00004718: 16:28:24 [TUniServerModule]:Shutting Down Server.
WebApp_BPKAD.exe: 00004718: 16:28:24 [TUniServerModule]:Stopping HTTP Server.
WebApp_BPKAD.exe: 00004718: 16:28:25 [TUniServerModule]:HTTP Server Stopped.
WebApp_BPKAD.exe: 00004718: 16:28:25 [TUniGUISessionManager]:Terminating Session manager.
WebApp_BPKAD.exe: 00004718: 16:28:25 [TUniGUISessionManager]:Stopping Cache Eraser...
WebApp_BPKAD.exe: 00004718: 16:28:25 [TUniGUISessionManager]:Cache Eraser Stopped.
WebApp_BPKAD.exe: 00004718: 16:28:25 []:EInvalidPointer : Invalid pointer operation : Addr: $00409DA9
WebApp_BPKAD.exe: 00004718: 16:28:26 [TUniGUISessionManager]:Destroying Worker Threads.
WebApp_BPKAD.exe: 00004718: 16:28:26 [TUniGUISessionManager]:Session manager terminated.
WebApp_BPKAD.exe: 00004718: 16:28:26 [TUniServerModule]:Server Shutdown Completed.
WebApp_BPKAD.exe: 00004718: 16:28:26 []:<-------------------------------------------------------------->
WebApp_BPKAD.exe: 00004718: 16:28:26 [Terminated]:Exit Code: 0
WebApp_BPKAD.exe: 00001934: 16:30:20 []:>--------------------------------------------------------------<
WebApp_BPKAD.exe: 00001934: 16:30:20 [TUniServerModule]:Server First Init.
WebApp_BPKAD.exe: 00001934: 16:30:20 [TUniServerModule]:Starting HTTP Server on Port: 85...
WebApp_BPKAD.exe: 00001934: 16:30:20 [TUniServerModule]:HTTP Server Started on Port: 85
WebApp_BPKAD.exe: 00002D9C: 16:30:23 [127.0.0.1]:EUniSessionException : Invalid session or session Timeout. (Session not found: BRTHYcPpWO108E00DD7 ) : Addr: $007DFFFE
WebApp_BPKAD.exe: 00002D9C: 16:30:26 [Access violation at address 009F785D in module 'WebApp_BPKAD.exe'. Read of address 00000000-127.0.0.1]:EAccessViolation : Access violation at address 009F785D in module 'WebApp_BPKAD.exe'. Read of address 00000000 : Addr: $009F785D
WebApp_BPKAD.exe: 00001934: 16:30:31 [TUniServerModule]:Shutting Down Server.
WebApp_BPKAD.exe: 00001934: 16:30:31 [TUniServerModule]:Stopping HTTP Server.
WebApp_BPKAD.exe: 00001934: 16:30:32 [TUniServerModule]:HTTP Server Stopped.
WebApp_BPKAD.exe: 00001934: 16:30:32 [TUniGUISessionManager]:Terminating Session manager.
WebApp_BPKAD.exe: 00001934: 16:30:32 [TUniGUISessionManager]:Stopping Cache Eraser...
WebApp_BPKAD.exe: 00001934: 16:30:32 [TUniGUISessionManager]:Cache Eraser Stopped.
WebApp_BPKAD.exe: 00001934: 16:30:32 []:EInvalidPointer : Invalid pointer operation : Addr: $00409DA9
WebApp_BPKAD.exe: 00001934: 16:30:32 [TUniGUISessionManager]:Destroying Worker Threads.
WebApp_BPKAD.exe: 00001934: 16:30:32 [TUniGUISessionManager]:Session manager terminated.
WebApp_BPKAD.exe: 00001934: 16:30:32 [TUniServerModule]:Server Shutdown Completed.
WebApp_BPKAD.exe: 00001934: 16:30:32 []:<-------------------------------------------------------------->
WebApp_BPKAD.exe: 00001934: 16:30:32 [Terminated]:Exit Code: 0
WebApp_BPKAD.exe: 00002CFC: 16:30:41 []:>--------------------------------------------------------------<
WebApp_BPKAD.exe: 00002CFC: 16:30:41 [TUniServerModule]:Server First Init.
WebApp_BPKAD.exe: 00002CFC: 16:30:41 [TUniServerModule]:Debug Mode = ON
WebApp_BPKAD.exe: 00002CFC: 16:30:41 [TUniServerModule]:Starting HTTP Server on Port: 85...
WebApp_BPKAD.exe: 00002CFC: 16:30:41 [TUniServerModule]:HTTP Server Started on Port: 85
WebApp_BPKAD.exe: 00004038: 16:30:49 [127.0.0.1]:EUniSessionException : Invalid session or session Timeout. (Session not found: h4TEMLKSdf108E00E6A ) : Addr: $007DFFFE
WebApp_BPKAD.exe: 000039C4: 16:30:56 [Access violation at address 009F785D in module 'WebApp_BPKAD.exe'. Read of address 00000000-127.0.0.1]:EAccessViolation : Access violation at address 009F785D in module 'WebApp_BPKAD.exe'. Read of address 00000000 : Addr: $009F785D
WebApp_BPKAD.exe: 00001DBC: 16:32:28 []:EInvalidPointer : Invalid pointer operation : Addr: $00409DA9
WebApp_BPKAD.exe: 0000470C: 16:39:00 []:>--------------------------------------------------------------<
WebApp_BPKAD.exe: 0000470C: 16:39:00 [TUniServerModule]:Server First Init.
WebApp_BPKAD.exe: 0000470C: 16:39:00 [TUniServerModule]:Debug Mode = ON
WebApp_BPKAD.exe: 0000470C: 16:39:00 [TUniServerModule]:Global Cache Folder Erased. <26> Files deleted.
WebApp_BPKAD.exe: 0000470C: 16:39:00 [TUniServerModule]:Starting HTTP Server on Port: 85...
WebApp_BPKAD.exe: 0000470C: 16:39:01 [TUniServerModule]:HTTP Server Started on Port: 85
WebApp_BPKAD.exe: 00004270: 16:39:02 [127.0.0.1]:EUniSessionException : Invalid session or session Timeout. (Session not found: GtHTjpYYeZ108E00EF4 ) : Addr: $007DFFFE
WebApp_BPKAD.exe: 00002820: 16:39:13 [Access violation at address 009F786C in module 'WebApp_BPKAD.exe'. Read of address 00000000-127.0.0.1]:EAccessViolation : Access violation at address 009F786C in module 'WebApp_BPKAD.exe'. Read of address 00000000 : Addr: $009F786C
WebApp_BPKAD.exe: 0000470C: 16:39:24 [TUniServerModule]:Shutting Down Server.
WebApp_BPKAD.exe: 0000470C: 16:39:24 [TUniServerModule]:Stopping HTTP Server.
WebApp_BPKAD.exe: 0000470C: 16:39:24 [TUniServerModule]:HTTP Server Stopped.
WebApp_BPKAD.exe: 0000470C: 16:39:24 [TUniGUISessionManager]:Terminating Session manager.
WebApp_BPKAD.exe: 0000470C: 16:39:24 [TUniGUISessionManager]:Stopping Cache Eraser...
WebApp_BPKAD.exe: 0000470C: 16:39:24 [TUniGUISessionManager]:Cache Eraser Stopped.
WebApp_BPKAD.exe: 0000470C: 16:39:26 []:EInvalidPointer : Invalid pointer operation : Addr: $00409DA9
WebApp_BPKAD.exe: 0000470C: 16:39:26 [TUniGUISessionManager]:Destroying Worker Threads.
WebApp_BPKAD.exe: 0000470C: 16:39:26 [TUniGUISessionManager]:Session manager terminated.
WebApp_BPKAD.exe: 0000470C: 16:39:26 [TUniServerModule]:Server Shutdown Completed.
WebApp_BPKAD.exe: 0000470C: 16:39:26 []:<-------------------------------------------------------------->
WebApp_BPKAD.exe: 0000470C: 16:39:26 [Terminated]:Exit Code: 0
WebApp_BPKAD.exe: 00001674: 16:43:06 []:>--------------------------------------------------------------<
WebApp_BPKAD.exe: 00001674: 16:43:06 [TUniServerModule]:Server First Init.
WebApp_BPKAD.exe: 00001674: 16:43:06 [TUniServerModule]:Debug Mode = ON
WebApp_BPKAD.exe: 00001674: 16:43:06 [TUniServerModule]:Starting HTTP Server on Port: 85...
WebApp_BPKAD.exe: 00001674: 16:43:07 [TUniServerModule]:HTTP Server Started on Port: 85
WebApp_BPKAD.exe: 00003CD8: 16:43:23 [127.0.0.1]:EUniSessionException : Invalid session or session Timeout. (Session not found: CVySKYfkxZ108E010C7 ) : Addr: $007DFFFE
WebApp_BPKAD.exe: 0000383C: 16:43:53 [Access violation at address 009F7890 in module 'WebApp_BPKAD.exe'. Read of address 00000000-127.0.0.1]:EAccessViolation : Access violation at address 009F7890 in module 'WebApp_BPKAD.exe'. Read of address 00000000 : Addr: $009F7890
WebApp_BPKAD.exe: 00004140: 16:44:58 []:>--------------------------------------------------------------<
WebApp_BPKAD.exe: 00004140: 16:44:58 [TUniServerModule]:Server First Init.
WebApp_BPKAD.exe: 00004140: 16:44:58 [TUniServerModule]:Debug Mode = ON
WebApp_BPKAD.exe: 00004140: 16:44:58 [TUniServerModule]:Global Cache Folder Erased. <32> Files deleted.
WebApp_BPKAD.exe: 00004140: 16:44:58 [TUniServerModule]:Starting HTTP Server on Port: 85...
WebApp_BPKAD.exe: 00004140: 16:44:59 [TUniServerModule]:HTTP Server Started on Port: 85
WebApp_BPKAD.exe: 000047EC: 16:45:04 [127.0.0.1]:EUniSessionException : Invalid session or session Timeout. (Session not found: SC8vTSt9o6108E0120D ) : Addr: $007DFFFE
