WebApp_BPKAD.exe: 00000A74: 20:46:10 []:>--------------------------------------------------------------<
WebApp_BPKAD.exe: 00000A74: 20:46:10 [TUniServerModule]:Server First Init.
WebApp_BPKAD.exe: 00000A74: 20:46:10 [TUniServerModule]:Starting HTTP Server on Port: 85...
WebApp_BPKAD.exe: 00000A74: 20:46:11 [TUniServerModule]:HTTP Server Started on Port: 85
WebApp_BPKAD.exe: 00000A74: 20:49:06 [TUniServerModule]:Shutting Down Server.
WebApp_BPKAD.exe: 00000A74: 20:49:06 [TUniServerModule]:Stopping HTTP Server.
WebApp_BPKAD.exe: 00000A74: 20:49:07 [TUniServerModule]:HTTP Server Stopped.
WebApp_BPKAD.exe: 00000A74: 20:49:07 [TUniGUISessionManager]:Terminating Session manager.
WebApp_BPKAD.exe: 00000A74: 20:49:07 [TUniGUISessionManager]:Stopping Cache Eraser...
WebApp_BPKAD.exe: 00000A74: 20:49:07 [TUniGUISessionManager]:Cache Eraser Stopped.
WebApp_BPKAD.exe: 00000A74: 20:49:07 []:EAccessViolation : Access violation at address 00409A48 in module 'WebApp_BPKAD.exe'. Read of address FFFFFFFD : Addr: $00409A48
WebApp_BPKAD.exe: 00000A74: 20:49:07 [TUniGUISessionManager]:Destroying Worker Threads.
WebApp_BPKAD.exe: 00000A74: 20:49:07 [TUniGUISessionManager]:Session manager terminated.
WebApp_BPKAD.exe: 00000A74: 20:49:07 [TUniServerModule]:Server Shutdown Completed.
WebApp_BPKAD.exe: 00000A74: 20:49:07 []:<-------------------------------------------------------------->
WebApp_BPKAD.exe: 00000A74: 20:49:07 [Terminated]:Exit Code: 0
WebApp_BPKAD.exe: 00002BFC: 20:49:11 []:>--------------------------------------------------------------<
WebApp_BPKAD.exe: 00002BFC: 20:49:11 [TUniServerModule]:Server First Init.
WebApp_BPKAD.exe: 00002BFC: 20:49:11 [TUniServerModule]:Starting HTTP Server on Port: 85...
WebApp_BPKAD.exe: 00002BFC: 20:49:11 [TUniServerModule]:HTTP Server Started on Port: 85
WebApp_BPKAD.exe: 00002154: 20:49:15 [127.0.0.1]:EUniSessionException : Invalid session or session Timeout. (Session not found: VaK1kau6Vg109976EE7 ) : Addr: $00794B4E
WebApp_BPKAD.exe: 00002154: 20:49:15 [127.0.0.1]:EUniSessionException : Invalid session or session Timeout. (Session not found: VaK1kau6Vg109976EE7 ) : Addr: $00794B4E
WebApp_BPKAD.exe: 000029C8: 21:04:28 []:EAccessViolation : Access violation at address 00409A48 in module 'WebApp_BPKAD.exe'. Read of address FFFFFFFD : Addr: $00409A48
WebApp_BPKAD.exe: 00002BFC: 21:09:39 [TUniServerModule]:Shutting Down Server.
WebApp_BPKAD.exe: 00002BFC: 21:09:39 [TUniServerModule]:Stopping HTTP Server.
WebApp_BPKAD.exe: 00002BFC: 21:09:39 [TUniServerModule]:HTTP Server Stopped.
WebApp_BPKAD.exe: 00002BFC: 21:09:39 [TUniGUISessionManager]:Terminating Session manager.
WebApp_BPKAD.exe: 00002BFC: 21:09:39 [TUniGUISessionManager]:Stopping Cache Eraser...
WebApp_BPKAD.exe: 00002BFC: 21:09:39 [TUniGUISessionManager]:Cache Eraser Stopped.
WebApp_BPKAD.exe: 00002BFC: 21:09:39 [TUniGUISessionManager]:Destroying Worker Threads.
WebApp_BPKAD.exe: 00002BFC: 21:09:39 [TUniGUISessionManager]:Session manager terminated.
WebApp_BPKAD.exe: 00002BFC: 21:09:40 [TUniServerModule]:Server Shutdown Completed.
WebApp_BPKAD.exe: 00002BFC: 21:09:40 []:<-------------------------------------------------------------->
WebApp_BPKAD.exe: 00002BFC: 21:09:40 [Terminated]:Exit Code: 0
WebApp_BPKAD.exe: 00002704: 21:12:29 []:>--------------------------------------------------------------<
WebApp_BPKAD.exe: 00002704: 21:12:29 [TUniServerModule]:Server First Init.
WebApp_BPKAD.exe: 00002704: 21:12:29 [TUniServerModule]:Starting HTTP Server on Port: 85...
WebApp_BPKAD.exe: 00002704: 21:12:29 [TUniServerModule]:HTTP Server Started on Port: 85
WebApp_BPKAD.exe: 000032B4: 21:12:33 [127.0.0.1]:EUniSessionException : Invalid session or session Timeout. (Session not found: 8kEIlShvRR109976FA2 ) : Addr: $00794B4E
WebApp_BPKAD.exe: 000032B4: 21:12:33 [127.0.0.1]:EUniSessionException : Invalid session or session Timeout. (Session not found: 8kEIlShvRR109976FA2 ) : Addr: $00794B4E
WebApp_BPKAD.exe: 00002704: 21:27:23 [TUniServerModule]:Shutting Down Server.
WebApp_BPKAD.exe: 00002704: 21:27:23 [TUniServerModule]:Stopping HTTP Server.
WebApp_BPKAD.exe: 00002704: 21:27:24 [TUniServerModule]:HTTP Server Stopped.
WebApp_BPKAD.exe: 00002704: 21:27:24 [TUniGUISessionManager]:Terminating Session manager.
WebApp_BPKAD.exe: 00002704: 21:27:24 [TUniGUISessionManager]:Stopping Cache Eraser...
WebApp_BPKAD.exe: 00002704: 21:27:24 [TUniGUISessionManager]:Cache Eraser Stopped.
WebApp_BPKAD.exe: 00002704: 21:27:24 []:EAccessViolation : Access violation at address 00409A48 in module 'WebApp_BPKAD.exe'. Read of address FFFFFFFD : Addr: $00409A48
WebApp_BPKAD.exe: 00002704: 21:27:24 [TUniGUISessionManager]:Destroying Worker Threads.
WebApp_BPKAD.exe: 00002704: 21:27:24 [TUniGUISessionManager]:Session manager terminated.
WebApp_BPKAD.exe: 00002704: 21:27:24 [TUniServerModule]:Server Shutdown Completed.
WebApp_BPKAD.exe: 00002704: 21:27:24 []:<-------------------------------------------------------------->
WebApp_BPKAD.exe: 00002704: 21:27:24 [Terminated]:Exit Code: 0
WebApp_BPKAD.exe: 000015B8: 21:39:25 []:>--------------------------------------------------------------<
WebApp_BPKAD.exe: 000015B8: 21:39:25 [TUniServerModule]:Server First Init.
WebApp_BPKAD.exe: 000015B8: 21:39:25 [TUniServerModule]:Starting HTTP Server on Port: 85...
WebApp_BPKAD.exe: 000015B8: 21:39:26 [TUniServerModule]:HTTP Server Started on Port: 85
WebApp_BPKAD.exe: 000018E0: 21:39:27 [127.0.0.1]:EUniSessionException : Invalid session or session Timeout. (Session not found: kOUFB1x8m11099775F4 ) : Addr: $00794B4E
WebApp_BPKAD.exe: 00002954: 21:39:27 [127.0.0.1]:EUniSessionException : Invalid session or session Timeout. (Session not found: kOUFB1x8m11099775F4 ) : Addr: $00794B4E
WebApp_BPKAD.exe: 000018E0: 21:39:28 [127.0.0.1]:EUniSessionException : Invalid session or session Timeout. (Session not found: kOUFB1x8m11099775F4 ) : Addr: $00794B4E
WebApp_BPKAD.exe: 00000810: 21:45:31 []:EAccessViolation : Access violation at address 00409A48 in module 'WebApp_BPKAD.exe'. Read of address FFFFFFFD : Addr: $00409A48
WebApp_BPKAD.exe: 000015B8: 21:46:08 [Exit]:Unexpected attempt to terminate server application with Exit Code: 0
WebApp_BPKAD.exe: 000032B4: 23:51:06 []:>--------------------------------------------------------------<
WebApp_BPKAD.exe: 000032B4: 23:51:06 [TUniServerModule]:Server First Init.
WebApp_BPKAD.exe: 000032B4: 23:51:06 [TUniServerModule]:Global Cache Folder Erased. <35> Files deleted.
WebApp_BPKAD.exe: 000032B4: 23:51:06 [TUniServerModule]:Starting HTTP Server on Port: 85...
WebApp_BPKAD.exe: 000032B4: 23:51:06 [TUniServerModule]:HTTP Server Started on Port: 85
WebApp_BPKAD.exe: 000032B4: 23:51:39 [TUniServerModule]:Shutting Down Server.
WebApp_BPKAD.exe: 000032B4: 23:51:39 [TUniServerModule]:Stopping HTTP Server.
WebApp_BPKAD.exe: 000032B4: 23:51:40 [TUniServerModule]:HTTP Server Stopped.
WebApp_BPKAD.exe: 000032B4: 23:51:40 [TUniGUISessionManager]:Terminating Session manager.
WebApp_BPKAD.exe: 000032B4: 23:51:40 [TUniGUISessionManager]:Stopping Cache Eraser...
WebApp_BPKAD.exe: 000032B4: 23:51:40 [TUniGUISessionManager]:Cache Eraser Stopped.
WebApp_BPKAD.exe: 000032B4: 23:51:40 []:EAccessViolation : Access violation at address 00409A48 in module 'WebApp_BPKAD.exe'. Read of address FFFFFFFD : Addr: $00409A48
WebApp_BPKAD.exe: 000032B4: 23:51:40 [TUniGUISessionManager]:Destroying Worker Threads.
WebApp_BPKAD.exe: 000032B4: 23:51:40 [TUniGUISessionManager]:Session manager terminated.
WebApp_BPKAD.exe: 000032B4: 23:51:40 [TUniServerModule]:Server Shutdown Completed.
WebApp_BPKAD.exe: 000032B4: 23:51:40 []:<-------------------------------------------------------------->
WebApp_BPKAD.exe: 000032B4: 23:51:40 [Terminated]:Exit Code: 0
