WebApp_BPKAD.exe: 00000F28: 16:51:23 [HandleFileRequest[127.0.0.1]]:File not found: D:\OneDrive\PROJECTS\BPKAD HST\WebApp_BPKAD\files\images\8.jpg
WebApp_BPKAD.exe: 00001C58: 16:53:38 [TUniServerModule]:Shutting Down Server.
WebApp_BPKAD.exe: 00001C58: 16:53:38 [TUniServerModule]:Stopping HTTP Server.
WebApp_BPKAD.exe: 00001C58: 16:53:39 [TUniServerModule]:HTTP Server Stopped.
WebApp_BPKAD.exe: 00001C58: 16:53:39 [TUniGUISessionManager]:Terminating Session manager.
WebApp_BPKAD.exe: 00001C58: 16:53:39 [TUniGUISessionManager]:Stopping Cache Eraser...
WebApp_BPKAD.exe: 00001C58: 16:53:39 [TUniGUISessionManager]:Cache Eraser Stopped.
WebApp_BPKAD.exe: 00001C58: 16:53:39 [TUniGUISessionManager]:Destroying Worker Threads.
WebApp_BPKAD.exe: 00001C58: 16:53:39 [TUniGUISessionManager]:Session manager terminated.
WebApp_BPKAD.exe: 00001C58: 16:53:39 [TUniServerModule]:Server Shutdown Completed.
WebApp_BPKAD.exe: 00001C58: 16:53:39 []:<-------------------------------------------------------------->
WebApp_BPKAD.exe: 00001C58: 16:53:39 [Terminated]:Exit Code: 0
WebApp_BPKAD.exe: 0000208C: 16:53:44 []:>--------------------------------------------------------------<
WebApp_BPKAD.exe: 0000208C: 16:53:44 [TUniServerModule]:Server First Init.
WebApp_BPKAD.exe: 0000208C: 16:53:44 [TUniServerModule]:Starting HTTP Server on Port: 80...
WebApp_BPKAD.exe: 0000208C: 16:53:44 [TUniServerModule]:HTTP Server Started on Port: 80
WebApp_BPKAD.exe: 0000187C: 16:53:44 [127.0.0.1]:EUniSessionException : Invalid session or session Timeout. (Session not found: xLE4Y4wzif1087B5EDB ) : Addr: $00788B96
WebApp_BPKAD.exe: 0000187C: 16:53:45 [HandleFileRequest[127.0.0.1]]:File not found: D:\OneDrive\PROJECTS\BPKAD HST\WebApp_BPKAD\files\images\8.jpg
WebApp_BPKAD.exe: 0000208C: 16:54:07 [TUniServerModule]:Shutting Down Server.
WebApp_BPKAD.exe: 0000208C: 16:54:07 [TUniServerModule]:Stopping HTTP Server.
WebApp_BPKAD.exe: 0000208C: 16:54:07 [TUniServerModule]:HTTP Server Stopped.
WebApp_BPKAD.exe: 0000208C: 16:54:07 [TUniGUISessionManager]:Terminating Session manager.
WebApp_BPKAD.exe: 0000208C: 16:54:07 [TUniGUISessionManager]:Stopping Cache Eraser...
WebApp_BPKAD.exe: 0000208C: 16:54:07 [TUniGUISessionManager]:Cache Eraser Stopped.
WebApp_BPKAD.exe: 0000208C: 16:54:07 [TUniGUISessionManager]:Destroying Worker Threads.
WebApp_BPKAD.exe: 0000208C: 16:54:07 [TUniGUISessionManager]:Session manager terminated.
WebApp_BPKAD.exe: 0000208C: 16:54:07 [TUniServerModule]:Server Shutdown Completed.
WebApp_BPKAD.exe: 0000208C: 16:54:07 []:<-------------------------------------------------------------->
WebApp_BPKAD.exe: 0000208C: 16:54:07 [Terminated]:Exit Code: 0
WebApp_BPKAD.exe: 00003434: 16:54:12 []:>--------------------------------------------------------------<
WebApp_BPKAD.exe: 00003434: 16:54:12 [TUniServerModule]:Server First Init.
WebApp_BPKAD.exe: 00003434: 16:54:12 [TUniServerModule]:Starting HTTP Server on Port: 80...
WebApp_BPKAD.exe: 00003434: 16:54:12 [TUniServerModule]:HTTP Server Started on Port: 80
WebApp_BPKAD.exe: 00003490: 16:54:13 [127.0.0.1]:EUniSessionException : Invalid session or session Timeout. (Session not found: lBS1DtDEoF1087B5F7F ) : Addr: $00788B96
WebApp_BPKAD.exe: 00003490: 16:54:14 [HandleFileRequest[127.0.0.1]]:File not found: D:\OneDrive\PROJECTS\BPKAD HST\WebApp_BPKAD\files\images\8.jpg
WebApp_BPKAD.exe: 00000654: 16:54:21 [HandleFileRequest[127.0.0.1]]:File not found: D:\OneDrive\PROJECTS\BPKAD HST\WebApp_BPKAD\files\images\8.jpg
WebApp_BPKAD.exe: 00000BCC: 16:54:27 [HandleFileRequest[127.0.0.1]]:File not found: D:\OneDrive\PROJECTS\BPKAD HST\WebApp_BPKAD\files\images\8.jpg
WebApp_BPKAD.exe: 00003434: 16:55:04 [TUniServerModule]:Shutting Down Server.
WebApp_BPKAD.exe: 00003434: 16:55:04 [TUniServerModule]:Stopping HTTP Server.
WebApp_BPKAD.exe: 00003434: 16:55:05 [TUniServerModule]:HTTP Server Stopped.
WebApp_BPKAD.exe: 00003434: 16:55:05 [TUniGUISessionManager]:Terminating Session manager.
WebApp_BPKAD.exe: 00003434: 16:55:05 [TUniGUISessionManager]:Stopping Cache Eraser...
WebApp_BPKAD.exe: 00003434: 16:55:05 [TUniGUISessionManager]:Cache Eraser Stopped.
WebApp_BPKAD.exe: 00003434: 16:55:05 [TUniGUISessionManager]:Destroying Worker Threads.
WebApp_BPKAD.exe: 00003434: 16:55:05 [TUniGUISessionManager]:Session manager terminated.
WebApp_BPKAD.exe: 00003434: 16:55:05 [TUniServerModule]:Server Shutdown Completed.
WebApp_BPKAD.exe: 00003434: 16:55:05 []:<-------------------------------------------------------------->
WebApp_BPKAD.exe: 00003434: 16:55:05 [Terminated]:Exit Code: 0
WebApp_BPKAD.exe: 00002DAC: 16:55:32 []:>--------------------------------------------------------------<
WebApp_BPKAD.exe: 00002DAC: 16:55:32 [TUniServerModule]:Server First Init.
WebApp_BPKAD.exe: 00002DAC: 16:55:32 [TUniServerModule]:Starting HTTP Server on Port: 80...
WebApp_BPKAD.exe: 00002DAC: 16:55:32 [TUniServerModule]:HTTP Server Started on Port: 80
WebApp_BPKAD.exe: 00001F64: 16:55:34 [127.0.0.1]:EUniSessionException : Invalid session or session Timeout. (Session not found: UkMd6snEFs1087B5FB0 ) : Addr: $00788B96
WebApp_BPKAD.exe: 000037D4: 16:55:35 [HandleFileRequest[127.0.0.1]]:File not found: D:\OneDrive\PROJECTS\BPKAD HST\WebApp_BPKAD\files\images\8.jpg
WebApp_BPKAD.exe: 00002DAC: 16:57:34 [TUniServerModule]:Shutting Down Server.
WebApp_BPKAD.exe: 00002DAC: 16:57:34 [TUniServerModule]:Stopping HTTP Server.
WebApp_BPKAD.exe: 00002DAC: 16:57:35 [TUniServerModule]:HTTP Server Stopped.
WebApp_BPKAD.exe: 00002DAC: 16:57:35 [TUniGUISessionManager]:Terminating Session manager.
WebApp_BPKAD.exe: 00002DAC: 16:57:35 [TUniGUISessionManager]:Stopping Cache Eraser...
WebApp_BPKAD.exe: 00002DAC: 16:57:35 [TUniGUISessionManager]:Cache Eraser Stopped.
WebApp_BPKAD.exe: 00002DAC: 16:57:35 [TUniGUISessionManager]:Destroying Worker Threads.
WebApp_BPKAD.exe: 00002DAC: 16:57:35 [TUniGUISessionManager]:Session manager terminated.
WebApp_BPKAD.exe: 00002DAC: 16:57:35 [TUniServerModule]:Server Shutdown Completed.
WebApp_BPKAD.exe: 00002DAC: 16:57:35 []:<-------------------------------------------------------------->
WebApp_BPKAD.exe: 00002DAC: 16:57:35 [Terminated]:Exit Code: 0
WebApp_BPKAD.exe: 00000724: 16:57:43 []:>--------------------------------------------------------------<
WebApp_BPKAD.exe: 00000724: 16:57:43 [TUniServerModule]:Server First Init.
WebApp_BPKAD.exe: 00000724: 16:57:43 [TUniServerModule]:Starting HTTP Server on Port: 80...
WebApp_BPKAD.exe: 00000724: 16:57:43 [TUniServerModule]:HTTP Server Started on Port: 80
WebApp_BPKAD.exe: 00001AA4: 16:57:43 [127.0.0.1]:EUniSessionException : Invalid session or session Timeout. (Session not found: HqJ3oMwY761087B5FFD ) : Addr: $00788B96
WebApp_BPKAD.exe: 00001AA4: 16:57:44 [HandleFileRequest[127.0.0.1]]:File not found: D:\OneDrive\PROJECTS\BPKAD HST\WebApp_BPKAD\files\images\8.jpg
WebApp_BPKAD.exe: 00002F1C: 16:57:51 [HandleFileRequest[127.0.0.1]]:File not found: D:\OneDrive\PROJECTS\BPKAD HST\WebApp_BPKAD\files\images\8.jpg
WebApp_BPKAD.exe: 00000724: 16:58:00 [TUniServerModule]:Shutting Down Server.
WebApp_BPKAD.exe: 00000724: 16:58:00 [TUniServerModule]:Stopping HTTP Server.
WebApp_BPKAD.exe: 00000724: 16:58:01 [TUniServerModule]:HTTP Server Stopped.
WebApp_BPKAD.exe: 00000724: 16:58:01 [TUniGUISessionManager]:Terminating Session manager.
WebApp_BPKAD.exe: 00000724: 16:58:01 [TUniGUISessionManager]:Stopping Cache Eraser...
WebApp_BPKAD.exe: 00000724: 16:58:01 [TUniGUISessionManager]:Cache Eraser Stopped.
WebApp_BPKAD.exe: 00000724: 16:58:01 [TUniGUISessionManager]:Destroying Worker Threads.
WebApp_BPKAD.exe: 00000724: 16:58:01 [TUniGUISessionManager]:Session manager terminated.
WebApp_BPKAD.exe: 00000724: 16:58:01 [TUniServerModule]:Server Shutdown Completed.
WebApp_BPKAD.exe: 00000724: 16:58:01 []:<-------------------------------------------------------------->
WebApp_BPKAD.exe: 00000724: 16:58:01 [Terminated]:Exit Code: 0
WebApp_BPKAD.exe: 000008F4: 17:03:29 []:>--------------------------------------------------------------<
WebApp_BPKAD.exe: 000008F4: 17:03:29 [TUniServerModule]:Server First Init.
WebApp_BPKAD.exe: 000008F4: 17:03:29 [TUniServerModule]:Starting HTTP Server on Port: 80...
WebApp_BPKAD.exe: 000008F4: 17:03:29 [TUniServerModule]:HTTP Server Started on Port: 80
WebApp_BPKAD.exe: 000013C4: 17:03:32 [127.0.0.1]:EUniSessionException : Invalid session or session Timeout. (Session not found: VkSTkmlhtW1087B609B ) : Addr: $00788D06
WebApp_BPKAD.exe: 000013C4: 17:03:33 [HandleFileRequest[127.0.0.1]]:File not found: D:\OneDrive\PROJECTS\BPKAD HST\WebApp_BPKAD\files\images\8.jpg
WebApp_BPKAD.exe: 000008F4: 17:05:56 [TUniServerModule]:Shutting Down Server.
WebApp_BPKAD.exe: 000008F4: 17:05:56 [TUniServerModule]:Stopping HTTP Server.
WebApp_BPKAD.exe: 000008F4: 17:05:57 [TUniServerModule]:HTTP Server Stopped.
WebApp_BPKAD.exe: 000008F4: 17:05:57 [TUniGUISessionManager]:Terminating Session manager.
WebApp_BPKAD.exe: 000008F4: 17:05:57 [TUniGUISessionManager]:Stopping Cache Eraser...
WebApp_BPKAD.exe: 000008F4: 17:05:57 [TUniGUISessionManager]:Cache Eraser Stopped.
WebApp_BPKAD.exe: 000008F4: 17:05:57 [TUniGUISessionManager]:Destroying Worker Threads.
WebApp_BPKAD.exe: 000008F4: 17:05:57 [TUniGUISessionManager]:Session manager terminated.
WebApp_BPKAD.exe: 000008F4: 17:05:57 [TUniServerModule]:Server Shutdown Completed.
WebApp_BPKAD.exe: 000008F4: 17:05:57 []:<-------------------------------------------------------------->
WebApp_BPKAD.exe: 000008F4: 17:05:57 [Terminated]:Exit Code: 0
WebApp_BPKAD.exe: 0000306C: 17:06:19 []:>--------------------------------------------------------------<
WebApp_BPKAD.exe: 0000306C: 17:06:19 [TUniServerModule]:Server First Init.
WebApp_BPKAD.exe: 0000306C: 17:06:19 [TUniServerModule]:Starting HTTP Server on Port: 80...
WebApp_BPKAD.exe: 0000306C: 17:06:19 [TUniServerModule]:HTTP Server Started on Port: 80
WebApp_BPKAD.exe: 00002B64: 17:06:19 [127.0.0.1]:EUniSessionException : Invalid session or session Timeout. (Session not found: JNU9joA1Kj1087B6227 ) : Addr: $00788D06
WebApp_BPKAD.exe: 0000303C: 17:06:20 [HandleFileRequest[127.0.0.1]]:File not found: D:\OneDrive\PROJECTS\BPKAD HST\WebApp_BPKAD\files\images\8.jpg
WebApp_BPKAD.exe: 0000306C: 17:06:33 [TUniServerModule]:Shutting Down Server.
WebApp_BPKAD.exe: 0000306C: 17:06:33 [TUniServerModule]:Stopping HTTP Server.
WebApp_BPKAD.exe: 0000306C: 17:06:34 [TUniServerModule]:HTTP Server Stopped.
WebApp_BPKAD.exe: 0000306C: 17:06:34 [TUniGUISessionManager]:Terminating Session manager.
WebApp_BPKAD.exe: 0000306C: 17:06:34 [TUniGUISessionManager]:Stopping Cache Eraser...
WebApp_BPKAD.exe: 0000306C: 17:06:34 [TUniGUISessionManager]:Cache Eraser Stopped.
WebApp_BPKAD.exe: 0000306C: 17:06:34 [TUniGUISessionManager]:Destroying Worker Threads.
WebApp_BPKAD.exe: 0000306C: 17:06:34 [TUniGUISessionManager]:Session manager terminated.
WebApp_BPKAD.exe: 0000306C: 17:06:34 [TUniServerModule]:Server Shutdown Completed.
WebApp_BPKAD.exe: 0000306C: 17:06:34 []:<-------------------------------------------------------------->
WebApp_BPKAD.exe: 0000306C: 17:06:34 [Terminated]:Exit Code: 0
WebApp_BPKAD.exe: 00001310: 17:06:38 []:>--------------------------------------------------------------<
WebApp_BPKAD.exe: 00001310: 17:06:38 [TUniServerModule]:Server First Init.
WebApp_BPKAD.exe: 00001310: 17:06:38 [TUniServerModule]:Starting HTTP Server on Port: 80...
WebApp_BPKAD.exe: 00001310: 17:06:38 [TUniServerModule]:HTTP Server Started on Port: 80
WebApp_BPKAD.exe: 00002334: 17:06:38 [127.0.0.1]:EUniSessionException : Invalid session or session Timeout. (Session not found: pdcgdtEuHp1087B62E8 ) : Addr: $00788D06
WebApp_BPKAD.exe: 00002334: 17:06:39 [HandleFileRequest[127.0.0.1]]:File not found: D:\OneDrive\PROJECTS\BPKAD HST\WebApp_BPKAD\files\images\8.jpg
WebApp_BPKAD.exe: 00001310: 17:08:06 [TUniServerModule]:Shutting Down Server.
WebApp_BPKAD.exe: 00001310: 17:08:06 [TUniServerModule]:Stopping HTTP Server.
WebApp_BPKAD.exe: 00001310: 17:08:07 [TUniServerModule]:HTTP Server Stopped.
WebApp_BPKAD.exe: 00001310: 17:08:07 [TUniGUISessionManager]:Terminating Session manager.
WebApp_BPKAD.exe: 00001310: 17:08:07 [TUniGUISessionManager]:Stopping Cache Eraser...
WebApp_BPKAD.exe: 00001310: 17:08:07 [TUniGUISessionManager]:Cache Eraser Stopped.
WebApp_BPKAD.exe: 00001310: 17:08:07 [TUniGUISessionManager]:Destroying Worker Threads.
WebApp_BPKAD.exe: 00001310: 17:08:07 [TUniGUISessionManager]:Session manager terminated.
WebApp_BPKAD.exe: 00001310: 17:08:07 [TUniServerModule]:Server Shutdown Completed.
WebApp_BPKAD.exe: 00001310: 17:08:07 []:<-------------------------------------------------------------->
WebApp_BPKAD.exe: 00001310: 17:08:07 [Terminated]:Exit Code: 0
WebApp_BPKAD.exe: 000022D4: 17:08:11 []:>--------------------------------------------------------------<
WebApp_BPKAD.exe: 000022D4: 17:08:11 [TUniServerModule]:Server First Init.
WebApp_BPKAD.exe: 000022D4: 17:08:12 [TUniServerModule]:Starting HTTP Server on Port: 80...
WebApp_BPKAD.exe: 000022D4: 17:08:12 [TUniServerModule]:HTTP Server Started on Port: 80
WebApp_BPKAD.exe: 00001944: 17:08:12 [127.0.0.1]:EUniSessionException : Invalid session or session Timeout. (Session not found: SXDSS9opgV1087B62FF ) : Addr: $00788D06
WebApp_BPKAD.exe: 00001944: 17:08:13 [HandleFileRequest[127.0.0.1]]:File not found: D:\OneDrive\PROJECTS\BPKAD HST\WebApp_BPKAD\files\images\8.jpg
WebApp_BPKAD.exe: 00000B54: 17:08:19 [127.0.0.1]:EAccessViolation : Access violation at address 0085531E in module 'WebApp_BPKAD.exe'. Read of address 00000000 : Addr: $0085531E
WebApp_BPKAD.exe: 00001CCC: 17:08:22 [127.0.0.1]:EAccessViolation : Access violation at address 0085531E in module 'WebApp_BPKAD.exe'. Read of address 00000000 : Addr: $0085531E
WebApp_BPKAD.exe: 000022D4: 17:08:30 [TUniServerModule]:Shutting Down Server.
WebApp_BPKAD.exe: 000022D4: 17:08:30 [TUniServerModule]:Stopping HTTP Server.
WebApp_BPKAD.exe: 000022D4: 17:08:31 [TUniServerModule]:HTTP Server Stopped.
WebApp_BPKAD.exe: 000022D4: 17:08:31 [TUniGUISessionManager]:Terminating Session manager.
WebApp_BPKAD.exe: 000022D4: 17:08:31 [TUniGUISessionManager]:Stopping Cache Eraser...
WebApp_BPKAD.exe: 000022D4: 17:08:31 [TUniGUISessionManager]:Cache Eraser Stopped.
WebApp_BPKAD.exe: 000022D4: 17:08:31 [TUniGUISessionManager]:Destroying Worker Threads.
WebApp_BPKAD.exe: 000022D4: 17:08:31 [TUniGUISessionManager]:Session manager terminated.
WebApp_BPKAD.exe: 000022D4: 17:08:31 [TUniServerModule]:Server Shutdown Completed.
WebApp_BPKAD.exe: 000022D4: 17:08:31 []:<-------------------------------------------------------------->
WebApp_BPKAD.exe: 000022D4: 17:08:31 [Terminated]:Exit Code: 0
WebApp_BPKAD.exe: 00001100: 17:10:35 []:>--------------------------------------------------------------<
WebApp_BPKAD.exe: 00001100: 17:10:35 [TUniServerModule]:Server First Init.
WebApp_BPKAD.exe: 00001100: 17:10:35 [TUniServerModule]:Starting HTTP Server on Port: 80...
WebApp_BPKAD.exe: 00001100: 17:10:35 [TUniServerModule]:HTTP Server Started on Port: 80
WebApp_BPKAD.exe: 00003414: 17:10:35 [127.0.0.1]:EUniSessionException : Invalid session or session Timeout. (Session not found: Gf1nCvI3hO1087B636C ) : Addr: $00788D06
WebApp_BPKAD.exe: 00003414: 17:10:36 [HandleFileRequest[127.0.0.1]]:File not found: D:\OneDrive\PROJECTS\BPKAD HST\WebApp_BPKAD\files\images\8.jpg
WebApp_BPKAD.exe: 00001100: 17:10:57 [TUniServerModule]:Shutting Down Server.
WebApp_BPKAD.exe: 00001100: 17:10:57 [TUniServerModule]:Stopping HTTP Server.
WebApp_BPKAD.exe: 00001100: 17:10:57 [TUniServerModule]:HTTP Server Stopped.
WebApp_BPKAD.exe: 00001100: 17:10:57 [TUniGUISessionManager]:Terminating Session manager.
WebApp_BPKAD.exe: 00001100: 17:10:57 [TUniGUISessionManager]:Stopping Cache Eraser...
WebApp_BPKAD.exe: 00001100: 17:10:57 [TUniGUISessionManager]:Cache Eraser Stopped.
WebApp_BPKAD.exe: 00001100: 17:10:57 [TUniGUISessionManager]:Destroying Worker Threads.
WebApp_BPKAD.exe: 00001100: 17:10:57 [TUniGUISessionManager]:Session manager terminated.
WebApp_BPKAD.exe: 00001100: 17:10:58 [TUniServerModule]:Server Shutdown Completed.
WebApp_BPKAD.exe: 00001100: 17:10:58 []:<-------------------------------------------------------------->
WebApp_BPKAD.exe: 00001100: 17:10:58 [Terminated]:Exit Code: 0
WebApp_BPKAD.exe: 00001C74: 17:11:48 []:>--------------------------------------------------------------<
WebApp_BPKAD.exe: 00001C74: 17:11:48 [TUniServerModule]:Server First Init.
WebApp_BPKAD.exe: 00001C74: 17:11:48 [TUniServerModule]:Starting HTTP Server on Port: 80...
WebApp_BPKAD.exe: 00001C74: 17:11:48 [TUniServerModule]:HTTP Server Started on Port: 80
WebApp_BPKAD.exe: 000036A4: 17:11:48 [127.0.0.1]:EUniSessionException : Invalid session or session Timeout. (Session not found: Nq9kU1QLLy1087B6411 ) : Addr: $00788D06
WebApp_BPKAD.exe: 000036A4: 17:11:48 [127.0.0.1]:EUniSessionException : Invalid session or session Timeout. (Session not found: Nq9kU1QLLy1087B6411 ) : Addr: $00788D06
WebApp_BPKAD.exe: 000036A4: 17:11:48 [127.0.0.1]:EUniSessionException : Invalid session or session Timeout. (Session not found: Nq9kU1QLLy1087B6411 ) : Addr: $00788D06
WebApp_BPKAD.exe: 000036A4: 17:11:50 [127.0.0.1]:EUniSessionException : Invalid session or session Timeout. (Session not found: Nq9kU1QLLy1087B6411 ) : Addr: $00788D06
WebApp_BPKAD.exe: 000036A4: 17:11:50 [127.0.0.1]:EUniSessionException : Invalid session or session Timeout. (Session not found: Nq9kU1QLLy1087B6411 ) : Addr: $00788D06
WebApp_BPKAD.exe: 000021EC: 17:11:50 [127.0.0.1]:EUniSessionException : Invalid session or session Timeout. (Session not found: Nq9kU1QLLy1087B6411 ) : Addr: $00788D06
WebApp_BPKAD.exe: 000036A4: 17:11:50 [127.0.0.1]:EUniSessionException : Invalid session or session Timeout. (Session not found: Nq9kU1QLLy1087B6411 ) : Addr: $00788D06
WebApp_BPKAD.exe: 000035C8: 17:11:50 [127.0.0.1]:EUniSessionException : Invalid session or session Timeout. (Session not found: Nq9kU1QLLy1087B6411 ) : Addr: $00788D06
WebApp_BPKAD.exe: 00003194: 17:11:50 [127.0.0.1]:EUniSessionException : Invalid session or session Timeout. (Session not found: Nq9kU1QLLy1087B6411 ) : Addr: $00788D06
WebApp_BPKAD.exe: 000021EC: 17:11:50 [127.0.0.1]:EUniSessionException : Invalid session or session Timeout. (Session not found: Nq9kU1QLLy1087B6411 ) : Addr: $00788D06
WebApp_BPKAD.exe: 000036A4: 17:11:50 [127.0.0.1]:EUniSessionException : Invalid session or session Timeout. (Session not found: Nq9kU1QLLy1087B6411 ) : Addr: $00788D06
WebApp_BPKAD.exe: 00002908: 17:11:52 [HandleFileRequest[127.0.0.1]]:File not found: D:\OneDrive\PROJECTS\BPKAD HST\WebApp_BPKAD\files\images\8.jpg
WebApp_BPKAD.exe: 0000324C: 17:15:38 [HandleFileRequest[127.0.0.1]]:File not found: D:\OneDrive\PROJECTS\BPKAD HST\WebApp_BPKAD\files\images\8.jpg
WebApp_BPKAD.exe: 00001C74: 17:25:44 [TUniServerModule]:Shutting Down Server.
WebApp_BPKAD.exe: 00001C74: 17:25:44 [TUniServerModule]:Stopping HTTP Server.
WebApp_BPKAD.exe: 00001C74: 17:25:45 [TUniServerModule]:HTTP Server Stopped.
WebApp_BPKAD.exe: 00001C74: 17:25:45 [TUniGUISessionManager]:Terminating Session manager.
WebApp_BPKAD.exe: 00001C74: 17:25:45 [TUniGUISessionManager]:Stopping Cache Eraser...
WebApp_BPKAD.exe: 00001C74: 17:25:45 [TUniGUISessionManager]:Cache Eraser Stopped.
WebApp_BPKAD.exe: 00001C74: 17:25:45 [TUniGUISessionManager]:Destroying Worker Threads.
WebApp_BPKAD.exe: 00001C74: 17:25:45 [TUniGUISessionManager]:Session manager terminated.
WebApp_BPKAD.exe: 00001C74: 17:25:45 [TUniServerModule]:Server Shutdown Completed.
WebApp_BPKAD.exe: 00001C74: 17:25:45 []:<-------------------------------------------------------------->
WebApp_BPKAD.exe: 00001C74: 17:25:45 [Terminated]:Exit Code: 0
WebApp_BPKAD.exe: 00001828: 17:26:09 []:>--------------------------------------------------------------<
WebApp_BPKAD.exe: 00001828: 17:26:09 [TUniServerModule]:Server First Init.
WebApp_BPKAD.exe: 00001828: 17:26:09 [TUniServerModule]:Starting HTTP Server on Port: 80...
WebApp_BPKAD.exe: 00001828: 17:26:09 [TUniServerModule]:HTTP Server Started on Port: 80
WebApp_BPKAD.exe: 000021EC: 17:26:15 [127.0.0.1]:EUniSessionException : Invalid session or session Timeout. (Session not found: 2byD8lhOuy1087B656F ) : Addr: $00788D06
WebApp_BPKAD.exe: 000021EC: 17:26:17 [HandleFileRequest[127.0.0.1]]:File not found: D:\OneDrive\PROJECTS\BPKAD HST\WebApp_BPKAD\files\images\8.jpg
WebApp_BPKAD.exe: 00001828: 17:26:29 [TUniServerModule]:Shutting Down Server.
WebApp_BPKAD.exe: 00001828: 17:26:29 [TUniServerModule]:Stopping HTTP Server.
WebApp_BPKAD.exe: 00001828: 17:26:30 [TUniServerModule]:HTTP Server Stopped.
WebApp_BPKAD.exe: 00001828: 17:26:30 [TUniGUISessionManager]:Terminating Session manager.
WebApp_BPKAD.exe: 00001828: 17:26:30 [TUniGUISessionManager]:Stopping Cache Eraser...
WebApp_BPKAD.exe: 00001828: 17:26:30 [TUniGUISessionManager]:Cache Eraser Stopped.
WebApp_BPKAD.exe: 00001828: 17:26:30 [TUniGUISessionManager]:Destroying Worker Threads.
WebApp_BPKAD.exe: 00001828: 17:26:30 [TUniGUISessionManager]:Session manager terminated.
WebApp_BPKAD.exe: 00001828: 17:26:30 [TUniServerModule]:Server Shutdown Completed.
WebApp_BPKAD.exe: 00001828: 17:26:30 []:<-------------------------------------------------------------->
WebApp_BPKAD.exe: 00001828: 17:26:30 [Terminated]:Exit Code: 0
WebApp_BPKAD.exe: 00000DB0: 17:28:50 []:>--------------------------------------------------------------<
WebApp_BPKAD.exe: 00000DB0: 17:28:50 [TUniServerModule]:Server First Init.
WebApp_BPKAD.exe: 00000DB0: 17:28:50 [TUniServerModule]:Starting HTTP Server on Port: 80...
WebApp_BPKAD.exe: 00000DB0: 17:28:50 [TUniServerModule]:HTTP Server Started on Port: 80
WebApp_BPKAD.exe: 00000EDC: 17:28:53 [HandleFileRequest[127.0.0.1]]:File not found: D:\OneDrive\PROJECTS\BPKAD HST\WebApp_BPKAD\files\images\8.jpg
WebApp_BPKAD.exe: 00000DB0: 17:29:46 [TUniServerModule]:Shutting Down Server.
WebApp_BPKAD.exe: 00000DB0: 17:29:46 [TUniServerModule]:Stopping HTTP Server.
WebApp_BPKAD.exe: 00000DB0: 17:29:46 [TUniServerModule]:HTTP Server Stopped.
WebApp_BPKAD.exe: 00000DB0: 17:29:46 [TUniGUISessionManager]:Terminating Session manager.
WebApp_BPKAD.exe: 00000DB0: 17:29:46 [TUniGUISessionManager]:Stopping Cache Eraser...
WebApp_BPKAD.exe: 00000DB0: 17:29:46 [TUniGUISessionManager]:Cache Eraser Stopped.
WebApp_BPKAD.exe: 00000DB0: 17:29:46 [TUniGUISessionManager]:Destroying Worker Threads.
WebApp_BPKAD.exe: 00000DB0: 17:29:46 [TUniGUISessionManager]:Session manager terminated.
WebApp_BPKAD.exe: 00000DB0: 17:29:46 [TUniServerModule]:Server Shutdown Completed.
WebApp_BPKAD.exe: 00000DB0: 17:29:46 []:<-------------------------------------------------------------->
WebApp_BPKAD.exe: 00000DB0: 17:29:46 [Terminated]:Exit Code: 0
WebApp_BPKAD.exe: 00002254: 17:44:53 []:>--------------------------------------------------------------<
WebApp_BPKAD.exe: 00002254: 17:44:53 [TUniServerModule]:Server First Init.
WebApp_BPKAD.exe: 00002254: 17:44:53 [TUniServerModule]:Starting HTTP Server on Port: 80...
WebApp_BPKAD.exe: 00002254: 17:44:53 [TUniServerModule]:HTTP Server Started on Port: 80
WebApp_BPKAD.exe: 00002690: 17:44:55 [127.0.0.1]:EUniSessionException : Invalid session or session Timeout. (Session not found: RWDQGK4GWc1087B6906 ) : Addr: $00788D06
WebApp_BPKAD.exe: 00002690: 17:44:56 [HandleFileRequest[127.0.0.1]]:File not found: D:\OneDrive\PROJECTS\BPKAD HST\WebApp_BPKAD\files\images\8.jpg
WebApp_BPKAD.exe: 00002254: 17:45:19 [TUniServerModule]:Shutting Down Server.
WebApp_BPKAD.exe: 00002254: 17:45:19 [TUniServerModule]:Stopping HTTP Server.
WebApp_BPKAD.exe: 00002254: 17:45:20 [TUniServerModule]:HTTP Server Stopped.
WebApp_BPKAD.exe: 00002254: 17:45:20 [TUniGUISessionManager]:Terminating Session manager.
WebApp_BPKAD.exe: 00002254: 17:45:20 [TUniGUISessionManager]:Stopping Cache Eraser...
WebApp_BPKAD.exe: 00002254: 17:45:20 [TUniGUISessionManager]:Cache Eraser Stopped.
WebApp_BPKAD.exe: 00002254: 17:45:20 [TUniGUISessionManager]:Destroying Worker Threads.
WebApp_BPKAD.exe: 00002254: 17:45:20 [TUniGUISessionManager]:Session manager terminated.
WebApp_BPKAD.exe: 00002254: 17:45:20 [TUniServerModule]:Server Shutdown Completed.
WebApp_BPKAD.exe: 00002254: 17:45:20 []:<-------------------------------------------------------------->
WebApp_BPKAD.exe: 00002254: 17:45:20 [Terminated]:Exit Code: 0
WebApp_BPKAD.exe: 00000604: 17:45:23 []:>--------------------------------------------------------------<
WebApp_BPKAD.exe: 00000604: 17:45:23 [TUniServerModule]:Server First Init.
WebApp_BPKAD.exe: 00000604: 17:45:23 [TUniServerModule]:Starting HTTP Server on Port: 80...
WebApp_BPKAD.exe: 00000604: 17:45:23 [TUniServerModule]:HTTP Server Started on Port: 80
WebApp_BPKAD.exe: 000019F4: 17:45:28 [127.0.0.1]:EUniSessionException : Invalid session or session Timeout. (Session not found: vN3FnWWl8s1087B6D62 ) : Addr: $00788D06
WebApp_BPKAD.exe: 000019F4: 17:45:30 [HandleFileRequest[127.0.0.1]]:File not found: D:\OneDrive\PROJECTS\BPKAD HST\WebApp_BPKAD\files\images\8.jpg
WebApp_BPKAD.exe: 00000604: 17:47:14 [TUniServerModule]:Shutting Down Server.
WebApp_BPKAD.exe: 00000604: 17:47:14 [TUniServerModule]:Stopping HTTP Server.
WebApp_BPKAD.exe: 00000604: 17:47:15 [TUniServerModule]:HTTP Server Stopped.
WebApp_BPKAD.exe: 00000604: 17:47:15 [TUniGUISessionManager]:Terminating Session manager.
WebApp_BPKAD.exe: 00000604: 17:47:15 [TUniGUISessionManager]:Stopping Cache Eraser...
WebApp_BPKAD.exe: 00000604: 17:47:15 [TUniGUISessionManager]:Cache Eraser Stopped.
WebApp_BPKAD.exe: 00000604: 17:47:15 [TUniGUISessionManager]:Destroying Worker Threads.
WebApp_BPKAD.exe: 00000604: 17:47:15 [TUniGUISessionManager]:Session manager terminated.
WebApp_BPKAD.exe: 00000604: 17:47:15 [TUniServerModule]:Server Shutdown Completed.
WebApp_BPKAD.exe: 00000604: 17:47:15 []:<-------------------------------------------------------------->
WebApp_BPKAD.exe: 00000604: 17:47:15 [Terminated]:Exit Code: 0
WebApp_BPKAD.exe: 000025B4: 17:47:20 []:>--------------------------------------------------------------<
WebApp_BPKAD.exe: 000025B4: 17:47:20 [TUniServerModule]:Server First Init.
WebApp_BPKAD.exe: 000025B4: 17:47:20 [TUniServerModule]:Starting HTTP Server on Port: 80...
WebApp_BPKAD.exe: 000025B4: 17:47:20 [TUniServerModule]:HTTP Server Started on Port: 80
WebApp_BPKAD.exe: 00000728: 17:47:20 [127.0.0.1]:EUniSessionException : Invalid session or session Timeout. (Session not found: KaqaXHr4UQ1087B6D88 ) : Addr: $00788D06
WebApp_BPKAD.exe: 00000728: 17:47:21 [HandleFileRequest[127.0.0.1]]:File not found: D:\OneDrive\PROJECTS\BPKAD HST\WebApp_BPKAD\files\images\8.jpg
WebApp_BPKAD.exe: 000025B4: 17:52:30 [TUniServerModule]:Shutting Down Server.
WebApp_BPKAD.exe: 000025B4: 17:52:30 [TUniServerModule]:Stopping HTTP Server.
WebApp_BPKAD.exe: 000025B4: 17:52:31 [TUniServerModule]:HTTP Server Stopped.
WebApp_BPKAD.exe: 000025B4: 17:52:31 [TUniGUISessionManager]:Terminating Session manager.
WebApp_BPKAD.exe: 000025B4: 17:52:31 [TUniGUISessionManager]:Stopping Cache Eraser...
WebApp_BPKAD.exe: 000025B4: 17:52:31 [TUniGUISessionManager]:Cache Eraser Stopped.
WebApp_BPKAD.exe: 000025B4: 17:52:31 [TUniGUISessionManager]:Destroying Worker Threads.
WebApp_BPKAD.exe: 000025B4: 17:52:31 [TUniGUISessionManager]:Session manager terminated.
WebApp_BPKAD.exe: 000025B4: 17:52:31 [TUniServerModule]:Server Shutdown Completed.
WebApp_BPKAD.exe: 000025B4: 17:52:31 []:<-------------------------------------------------------------->
WebApp_BPKAD.exe: 000025B4: 17:52:31 [Terminated]:Exit Code: 0
WebApp_BPKAD.exe: 00001978: 21:49:25 []:>--------------------------------------------------------------<
WebApp_BPKAD.exe: 00001978: 21:49:25 [TUniServerModule]:Server First Init.
WebApp_BPKAD.exe: 00001978: 21:49:25 [TUniServerModule]:Starting HTTP Server on Port: 80...
WebApp_BPKAD.exe: 00001978: 21:49:25 [TUniServerModule]:HTTP Server Started on Port: 80
WebApp_BPKAD.exe: 00003594: 21:49:30 [HandleFileRequest[127.0.0.1]]:File not found: D:\OneDrive\PROJECTS\BPKAD HST\WebApp_BPKAD\files\images\8.jpg
WebApp_BPKAD.exe: 00002918: 21:49:43 [HandleFileRequest[127.0.0.1]]:File not found: D:\OneDrive\PROJECTS\BPKAD HST\WebApp_BPKAD\files\images\8.jpg
WebApp_BPKAD.exe: 000004C0: 21:50:12 [HandleFileRequest[127.0.0.1]]:File not found: D:\OneDrive\PROJECTS\BPKAD HST\WebApp_BPKAD\favicon.ico
WebApp_BPKAD.exe: 00001910: 21:50:48 [HandleFileRequest[127.0.0.1]]:File not found: D:\OneDrive\PROJECTS\BPKAD HST\WebApp_BPKAD\files\images\8.jpg
WebApp_BPKAD.exe: 00001978: 21:51:44 [TUniServerModule]:Shutting Down Server.
WebApp_BPKAD.exe: 00001978: 21:51:44 [TUniServerModule]:Stopping HTTP Server.
WebApp_BPKAD.exe: 00001978: 21:51:45 [TUniServerModule]:HTTP Server Stopped.
WebApp_BPKAD.exe: 00001978: 21:51:45 [TUniGUISessionManager]:Terminating Session manager.
WebApp_BPKAD.exe: 00001978: 21:51:45 [TUniGUISessionManager]:Stopping Cache Eraser...
WebApp_BPKAD.exe: 00001978: 21:51:45 [TUniGUISessionManager]:Cache Eraser Stopped.
WebApp_BPKAD.exe: 00001978: 21:51:45 [TUniGUISessionManager]:Destroying Worker Threads.
WebApp_BPKAD.exe: 00001978: 21:51:45 [TUniGUISessionManager]:Session manager terminated.
WebApp_BPKAD.exe: 00001978: 21:51:45 [TUniServerModule]:Server Shutdown Completed.
WebApp_BPKAD.exe: 00001978: 21:51:45 []:<-------------------------------------------------------------->
WebApp_BPKAD.exe: 00001978: 21:51:45 [Terminated]:Exit Code: 0
WebApp_BPKAD.exe: 00001014: 21:52:03 []:>--------------------------------------------------------------<
WebApp_BPKAD.exe: 00001014: 21:52:03 [TUniServerModule]:Server First Init.
WebApp_BPKAD.exe: 00001014: 21:52:03 [TUniServerModule]:Starting HTTP Server on Port: 80...
WebApp_BPKAD.exe: 00001014: 21:52:03 [TUniServerModule]:HTTP Server Started on Port: 80
WebApp_BPKAD.exe: 000020E4: 21:52:12 [127.0.0.1]:EUniSessionException : Invalid session or session Timeout. (Session not found: 6OKIW2w9md1087BB012 ) : Addr: $00788D06
WebApp_BPKAD.exe: 000020E4: 21:52:14 [HandleFileRequest[127.0.0.1]]:File not found: D:\OneDrive\PROJECTS\BPKAD HST\WebApp_BPKAD\files\images\8.jpg
WebApp_BPKAD.exe: 00001014: 21:53:35 [TUniServerModule]:Shutting Down Server.
WebApp_BPKAD.exe: 00001014: 21:53:35 [TUniServerModule]:Stopping HTTP Server.
WebApp_BPKAD.exe: 00001014: 21:53:35 [TUniServerModule]:HTTP Server Stopped.
WebApp_BPKAD.exe: 00001014: 21:53:35 [TUniGUISessionManager]:Terminating Session manager.
WebApp_BPKAD.exe: 00001014: 21:53:35 [TUniGUISessionManager]:Stopping Cache Eraser...
WebApp_BPKAD.exe: 00001014: 21:53:36 [TUniGUISessionManager]:Cache Eraser Stopped.
WebApp_BPKAD.exe: 00001014: 21:53:36 [TUniGUISessionManager]:Destroying Worker Threads.
WebApp_BPKAD.exe: 00001014: 21:53:36 [TUniGUISessionManager]:Session manager terminated.
WebApp_BPKAD.exe: 00001014: 21:53:36 [TUniServerModule]:Server Shutdown Completed.
WebApp_BPKAD.exe: 00001014: 21:53:36 []:<-------------------------------------------------------------->
WebApp_BPKAD.exe: 00001014: 21:53:36 [Terminated]:Exit Code: 0
WebApp_BPKAD.exe: 000000F0: 21:54:17 []:>--------------------------------------------------------------<
WebApp_BPKAD.exe: 000000F0: 21:54:17 [TUniServerModule]:Server First Init.
WebApp_BPKAD.exe: 000000F0: 21:54:17 [TUniServerModule]:Starting HTTP Server on Port: 80...
WebApp_BPKAD.exe: 000000F0: 21:54:17 [TUniServerModule]:HTTP Server Started on Port: 80
WebApp_BPKAD.exe: 00003034: 21:54:18 [127.0.0.1]:EUniSessionException : Invalid session or session Timeout. (Session not found: pEQAeo4e1J1087BB076 ) : Addr: $00788D06
WebApp_BPKAD.exe: 00003034: 21:54:19 [HandleFileRequest[127.0.0.1]]:File not found: D:\OneDrive\PROJECTS\BPKAD HST\WebApp_BPKAD\files\images\8.jpg
WebApp_BPKAD.exe: 00001438: 21:55:01 [HandleFileRequest[127.0.0.1]]:File not found: D:\OneDrive\PROJECTS\BPKAD HST\WebApp_BPKAD\files\images\8.jpg
WebApp_BPKAD.exe: 000000F0: 21:55:56 [TUniServerModule]:Shutting Down Server.
WebApp_BPKAD.exe: 000000F0: 21:55:56 [TUniServerModule]:Stopping HTTP Server.
WebApp_BPKAD.exe: 000000F0: 21:55:57 [TUniServerModule]:HTTP Server Stopped.
WebApp_BPKAD.exe: 000000F0: 21:55:57 [TUniGUISessionManager]:Terminating Session manager.
WebApp_BPKAD.exe: 000000F0: 21:55:57 [TUniGUISessionManager]:Stopping Cache Eraser...
WebApp_BPKAD.exe: 000000F0: 21:55:57 [TUniGUISessionManager]:Cache Eraser Stopped.
WebApp_BPKAD.exe: 000000F0: 21:55:57 [TUniGUISessionManager]:Destroying Worker Threads.
WebApp_BPKAD.exe: 000000F0: 21:55:57 [TUniGUISessionManager]:Session manager terminated.
WebApp_BPKAD.exe: 000000F0: 21:55:57 [TUniServerModule]:Server Shutdown Completed.
WebApp_BPKAD.exe: 000000F0: 21:55:57 []:<-------------------------------------------------------------->
WebApp_BPKAD.exe: 000000F0: 21:55:57 [Terminated]:Exit Code: 0
WebApp_BPKAD.exe: 00001F60: 21:56:02 []:>--------------------------------------------------------------<
WebApp_BPKAD.exe: 00001F60: 21:56:02 [TUniServerModule]:Server First Init.
WebApp_BPKAD.exe: 00001F60: 21:56:02 [TUniServerModule]:Starting HTTP Server on Port: 80...
WebApp_BPKAD.exe: 00001F60: 21:56:02 [TUniServerModule]:HTTP Server Started on Port: 80
WebApp_BPKAD.exe: 000033B0: 21:56:03 [127.0.0.1]:EUniSessionException : Invalid session or session Timeout. (Session not found: 4ywmJfsho31087BB138 ) : Addr: $00788D06
WebApp_BPKAD.exe: 000001DC: 21:56:06 [HandleFileRequest[127.0.0.1]]:File not found: D:\OneDrive\PROJECTS\BPKAD HST\WebApp_BPKAD\files\images\8.jpg
WebApp_BPKAD.exe: 000025B8: 21:56:37 [HandleFileRequest[127.0.0.1]]:File not found: D:\OneDrive\PROJECTS\BPKAD HST\WebApp_BPKAD\files\images\8.jpg
WebApp_BPKAD.exe: 00001F60: 21:57:26 [TUniServerModule]:Shutting Down Server.
WebApp_BPKAD.exe: 00001F60: 21:57:26 [TUniServerModule]:Stopping HTTP Server.
WebApp_BPKAD.exe: 00001F60: 21:57:27 [TUniServerModule]:HTTP Server Stopped.
WebApp_BPKAD.exe: 00001F60: 21:57:27 [TUniGUISessionManager]:Terminating Session manager.
WebApp_BPKAD.exe: 00001F60: 21:57:27 [TUniGUISessionManager]:Stopping Cache Eraser...
WebApp_BPKAD.exe: 00001F60: 21:57:27 [TUniGUISessionManager]:Cache Eraser Stopped.
WebApp_BPKAD.exe: 00001F60: 21:57:27 [TUniGUISessionManager]:Destroying Worker Threads.
WebApp_BPKAD.exe: 00001F60: 21:57:27 [TUniGUISessionManager]:Session manager terminated.
WebApp_BPKAD.exe: 00001F60: 21:57:27 [TUniServerModule]:Server Shutdown Completed.
WebApp_BPKAD.exe: 00001F60: 21:57:27 []:<-------------------------------------------------------------->
WebApp_BPKAD.exe: 00001F60: 21:57:27 [Terminated]:Exit Code: 0
WebApp_BPKAD.exe: 000031A0: 21:57:55 []:>--------------------------------------------------------------<
WebApp_BPKAD.exe: 000031A0: 21:57:55 [TUniServerModule]:Server First Init.
WebApp_BPKAD.exe: 000031A0: 21:57:55 [TUniServerModule]:Starting HTTP Server on Port: 80...
WebApp_BPKAD.exe: 000031A0: 21:57:55 [TUniServerModule]:HTTP Server Started on Port: 80
WebApp_BPKAD.exe: 00000B38: 21:57:58 [HandleFileRequest[127.0.0.1]]:File not found: D:\OneDrive\PROJECTS\BPKAD HST\WebApp_BPKAD\files\images\8.jpg
WebApp_BPKAD.exe: 000030C4: 21:58:07 [HandleFileRequest[127.0.0.1]]:File not found: D:\OneDrive\PROJECTS\BPKAD HST\WebApp_BPKAD\files\images\8.jpg
WebApp_BPKAD.exe: 00001F78: 21:58:16 [HandleFileRequest[127.0.0.1]]:File not found: D:\OneDrive\PROJECTS\BPKAD HST\WebApp_BPKAD\files\images\8.jpg
WebApp_BPKAD.exe: 00000610: 22:00:03 [HandleFileRequest[127.0.0.1]]:File not found: D:\OneDrive\PROJECTS\BPKAD HST\WebApp_BPKAD\files\images\8.jpg
WebApp_BPKAD.exe: 000031A0: 22:08:42 [TUniServerModule]:Shutting Down Server.
WebApp_BPKAD.exe: 000031A0: 22:08:42 [TUniServerModule]:Stopping HTTP Server.
WebApp_BPKAD.exe: 000031A0: 22:08:43 [TUniServerModule]:HTTP Server Stopped.
WebApp_BPKAD.exe: 000031A0: 22:08:43 [TUniGUISessionManager]:Terminating Session manager.
WebApp_BPKAD.exe: 000031A0: 22:08:43 [TUniGUISessionManager]:Stopping Cache Eraser...
WebApp_BPKAD.exe: 000031A0: 22:08:43 [TUniGUISessionManager]:Cache Eraser Stopped.
WebApp_BPKAD.exe: 000031A0: 22:08:43 [TUniGUISessionManager]:Destroying Worker Threads.
WebApp_BPKAD.exe: 000031A0: 22:08:43 [TUniGUISessionManager]:Session manager terminated.
WebApp_BPKAD.exe: 000031A0: 22:08:43 [TUniServerModule]:Server Shutdown Completed.
WebApp_BPKAD.exe: 000031A0: 22:08:43 []:<-------------------------------------------------------------->
WebApp_BPKAD.exe: 000031A0: 22:08:43 [Terminated]:Exit Code: 0
WebApp_BPKAD.exe: 00000124: 22:08:52 []:>--------------------------------------------------------------<
WebApp_BPKAD.exe: 00000124: 22:08:52 [TUniServerModule]:Server First Init.
WebApp_BPKAD.exe: 00000124: 22:08:53 [TUniServerModule]:Starting HTTP Server on Port: 80...
WebApp_BPKAD.exe: 00000124: 22:08:53 [TUniServerModule]:HTTP Server Started on Port: 80
WebApp_BPKAD.exe: 000019CC: 22:08:53 [127.0.0.1]:EUniSessionException : Invalid session or session Timeout. (Session not found: 6KQzwsCA6J1087BB295 ) : Addr: $00788D06
WebApp_BPKAD.exe: 000019CC: 22:08:54 [HandleFileRequest[127.0.0.1]]:File not found: D:\OneDrive\PROJECTS\BPKAD HST\WebApp_BPKAD\files\images\8.jpg
WebApp_BPKAD.exe: 00000124: 22:10:52 [TUniServerModule]:Shutting Down Server.
WebApp_BPKAD.exe: 00000124: 22:10:52 [TUniServerModule]:Stopping HTTP Server.
WebApp_BPKAD.exe: 00000124: 22:10:53 [TUniServerModule]:HTTP Server Stopped.
WebApp_BPKAD.exe: 00000124: 22:10:53 [TUniGUISessionManager]:Terminating Session manager.
WebApp_BPKAD.exe: 00000124: 22:10:53 [TUniGUISessionManager]:Stopping Cache Eraser...
WebApp_BPKAD.exe: 00000124: 22:10:53 [TUniGUISessionManager]:Cache Eraser Stopped.
WebApp_BPKAD.exe: 00000124: 22:10:53 [TUniGUISessionManager]:Destroying Worker Threads.
WebApp_BPKAD.exe: 00000124: 22:10:53 [TUniGUISessionManager]:Session manager terminated.
WebApp_BPKAD.exe: 00000124: 22:10:53 [TUniServerModule]:Server Shutdown Completed.
WebApp_BPKAD.exe: 00000124: 22:10:53 []:<-------------------------------------------------------------->
WebApp_BPKAD.exe: 00000124: 22:10:53 [Terminated]:Exit Code: 0
WebApp_BPKAD.exe: 00000ED8: 22:10:58 []:>--------------------------------------------------------------<
WebApp_BPKAD.exe: 00000ED8: 22:10:58 [TUniServerModule]:Server First Init.
WebApp_BPKAD.exe: 00000ED8: 22:10:58 [TUniServerModule]:Starting HTTP Server on Port: 80...
WebApp_BPKAD.exe: 00000ED8: 22:10:58 [TUniServerModule]:HTTP Server Started on Port: 80
WebApp_BPKAD.exe: 00002C4C: 22:10:59 [127.0.0.1]:EUniSessionException : Invalid session or session Timeout. (Session not found: FaIZegYOoI1087BB4FC ) : Addr: $00788D06
WebApp_BPKAD.exe: 00002C4C: 22:11:01 [HandleFileRequest[127.0.0.1]]:File not found: D:\OneDrive\PROJECTS\BPKAD HST\WebApp_BPKAD\files\images\8.jpg
WebApp_BPKAD.exe: 00000ED8: 22:11:34 [TUniServerModule]:Shutting Down Server.
WebApp_BPKAD.exe: 00000ED8: 22:11:34 [TUniServerModule]:Stopping HTTP Server.
WebApp_BPKAD.exe: 00000ED8: 22:11:34 [TUniServerModule]:HTTP Server Stopped.
WebApp_BPKAD.exe: 00000ED8: 22:11:34 [TUniGUISessionManager]:Terminating Session manager.
WebApp_BPKAD.exe: 00000ED8: 22:11:34 [TUniGUISessionManager]:Stopping Cache Eraser...
WebApp_BPKAD.exe: 00000ED8: 22:11:34 [TUniGUISessionManager]:Cache Eraser Stopped.
WebApp_BPKAD.exe: 00000ED8: 22:11:34 [TUniGUISessionManager]:Destroying Worker Threads.
WebApp_BPKAD.exe: 00000ED8: 22:11:34 [TUniGUISessionManager]:Session manager terminated.
WebApp_BPKAD.exe: 00000ED8: 22:11:34 [TUniServerModule]:Server Shutdown Completed.
WebApp_BPKAD.exe: 00000ED8: 22:11:34 []:<-------------------------------------------------------------->
WebApp_BPKAD.exe: 00000ED8: 22:11:34 [Terminated]:Exit Code: 0
WebApp_BPKAD.exe: 00001EE0: 22:11:38 []:>--------------------------------------------------------------<
WebApp_BPKAD.exe: 00001EE0: 22:11:38 [TUniServerModule]:Server First Init.
WebApp_BPKAD.exe: 00001EE0: 22:11:38 [TUniServerModule]:Starting HTTP Server on Port: 80...
WebApp_BPKAD.exe: 00001EE0: 22:11:38 [TUniServerModule]:HTTP Server Started on Port: 80
WebApp_BPKAD.exe: 000035BC: 22:11:40 [127.0.0.1]:EUniSessionException : Invalid session or session Timeout. (Session not found: fxTRBD1hQp1087BB58F ) : Addr: $00788D06
WebApp_BPKAD.exe: 000035BC: 22:11:42 [HandleFileRequest[127.0.0.1]]:File not found: D:\OneDrive\PROJECTS\BPKAD HST\WebApp_BPKAD\files\images\8.jpg
WebApp_BPKAD.exe: 00001EE0: 22:14:57 [TUniServerModule]:Shutting Down Server.
WebApp_BPKAD.exe: 00001EE0: 22:14:57 [TUniServerModule]:Stopping HTTP Server.
WebApp_BPKAD.exe: 00001EE0: 22:14:57 [TUniServerModule]:HTTP Server Stopped.
WebApp_BPKAD.exe: 00001EE0: 22:14:57 [TUniGUISessionManager]:Terminating Session manager.
WebApp_BPKAD.exe: 00001EE0: 22:14:57 [TUniGUISessionManager]:Stopping Cache Eraser...
WebApp_BPKAD.exe: 00001EE0: 22:14:57 [TUniGUISessionManager]:Cache Eraser Stopped.
WebApp_BPKAD.exe: 00001EE0: 22:14:57 [TUniGUISessionManager]:Destroying Worker Threads.
WebApp_BPKAD.exe: 00001EE0: 22:14:57 [TUniGUISessionManager]:Session manager terminated.
WebApp_BPKAD.exe: 00001EE0: 22:14:57 [TUniServerModule]:Server Shutdown Completed.
WebApp_BPKAD.exe: 00001EE0: 22:14:57 []:<-------------------------------------------------------------->
WebApp_BPKAD.exe: 00001EE0: 22:14:57 [Terminated]:Exit Code: 0
WebApp_BPKAD.exe: 00003100: 22:15:46 []:>--------------------------------------------------------------<
WebApp_BPKAD.exe: 00003100: 22:15:46 [TUniServerModule]:Server First Init.
WebApp_BPKAD.exe: 00003100: 22:15:46 [TUniServerModule]:Starting HTTP Server on Port: 80...
WebApp_BPKAD.exe: 00003100: 22:15:46 [TUniServerModule]:HTTP Server Started on Port: 80
WebApp_BPKAD.exe: 00001F6C: 22:15:47 [127.0.0.1]:EUniSessionException : Invalid session or session Timeout. (Session not found: JwNFEEzElG1087BB5BF ) : Addr: $00788D06
WebApp_BPKAD.exe: 00001F6C: 22:15:48 [HandleFileRequest[127.0.0.1]]:File not found: D:\OneDrive\PROJECTS\BPKAD HST\WebApp_BPKAD\files\images\8.jpg
WebApp_BPKAD.exe: 00003100: 22:15:58 [TUniServerModule]:Shutting Down Server.
WebApp_BPKAD.exe: 00003100: 22:15:58 [TUniServerModule]:Stopping HTTP Server.
WebApp_BPKAD.exe: 00003100: 22:15:59 [TUniServerModule]:HTTP Server Stopped.
WebApp_BPKAD.exe: 00003100: 22:15:59 [TUniGUISessionManager]:Terminating Session manager.
WebApp_BPKAD.exe: 00003100: 22:15:59 [TUniGUISessionManager]:Stopping Cache Eraser...
WebApp_BPKAD.exe: 00003100: 22:15:59 [TUniGUISessionManager]:Cache Eraser Stopped.
WebApp_BPKAD.exe: 00003100: 22:15:59 [TUniGUISessionManager]:Destroying Worker Threads.
WebApp_BPKAD.exe: 00003100: 22:15:59 [TUniGUISessionManager]:Session manager terminated.
WebApp_BPKAD.exe: 00003100: 22:15:59 [TUniServerModule]:Server Shutdown Completed.
WebApp_BPKAD.exe: 00003100: 22:15:59 []:<-------------------------------------------------------------->
WebApp_BPKAD.exe: 00003100: 22:15:59 [Terminated]:Exit Code: 0
WebApp_BPKAD.exe: 000021D0: 22:18:48 []:>--------------------------------------------------------------<
WebApp_BPKAD.exe: 000021D0: 22:18:48 [TUniServerModule]:Server First Init.
WebApp_BPKAD.exe: 000021D0: 22:18:48 [TUniServerModule]:Starting HTTP Server on Port: 80...
WebApp_BPKAD.exe: 000021D0: 22:18:48 [TUniServerModule]:HTTP Server Started on Port: 80
WebApp_BPKAD.exe: 0000259C: 22:18:49 [127.0.0.1]:EUniSessionException : Invalid session or session Timeout. (Session not found: 5orQpaSIZL1087BB6DC ) : Addr: $00788D06
WebApp_BPKAD.exe: 0000259C: 22:18:51 [HandleFileRequest[127.0.0.1]]:File not found: D:\OneDrive\PROJECTS\BPKAD HST\WebApp_BPKAD\files\images\8.jpg
WebApp_BPKAD.exe: 000013B4: 22:19:13 [HandleFileRequest[127.0.0.1]]:File not found: D:\OneDrive\PROJECTS\BPKAD HST\WebApp_BPKAD\files\images\8.jpg
WebApp_BPKAD.exe: 00000964: 22:20:03 [HandleFileRequest[127.0.0.1]]:File not found: D:\OneDrive\PROJECTS\BPKAD HST\WebApp_BPKAD\files\images\8.jpg
WebApp_BPKAD.exe: 00001D58: 22:20:11 [HandleFileRequest[127.0.0.1]]:File not found: D:\OneDrive\PROJECTS\BPKAD HST\WebApp_BPKAD\files\images\8.jpg
WebApp_BPKAD.exe: 000021D0: 22:46:19 [TUniServerModule]:Shutting Down Server.
WebApp_BPKAD.exe: 000021D0: 22:46:19 [TUniServerModule]:Stopping HTTP Server.
WebApp_BPKAD.exe: 000021D0: 22:46:19 [TUniServerModule]:HTTP Server Stopped.
WebApp_BPKAD.exe: 000021D0: 22:46:19 [TUniGUISessionManager]:Terminating Session manager.
WebApp_BPKAD.exe: 000021D0: 22:46:19 [TUniGUISessionManager]:Stopping Cache Eraser...
WebApp_BPKAD.exe: 000021D0: 22:46:19 [TUniGUISessionManager]:Cache Eraser Stopped.
WebApp_BPKAD.exe: 000021D0: 22:46:19 [TUniGUISessionManager]:Destroying Worker Threads.
WebApp_BPKAD.exe: 000021D0: 22:46:19 [TUniGUISessionManager]:Session manager terminated.
WebApp_BPKAD.exe: 000021D0: 22:46:19 [TUniServerModule]:Server Shutdown Completed.
WebApp_BPKAD.exe: 000021D0: 22:46:19 []:<-------------------------------------------------------------->
WebApp_BPKAD.exe: 000021D0: 22:46:19 [Terminated]:Exit Code: 0
WebApp_BPKAD.exe: 000022F8: 22:46:24 []:>--------------------------------------------------------------<
WebApp_BPKAD.exe: 000022F8: 22:46:24 [TUniServerModule]:Server First Init.
WebApp_BPKAD.exe: 000022F8: 22:46:24 [TUniServerModule]:Starting HTTP Server on Port: 80...
WebApp_BPKAD.exe: 000022F8: 22:46:24 [TUniServerModule]:HTTP Server Started on Port: 80
WebApp_BPKAD.exe: 000005D0: 22:46:27 [HandleFileRequest[127.0.0.1]]:File not found: D:\OneDrive\PROJECTS\BPKAD HST\WebApp_BPKAD\files\images\8.jpg
WebApp_BPKAD.exe: 000002E0: 22:46:38 [HandleFileRequest[127.0.0.1]]:File not found: D:\OneDrive\PROJECTS\BPKAD HST\WebApp_BPKAD\files\images\8.jpg
WebApp_BPKAD.exe: 000022F8: 22:48:43 [TUniServerModule]:Shutting Down Server.
WebApp_BPKAD.exe: 000022F8: 22:48:43 [TUniServerModule]:Stopping HTTP Server.
WebApp_BPKAD.exe: 000022F8: 22:48:44 [TUniServerModule]:HTTP Server Stopped.
WebApp_BPKAD.exe: 000022F8: 22:48:44 [TUniGUISessionManager]:Terminating Session manager.
WebApp_BPKAD.exe: 000022F8: 22:48:44 [TUniGUISessionManager]:Stopping Cache Eraser...
WebApp_BPKAD.exe: 000022F8: 22:48:44 [TUniGUISessionManager]:Cache Eraser Stopped.
WebApp_BPKAD.exe: 000022F8: 22:48:44 [TUniGUISessionManager]:Destroying Worker Threads.
WebApp_BPKAD.exe: 000022F8: 22:48:44 [TUniGUISessionManager]:Session manager terminated.
WebApp_BPKAD.exe: 000022F8: 22:48:44 [TUniServerModule]:Server Shutdown Completed.
WebApp_BPKAD.exe: 000022F8: 22:48:44 []:<-------------------------------------------------------------->
WebApp_BPKAD.exe: 000022F8: 22:48:44 [Terminated]:Exit Code: 0
WebApp_BPKAD.exe: 000037AC: 22:49:09 []:>--------------------------------------------------------------<
WebApp_BPKAD.exe: 000037AC: 22:49:09 [TUniServerModule]:Server First Init.
WebApp_BPKAD.exe: 000037AC: 22:49:09 [TUniServerModule]:Starting HTTP Server on Port: 80...
WebApp_BPKAD.exe: 000037AC: 22:49:09 [TUniServerModule]:HTTP Server Started on Port: 80
WebApp_BPKAD.exe: 00003010: 22:49:14 [127.0.0.1]:EUniSessionException : Invalid session or session Timeout. (Session not found: QFePVLTrEl1087BBF39 ) : Addr: $00788D06
WebApp_BPKAD.exe: 00003010: 22:49:15 [HandleFileRequest[127.0.0.1]]:File not found: D:\OneDrive\PROJECTS\BPKAD HST\WebApp_BPKAD\files\images\8.jpg
WebApp_BPKAD.exe: 000022C4: 22:49:24 [HandleFileRequest[127.0.0.1]]:File not found: D:\OneDrive\PROJECTS\BPKAD HST\WebApp_BPKAD\files\images\8.jpg
WebApp_BPKAD.exe: 00003228: 22:49:39 [HandleFileRequest[127.0.0.1]]:File not found: D:\OneDrive\PROJECTS\BPKAD HST\WebApp_BPKAD\files\images\8.jpg
WebApp_BPKAD.exe: 000003B4: 22:50:25 [HandleFileRequest[127.0.0.1]]:File not found: D:\OneDrive\PROJECTS\BPKAD HST\WebApp_BPKAD\files\images\8.jpg
WebApp_BPKAD.exe: 00001748: 22:50:39 [HandleFileRequest[127.0.0.1]]:File not found: D:\OneDrive\PROJECTS\BPKAD HST\WebApp_BPKAD\files\images\8.jpg
WebApp_BPKAD.exe: 000037AC: 23:01:24 [TUniServerModule]:Shutting Down Server.
WebApp_BPKAD.exe: 000037AC: 23:01:24 [TUniServerModule]:Stopping HTTP Server.
WebApp_BPKAD.exe: 000037AC: 23:01:24 [TUniServerModule]:HTTP Server Stopped.
WebApp_BPKAD.exe: 000037AC: 23:01:24 [TUniGUISessionManager]:Terminating Session manager.
WebApp_BPKAD.exe: 000037AC: 23:01:24 [TUniGUISessionManager]:Stopping Cache Eraser...
WebApp_BPKAD.exe: 000037AC: 23:01:24 [TUniGUISessionManager]:Cache Eraser Stopped.
WebApp_BPKAD.exe: 000037AC: 23:01:25 [TUniGUISessionManager]:Destroying Worker Threads.
WebApp_BPKAD.exe: 000037AC: 23:01:25 [TUniGUISessionManager]:Session manager terminated.
WebApp_BPKAD.exe: 000037AC: 23:01:25 [TUniServerModule]:Server Shutdown Completed.
WebApp_BPKAD.exe: 000037AC: 23:01:25 []:<-------------------------------------------------------------->
WebApp_BPKAD.exe: 000037AC: 23:01:25 [Terminated]:Exit Code: 0
WebApp_BPKAD.exe: 00002A74: 23:01:30 []:>--------------------------------------------------------------<
WebApp_BPKAD.exe: 00002A74: 23:01:30 [TUniServerModule]:Server First Init.
WebApp_BPKAD.exe: 00002A74: 23:01:30 [TUniServerModule]:Starting HTTP Server on Port: 80...
WebApp_BPKAD.exe: 00002A74: 23:01:30 [TUniServerModule]:HTTP Server Started on Port: 80
WebApp_BPKAD.exe: 0000317C: 23:01:30 [127.0.0.1]:EUniSessionException : Invalid session or session Timeout. (Session not found: 7yaZdKP77T1087BC050 ) : Addr: $00788D06
WebApp_BPKAD.exe: 000013C4: 23:01:31 [HandleFileRequest[127.0.0.1]]:File not found: D:\OneDrive\PROJECTS\BPKAD HST\WebApp_BPKAD\files\images\8.jpg
WebApp_BPKAD.exe: 00002A74: 23:02:15 [TUniServerModule]:Shutting Down Server.
WebApp_BPKAD.exe: 00002A74: 23:02:15 [TUniServerModule]:Stopping HTTP Server.
WebApp_BPKAD.exe: 00002A74: 23:02:15 [TUniServerModule]:HTTP Server Stopped.
WebApp_BPKAD.exe: 00002A74: 23:02:15 [TUniGUISessionManager]:Terminating Session manager.
WebApp_BPKAD.exe: 00002A74: 23:02:15 [TUniGUISessionManager]:Stopping Cache Eraser...
WebApp_BPKAD.exe: 00002A74: 23:02:15 [TUniGUISessionManager]:Cache Eraser Stopped.
WebApp_BPKAD.exe: 00002A74: 23:02:15 [TUniGUISessionManager]:Destroying Worker Threads.
WebApp_BPKAD.exe: 00002A74: 23:02:15 [TUniGUISessionManager]:Session manager terminated.
WebApp_BPKAD.exe: 00002A74: 23:02:16 [TUniServerModule]:Server Shutdown Completed.
WebApp_BPKAD.exe: 00002A74: 23:02:16 []:<-------------------------------------------------------------->
WebApp_BPKAD.exe: 00002A74: 23:02:16 [Terminated]:Exit Code: 0
WebApp_BPKAD.exe: 000035F4: 23:02:19 []:>--------------------------------------------------------------<
WebApp_BPKAD.exe: 000035F4: 23:02:19 [TUniServerModule]:Server First Init.
WebApp_BPKAD.exe: 000035F4: 23:02:19 [TUniServerModule]:Starting HTTP Server on Port: 80...
WebApp_BPKAD.exe: 000035F4: 23:02:19 [TUniServerModule]:HTTP Server Started on Port: 80
WebApp_BPKAD.exe: 00001D58: 23:02:20 [127.0.0.1]:EUniSessionException : Invalid session or session Timeout. (Session not found: ibfRKlpvMK1087BC342 ) : Addr: $00788D06
WebApp_BPKAD.exe: 00003424: 23:02:22 [HandleFileRequest[127.0.0.1]]:File not found: D:\OneDrive\PROJECTS\BPKAD HST\WebApp_BPKAD\files\images\8.jpg
WebApp_BPKAD.exe: 000035F4: 23:05:01 [TUniServerModule]:Shutting Down Server.
WebApp_BPKAD.exe: 000035F4: 23:05:01 [TUniServerModule]:Stopping HTTP Server.
WebApp_BPKAD.exe: 000035F4: 23:05:01 [TUniServerModule]:HTTP Server Stopped.
WebApp_BPKAD.exe: 000035F4: 23:05:01 [TUniGUISessionManager]:Terminating Session manager.
WebApp_BPKAD.exe: 000035F4: 23:05:01 [TUniGUISessionManager]:Stopping Cache Eraser...
WebApp_BPKAD.exe: 000035F4: 23:05:01 [TUniGUISessionManager]:Cache Eraser Stopped.
WebApp_BPKAD.exe: 000035F4: 23:05:01 [TUniGUISessionManager]:Destroying Worker Threads.
WebApp_BPKAD.exe: 000035F4: 23:05:01 [TUniGUISessionManager]:Session manager terminated.
WebApp_BPKAD.exe: 000035F4: 23:05:02 [TUniServerModule]:Server Shutdown Completed.
WebApp_BPKAD.exe: 000035F4: 23:05:02 []:<-------------------------------------------------------------->
WebApp_BPKAD.exe: 000035F4: 23:05:02 [Terminated]:Exit Code: 0
WebApp_BPKAD.exe: 00000F70: 23:05:07 []:>--------------------------------------------------------------<
WebApp_BPKAD.exe: 00000F70: 23:05:07 [TUniServerModule]:Server First Init.
WebApp_BPKAD.exe: 00000F70: 23:05:07 [TUniServerModule]:Starting HTTP Server on Port: 80...
WebApp_BPKAD.exe: 00000F70: 23:05:07 [TUniServerModule]:HTTP Server Started on Port: 80
WebApp_BPKAD.exe: 00000D44: 23:05:08 [127.0.0.1]:EUniSessionException : Invalid session or session Timeout. (Session not found: c7F3H8OJm71087BC37C ) : Addr: $00788D06
WebApp_BPKAD.exe: 00000D44: 23:05:09 [HandleFileRequest[127.0.0.1]]:File not found: D:\OneDrive\PROJECTS\BPKAD HST\WebApp_BPKAD\files\images\8.jpg
WebApp_BPKAD.exe: 00001DA4: 23:05:25 [HandleFileRequest[127.0.0.1]]:File not found: D:\OneDrive\PROJECTS\BPKAD HST\WebApp_BPKAD\files\images\8.jpg
WebApp_BPKAD.exe: 00000F70: 23:05:35 [TUniServerModule]:Shutting Down Server.
WebApp_BPKAD.exe: 00000F70: 23:05:35 [TUniServerModule]:Stopping HTTP Server.
WebApp_BPKAD.exe: 00000F70: 23:05:36 [TUniServerModule]:HTTP Server Stopped.
WebApp_BPKAD.exe: 00000F70: 23:05:36 [TUniGUISessionManager]:Terminating Session manager.
WebApp_BPKAD.exe: 00000F70: 23:05:36 [TUniGUISessionManager]:Stopping Cache Eraser...
WebApp_BPKAD.exe: 00000F70: 23:05:36 [TUniGUISessionManager]:Cache Eraser Stopped.
WebApp_BPKAD.exe: 00000F70: 23:05:36 [TUniGUISessionManager]:Destroying Worker Threads.
WebApp_BPKAD.exe: 00000F70: 23:05:36 [TUniGUISessionManager]:Session manager terminated.
WebApp_BPKAD.exe: 00000F70: 23:05:36 [TUniServerModule]:Server Shutdown Completed.
WebApp_BPKAD.exe: 00000F70: 23:05:36 []:<-------------------------------------------------------------->
WebApp_BPKAD.exe: 00000F70: 23:05:36 [Terminated]:Exit Code: 0
WebApp_BPKAD.exe: 00002620: 23:08:16 []:>--------------------------------------------------------------<
WebApp_BPKAD.exe: 00002620: 23:08:16 [TUniServerModule]:Server First Init.
WebApp_BPKAD.exe: 00002620: 23:08:16 [TUniServerModule]:Starting HTTP Server on Port: 80...
WebApp_BPKAD.exe: 00002620: 23:08:16 [TUniServerModule]:HTTP Server Started on Port: 80
WebApp_BPKAD.exe: 00002024: 23:08:18 [127.0.0.1]:EUniSessionException : Invalid session or session Timeout. (Session not found: BRRH1q9huj1087BC451 ) : Addr: $00788D06
WebApp_BPKAD.exe: 00002024: 23:08:20 [HandleFileRequest[127.0.0.1]]:File not found: D:\OneDrive\PROJECTS\BPKAD HST\WebApp_BPKAD\files\images\8.jpg
WebApp_BPKAD.exe: 00002620: 23:12:08 [TUniServerModule]:Shutting Down Server.
WebApp_BPKAD.exe: 00002620: 23:12:08 [TUniServerModule]:Stopping HTTP Server.
WebApp_BPKAD.exe: 00002620: 23:12:09 [TUniServerModule]:HTTP Server Stopped.
WebApp_BPKAD.exe: 00002620: 23:12:09 [TUniGUISessionManager]:Terminating Session manager.
WebApp_BPKAD.exe: 00002620: 23:12:09 [TUniGUISessionManager]:Stopping Cache Eraser...
WebApp_BPKAD.exe: 00002620: 23:12:09 [TUniGUISessionManager]:Cache Eraser Stopped.
WebApp_BPKAD.exe: 00002620: 23:12:09 [TUniGUISessionManager]:Destroying Worker Threads.
WebApp_BPKAD.exe: 00002620: 23:12:09 [TUniGUISessionManager]:Session manager terminated.
WebApp_BPKAD.exe: 00002620: 23:12:09 [TUniServerModule]:Server Shutdown Completed.
WebApp_BPKAD.exe: 00002620: 23:12:09 []:<-------------------------------------------------------------->
WebApp_BPKAD.exe: 00002620: 23:12:09 [Terminated]:Exit Code: 0
WebApp_BPKAD.exe: 00000844: 23:12:16 []:>--------------------------------------------------------------<
WebApp_BPKAD.exe: 00000844: 23:12:16 [TUniServerModule]:Server First Init.
WebApp_BPKAD.exe: 00000844: 23:12:16 [TUniServerModule]:Starting HTTP Server on Port: 80...
WebApp_BPKAD.exe: 00000844: 23:12:16 [TUniServerModule]:HTTP Server Started on Port: 80
WebApp_BPKAD.exe: 00003680: 23:12:19 [127.0.0.1]:EUniSessionException : Invalid session or session Timeout. (Session not found: a4Rwpz1CzT1087BC51B ) : Addr: $00788D1E
WebApp_BPKAD.exe: 000001F8: 23:12:22 [HandleFileRequest[127.0.0.1]]:File not found: D:\OneDrive\PROJECTS\BPKAD HST\WebApp_BPKAD\files\images\8.jpg
WebApp_BPKAD.exe: 00002E30: 23:12:51 [HandleFileRequest[127.0.0.1]]:File not found: D:\OneDrive\PROJECTS\BPKAD HST\WebApp_BPKAD\files\images\8.jpg
WebApp_BPKAD.exe: 00000844: 23:13:13 [TUniServerModule]:Shutting Down Server.
WebApp_BPKAD.exe: 00000844: 23:13:13 [TUniServerModule]:Stopping HTTP Server.
WebApp_BPKAD.exe: 00000844: 23:13:13 [TUniServerModule]:HTTP Server Stopped.
WebApp_BPKAD.exe: 00000844: 23:13:13 [TUniGUISessionManager]:Terminating Session manager.
WebApp_BPKAD.exe: 00000844: 23:13:13 [TUniGUISessionManager]:Stopping Cache Eraser...
WebApp_BPKAD.exe: 00000844: 23:13:13 [TUniGUISessionManager]:Cache Eraser Stopped.
WebApp_BPKAD.exe: 00000844: 23:13:13 [TUniGUISessionManager]:Destroying Worker Threads.
WebApp_BPKAD.exe: 00000844: 23:13:13 [TUniGUISessionManager]:Session manager terminated.
WebApp_BPKAD.exe: 00000844: 23:13:13 [TUniServerModule]:Server Shutdown Completed.
WebApp_BPKAD.exe: 00000844: 23:13:13 []:<-------------------------------------------------------------->
WebApp_BPKAD.exe: 00000844: 23:13:13 [Terminated]:Exit Code: 0
WebApp_BPKAD.exe: 000004E4: 23:13:59 []:>--------------------------------------------------------------<
WebApp_BPKAD.exe: 000004E4: 23:13:59 [TUniServerModule]:Server First Init.
WebApp_BPKAD.exe: 000004E4: 23:13:59 [TUniServerModule]:Starting HTTP Server on Port: 80...
WebApp_BPKAD.exe: 000004E4: 23:13:59 [TUniServerModule]:HTTP Server Started on Port: 80
WebApp_BPKAD.exe: 00001C28: 23:14:00 [127.0.0.1]:EUniSessionException : Invalid session or session Timeout. (Session not found: nKyCeEdE3S1087BC655 ) : Addr: $00788D1E
WebApp_BPKAD.exe: 000018B0: 23:14:02 [HandleFileRequest[127.0.0.1]]:File not found: D:\OneDrive\PROJECTS\BPKAD HST\WebApp_BPKAD\files\images\8.jpg
WebApp_BPKAD.exe: 00002754: 23:14:24 [HandleFileRequest[127.0.0.1]]:File not found: D:\OneDrive\PROJECTS\BPKAD HST\WebApp_BPKAD\files\images\8.jpg
WebApp_BPKAD.exe: 000004E4: 23:14:35 [TUniServerModule]:Shutting Down Server.
WebApp_BPKAD.exe: 000004E4: 23:14:35 [TUniServerModule]:Stopping HTTP Server.
WebApp_BPKAD.exe: 000004E4: 23:14:35 [TUniServerModule]:HTTP Server Stopped.
WebApp_BPKAD.exe: 000004E4: 23:14:35 [TUniGUISessionManager]:Terminating Session manager.
WebApp_BPKAD.exe: 000004E4: 23:14:35 [TUniGUISessionManager]:Stopping Cache Eraser...
WebApp_BPKAD.exe: 000004E4: 23:14:35 [TUniGUISessionManager]:Cache Eraser Stopped.
WebApp_BPKAD.exe: 000004E4: 23:14:35 [TUniGUISessionManager]:Destroying Worker Threads.
WebApp_BPKAD.exe: 000004E4: 23:14:35 [TUniGUISessionManager]:Session manager terminated.
WebApp_BPKAD.exe: 000004E4: 23:14:35 [TUniServerModule]:Server Shutdown Completed.
WebApp_BPKAD.exe: 000004E4: 23:14:35 []:<-------------------------------------------------------------->
WebApp_BPKAD.exe: 000004E4: 23:14:35 [Terminated]:Exit Code: 0
WebApp_BPKAD.exe: 000005BC: 23:21:24 []:>--------------------------------------------------------------<
WebApp_BPKAD.exe: 000005BC: 23:21:24 [TUniServerModule]:Server First Init.
WebApp_BPKAD.exe: 000005BC: 23:21:25 [TUniServerModule]:Starting HTTP Server on Port: 80...
WebApp_BPKAD.exe: 000005BC: 23:21:25 [TUniServerModule]:HTTP Server Started on Port: 80
WebApp_BPKAD.exe: 000036C4: 23:21:26 [127.0.0.1]:EUniSessionException : Invalid session or session Timeout. (Session not found: dFyShAgtvV1087BC6C2 ) : Addr: $00788D06
WebApp_BPKAD.exe: 000036C4: 23:21:28 [HandleFileRequest[127.0.0.1]]:File not found: D:\OneDrive\PROJECTS\BPKAD HST\WebApp_BPKAD\files\images\8.jpg
WebApp_BPKAD.exe: 000007F4: 23:21:43 [HandleFileRequest[127.0.0.1]]:File not found: D:\OneDrive\PROJECTS\BPKAD HST\WebApp_BPKAD\files\images\8.jpg
WebApp_BPKAD.exe: 000005BC: 23:21:49 [TUniServerModule]:Shutting Down Server.
WebApp_BPKAD.exe: 000005BC: 23:21:49 [TUniServerModule]:Stopping HTTP Server.
WebApp_BPKAD.exe: 000005BC: 23:21:50 [TUniServerModule]:HTTP Server Stopped.
WebApp_BPKAD.exe: 000005BC: 23:21:50 [TUniGUISessionManager]:Terminating Session manager.
WebApp_BPKAD.exe: 000005BC: 23:21:50 [TUniGUISessionManager]:Stopping Cache Eraser...
WebApp_BPKAD.exe: 000005BC: 23:21:50 [TUniGUISessionManager]:Cache Eraser Stopped.
WebApp_BPKAD.exe: 000005BC: 23:21:50 [TUniGUISessionManager]:Destroying Worker Threads.
WebApp_BPKAD.exe: 000005BC: 23:21:50 [TUniGUISessionManager]:Session manager terminated.
WebApp_BPKAD.exe: 000005BC: 23:21:50 [TUniServerModule]:Server Shutdown Completed.
WebApp_BPKAD.exe: 000005BC: 23:21:50 []:<-------------------------------------------------------------->
WebApp_BPKAD.exe: 000005BC: 23:21:50 [Terminated]:Exit Code: 0
WebApp_BPKAD.exe: 00001990: 23:22:05 []:>--------------------------------------------------------------<
WebApp_BPKAD.exe: 00001990: 23:22:05 [TUniServerModule]:Server First Init.
WebApp_BPKAD.exe: 00001990: 23:22:05 [TUniServerModule]:Starting HTTP Server on Port: 80...
WebApp_BPKAD.exe: 00001990: 23:22:05 [TUniServerModule]:HTTP Server Started on Port: 80
WebApp_BPKAD.exe: 000026A0: 23:22:06 [127.0.0.1]:EUniSessionException : Invalid session or session Timeout. (Session not found: NQeQcwNhjq1087BC8BC ) : Addr: $00788D06
WebApp_BPKAD.exe: 000026A0: 23:22:06 [HandleFileRequest[127.0.0.1]]:File not found: D:\OneDrive\PROJECTS\BPKAD HST\WebApp_BPKAD\files\images\8.jpg
WebApp_BPKAD.exe: 00001990: 23:22:34 [TUniServerModule]:Shutting Down Server.
WebApp_BPKAD.exe: 00001990: 23:22:34 [TUniServerModule]:Stopping HTTP Server.
WebApp_BPKAD.exe: 00001990: 23:22:35 [TUniServerModule]:HTTP Server Stopped.
WebApp_BPKAD.exe: 00001990: 23:22:35 [TUniGUISessionManager]:Terminating Session manager.
WebApp_BPKAD.exe: 00001990: 23:22:35 [TUniGUISessionManager]:Stopping Cache Eraser...
WebApp_BPKAD.exe: 00001990: 23:22:35 [TUniGUISessionManager]:Cache Eraser Stopped.
WebApp_BPKAD.exe: 00001990: 23:22:35 [TUniGUISessionManager]:Destroying Worker Threads.
WebApp_BPKAD.exe: 00001990: 23:22:35 [TUniGUISessionManager]:Session manager terminated.
WebApp_BPKAD.exe: 00001990: 23:22:35 [TUniServerModule]:Server Shutdown Completed.
WebApp_BPKAD.exe: 00001990: 23:22:35 []:<-------------------------------------------------------------->
WebApp_BPKAD.exe: 00001990: 23:22:35 [Terminated]:Exit Code: 0
WebApp_BPKAD.exe: 00003020: 23:23:47 []:>--------------------------------------------------------------<
WebApp_BPKAD.exe: 00003020: 23:23:47 [TUniServerModule]:Server First Init.
WebApp_BPKAD.exe: 00003020: 23:23:47 [TUniServerModule]:Starting HTTP Server on Port: 80...
WebApp_BPKAD.exe: 00003020: 23:23:47 [TUniServerModule]:HTTP Server Started on Port: 80
WebApp_BPKAD.exe: 00003520: 23:23:49 [127.0.0.1]:EUniSessionException : Invalid session or session Timeout. (Session not found: HsOHelnLG41087BC8D8 ) : Addr: $00788D06
WebApp_BPKAD.exe: 00001D84: 23:23:51 [HandleFileRequest[127.0.0.1]]:File not found: D:\OneDrive\PROJECTS\BPKAD HST\WebApp_BPKAD\files\images\8.jpg
WebApp_BPKAD.exe: 00003020: 23:24:19 [TUniServerModule]:Shutting Down Server.
WebApp_BPKAD.exe: 00003020: 23:24:19 [TUniServerModule]:Stopping HTTP Server.
WebApp_BPKAD.exe: 00003020: 23:24:21 [TUniServerModule]:HTTP Server Stopped.
WebApp_BPKAD.exe: 00003020: 23:24:21 [TUniGUISessionManager]:Terminating Session manager.
WebApp_BPKAD.exe: 00003020: 23:24:21 [TUniGUISessionManager]:Stopping Cache Eraser...
WebApp_BPKAD.exe: 00003020: 23:24:21 [TUniGUISessionManager]:Cache Eraser Stopped.
WebApp_BPKAD.exe: 00003020: 23:24:21 [TUniGUISessionManager]:Destroying Worker Threads.
WebApp_BPKAD.exe: 00003020: 23:24:21 [TUniGUISessionManager]:Session manager terminated.
WebApp_BPKAD.exe: 00003020: 23:24:21 [TUniServerModule]:Server Shutdown Completed.
WebApp_BPKAD.exe: 00003020: 23:24:21 []:<-------------------------------------------------------------->
WebApp_BPKAD.exe: 00003020: 23:24:21 [Terminated]:Exit Code: 0
WebApp_BPKAD.exe: 00002F6C: 23:24:55 []:>--------------------------------------------------------------<
WebApp_BPKAD.exe: 00002F6C: 23:24:55 [TUniServerModule]:Server First Init.
WebApp_BPKAD.exe: 00002F6C: 23:24:55 [TUniServerModule]:Starting HTTP Server on Port: 80...
WebApp_BPKAD.exe: 00002F6C: 23:24:55 [TUniServerModule]:HTTP Server Started on Port: 80
WebApp_BPKAD.exe: 000010DC: 23:24:56 [127.0.0.1]:EUniSessionException : Invalid session or session Timeout. (Session not found: emjlPJswsA1087BC951 ) : Addr: $00788D06
WebApp_BPKAD.exe: 000010DC: 23:24:58 [HandleFileRequest[127.0.0.1]]:File not found: D:\OneDrive\PROJECTS\BPKAD HST\WebApp_BPKAD\files\images\8.jpg
WebApp_BPKAD.exe: 000018DC: 23:25:17 [HandleFileRequest[127.0.0.1]]:File not found: D:\OneDrive\PROJECTS\BPKAD HST\WebApp_BPKAD\files\images\8.jpg
WebApp_BPKAD.exe: 00002F6C: 23:25:42 [TUniServerModule]:Shutting Down Server.
WebApp_BPKAD.exe: 00002F6C: 23:25:42 [TUniServerModule]:Stopping HTTP Server.
WebApp_BPKAD.exe: 00002F6C: 23:25:43 [TUniServerModule]:HTTP Server Stopped.
WebApp_BPKAD.exe: 00002F6C: 23:25:43 [TUniGUISessionManager]:Terminating Session manager.
WebApp_BPKAD.exe: 00002F6C: 23:25:43 [TUniGUISessionManager]:Stopping Cache Eraser...
WebApp_BPKAD.exe: 00002F6C: 23:25:43 [TUniGUISessionManager]:Cache Eraser Stopped.
WebApp_BPKAD.exe: 00002F6C: 23:25:43 [TUniGUISessionManager]:Destroying Worker Threads.
WebApp_BPKAD.exe: 00002F6C: 23:25:43 [TUniGUISessionManager]:Session manager terminated.
WebApp_BPKAD.exe: 00002F6C: 23:25:43 [TUniServerModule]:Server Shutdown Completed.
WebApp_BPKAD.exe: 00002F6C: 23:25:43 []:<-------------------------------------------------------------->
WebApp_BPKAD.exe: 00002F6C: 23:25:43 [Terminated]:Exit Code: 0
WebApp_BPKAD.exe: 00001B1C: 23:26:03 []:>--------------------------------------------------------------<
WebApp_BPKAD.exe: 00001B1C: 23:26:03 [TUniServerModule]:Server First Init.
WebApp_BPKAD.exe: 00001B1C: 23:26:03 [TUniServerModule]:Starting HTTP Server on Port: 80...
WebApp_BPKAD.exe: 00001B1C: 23:26:03 [TUniServerModule]:HTTP Server Started on Port: 80
WebApp_BPKAD.exe: 00001D58: 23:26:03 [127.0.0.1]:EUniSessionException : Invalid session or session Timeout. (Session not found: gwAHfNZkIJ1087BC9B5 ) : Addr: $00788D06
WebApp_BPKAD.exe: 00001D58: 23:26:05 [HandleFileRequest[127.0.0.1]]:File not found: D:\OneDrive\PROJECTS\BPKAD HST\WebApp_BPKAD\files\images\8.jpg
WebApp_BPKAD.exe: 00001D1C: 23:26:25 [HandleFileRequest[127.0.0.1]]:File not found: D:\OneDrive\PROJECTS\BPKAD HST\WebApp_BPKAD\files\images\8.jpg
WebApp_BPKAD.exe: 00001B1C: 23:26:39 [TUniServerModule]:Shutting Down Server.
WebApp_BPKAD.exe: 00001B1C: 23:26:39 [TUniServerModule]:Stopping HTTP Server.
WebApp_BPKAD.exe: 00001B1C: 23:26:40 [TUniServerModule]:HTTP Server Stopped.
WebApp_BPKAD.exe: 00001B1C: 23:26:40 [TUniGUISessionManager]:Terminating Session manager.
WebApp_BPKAD.exe: 00001B1C: 23:26:40 [TUniGUISessionManager]:Stopping Cache Eraser...
WebApp_BPKAD.exe: 00001B1C: 23:26:40 [TUniGUISessionManager]:Cache Eraser Stopped.
WebApp_BPKAD.exe: 00001B1C: 23:26:40 [TUniGUISessionManager]:Destroying Worker Threads.
WebApp_BPKAD.exe: 00001B1C: 23:26:40 [TUniGUISessionManager]:Session manager terminated.
WebApp_BPKAD.exe: 00001B1C: 23:26:40 [TUniServerModule]:Server Shutdown Completed.
WebApp_BPKAD.exe: 00001B1C: 23:26:40 []:<-------------------------------------------------------------->
WebApp_BPKAD.exe: 00001B1C: 23:26:40 [Terminated]:Exit Code: 0
WebApp_BPKAD.exe: 0000182C: 23:26:55 []:>--------------------------------------------------------------<
WebApp_BPKAD.exe: 0000182C: 23:26:55 [TUniServerModule]:Server First Init.
WebApp_BPKAD.exe: 0000182C: 23:26:55 [TUniServerModule]:Starting HTTP Server on Port: 80...
WebApp_BPKAD.exe: 0000182C: 23:26:55 [TUniServerModule]:HTTP Server Started on Port: 80
WebApp_BPKAD.exe: 000010CC: 23:26:58 [127.0.0.1]:EUniSessionException : Invalid session or session Timeout. (Session not found: bbqZDNCccj1087BCA04 ) : Addr: $00788D06
WebApp_BPKAD.exe: 00000E5C: 23:27:00 [HandleFileRequest[127.0.0.1]]:File not found: D:\OneDrive\PROJECTS\BPKAD HST\WebApp_BPKAD\files\images\8.jpg
WebApp_BPKAD.exe: 000010CC: 23:27:14 [HandleFileRequest[127.0.0.1]]:File not found: D:\OneDrive\PROJECTS\BPKAD HST\WebApp_BPKAD\files\images\8.jpg
WebApp_BPKAD.exe: 0000182C: 23:27:16 [TUniServerModule]:Shutting Down Server.
WebApp_BPKAD.exe: 0000182C: 23:27:16 [TUniServerModule]:Stopping HTTP Server.
WebApp_BPKAD.exe: 0000182C: 23:27:17 [TUniServerModule]:HTTP Server Stopped.
WebApp_BPKAD.exe: 0000182C: 23:27:17 [TUniGUISessionManager]:Terminating Session manager.
WebApp_BPKAD.exe: 0000182C: 23:27:17 [TUniGUISessionManager]:Stopping Cache Eraser...
WebApp_BPKAD.exe: 0000182C: 23:27:17 [TUniGUISessionManager]:Cache Eraser Stopped.
WebApp_BPKAD.exe: 0000182C: 23:27:17 [TUniGUISessionManager]:Destroying Worker Threads.
WebApp_BPKAD.exe: 0000182C: 23:27:17 [TUniGUISessionManager]:Session manager terminated.
WebApp_BPKAD.exe: 0000182C: 23:27:17 [TUniServerModule]:Server Shutdown Completed.
WebApp_BPKAD.exe: 0000182C: 23:27:17 []:<-------------------------------------------------------------->
WebApp_BPKAD.exe: 0000182C: 23:27:17 [Terminated]:Exit Code: 0
WebApp_BPKAD.exe: 00002FFC: 23:27:27 []:>--------------------------------------------------------------<
WebApp_BPKAD.exe: 00002FFC: 23:27:27 [TUniServerModule]:Server First Init.
WebApp_BPKAD.exe: 00002FFC: 23:27:27 [TUniServerModule]:Starting HTTP Server on Port: 80...
WebApp_BPKAD.exe: 00002FFC: 23:27:27 [TUniServerModule]:HTTP Server Started on Port: 80
WebApp_BPKAD.exe: 00002C34: 23:27:27 [127.0.0.1]:EUniSessionException : Invalid session or session Timeout. (Session not found: a3ngkxBwe81087BCA3C ) : Addr: $00788D06
WebApp_BPKAD.exe: 00002C34: 23:27:30 [HandleFileRequest[127.0.0.1]]:File not found: D:\OneDrive\PROJECTS\BPKAD HST\WebApp_BPKAD\files\images\8.jpg
WebApp_BPKAD.exe: 00002678: 23:27:40 [HandleFileRequest[127.0.0.1]]:File not found: D:\OneDrive\PROJECTS\BPKAD HST\WebApp_BPKAD\files\images\8.jpg
WebApp_BPKAD.exe: 00002FFC: 23:27:41 [TUniServerModule]:Shutting Down Server.
WebApp_BPKAD.exe: 00002FFC: 23:27:41 [TUniServerModule]:Stopping HTTP Server.
WebApp_BPKAD.exe: 00002FFC: 23:27:42 [TUniServerModule]:HTTP Server Stopped.
WebApp_BPKAD.exe: 00002FFC: 23:27:42 [TUniGUISessionManager]:Terminating Session manager.
WebApp_BPKAD.exe: 00002FFC: 23:27:42 [TUniGUISessionManager]:Stopping Cache Eraser...
WebApp_BPKAD.exe: 00002FFC: 23:27:42 [TUniGUISessionManager]:Cache Eraser Stopped.
WebApp_BPKAD.exe: 00002FFC: 23:27:42 [TUniGUISessionManager]:Destroying Worker Threads.
WebApp_BPKAD.exe: 00002FFC: 23:27:42 [TUniGUISessionManager]:Session manager terminated.
WebApp_BPKAD.exe: 00002FFC: 23:27:42 [TUniServerModule]:Server Shutdown Completed.
WebApp_BPKAD.exe: 00002FFC: 23:27:42 []:<-------------------------------------------------------------->
WebApp_BPKAD.exe: 00002FFC: 23:27:42 [Terminated]:Exit Code: 0
WebApp_BPKAD.exe: 0000245C: 23:27:57 []:>--------------------------------------------------------------<
WebApp_BPKAD.exe: 0000245C: 23:27:57 [TUniServerModule]:Server First Init.
WebApp_BPKAD.exe: 0000245C: 23:27:57 [TUniServerModule]:Starting HTTP Server on Port: 80...
WebApp_BPKAD.exe: 0000245C: 23:27:57 [TUniServerModule]:HTTP Server Started on Port: 80
WebApp_BPKAD.exe: 000002E0: 23:27:58 [127.0.0.1]:EUniSessionException : Invalid session or session Timeout. (Session not found: Pe9izrLcb11087BCA5A ) : Addr: $00788D06
WebApp_BPKAD.exe: 00000170: 23:28:00 [HandleFileRequest[127.0.0.1]]:File not found: D:\OneDrive\PROJECTS\BPKAD HST\WebApp_BPKAD\files\images\8.jpg
WebApp_BPKAD.exe: 00001E70: 23:28:23 [HandleFileRequest[127.0.0.1]]:File not found: D:\OneDrive\PROJECTS\BPKAD HST\WebApp_BPKAD\files\images\8.jpg
WebApp_BPKAD.exe: 0000245C: 23:28:24 [TUniServerModule]:Shutting Down Server.
WebApp_BPKAD.exe: 0000245C: 23:28:24 [TUniServerModule]:Stopping HTTP Server.
WebApp_BPKAD.exe: 0000245C: 23:28:25 [TUniServerModule]:HTTP Server Stopped.
WebApp_BPKAD.exe: 0000245C: 23:28:25 [TUniGUISessionManager]:Terminating Session manager.
WebApp_BPKAD.exe: 0000245C: 23:28:25 [TUniGUISessionManager]:Stopping Cache Eraser...
WebApp_BPKAD.exe: 0000245C: 23:28:25 [TUniGUISessionManager]:Cache Eraser Stopped.
WebApp_BPKAD.exe: 0000245C: 23:28:25 [TUniGUISessionManager]:Destroying Worker Threads.
WebApp_BPKAD.exe: 0000245C: 23:28:25 [TUniGUISessionManager]:Session manager terminated.
WebApp_BPKAD.exe: 0000245C: 23:28:25 [TUniServerModule]:Server Shutdown Completed.
WebApp_BPKAD.exe: 0000245C: 23:28:25 []:<-------------------------------------------------------------->
WebApp_BPKAD.exe: 0000245C: 23:28:25 [Terminated]:Exit Code: 0
WebApp_BPKAD.exe: 00001D98: 23:28:44 []:>--------------------------------------------------------------<
WebApp_BPKAD.exe: 00001D98: 23:28:44 [TUniServerModule]:Server First Init.
WebApp_BPKAD.exe: 00001D98: 23:28:44 [TUniServerModule]:Starting HTTP Server on Port: 80...
WebApp_BPKAD.exe: 00001D98: 23:28:44 [TUniServerModule]:HTTP Server Started on Port: 80
WebApp_BPKAD.exe: 00001580: 23:28:45 [127.0.0.1]:EUniSessionException : Invalid session or session Timeout. (Session not found: pnDT8IQvRu1087BCA8C ) : Addr: $00788D06
WebApp_BPKAD.exe: 00001580: 23:28:46 [HandleFileRequest[127.0.0.1]]:File not found: D:\OneDrive\PROJECTS\BPKAD HST\WebApp_BPKAD\files\images\8.jpg
WebApp_BPKAD.exe: 00001438: 23:29:03 [HandleFileRequest[127.0.0.1]]:File not found: D:\OneDrive\PROJECTS\BPKAD HST\WebApp_BPKAD\files\images\8.jpg
WebApp_BPKAD.exe: 00001D98: 23:29:05 [TUniServerModule]:Shutting Down Server.
WebApp_BPKAD.exe: 00001D98: 23:29:05 [TUniServerModule]:Stopping HTTP Server.
WebApp_BPKAD.exe: 00001D98: 23:29:06 [TUniServerModule]:HTTP Server Stopped.
WebApp_BPKAD.exe: 00001D98: 23:29:06 [TUniGUISessionManager]:Terminating Session manager.
WebApp_BPKAD.exe: 00001D98: 23:29:06 [TUniGUISessionManager]:Stopping Cache Eraser...
WebApp_BPKAD.exe: 00001D98: 23:29:06 [TUniGUISessionManager]:Cache Eraser Stopped.
WebApp_BPKAD.exe: 00001D98: 23:29:06 [TUniGUISessionManager]:Destroying Worker Threads.
WebApp_BPKAD.exe: 00001D98: 23:29:06 [TUniGUISessionManager]:Session manager terminated.
WebApp_BPKAD.exe: 00001D98: 23:29:06 [TUniServerModule]:Server Shutdown Completed.
WebApp_BPKAD.exe: 00001D98: 23:29:06 []:<-------------------------------------------------------------->
WebApp_BPKAD.exe: 00001D98: 23:29:06 [Terminated]:Exit Code: 0
WebApp_BPKAD.exe: 00001D84: 23:29:40 []:>--------------------------------------------------------------<
WebApp_BPKAD.exe: 00001D84: 23:29:40 [TUniServerModule]:Server First Init.
WebApp_BPKAD.exe: 00001D84: 23:29:40 [TUniServerModule]:Starting HTTP Server on Port: 80...
WebApp_BPKAD.exe: 00001D84: 23:29:40 [TUniServerModule]:HTTP Server Started on Port: 80
WebApp_BPKAD.exe: 000009E0: 23:29:41 [127.0.0.1]:EUniSessionException : Invalid session or session Timeout. (Session not found: MOeBCdoR8P1087BCABA ) : Addr: $00788D06
WebApp_BPKAD.exe: 00002C04: 23:29:42 [HandleFileRequest[127.0.0.1]]:File not found: D:\OneDrive\PROJECTS\BPKAD HST\WebApp_BPKAD\files\images\8.jpg
WebApp_BPKAD.exe: 00001D84: 23:29:58 [TUniServerModule]:Shutting Down Server.
WebApp_BPKAD.exe: 00001D84: 23:29:58 [TUniServerModule]:Stopping HTTP Server.
WebApp_BPKAD.exe: 00001D84: 23:29:59 [TUniServerModule]:HTTP Server Stopped.
WebApp_BPKAD.exe: 00001D84: 23:29:59 [TUniGUISessionManager]:Terminating Session manager.
WebApp_BPKAD.exe: 00001D84: 23:29:59 [TUniGUISessionManager]:Stopping Cache Eraser...
WebApp_BPKAD.exe: 00001D84: 23:29:59 [TUniGUISessionManager]:Cache Eraser Stopped.
WebApp_BPKAD.exe: 00001D84: 23:29:59 [TUniGUISessionManager]:Destroying Worker Threads.
WebApp_BPKAD.exe: 00001D84: 23:29:59 [TUniGUISessionManager]:Session manager terminated.
WebApp_BPKAD.exe: 00001D84: 23:29:59 [TUniServerModule]:Server Shutdown Completed.
WebApp_BPKAD.exe: 00001D84: 23:29:59 []:<-------------------------------------------------------------->
WebApp_BPKAD.exe: 00001D84: 23:29:59 [Terminated]:Exit Code: 0
WebApp_BPKAD.exe: 00001E10: 23:31:25 []:>--------------------------------------------------------------<
WebApp_BPKAD.exe: 00001E10: 23:31:25 [TUniServerModule]:Server First Init.
WebApp_BPKAD.exe: 00001E10: 23:31:26 [TUniServerModule]:Starting HTTP Server on Port: 80...
WebApp_BPKAD.exe: 00001E10: 23:31:26 [TUniServerModule]:HTTP Server Started on Port: 80
WebApp_BPKAD.exe: 00001918: 23:31:26 [127.0.0.1]:EUniSessionException : Invalid session or session Timeout. (Session not found: wAjsRXoPsY1087BCAE8 ) : Addr: $00788D06
WebApp_BPKAD.exe: 000032B8: 23:31:27 [HandleFileRequest[127.0.0.1]]:File not found: D:\OneDrive\PROJECTS\BPKAD HST\WebApp_BPKAD\files\images\8.jpg
WebApp_BPKAD.exe: 000018AC: 23:31:40 [HandleFileRequest[127.0.0.1]]:File not found: D:\OneDrive\PROJECTS\BPKAD HST\WebApp_BPKAD\files\images\8.jpg
WebApp_BPKAD.exe: 00001E10: 23:31:52 [TUniServerModule]:Shutting Down Server.
WebApp_BPKAD.exe: 00001E10: 23:31:52 [TUniServerModule]:Stopping HTTP Server.
WebApp_BPKAD.exe: 00001E10: 23:31:52 [TUniServerModule]:HTTP Server Stopped.
WebApp_BPKAD.exe: 00001E10: 23:31:52 [TUniGUISessionManager]:Terminating Session manager.
WebApp_BPKAD.exe: 00001E10: 23:31:52 [TUniGUISessionManager]:Stopping Cache Eraser...
WebApp_BPKAD.exe: 00001E10: 23:31:52 [TUniGUISessionManager]:Cache Eraser Stopped.
WebApp_BPKAD.exe: 00001E10: 23:31:52 [TUniGUISessionManager]:Destroying Worker Threads.
WebApp_BPKAD.exe: 00001E10: 23:31:52 [TUniGUISessionManager]:Session manager terminated.
WebApp_BPKAD.exe: 00001E10: 23:31:52 [TUniServerModule]:Server Shutdown Completed.
WebApp_BPKAD.exe: 00001E10: 23:31:52 []:<-------------------------------------------------------------->
WebApp_BPKAD.exe: 00001E10: 23:31:52 [Terminated]:Exit Code: 0
WebApp_BPKAD.exe: 00000D0C: 23:32:11 []:>--------------------------------------------------------------<
WebApp_BPKAD.exe: 00000D0C: 23:32:11 [TUniServerModule]:Server First Init.
WebApp_BPKAD.exe: 00000D0C: 23:32:11 [TUniServerModule]:Starting HTTP Server on Port: 80...
WebApp_BPKAD.exe: 00000D0C: 23:32:11 [TUniServerModule]:HTTP Server Started on Port: 80
WebApp_BPKAD.exe: 00000D0C: 23:32:15 [TUniServerModule]:Shutting Down Server.
WebApp_BPKAD.exe: 00000D0C: 23:32:15 [TUniServerModule]:Stopping HTTP Server.
WebApp_BPKAD.exe: 00000D0C: 23:32:15 [TUniServerModule]:HTTP Server Stopped.
WebApp_BPKAD.exe: 00000D0C: 23:32:15 [TUniGUISessionManager]:Terminating Session manager.
WebApp_BPKAD.exe: 00000D0C: 23:32:15 [TUniGUISessionManager]:Stopping Cache Eraser...
WebApp_BPKAD.exe: 00000D0C: 23:32:15 [TUniGUISessionManager]:Cache Eraser Stopped.
WebApp_BPKAD.exe: 00000D0C: 23:32:15 [TUniGUISessionManager]:Destroying Worker Threads.
WebApp_BPKAD.exe: 00000D0C: 23:32:15 [TUniGUISessionManager]:Session manager terminated.
WebApp_BPKAD.exe: 00000D0C: 23:32:15 [TUniServerModule]:Server Shutdown Completed.
WebApp_BPKAD.exe: 00000D0C: 23:32:15 []:<-------------------------------------------------------------->
WebApp_BPKAD.exe: 00000D0C: 23:32:15 [Terminated]:Exit Code: 0
WebApp_BPKAD.exe: 00002754: 23:34:34 []:>--------------------------------------------------------------<
WebApp_BPKAD.exe: 00002754: 23:34:34 [TUniServerModule]:Server First Init.
WebApp_BPKAD.exe: 00002754: 23:34:34 [TUniServerModule]:Starting HTTP Server on Port: 80...
WebApp_BPKAD.exe: 00002754: 23:34:34 [TUniServerModule]:HTTP Server Started on Port: 80
WebApp_BPKAD.exe: 00002EB4: 23:34:34 [127.0.0.1]:EUniSessionException : Invalid session or session Timeout. (Session not found: qF4oY75Cmp1087BCB70 ) : Addr: $00788D06
WebApp_BPKAD.exe: 00002EB4: 23:34:36 [HandleFileRequest[127.0.0.1]]:File not found: D:\OneDrive\PROJECTS\BPKAD HST\WebApp_BPKAD\files\images\8.jpg
WebApp_BPKAD.exe: 00001A64: 23:35:23 [HandleFileRequest[127.0.0.1]]:File not found: D:\OneDrive\PROJECTS\BPKAD HST\WebApp_BPKAD\files\images\8.jpg
WebApp_BPKAD.exe: 00002754: 23:56:31 [TUniServerModule]:Shutting Down Server.
WebApp_BPKAD.exe: 00002754: 23:56:31 [TUniServerModule]:Stopping HTTP Server.
WebApp_BPKAD.exe: 00002754: 23:56:31 [TUniServerModule]:HTTP Server Stopped.
WebApp_BPKAD.exe: 00002754: 23:56:31 [TUniGUISessionManager]:Terminating Session manager.
WebApp_BPKAD.exe: 00002754: 23:56:32 [TUniGUISessionManager]:Stopping Cache Eraser...
WebApp_BPKAD.exe: 00002754: 23:56:32 [TUniGUISessionManager]:Cache Eraser Stopped.
WebApp_BPKAD.exe: 00002754: 23:56:32 [TUniGUISessionManager]:Destroying Worker Threads.
WebApp_BPKAD.exe: 00002754: 23:56:32 [TUniGUISessionManager]:Session manager terminated.
WebApp_BPKAD.exe: 00002754: 23:56:32 [TUniServerModule]:Server Shutdown Completed.
WebApp_BPKAD.exe: 00002754: 23:56:32 []:<-------------------------------------------------------------->
WebApp_BPKAD.exe: 00002754: 23:56:32 [Terminated]:Exit Code: 0
WebApp_BPKAD.exe: 00001724: 23:56:37 []:>--------------------------------------------------------------<
WebApp_BPKAD.exe: 00001724: 23:56:37 [TUniServerModule]:Server First Init.
WebApp_BPKAD.exe: 00001724: 23:56:38 [TUniServerModule]:Starting HTTP Server on Port: 80...
WebApp_BPKAD.exe: 00001724: 23:56:38 [TUniServerModule]:HTTP Server Started on Port: 80
WebApp_BPKAD.exe: 00002928: 23:56:39 [HandleFileRequest[127.0.0.1]]:File not found: D:\OneDrive\PROJECTS\BPKAD HST\WebApp_BPKAD\files\images\8.jpg
WebApp_BPKAD.exe: 00001724: 23:59:09 [TUniServerModule]:Shutting Down Server.
WebApp_BPKAD.exe: 00001724: 23:59:09 [TUniServerModule]:Stopping HTTP Server.
WebApp_BPKAD.exe: 00001724: 23:59:09 [TUniServerModule]:HTTP Server Stopped.
WebApp_BPKAD.exe: 00001724: 23:59:09 [TUniGUISessionManager]:Terminating Session manager.
WebApp_BPKAD.exe: 00001724: 23:59:09 [TUniGUISessionManager]:Stopping Cache Eraser...
WebApp_BPKAD.exe: 00001724: 23:59:09 [TUniGUISessionManager]:Cache Eraser Stopped.
WebApp_BPKAD.exe: 00001724: 23:59:10 [TUniGUISessionManager]:Destroying Worker Threads.
WebApp_BPKAD.exe: 00001724: 23:59:10 [TUniGUISessionManager]:Session manager terminated.
WebApp_BPKAD.exe: 00001724: 23:59:10 [TUniServerModule]:Server Shutdown Completed.
WebApp_BPKAD.exe: 00001724: 23:59:10 []:<-------------------------------------------------------------->
WebApp_BPKAD.exe: 00001724: 23:59:10 [Terminated]:Exit Code: 0
