WebApp_BPKAD.exe: 000048C4: 10:22:28 []:>--------------------------------------------------------------<
WebApp_BPKAD.exe: 000048C4: 10:22:28 [TUniServerModule]:Server First Init.
WebApp_BPKAD.exe: 000048C4: 10:22:28 [TUniServerModule]:Starting HTTP Server on Port: 85...
WebApp_BPKAD.exe: 000048C4: 10:22:28 [TUniServerModule]:HTTP Server Started on Port: 85
WebApp_BPKAD.exe: 000007B4: 10:26:48 []:EAccessViolation : Access violation at address 00409A48 in module 'WebApp_BPKAD.exe'. Read of address FFFFFFFD : Addr: $00409A48
WebApp_BPKAD.exe: 00003C54: 10:26:51 [127.0.0.1]:EMSSQLNativeException : [FireDAC][Phys][ODBC][Microsoft][SQL Server Native Client 11.0][SQL Server]Invalid column name 'sumber'. : Addr: $008CE5F9
WebApp_BPKAD.exe: 000007B4: 10:27:03 []:EAccessViolation : Access violation at address 5800409E in module 'WebApp_BPKAD.exe'. Read of address 5800409E : Addr: $5800409E
WebApp_BPKAD.exe: 000007B4: 10:27:18 []:EInvalidPointer : Invalid pointer operation : Addr: $00409955
WebApp_BPKAD.exe: 000007B4: 10:40:29 []:EAccessViolation : Access violation at address 5800409E in module 'WebApp_BPKAD.exe'. Read of address 5800409E : Addr: $5800409E
WebApp_BPKAD.exe: 00004950: 10:44:20 [127.0.0.1]:EUniSessionException : Invalid session or session Timeout. (Session not found: qu25I8MFcx109AA9CF6 ) : Addr: $00794C9A
WebApp_BPKAD.exe: 00004950: 10:44:20 [127.0.0.1]:EUniSessionException : Invalid session or session Timeout. (Session not found: qu25I8MFcx109AA9CF6 ) : Addr: $00794C9A
WebApp_BPKAD.exe: 000007B4: 11:13:47 []:EAccessViolation : Access violation at address 5800409E in module 'WebApp_BPKAD.exe'. Read of address 5800409E : Addr: $5800409E
WebApp_BPKAD.exe: 000048C4: 11:20:21 [TUniServerModule]:Shutting Down Server.
WebApp_BPKAD.exe: 000048C4: 11:20:21 [TUniServerModule]:Stopping HTTP Server.
WebApp_BPKAD.exe: 000048C4: 11:20:22 [TUniServerModule]:HTTP Server Stopped.
WebApp_BPKAD.exe: 000048C4: 11:20:22 [TUniGUISessionManager]:Terminating Session manager.
WebApp_BPKAD.exe: 000048C4: 11:20:22 [TUniGUISessionManager]:Stopping Cache Eraser...
WebApp_BPKAD.exe: 000048C4: 11:20:22 [TUniGUISessionManager]:Cache Eraser Stopped.
WebApp_BPKAD.exe: 000048C4: 11:20:22 [TUniGUISessionManager]:Destroying Worker Threads.
WebApp_BPKAD.exe: 000048C4: 11:20:22 [TUniGUISessionManager]:Session manager terminated.
WebApp_BPKAD.exe: 000048C4: 11:20:22 [TUniServerModule]:Server Shutdown Completed.
WebApp_BPKAD.exe: 000048C4: 11:20:22 []:<-------------------------------------------------------------->
WebApp_BPKAD.exe: 000048C4: 11:20:22 [Terminated]:Exit Code: 0
WebApp_BPKAD.exe: 00004B38: 11:20:27 []:>--------------------------------------------------------------<
WebApp_BPKAD.exe: 00004B38: 11:20:27 [TUniServerModule]:Server First Init.
WebApp_BPKAD.exe: 00004B38: 11:20:27 [TUniServerModule]:Starting HTTP Server on Port: 85...
WebApp_BPKAD.exe: 00004B38: 11:20:28 [TUniServerModule]:HTTP Server Started on Port: 85
WebApp_BPKAD.exe: 00000C1C: 11:20:31 [127.0.0.1]:EUniSessionException : Invalid session or session Timeout. (Session not found: cJMkAcT9Xq109AAA1AA ) : Addr: $00794C9A
WebApp_BPKAD.exe: 00000C1C: 11:20:31 [127.0.0.1]:EUniSessionException : Invalid session or session Timeout. (Session not found: cJMkAcT9Xq109AAA1AA ) : Addr: $00794C9A
WebApp_BPKAD.exe: 0000087C: 11:20:38 [127.0.0.1]:EUniSessionException : Invalid session or session Timeout. (Invalid URI: /srs6/serv/urn:publicsanctservices ) : Addr: $00794C9A
WebApp_BPKAD.exe: 00004B38: 11:22:08 [TUniServerModule]:Shutting Down Server.
WebApp_BPKAD.exe: 00004B38: 11:22:08 [TUniServerModule]:Stopping HTTP Server.
WebApp_BPKAD.exe: 00004B38: 11:22:09 [TUniServerModule]:HTTP Server Stopped.
WebApp_BPKAD.exe: 00004B38: 11:22:09 [TUniGUISessionManager]:Terminating Session manager.
WebApp_BPKAD.exe: 00004B38: 11:22:09 [TUniGUISessionManager]:Stopping Cache Eraser...
WebApp_BPKAD.exe: 00004B38: 11:22:09 [TUniGUISessionManager]:Cache Eraser Stopped.
WebApp_BPKAD.exe: 00004B38: 11:22:09 []:EAccessViolation : Access violation at address 00409A48 in module 'WebApp_BPKAD.exe'. Read of address FFFFFFFD : Addr: $00409A48
WebApp_BPKAD.exe: 00004B38: 11:22:09 [TUniGUISessionManager]:Destroying Worker Threads.
WebApp_BPKAD.exe: 00004B38: 11:22:09 [TUniGUISessionManager]:Session manager terminated.
WebApp_BPKAD.exe: 00004B38: 11:22:09 [TUniServerModule]:Server Shutdown Completed.
WebApp_BPKAD.exe: 00004B38: 11:22:09 []:<-------------------------------------------------------------->
WebApp_BPKAD.exe: 00004B38: 11:22:09 [Terminated]:Exit Code: 0
WebApp_BPKAD.exe: 000033E0: 11:32:03 []:>--------------------------------------------------------------<
WebApp_BPKAD.exe: 000033E0: 11:32:03 [TUniServerModule]:Server First Init.
WebApp_BPKAD.exe: 000033E0: 11:32:03 [TUniServerModule]:Starting HTTP Server on Port: 85...
WebApp_BPKAD.exe: 000033E0: 11:32:04 [TUniServerModule]:HTTP Server Started on Port: 85
WebApp_BPKAD.exe: 00001AE8: 11:32:04 [127.0.0.1]:EUniSessionException : Invalid session or session Timeout. (Session not found: ZCUjRv9qfx109AAAB7A ) : Addr: $00794C9A
WebApp_BPKAD.exe: 00001AE8: 11:32:04 [127.0.0.1]:EUniSessionException : Invalid session or session Timeout. (Session not found: ZCUjRv9qfx109AAAB7A ) : Addr: $00794C9A
WebApp_BPKAD.exe: 000033E0: 11:33:26 [TUniServerModule]:Shutting Down Server.
WebApp_BPKAD.exe: 000033E0: 11:33:26 [TUniServerModule]:Stopping HTTP Server.
WebApp_BPKAD.exe: 000033E0: 11:33:27 [TUniServerModule]:HTTP Server Stopped.
WebApp_BPKAD.exe: 000033E0: 11:33:27 [TUniGUISessionManager]:Terminating Session manager.
WebApp_BPKAD.exe: 000033E0: 11:33:27 [TUniGUISessionManager]:Stopping Cache Eraser...
WebApp_BPKAD.exe: 000033E0: 11:33:27 [TUniGUISessionManager]:Cache Eraser Stopped.
WebApp_BPKAD.exe: 000033E0: 11:33:27 []:EAccessViolation : Access violation at address 00409A48 in module 'WebApp_BPKAD.exe'. Read of address FFFFFFFD : Addr: $00409A48
WebApp_BPKAD.exe: 000033E0: 11:33:27 [TUniGUISessionManager]:Destroying Worker Threads.
WebApp_BPKAD.exe: 000033E0: 11:33:27 [TUniGUISessionManager]:Session manager terminated.
WebApp_BPKAD.exe: 000033E0: 11:33:27 [TUniServerModule]:Server Shutdown Completed.
WebApp_BPKAD.exe: 000033E0: 11:33:27 []:<-------------------------------------------------------------->
WebApp_BPKAD.exe: 000033E0: 11:33:27 [Terminated]:Exit Code: 0
WebApp_BPKAD.exe: 000011CC: 11:34:28 []:>--------------------------------------------------------------<
WebApp_BPKAD.exe: 000011CC: 11:34:28 [TUniServerModule]:Server First Init.
WebApp_BPKAD.exe: 000011CC: 11:34:28 [TUniServerModule]:Starting HTTP Server on Port: 85...
WebApp_BPKAD.exe: 000011CC: 11:34:29 [TUniServerModule]:HTTP Server Started on Port: 85
WebApp_BPKAD.exe: 0000249C: 11:34:33 [127.0.0.1]:EUniSessionException : Invalid session or session Timeout. (Session not found: wvjWJTGb6q109AAAE9C ) : Addr: $00794C9A
WebApp_BPKAD.exe: 0000249C: 11:34:33 [127.0.0.1]:EUniSessionException : Invalid session or session Timeout. (Session not found: wvjWJTGb6q109AAAE9C ) : Addr: $00794C9A
WebApp_BPKAD.exe: 000010E8: 11:35:08 []:EAccessViolation : Access violation at address 00409A48 in module 'WebApp_BPKAD.exe'. Read of address FFFFFFFD : Addr: $00409A48
WebApp_BPKAD.exe: 000011CC: 11:37:31 [TUniServerModule]:Shutting Down Server.
WebApp_BPKAD.exe: 000011CC: 11:37:31 [TUniServerModule]:Stopping HTTP Server.
WebApp_BPKAD.exe: 000011CC: 11:37:32 [TUniServerModule]:HTTP Server Stopped.
WebApp_BPKAD.exe: 000011CC: 11:37:32 [TUniGUISessionManager]:Terminating Session manager.
WebApp_BPKAD.exe: 000011CC: 11:37:32 [TUniGUISessionManager]:Stopping Cache Eraser...
WebApp_BPKAD.exe: 000011CC: 11:37:32 [TUniGUISessionManager]:Cache Eraser Stopped.
WebApp_BPKAD.exe: 000011CC: 11:37:32 []:EInvalidPointer : Invalid pointer operation : Addr: $00409955
WebApp_BPKAD.exe: 000011CC: 11:37:32 [TUniGUISessionManager]:Destroying Worker Threads.
WebApp_BPKAD.exe: 000011CC: 11:37:32 [TUniGUISessionManager]:Session manager terminated.
WebApp_BPKAD.exe: 000011CC: 11:37:32 [TUniServerModule]:Server Shutdown Completed.
WebApp_BPKAD.exe: 000011CC: 11:37:32 []:<-------------------------------------------------------------->
WebApp_BPKAD.exe: 000011CC: 11:37:32 [Terminated]:Exit Code: 0
WebApp_BPKAD.exe: 000010A0: 11:37:38 []:>--------------------------------------------------------------<
WebApp_BPKAD.exe: 000010A0: 11:37:38 [TUniServerModule]:Server First Init.
WebApp_BPKAD.exe: 000010A0: 11:37:38 [TUniServerModule]:Starting HTTP Server on Port: 85...
WebApp_BPKAD.exe: 000010A0: 11:37:39 [TUniServerModule]:HTTP Server Started on Port: 85
WebApp_BPKAD.exe: 0000003C: 11:37:43 [127.0.0.1]:EUniSessionException : Invalid session or session Timeout. (Session not found: sufKJV9uIQ109AAAF6E ) : Addr: $00794C9A
WebApp_BPKAD.exe: 0000003C: 11:37:44 [127.0.0.1]:EUniSessionException : Invalid session or session Timeout. (Session not found: sufKJV9uIQ109AAAF6E ) : Addr: $00794C9A
WebApp_BPKAD.exe: 00000BA4: 11:48:09 []:EAccessViolation : Access violation at address 00409A48 in module 'WebApp_BPKAD.exe'. Read of address FFFFFFFD : Addr: $00409A48
WebApp_BPKAD.exe: 000004AC: 12:20:40 [127.0.0.1]:EUniSessionException : Invalid session or session Timeout. (Invalid URI: /srs6/serv/urn:verificationservices ) : Addr: $00794C9A
WebApp_BPKAD.exe: 00001B2C: 12:28:14 [127.0.0.1]:EUniSessionException : Invalid session or session Timeout. (Session not found: p9vxNN8j5N109AAB026 ) : Addr: $00794C9A
WebApp_BPKAD.exe: 00001B2C: 12:28:14 [127.0.0.1]:EUniSessionException : Invalid session or session Timeout. (Session not found: p9vxNN8j5N109AAB026 ) : Addr: $00794C9A
WebApp_BPKAD.exe: 000010A0: 12:30:31 [TUniServerModule]:Shutting Down Server.
WebApp_BPKAD.exe: 000010A0: 12:30:31 [TUniServerModule]:Stopping HTTP Server.
WebApp_BPKAD.exe: 000010A0: 12:30:32 [TUniServerModule]:HTTP Server Stopped.
WebApp_BPKAD.exe: 000010A0: 12:30:32 [TUniGUISessionManager]:Terminating Session manager.
WebApp_BPKAD.exe: 000010A0: 12:30:32 [TUniGUISessionManager]:Stopping Cache Eraser...
WebApp_BPKAD.exe: 000010A0: 12:30:32 [TUniGUISessionManager]:Cache Eraser Stopped.
WebApp_BPKAD.exe: 000010A0: 12:30:32 []:EAccessViolation : Access violation at address 5800409E in module 'WebApp_BPKAD.exe'. Read of address 5800409E : Addr: $5800409E
WebApp_BPKAD.exe: 000010A0: 12:30:32 [TUniGUISessionManager]:Destroying Worker Threads.
WebApp_BPKAD.exe: 000010A0: 12:30:32 [TUniGUISessionManager]:Session manager terminated.
WebApp_BPKAD.exe: 000010A0: 12:30:32 [TUniServerModule]:Server Shutdown Completed.
WebApp_BPKAD.exe: 000010A0: 12:30:32 []:<-------------------------------------------------------------->
WebApp_BPKAD.exe: 000010A0: 12:30:33 [Terminated]:Exit Code: 0
WebApp_BPKAD.exe: 000024DC: 12:30:36 []:>--------------------------------------------------------------<
WebApp_BPKAD.exe: 000024DC: 12:30:36 [TUniServerModule]:Server First Init.
WebApp_BPKAD.exe: 000024DC: 12:30:36 [TUniServerModule]:Starting HTTP Server on Port: 85...
WebApp_BPKAD.exe: 000024DC: 12:30:36 [TUniServerModule]:HTTP Server Started on Port: 85
WebApp_BPKAD.exe: 00003B90: 12:30:39 [127.0.0.1]:EUniSessionException : Invalid session or session Timeout. (Session not found: gHmZDTuYjM109AABDDA ) : Addr: $00794C9A
WebApp_BPKAD.exe: 00003B90: 12:30:39 [127.0.0.1]:EUniSessionException : Invalid session or session Timeout. (Session not found: gHmZDTuYjM109AABDDA ) : Addr: $00794C9A
WebApp_BPKAD.exe: 000024DC: 12:32:21 [TUniServerModule]:Shutting Down Server.
WebApp_BPKAD.exe: 000024DC: 12:32:21 [TUniServerModule]:Stopping HTTP Server.
WebApp_BPKAD.exe: 000024DC: 12:32:22 [TUniServerModule]:HTTP Server Stopped.
WebApp_BPKAD.exe: 000024DC: 12:32:22 [TUniGUISessionManager]:Terminating Session manager.
WebApp_BPKAD.exe: 000024DC: 12:32:22 [TUniGUISessionManager]:Stopping Cache Eraser...
WebApp_BPKAD.exe: 000024DC: 12:32:22 [TUniGUISessionManager]:Cache Eraser Stopped.
WebApp_BPKAD.exe: 000024DC: 12:32:22 []:EAccessViolation : Access violation at address 00409A48 in module 'WebApp_BPKAD.exe'. Read of address FFFFFFFD : Addr: $00409A48
WebApp_BPKAD.exe: 000024DC: 12:32:22 [TUniGUISessionManager]:Destroying Worker Threads.
WebApp_BPKAD.exe: 000024DC: 12:32:22 [TUniGUISessionManager]:Session manager terminated.
WebApp_BPKAD.exe: 000024DC: 12:32:22 [TUniServerModule]:Server Shutdown Completed.
WebApp_BPKAD.exe: 000024DC: 12:32:22 []:<-------------------------------------------------------------->
WebApp_BPKAD.exe: 000024DC: 12:32:22 [Terminated]:Exit Code: 0
WebApp_BPKAD.exe: 000040E8: 12:32:30 []:>--------------------------------------------------------------<
WebApp_BPKAD.exe: 000040E8: 12:32:30 [TUniServerModule]:Server First Init.
WebApp_BPKAD.exe: 000040E8: 12:32:30 [TUniServerModule]:Starting HTTP Server on Port: 85...
WebApp_BPKAD.exe: 000040E8: 12:32:30 [TUniServerModule]:HTTP Server Started on Port: 85
WebApp_BPKAD.exe: 000040E8: 12:32:35 [TUniServerModule]:Shutting Down Server.
WebApp_BPKAD.exe: 000040E8: 12:32:35 [TUniServerModule]:Stopping HTTP Server.
WebApp_BPKAD.exe: 000040E8: 12:32:36 [TUniServerModule]:HTTP Server Stopped.
WebApp_BPKAD.exe: 000040E8: 12:32:36 [TUniGUISessionManager]:Terminating Session manager.
WebApp_BPKAD.exe: 000040E8: 12:32:36 [TUniGUISessionManager]:Stopping Cache Eraser...
WebApp_BPKAD.exe: 000040E8: 12:32:36 [TUniGUISessionManager]:Cache Eraser Stopped.
WebApp_BPKAD.exe: 000040E8: 12:32:36 [TUniGUISessionManager]:Destroying Worker Threads.
WebApp_BPKAD.exe: 000040E8: 12:32:36 [TUniGUISessionManager]:Session manager terminated.
WebApp_BPKAD.exe: 000040E8: 12:32:36 [TUniServerModule]:Server Shutdown Completed.
WebApp_BPKAD.exe: 000040E8: 12:32:36 []:<-------------------------------------------------------------->
WebApp_BPKAD.exe: 000040E8: 12:32:36 [Terminated]:Exit Code: 0
WebApp_BPKAD.exe: 00004A38: 12:35:13 []:>--------------------------------------------------------------<
WebApp_BPKAD.exe: 00004A38: 12:35:13 [TUniServerModule]:Server First Init.
WebApp_BPKAD.exe: 00004A38: 12:35:13 [TUniServerModule]:Starting HTTP Server on Port: 85...
WebApp_BPKAD.exe: 00004A38: 12:35:14 [TUniServerModule]:HTTP Server Started on Port: 85
WebApp_BPKAD.exe: 00004880: 12:35:24 [127.0.0.1]:EUniSessionException : Invalid session or session Timeout. (Session not found: M5HnjxwdRf109AABE81 ) : Addr: $00794C9A
WebApp_BPKAD.exe: 00004880: 12:35:24 [127.0.0.1]:EUniSessionException : Invalid session or session Timeout. (Session not found: M5HnjxwdRf109AABE81 ) : Addr: $00794C9A
WebApp_BPKAD.exe: 00004A38: 12:39:18 [TUniServerModule]:Shutting Down Server.
WebApp_BPKAD.exe: 00004A38: 12:39:18 [TUniServerModule]:Stopping HTTP Server.
WebApp_BPKAD.exe: 00004A38: 12:39:19 [TUniServerModule]:HTTP Server Stopped.
WebApp_BPKAD.exe: 00004A38: 12:39:19 [TUniGUISessionManager]:Terminating Session manager.
WebApp_BPKAD.exe: 00004A38: 12:39:19 [TUniGUISessionManager]:Stopping Cache Eraser...
WebApp_BPKAD.exe: 00004A38: 12:39:19 [TUniGUISessionManager]:Cache Eraser Stopped.
WebApp_BPKAD.exe: 00004A38: 12:39:19 []:EAccessViolation : Access violation at address 00409A48 in module 'WebApp_BPKAD.exe'. Read of address FFFFFFFD : Addr: $00409A48
WebApp_BPKAD.exe: 00004A38: 12:39:19 [TUniGUISessionManager]:Destroying Worker Threads.
WebApp_BPKAD.exe: 00004A38: 12:39:19 [TUniGUISessionManager]:Session manager terminated.
WebApp_BPKAD.exe: 00004A38: 12:39:19 [TUniServerModule]:Server Shutdown Completed.
WebApp_BPKAD.exe: 00004A38: 12:39:19 []:<-------------------------------------------------------------->
WebApp_BPKAD.exe: 00004A38: 12:39:19 [Terminated]:Exit Code: 0
WebApp_BPKAD.exe: 00002340: 12:42:16 []:>--------------------------------------------------------------<
WebApp_BPKAD.exe: 00002340: 12:42:16 [TUniServerModule]:Server First Init.
WebApp_BPKAD.exe: 00002340: 12:42:16 [TUniServerModule]:Starting HTTP Server on Port: 85...
WebApp_BPKAD.exe: 00002340: 12:42:16 [TUniServerModule]:HTTP Server Started on Port: 85
WebApp_BPKAD.exe: 00002FF0: 12:42:18 [127.0.0.1]:EUniSessionException : Invalid session or session Timeout. (Session not found: NcUlcZc1MJ109AABFCB ) : Addr: $00794C9A
WebApp_BPKAD.exe: 00002FF0: 12:42:18 [127.0.0.1]:EUniSessionException : Invalid session or session Timeout. (Session not found: NcUlcZc1MJ109AABFCB ) : Addr: $00794C9A
WebApp_BPKAD.exe: 00004610: 12:42:32 [127.0.0.1]:EFDException : [FireDAC][DatS]-2. Object [kelompok] is not found : Addr: $007E7160
WebApp_BPKAD.exe: 00004610: 12:43:05 [127.0.0.1]:EFDException : [FireDAC][DatS]-2. Object [kelompok] is not found : Addr: $007E7160
WebApp_BPKAD.exe: 00002340: 12:43:47 [TUniServerModule]:Shutting Down Server.
WebApp_BPKAD.exe: 00002340: 12:43:47 [TUniServerModule]:Stopping HTTP Server.
WebApp_BPKAD.exe: 00002340: 12:43:48 [TUniServerModule]:HTTP Server Stopped.
WebApp_BPKAD.exe: 00002340: 12:43:48 [TUniGUISessionManager]:Terminating Session manager.
WebApp_BPKAD.exe: 00002340: 12:43:48 [TUniGUISessionManager]:Stopping Cache Eraser...
WebApp_BPKAD.exe: 00002340: 12:43:48 [TUniGUISessionManager]:Cache Eraser Stopped.
WebApp_BPKAD.exe: 00002340: 12:43:48 []:EAccessViolation : Access violation at address 00409A48 in module 'WebApp_BPKAD.exe'. Read of address FFFFFFFD : Addr: $00409A48
WebApp_BPKAD.exe: 00002340: 12:43:48 [TUniGUISessionManager]:Destroying Worker Threads.
WebApp_BPKAD.exe: 00002340: 12:43:48 [TUniGUISessionManager]:Session manager terminated.
WebApp_BPKAD.exe: 00002340: 12:43:48 [TUniServerModule]:Server Shutdown Completed.
WebApp_BPKAD.exe: 00002340: 12:43:48 []:<-------------------------------------------------------------->
WebApp_BPKAD.exe: 00002340: 12:43:48 [Terminated]:Exit Code: 0
WebApp_BPKAD.exe: 00003264: 12:43:50 []:>--------------------------------------------------------------<
WebApp_BPKAD.exe: 00003264: 12:43:50 [TUniServerModule]:Server First Init.
WebApp_BPKAD.exe: 00003264: 12:43:50 [TUniServerModule]:Starting HTTP Server on Port: 85...
WebApp_BPKAD.exe: 00003264: 12:43:51 [TUniServerModule]:HTTP Server Started on Port: 85
WebApp_BPKAD.exe: 00000530: 12:43:54 [127.0.0.1]:EUniSessionException : Invalid session or session Timeout. (Session not found: Dh4TuyDhSt109AAC1AA ) : Addr: $00794C9A
WebApp_BPKAD.exe: 00000530: 12:43:54 [127.0.0.1]:EUniSessionException : Invalid session or session Timeout. (Session not found: Dh4TuyDhSt109AAC1AA ) : Addr: $00794C9A
WebApp_BPKAD.exe: 00003264: 12:46:04 [TUniServerModule]:Shutting Down Server.
WebApp_BPKAD.exe: 00003264: 12:46:04 [TUniServerModule]:Stopping HTTP Server.
WebApp_BPKAD.exe: 00003264: 12:46:05 [TUniServerModule]:HTTP Server Stopped.
WebApp_BPKAD.exe: 00003264: 12:46:05 [TUniGUISessionManager]:Terminating Session manager.
WebApp_BPKAD.exe: 00003264: 12:46:05 [TUniGUISessionManager]:Stopping Cache Eraser...
WebApp_BPKAD.exe: 00003264: 12:46:05 [TUniGUISessionManager]:Cache Eraser Stopped.
WebApp_BPKAD.exe: 00003264: 12:46:05 []:EAccessViolation : Access violation at address 00409A48 in module 'WebApp_BPKAD.exe'. Read of address FFFFFFFD : Addr: $00409A48
WebApp_BPKAD.exe: 00003264: 12:46:05 [TUniGUISessionManager]:Destroying Worker Threads.
WebApp_BPKAD.exe: 00003264: 12:46:05 [TUniGUISessionManager]:Session manager terminated.
WebApp_BPKAD.exe: 00003264: 12:46:05 [TUniServerModule]:Server Shutdown Completed.
WebApp_BPKAD.exe: 00003264: 12:46:05 []:<-------------------------------------------------------------->
WebApp_BPKAD.exe: 00003264: 12:46:05 [Terminated]:Exit Code: 0
WebApp_BPKAD.exe: 000017E0: 12:46:11 []:>--------------------------------------------------------------<
WebApp_BPKAD.exe: 000017E0: 12:46:11 [TUniServerModule]:Server First Init.
WebApp_BPKAD.exe: 000017E0: 12:46:11 [TUniServerModule]:Starting HTTP Server on Port: 85...
WebApp_BPKAD.exe: 000017E0: 12:46:12 [TUniServerModule]:HTTP Server Started on Port: 85
WebApp_BPKAD.exe: 00002A44: 12:46:19 [127.0.0.1]:EUniSessionException : Invalid session or session Timeout. (Session not found: IqThlSah4Q109AAC219 ) : Addr: $00794C9A
WebApp_BPKAD.exe: 00002A44: 12:46:19 [127.0.0.1]:EUniSessionException : Invalid session or session Timeout. (Session not found: IqThlSah4Q109AAC219 ) : Addr: $00794C9A
WebApp_BPKAD.exe: 00003610: 12:47:10 [127.0.0.1]:EDatabaseError : Field 'tahun' must have a value : Addr: $006610AB
WebApp_BPKAD.exe: 00003610: 12:47:47 [127.0.0.1]:EMSSQLNativeException : [FireDAC][Phys][ODBC][Microsoft][SQL Server Native Client 11.0][SQL Server]Invalid column name 'tahun'. : Addr: $008CE5F9
WebApp_BPKAD.exe: 00003610: 12:47:52 [127.0.0.1]:EMSSQLNativeException : [FireDAC][Phys][ODBC][Microsoft][SQL Server Native Client 11.0][SQL Server]Invalid column name 'tahun'. : Addr: $008CE5F9
WebApp_BPKAD.exe: 00003610: 12:51:34 [127.0.0.1]:EMSSQLNativeException : [FireDAC][Phys][ODBC][Microsoft][SQL Server Native Client 11.0][SQL Server]Invalid column name 'tahun'. : Addr: $008CE5F9
WebApp_BPKAD.exe: 00003610: 12:51:45 [127.0.0.1]:EMSSQLNativeException : [FireDAC][Phys][ODBC][Microsoft][SQL Server Native Client 11.0][SQL Server]Invalid column name 'tahun'. : Addr: $008CE5F9
WebApp_BPKAD.exe: 00003610: 12:51:52 [127.0.0.1]:EMSSQLNativeException : [FireDAC][Phys][ODBC][Microsoft][SQL Server Native Client 11.0][SQL Server]Invalid column name 'tahun'. : Addr: $008CE5F9
WebApp_BPKAD.exe: 000017E0: 12:58:20 [TUniServerModule]:Shutting Down Server.
WebApp_BPKAD.exe: 000017E0: 12:58:20 [TUniServerModule]:Stopping HTTP Server.
WebApp_BPKAD.exe: 000017E0: 12:58:21 [TUniServerModule]:HTTP Server Stopped.
WebApp_BPKAD.exe: 000017E0: 12:58:21 [TUniGUISessionManager]:Terminating Session manager.
WebApp_BPKAD.exe: 000017E0: 12:58:21 [TUniGUISessionManager]:Stopping Cache Eraser...
WebApp_BPKAD.exe: 000017E0: 12:58:21 [TUniGUISessionManager]:Cache Eraser Stopped.
WebApp_BPKAD.exe: 000017E0: 12:58:21 []:EAccessViolation : Access violation at address 00409A48 in module 'WebApp_BPKAD.exe'. Read of address FFFFFFFD : Addr: $00409A48
WebApp_BPKAD.exe: 000017E0: 12:58:21 [TUniGUISessionManager]:Destroying Worker Threads.
WebApp_BPKAD.exe: 000017E0: 12:58:21 [TUniGUISessionManager]:Session manager terminated.
WebApp_BPKAD.exe: 000017E0: 12:58:21 [TUniServerModule]:Server Shutdown Completed.
WebApp_BPKAD.exe: 000017E0: 12:58:21 []:<-------------------------------------------------------------->
WebApp_BPKAD.exe: 000017E0: 12:58:21 [Terminated]:Exit Code: 0
WebApp_BPKAD.exe: 00002218: 12:59:40 []:>--------------------------------------------------------------<
WebApp_BPKAD.exe: 00002218: 12:59:40 [TUniServerModule]:Server First Init.
WebApp_BPKAD.exe: 00002218: 12:59:40 [TUniServerModule]:Starting HTTP Server on Port: 85...
WebApp_BPKAD.exe: 00002218: 12:59:40 [TUniServerModule]:HTTP Server Started on Port: 85
WebApp_BPKAD.exe: 00003C20: 12:59:44 [127.0.0.1]:EUniSessionException : Invalid session or session Timeout. (Session not found: siXuyF5fIq109AAC2C1 ) : Addr: $00794C9A
WebApp_BPKAD.exe: 00003C20: 12:59:44 [127.0.0.1]:EUniSessionException : Invalid session or session Timeout. (Session not found: siXuyF5fIq109AAC2C1 ) : Addr: $00794C9A
WebApp_BPKAD.exe: 00004104: 13:00:29 [127.0.0.1]:EDatabaseError : qSALDO: Dataset not in edit or insert mode : Addr: $00661096
WebApp_BPKAD.exe: 00002218: 13:00:38 [TUniServerModule]:Shutting Down Server.
WebApp_BPKAD.exe: 00002218: 13:00:38 [TUniServerModule]:Stopping HTTP Server.
WebApp_BPKAD.exe: 00002218: 13:00:39 [TUniServerModule]:HTTP Server Stopped.
WebApp_BPKAD.exe: 00002218: 13:00:39 [TUniGUISessionManager]:Terminating Session manager.
WebApp_BPKAD.exe: 00002218: 13:00:39 [TUniGUISessionManager]:Stopping Cache Eraser...
WebApp_BPKAD.exe: 00002218: 13:00:39 [TUniGUISessionManager]:Cache Eraser Stopped.
WebApp_BPKAD.exe: 00002218: 13:00:39 []:EAccessViolation : Access violation at address 00409A48 in module 'WebApp_BPKAD.exe'. Read of address FFFFFFFD : Addr: $00409A48
WebApp_BPKAD.exe: 00002218: 13:00:39 [TUniGUISessionManager]:Destroying Worker Threads.
WebApp_BPKAD.exe: 00002218: 13:00:39 [TUniGUISessionManager]:Session manager terminated.
WebApp_BPKAD.exe: 00002218: 13:00:39 [TUniServerModule]:Server Shutdown Completed.
WebApp_BPKAD.exe: 00002218: 13:00:39 []:<-------------------------------------------------------------->
WebApp_BPKAD.exe: 00002218: 13:00:39 [Terminated]:Exit Code: 0
WebApp_BPKAD.exe: 00003758: 13:03:04 []:>--------------------------------------------------------------<
WebApp_BPKAD.exe: 00003758: 13:03:04 [TUniServerModule]:Server First Init.
WebApp_BPKAD.exe: 00003758: 13:03:04 [TUniServerModule]:Starting HTTP Server on Port: 85...
WebApp_BPKAD.exe: 00003758: 13:03:05 [TUniServerModule]:HTTP Server Started on Port: 85
WebApp_BPKAD.exe: 00002684: 13:03:08 [127.0.0.1]:EUniSessionException : Invalid session or session Timeout. (Session not found: 8qOlvJY1v7109AAC664 ) : Addr: $00794C9A
WebApp_BPKAD.exe: 00002684: 13:03:08 [127.0.0.1]:EUniSessionException : Invalid session or session Timeout. (Session not found: 8qOlvJY1v7109AAC664 ) : Addr: $00794C9A
WebApp_BPKAD.exe: 000024E8: 13:03:46 [127.0.0.1]:EMSSQLNativeException : [FireDAC][Phys][ODBC][Microsoft][SQL Server Native Client 11.0][SQL Server]Invalid column name 'tahun'. : Addr: $008CE5F9
WebApp_BPKAD.exe: 000024E8: 13:04:06 [127.0.0.1]:EMSSQLNativeException : [FireDAC][Phys][ODBC][Microsoft][SQL Server Native Client 11.0][SQL Server]Invalid column name 'tahun'. : Addr: $008CE5F9
WebApp_BPKAD.exe: 00003758: 13:07:40 [TUniServerModule]:Shutting Down Server.
WebApp_BPKAD.exe: 00003758: 13:07:40 [TUniServerModule]:Stopping HTTP Server.
WebApp_BPKAD.exe: 00003758: 13:07:41 [TUniServerModule]:HTTP Server Stopped.
WebApp_BPKAD.exe: 00003758: 13:07:41 [TUniGUISessionManager]:Terminating Session manager.
WebApp_BPKAD.exe: 00003758: 13:07:41 [TUniGUISessionManager]:Stopping Cache Eraser...
WebApp_BPKAD.exe: 00003758: 13:07:41 [TUniGUISessionManager]:Cache Eraser Stopped.
WebApp_BPKAD.exe: 00003758: 13:07:41 []:EAccessViolation : Access violation at address 00409A48 in module 'WebApp_BPKAD.exe'. Read of address FFFFFFFD : Addr: $00409A48
WebApp_BPKAD.exe: 00003758: 13:07:41 [TUniGUISessionManager]:Destroying Worker Threads.
WebApp_BPKAD.exe: 00003758: 13:07:41 [TUniGUISessionManager]:Session manager terminated.
WebApp_BPKAD.exe: 00003758: 13:07:41 [TUniServerModule]:Server Shutdown Completed.
WebApp_BPKAD.exe: 00003758: 13:07:41 []:<-------------------------------------------------------------->
WebApp_BPKAD.exe: 00003758: 13:07:41 [Terminated]:Exit Code: 0
WebApp_BPKAD.exe: 000045AC: 13:07:44 []:>--------------------------------------------------------------<
WebApp_BPKAD.exe: 000045AC: 13:07:44 [TUniServerModule]:Server First Init.
WebApp_BPKAD.exe: 000045AC: 13:07:44 [TUniServerModule]:Starting HTTP Server on Port: 85...
WebApp_BPKAD.exe: 000045AC: 13:07:45 [TUniServerModule]:HTTP Server Started on Port: 85
WebApp_BPKAD.exe: 000045AC: 13:09:30 [TUniServerModule]:Shutting Down Server.
WebApp_BPKAD.exe: 000045AC: 13:09:30 [TUniServerModule]:Stopping HTTP Server.
WebApp_BPKAD.exe: 000045AC: 13:09:31 [TUniServerModule]:HTTP Server Stopped.
WebApp_BPKAD.exe: 000045AC: 13:09:31 [TUniGUISessionManager]:Terminating Session manager.
WebApp_BPKAD.exe: 000045AC: 13:09:31 [TUniGUISessionManager]:Stopping Cache Eraser...
WebApp_BPKAD.exe: 000045AC: 13:09:31 [TUniGUISessionManager]:Cache Eraser Stopped.
WebApp_BPKAD.exe: 000045AC: 13:09:31 [TUniGUISessionManager]:Destroying Worker Threads.
WebApp_BPKAD.exe: 000045AC: 13:09:31 [TUniGUISessionManager]:Session manager terminated.
WebApp_BPKAD.exe: 000045AC: 13:09:31 [TUniServerModule]:Server Shutdown Completed.
WebApp_BPKAD.exe: 000045AC: 13:09:31 []:<-------------------------------------------------------------->
WebApp_BPKAD.exe: 000045AC: 13:09:31 [Terminated]:Exit Code: 0
WebApp_BPKAD.exe: 00003C30: 13:09:36 []:>--------------------------------------------------------------<
WebApp_BPKAD.exe: 00003C30: 13:09:36 [TUniServerModule]:Server First Init.
WebApp_BPKAD.exe: 00003C30: 13:09:36 [TUniServerModule]:Starting HTTP Server on Port: 85...
WebApp_BPKAD.exe: 00003C30: 13:09:37 [TUniServerModule]:HTTP Server Started on Port: 85
WebApp_BPKAD.exe: 00004A40: 13:09:38 [127.0.0.1]:EUniSessionException : Invalid session or session Timeout. (Session not found: qEnfHhm9UW109AAC751 ) : Addr: $00794C9A
WebApp_BPKAD.exe: 00004A40: 13:09:38 [127.0.0.1]:EUniSessionException : Invalid session or session Timeout. (Session not found: qEnfHhm9UW109AAC751 ) : Addr: $00794C9A
WebApp_BPKAD.exe: 0000461C: 13:10:12 [127.0.0.1]:EMSSQLNativeException : [FireDAC][Phys][ODBC][Microsoft][SQL Server Native Client 11.0][SQL Server]Invalid column name 'tahun'. : Addr: $008CE5F9
WebApp_BPKAD.exe: 00003C30: 13:13:05 [TUniServerModule]:Shutting Down Server.
WebApp_BPKAD.exe: 00003C30: 13:13:05 [TUniServerModule]:Stopping HTTP Server.
WebApp_BPKAD.exe: 00003C30: 13:13:06 [TUniServerModule]:HTTP Server Stopped.
WebApp_BPKAD.exe: 00003C30: 13:13:06 [TUniGUISessionManager]:Terminating Session manager.
WebApp_BPKAD.exe: 00003C30: 13:13:06 [TUniGUISessionManager]:Stopping Cache Eraser...
WebApp_BPKAD.exe: 00003C30: 13:13:06 [TUniGUISessionManager]:Cache Eraser Stopped.
WebApp_BPKAD.exe: 00003C30: 13:13:06 []:EAccessViolation : Access violation at address 00409A48 in module 'WebApp_BPKAD.exe'. Read of address FFFFFFFD : Addr: $00409A48
WebApp_BPKAD.exe: 00003C30: 13:13:06 [TUniGUISessionManager]:Destroying Worker Threads.
WebApp_BPKAD.exe: 00003C30: 13:13:06 [TUniGUISessionManager]:Session manager terminated.
WebApp_BPKAD.exe: 00003C30: 13:13:06 [TUniServerModule]:Server Shutdown Completed.
WebApp_BPKAD.exe: 00003C30: 13:13:06 []:<-------------------------------------------------------------->
WebApp_BPKAD.exe: 00003C30: 13:13:06 [Terminated]:Exit Code: 0
WebApp_BPKAD.exe: 000026C4: 13:14:41 []:>--------------------------------------------------------------<
WebApp_BPKAD.exe: 000026C4: 13:14:41 [TUniServerModule]:Server First Init.
WebApp_BPKAD.exe: 000026C4: 13:14:41 [TUniServerModule]:Starting HTTP Server on Port: 85...
WebApp_BPKAD.exe: 000026C4: 13:14:42 [TUniServerModule]:HTTP Server Started on Port: 85
WebApp_BPKAD.exe: 000015C4: 13:14:47 [127.0.0.1]:EUniSessionException : Invalid session or session Timeout. (Session not found: CyhDJK3utb109AAC914 ) : Addr: $00794C9A
WebApp_BPKAD.exe: 000015C4: 13:14:47 [127.0.0.1]:EUniSessionException : Invalid session or session Timeout. (Session not found: CyhDJK3utb109AAC914 ) : Addr: $00794C9A
WebApp_BPKAD.exe: 00003828: 13:16:16 [127.0.0.1]:EMSSQLNativeException : [FireDAC][Phys][ODBC][Microsoft][SQL Server Native Client 11.0][SQL Server]Invalid column name 'tahun'. : Addr: $008CE5F9
WebApp_BPKAD.exe: 000026C4: 13:21:49 [TUniServerModule]:Shutting Down Server.
WebApp_BPKAD.exe: 000026C4: 13:21:49 [TUniServerModule]:Stopping HTTP Server.
WebApp_BPKAD.exe: 000026C4: 13:21:50 [TUniServerModule]:HTTP Server Stopped.
WebApp_BPKAD.exe: 000026C4: 13:21:50 [TUniGUISessionManager]:Terminating Session manager.
WebApp_BPKAD.exe: 000026C4: 13:21:50 [TUniGUISessionManager]:Stopping Cache Eraser...
WebApp_BPKAD.exe: 000026C4: 13:21:50 [TUniGUISessionManager]:Cache Eraser Stopped.
WebApp_BPKAD.exe: 000026C4: 13:21:50 []:EAccessViolation : Access violation at address 00409A48 in module 'WebApp_BPKAD.exe'. Read of address FFFFFFFD : Addr: $00409A48
WebApp_BPKAD.exe: 000026C4: 13:21:50 [TUniGUISessionManager]:Destroying Worker Threads.
WebApp_BPKAD.exe: 000026C4: 13:21:50 [TUniGUISessionManager]:Session manager terminated.
WebApp_BPKAD.exe: 000026C4: 13:21:51 [TUniServerModule]:Server Shutdown Completed.
WebApp_BPKAD.exe: 000026C4: 13:21:51 []:<-------------------------------------------------------------->
WebApp_BPKAD.exe: 000026C4: 13:21:51 [Terminated]:Exit Code: 0
WebApp_BPKAD.exe: 00004550: 13:21:53 []:>--------------------------------------------------------------<
WebApp_BPKAD.exe: 00004550: 13:21:53 [TUniServerModule]:Server First Init.
WebApp_BPKAD.exe: 00004550: 13:21:53 [TUniServerModule]:Starting HTTP Server on Port: 85...
WebApp_BPKAD.exe: 00004550: 13:21:53 [TUniServerModule]:HTTP Server Started on Port: 85
WebApp_BPKAD.exe: 00002694: 13:23:09 [127.0.0.1]:EUniSessionException : Invalid session or session Timeout. (Session not found: jTRBm2UrzG109AACA7A ) : Addr: $00794C9A
WebApp_BPKAD.exe: 00002694: 13:23:09 [127.0.0.1]:EUniSessionException : Invalid session or session Timeout. (Session not found: jTRBm2UrzG109AACA7A ) : Addr: $00794C9A
WebApp_BPKAD.exe: 00002E10: 13:33:14 []:EAccessViolation : Access violation at address 00409A48 in module 'WebApp_BPKAD.exe'. Read of address FFFFFFFD : Addr: $00409A48
WebApp_BPKAD.exe: 00003A9C: 14:20:40 [127.0.0.1]:EUniSessionException : Invalid session or session Timeout. (Invalid URI: /srs6/serv/urn:verificationservices ) : Addr: $00794C9A
WebApp_BPKAD.exe: 00004550: 15:04:56 [TUniServerModule]:Shutting Down Server.
WebApp_BPKAD.exe: 00004550: 15:04:56 [TUniServerModule]:Stopping HTTP Server.
WebApp_BPKAD.exe: 00004550: 15:04:56 [TUniServerModule]:HTTP Server Stopped.
WebApp_BPKAD.exe: 00004550: 15:04:56 [TUniGUISessionManager]:Terminating Session manager.
WebApp_BPKAD.exe: 00004550: 15:04:56 [TUniGUISessionManager]:Stopping Cache Eraser...
WebApp_BPKAD.exe: 00004550: 15:04:56 [TUniGUISessionManager]:Cache Eraser Stopped.
WebApp_BPKAD.exe: 00004550: 15:04:56 [TUniGUISessionManager]:Destroying Worker Threads.
WebApp_BPKAD.exe: 00004550: 15:04:56 [TUniGUISessionManager]:Session manager terminated.
WebApp_BPKAD.exe: 00004550: 15:04:56 [TUniServerModule]:Server Shutdown Completed.
WebApp_BPKAD.exe: 00004550: 15:04:56 []:<-------------------------------------------------------------->
WebApp_BPKAD.exe: 00004550: 15:04:56 [Terminated]:Exit Code: 0
WebApp_BPKAD.exe: 00004260: 15:05:01 []:>--------------------------------------------------------------<
WebApp_BPKAD.exe: 00004260: 15:05:01 [TUniServerModule]:Server First Init.
WebApp_BPKAD.exe: 00004260: 15:05:01 [TUniServerModule]:Starting HTTP Server on Port: 85...
WebApp_BPKAD.exe: 00004260: 15:05:02 [TUniServerModule]:HTTP Server Started on Port: 85
WebApp_BPKAD.exe: 00002ACC: 15:09:06 []:EAccessViolation : Access violation at address 00409A48 in module 'WebApp_BPKAD.exe'. Read of address FFFFFFFD : Addr: $00409A48
WebApp_BPKAD.exe: 00000900: 15:09:26 [127.0.0.1]:EUniSessionException : Invalid session or session Timeout. (Session not found: EflsQtG4xG109AACCBF ) : Addr: $00794C9A
WebApp_BPKAD.exe: 00002ACC: 15:10:52 []:EAccessViolation : Access violation at address 5800409E in module 'WebApp_BPKAD.exe'. Read of address 5800409E : Addr: $5800409E
WebApp_BPKAD.exe: 00002ACC: 15:10:57 []:EInvalidPointer : Invalid pointer operation : Addr: $00409955
WebApp_BPKAD.exe: 00002ACC: 15:12:57 []:EInvalidPointer : Invalid pointer operation : Addr: $00409955
WebApp_BPKAD.exe: 00002ACC: 15:29:44 []:EInvalidPointer : Invalid pointer operation : Addr: $00409955
WebApp_BPKAD.exe: 00003D84: 15:31:55 [127.0.0.1]:EUniSessionException : Invalid session or session Timeout. (Session not found: O9YzbfX92A109AAEC45 ) : Addr: $00794C9A
WebApp_BPKAD.exe: 00003D84: 15:31:55 [127.0.0.1]:EUniSessionException : Invalid session or session Timeout. (Session not found: O9YzbfX92A109AAEC45 ) : Addr: $00794C9A
WebApp_BPKAD.exe: 00002ACC: 15:36:04 []:EInvalidPointer : Invalid pointer operation : Addr: $00409955
WebApp_BPKAD.exe: 00002ACC: 15:37:14 []:EAccessViolation : Access violation at address 5800409E in module 'WebApp_BPKAD.exe'. Read of address 5800409E : Addr: $5800409E
WebApp_BPKAD.exe: 00002ACC: 15:37:34 []:EInvalidPointer : Invalid pointer operation : Addr: $00409955
WebApp_BPKAD.exe: 00002ACC: 15:39:20 []:EAccessViolation : Access violation at address 5800409E in module 'WebApp_BPKAD.exe'. Read of address 5800409E : Addr: $5800409E
WebApp_BPKAD.exe: 00002610: 15:40:24 [127.0.0.1]:EMSSQLNativeException : [FireDAC][Phys][ODBC][Microsoft][SQL Server Native Client 11.0][SQL Server]Cannot insert the value NULL into column 'kode_skpd', table 'db_persediaan.dbo.data_pembelian'; column does not allow nulls. INSERT fails. : Addr: $008CE5F9
WebApp_BPKAD.exe: 00004260: 15:40:42 [TUniServerModule]:Shutting Down Server.
WebApp_BPKAD.exe: 00004260: 15:40:42 [TUniServerModule]:Stopping HTTP Server.
WebApp_BPKAD.exe: 00004260: 15:40:43 [TUniServerModule]:HTTP Server Stopped.
WebApp_BPKAD.exe: 00004260: 15:40:43 [TUniGUISessionManager]:Terminating Session manager.
WebApp_BPKAD.exe: 00004260: 15:40:43 [TUniGUISessionManager]:Stopping Cache Eraser...
WebApp_BPKAD.exe: 00004260: 15:40:43 [TUniGUISessionManager]:Cache Eraser Stopped.
WebApp_BPKAD.exe: 00004260: 15:40:43 []:EAccessViolation : Access violation at address 5800409E in module 'WebApp_BPKAD.exe'. Read of address 5800409E : Addr: $5800409E
WebApp_BPKAD.exe: 00004260: 15:40:43 []:EInvalidPointer : Invalid pointer operation : Addr: $00409955
WebApp_BPKAD.exe: 00004260: 15:40:43 [TUniGUISessionManager]:Destroying Worker Threads.
WebApp_BPKAD.exe: 00004260: 15:40:43 [TUniGUISessionManager]:Session manager terminated.
WebApp_BPKAD.exe: 00004260: 15:40:44 [TUniServerModule]:Server Shutdown Completed.
WebApp_BPKAD.exe: 00004260: 15:40:44 []:<-------------------------------------------------------------->
WebApp_BPKAD.exe: 00004260: 15:40:44 [Terminated]:Exit Code: 0
WebApp_BPKAD.exe: 000040AC: 15:45:37 []:>--------------------------------------------------------------<
WebApp_BPKAD.exe: 000040AC: 15:45:37 [TUniServerModule]:Server First Init.
WebApp_BPKAD.exe: 000040AC: 15:45:37 [TUniServerModule]:Starting HTTP Server on Port: 85...
WebApp_BPKAD.exe: 000040AC: 15:45:37 [TUniServerModule]:HTTP Server Started on Port: 85
WebApp_BPKAD.exe: 00003558: 15:46:00 [127.0.0.1]:EUniSessionException : Invalid session or session Timeout. (Session not found: lahYznCz22109AAF1C1 ) : Addr: $00794C9A
WebApp_BPKAD.exe: 00003558: 15:46:00 [127.0.0.1]:EUniSessionException : Invalid session or session Timeout. (Session not found: lahYznCz22109AAF1C1 ) : Addr: $00794C9A
WebApp_BPKAD.exe: 00000C8C: 15:46:56 [127.0.0.1]:EDatabaseError : Field 'sumber' must have a value : Addr: $006610AB
WebApp_BPKAD.exe: 00000C8C: 15:47:40 [127.0.0.1]:EDatabaseError : Field 'sumber' must have a value : Addr: $006610AB
WebApp_BPKAD.exe: 000040AC: 15:49:15 [TUniServerModule]:Shutting Down Server.
WebApp_BPKAD.exe: 000040AC: 15:49:15 [TUniServerModule]:Stopping HTTP Server.
WebApp_BPKAD.exe: 000040AC: 15:49:16 [TUniServerModule]:HTTP Server Stopped.
WebApp_BPKAD.exe: 000040AC: 15:49:16 [TUniGUISessionManager]:Terminating Session manager.
WebApp_BPKAD.exe: 000040AC: 15:49:16 [TUniGUISessionManager]:Stopping Cache Eraser...
WebApp_BPKAD.exe: 000040AC: 15:49:16 [TUniGUISessionManager]:Cache Eraser Stopped.
WebApp_BPKAD.exe: 000040AC: 15:49:16 []:EAccessViolation : Access violation at address 00409A48 in module 'WebApp_BPKAD.exe'. Read of address FFFFFFFD : Addr: $00409A48
WebApp_BPKAD.exe: 000040AC: 15:49:16 [TUniGUISessionManager]:Destroying Worker Threads.
WebApp_BPKAD.exe: 000040AC: 15:49:16 [TUniGUISessionManager]:Session manager terminated.
WebApp_BPKAD.exe: 000040AC: 15:49:16 [TUniServerModule]:Server Shutdown Completed.
WebApp_BPKAD.exe: 000040AC: 15:49:16 []:<-------------------------------------------------------------->
WebApp_BPKAD.exe: 000040AC: 15:49:16 [Terminated]:Exit Code: 0
WebApp_BPKAD.exe: 00002430: 15:49:51 []:>--------------------------------------------------------------<
WebApp_BPKAD.exe: 00002430: 15:49:51 [TUniServerModule]:Server First Init.
WebApp_BPKAD.exe: 00002430: 15:49:52 [TUniServerModule]:Starting HTTP Server on Port: 85...
WebApp_BPKAD.exe: 00002430: 15:49:52 [TUniServerModule]:HTTP Server Started on Port: 85
WebApp_BPKAD.exe: 00003764: 15:49:55 [127.0.0.1]:EUniSessionException : Invalid session or session Timeout. (Session not found: 8B7L3Et1oQ109AAF37F ) : Addr: $00794C9A
WebApp_BPKAD.exe: 00003764: 15:49:55 [127.0.0.1]:EUniSessionException : Invalid session or session Timeout. (Session not found: 8B7L3Et1oQ109AAF37F ) : Addr: $00794C9A
WebApp_BPKAD.exe: 00002430: 16:07:51 [TUniServerModule]:Shutting Down Server.
WebApp_BPKAD.exe: 00002430: 16:07:51 [TUniServerModule]:Stopping HTTP Server.
WebApp_BPKAD.exe: 00002430: 16:07:52 [TUniServerModule]:HTTP Server Stopped.
WebApp_BPKAD.exe: 00002430: 16:07:52 [TUniGUISessionManager]:Terminating Session manager.
WebApp_BPKAD.exe: 00002430: 16:07:52 [TUniGUISessionManager]:Stopping Cache Eraser...
WebApp_BPKAD.exe: 00002430: 16:07:52 [TUniGUISessionManager]:Cache Eraser Stopped.
WebApp_BPKAD.exe: 00002430: 16:07:52 []:EAccessViolation : Access violation at address 00409A48 in module 'WebApp_BPKAD.exe'. Read of address FFFFFFFD : Addr: $00409A48
WebApp_BPKAD.exe: 00002430: 16:07:52 [TUniGUISessionManager]:Destroying Worker Threads.
WebApp_BPKAD.exe: 00002430: 16:07:52 [TUniGUISessionManager]:Session manager terminated.
WebApp_BPKAD.exe: 00002430: 16:07:52 [TUniServerModule]:Server Shutdown Completed.
WebApp_BPKAD.exe: 00002430: 16:07:52 []:<-------------------------------------------------------------->
WebApp_BPKAD.exe: 00002430: 16:07:52 [Terminated]:Exit Code: 0
WebApp_BPKAD.exe: 00000FA8: 17:27:31 []:>--------------------------------------------------------------<
WebApp_BPKAD.exe: 00000FA8: 17:27:31 [TUniServerModule]:Server First Init.
WebApp_BPKAD.exe: 00000FA8: 17:27:31 [TUniServerModule]:Starting HTTP Server on Port: 85...
WebApp_BPKAD.exe: 00000FA8: 17:27:31 [TUniServerModule]:HTTP Server Started on Port: 85
WebApp_BPKAD.exe: 00004960: 17:27:31 [127.0.0.1]:EUniSessionException : Invalid session or session Timeout. (Session not found: VRmFayWhcj109AAF48F ) : Addr: $00794C9A
WebApp_BPKAD.exe: 00004960: 17:27:31 [127.0.0.1]:EUniSessionException : Invalid session or session Timeout. (Session not found: VRmFayWhcj109AAF48F ) : Addr: $00794C9A
WebApp_BPKAD.exe: 00004960: 17:27:32 [127.0.0.1]:EUniSessionException : Invalid session or session Timeout. (Session not found: VRmFayWhcj109AAF48F ) : Addr: $00794C9A
WebApp_BPKAD.exe: 00003F44: 17:27:47 [127.0.0.1]:EFDException : [FireDAC][DatS]-2. Object [nama_kel] is not found : Addr: $007E7160
WebApp_BPKAD.exe: 00000FA8: 17:31:33 [TUniServerModule]:Shutting Down Server.
WebApp_BPKAD.exe: 00000FA8: 17:31:33 [TUniServerModule]:Stopping HTTP Server.
WebApp_BPKAD.exe: 00000FA8: 17:31:34 [TUniServerModule]:HTTP Server Stopped.
WebApp_BPKAD.exe: 00000FA8: 17:31:34 [TUniGUISessionManager]:Terminating Session manager.
WebApp_BPKAD.exe: 00000FA8: 17:31:34 [TUniGUISessionManager]:Stopping Cache Eraser...
WebApp_BPKAD.exe: 00000FA8: 17:31:35 [TUniGUISessionManager]:Cache Eraser Stopped.
WebApp_BPKAD.exe: 00000FA8: 17:31:35 []:EAccessViolation : Access violation at address 00409A48 in module 'WebApp_BPKAD.exe'. Read of address FFFFFFFD : Addr: $00409A48
WebApp_BPKAD.exe: 00000FA8: 17:31:35 [TUniGUISessionManager]:Destroying Worker Threads.
WebApp_BPKAD.exe: 00000FA8: 17:31:35 [TUniGUISessionManager]:Session manager terminated.
WebApp_BPKAD.exe: 00000FA8: 17:31:35 [TUniServerModule]:Server Shutdown Completed.
WebApp_BPKAD.exe: 00000FA8: 17:31:35 []:<-------------------------------------------------------------->
WebApp_BPKAD.exe: 00000FA8: 17:31:35 [Terminated]:Exit Code: 0
WebApp_BPKAD.exe: 00002FC0: 18:00:49 []:>--------------------------------------------------------------<
WebApp_BPKAD.exe: 00002FC0: 18:00:49 [TUniServerModule]:Server First Init.
WebApp_BPKAD.exe: 00002FC0: 18:00:49 [TUniServerModule]:Starting HTTP Server on Port: 85...
WebApp_BPKAD.exe: 00002FC0: 18:00:49 [TUniServerModule]:HTTP Server Started on Port: 85
WebApp_BPKAD.exe: 00002FC0: 18:03:56 [TUniServerModule]:Shutting Down Server.
WebApp_BPKAD.exe: 00002FC0: 18:03:56 [TUniServerModule]:Stopping HTTP Server.
WebApp_BPKAD.exe: 00002FC0: 18:03:56 [TUniServerModule]:HTTP Server Stopped.
WebApp_BPKAD.exe: 00002FC0: 18:03:56 [TUniGUISessionManager]:Terminating Session manager.
WebApp_BPKAD.exe: 00002FC0: 18:03:56 [TUniGUISessionManager]:Stopping Cache Eraser...
WebApp_BPKAD.exe: 00002FC0: 18:03:56 [TUniGUISessionManager]:Cache Eraser Stopped.
WebApp_BPKAD.exe: 00002FC0: 18:03:56 [TUniGUISessionManager]:Destroying Worker Threads.
WebApp_BPKAD.exe: 00002FC0: 18:03:56 [TUniGUISessionManager]:Session manager terminated.
WebApp_BPKAD.exe: 00002FC0: 18:03:56 [TUniServerModule]:Server Shutdown Completed.
WebApp_BPKAD.exe: 00002FC0: 18:03:56 []:<-------------------------------------------------------------->
WebApp_BPKAD.exe: 00002FC0: 18:03:56 [Terminated]:Exit Code: 0
WebApp_BPKAD.exe: 00001440: 18:04:05 []:>--------------------------------------------------------------<
WebApp_BPKAD.exe: 00001440: 18:04:05 [TUniServerModule]:Server First Init.
WebApp_BPKAD.exe: 00001440: 18:04:05 [TUniServerModule]:Starting HTTP Server on Port: 85...
WebApp_BPKAD.exe: 00001440: 18:04:06 [TUniServerModule]:HTTP Server Started on Port: 85
WebApp_BPKAD.exe: 00001440: 18:04:07 [TUniServerModule]:Shutting Down Server.
WebApp_BPKAD.exe: 00001440: 18:04:07 [TUniServerModule]:Stopping HTTP Server.
WebApp_BPKAD.exe: 00001440: 18:04:08 [TUniServerModule]:HTTP Server Stopped.
WebApp_BPKAD.exe: 00001440: 18:04:08 [TUniGUISessionManager]:Terminating Session manager.
WebApp_BPKAD.exe: 00001440: 18:04:08 [TUniGUISessionManager]:Stopping Cache Eraser...
WebApp_BPKAD.exe: 00001440: 18:04:08 [TUniGUISessionManager]:Cache Eraser Stopped.
WebApp_BPKAD.exe: 00001440: 18:04:08 [TUniGUISessionManager]:Destroying Worker Threads.
WebApp_BPKAD.exe: 00001440: 18:04:08 [TUniGUISessionManager]:Session manager terminated.
WebApp_BPKAD.exe: 00001440: 18:04:08 [TUniServerModule]:Server Shutdown Completed.
WebApp_BPKAD.exe: 00001440: 18:04:08 []:<-------------------------------------------------------------->
WebApp_BPKAD.exe: 00001440: 18:04:08 [Terminated]:Exit Code: 0
WebApp_BPKAD.exe: 00001D28: 18:04:36 []:>--------------------------------------------------------------<
WebApp_BPKAD.exe: 00001D28: 18:04:36 [TUniServerModule]:Server First Init.
WebApp_BPKAD.exe: 00001D28: 18:04:36 [TUniServerModule]:Starting HTTP Server on Port: 85...
WebApp_BPKAD.exe: 00001D28: 18:04:37 [TUniServerModule]:HTTP Server Started on Port: 85
WebApp_BPKAD.exe: 00001D28: 18:04:38 [TUniServerModule]:Shutting Down Server.
WebApp_BPKAD.exe: 00001D28: 18:04:38 [TUniServerModule]:Stopping HTTP Server.
WebApp_BPKAD.exe: 00001D28: 18:04:39 [TUniServerModule]:HTTP Server Stopped.
WebApp_BPKAD.exe: 00001D28: 18:04:39 [TUniGUISessionManager]:Terminating Session manager.
WebApp_BPKAD.exe: 00001D28: 18:04:39 [TUniGUISessionManager]:Stopping Cache Eraser...
WebApp_BPKAD.exe: 00001D28: 18:04:39 [TUniGUISessionManager]:Cache Eraser Stopped.
WebApp_BPKAD.exe: 00001D28: 18:04:39 [TUniGUISessionManager]:Destroying Worker Threads.
WebApp_BPKAD.exe: 00001D28: 18:04:39 [TUniGUISessionManager]:Session manager terminated.
WebApp_BPKAD.exe: 00001D28: 18:04:39 [TUniServerModule]:Server Shutdown Completed.
WebApp_BPKAD.exe: 00001D28: 18:04:39 []:<-------------------------------------------------------------->
WebApp_BPKAD.exe: 00001D28: 18:04:39 [Terminated]:Exit Code: 0
WebApp_BPKAD.exe: 00002AF0: 20:00:13 []:>--------------------------------------------------------------<
WebApp_BPKAD.exe: 00002AF0: 20:00:14 [TUniServerModule]:Server First Init.
WebApp_BPKAD.exe: 00002AF0: 20:00:14 [TUniServerModule]:Starting HTTP Server on Port: 85...
WebApp_BPKAD.exe: 00002AF0: 20:00:14 [TUniServerModule]:HTTP Server Started on Port: 85
WebApp_BPKAD.exe: 000032C8: 20:03:41 [HandleFileRequest[127.0.0.1]]:File not found: D:\OneDrive\PROJECTS\BPKAD HST\WebApp_BPKAD\favicon.ico
WebApp_BPKAD.exe: 00001918: 20:03:44 [qProfile: Field 'Nama_PengurusBarang' not found-127.0.0.1]:EDatabaseError : qProfile: Field 'Nama_PengurusBarang' not found : Addr: $00661096
WebApp_BPKAD.exe: 00001078: 20:04:13 []:EAccessViolation : Access violation at address 00409A48 in module 'WebApp_BPKAD.exe'. Read of address FFFFFFFD : Addr: $00409A48
WebApp_BPKAD.exe: 00001078: 20:14:04 []:EAccessViolation : Access violation at address 5800409E in module 'WebApp_BPKAD.exe'. Read of address 5800409E : Addr: $5800409E
WebApp_BPKAD.exe: 000014B0: 20:17:26 [127.0.0.1]:EUniSessionException : Invalid session or session Timeout. (Session not found: jIB9qFGhyo109AB3964 ) : Addr: $00794C9A
WebApp_BPKAD.exe: 000014B0: 20:17:26 [127.0.0.1]:EUniSessionException : Invalid session or session Timeout. (Session not found: jIB9qFGhyo109AB3964 ) : Addr: $00794C9A
WebApp_BPKAD.exe: 00001078: 20:31:46 []:EAccessViolation : Access violation at address 5800409E in module 'WebApp_BPKAD.exe'. Read of address 5800409E : Addr: $5800409E
WebApp_BPKAD.exe: 00001EB0: 20:34:15 [127.0.0.1]:EUniSessionException : Invalid session or session Timeout. (Invalid URI: /srs6/serv/urn:publicsanctservices ) : Addr: $00794C9A
WebApp_BPKAD.exe: 00002624: 21:34:16 [127.0.0.1]:EUniSessionException : Invalid session or session Timeout. (Invalid URI: /srs6/serv/urn:verificationservices ) : Addr: $00794C9A
WebApp_BPKAD.exe: 000024F8: 22:11:54 [127.0.0.1]:EUniSessionException : Invalid session or session Timeout. (Session not found: 9V5PkZ3vaK109AB3D21 ) : Addr: $00794C9A
WebApp_BPKAD.exe: 000024F8: 22:11:54 [127.0.0.1]:EUniSessionException : Invalid session or session Timeout. (Session not found: 9V5PkZ3vaK109AB3D21 ) : Addr: $00794C9A
WebApp_BPKAD.exe: 00001078: 22:22:21 []:EAccessViolation : Access violation at address 5800409E in module 'WebApp_BPKAD.exe'. Read of address 5800409E : Addr: $5800409E
WebApp_BPKAD.exe: 00002AF0: 23:08:04 [TUniServerModule]:Shutting Down Server.
WebApp_BPKAD.exe: 00002AF0: 23:08:04 [TUniServerModule]:Stopping HTTP Server.
WebApp_BPKAD.exe: 00002AF0: 23:08:05 [TUniServerModule]:HTTP Server Stopped.
WebApp_BPKAD.exe: 00002AF0: 23:08:05 [TUniGUISessionManager]:Terminating Session manager.
WebApp_BPKAD.exe: 00002AF0: 23:08:05 [TUniGUISessionManager]:Stopping Cache Eraser...
WebApp_BPKAD.exe: 00002AF0: 23:08:05 [TUniGUISessionManager]:Cache Eraser Stopped.
WebApp_BPKAD.exe: 00002AF0: 23:08:05 [TUniGUISessionManager]:Destroying Worker Threads.
WebApp_BPKAD.exe: 00002AF0: 23:08:05 [TUniGUISessionManager]:Session manager terminated.
WebApp_BPKAD.exe: 00002AF0: 23:08:05 [TUniServerModule]:Server Shutdown Completed.
WebApp_BPKAD.exe: 00002AF0: 23:08:05 []:<-------------------------------------------------------------->
WebApp_BPKAD.exe: 00002AF0: 23:08:05 [Terminated]:Exit Code: 0
WebApp_BPKAD.exe: 000021C0: 23:08:07 []:>--------------------------------------------------------------<
WebApp_BPKAD.exe: 000021C0: 23:08:07 [TUniServerModule]:Server First Init.
WebApp_BPKAD.exe: 000021C0: 23:08:07 [TUniServerModule]:Starting HTTP Server on Port: 85...
WebApp_BPKAD.exe: 000021C0: 23:08:07 [TUniServerModule]:HTTP Server Started on Port: 85
WebApp_BPKAD.exe: 00002314: 23:08:18 [127.0.0.1]:EUniSessionException : Invalid session or session Timeout. (Session not found: ENwh8iav6P109AB5C2D ) : Addr: $00794C9A
WebApp_BPKAD.exe: 00002314: 23:08:18 [127.0.0.1]:EUniSessionException : Invalid session or session Timeout. (Session not found: ENwh8iav6P109AB5C2D ) : Addr: $00794C9A
WebApp_BPKAD.exe: 000021C0: 23:16:07 [TUniServerModule]:Shutting Down Server.
WebApp_BPKAD.exe: 000021C0: 23:16:07 [TUniServerModule]:Stopping HTTP Server.
WebApp_BPKAD.exe: 000021C0: 23:16:08 [TUniServerModule]:HTTP Server Stopped.
WebApp_BPKAD.exe: 000021C0: 23:16:08 [TUniGUISessionManager]:Terminating Session manager.
WebApp_BPKAD.exe: 000021C0: 23:16:08 [TUniGUISessionManager]:Stopping Cache Eraser...
WebApp_BPKAD.exe: 000021C0: 23:16:08 [TUniGUISessionManager]:Cache Eraser Stopped.
WebApp_BPKAD.exe: 000021C0: 23:16:08 []:EAccessViolation : Access violation at address 00409A48 in module 'WebApp_BPKAD.exe'. Read of address FFFFFFFD : Addr: $00409A48
WebApp_BPKAD.exe: 000021C0: 23:16:08 [TUniGUISessionManager]:Destroying Worker Threads.
WebApp_BPKAD.exe: 000021C0: 23:16:08 [TUniGUISessionManager]:Session manager terminated.
WebApp_BPKAD.exe: 000021C0: 23:16:08 [TUniServerModule]:Server Shutdown Completed.
WebApp_BPKAD.exe: 000021C0: 23:16:08 []:<-------------------------------------------------------------->
WebApp_BPKAD.exe: 000021C0: 23:16:08 [Terminated]:Exit Code: 0
WebApp_BPKAD.exe: 00003A68: 23:16:09 []:>--------------------------------------------------------------<
WebApp_BPKAD.exe: 00003A68: 23:16:09 [TUniServerModule]:Server First Init.
WebApp_BPKAD.exe: 00003A68: 23:16:09 [TUniServerModule]:Starting HTTP Server on Port: 85...
WebApp_BPKAD.exe: 00003A68: 23:16:09 [TUniServerModule]:HTTP Server Started on Port: 85
WebApp_BPKAD.exe: 00003D84: 23:16:12 [127.0.0.1]:EUniSessionException : Invalid session or session Timeout. (Session not found: QfmREqSjqE109AB6B7A ) : Addr: $00794C9A
WebApp_BPKAD.exe: 00003D84: 23:16:12 [127.0.0.1]:EUniSessionException : Invalid session or session Timeout. (Session not found: QfmREqSjqE109AB6B7A ) : Addr: $00794C9A
WebApp_BPKAD.exe: 00003A68: 23:25:38 [TUniServerModule]:Shutting Down Server.
WebApp_BPKAD.exe: 00003A68: 23:25:38 [TUniServerModule]:Stopping HTTP Server.
WebApp_BPKAD.exe: 00003A68: 23:25:39 [TUniServerModule]:HTTP Server Stopped.
WebApp_BPKAD.exe: 00003A68: 23:25:39 [TUniGUISessionManager]:Terminating Session manager.
WebApp_BPKAD.exe: 00003A68: 23:25:39 [TUniGUISessionManager]:Stopping Cache Eraser...
WebApp_BPKAD.exe: 00003A68: 23:25:39 [TUniGUISessionManager]:Cache Eraser Stopped.
WebApp_BPKAD.exe: 00003A68: 23:25:39 []:EAccessViolation : Access violation at address 00409A48 in module 'WebApp_BPKAD.exe'. Read of address FFFFFFFD : Addr: $00409A48
WebApp_BPKAD.exe: 00003A68: 23:25:39 [TUniGUISessionManager]:Destroying Worker Threads.
WebApp_BPKAD.exe: 00003A68: 23:25:39 [TUniGUISessionManager]:Session manager terminated.
WebApp_BPKAD.exe: 00003A68: 23:25:39 [TUniServerModule]:Server Shutdown Completed.
WebApp_BPKAD.exe: 00003A68: 23:25:39 []:<-------------------------------------------------------------->
WebApp_BPKAD.exe: 00003A68: 23:25:39 [Terminated]:Exit Code: 0
WebApp_BPKAD.exe: 00003AEC: 23:25:40 []:>--------------------------------------------------------------<
WebApp_BPKAD.exe: 00003AEC: 23:25:40 [TUniServerModule]:Server First Init.
WebApp_BPKAD.exe: 00003AEC: 23:25:40 [TUniServerModule]:Starting HTTP Server on Port: 85...
WebApp_BPKAD.exe: 00003AEC: 23:25:40 [TUniServerModule]:HTTP Server Started on Port: 85
WebApp_BPKAD.exe: 00000620: 23:25:43 [127.0.0.1]:EUniSessionException : Invalid session or session Timeout. (Session not found: sEZuPksOvU109AB6D9F ) : Addr: $00794C9A
WebApp_BPKAD.exe: 00000620: 23:25:43 [127.0.0.1]:EUniSessionException : Invalid session or session Timeout. (Session not found: sEZuPksOvU109AB6D9F ) : Addr: $00794C9A
WebApp_BPKAD.exe: 00002B44: 23:34:16 [127.0.0.1]:EUniSessionException : Invalid session or session Timeout. (Invalid URI: /srs6/serv/urn:verificationservices ) : Addr: $00794C9A
WebApp_BPKAD.exe: 00002AF0: 23:41:16 []:EAccessViolation : Access violation at address 00409A48 in module 'WebApp_BPKAD.exe'. Read of address FFFFFFFD : Addr: $00409A48
