WebApp_BPKAD.exe: 00003414: 08:41:34 []:>--------------------------------------------------------------<
WebApp_BPKAD.exe: 00003414: 08:41:34 [TUniServerModule]:Server First Init.
WebApp_BPKAD.exe: 00003414: 08:41:34 [TUniServerModule]:Starting HTTP Server on Port: 80...
WebApp_BPKAD.exe: 00003414: 08:41:34 [InitWebServer]:EIdOSSLCouldNotLoadSSLLibrary : Could not load SSL library. : Addr: $0077B2E3
WebApp_BPKAD.exe: 00003414: 08:43:59 [TUniServerModule]:Shutting Down Server.
WebApp_BPKAD.exe: 00003414: 08:43:59 [TUniServerModule]:Stopping HTTP Server.
WebApp_BPKAD.exe: 00003414: 08:44:00 [TUniServerModule]:HTTP Server Stopped.
WebApp_BPKAD.exe: 00003414: 08:44:00 [TUniGUISessionManager]:Terminating Session manager.
WebApp_BPKAD.exe: 00003414: 08:44:00 [TUniGUISessionManager]:Stopping Cache Eraser...
WebApp_BPKAD.exe: 00003414: 08:44:00 [TUniGUISessionManager]:Cache Eraser Stopped.
WebApp_BPKAD.exe: 00003414: 08:44:00 [TUniGUISessionManager]:Destroying Worker Threads.
WebApp_BPKAD.exe: 00003414: 08:44:00 [TUniGUISessionManager]:Session manager terminated.
WebApp_BPKAD.exe: 00003414: 08:44:00 [TUniServerModule]:Server Shutdown Completed.
WebApp_BPKAD.exe: 00003414: 08:44:00 []:<-------------------------------------------------------------->
WebApp_BPKAD.exe: 00003414: 08:44:00 [Terminated]:Exit Code: 0
WebApp_BPKAD.exe: 00002D74: 08:44:13 []:>--------------------------------------------------------------<
WebApp_BPKAD.exe: 00002D74: 08:44:13 [TUniServerModule]:Server First Init.
WebApp_BPKAD.exe: 00002D74: 08:44:13 [TUniServerModule]:Starting HTTP Server on Port: 80...
WebApp_BPKAD.exe: 00002D74: 08:44:13 [TUniServerModule]:HTTP Server Started on Port: 80
WebApp_BPKAD.exe: 00000D64: 08:44:25 [Indy]:EIdOSSLUnderlyingCryptoError : Error accepting connection with SSL.
error:14094416:SSL routines:ssl3_read_bytes:sslv3 alert certificate unknown : Addr: $007680CF
WebApp_BPKAD.exe: 00001634: 08:44:25 [Indy]:EIdOSSLUnderlyingCryptoError : Error accepting connection with SSL.
error:14094416:SSL routines:ssl3_read_bytes:sslv3 alert certificate unknown : Addr: $007680CF
WebApp_BPKAD.exe: 00001774: 08:44:26 [Indy]:EIdOSSLUnderlyingCryptoError : Error accepting connection with SSL.
error:14094416:SSL routines:ssl3_read_bytes:sslv3 alert certificate unknown : Addr: $007680CF
WebApp_BPKAD.exe: 000005F0: 08:44:57 [Indy]:EIdOSSLUnderlyingCryptoError : Error accepting connection with SSL.
error:14094416:SSL routines:ssl3_read_bytes:sslv3 alert certificate unknown : Addr: $007680CF
WebApp_BPKAD.exe: 000037AC: 08:44:57 [Indy]:EIdOSSLUnderlyingCryptoError : Error accepting connection with SSL.
error:14094416:SSL routines:ssl3_read_bytes:sslv3 alert certificate unknown : Addr: $007680CF
WebApp_BPKAD.exe: 00003B20: 08:44:57 [Indy]:EIdOSSLUnderlyingCryptoError : Error accepting connection with SSL.
error:14094416:SSL routines:ssl3_read_bytes:sslv3 alert certificate unknown : Addr: $007680CF
WebApp_BPKAD.exe: 00002A5C: 08:44:58 [Indy]:EIdOSSLUnderlyingCryptoError : Error accepting connection with SSL.
error:14094416:SSL routines:ssl3_read_bytes:sslv3 alert certificate unknown : Addr: $007680CF
WebApp_BPKAD.exe: 00002580: 08:44:58 [Indy]:EIdOSSLUnderlyingCryptoError : Error accepting connection with SSL.
error:14094416:SSL routines:ssl3_read_bytes:sslv3 alert certificate unknown : Addr: $007680CF
WebApp_BPKAD.exe: 00001378: 08:44:58 [Indy]:EIdOSSLUnderlyingCryptoError : Error accepting connection with SSL.
error:14094416:SSL routines:ssl3_read_bytes:sslv3 alert certificate unknown : Addr: $007680CF
WebApp_BPKAD.exe: 00000180: 08:44:58 [Indy]:EIdOSSLUnderlyingCryptoError : Error accepting connection with SSL.
error:14094416:SSL routines:ssl3_read_bytes:sslv3 alert certificate unknown : Addr: $007680CF
WebApp_BPKAD.exe: 000019D8: 08:45:00 [HandleFileRequest[127.0.0.1]]:File not found: D:\OneDrive\PROJECTS\BPKAD HST\WebApp_BPKAD\files\images\8.jpg
WebApp_BPKAD.exe: 00002D74: 08:49:46 [TUniServerModule]:Shutting Down Server.
WebApp_BPKAD.exe: 00002D74: 08:49:46 [TUniServerModule]:Stopping HTTP Server.
WebApp_BPKAD.exe: 00002D74: 08:49:47 [TUniServerModule]:HTTP Server Stopped.
WebApp_BPKAD.exe: 00002D74: 08:49:47 [TUniGUISessionManager]:Terminating Session manager.
WebApp_BPKAD.exe: 00002D74: 08:49:47 [TUniGUISessionManager]:Stopping Cache Eraser...
WebApp_BPKAD.exe: 00002D74: 08:49:47 [TUniGUISessionManager]:Cache Eraser Stopped.
WebApp_BPKAD.exe: 00002D74: 08:49:47 [TUniGUISessionManager]:Destroying Worker Threads.
WebApp_BPKAD.exe: 00002D74: 08:49:47 [TUniGUISessionManager]:Session manager terminated.
WebApp_BPKAD.exe: 00002D74: 08:49:47 [TUniServerModule]:Server Shutdown Completed.
WebApp_BPKAD.exe: 00002D74: 08:49:47 []:<-------------------------------------------------------------->
WebApp_BPKAD.exe: 00002D74: 08:49:47 [Terminated]:Exit Code: 0
WebApp_BPKAD.exe: 00003A74: 09:36:42 []:>--------------------------------------------------------------<
WebApp_BPKAD.exe: 00003A74: 09:36:42 [TUniServerModule]:Server First Init.
WebApp_BPKAD.exe: 00003A74: 09:36:42 [TUniServerModule]:Starting HTTP Server on Port: 80...
WebApp_BPKAD.exe: 00003A74: 09:36:42 [InitWebServer]:EIdOSSLCouldNotLoadSSLLibrary : Could not load SSL library. : Addr: $0077B2E3
WebApp_BPKAD.exe: 00003A74: 09:36:46 [TUniServerModule]:Shutting Down Server.
WebApp_BPKAD.exe: 00003A74: 09:36:46 [TUniServerModule]:Stopping HTTP Server.
WebApp_BPKAD.exe: 00003A74: 09:36:47 [TUniServerModule]:HTTP Server Stopped.
WebApp_BPKAD.exe: 00003A74: 09:36:47 [TUniGUISessionManager]:Terminating Session manager.
WebApp_BPKAD.exe: 00003A74: 09:36:47 [TUniGUISessionManager]:Stopping Cache Eraser...
WebApp_BPKAD.exe: 00003A74: 09:36:47 [TUniGUISessionManager]:Cache Eraser Stopped.
WebApp_BPKAD.exe: 00003A74: 09:36:47 [TUniGUISessionManager]:Destroying Worker Threads.
WebApp_BPKAD.exe: 00003A74: 09:36:47 [TUniGUISessionManager]:Session manager terminated.
WebApp_BPKAD.exe: 00003A74: 09:36:47 [TUniServerModule]:Server Shutdown Completed.
WebApp_BPKAD.exe: 00003A74: 09:36:47 []:<-------------------------------------------------------------->
WebApp_BPKAD.exe: 00003A74: 09:36:47 [Terminated]:Exit Code: 0
WebApp_BPKAD.exe: 00001D10: 09:37:19 []:>--------------------------------------------------------------<
WebApp_BPKAD.exe: 00001D10: 09:37:19 [TUniServerModule]:Server First Init.
WebApp_BPKAD.exe: 00001D10: 09:37:19 [TUniServerModule]:Starting HTTP Server on Port: 80...
WebApp_BPKAD.exe: 00001D10: 09:37:19 [TUniServerModule]:HTTP Server Started on Port: 80
WebApp_BPKAD.exe: 00001D10: 09:37:27 [TUniServerModule]:Shutting Down Server.
WebApp_BPKAD.exe: 00001D10: 09:37:27 [TUniServerModule]:Stopping HTTP Server.
WebApp_BPKAD.exe: 00001D10: 09:37:28 [TUniServerModule]:HTTP Server Stopped.
WebApp_BPKAD.exe: 00001D10: 09:37:28 [TUniGUISessionManager]:Terminating Session manager.
WebApp_BPKAD.exe: 00001D10: 09:37:28 [TUniGUISessionManager]:Stopping Cache Eraser...
WebApp_BPKAD.exe: 00001D10: 09:37:28 [TUniGUISessionManager]:Cache Eraser Stopped.
WebApp_BPKAD.exe: 00001D10: 09:37:28 [TUniGUISessionManager]:Destroying Worker Threads.
WebApp_BPKAD.exe: 00001D10: 09:37:28 [TUniGUISessionManager]:Session manager terminated.
WebApp_BPKAD.exe: 00001D10: 09:37:28 [TUniServerModule]:Server Shutdown Completed.
WebApp_BPKAD.exe: 00001D10: 09:37:28 []:<-------------------------------------------------------------->
WebApp_BPKAD.exe: 00001D10: 09:37:28 [Terminated]:Exit Code: 0
WebApp_BPKAD.exe: 00000844: 10:05:02 []:>--------------------------------------------------------------<
WebApp_BPKAD.exe: 00000844: 10:05:02 [TUniServerModule]:Server First Init.
WebApp_BPKAD.exe: 00000844: 10:05:02 [TUniServerModule]:Starting HTTP Server on Port: 80...
WebApp_BPKAD.exe: 00000844: 10:05:03 [TUniServerModule]:HTTP Server Started on Port: 80
WebApp_BPKAD.exe: 00000844: 10:05:05 [TUniServerModule]:Shutting Down Server.
WebApp_BPKAD.exe: 00000844: 10:05:05 [TUniServerModule]:Stopping HTTP Server.
WebApp_BPKAD.exe: 00000844: 10:05:05 [TUniServerModule]:HTTP Server Stopped.
WebApp_BPKAD.exe: 00000844: 10:05:05 [TUniGUISessionManager]:Terminating Session manager.
WebApp_BPKAD.exe: 00000844: 10:05:05 [TUniGUISessionManager]:Stopping Cache Eraser...
WebApp_BPKAD.exe: 00000844: 10:05:05 [TUniGUISessionManager]:Cache Eraser Stopped.
WebApp_BPKAD.exe: 00000844: 10:05:05 [TUniGUISessionManager]:Destroying Worker Threads.
WebApp_BPKAD.exe: 00000844: 10:05:05 [TUniGUISessionManager]:Session manager terminated.
WebApp_BPKAD.exe: 00000844: 10:05:06 [TUniServerModule]:Server Shutdown Completed.
WebApp_BPKAD.exe: 00000844: 10:05:06 []:<-------------------------------------------------------------->
WebApp_BPKAD.exe: 00000844: 10:05:06 [Terminated]:Exit Code: 0
WebApp_BPKAD.exe: 00001A18: 10:23:24 []:>--------------------------------------------------------------<
WebApp_BPKAD.exe: 00001A18: 10:23:24 [TUniServerModule]:Server First Init.
WebApp_BPKAD.exe: 00001A18: 10:23:24 [TUniServerModule]:Starting HTTP Server on Port: 80...
WebApp_BPKAD.exe: 00001A18: 10:23:24 [TUniServerModule]:HTTP Server Started on Port: 80
WebApp_BPKAD.exe: 00001A18: 10:23:26 [TUniServerModule]:Shutting Down Server.
WebApp_BPKAD.exe: 00001A18: 10:23:26 [TUniServerModule]:Stopping HTTP Server.
WebApp_BPKAD.exe: 00001A18: 10:23:26 [TUniServerModule]:HTTP Server Stopped.
WebApp_BPKAD.exe: 00001A18: 10:23:26 [TUniGUISessionManager]:Terminating Session manager.
WebApp_BPKAD.exe: 00001A18: 10:23:26 [TUniGUISessionManager]:Stopping Cache Eraser...
WebApp_BPKAD.exe: 00001A18: 10:23:27 [TUniGUISessionManager]:Cache Eraser Stopped.
WebApp_BPKAD.exe: 00001A18: 10:23:27 [TUniGUISessionManager]:Destroying Worker Threads.
WebApp_BPKAD.exe: 00001A18: 10:23:27 [TUniGUISessionManager]:Session manager terminated.
WebApp_BPKAD.exe: 00001A18: 10:23:27 [TUniServerModule]:Server Shutdown Completed.
WebApp_BPKAD.exe: 00001A18: 10:23:27 []:<-------------------------------------------------------------->
WebApp_BPKAD.exe: 00001A18: 10:23:27 [Terminated]:Exit Code: 0
WebApp_BPKAD.exe: 000015D8: 10:25:31 []:>--------------------------------------------------------------<
WebApp_BPKAD.exe: 000015D8: 10:25:31 [TUniServerModule]:Server First Init.
WebApp_BPKAD.exe: 000015D8: 10:25:31 [TUniServerModule]:Starting HTTP Server on Port: 80...
WebApp_BPKAD.exe: 000015D8: 10:25:31 [TUniServerModule]:HTTP Server Started on Port: 80
WebApp_BPKAD.exe: 00003160: 10:25:39 [HandleFileRequest[127.0.0.1]]:File not found: D:\OneDrive\PROJECTS\BPKAD HST\WebApp_BPKAD\files\images\8.jpg
WebApp_BPKAD.exe: 00000EB8: 10:25:52 [HandleFileRequest[127.0.0.1]]:File not found: D:\OneDrive\PROJECTS\BPKAD HST\WebApp_BPKAD\files\images\8.jpg
WebApp_BPKAD.exe: 000028F8: 10:25:57 [Indy]:EIdOSSLUnderlyingCryptoError : Error accepting connection with SSL.
error:14094416:SSL routines:ssl3_read_bytes:sslv3 alert certificate unknown : Addr: $007680CF
WebApp_BPKAD.exe: 00003A94: 10:25:57 [Indy]:EIdOSSLUnderlyingCryptoError : Error accepting connection with SSL.
error:14094416:SSL routines:ssl3_read_bytes:sslv3 alert certificate unknown : Addr: $007680CF
WebApp_BPKAD.exe: 00001370: 10:25:57 [Indy]:EIdOSSLUnderlyingCryptoError : Error accepting connection with SSL.
error:14094416:SSL routines:ssl3_read_bytes:sslv3 alert certificate unknown : Addr: $007680CF
WebApp_BPKAD.exe: 00001CFC: 10:25:58 [Indy]:EIdOSSLUnderlyingCryptoError : Error accepting connection with SSL.
error:14094416:SSL routines:ssl3_read_bytes:sslv3 alert certificate unknown : Addr: $007680CF
WebApp_BPKAD.exe: 0000197C: 10:25:58 [Indy]:EIdOSSLUnderlyingCryptoError : Error accepting connection with SSL.
error:14094416:SSL routines:ssl3_read_bytes:sslv3 alert certificate unknown : Addr: $007680CF
WebApp_BPKAD.exe: 00001E20: 10:25:58 [Indy]:EIdOSSLUnderlyingCryptoError : Error accepting connection with SSL.
error:14094416:SSL routines:ssl3_read_bytes:sslv3 alert certificate unknown : Addr: $007680CF
WebApp_BPKAD.exe: 000001C4: 10:25:58 [Indy]:EIdOSSLUnderlyingCryptoError : Error accepting connection with SSL.
error:14094416:SSL routines:ssl3_read_bytes:sslv3 alert certificate unknown : Addr: $007680CF
WebApp_BPKAD.exe: 00003848: 10:25:58 [HandleFileRequest[127.0.0.1]]:File not found: D:\OneDrive\PROJECTS\BPKAD HST\WebApp_BPKAD\files\images\8.jpg
WebApp_BPKAD.exe: 0000358C: 10:25:58 [Indy]:EIdOSSLUnderlyingCryptoError : Error accepting connection with SSL.
error:14094416:SSL routines:ssl3_read_bytes:sslv3 alert certificate unknown : Addr: $007680CF
WebApp_BPKAD.exe: 000030A4: 10:25:59 [Indy]:EIdOSSLUnderlyingCryptoError : Error accepting connection with SSL.
error:14094416:SSL routines:ssl3_read_bytes:sslv3 alert certificate unknown : Addr: $007680CF
WebApp_BPKAD.exe: 0000280C: 10:25:59 [Indy]:EIdOSSLUnderlyingCryptoError : Error accepting connection with SSL.
error:14094416:SSL routines:ssl3_read_bytes:sslv3 alert certificate unknown : Addr: $007680CF
WebApp_BPKAD.exe: 00001838: 10:25:59 [Indy]:EIdOSSLUnderlyingCryptoError : Error accepting connection with SSL.
error:14094416:SSL routines:ssl3_read_bytes:sslv3 alert certificate unknown : Addr: $007680CF
WebApp_BPKAD.exe: 00001288: 10:26:01 [Indy]:EIdOSSLUnderlyingCryptoError : Error accepting connection with SSL.
error:14094416:SSL routines:ssl3_read_bytes:sslv3 alert certificate unknown : Addr: $007680CF
WebApp_BPKAD.exe: 00002CD8: 10:26:01 [Indy]:EIdOSSLUnderlyingCryptoError : Error accepting connection with SSL.
error:14094416:SSL routines:ssl3_read_bytes:sslv3 alert certificate unknown : Addr: $007680CF
WebApp_BPKAD.exe: 00002D98: 10:26:01 [Indy]:EIdOSSLUnderlyingCryptoError : Error accepting connection with SSL.
error:14094416:SSL routines:ssl3_read_bytes:sslv3 alert certificate unknown : Addr: $007680CF
WebApp_BPKAD.exe: 00003AE4: 10:26:01 [Indy]:EIdOSSLUnderlyingCryptoError : Error accepting connection with SSL.
error:14094416:SSL routines:ssl3_read_bytes:sslv3 alert certificate unknown : Addr: $007680CF
WebApp_BPKAD.exe: 000038BC: 10:26:01 [Indy]:EIdOSSLUnderlyingCryptoError : Error accepting connection with SSL.
error:14094416:SSL routines:ssl3_read_bytes:sslv3 alert certificate unknown : Addr: $007680CF
WebApp_BPKAD.exe: 00002A68: 10:26:03 [Indy]:EIdOSSLUnderlyingCryptoError : Error accepting connection with SSL.
error:14094416:SSL routines:ssl3_read_bytes:sslv3 alert certificate unknown : Addr: $007680CF
WebApp_BPKAD.exe: 0000053C: 10:26:03 [Indy]:EIdOSSLUnderlyingCryptoError : Error accepting connection with SSL.
error:14094416:SSL routines:ssl3_read_bytes:sslv3 alert certificate unknown : Addr: $007680CF
WebApp_BPKAD.exe: 00003450: 10:26:25 [Indy]:EIdOSSLUnderlyingCryptoError : Error accepting connection with SSL.
error:14094416:SSL routines:ssl3_read_bytes:sslv3 alert certificate unknown : Addr: $007680CF
WebApp_BPKAD.exe: 00003498: 10:26:25 [Indy]:EIdOSSLUnderlyingCryptoError : Error accepting connection with SSL.
error:14094416:SSL routines:ssl3_read_bytes:sslv3 alert certificate unknown : Addr: $007680CF
WebApp_BPKAD.exe: 00002744: 10:26:25 [Indy]:EIdOSSLUnderlyingCryptoError : Error accepting connection with SSL.
error:14094416:SSL routines:ssl3_read_bytes:sslv3 alert certificate unknown : Addr: $007680CF
WebApp_BPKAD.exe: 00001F5C: 10:26:25 [Indy]:EIdOSSLUnderlyingCryptoError : Error accepting connection with SSL.
error:14094416:SSL routines:ssl3_read_bytes:sslv3 alert certificate unknown : Addr: $007680CF
WebApp_BPKAD.exe: 00001FE8: 10:26:25 [Indy]:EIdOSSLUnderlyingCryptoError : Error accepting connection with SSL.
error:14094416:SSL routines:ssl3_read_bytes:sslv3 alert certificate unknown : Addr: $007680CF
WebApp_BPKAD.exe: 000015D8: 10:28:54 [TUniServerModule]:Shutting Down Server.
WebApp_BPKAD.exe: 000015D8: 10:28:54 [TUniServerModule]:Stopping HTTP Server.
WebApp_BPKAD.exe: 000015D8: 10:28:55 [TUniServerModule]:HTTP Server Stopped.
WebApp_BPKAD.exe: 000015D8: 10:28:55 [TUniGUISessionManager]:Terminating Session manager.
WebApp_BPKAD.exe: 000015D8: 10:28:55 [TUniGUISessionManager]:Stopping Cache Eraser...
WebApp_BPKAD.exe: 000015D8: 10:28:55 [TUniGUISessionManager]:Cache Eraser Stopped.
WebApp_BPKAD.exe: 000015D8: 10:28:55 [TUniGUISessionManager]:Destroying Worker Threads.
WebApp_BPKAD.exe: 000015D8: 10:28:55 [TUniGUISessionManager]:Session manager terminated.
WebApp_BPKAD.exe: 000015D8: 10:28:55 [TUniServerModule]:Server Shutdown Completed.
WebApp_BPKAD.exe: 000015D8: 10:28:55 []:<-------------------------------------------------------------->
WebApp_BPKAD.exe: 000015D8: 10:28:55 [Terminated]:Exit Code: 0
WebApp_BPKAD.exe: 0000022C: 10:29:23 []:>--------------------------------------------------------------<
WebApp_BPKAD.exe: 0000022C: 10:29:23 [TUniServerModule]:Server First Init.
WebApp_BPKAD.exe: 0000022C: 10:29:23 [TUniServerModule]:Starting HTTP Server on Port: 80...
WebApp_BPKAD.exe: 0000022C: 10:29:24 [TUniServerModule]:HTTP Server Started on Port: 80
WebApp_BPKAD.exe: 00002314: 10:29:27 [Indy]:EIdOSSLUnderlyingCryptoError : Error accepting connection with SSL.
error:14094416:SSL routines:ssl3_read_bytes:sslv3 alert certificate unknown : Addr: $007680CF
WebApp_BPKAD.exe: 00001AEC: 10:29:27 [Indy]:EIdOSSLUnderlyingCryptoError : Error accepting connection with SSL.
error:14094416:SSL routines:ssl3_read_bytes:sslv3 alert certificate unknown : Addr: $007680CF
WebApp_BPKAD.exe: 00003AB0: 10:29:27 [Indy]:EIdOSSLUnderlyingCryptoError : Error accepting connection with SSL.
error:14094416:SSL routines:ssl3_read_bytes:sslv3 alert certificate unknown : Addr: $007680CF
WebApp_BPKAD.exe: 00002024: 10:29:28 [127.0.0.1]:EUniSessionException : Invalid session or session Timeout. (Session not found: idN5KhBvJG1088A388D ) : Addr: $00788962
WebApp_BPKAD.exe: 0000354C: 10:29:28 [Indy]:EIdOSSLUnderlyingCryptoError : Error accepting connection with SSL.
error:14094416:SSL routines:ssl3_read_bytes:sslv3 alert certificate unknown : Addr: $007680CF
WebApp_BPKAD.exe: 00002658: 10:29:28 [Indy]:EIdOSSLUnderlyingCryptoError : Error accepting connection with SSL.
error:14094416:SSL routines:ssl3_read_bytes:sslv3 alert certificate unknown : Addr: $007680CF
WebApp_BPKAD.exe: 00000BCC: 10:29:28 [Indy]:EIdOSSLUnderlyingCryptoError : Error accepting connection with SSL.
error:14094416:SSL routines:ssl3_read_bytes:sslv3 alert certificate unknown : Addr: $007680CF
WebApp_BPKAD.exe: 00003918: 10:29:28 [Indy]:EIdOSSLUnderlyingCryptoError : Error accepting connection with SSL.
error:14094416:SSL routines:ssl3_read_bytes:sslv3 alert certificate unknown : Addr: $007680CF
WebApp_BPKAD.exe: 00002024: 10:29:29 [HandleFileRequest[127.0.0.1]]:File not found: D:\OneDrive\PROJECTS\BPKAD HST\WebApp_BPKAD\files\images\8.jpg
WebApp_BPKAD.exe: 00001C18: 10:29:29 [Indy]:EIdOSSLUnderlyingCryptoError : Error accepting connection with SSL.
error:14094416:SSL routines:ssl3_read_bytes:sslv3 alert certificate unknown : Addr: $007680CF
WebApp_BPKAD.exe: 000022F4: 10:29:29 [Indy]:EIdOSSLUnderlyingCryptoError : Error accepting connection with SSL.
error:14094416:SSL routines:ssl3_read_bytes:sslv3 alert certificate unknown : Addr: $007680CF
WebApp_BPKAD.exe: 0000386C: 10:29:29 [Indy]:EIdOSSLUnderlyingCryptoError : Error accepting connection with SSL.
error:14094416:SSL routines:ssl3_read_bytes:sslv3 alert certificate unknown : Addr: $007680CF
WebApp_BPKAD.exe: 00002254: 10:29:29 [Indy]:EIdOSSLUnderlyingCryptoError : Error accepting connection with SSL.
error:14094416:SSL routines:ssl3_read_bytes:sslv3 alert certificate unknown : Addr: $007680CF
WebApp_BPKAD.exe: 000028F8: 10:29:30 [Indy]:EIdOSSLUnderlyingCryptoError : Error accepting connection with SSL.
error:14094416:SSL routines:ssl3_read_bytes:sslv3 alert certificate unknown : Addr: $007680CF
WebApp_BPKAD.exe: 00000C30: 10:29:31 [Indy]:EIdOSSLUnderlyingCryptoError : Error accepting connection with SSL.
error:14094416:SSL routines:ssl3_read_bytes:sslv3 alert certificate unknown : Addr: $007680CF
WebApp_BPKAD.exe: 000024E8: 10:29:31 [Indy]:EIdOSSLUnderlyingCryptoError : Error accepting connection with SSL.
error:14094416:SSL routines:ssl3_read_bytes:sslv3 alert certificate unknown : Addr: $007680CF
WebApp_BPKAD.exe: 000026A4: 10:29:31 [Indy]:EIdOSSLUnderlyingCryptoError : Error accepting connection with SSL.
error:14094416:SSL routines:ssl3_read_bytes:sslv3 alert certificate unknown : Addr: $007680CF
WebApp_BPKAD.exe: 00002914: 10:29:33 [Indy]:EIdOSSLUnderlyingCryptoError : Error accepting connection with SSL.
error:14094416:SSL routines:ssl3_read_bytes:sslv3 alert certificate unknown : Addr: $007680CF
WebApp_BPKAD.exe: 00002E28: 10:29:33 [Indy]:EIdOSSLUnderlyingCryptoError : Error accepting connection with SSL.
error:14094416:SSL routines:ssl3_read_bytes:sslv3 alert certificate unknown : Addr: $007680CF
WebApp_BPKAD.exe: 0000022C: 10:30:58 [TUniServerModule]:Shutting Down Server.
WebApp_BPKAD.exe: 0000022C: 10:30:58 [TUniServerModule]:Stopping HTTP Server.
WebApp_BPKAD.exe: 0000022C: 10:30:59 [TUniServerModule]:HTTP Server Stopped.
WebApp_BPKAD.exe: 0000022C: 10:30:59 [TUniGUISessionManager]:Terminating Session manager.
WebApp_BPKAD.exe: 0000022C: 10:30:59 [TUniGUISessionManager]:Stopping Cache Eraser...
WebApp_BPKAD.exe: 0000022C: 10:30:59 [TUniGUISessionManager]:Cache Eraser Stopped.
WebApp_BPKAD.exe: 0000022C: 10:30:59 [TUniGUISessionManager]:Destroying Worker Threads.
WebApp_BPKAD.exe: 0000022C: 10:30:59 [TUniGUISessionManager]:Session manager terminated.
WebApp_BPKAD.exe: 0000022C: 10:31:00 [TUniServerModule]:Server Shutdown Completed.
WebApp_BPKAD.exe: 0000022C: 10:31:00 []:<-------------------------------------------------------------->
WebApp_BPKAD.exe: 0000022C: 10:31:00 [Terminated]:Exit Code: 0
WebApp_BPKAD.exe: 00002C14: 10:31:24 []:>--------------------------------------------------------------<
WebApp_BPKAD.exe: 00002C14: 10:31:24 [TUniServerModule]:Server First Init.
WebApp_BPKAD.exe: 00002C14: 10:31:24 [TUniServerModule]:Starting HTTP Server on Port: 80...
WebApp_BPKAD.exe: 00002C14: 10:31:25 [TUniServerModule]:HTTP Server Started on Port: 80
WebApp_BPKAD.exe: 00003BD4: 10:31:27 [Indy]:EIdOSSLUnderlyingCryptoError : Error accepting connection with SSL.
error:14094416:SSL routines:ssl3_read_bytes:sslv3 alert certificate unknown : Addr: $007680CF
WebApp_BPKAD.exe: 000024DC: 10:31:27 [Indy]:EIdOSSLUnderlyingCryptoError : Error accepting connection with SSL.
error:14094416:SSL routines:ssl3_read_bytes:sslv3 alert certificate unknown : Addr: $007680CF
WebApp_BPKAD.exe: 000038A8: 10:31:27 [Indy]:EIdOSSLUnderlyingCryptoError : Error accepting connection with SSL.
error:14094416:SSL routines:ssl3_read_bytes:sslv3 alert certificate unknown : Addr: $007680CF
WebApp_BPKAD.exe: 000008A8: 10:31:28 [127.0.0.1]:EUniSessionException : Invalid session or session Timeout. (Session not found: lm1dIAkqpM1088A3981 ) : Addr: $00788962
WebApp_BPKAD.exe: 00003B24: 10:31:28 [Indy]:EIdOSSLUnderlyingCryptoError : Error accepting connection with SSL.
error:14094416:SSL routines:ssl3_read_bytes:sslv3 alert certificate unknown : Addr: $007680CF
WebApp_BPKAD.exe: 00002090: 10:31:28 [Indy]:EIdOSSLUnderlyingCryptoError : Error accepting connection with SSL.
error:14094416:SSL routines:ssl3_read_bytes:sslv3 alert certificate unknown : Addr: $007680CF
WebApp_BPKAD.exe: 000031C8: 10:31:28 [Indy]:EIdOSSLUnderlyingCryptoError : Error accepting connection with SSL.
error:14094416:SSL routines:ssl3_read_bytes:sslv3 alert certificate unknown : Addr: $007680CF
WebApp_BPKAD.exe: 00003668: 10:31:28 [Indy]:EIdOSSLUnderlyingCryptoError : Error accepting connection with SSL.
error:14094416:SSL routines:ssl3_read_bytes:sslv3 alert certificate unknown : Addr: $007680CF
WebApp_BPKAD.exe: 000008A8: 10:31:29 [HandleFileRequest[127.0.0.1]]:File not found: D:\OneDrive\PROJECTS\BPKAD HST\WebApp_BPKAD\files\images\8.jpg
WebApp_BPKAD.exe: 00002AE8: 10:31:29 [Indy]:EIdOSSLUnderlyingCryptoError : Error accepting connection with SSL.
error:14094416:SSL routines:ssl3_read_bytes:sslv3 alert certificate unknown : Addr: $007680CF
WebApp_BPKAD.exe: 000020EC: 10:31:29 [Indy]:EIdOSSLUnderlyingCryptoError : Error accepting connection with SSL.
error:14094416:SSL routines:ssl3_read_bytes:sslv3 alert certificate unknown : Addr: $007680CF
WebApp_BPKAD.exe: 00001C04: 10:31:30 [Indy]:EIdOSSLUnderlyingCryptoError : Error accepting connection with SSL.
error:14094416:SSL routines:ssl3_read_bytes:sslv3 alert certificate unknown : Addr: $007680CF
WebApp_BPKAD.exe: 00000634: 10:31:30 [Indy]:EIdOSSLUnderlyingCryptoError : Error accepting connection with SSL.
error:14094416:SSL routines:ssl3_read_bytes:sslv3 alert certificate unknown : Addr: $007680CF
WebApp_BPKAD.exe: 00001D7C: 10:31:30 [Indy]:EIdOSSLUnderlyingCryptoError : Error accepting connection with SSL.
error:14094416:SSL routines:ssl3_read_bytes:sslv3 alert certificate unknown : Addr: $007680CF
WebApp_BPKAD.exe: 00002698: 10:31:38 [Indy]:EIdOSSLUnderlyingCryptoError : Error accepting connection with SSL.
error:14094416:SSL routines:ssl3_read_bytes:sslv3 alert certificate unknown : Addr: $007680CF
WebApp_BPKAD.exe: 00000DA8: 10:31:38 [Indy]:EIdOSSLUnderlyingCryptoError : Error accepting connection with SSL.
error:14094416:SSL routines:ssl3_read_bytes:sslv3 alert certificate unknown : Addr: $007680CF
WebApp_BPKAD.exe: 00000E60: 10:31:38 [Indy]:EIdOSSLUnderlyingCryptoError : Error accepting connection with SSL.
error:14094416:SSL routines:ssl3_read_bytes:sslv3 alert certificate unknown : Addr: $007680CF
WebApp_BPKAD.exe: 00002C18: 10:31:38 [Indy]:EIdOSSLUnderlyingCryptoError : Error accepting connection with SSL.
error:14094416:SSL routines:ssl3_read_bytes:sslv3 alert certificate unknown : Addr: $007680CF
WebApp_BPKAD.exe: 000012CC: 10:31:38 [Indy]:EIdOSSLUnderlyingCryptoError : Error accepting connection with SSL.
error:14094416:SSL routines:ssl3_read_bytes:sslv3 alert certificate unknown : Addr: $007680CF
WebApp_BPKAD.exe: 00000870: 10:31:38 [Indy]:EIdOSSLUnderlyingCryptoError : Error accepting connection with SSL.
error:14094416:SSL routines:ssl3_read_bytes:sslv3 alert certificate unknown : Addr: $007680CF
WebApp_BPKAD.exe: 00001C2C: 10:31:38 [Indy]:EIdOSSLUnderlyingCryptoError : Error accepting connection with SSL.
error:14094416:SSL routines:ssl3_read_bytes:sslv3 alert certificate unknown : Addr: $007680CF
WebApp_BPKAD.exe: 0000054C: 10:31:38 [Indy]:EIdOSSLUnderlyingCryptoError : Error accepting connection with SSL.
error:14094416:SSL routines:ssl3_read_bytes:sslv3 alert certificate unknown : Addr: $007680CF
WebApp_BPKAD.exe: 00003538: 10:31:38 [Indy]:EIdOSSLUnderlyingCryptoError : Error accepting connection with SSL.
error:14094416:SSL routines:ssl3_read_bytes:sslv3 alert certificate unknown : Addr: $007680CF
WebApp_BPKAD.exe: 00003B98: 10:31:38 [Indy]:EIdOSSLUnderlyingCryptoError : Error accepting connection with SSL.
error:14094416:SSL routines:ssl3_read_bytes:sslv3 alert certificate unknown : Addr: $007680CF
WebApp_BPKAD.exe: 00000770: 10:31:38 [Indy]:EIdOSSLUnderlyingCryptoError : Error accepting connection with SSL.
error:14094416:SSL routines:ssl3_read_bytes:sslv3 alert certificate unknown : Addr: $007680CF
WebApp_BPKAD.exe: 000030CC: 10:31:38 [Indy]:EIdOSSLUnderlyingCryptoError : Error accepting connection with SSL.
error:14094416:SSL routines:ssl3_read_bytes:sslv3 alert certificate unknown : Addr: $007680CF
WebApp_BPKAD.exe: 0000286C: 10:31:38 [Indy]:EIdOSSLUnderlyingCryptoError : Error accepting connection with SSL.
error:14094416:SSL routines:ssl3_read_bytes:sslv3 alert certificate unknown : Addr: $007680CF
WebApp_BPKAD.exe: 00002308: 10:31:39 [HandleFileRequest[127.0.0.1]]:File not found: D:\OneDrive\PROJECTS\BPKAD HST\WebApp_BPKAD\files\images\8.jpg
WebApp_BPKAD.exe: 00002C14: 10:31:59 [TUniServerModule]:Shutting Down Server.
WebApp_BPKAD.exe: 00002C14: 10:31:59 [TUniServerModule]:Stopping HTTP Server.
WebApp_BPKAD.exe: 00002C14: 10:32:00 [TUniServerModule]:HTTP Server Stopped.
WebApp_BPKAD.exe: 00002C14: 10:32:00 [TUniGUISessionManager]:Terminating Session manager.
WebApp_BPKAD.exe: 00002C14: 10:32:00 [TUniGUISessionManager]:Stopping Cache Eraser...
WebApp_BPKAD.exe: 00002C14: 10:32:00 [TUniGUISessionManager]:Cache Eraser Stopped.
WebApp_BPKAD.exe: 00002C14: 10:32:00 [TUniGUISessionManager]:Destroying Worker Threads.
WebApp_BPKAD.exe: 00002C14: 10:32:00 [TUniGUISessionManager]:Session manager terminated.
WebApp_BPKAD.exe: 00002C14: 10:32:00 [TUniServerModule]:Server Shutdown Completed.
WebApp_BPKAD.exe: 00002C14: 10:32:00 []:<-------------------------------------------------------------->
WebApp_BPKAD.exe: 00002C14: 10:32:00 [Terminated]:Exit Code: 0
WebApp_BPKAD.exe: 00002578: 10:36:03 []:>--------------------------------------------------------------<
WebApp_BPKAD.exe: 00002578: 10:36:03 [TUniServerModule]:Server First Init.
WebApp_BPKAD.exe: 00002578: 10:36:03 [TUniServerModule]:Starting HTTP Server on Port: 80...
WebApp_BPKAD.exe: 00002578: 10:36:03 [TUniServerModule]:HTTP Server Started on Port: 80
WebApp_BPKAD.exe: 0000261C: 10:36:03 [Indy]:EIdOSSLUnderlyingCryptoError : Error accepting connection with SSL.
error:14094416:SSL routines:ssl3_read_bytes:sslv3 alert certificate unknown : Addr: $007680CF
WebApp_BPKAD.exe: 00003B18: 10:36:04 [Indy]:EIdOSSLUnderlyingCryptoError : Error accepting connection with SSL.
error:14094416:SSL routines:ssl3_read_bytes:sslv3 alert certificate unknown : Addr: $007680CF
WebApp_BPKAD.exe: 00003878: 10:36:04 [127.0.0.1]:EUniSessionException : Invalid session or session Timeout. (Session not found: CsOqHOQS5h1088A3A17 ) : Addr: $00788962
WebApp_BPKAD.exe: 00000DA8: 10:36:07 [Indy]:EIdOSSLUnderlyingCryptoError : Error accepting connection with SSL.
error:14094416:SSL routines:ssl3_read_bytes:sslv3 alert certificate unknown : Addr: $007680CF
WebApp_BPKAD.exe: 00000D80: 10:36:07 [Indy]:EIdOSSLUnderlyingCryptoError : Error accepting connection with SSL.
error:14094416:SSL routines:ssl3_read_bytes:sslv3 alert certificate unknown : Addr: $007680CF
WebApp_BPKAD.exe: 00001250: 10:36:07 [Indy]:EIdOSSLUnderlyingCryptoError : Error accepting connection with SSL.
error:14094416:SSL routines:ssl3_read_bytes:sslv3 alert certificate unknown : Addr: $007680CF
WebApp_BPKAD.exe: 000026F4: 10:36:07 [Indy]:EIdOSSLUnderlyingCryptoError : Error accepting connection with SSL.
error:14094416:SSL routines:ssl3_read_bytes:sslv3 alert certificate unknown : Addr: $007680CF
WebApp_BPKAD.exe: 00003878: 10:36:08 [HandleFileRequest[127.0.0.1]]:File not found: D:\OneDrive\PROJECTS\BPKAD HST\WebApp_BPKAD\files\images\8.jpg
WebApp_BPKAD.exe: 00002A88: 10:36:08 [Indy]:EIdOSSLUnderlyingCryptoError : Error accepting connection with SSL.
error:14094416:SSL routines:ssl3_read_bytes:sslv3 alert certificate unknown : Addr: $007680CF
WebApp_BPKAD.exe: 000021F0: 10:36:08 [Indy]:EIdOSSLUnderlyingCryptoError : Error accepting connection with SSL.
error:14094416:SSL routines:ssl3_read_bytes:sslv3 alert certificate unknown : Addr: $007680CF
WebApp_BPKAD.exe: 000023F0: 10:36:08 [Indy]:EIdOSSLUnderlyingCryptoError : Error accepting connection with SSL.
error:14094416:SSL routines:ssl3_read_bytes:sslv3 alert certificate unknown : Addr: $007680CF
WebApp_BPKAD.exe: 00003884: 10:36:10 [Indy]:EIdOSSLUnderlyingCryptoError : Error accepting connection with SSL.
error:14094416:SSL routines:ssl3_read_bytes:sslv3 alert certificate unknown : Addr: $007680CF
WebApp_BPKAD.exe: 00001FF8: 10:36:10 [Indy]:EIdOSSLUnderlyingCryptoError : Error accepting connection with SSL.
error:14094416:SSL routines:ssl3_read_bytes:sslv3 alert certificate unknown : Addr: $007680CF
WebApp_BPKAD.exe: 00001B6C: 10:36:10 [Indy]:EIdOSSLUnderlyingCryptoError : Error accepting connection with SSL.
error:14094416:SSL routines:ssl3_read_bytes:sslv3 alert certificate unknown : Addr: $007680CF
WebApp_BPKAD.exe: 00001180: 10:36:10 [Indy]:EIdOSSLUnderlyingCryptoError : Error accepting connection with SSL.
error:14094416:SSL routines:ssl3_read_bytes:sslv3 alert certificate unknown : Addr: $007680CF
WebApp_BPKAD.exe: 00001CAC: 10:36:10 [Indy]:EIdOSSLUnderlyingCryptoError : Error accepting connection with SSL.
error:14094416:SSL routines:ssl3_read_bytes:sslv3 alert certificate unknown : Addr: $007680CF
WebApp_BPKAD.exe: 000021B8: 10:36:12 [Indy]:EIdOSSLUnderlyingCryptoError : Error accepting connection with SSL.
error:14094416:SSL routines:ssl3_read_bytes:sslv3 alert certificate unknown : Addr: $007680CF
WebApp_BPKAD.exe: 00003794: 10:36:12 [Indy]:EIdOSSLUnderlyingCryptoError : Error accepting connection with SSL.
error:14094416:SSL routines:ssl3_read_bytes:sslv3 alert certificate unknown : Addr: $007680CF
WebApp_BPKAD.exe: 00002578: 10:39:42 [TUniServerModule]:Shutting Down Server.
WebApp_BPKAD.exe: 00002578: 10:39:42 [TUniServerModule]:Stopping HTTP Server.
WebApp_BPKAD.exe: 00002578: 10:39:43 [TUniServerModule]:HTTP Server Stopped.
WebApp_BPKAD.exe: 00002578: 10:39:43 [TUniGUISessionManager]:Terminating Session manager.
WebApp_BPKAD.exe: 00002578: 10:39:43 [TUniGUISessionManager]:Stopping Cache Eraser...
WebApp_BPKAD.exe: 00002578: 10:39:43 [TUniGUISessionManager]:Cache Eraser Stopped.
WebApp_BPKAD.exe: 00002578: 10:39:43 [TUniGUISessionManager]:Destroying Worker Threads.
WebApp_BPKAD.exe: 00002578: 10:39:43 [TUniGUISessionManager]:Session manager terminated.
WebApp_BPKAD.exe: 00002578: 10:39:43 [TUniServerModule]:Server Shutdown Completed.
WebApp_BPKAD.exe: 00002578: 10:39:43 []:<-------------------------------------------------------------->
WebApp_BPKAD.exe: 00002578: 10:39:43 [Terminated]:Exit Code: 0
WebApp_BPKAD.exe: 00002844: 10:48:37 []:>--------------------------------------------------------------<
WebApp_BPKAD.exe: 00002844: 10:48:37 [TUniServerModule]:Server First Init.
WebApp_BPKAD.exe: 00002844: 10:48:37 [TUniServerModule]:Starting HTTP Server on Port: 80...
WebApp_BPKAD.exe: 00002844: 10:48:38 [TUniServerModule]:HTTP Server Started on Port: 80
WebApp_BPKAD.exe: 00001520: 10:48:41 [Indy]:EIdOSSLUnderlyingCryptoError : Error accepting connection with SSL.
error:14094416:SSL routines:ssl3_read_bytes:sslv3 alert certificate unknown : Addr: $007680CF
WebApp_BPKAD.exe: 00003578: 10:48:41 [Indy]:EIdOSSLUnderlyingCryptoError : Error accepting connection with SSL.
error:14094416:SSL routines:ssl3_read_bytes:sslv3 alert certificate unknown : Addr: $007680CF
WebApp_BPKAD.exe: 00002074: 10:48:41 [Indy]:EIdOSSLUnderlyingCryptoError : Error accepting connection with SSL.
error:14094416:SSL routines:ssl3_read_bytes:sslv3 alert certificate unknown : Addr: $007680CF
WebApp_BPKAD.exe: 00002804: 10:48:41 [127.0.0.1]:EUniSessionException : Invalid session or session Timeout. (Session not found: B6JU6Ck7M51088A3B4F ) : Addr: $00788962
WebApp_BPKAD.exe: 000013A8: 10:48:42 [Indy]:EIdOSSLUnderlyingCryptoError : Error accepting connection with SSL.
error:14094416:SSL routines:ssl3_read_bytes:sslv3 alert certificate unknown : Addr: $007680CF
WebApp_BPKAD.exe: 0000377C: 10:48:42 [Indy]:EIdOSSLUnderlyingCryptoError : Error accepting connection with SSL.
error:14094416:SSL routines:ssl3_read_bytes:sslv3 alert certificate unknown : Addr: $007680CF
WebApp_BPKAD.exe: 00001590: 10:48:42 [Indy]:EIdOSSLUnderlyingCryptoError : Error accepting connection with SSL.
error:14094416:SSL routines:ssl3_read_bytes:sslv3 alert certificate unknown : Addr: $007680CF
WebApp_BPKAD.exe: 000018CC: 10:48:42 [Indy]:EIdOSSLUnderlyingCryptoError : Error accepting connection with SSL.
error:14094416:SSL routines:ssl3_read_bytes:sslv3 alert certificate unknown : Addr: $007680CF
WebApp_BPKAD.exe: 00002804: 10:48:42 [HandleFileRequest[127.0.0.1]]:File not found: D:\OneDrive\PROJECTS\BPKAD HST\WebApp_BPKAD\files\images\8.jpg
WebApp_BPKAD.exe: 000009D4: 10:48:43 [Indy]:EIdOSSLUnderlyingCryptoError : Error accepting connection with SSL.
error:14094416:SSL routines:ssl3_read_bytes:sslv3 alert certificate unknown : Addr: $007680CF
WebApp_BPKAD.exe: 00002840: 10:48:43 [Indy]:EIdOSSLUnderlyingCryptoError : Error accepting connection with SSL.
error:14094416:SSL routines:ssl3_read_bytes:sslv3 alert certificate unknown : Addr: $007680CF
WebApp_BPKAD.exe: 0000332C: 10:48:43 [Indy]:EIdOSSLUnderlyingCryptoError : Error accepting connection with SSL.
error:14094416:SSL routines:ssl3_read_bytes:sslv3 alert certificate unknown : Addr: $007680CF
WebApp_BPKAD.exe: 00002740: 10:48:43 [Indy]:EIdOSSLUnderlyingCryptoError : Error accepting connection with SSL.
error:14094416:SSL routines:ssl3_read_bytes:sslv3 alert certificate unknown : Addr: $007680CF
WebApp_BPKAD.exe: 000014F8: 10:48:44 [Indy]:EIdOSSLUnderlyingCryptoError : Error accepting connection with SSL.
error:14094416:SSL routines:ssl3_read_bytes:sslv3 alert certificate unknown : Addr: $007680CF
WebApp_BPKAD.exe: 0000370C: 10:48:44 [Indy]:EIdOSSLUnderlyingCryptoError : Error accepting connection with SSL.
error:14094416:SSL routines:ssl3_read_bytes:sslv3 alert certificate unknown : Addr: $007680CF
WebApp_BPKAD.exe: 00003254: 10:48:45 [Indy]:EIdOSSLUnderlyingCryptoError : Error accepting connection with SSL.
error:14094416:SSL routines:ssl3_read_bytes:sslv3 alert certificate unknown : Addr: $007680CF
WebApp_BPKAD.exe: 00003660: 10:48:45 [Indy]:EIdOSSLUnderlyingCryptoError : Error accepting connection with SSL.
error:14094416:SSL routines:ssl3_read_bytes:sslv3 alert certificate unknown : Addr: $007680CF
WebApp_BPKAD.exe: 00002B80: 10:48:45 [Indy]:EIdOSSLUnderlyingCryptoError : Error accepting connection with SSL.
error:14094416:SSL routines:ssl3_read_bytes:sslv3 alert certificate unknown : Addr: $007680CF
WebApp_BPKAD.exe: 00002A74: 10:48:46 [Indy]:EIdOSSLUnderlyingCryptoError : Error accepting connection with SSL.
error:14094416:SSL routines:ssl3_read_bytes:sslv3 alert certificate unknown : Addr: $007680CF
WebApp_BPKAD.exe: 00003220: 10:48:57 [HandleFileRequest[127.0.0.1]]:File not found: D:\OneDrive\PROJECTS\BPKAD HST\WebApp_BPKAD\files\images\8.jpg
WebApp_BPKAD.exe: 00002844: 10:56:42 [TUniServerModule]:Shutting Down Server.
WebApp_BPKAD.exe: 00002844: 10:56:42 [TUniServerModule]:Stopping HTTP Server.
WebApp_BPKAD.exe: 00002844: 10:56:43 [TUniServerModule]:HTTP Server Stopped.
WebApp_BPKAD.exe: 00002844: 10:56:43 [TUniGUISessionManager]:Terminating Session manager.
WebApp_BPKAD.exe: 00002844: 10:56:43 [TUniGUISessionManager]:Stopping Cache Eraser...
WebApp_BPKAD.exe: 00002844: 10:56:43 [TUniGUISessionManager]:Cache Eraser Stopped.
WebApp_BPKAD.exe: 00002844: 10:56:43 [TUniGUISessionManager]:Destroying Worker Threads.
WebApp_BPKAD.exe: 00002844: 10:56:44 [TUniGUISessionManager]:Session manager terminated.
WebApp_BPKAD.exe: 00002844: 10:56:44 [TUniServerModule]:Server Shutdown Completed.
WebApp_BPKAD.exe: 00002844: 10:56:44 []:<-------------------------------------------------------------->
WebApp_BPKAD.exe: 00002844: 10:56:44 [Terminated]:Exit Code: 0
WebApp_BPKAD.exe: 00001B98: 11:07:14 []:>--------------------------------------------------------------<
WebApp_BPKAD.exe: 00001B98: 11:07:14 [TUniServerModule]:Server First Init.
WebApp_BPKAD.exe: 00001B98: 11:07:14 [TUniServerModule]:Starting HTTP Server on Port: 80...
WebApp_BPKAD.exe: 00001B98: 11:07:15 [TUniServerModule]:HTTP Server Started on Port: 80
WebApp_BPKAD.exe: 00001E8C: 11:07:28 [HandleFileRequest[127.0.0.1]]:File not found: D:\OneDrive\PROJECTS\BPKAD HST\WebApp_BPKAD\files\images\8.jpg
WebApp_BPKAD.exe: 00001B98: 11:08:22 [TUniServerModule]:Shutting Down Server.
WebApp_BPKAD.exe: 00001B98: 11:08:22 [TUniServerModule]:Stopping HTTP Server.
WebApp_BPKAD.exe: 00001B98: 11:08:23 [TUniServerModule]:HTTP Server Stopped.
WebApp_BPKAD.exe: 00001B98: 11:08:23 [TUniGUISessionManager]:Terminating Session manager.
WebApp_BPKAD.exe: 00001B98: 11:08:23 [TUniGUISessionManager]:Stopping Cache Eraser...
WebApp_BPKAD.exe: 00001B98: 11:08:23 [TUniGUISessionManager]:Cache Eraser Stopped.
WebApp_BPKAD.exe: 00001B98: 11:08:23 [TUniGUISessionManager]:Destroying Worker Threads.
WebApp_BPKAD.exe: 00001B98: 11:08:23 [TUniGUISessionManager]:Session manager terminated.
WebApp_BPKAD.exe: 00001B98: 11:08:23 [TUniServerModule]:Server Shutdown Completed.
WebApp_BPKAD.exe: 00001B98: 11:08:23 []:<-------------------------------------------------------------->
WebApp_BPKAD.exe: 00001B98: 11:08:23 [Terminated]:Exit Code: 0
WebApp_BPKAD.exe: 00003220: 11:13:35 []:>--------------------------------------------------------------<
WebApp_BPKAD.exe: 00003220: 11:13:35 [TUniServerModule]:Server First Init.
WebApp_BPKAD.exe: 00003220: 11:13:35 [TUniServerModule]:Starting HTTP Server on Port: 80...
WebApp_BPKAD.exe: 00003220: 11:13:36 [TUniServerModule]:HTTP Server Started on Port: 80
WebApp_BPKAD.exe: 00000494: 11:13:38 [127.0.0.1]:EUniSessionException : Invalid session or session Timeout. (Session not found: ULZQlzPJ711088A43D0 ) : Addr: $00788A02
WebApp_BPKAD.exe: 00000494: 11:13:38 [HandleFileRequest[127.0.0.1]]:File not found: D:\OneDrive\PROJECTS\BPKAD HST\WebApp_BPKAD\files\images\8.jpg
WebApp_BPKAD.exe: 00003220: 11:19:38 [TUniServerModule]:Shutting Down Server.
WebApp_BPKAD.exe: 00003220: 11:19:38 [TUniServerModule]:Stopping HTTP Server.
WebApp_BPKAD.exe: 00003220: 11:19:39 [TUniServerModule]:HTTP Server Stopped.
WebApp_BPKAD.exe: 00003220: 11:19:39 [TUniGUISessionManager]:Terminating Session manager.
WebApp_BPKAD.exe: 00003220: 11:19:39 [TUniGUISessionManager]:Stopping Cache Eraser...
WebApp_BPKAD.exe: 00003220: 11:19:39 [TUniGUISessionManager]:Cache Eraser Stopped.
WebApp_BPKAD.exe: 00003220: 11:19:39 [TUniGUISessionManager]:Destroying Worker Threads.
WebApp_BPKAD.exe: 00003220: 11:19:39 [TUniGUISessionManager]:Session manager terminated.
WebApp_BPKAD.exe: 00003220: 11:19:39 [TUniServerModule]:Server Shutdown Completed.
WebApp_BPKAD.exe: 00003220: 11:19:39 []:<-------------------------------------------------------------->
WebApp_BPKAD.exe: 00003220: 11:19:39 [Terminated]:Exit Code: 0
