WebApp_BPKAD.exe: 00002C2C: 09:31:21 []:>--------------------------------------------------------------<
WebApp_BPKAD.exe: 00002C2C: 09:31:21 [TUniServerModule]:Server First Init.
WebApp_BPKAD.exe: 00002C2C: 09:31:21 [TUniServerModule]:Starting HTTP Server on Port: 85...
WebApp_BPKAD.exe: 00002C2C: 09:31:21 [TUniServerModule]:HTTP Server Started on Port: 85
WebApp_BPKAD.exe: 00004044: 09:31:45 [127.0.0.1]:EDatabaseError : qSSH: Parameter 'nama_kel' not found : Addr: $006ACA5E
WebApp_BPKAD.exe: 00004044: 09:31:53 [127.0.0.1]:EDatabaseError : qSSH: Parameter 'nama_kel' not found : Addr: $006ACA5E
WebApp_BPKAD.exe: 00004044: 09:31:58 [127.0.0.1]:EDatabaseError : qSSH: Parameter 'nama_kel' not found : Addr: $006ACA5E
WebApp_BPKAD.exe: 00004730: 09:32:01 []:EInvalidPointer : Invalid pointer operation : Addr: $00409DA9
WebApp_BPKAD.exe: 00004044: 09:32:02 [127.0.0.1]:EDatabaseError : qSSH: Parameter 'nama_kel' not found : Addr: $006ACA5E
WebApp_BPKAD.exe: 00004044: 09:32:06 [127.0.0.1]:EDatabaseError : qSSH: Parameter 'nama_kel' not found : Addr: $006ACA5E
WebApp_BPKAD.exe: 00004044: 09:32:09 [127.0.0.1]:EDatabaseError : qSSH: Parameter 'nama_kel' not found : Addr: $006ACA5E
WebApp_BPKAD.exe: 00002C2C: 09:32:53 [TUniServerModule]:Shutting Down Server.
WebApp_BPKAD.exe: 00002C2C: 09:32:53 [TUniServerModule]:Stopping HTTP Server.
WebApp_BPKAD.exe: 00002C2C: 09:32:54 [TUniServerModule]:HTTP Server Stopped.
WebApp_BPKAD.exe: 00002C2C: 09:32:54 [TUniGUISessionManager]:Terminating Session manager.
WebApp_BPKAD.exe: 00002C2C: 09:32:54 [TUniGUISessionManager]:Stopping Cache Eraser...
WebApp_BPKAD.exe: 00002C2C: 09:32:54 [TUniGUISessionManager]:Cache Eraser Stopped.
WebApp_BPKAD.exe: 00002C2C: 09:32:54 []:EInvalidPointer : Invalid pointer operation : Addr: $00409DA9
WebApp_BPKAD.exe: 00002C2C: 09:32:54 [TUniGUISessionManager]:Destroying Worker Threads.
WebApp_BPKAD.exe: 00002C2C: 09:32:54 [TUniGUISessionManager]:Session manager terminated.
WebApp_BPKAD.exe: 00002C2C: 09:32:55 [TUniServerModule]:Server Shutdown Completed.
WebApp_BPKAD.exe: 00002C2C: 09:32:55 []:<-------------------------------------------------------------->
WebApp_BPKAD.exe: 00002C2C: 09:32:55 [Terminated]:Exit Code: 0
WebApp_BPKAD.exe: 000015C0: 09:33:00 []:>--------------------------------------------------------------<
WebApp_BPKAD.exe: 000015C0: 09:33:00 [TUniServerModule]:Server First Init.
WebApp_BPKAD.exe: 000015C0: 09:33:00 [TUniServerModule]:Starting HTTP Server on Port: 85...
WebApp_BPKAD.exe: 000015C0: 09:33:01 [TUniServerModule]:HTTP Server Started on Port: 85
WebApp_BPKAD.exe: 00001F88: 09:33:03 [127.0.0.1]:EUniSessionException : Invalid session or session Timeout. (Session not found: tcI5j4llVY1090EEA28 ) : Addr: $007E058E
WebApp_BPKAD.exe: 000036F0: 09:33:19 [127.0.0.1]:EDatabaseError : qSSH: Parameter 'nama' not found : Addr: $006ACA5E
WebApp_BPKAD.exe: 000036F0: 09:33:31 [127.0.0.1]:EDatabaseError : qSSH: Parameter 'nama' not found : Addr: $006ACA5E
WebApp_BPKAD.exe: 000015C0: 09:33:36 [TUniServerModule]:Shutting Down Server.
WebApp_BPKAD.exe: 000015C0: 09:33:36 [TUniServerModule]:Stopping HTTP Server.
WebApp_BPKAD.exe: 000015C0: 09:33:38 [TUniServerModule]:HTTP Server Stopped.
WebApp_BPKAD.exe: 000015C0: 09:33:38 [TUniGUISessionManager]:Terminating Session manager.
WebApp_BPKAD.exe: 000015C0: 09:33:38 [TUniGUISessionManager]:Stopping Cache Eraser...
WebApp_BPKAD.exe: 000015C0: 09:33:38 [TUniGUISessionManager]:Cache Eraser Stopped.
WebApp_BPKAD.exe: 000015C0: 09:33:38 []:EInvalidPointer : Invalid pointer operation : Addr: $00409DA9
WebApp_BPKAD.exe: 000015C0: 09:33:38 [TUniGUISessionManager]:Destroying Worker Threads.
WebApp_BPKAD.exe: 000015C0: 09:33:38 [TUniGUISessionManager]:Session manager terminated.
WebApp_BPKAD.exe: 000015C0: 09:33:38 [TUniServerModule]:Server Shutdown Completed.
WebApp_BPKAD.exe: 000015C0: 09:33:38 []:<-------------------------------------------------------------->
WebApp_BPKAD.exe: 000015C0: 09:33:38 [Terminated]:Exit Code: 0
WebApp_BPKAD.exe: 00002974: 09:38:09 []:>--------------------------------------------------------------<
WebApp_BPKAD.exe: 00002974: 09:38:09 [TUniServerModule]:Server First Init.
WebApp_BPKAD.exe: 00002974: 09:38:09 [TUniServerModule]:Starting HTTP Server on Port: 85...
WebApp_BPKAD.exe: 00002974: 09:38:09 [TUniServerModule]:HTTP Server Started on Port: 85
WebApp_BPKAD.exe: 00002178: 09:38:09 [127.0.0.1]:EUniSessionException : Invalid session or session Timeout. (Session not found: anRY7bn8cL1090EEA95 ) : Addr: $007E058E
WebApp_BPKAD.exe: 00002178: 09:38:27 [[FireDAC][Phys][MSSQL]-335. Parameter [NAMA_KEL] data type is unknown. Hint: specify TFDParam.DataType or assign TFDParam value before Prepare/Execute call-127.0.0.1]:EFDException : [FireDAC][Phys][MSSQL]-335. Parameter [NAMA_KEL] data type is unknown. Hint: specify TFDParam.DataType or assign TFDParam value before Prepare/Execute call : Addr: $00856C94
WebApp_BPKAD.exe: 00002974: 09:38:42 [TUniServerModule]:Shutting Down Server.
WebApp_BPKAD.exe: 00002974: 09:38:42 [TUniServerModule]:Stopping HTTP Server.
WebApp_BPKAD.exe: 00002974: 09:38:43 [TUniServerModule]:HTTP Server Stopped.
WebApp_BPKAD.exe: 00002974: 09:38:43 [TUniGUISessionManager]:Terminating Session manager.
WebApp_BPKAD.exe: 00002974: 09:38:43 [TUniGUISessionManager]:Stopping Cache Eraser...
WebApp_BPKAD.exe: 00002974: 09:38:43 [TUniGUISessionManager]:Cache Eraser Stopped.
WebApp_BPKAD.exe: 00002974: 09:38:43 []:EInvalidPointer : Invalid pointer operation : Addr: $00409DA9
WebApp_BPKAD.exe: 00002974: 09:38:43 [TUniGUISessionManager]:Destroying Worker Threads.
WebApp_BPKAD.exe: 00002974: 09:38:43 [TUniGUISessionManager]:Session manager terminated.
WebApp_BPKAD.exe: 00002974: 09:38:43 [TUniServerModule]:Server Shutdown Completed.
WebApp_BPKAD.exe: 00002974: 09:38:43 []:<-------------------------------------------------------------->
WebApp_BPKAD.exe: 00002974: 09:38:43 [Terminated]:Exit Code: 0
WebApp_BPKAD.exe: 00004D4C: 09:39:03 []:>--------------------------------------------------------------<
WebApp_BPKAD.exe: 00004D4C: 09:39:03 [TUniServerModule]:Server First Init.
WebApp_BPKAD.exe: 00004D4C: 09:39:03 [TUniServerModule]:Starting HTTP Server on Port: 85...
WebApp_BPKAD.exe: 00004D4C: 09:39:04 [TUniServerModule]:HTTP Server Started on Port: 85
WebApp_BPKAD.exe: 00004B28: 09:39:07 [127.0.0.1]:EUniSessionException : Invalid session or session Timeout. (Session not found: CAUPqeSoDl1090EEBFF ) : Addr: $007E058E
WebApp_BPKAD.exe: 00004D4C: 09:42:33 [TUniServerModule]:Shutting Down Server.
WebApp_BPKAD.exe: 00004D4C: 09:42:33 [TUniServerModule]:Stopping HTTP Server.
WebApp_BPKAD.exe: 00004D4C: 09:42:34 [TUniServerModule]:HTTP Server Stopped.
WebApp_BPKAD.exe: 00004D4C: 09:42:34 [TUniGUISessionManager]:Terminating Session manager.
WebApp_BPKAD.exe: 00004D4C: 09:42:34 [TUniGUISessionManager]:Stopping Cache Eraser...
WebApp_BPKAD.exe: 00004D4C: 09:42:34 [TUniGUISessionManager]:Cache Eraser Stopped.
WebApp_BPKAD.exe: 00004D4C: 09:42:34 []:EInvalidPointer : Invalid pointer operation : Addr: $00409DA9
WebApp_BPKAD.exe: 00004D4C: 09:42:35 [TUniGUISessionManager]:Destroying Worker Threads.
WebApp_BPKAD.exe: 00004D4C: 09:42:35 [TUniGUISessionManager]:Session manager terminated.
WebApp_BPKAD.exe: 00004D4C: 09:42:35 [TUniServerModule]:Server Shutdown Completed.
WebApp_BPKAD.exe: 00004D4C: 09:42:35 []:<-------------------------------------------------------------->
WebApp_BPKAD.exe: 00004D4C: 09:42:35 [Terminated]:Exit Code: 0
WebApp_BPKAD.exe: 000054A0: 09:59:44 []:>--------------------------------------------------------------<
WebApp_BPKAD.exe: 000054A0: 09:59:44 [TUniServerModule]:Server First Init.
WebApp_BPKAD.exe: 000054A0: 09:59:44 [TUniServerModule]:Starting HTTP Server on Port: 85...
WebApp_BPKAD.exe: 000054A0: 09:59:44 [TUniServerModule]:HTTP Server Started on Port: 85
WebApp_BPKAD.exe: 00003670: 09:59:47 [127.0.0.1]:EUniSessionException : Invalid session or session Timeout. (Session not found: 7penEesSFW1090EEC3B ) : Addr: $007E058E
WebApp_BPKAD.exe: 00003670: 09:59:57 [Could not convert variant of type (String) into type (Integer)-127.0.0.1]:EVariantTypeCastError : Could not convert variant of type (String) into type (Integer) : Addr: $00440439
WebApp_BPKAD.exe: 000030E0: 10:00:14 [Could not convert variant of type (String) into type (Integer)-127.0.0.1]:EVariantTypeCastError : Could not convert variant of type (String) into type (Integer) : Addr: $00440439
WebApp_BPKAD.exe: 000054A0: 10:00:41 [TUniServerModule]:Shutting Down Server.
WebApp_BPKAD.exe: 000054A0: 10:00:41 [TUniServerModule]:Stopping HTTP Server.
WebApp_BPKAD.exe: 000054A0: 10:00:42 [TUniServerModule]:HTTP Server Stopped.
WebApp_BPKAD.exe: 000054A0: 10:00:42 [TUniGUISessionManager]:Terminating Session manager.
WebApp_BPKAD.exe: 000054A0: 10:00:42 [TUniGUISessionManager]:Stopping Cache Eraser...
WebApp_BPKAD.exe: 000054A0: 10:00:42 [TUniGUISessionManager]:Cache Eraser Stopped.
WebApp_BPKAD.exe: 000054A0: 10:00:42 []:EInvalidPointer : Invalid pointer operation : Addr: $00409DA9
WebApp_BPKAD.exe: 000054A0: 10:00:42 [TUniGUISessionManager]:Destroying Worker Threads.
WebApp_BPKAD.exe: 000054A0: 10:00:42 [TUniGUISessionManager]:Session manager terminated.
WebApp_BPKAD.exe: 000054A0: 10:00:42 [TUniServerModule]:Server Shutdown Completed.
WebApp_BPKAD.exe: 000054A0: 10:00:42 []:<-------------------------------------------------------------->
WebApp_BPKAD.exe: 000054A0: 10:00:42 [Terminated]:Exit Code: 0
WebApp_BPKAD.exe: 00004CAC: 10:02:21 []:>--------------------------------------------------------------<
WebApp_BPKAD.exe: 00004CAC: 10:02:21 [TUniServerModule]:Server First Init.
WebApp_BPKAD.exe: 00004CAC: 10:02:21 [TUniServerModule]:Starting HTTP Server on Port: 85...
WebApp_BPKAD.exe: 00004CAC: 10:02:22 [TUniServerModule]:HTTP Server Started on Port: 85
WebApp_BPKAD.exe: 00004AF4: 10:02:22 [127.0.0.1]:EUniSessionException : Invalid session or session Timeout. (Session not found: GCocGgmzZd1090EF1D5 ) : Addr: $007E058E
WebApp_BPKAD.exe: 00004CAC: 10:02:50 [TUniServerModule]:Shutting Down Server.
WebApp_BPKAD.exe: 00004CAC: 10:02:50 [TUniServerModule]:Stopping HTTP Server.
WebApp_BPKAD.exe: 00004CAC: 10:02:51 [TUniServerModule]:HTTP Server Stopped.
WebApp_BPKAD.exe: 00004CAC: 10:02:51 [TUniGUISessionManager]:Terminating Session manager.
WebApp_BPKAD.exe: 00004CAC: 10:02:51 [TUniGUISessionManager]:Stopping Cache Eraser...
WebApp_BPKAD.exe: 00004CAC: 10:02:51 [TUniGUISessionManager]:Cache Eraser Stopped.
WebApp_BPKAD.exe: 00004CAC: 10:02:51 []:EInvalidPointer : Invalid pointer operation : Addr: $00409DA9
WebApp_BPKAD.exe: 00004CAC: 10:02:52 [TUniGUISessionManager]:Destroying Worker Threads.
WebApp_BPKAD.exe: 00004CAC: 10:02:52 [TUniGUISessionManager]:Session manager terminated.
WebApp_BPKAD.exe: 00004CAC: 10:02:52 [TUniServerModule]:Server Shutdown Completed.
WebApp_BPKAD.exe: 00004CAC: 10:02:52 []:<-------------------------------------------------------------->
WebApp_BPKAD.exe: 00004CAC: 10:02:52 [Terminated]:Exit Code: 0
WebApp_BPKAD.exe: 00005584: 10:03:36 []:>--------------------------------------------------------------<
WebApp_BPKAD.exe: 00005584: 10:03:36 [TUniServerModule]:Server First Init.
WebApp_BPKAD.exe: 00005584: 10:03:36 [TUniServerModule]:Starting HTTP Server on Port: 85...
WebApp_BPKAD.exe: 00005584: 10:03:37 [TUniServerModule]:HTTP Server Started on Port: 85
WebApp_BPKAD.exe: 00004980: 10:03:38 [127.0.0.1]:EUniSessionException : Invalid session or session Timeout. (Session not found: FlGnp5bjQr1090EF289 ) : Addr: $007E058E
WebApp_BPKAD.exe: 00004980: 10:03:44 [HandleFileRequest[127.0.0.1]]:File not found: D:\OneDrive\PROJECTS\BPKAD HST\WebApp_BPKAD\favicon.ico
WebApp_BPKAD.exe: 00005584: 10:07:39 [TUniServerModule]:Shutting Down Server.
WebApp_BPKAD.exe: 00005584: 10:07:39 [TUniServerModule]:Stopping HTTP Server.
WebApp_BPKAD.exe: 00005584: 10:07:40 [TUniServerModule]:HTTP Server Stopped.
WebApp_BPKAD.exe: 00005584: 10:07:40 [TUniGUISessionManager]:Terminating Session manager.
WebApp_BPKAD.exe: 00005584: 10:07:40 [TUniGUISessionManager]:Stopping Cache Eraser...
WebApp_BPKAD.exe: 00005584: 10:07:40 [TUniGUISessionManager]:Cache Eraser Stopped.
WebApp_BPKAD.exe: 00005584: 10:07:40 []:EInvalidPointer : Invalid pointer operation : Addr: $00409DA9
WebApp_BPKAD.exe: 00005584: 10:07:40 [TUniGUISessionManager]:Destroying Worker Threads.
WebApp_BPKAD.exe: 00005584: 10:07:40 [TUniGUISessionManager]:Session manager terminated.
WebApp_BPKAD.exe: 00005584: 10:07:40 [TUniServerModule]:Server Shutdown Completed.
WebApp_BPKAD.exe: 00005584: 10:07:40 []:<-------------------------------------------------------------->
WebApp_BPKAD.exe: 00005584: 10:07:40 [Terminated]:Exit Code: 0
WebApp_BPKAD.exe: 00003028: 10:07:56 []:>--------------------------------------------------------------<
WebApp_BPKAD.exe: 00003028: 10:07:56 [TUniServerModule]:Server First Init.
WebApp_BPKAD.exe: 00003028: 10:07:56 [TUniServerModule]:Starting HTTP Server on Port: 85...
WebApp_BPKAD.exe: 00003028: 10:07:57 [TUniServerModule]:HTTP Server Started on Port: 85
WebApp_BPKAD.exe: 000042D0: 10:08:35 [127.0.0.1]:EUniSessionException : Invalid session or session Timeout. (Session not found: ThUPmHHGDD1090EF2EB ) : Addr: $007E058E
WebApp_BPKAD.exe: 00001F40: 10:08:43 [127.0.0.1]:EUniSessionException : Invalid session or session Timeout. (Invalid URI: /srs6/serv/urn:publicsanctservices ) : Addr: $007E058E
WebApp_BPKAD.exe: 00003028: 10:12:13 [TUniServerModule]:Shutting Down Server.
WebApp_BPKAD.exe: 00003028: 10:12:13 [TUniServerModule]:Stopping HTTP Server.
WebApp_BPKAD.exe: 00003028: 10:12:14 [TUniServerModule]:HTTP Server Stopped.
WebApp_BPKAD.exe: 00003028: 10:12:14 [TUniGUISessionManager]:Terminating Session manager.
WebApp_BPKAD.exe: 00003028: 10:12:14 [TUniGUISessionManager]:Stopping Cache Eraser...
WebApp_BPKAD.exe: 00003028: 10:12:14 [TUniGUISessionManager]:Cache Eraser Stopped.
WebApp_BPKAD.exe: 00003028: 10:12:14 []:EInvalidPointer : Invalid pointer operation : Addr: $00409DA9
WebApp_BPKAD.exe: 00003028: 10:12:14 [TUniGUISessionManager]:Destroying Worker Threads.
WebApp_BPKAD.exe: 00003028: 10:12:14 [TUniGUISessionManager]:Session manager terminated.
WebApp_BPKAD.exe: 00003028: 10:12:14 [TUniServerModule]:Server Shutdown Completed.
WebApp_BPKAD.exe: 00003028: 10:12:14 []:<-------------------------------------------------------------->
WebApp_BPKAD.exe: 00003028: 10:12:14 [Terminated]:Exit Code: 0
WebApp_BPKAD.exe: 000047F8: 10:13:07 []:>--------------------------------------------------------------<
WebApp_BPKAD.exe: 000047F8: 10:13:07 [TUniServerModule]:Server First Init.
WebApp_BPKAD.exe: 000047F8: 10:13:07 [TUniServerModule]:Starting HTTP Server on Port: 85...
WebApp_BPKAD.exe: 000047F8: 10:13:08 [TUniServerModule]:HTTP Server Started on Port: 85
WebApp_BPKAD.exe: 00002B6C: 10:13:09 [127.0.0.1]:EUniSessionException : Invalid session or session Timeout. (Session not found: Ycn4YqlRFA1090EF439 ) : Addr: $007E058E
WebApp_BPKAD.exe: 00002484: 10:24:14 []:EInvalidPointer : Invalid pointer operation : Addr: $00409DA9
WebApp_BPKAD.exe: 0000153C: 10:35:03 [127.0.0.1]:EUniSessionException : Invalid session or session Timeout. (Invalid URI: /srs6/serv/urn:publicsanctservices ) : Addr: $007E058E
WebApp_BPKAD.exe: 0000578C: 10:58:03 [127.0.0.1]:EUniSessionException : Invalid session or session Timeout. (Session not found: FOIqks3FOw1090EF57A ) : Addr: $007E058E
WebApp_BPKAD.exe: 000047F8: 11:11:40 [TUniServerModule]:Shutting Down Server.
WebApp_BPKAD.exe: 000047F8: 11:11:40 [TUniServerModule]:Stopping HTTP Server.
WebApp_BPKAD.exe: 000047F8: 11:11:40 [TUniServerModule]:HTTP Server Stopped.
WebApp_BPKAD.exe: 000047F8: 11:11:40 [TUniGUISessionManager]:Terminating Session manager.
WebApp_BPKAD.exe: 000047F8: 11:11:40 [TUniGUISessionManager]:Stopping Cache Eraser...
WebApp_BPKAD.exe: 000047F8: 11:11:40 [TUniGUISessionManager]:Cache Eraser Stopped.
WebApp_BPKAD.exe: 000047F8: 11:11:40 [TUniGUISessionManager]:Destroying Worker Threads.
WebApp_BPKAD.exe: 000047F8: 11:11:40 [TUniGUISessionManager]:Session manager terminated.
WebApp_BPKAD.exe: 000047F8: 11:11:41 [TUniServerModule]:Server Shutdown Completed.
WebApp_BPKAD.exe: 000047F8: 11:11:41 []:<-------------------------------------------------------------->
WebApp_BPKAD.exe: 000047F8: 11:11:41 [Terminated]:Exit Code: 0
WebApp_BPKAD.exe: 00003F9C: 11:33:26 []:>--------------------------------------------------------------<
WebApp_BPKAD.exe: 00003F9C: 11:33:26 [TUniServerModule]:Server First Init.
WebApp_BPKAD.exe: 00003F9C: 11:33:26 [TUniServerModule]:Starting HTTP Server on Port: 85...
WebApp_BPKAD.exe: 00003F9C: 11:33:26 [TUniServerModule]:HTTP Server Started on Port: 85
WebApp_BPKAD.exe: 00003F9C: 11:42:21 [TUniServerModule]:Shutting Down Server.
WebApp_BPKAD.exe: 00003F9C: 11:42:21 [TUniServerModule]:Stopping HTTP Server.
WebApp_BPKAD.exe: 00003F9C: 11:42:22 [TUniServerModule]:HTTP Server Stopped.
WebApp_BPKAD.exe: 00003F9C: 11:42:22 [TUniGUISessionManager]:Terminating Session manager.
WebApp_BPKAD.exe: 00003F9C: 11:42:22 [TUniGUISessionManager]:Stopping Cache Eraser...
WebApp_BPKAD.exe: 00003F9C: 11:42:22 [TUniGUISessionManager]:Cache Eraser Stopped.
WebApp_BPKAD.exe: 00003F9C: 11:42:22 []:EInvalidPointer : Invalid pointer operation : Addr: $00409DA9
WebApp_BPKAD.exe: 00003F9C: 11:42:22 [TUniGUISessionManager]:Destroying Worker Threads.
WebApp_BPKAD.exe: 00003F9C: 11:42:22 [TUniGUISessionManager]:Session manager terminated.
WebApp_BPKAD.exe: 00003F9C: 11:42:22 [TUniServerModule]:Server Shutdown Completed.
WebApp_BPKAD.exe: 00003F9C: 11:42:22 []:<-------------------------------------------------------------->
WebApp_BPKAD.exe: 00003F9C: 11:42:22 [Terminated]:Exit Code: 0
WebApp_BPKAD.exe: 00001004: 16:06:39 []:>--------------------------------------------------------------<
WebApp_BPKAD.exe: 00001004: 16:06:39 [TUniServerModule]:Server First Init.
WebApp_BPKAD.exe: 00001004: 16:06:39 [TUniServerModule]:Starting HTTP Server on Port: 85...
WebApp_BPKAD.exe: 00001004: 16:06:40 [TUniServerModule]:HTTP Server Started on Port: 85
WebApp_BPKAD.exe: 000049C8: 16:07:29 []:EInvalidPointer : Invalid pointer operation : Addr: $00409DA9
WebApp_BPKAD.exe: 00001004: 16:15:50 [TUniServerModule]:Shutting Down Server.
WebApp_BPKAD.exe: 00001004: 16:15:50 [TUniServerModule]:Stopping HTTP Server.
WebApp_BPKAD.exe: 00001004: 16:15:52 [TUniServerModule]:HTTP Server Stopped.
WebApp_BPKAD.exe: 00001004: 16:15:52 [TUniGUISessionManager]:Terminating Session manager.
WebApp_BPKAD.exe: 00001004: 16:15:52 [TUniGUISessionManager]:Stopping Cache Eraser...
WebApp_BPKAD.exe: 00001004: 16:15:52 [TUniGUISessionManager]:Cache Eraser Stopped.
WebApp_BPKAD.exe: 00001004: 16:15:52 []:EInvalidPointer : Invalid pointer operation : Addr: $00409DA9
WebApp_BPKAD.exe: 00001004: 16:15:52 [TUniGUISessionManager]:Destroying Worker Threads.
WebApp_BPKAD.exe: 00001004: 16:15:52 [TUniGUISessionManager]:Session manager terminated.
WebApp_BPKAD.exe: 00001004: 16:15:52 [TUniServerModule]:Server Shutdown Completed.
WebApp_BPKAD.exe: 00001004: 16:15:52 []:<-------------------------------------------------------------->
WebApp_BPKAD.exe: 00001004: 16:15:52 [Terminated]:Exit Code: 0
WebApp_BPKAD.exe: 0000391C: 16:23:08 []:>--------------------------------------------------------------<
WebApp_BPKAD.exe: 0000391C: 16:23:08 [TUniServerModule]:Server First Init.
WebApp_BPKAD.exe: 0000391C: 16:23:09 [TUniServerModule]:Starting HTTP Server on Port: 85...
WebApp_BPKAD.exe: 0000391C: 16:23:09 [TUniServerModule]:HTTP Server Started on Port: 85
WebApp_BPKAD.exe: 000034B4: 16:23:10 [127.0.0.1]:EUniSessionException : Invalid session or session Timeout. (Session not found: B8Z8fUBJT61090F556F ) : Addr: $007E058E
WebApp_BPKAD.exe: 0000391C: 16:25:23 [TUniServerModule]:Shutting Down Server.
WebApp_BPKAD.exe: 0000391C: 16:25:23 [TUniServerModule]:Stopping HTTP Server.
WebApp_BPKAD.exe: 0000391C: 16:25:24 [TUniServerModule]:HTTP Server Stopped.
WebApp_BPKAD.exe: 0000391C: 16:25:24 [TUniGUISessionManager]:Terminating Session manager.
WebApp_BPKAD.exe: 0000391C: 16:25:24 [TUniGUISessionManager]:Stopping Cache Eraser...
WebApp_BPKAD.exe: 0000391C: 16:25:24 [TUniGUISessionManager]:Cache Eraser Stopped.
WebApp_BPKAD.exe: 0000391C: 16:25:24 []:EInvalidPointer : Invalid pointer operation : Addr: $00409DA9
WebApp_BPKAD.exe: 0000391C: 16:25:24 [TUniGUISessionManager]:Destroying Worker Threads.
WebApp_BPKAD.exe: 0000391C: 16:25:24 [TUniGUISessionManager]:Session manager terminated.
WebApp_BPKAD.exe: 0000391C: 16:25:24 [TUniServerModule]:Server Shutdown Completed.
WebApp_BPKAD.exe: 0000391C: 16:25:24 []:<-------------------------------------------------------------->
WebApp_BPKAD.exe: 0000391C: 16:25:24 [Terminated]:Exit Code: 0
WebApp_BPKAD.exe: 00005210: 16:25:26 []:>--------------------------------------------------------------<
WebApp_BPKAD.exe: 00005210: 16:25:26 [TUniServerModule]:Server First Init.
WebApp_BPKAD.exe: 00005210: 16:25:26 [TUniServerModule]:Starting HTTP Server on Port: 85...
WebApp_BPKAD.exe: 00005210: 16:25:27 [TUniServerModule]:HTTP Server Started on Port: 85
WebApp_BPKAD.exe: 00003670: 16:25:29 [127.0.0.1]:EUniSessionException : Invalid session or session Timeout. (Session not found: ksyS1UWUdJ1090F59D4 ) : Addr: $007E058E
WebApp_BPKAD.exe: 00003670: 16:25:30 [127.0.0.1]:EUniSessionException : Invalid session or session Timeout. (Session not found: ksyS1UWUdJ1090F59D4 ) : Addr: $007E058E
WebApp_BPKAD.exe: 00005210: 16:27:15 [TUniServerModule]:Shutting Down Server.
WebApp_BPKAD.exe: 00005210: 16:27:15 [TUniServerModule]:Stopping HTTP Server.
WebApp_BPKAD.exe: 00005210: 16:27:16 [TUniServerModule]:HTTP Server Stopped.
WebApp_BPKAD.exe: 00005210: 16:27:16 [TUniGUISessionManager]:Terminating Session manager.
WebApp_BPKAD.exe: 00005210: 16:27:16 [TUniGUISessionManager]:Stopping Cache Eraser...
WebApp_BPKAD.exe: 00005210: 16:27:16 [TUniGUISessionManager]:Cache Eraser Stopped.
WebApp_BPKAD.exe: 00005210: 16:27:16 []:EInvalidPointer : Invalid pointer operation : Addr: $00409DA9
WebApp_BPKAD.exe: 00005210: 16:27:16 [TUniGUISessionManager]:Destroying Worker Threads.
WebApp_BPKAD.exe: 00005210: 16:27:16 [TUniGUISessionManager]:Session manager terminated.
WebApp_BPKAD.exe: 00005210: 16:27:17 [TUniServerModule]:Server Shutdown Completed.
WebApp_BPKAD.exe: 00005210: 16:27:17 []:<-------------------------------------------------------------->
WebApp_BPKAD.exe: 00005210: 16:27:17 [Terminated]:Exit Code: 0
WebApp_BPKAD.exe: 00005680: 16:27:19 []:>--------------------------------------------------------------<
WebApp_BPKAD.exe: 00005680: 16:27:19 [TUniServerModule]:Server First Init.
WebApp_BPKAD.exe: 00005680: 16:27:19 [TUniServerModule]:Starting HTTP Server on Port: 85...
WebApp_BPKAD.exe: 00005680: 16:27:20 [TUniServerModule]:HTTP Server Started on Port: 85
WebApp_BPKAD.exe: 000054E0: 16:27:22 [127.0.0.1]:EUniSessionException : Invalid session or session Timeout. (Session not found: nmtWUrZsTu1090F5A75 ) : Addr: $007E058E
WebApp_BPKAD.exe: 000054E0: 16:27:23 [127.0.0.1]:EUniSessionException : Invalid session or session Timeout. (Session not found: nmtWUrZsTu1090F5A75 ) : Addr: $007E058E
WebApp_BPKAD.exe: 00005168: 16:30:54 []:EInvalidPointer : Invalid pointer operation : Addr: $00409DA9
WebApp_BPKAD.exe: 00005168: 16:40:55 []:EInvalidPointer : Invalid pointer operation : Addr: $00409DA9
