WebApp_BPKAD.exe: 0000097C: 00:04:19 []:>--------------------------------------------------------------<
WebApp_BPKAD.exe: 0000097C: 00:04:19 [TUniServerModule]:Server First Init.
WebApp_BPKAD.exe: 0000097C: 00:04:19 [TUniServerModule]:Starting HTTP Server on Port: 85...
WebApp_BPKAD.exe: 0000097C: 00:04:19 [TUniServerModule]:HTTP Server Started on Port: 85
WebApp_BPKAD.exe: 0000097C: 00:04:21 [TUniServerModule]:Shutting Down Server.
WebApp_BPKAD.exe: 0000097C: 00:04:21 [TUniServerModule]:Stopping HTTP Server.
WebApp_BPKAD.exe: 0000097C: 00:04:22 [TUniServerModule]:HTTP Server Stopped.
WebApp_BPKAD.exe: 0000097C: 00:04:22 [TUniGUISessionManager]:Terminating Session manager.
WebApp_BPKAD.exe: 0000097C: 00:04:22 [TUniGUISessionManager]:Stopping Cache Eraser...
WebApp_BPKAD.exe: 0000097C: 00:04:22 [TUniGUISessionManager]:Cache Eraser Stopped.
WebApp_BPKAD.exe: 0000097C: 00:04:22 [TUniGUISessionManager]:Destroying Worker Threads.
WebApp_BPKAD.exe: 0000097C: 00:04:22 [TUniGUISessionManager]:Session manager terminated.
WebApp_BPKAD.exe: 0000097C: 00:04:22 [TUniServerModule]:Server Shutdown Completed.
WebApp_BPKAD.exe: 0000097C: 00:04:22 []:<-------------------------------------------------------------->
WebApp_BPKAD.exe: 0000097C: 00:04:22 [Terminated]:Exit Code: 0
WebApp_BPKAD.exe: 00003488: 00:08:08 []:>--------------------------------------------------------------<
WebApp_BPKAD.exe: 00003488: 00:08:08 [TUniServerModule]:Server First Init.
WebApp_BPKAD.exe: 00003488: 00:08:08 [TUniServerModule]:Starting HTTP Server on Port: 85...
WebApp_BPKAD.exe: 00003488: 00:08:08 [TUniServerModule]:HTTP Server Started on Port: 85
WebApp_BPKAD.exe: 00003488: 00:08:39 [TUniServerModule]:Shutting Down Server.
WebApp_BPKAD.exe: 00003488: 00:08:39 [TUniServerModule]:Stopping HTTP Server.
WebApp_BPKAD.exe: 00003488: 00:08:40 [TUniServerModule]:HTTP Server Stopped.
WebApp_BPKAD.exe: 00003488: 00:08:40 [TUniGUISessionManager]:Terminating Session manager.
WebApp_BPKAD.exe: 00003488: 00:08:40 [TUniGUISessionManager]:Stopping Cache Eraser...
WebApp_BPKAD.exe: 00003488: 00:08:40 [TUniGUISessionManager]:Cache Eraser Stopped.
WebApp_BPKAD.exe: 00003488: 00:08:40 []:EAccessViolation : Access violation at address 00409A48 in module 'WebApp_BPKAD.exe'. Read of address FFFFFFFD : Addr: $00409A48
WebApp_BPKAD.exe: 00003488: 00:08:40 [TUniGUISessionManager]:Destroying Worker Threads.
WebApp_BPKAD.exe: 00003488: 00:08:40 [TUniGUISessionManager]:Session manager terminated.
WebApp_BPKAD.exe: 00003488: 00:08:40 [TUniServerModule]:Server Shutdown Completed.
WebApp_BPKAD.exe: 00003488: 00:08:40 []:<-------------------------------------------------------------->
WebApp_BPKAD.exe: 00003488: 00:08:40 [Terminated]:Exit Code: 0
WebApp_BPKAD.exe: 00003424: 00:42:24 []:>--------------------------------------------------------------<
WebApp_BPKAD.exe: 00003424: 00:42:24 [TUniServerModule]:Server First Init.
WebApp_BPKAD.exe: 00003424: 00:42:24 [TUniServerModule]:Starting HTTP Server on Port: 85...
WebApp_BPKAD.exe: 00003424: 00:42:24 [TUniServerModule]:HTTP Server Started on Port: 85
WebApp_BPKAD.exe: 00003424: 00:42:26 [TUniServerModule]:Shutting Down Server.
WebApp_BPKAD.exe: 00003424: 00:42:26 [TUniServerModule]:Stopping HTTP Server.
WebApp_BPKAD.exe: 00003424: 00:42:27 [TUniServerModule]:HTTP Server Stopped.
WebApp_BPKAD.exe: 00003424: 00:42:27 [TUniGUISessionManager]:Terminating Session manager.
WebApp_BPKAD.exe: 00003424: 00:42:27 [TUniGUISessionManager]:Stopping Cache Eraser...
WebApp_BPKAD.exe: 00003424: 00:42:27 [TUniGUISessionManager]:Cache Eraser Stopped.
WebApp_BPKAD.exe: 00003424: 00:42:27 [TUniGUISessionManager]:Destroying Worker Threads.
WebApp_BPKAD.exe: 00003424: 00:42:27 [TUniGUISessionManager]:Session manager terminated.
WebApp_BPKAD.exe: 00003424: 00:42:27 [TUniServerModule]:Server Shutdown Completed.
WebApp_BPKAD.exe: 00003424: 00:42:27 []:<-------------------------------------------------------------->
WebApp_BPKAD.exe: 00003424: 00:42:27 [Terminated]:Exit Code: 0
WebApp_BPKAD.exe: 00002448: 00:44:44 []:>--------------------------------------------------------------<
WebApp_BPKAD.exe: 00002448: 00:44:44 [TUniServerModule]:Server First Init.
WebApp_BPKAD.exe: 00002448: 00:44:44 [TUniServerModule]:Starting HTTP Server on Port: 85...
WebApp_BPKAD.exe: 00002448: 00:44:44 [TUniServerModule]:HTTP Server Started on Port: 85
WebApp_BPKAD.exe: 000012A8: 00:44:44 [127.0.0.1]:EUniSessionException : Invalid session or session Timeout. (Session not found: SmdwxgGr2G10997A59D ) : Addr: $00794B4E
WebApp_BPKAD.exe: 000012A8: 00:44:44 [127.0.0.1]:EUniSessionException : Invalid session or session Timeout. (Session not found: SmdwxgGr2G10997A59D ) : Addr: $00794B4E
WebApp_BPKAD.exe: 00002448: 00:44:47 [TUniServerModule]:Shutting Down Server.
WebApp_BPKAD.exe: 00002448: 00:44:47 [TUniServerModule]:Stopping HTTP Server.
WebApp_BPKAD.exe: 00002448: 00:44:48 [TUniServerModule]:HTTP Server Stopped.
WebApp_BPKAD.exe: 00002448: 00:44:48 [TUniGUISessionManager]:Terminating Session manager.
WebApp_BPKAD.exe: 00002448: 00:44:48 [TUniGUISessionManager]:Stopping Cache Eraser...
WebApp_BPKAD.exe: 00002448: 00:44:48 [TUniGUISessionManager]:Cache Eraser Stopped.
WebApp_BPKAD.exe: 00002448: 00:44:48 []:EAccessViolation : Access violation at address 00409A48 in module 'WebApp_BPKAD.exe'. Read of address FFFFFFFD : Addr: $00409A48
WebApp_BPKAD.exe: 00002448: 00:44:48 [TUniGUISessionManager]:Destroying Worker Threads.
WebApp_BPKAD.exe: 00002448: 00:44:49 [TUniGUISessionManager]:Session manager terminated.
WebApp_BPKAD.exe: 00002448: 00:44:49 [TUniServerModule]:Server Shutdown Completed.
WebApp_BPKAD.exe: 00002448: 00:44:49 []:<-------------------------------------------------------------->
WebApp_BPKAD.exe: 00002448: 00:44:49 [Terminated]:Exit Code: 0
WebApp_BPKAD.exe: 0000150C: 01:27:33 []:>--------------------------------------------------------------<
WebApp_BPKAD.exe: 0000150C: 01:27:33 [TUniServerModule]:Server First Init.
WebApp_BPKAD.exe: 0000150C: 01:27:33 [TUniServerModule]:Starting HTTP Server on Port: 85...
WebApp_BPKAD.exe: 0000150C: 01:27:33 [TUniServerModule]:HTTP Server Started on Port: 85
WebApp_BPKAD.exe: 0000150C: 01:27:35 [TUniServerModule]:Shutting Down Server.
WebApp_BPKAD.exe: 0000150C: 01:27:35 [TUniServerModule]:Stopping HTTP Server.
WebApp_BPKAD.exe: 0000150C: 01:27:36 [TUniServerModule]:HTTP Server Stopped.
WebApp_BPKAD.exe: 0000150C: 01:27:36 [TUniGUISessionManager]:Terminating Session manager.
WebApp_BPKAD.exe: 0000150C: 01:27:36 [TUniGUISessionManager]:Stopping Cache Eraser...
WebApp_BPKAD.exe: 0000150C: 01:27:36 [TUniGUISessionManager]:Cache Eraser Stopped.
WebApp_BPKAD.exe: 0000150C: 01:27:36 [TUniGUISessionManager]:Destroying Worker Threads.
WebApp_BPKAD.exe: 0000150C: 01:27:36 [TUniGUISessionManager]:Session manager terminated.
WebApp_BPKAD.exe: 0000150C: 01:27:36 [TUniServerModule]:Server Shutdown Completed.
WebApp_BPKAD.exe: 0000150C: 01:27:36 []:<-------------------------------------------------------------->
WebApp_BPKAD.exe: 0000150C: 01:27:36 [Terminated]:Exit Code: 0
WebApp_BPKAD.exe: 00001E84: 01:27:41 []:>--------------------------------------------------------------<
WebApp_BPKAD.exe: 00001E84: 01:27:41 [TUniServerModule]:Server First Init.
WebApp_BPKAD.exe: 00001E84: 01:27:41 [TUniServerModule]:Starting HTTP Server on Port: 85...
WebApp_BPKAD.exe: 00001E84: 01:27:41 [TUniServerModule]:HTTP Server Started on Port: 85
WebApp_BPKAD.exe: 000009B8: 01:27:43 [127.0.0.1]:EUniSessionException : Invalid session or session Timeout. (Session not found: lrtKiuQaA110997AF83 ) : Addr: $00794B4E
WebApp_BPKAD.exe: 000009B8: 01:27:44 [127.0.0.1]:EUniSessionException : Invalid session or session Timeout. (Session not found: lrtKiuQaA110997AF83 ) : Addr: $00794B4E
WebApp_BPKAD.exe: 00001E84: 01:29:48 [TUniServerModule]:Shutting Down Server.
WebApp_BPKAD.exe: 00001E84: 01:29:48 [TUniServerModule]:Stopping HTTP Server.
WebApp_BPKAD.exe: 00001E84: 01:29:49 [TUniServerModule]:HTTP Server Stopped.
WebApp_BPKAD.exe: 00001E84: 01:29:49 [TUniGUISessionManager]:Terminating Session manager.
WebApp_BPKAD.exe: 00001E84: 01:29:49 [TUniGUISessionManager]:Stopping Cache Eraser...
WebApp_BPKAD.exe: 00001E84: 01:29:49 [TUniGUISessionManager]:Cache Eraser Stopped.
WebApp_BPKAD.exe: 00001E84: 01:29:49 []:EAccessViolation : Access violation at address 00409A48 in module 'WebApp_BPKAD.exe'. Read of address FFFFFFFD : Addr: $00409A48
WebApp_BPKAD.exe: 00001E84: 01:29:49 [TUniGUISessionManager]:Destroying Worker Threads.
WebApp_BPKAD.exe: 00001E84: 01:29:49 [TUniGUISessionManager]:Session manager terminated.
WebApp_BPKAD.exe: 00001E84: 01:29:49 [TUniServerModule]:Server Shutdown Completed.
WebApp_BPKAD.exe: 00001E84: 01:29:49 []:<-------------------------------------------------------------->
WebApp_BPKAD.exe: 00001E84: 01:29:49 [Terminated]:Exit Code: 0
WebApp_BPKAD.exe: 000001BC: 01:29:50 []:>--------------------------------------------------------------<
WebApp_BPKAD.exe: 000001BC: 01:29:50 [TUniServerModule]:Server First Init.
WebApp_BPKAD.exe: 000001BC: 01:29:50 [TUniServerModule]:Starting HTTP Server on Port: 85...
WebApp_BPKAD.exe: 000001BC: 01:29:51 [TUniServerModule]:HTTP Server Started on Port: 85
WebApp_BPKAD.exe: 0000170C: 01:29:54 [127.0.0.1]:EUniSessionException : Invalid session or session Timeout. (Session not found: Au8YUECyC410997BB2D ) : Addr: $00794B4E
WebApp_BPKAD.exe: 0000170C: 01:29:54 [127.0.0.1]:EUniSessionException : Invalid session or session Timeout. (Session not found: Au8YUECyC410997BB2D ) : Addr: $00794B4E
WebApp_BPKAD.exe: 000001BC: 01:30:23 [TUniServerModule]:Shutting Down Server.
WebApp_BPKAD.exe: 000001BC: 01:30:23 [TUniServerModule]:Stopping HTTP Server.
WebApp_BPKAD.exe: 000001BC: 01:30:24 [TUniServerModule]:HTTP Server Stopped.
WebApp_BPKAD.exe: 000001BC: 01:30:24 [TUniGUISessionManager]:Terminating Session manager.
WebApp_BPKAD.exe: 000001BC: 01:30:24 [TUniGUISessionManager]:Stopping Cache Eraser...
WebApp_BPKAD.exe: 000001BC: 01:30:24 [TUniGUISessionManager]:Cache Eraser Stopped.
WebApp_BPKAD.exe: 000001BC: 01:30:24 []:EAccessViolation : Access violation at address 00409A48 in module 'WebApp_BPKAD.exe'. Read of address FFFFFFFD : Addr: $00409A48
WebApp_BPKAD.exe: 000001BC: 01:30:24 [TUniGUISessionManager]:Destroying Worker Threads.
WebApp_BPKAD.exe: 000001BC: 01:30:24 [TUniGUISessionManager]:Session manager terminated.
WebApp_BPKAD.exe: 000001BC: 01:30:24 [TUniServerModule]:Server Shutdown Completed.
WebApp_BPKAD.exe: 000001BC: 01:30:24 []:<-------------------------------------------------------------->
WebApp_BPKAD.exe: 000001BC: 01:30:24 [Terminated]:Exit Code: 0
WebApp_BPKAD.exe: 00003410: 01:31:51 []:>--------------------------------------------------------------<
WebApp_BPKAD.exe: 00003410: 01:31:51 [TUniServerModule]:Server First Init.
WebApp_BPKAD.exe: 00003410: 01:31:51 [TUniServerModule]:Starting HTTP Server on Port: 85...
WebApp_BPKAD.exe: 00003410: 01:31:51 [TUniServerModule]:HTTP Server Started on Port: 85
WebApp_BPKAD.exe: 00002138: 01:32:08 [127.0.0.1]:EUniSessionException : Invalid session or session Timeout. (Session not found: TQqoqywbA610997BBC4 ) : Addr: $00794B4E
WebApp_BPKAD.exe: 00002138: 01:32:08 [127.0.0.1]:EUniSessionException : Invalid session or session Timeout. (Session not found: TQqoqywbA610997BBC4 ) : Addr: $00794B4E
WebApp_BPKAD.exe: 00003410: 01:33:43 [TUniServerModule]:Shutting Down Server.
WebApp_BPKAD.exe: 00003410: 01:33:43 [TUniServerModule]:Stopping HTTP Server.
WebApp_BPKAD.exe: 00003410: 01:33:44 [TUniServerModule]:HTTP Server Stopped.
WebApp_BPKAD.exe: 00003410: 01:33:44 [TUniGUISessionManager]:Terminating Session manager.
WebApp_BPKAD.exe: 00003410: 01:33:44 [TUniGUISessionManager]:Stopping Cache Eraser...
WebApp_BPKAD.exe: 00003410: 01:33:44 [TUniGUISessionManager]:Cache Eraser Stopped.
WebApp_BPKAD.exe: 00003410: 01:33:44 []:EAccessViolation : Access violation at address 00409A48 in module 'WebApp_BPKAD.exe'. Read of address FFFFFFFD : Addr: $00409A48
WebApp_BPKAD.exe: 00003410: 01:33:44 [TUniGUISessionManager]:Destroying Worker Threads.
WebApp_BPKAD.exe: 00003410: 01:33:44 [TUniGUISessionManager]:Session manager terminated.
WebApp_BPKAD.exe: 00003410: 01:33:44 [TUniServerModule]:Server Shutdown Completed.
WebApp_BPKAD.exe: 00003410: 01:33:44 []:<-------------------------------------------------------------->
WebApp_BPKAD.exe: 00003410: 01:33:44 [Terminated]:Exit Code: 0
WebApp_BPKAD.exe: 000037DC: 01:33:45 []:>--------------------------------------------------------------<
WebApp_BPKAD.exe: 000037DC: 01:33:45 [TUniServerModule]:Server First Init.
WebApp_BPKAD.exe: 000037DC: 01:33:45 [TUniServerModule]:Starting HTTP Server on Port: 85...
WebApp_BPKAD.exe: 000037DC: 01:33:45 [TUniServerModule]:HTTP Server Started on Port: 85
WebApp_BPKAD.exe: 00003620: 01:33:49 [127.0.0.1]:EUniSessionException : Invalid session or session Timeout. (Session not found: rLJNtx1uVa10997BC5F ) : Addr: $00794B4E
WebApp_BPKAD.exe: 00003620: 01:33:49 [127.0.0.1]:EUniSessionException : Invalid session or session Timeout. (Session not found: rLJNtx1uVa10997BC5F ) : Addr: $00794B4E
WebApp_BPKAD.exe: 0000147C: 01:35:14 [qPemakaian: Dataset not in edit or insert mode-127.0.0.1]:EDatabaseError : qPemakaian: Dataset not in edit or insert mode : Addr: $00660F4A
WebApp_BPKAD.exe: 000035A4: 01:35:19 [qPemakaian: Dataset not in edit or insert mode-127.0.0.1]:EDatabaseError : qPemakaian: Dataset not in edit or insert mode : Addr: $00660F4A
WebApp_BPKAD.exe: 0000263C: 01:50:36 []:EAccessViolation : Access violation at address 00409A48 in module 'WebApp_BPKAD.exe'. Read of address FFFFFFFD : Addr: $00409A48
WebApp_BPKAD.exe: 00002AFC: 01:51:36 [127.0.0.1]:EUniSessionException : Invalid session or session Timeout. (Session not found: BXIIPq1suO10997BCD4 ) : Addr: $00794B4E
WebApp_BPKAD.exe: 00002AFC: 01:51:36 [127.0.0.1]:EUniSessionException : Invalid session or session Timeout. (Session not found: BXIIPq1suO10997BCD4 ) : Addr: $00794B4E
WebApp_BPKAD.exe: 0000263C: 02:02:12 []:EAccessViolation : Access violation at address 80000000. Read of address 80000000 : Addr: $80000000
WebApp_BPKAD.exe: 000037DC: 02:04:25 [TUniServerModule]:Shutting Down Server.
WebApp_BPKAD.exe: 000037DC: 02:04:25 [TUniServerModule]:Stopping HTTP Server.
WebApp_BPKAD.exe: 000037DC: 02:04:26 [TUniServerModule]:HTTP Server Stopped.
WebApp_BPKAD.exe: 000037DC: 02:04:26 [TUniGUISessionManager]:Terminating Session manager.
WebApp_BPKAD.exe: 000037DC: 02:04:26 [TUniGUISessionManager]:Stopping Cache Eraser...
WebApp_BPKAD.exe: 000037DC: 02:04:26 [TUniGUISessionManager]:Cache Eraser Stopped.
WebApp_BPKAD.exe: 000037DC: 02:04:26 [TUniGUISessionManager]:Destroying Worker Threads.
WebApp_BPKAD.exe: 000037DC: 02:04:26 [TUniGUISessionManager]:Session manager terminated.
WebApp_BPKAD.exe: 000037DC: 02:04:26 [TUniServerModule]:Server Shutdown Completed.
WebApp_BPKAD.exe: 000037DC: 02:04:26 []:<-------------------------------------------------------------->
WebApp_BPKAD.exe: 000037DC: 02:04:26 [Terminated]:Exit Code: 0
WebApp_BPKAD.exe: 00001FAC: 02:04:28 []:>--------------------------------------------------------------<
WebApp_BPKAD.exe: 00001FAC: 02:04:28 [TUniServerModule]:Server First Init.
WebApp_BPKAD.exe: 00001FAC: 02:04:28 [TUniServerModule]:Starting HTTP Server on Port: 85...
WebApp_BPKAD.exe: 00001FAC: 02:04:29 [TUniServerModule]:HTTP Server Started on Port: 85
WebApp_BPKAD.exe: 00001304: 02:04:43 [127.0.0.1]:EUniSessionException : Invalid session or session Timeout. (Session not found: BbNwsJfFyM10997C1A6 ) : Addr: $00794B4E
WebApp_BPKAD.exe: 00001304: 02:04:43 [127.0.0.1]:EUniSessionException : Invalid session or session Timeout. (Session not found: BbNwsJfFyM10997C1A6 ) : Addr: $00794B4E
WebApp_BPKAD.exe: 00000FD4: 02:07:56 [qPembelian: Dataset not in edit or insert mode-127.0.0.1]:EDatabaseError : qPembelian: Dataset not in edit or insert mode : Addr: $00660F4A
WebApp_BPKAD.exe: 00001834: 02:08:40 [qPembelian: Dataset not in edit or insert mode-127.0.0.1]:EDatabaseError : qPembelian: Dataset not in edit or insert mode : Addr: $00660F4A
WebApp_BPKAD.exe: 000021E8: 02:14:29 [qPembelian: Dataset not in edit or insert mode-127.0.0.1]:EDatabaseError : qPembelian: Dataset not in edit or insert mode : Addr: $00660F4A
WebApp_BPKAD.exe: 00001FAC: 02:16:04 [TUniServerModule]:Shutting Down Server.
WebApp_BPKAD.exe: 00001FAC: 02:16:04 [TUniServerModule]:Stopping HTTP Server.
WebApp_BPKAD.exe: 00001FAC: 02:16:05 [TUniServerModule]:HTTP Server Stopped.
WebApp_BPKAD.exe: 00001FAC: 02:16:05 [TUniGUISessionManager]:Terminating Session manager.
WebApp_BPKAD.exe: 00001FAC: 02:16:05 [TUniGUISessionManager]:Stopping Cache Eraser...
WebApp_BPKAD.exe: 00001FAC: 02:16:05 [TUniGUISessionManager]:Cache Eraser Stopped.
WebApp_BPKAD.exe: 00001FAC: 02:16:05 []:EAccessViolation : Access violation at address 00409A48 in module 'WebApp_BPKAD.exe'. Read of address FFFFFFFD : Addr: $00409A48
WebApp_BPKAD.exe: 00001FAC: 02:16:05 [TUniGUISessionManager]:Destroying Worker Threads.
WebApp_BPKAD.exe: 00001FAC: 02:16:05 [TUniGUISessionManager]:Session manager terminated.
WebApp_BPKAD.exe: 00001FAC: 02:16:05 [TUniServerModule]:Server Shutdown Completed.
WebApp_BPKAD.exe: 00001FAC: 02:16:05 []:<-------------------------------------------------------------->
WebApp_BPKAD.exe: 00001FAC: 02:16:05 [Terminated]:Exit Code: 0
WebApp_BPKAD.exe: 00001CB8: 02:25:09 []:>--------------------------------------------------------------<
WebApp_BPKAD.exe: 00001CB8: 02:25:09 [TUniServerModule]:Server First Init.
WebApp_BPKAD.exe: 00001CB8: 02:25:09 [TUniServerModule]:Starting HTTP Server on Port: 85...
WebApp_BPKAD.exe: 00001CB8: 02:25:09 [TUniServerModule]:HTTP Server Started on Port: 85
WebApp_BPKAD.exe: 00001494: 02:25:17 [127.0.0.1]:EUniSessionException : Invalid session or session Timeout. (Session not found: QznpeLLC9510997C536 ) : Addr: $00794B4E
WebApp_BPKAD.exe: 00001494: 02:25:17 [127.0.0.1]:EUniSessionException : Invalid session or session Timeout. (Session not found: QznpeLLC9510997C536 ) : Addr: $00794B4E
WebApp_BPKAD.exe: 00001494: 02:26:03 [qPemakaian: Dataset not in edit or insert mode-127.0.0.1]:EDatabaseError : qPemakaian: Dataset not in edit or insert mode : Addr: $00660F4A
WebApp_BPKAD.exe: 00001F50: 02:26:13 [qPemakaian: Dataset not in edit or insert mode-127.0.0.1]:EDatabaseError : qPemakaian: Dataset not in edit or insert mode : Addr: $00660F4A
WebApp_BPKAD.exe: 00002CA0: 02:27:54 []:EAccessViolation : Access violation at address 00409A48 in module 'WebApp_BPKAD.exe'. Read of address FFFFFFFD : Addr: $00409A48
WebApp_BPKAD.exe: 00002F60: 02:28:27 [127.0.0.1]:EUniSessionException : Invalid session or session Timeout. (Invalid URI: /srs6/serv/urn:verificationservices ) : Addr: $00794B4E
WebApp_BPKAD.exe: 00001CB8: 03:25:47 [Exit]:Unexpected attempt to terminate server application with Exit Code: 0
