WebApp_BPKAD.exe: 00002AD0: 09:45:27 []:>--------------------------------------------------------------<
WebApp_BPKAD.exe: 00002AD0: 09:45:27 [TUniServerModule]:Server First Init.
WebApp_BPKAD.exe: 00002AD0: 09:45:27 [TUniServerModule]:Global Cache Folder Erased. <35> Files deleted.
WebApp_BPKAD.exe: 00002AD0: 09:45:27 [TUniServerModule]:Starting HTTP Server on Port: 85...
WebApp_BPKAD.exe: 00002AD0: 09:45:27 [TUniServerModule]:HTTP Server Started on Port: 85
WebApp_BPKAD.exe: 00002AD0: 09:45:44 [TUniServerModule]:Shutting Down Server.
WebApp_BPKAD.exe: 00002AD0: 09:45:44 [TUniServerModule]:Stopping HTTP Server.
WebApp_BPKAD.exe: 00002AD0: 09:45:44 [TUniServerModule]:HTTP Server Stopped.
WebApp_BPKAD.exe: 00002AD0: 09:45:44 [TUniGUISessionManager]:Terminating Session manager.
WebApp_BPKAD.exe: 00002AD0: 09:45:44 [TUniGUISessionManager]:Stopping Cache Eraser...
WebApp_BPKAD.exe: 00002AD0: 09:45:44 [TUniGUISessionManager]:Cache Eraser Stopped.
WebApp_BPKAD.exe: 00002AD0: 09:45:44 [TUniGUISessionManager]:Destroying Worker Threads.
WebApp_BPKAD.exe: 00002AD0: 09:45:44 [TUniGUISessionManager]:Session manager terminated.
WebApp_BPKAD.exe: 00002AD0: 09:45:45 [TUniServerModule]:Server Shutdown Completed.
WebApp_BPKAD.exe: 00002AD0: 09:45:45 []:<-------------------------------------------------------------->
WebApp_BPKAD.exe: 00002AD0: 09:45:45 [Terminated]:Exit Code: 0
WebApp_BPKAD.exe: 000005A0: 09:50:45 []:>--------------------------------------------------------------<
WebApp_BPKAD.exe: 000005A0: 09:50:45 [TUniServerModule]:Server First Init.
WebApp_BPKAD.exe: 000005A0: 09:50:45 [TUniServerModule]:Starting HTTP Server on Port: 85...
WebApp_BPKAD.exe: 000005A0: 09:50:46 [TUniServerModule]:HTTP Server Started on Port: 85
WebApp_BPKAD.exe: 000006E0: 09:52:05 [[FireDAC][Stan][Eval]-100. Column or function [nama_subunit] is not found. Hint: if the name is a function name, then add FireDAC.Stan.ExprFuncs to uses clause-127.0.0.1]:EFDException : [FireDAC][Stan][Eval]-100. Column or function [nama_subunit] is not found. Hint: if the name is a function name, then add FireDAC.Stan.ExprFuncs to uses clause : Addr: $007E6E80
WebApp_BPKAD.exe: 00002BF8: 09:52:07 [127.0.0.1]:EFDException : [FireDAC][Stan][Eval]-100. Column or function [nama_subunit] is not found. Hint: if the name is a function name, then add FireDAC.Stan.ExprFuncs to uses clause : Addr: $007E6E80
WebApp_BPKAD.exe: 000005A0: 09:52:52 [TUniServerModule]:Shutting Down Server.
WebApp_BPKAD.exe: 000005A0: 09:52:52 [TUniServerModule]:Stopping HTTP Server.
WebApp_BPKAD.exe: 000005A0: 09:52:53 [TUniServerModule]:HTTP Server Stopped.
WebApp_BPKAD.exe: 000005A0: 09:52:53 [TUniGUISessionManager]:Terminating Session manager.
WebApp_BPKAD.exe: 000005A0: 09:52:53 [TUniGUISessionManager]:Stopping Cache Eraser...
WebApp_BPKAD.exe: 000005A0: 09:52:53 [TUniGUISessionManager]:Cache Eraser Stopped.
WebApp_BPKAD.exe: 000005A0: 09:52:53 []:EAccessViolation : Access violation at address 00409A48 in module 'WebApp_BPKAD.exe'. Read of address FFFFFFFD : Addr: $00409A48
WebApp_BPKAD.exe: 000005A0: 09:52:53 [TUniGUISessionManager]:Destroying Worker Threads.
WebApp_BPKAD.exe: 000005A0: 09:52:53 [TUniGUISessionManager]:Session manager terminated.
WebApp_BPKAD.exe: 000005A0: 09:52:53 [TUniServerModule]:Server Shutdown Completed.
WebApp_BPKAD.exe: 000005A0: 09:52:53 []:<-------------------------------------------------------------->
WebApp_BPKAD.exe: 000005A0: 09:52:53 [Terminated]:Exit Code: 0
WebApp_BPKAD.exe: 000030B8: 09:52:57 []:>--------------------------------------------------------------<
WebApp_BPKAD.exe: 000030B8: 09:52:57 [TUniServerModule]:Server First Init.
WebApp_BPKAD.exe: 000030B8: 09:52:57 [TUniServerModule]:Starting HTTP Server on Port: 85...
WebApp_BPKAD.exe: 000030B8: 09:52:58 [TUniServerModule]:HTTP Server Started on Port: 85
WebApp_BPKAD.exe: 000030E0: 09:52:58 [127.0.0.1]:EUniSessionException : Invalid session or session Timeout. (Invalid URI: /srs6/serv/urn:publicsanctservices ) : Addr: $00794B4E
WebApp_BPKAD.exe: 0000371C: 09:53:01 [127.0.0.1]:EUniSessionException : Invalid session or session Timeout. (Session not found: AZcVZWJpJg109615570 ) : Addr: $00794B4E
WebApp_BPKAD.exe: 0000371C: 09:53:01 [127.0.0.1]:EUniSessionException : Invalid session or session Timeout. (Session not found: AZcVZWJpJg109615570 ) : Addr: $00794B4E
WebApp_BPKAD.exe: 000014CC: 09:53:11 [[FireDAC][Stan][Eval]-100. Column or function [nama_subunit] is not found. Hint: if the name is a function name, then add FireDAC.Stan.ExprFuncs to uses clause-127.0.0.1]:EFDException : [FireDAC][Stan][Eval]-100. Column or function [nama_subunit] is not found. Hint: if the name is a function name, then add FireDAC.Stan.ExprFuncs to uses clause : Addr: $007E6E80
WebApp_BPKAD.exe: 0000371C: 09:53:13 [127.0.0.1]:EFDException : [FireDAC][Stan][Eval]-100. Column or function [nama_subunit] is not found. Hint: if the name is a function name, then add FireDAC.Stan.ExprFuncs to uses clause : Addr: $007E6E80
WebApp_BPKAD.exe: 000030B8: 09:55:07 [TUniServerModule]:Shutting Down Server.
WebApp_BPKAD.exe: 000030B8: 09:55:07 [TUniServerModule]:Stopping HTTP Server.
WebApp_BPKAD.exe: 000030B8: 09:55:08 [TUniServerModule]:HTTP Server Stopped.
WebApp_BPKAD.exe: 000030B8: 09:55:08 [TUniGUISessionManager]:Terminating Session manager.
WebApp_BPKAD.exe: 000030B8: 09:55:08 [TUniGUISessionManager]:Stopping Cache Eraser...
WebApp_BPKAD.exe: 000030B8: 09:55:08 [TUniGUISessionManager]:Cache Eraser Stopped.
WebApp_BPKAD.exe: 000030B8: 09:55:08 []:EAccessViolation : Access violation at address 00409A48 in module 'WebApp_BPKAD.exe'. Read of address FFFFFFFD : Addr: $00409A48
WebApp_BPKAD.exe: 000030B8: 09:55:08 [TUniGUISessionManager]:Destroying Worker Threads.
WebApp_BPKAD.exe: 000030B8: 09:55:08 [TUniGUISessionManager]:Session manager terminated.
WebApp_BPKAD.exe: 000030B8: 09:55:08 [TUniServerModule]:Server Shutdown Completed.
WebApp_BPKAD.exe: 000030B8: 09:55:08 []:<-------------------------------------------------------------->
WebApp_BPKAD.exe: 000030B8: 09:55:08 [Terminated]:Exit Code: 0
WebApp_BPKAD.exe: 000032FC: 09:55:10 []:>--------------------------------------------------------------<
WebApp_BPKAD.exe: 000032FC: 09:55:10 [TUniServerModule]:Server First Init.
WebApp_BPKAD.exe: 000032FC: 09:55:10 [TUniServerModule]:Starting HTTP Server on Port: 85...
WebApp_BPKAD.exe: 000032FC: 09:55:11 [TUniServerModule]:HTTP Server Started on Port: 85
WebApp_BPKAD.exe: 00000BF4: 09:55:16 [127.0.0.1]:EUniSessionException : Invalid session or session Timeout. (Session not found: 6ObkhBuslZ1096155BE ) : Addr: $00794B4E
WebApp_BPKAD.exe: 00000BF4: 09:55:16 [127.0.0.1]:EUniSessionException : Invalid session or session Timeout. (Session not found: 6ObkhBuslZ1096155BE ) : Addr: $00794B4E
WebApp_BPKAD.exe: 00000BF4: 09:55:29 [[FireDAC][Stan][Eval]-100. Column or function [nama_subunit] is not found. Hint: if the name is a function name, then add FireDAC.Stan.ExprFuncs to uses clause-127.0.0.1]:EFDException : [FireDAC][Stan][Eval]-100. Column or function [nama_subunit] is not found. Hint: if the name is a function name, then add FireDAC.Stan.ExprFuncs to uses clause : Addr: $007E6E80
WebApp_BPKAD.exe: 000032FC: 09:56:29 [TUniServerModule]:Shutting Down Server.
WebApp_BPKAD.exe: 000032FC: 09:56:29 [TUniServerModule]:Stopping HTTP Server.
WebApp_BPKAD.exe: 000032FC: 09:56:30 [TUniServerModule]:HTTP Server Stopped.
WebApp_BPKAD.exe: 000032FC: 09:56:30 [TUniGUISessionManager]:Terminating Session manager.
WebApp_BPKAD.exe: 000032FC: 09:56:30 [TUniGUISessionManager]:Stopping Cache Eraser...
WebApp_BPKAD.exe: 000032FC: 09:56:30 [TUniGUISessionManager]:Cache Eraser Stopped.
WebApp_BPKAD.exe: 000032FC: 09:56:30 []:EAccessViolation : Access violation at address 00409A48 in module 'WebApp_BPKAD.exe'. Read of address FFFFFFFD : Addr: $00409A48
WebApp_BPKAD.exe: 000032FC: 09:56:30 [TUniGUISessionManager]:Destroying Worker Threads.
WebApp_BPKAD.exe: 000032FC: 09:56:30 [TUniGUISessionManager]:Session manager terminated.
WebApp_BPKAD.exe: 000032FC: 09:56:30 [TUniServerModule]:Server Shutdown Completed.
WebApp_BPKAD.exe: 000032FC: 09:56:30 []:<-------------------------------------------------------------->
WebApp_BPKAD.exe: 000032FC: 09:56:30 [Terminated]:Exit Code: 0
WebApp_BPKAD.exe: 0000353C: 10:06:18 []:>--------------------------------------------------------------<
WebApp_BPKAD.exe: 0000353C: 10:06:18 [TUniServerModule]:Server First Init.
WebApp_BPKAD.exe: 0000353C: 10:06:18 [TUniServerModule]:Starting HTTP Server on Port: 85...
WebApp_BPKAD.exe: 0000353C: 10:06:18 [TUniServerModule]:HTTP Server Started on Port: 85
WebApp_BPKAD.exe: 00002C30: 10:06:23 [127.0.0.1]:EUniSessionException : Invalid session or session Timeout. (Session not found: 4M8NTelC3X10961565A ) : Addr: $00794B4E
WebApp_BPKAD.exe: 00002C30: 10:06:23 [127.0.0.1]:EUniSessionException : Invalid session or session Timeout. (Session not found: 4M8NTelC3X10961565A ) : Addr: $00794B4E
WebApp_BPKAD.exe: 0000353C: 10:15:31 [TUniServerModule]:Shutting Down Server.
WebApp_BPKAD.exe: 0000353C: 10:15:31 [TUniServerModule]:Stopping HTTP Server.
WebApp_BPKAD.exe: 0000353C: 10:15:32 [TUniServerModule]:HTTP Server Stopped.
WebApp_BPKAD.exe: 0000353C: 10:15:32 [TUniGUISessionManager]:Terminating Session manager.
WebApp_BPKAD.exe: 0000353C: 10:15:32 [TUniGUISessionManager]:Stopping Cache Eraser...
WebApp_BPKAD.exe: 0000353C: 10:15:32 [TUniGUISessionManager]:Cache Eraser Stopped.
WebApp_BPKAD.exe: 0000353C: 10:15:32 []:EAccessViolation : Access violation at address 00409A48 in module 'WebApp_BPKAD.exe'. Read of address FFFFFFFD : Addr: $00409A48
WebApp_BPKAD.exe: 0000353C: 10:15:32 [TUniGUISessionManager]:Destroying Worker Threads.
WebApp_BPKAD.exe: 0000353C: 10:15:32 [TUniGUISessionManager]:Session manager terminated.
WebApp_BPKAD.exe: 0000353C: 10:15:33 [TUniServerModule]:Server Shutdown Completed.
WebApp_BPKAD.exe: 0000353C: 10:15:33 []:<-------------------------------------------------------------->
WebApp_BPKAD.exe: 0000353C: 10:15:33 [Terminated]:Exit Code: 0
WebApp_BPKAD.exe: 00000E94: 10:15:45 []:>--------------------------------------------------------------<
WebApp_BPKAD.exe: 00000E94: 10:15:45 [TUniServerModule]:Server First Init.
WebApp_BPKAD.exe: 00000E94: 10:15:45 [TUniServerModule]:Starting HTTP Server on Port: 85...
WebApp_BPKAD.exe: 00000E94: 10:15:45 [TUniServerModule]:HTTP Server Started on Port: 85
WebApp_BPKAD.exe: 000019B8: 10:15:48 [127.0.0.1]:EUniSessionException : Invalid session or session Timeout. (Session not found: TKvLCVNGjq10961595E ) : Addr: $00794B4E
WebApp_BPKAD.exe: 000019B8: 10:15:49 [127.0.0.1]:EUniSessionException : Invalid session or session Timeout. (Session not found: TKvLCVNGjq10961595E ) : Addr: $00794B4E
WebApp_BPKAD.exe: 00002890: 10:27:20 [127.0.0.1]:EDatabaseError : qSALDO: Parameter 'nama_ssh' not found : Addr: $00660F4A
WebApp_BPKAD.exe: 000028B4: 10:27:46 [127.0.0.1]:EDatabaseError : qSALDO: Parameter 'nama_bidang' not found : Addr: $00660F4A
WebApp_BPKAD.exe: 0000294C: 10:38:12 []:EAccessViolation : Access violation at address 00409A48 in module 'WebApp_BPKAD.exe'. Read of address FFFFFFFD : Addr: $00409A48
WebApp_BPKAD.exe: 00001A80: 10:52:59 [127.0.0.1]:EUniSessionException : Invalid session or session Timeout. (Invalid URI: /srs6/serv/urn:verificationservices ) : Addr: $00794B4E
WebApp_BPKAD.exe: 00001894: 10:53:48 [127.0.0.1]:EUniSessionException : Invalid session or session Timeout. (Session not found: DRJJ2gqCjM109615BED ) : Addr: $00794B4E
WebApp_BPKAD.exe: 00001894: 10:53:48 [127.0.0.1]:EUniSessionException : Invalid session or session Timeout. (Session not found: DRJJ2gqCjM109615BED ) : Addr: $00794B4E
WebApp_BPKAD.exe: 00000E94: 10:54:12 [TUniServerModule]:Shutting Down Server.
WebApp_BPKAD.exe: 00000E94: 10:54:12 [TUniServerModule]:Stopping HTTP Server.
WebApp_BPKAD.exe: 00000E94: 10:54:13 [TUniServerModule]:HTTP Server Stopped.
WebApp_BPKAD.exe: 00000E94: 10:54:13 [TUniGUISessionManager]:Terminating Session manager.
WebApp_BPKAD.exe: 00000E94: 10:54:13 [TUniGUISessionManager]:Stopping Cache Eraser...
WebApp_BPKAD.exe: 00000E94: 10:54:13 [TUniGUISessionManager]:Cache Eraser Stopped.
WebApp_BPKAD.exe: 00000E94: 10:54:13 []:EAccessViolation : Access violation at address 80000000. Read of address 80000000 : Addr: $80000000
WebApp_BPKAD.exe: 00000E94: 10:54:13 [TUniGUISessionManager]:Destroying Worker Threads.
WebApp_BPKAD.exe: 00000E94: 10:54:13 [TUniGUISessionManager]:Session manager terminated.
WebApp_BPKAD.exe: 00000E94: 10:54:13 [TUniServerModule]:Server Shutdown Completed.
WebApp_BPKAD.exe: 00000E94: 10:54:13 []:<-------------------------------------------------------------->
WebApp_BPKAD.exe: 00000E94: 10:54:13 [Terminated]:Exit Code: 0
WebApp_BPKAD.exe: 0000194C: 10:57:03 []:>--------------------------------------------------------------<
WebApp_BPKAD.exe: 0000194C: 10:57:03 [TUniServerModule]:Server First Init.
WebApp_BPKAD.exe: 0000194C: 10:57:03 [TUniServerModule]:Starting HTTP Server on Port: 85...
WebApp_BPKAD.exe: 0000194C: 10:57:04 [TUniServerModule]:HTTP Server Started on Port: 85
WebApp_BPKAD.exe: 000027EC: 10:57:07 [127.0.0.1]:EUniSessionException : Invalid session or session Timeout. (Session not found: MUaLm51qLj10961663C ) : Addr: $00794B4E
WebApp_BPKAD.exe: 000027EC: 10:57:07 [127.0.0.1]:EUniSessionException : Invalid session or session Timeout. (Session not found: MUaLm51qLj10961663C ) : Addr: $00794B4E
WebApp_BPKAD.exe: 0000194C: 11:08:04 [TUniServerModule]:Shutting Down Server.
WebApp_BPKAD.exe: 0000194C: 11:08:04 [TUniServerModule]:Stopping HTTP Server.
WebApp_BPKAD.exe: 0000194C: 11:08:05 [TUniServerModule]:HTTP Server Stopped.
WebApp_BPKAD.exe: 0000194C: 11:08:05 [TUniGUISessionManager]:Terminating Session manager.
WebApp_BPKAD.exe: 0000194C: 11:08:05 [TUniGUISessionManager]:Stopping Cache Eraser...
WebApp_BPKAD.exe: 0000194C: 11:08:05 [TUniGUISessionManager]:Cache Eraser Stopped.
WebApp_BPKAD.exe: 0000194C: 11:08:05 []:EAccessViolation : Access violation at address 00409A48 in module 'WebApp_BPKAD.exe'. Read of address FFFFFFFD : Addr: $00409A48
WebApp_BPKAD.exe: 0000194C: 11:08:05 [TUniGUISessionManager]:Destroying Worker Threads.
WebApp_BPKAD.exe: 0000194C: 11:08:05 [TUniGUISessionManager]:Session manager terminated.
WebApp_BPKAD.exe: 0000194C: 11:08:05 [TUniServerModule]:Server Shutdown Completed.
WebApp_BPKAD.exe: 0000194C: 11:08:05 []:<-------------------------------------------------------------->
WebApp_BPKAD.exe: 0000194C: 11:08:05 [Terminated]:Exit Code: 0
WebApp_BPKAD.exe: 00001E00: 11:08:28 []:>--------------------------------------------------------------<
WebApp_BPKAD.exe: 00001E00: 11:08:28 [TUniServerModule]:Server First Init.
WebApp_BPKAD.exe: 00001E00: 11:08:28 [TUniServerModule]:Starting HTTP Server on Port: 85...
WebApp_BPKAD.exe: 00001E00: 11:08:28 [TUniServerModule]:HTTP Server Started on Port: 85
WebApp_BPKAD.exe: 0000272C: 11:08:33 [127.0.0.1]:EUniSessionException : Invalid session or session Timeout. (Session not found: oq9uTydNII109616722 ) : Addr: $00794B4E
WebApp_BPKAD.exe: 0000272C: 11:08:33 [127.0.0.1]:EUniSessionException : Invalid session or session Timeout. (Session not found: oq9uTydNII109616722 ) : Addr: $00794B4E
WebApp_BPKAD.exe: 00001E00: 11:11:42 [TUniServerModule]:Shutting Down Server.
WebApp_BPKAD.exe: 00001E00: 11:11:42 [TUniServerModule]:Stopping HTTP Server.
WebApp_BPKAD.exe: 00001E00: 11:11:43 [TUniServerModule]:HTTP Server Stopped.
WebApp_BPKAD.exe: 00001E00: 11:11:43 [TUniGUISessionManager]:Terminating Session manager.
WebApp_BPKAD.exe: 00001E00: 11:11:43 [TUniGUISessionManager]:Stopping Cache Eraser...
WebApp_BPKAD.exe: 00001E00: 11:11:43 [TUniGUISessionManager]:Cache Eraser Stopped.
WebApp_BPKAD.exe: 00001E00: 11:11:43 []:EAccessViolation : Access violation at address 00409A48 in module 'WebApp_BPKAD.exe'. Read of address FFFFFFFD : Addr: $00409A48
WebApp_BPKAD.exe: 00001E00: 11:11:43 [TUniGUISessionManager]:Destroying Worker Threads.
WebApp_BPKAD.exe: 00001E00: 11:11:43 [TUniGUISessionManager]:Session manager terminated.
WebApp_BPKAD.exe: 00001E00: 11:11:43 [TUniServerModule]:Server Shutdown Completed.
WebApp_BPKAD.exe: 00001E00: 11:11:43 []:<-------------------------------------------------------------->
WebApp_BPKAD.exe: 00001E00: 11:11:43 [Terminated]:Exit Code: 0
WebApp_BPKAD.exe: 00000D74: 11:11:46 []:>--------------------------------------------------------------<
WebApp_BPKAD.exe: 00000D74: 11:11:46 [TUniServerModule]:Server First Init.
WebApp_BPKAD.exe: 00000D74: 11:11:46 [TUniServerModule]:Starting HTTP Server on Port: 85...
WebApp_BPKAD.exe: 00000D74: 11:11:47 [TUniServerModule]:HTTP Server Started on Port: 85
WebApp_BPKAD.exe: 00003584: 11:11:49 [127.0.0.1]:EUniSessionException : Invalid session or session Timeout. (Session not found: VrCiIXYEtB109616A3B ) : Addr: $00794B4E
WebApp_BPKAD.exe: 00003584: 11:11:49 [127.0.0.1]:EUniSessionException : Invalid session or session Timeout. (Session not found: VrCiIXYEtB109616A3B ) : Addr: $00794B4E
WebApp_BPKAD.exe: 000008CC: 11:22:02 []:EAccessViolation : Access violation at address 00409A48 in module 'WebApp_BPKAD.exe'. Read of address FFFFFFFD : Addr: $00409A48
WebApp_BPKAD.exe: 00002C24: 11:22:12 [127.0.0.1]:EUniSessionException : Invalid session or session Timeout. (Session not found: tWhRdTtoWi109616B1F ) : Addr: $00794B4E
WebApp_BPKAD.exe: 00002C24: 11:22:12 [127.0.0.1]:EUniSessionException : Invalid session or session Timeout. (Session not found: tWhRdTtoWi109616B1F ) : Addr: $00794B4E
WebApp_BPKAD.exe: 00002C24: 11:22:12 [127.0.0.1]:EUniSessionException : Invalid session or session Timeout. (Session not found: tWhRdTtoWi109616B1F ) : Addr: $00794B4E
WebApp_BPKAD.exe: 00001168: 11:22:41 [127.0.0.1]:EConvertError : '2020' is not a valid date : Addr: $004274A2
WebApp_BPKAD.exe: 00000D74: 11:27:47 [TUniServerModule]:Shutting Down Server.
WebApp_BPKAD.exe: 00000D74: 11:27:47 [TUniServerModule]:Stopping HTTP Server.
WebApp_BPKAD.exe: 00000D74: 11:27:48 [TUniServerModule]:HTTP Server Stopped.
WebApp_BPKAD.exe: 00000D74: 11:27:48 [TUniGUISessionManager]:Terminating Session manager.
WebApp_BPKAD.exe: 00000D74: 11:27:48 [TUniGUISessionManager]:Stopping Cache Eraser...
WebApp_BPKAD.exe: 00000D74: 11:27:48 [TUniGUISessionManager]:Cache Eraser Stopped.
WebApp_BPKAD.exe: 00000D74: 11:27:48 []:EAccessViolation : Access violation at address 80000000. Read of address 80000000 : Addr: $80000000
WebApp_BPKAD.exe: 00000D74: 11:27:48 [TUniGUISessionManager]:Destroying Worker Threads.
WebApp_BPKAD.exe: 00000D74: 11:27:48 [TUniGUISessionManager]:Session manager terminated.
WebApp_BPKAD.exe: 00000D74: 11:27:48 [TUniServerModule]:Server Shutdown Completed.
WebApp_BPKAD.exe: 00000D74: 11:27:48 []:<-------------------------------------------------------------->
WebApp_BPKAD.exe: 00000D74: 11:27:48 [Terminated]:Exit Code: 0
WebApp_BPKAD.exe: 000030E0: 11:38:22 []:>--------------------------------------------------------------<
WebApp_BPKAD.exe: 000030E0: 11:38:22 [TUniServerModule]:Server First Init.
WebApp_BPKAD.exe: 000030E0: 11:38:23 [TUniServerModule]:Starting HTTP Server on Port: 85...
WebApp_BPKAD.exe: 000030E0: 11:38:23 [TUniServerModule]:HTTP Server Started on Port: 85
WebApp_BPKAD.exe: 000021C4: 11:38:29 [127.0.0.1]:EUniSessionException : Invalid session or session Timeout. (Session not found: VCoHEFiQ3C109616DF0 ) : Addr: $00794B4E
WebApp_BPKAD.exe: 000021C4: 11:38:29 [127.0.0.1]:EUniSessionException : Invalid session or session Timeout. (Session not found: VCoHEFiQ3C109616DF0 ) : Addr: $00794B4E
WebApp_BPKAD.exe: 00002E34: 11:38:45 [127.0.0.1]:EConvertError : '2020' is not a valid date : Addr: $004274A2
WebApp_BPKAD.exe: 00002E34: 11:38:50 [127.0.0.1]:EConvertError : '-1-01-01' is not a valid date and time : Addr: $004274A2
WebApp_BPKAD.exe: 00002E34: 11:40:02 [127.0.0.1]:EConvertError : '2020' is not a valid date : Addr: $004274A2
WebApp_BPKAD.exe: 00002E34: 11:40:06 [127.0.0.1]:EConvertError : '-1-01-01' is not a valid date and time : Addr: $004274A2
WebApp_BPKAD.exe: 00002E34: 11:40:10 [127.0.0.1]:EConvertError : '-1-01-01' is not a valid date and time : Addr: $004274A2
WebApp_BPKAD.exe: 000030E0: 11:42:57 [TUniServerModule]:Shutting Down Server.
WebApp_BPKAD.exe: 000030E0: 11:42:57 [TUniServerModule]:Stopping HTTP Server.
WebApp_BPKAD.exe: 000030E0: 11:42:58 [TUniServerModule]:HTTP Server Stopped.
WebApp_BPKAD.exe: 000030E0: 11:42:58 [TUniGUISessionManager]:Terminating Session manager.
WebApp_BPKAD.exe: 000030E0: 11:42:58 [TUniGUISessionManager]:Stopping Cache Eraser...
WebApp_BPKAD.exe: 000030E0: 11:42:58 [TUniGUISessionManager]:Cache Eraser Stopped.
WebApp_BPKAD.exe: 000030E0: 11:42:58 []:EAccessViolation : Access violation at address 00409A48 in module 'WebApp_BPKAD.exe'. Read of address FFFFFFFD : Addr: $00409A48
WebApp_BPKAD.exe: 000030E0: 11:42:58 [TUniGUISessionManager]:Destroying Worker Threads.
WebApp_BPKAD.exe: 000030E0: 11:42:58 [TUniGUISessionManager]:Session manager terminated.
WebApp_BPKAD.exe: 000030E0: 11:42:58 [TUniServerModule]:Server Shutdown Completed.
WebApp_BPKAD.exe: 000030E0: 11:42:58 []:<-------------------------------------------------------------->
WebApp_BPKAD.exe: 000030E0: 11:42:58 [Terminated]:Exit Code: 0
WebApp_BPKAD.exe: 00003788: 11:43:33 []:>--------------------------------------------------------------<
WebApp_BPKAD.exe: 00003788: 11:43:33 [TUniServerModule]:Server First Init.
WebApp_BPKAD.exe: 00003788: 11:43:33 [TUniServerModule]:Starting HTTP Server on Port: 85...
WebApp_BPKAD.exe: 00003788: 11:43:33 [TUniServerModule]:HTTP Server Started on Port: 85
WebApp_BPKAD.exe: 000032E8: 11:43:37 [127.0.0.1]:EUniSessionException : Invalid session or session Timeout. (Session not found: rLAbspc7Y410961725A ) : Addr: $00794B4E
WebApp_BPKAD.exe: 000032E8: 11:43:37 [127.0.0.1]:EUniSessionException : Invalid session or session Timeout. (Session not found: rLAbspc7Y410961725A ) : Addr: $00794B4E
WebApp_BPKAD.exe: 00003678: 11:43:50 [127.0.0.1]:EVariantTypeCastError : Could not convert variant of type (OleStr) into type (Double) : Addr: $0043AE44
WebApp_BPKAD.exe: 00003678: 11:44:15 [127.0.0.1]:EConvertError : '2020' is not a valid date : Addr: $004274A2
WebApp_BPKAD.exe: 00003678: 11:44:42 [127.0.0.1]:EConvertError : '2020' is not a valid date : Addr: $004274A2
WebApp_BPKAD.exe: 00003678: 11:45:04 [127.0.0.1]:EConvertError : '2020' is not a valid date : Addr: $004274A2
WebApp_BPKAD.exe: 00003788: 11:47:34 [TUniServerModule]:Shutting Down Server.
WebApp_BPKAD.exe: 00003788: 11:47:34 [TUniServerModule]:Stopping HTTP Server.
WebApp_BPKAD.exe: 00003788: 11:47:35 [TUniServerModule]:HTTP Server Stopped.
WebApp_BPKAD.exe: 00003788: 11:47:35 [TUniGUISessionManager]:Terminating Session manager.
WebApp_BPKAD.exe: 00003788: 11:47:35 [TUniGUISessionManager]:Stopping Cache Eraser...
WebApp_BPKAD.exe: 00003788: 11:47:35 [TUniGUISessionManager]:Cache Eraser Stopped.
WebApp_BPKAD.exe: 00003788: 11:47:35 []:EAccessViolation : Access violation at address 00409A48 in module 'WebApp_BPKAD.exe'. Read of address FFFFFFFD : Addr: $00409A48
WebApp_BPKAD.exe: 00003788: 11:47:35 [TUniGUISessionManager]:Destroying Worker Threads.
WebApp_BPKAD.exe: 00003788: 11:47:35 [TUniGUISessionManager]:Session manager terminated.
WebApp_BPKAD.exe: 00003788: 11:47:35 [TUniServerModule]:Server Shutdown Completed.
WebApp_BPKAD.exe: 00003788: 11:47:35 []:<-------------------------------------------------------------->
WebApp_BPKAD.exe: 00003788: 11:47:35 [Terminated]:Exit Code: 0
WebApp_BPKAD.exe: 00001CAC: 11:47:41 []:>--------------------------------------------------------------<
WebApp_BPKAD.exe: 00001CAC: 11:47:41 [TUniServerModule]:Server First Init.
WebApp_BPKAD.exe: 00001CAC: 11:47:41 [TUniServerModule]:Starting HTTP Server on Port: 85...
WebApp_BPKAD.exe: 00001CAC: 11:47:42 [TUniServerModule]:HTTP Server Started on Port: 85
WebApp_BPKAD.exe: 00000EEC: 11:47:45 [127.0.0.1]:EUniSessionException : Invalid session or session Timeout. (Session not found: htINWlZsgU1096173BF ) : Addr: $00794B4E
WebApp_BPKAD.exe: 00000EEC: 11:47:45 [127.0.0.1]:EUniSessionException : Invalid session or session Timeout. (Session not found: htINWlZsgU1096173BF ) : Addr: $00794B4E
WebApp_BPKAD.exe: 00000ED4: 11:47:59 [127.0.0.1]:EConvertError : '2020' is not a valid date : Addr: $004274A2
WebApp_BPKAD.exe: 00000ED4: 11:48:02 [127.0.0.1]:EConvertError : '0-01-01' is not a valid date and time : Addr: $004274A2
WebApp_BPKAD.exe: 00000ED4: 11:48:28 [127.0.0.1]:EConvertError : '0-01-01' is not a valid date and time : Addr: $004274A2
WebApp_BPKAD.exe: 00000ED4: 11:48:47 [127.0.0.1]:EConvertError : '0-01-01' is not a valid date and time : Addr: $004274A2
WebApp_BPKAD.exe: 00000ED4: 11:48:55 [127.0.0.1]:EConvertError : '2020' is not a valid date : Addr: $004274A2
WebApp_BPKAD.exe: 00000ED4: 11:49:00 [127.0.0.1]:EConvertError : '0-01-01' is not a valid date and time : Addr: $004274A2
WebApp_BPKAD.exe: 00001CAC: 11:49:12 [TUniServerModule]:Shutting Down Server.
WebApp_BPKAD.exe: 00001CAC: 11:49:12 [TUniServerModule]:Stopping HTTP Server.
WebApp_BPKAD.exe: 00001CAC: 11:49:13 [TUniServerModule]:HTTP Server Stopped.
WebApp_BPKAD.exe: 00001CAC: 11:49:13 [TUniGUISessionManager]:Terminating Session manager.
WebApp_BPKAD.exe: 00001CAC: 11:49:13 [TUniGUISessionManager]:Stopping Cache Eraser...
WebApp_BPKAD.exe: 00001CAC: 11:49:13 [TUniGUISessionManager]:Cache Eraser Stopped.
WebApp_BPKAD.exe: 00001CAC: 11:49:13 []:EAccessViolation : Access violation at address 00409A48 in module 'WebApp_BPKAD.exe'. Read of address FFFFFFFD : Addr: $00409A48
WebApp_BPKAD.exe: 00001CAC: 11:49:13 [TUniGUISessionManager]:Destroying Worker Threads.
WebApp_BPKAD.exe: 00001CAC: 11:49:13 [TUniGUISessionManager]:Session manager terminated.
WebApp_BPKAD.exe: 00001CAC: 11:49:13 [TUniServerModule]:Server Shutdown Completed.
WebApp_BPKAD.exe: 00001CAC: 11:49:13 []:<-------------------------------------------------------------->
WebApp_BPKAD.exe: 00001CAC: 11:49:13 [Terminated]:Exit Code: 0
WebApp_BPKAD.exe: 00001EA8: 11:57:27 []:>--------------------------------------------------------------<
WebApp_BPKAD.exe: 00001EA8: 11:57:27 [TUniServerModule]:Server First Init.
WebApp_BPKAD.exe: 00001EA8: 11:57:27 [TUniServerModule]:Starting HTTP Server on Port: 85...
WebApp_BPKAD.exe: 00001EA8: 11:57:27 [TUniServerModule]:HTTP Server Started on Port: 85
WebApp_BPKAD.exe: 00000E04: 11:57:27 [127.0.0.1]:EUniSessionException : Invalid session or session Timeout. (Session not found: EiJupeny2U1096174DE ) : Addr: $00794B4E
WebApp_BPKAD.exe: 00000E04: 11:57:28 [127.0.0.1]:EUniSessionException : Invalid session or session Timeout. (Session not found: EiJupeny2U1096174DE ) : Addr: $00794B4E
WebApp_BPKAD.exe: 00000E04: 11:57:28 [127.0.0.1]:EUniSessionException : Invalid session or session Timeout. (Session not found: EiJupeny2U1096174DE ) : Addr: $00794B4E
WebApp_BPKAD.exe: 00002B9C: 12:01:52 [qSALDO: Type mismatch for field 'tahun', expecting: Date actual: Integer-127.0.0.1]:EDatabaseError : qSALDO: Type mismatch for field 'tahun', expecting: Date actual: Integer : Addr: $00660F4A
WebApp_BPKAD.exe: 00001EA8: 12:02:05 [TUniServerModule]:Shutting Down Server.
WebApp_BPKAD.exe: 00001EA8: 12:02:05 [TUniServerModule]:Stopping HTTP Server.
WebApp_BPKAD.exe: 00001EA8: 12:02:06 [TUniServerModule]:HTTP Server Stopped.
WebApp_BPKAD.exe: 00001EA8: 12:02:06 [TUniGUISessionManager]:Terminating Session manager.
WebApp_BPKAD.exe: 00001EA8: 12:02:06 [TUniGUISessionManager]:Stopping Cache Eraser...
WebApp_BPKAD.exe: 00001EA8: 12:02:06 [TUniGUISessionManager]:Cache Eraser Stopped.
WebApp_BPKAD.exe: 00001EA8: 12:02:06 []:EAccessViolation : Access violation at address 00409A48 in module 'WebApp_BPKAD.exe'. Read of address FFFFFFFD : Addr: $00409A48
WebApp_BPKAD.exe: 00001EA8: 12:02:06 [TUniGUISessionManager]:Destroying Worker Threads.
WebApp_BPKAD.exe: 00001EA8: 12:02:06 [TUniGUISessionManager]:Session manager terminated.
WebApp_BPKAD.exe: 00001EA8: 12:02:06 [TUniServerModule]:Server Shutdown Completed.
WebApp_BPKAD.exe: 00001EA8: 12:02:06 []:<-------------------------------------------------------------->
WebApp_BPKAD.exe: 00001EA8: 12:02:06 [Terminated]:Exit Code: 0
WebApp_BPKAD.exe: 00000668: 12:02:56 []:>--------------------------------------------------------------<
WebApp_BPKAD.exe: 00000668: 12:02:56 [TUniServerModule]:Server First Init.
WebApp_BPKAD.exe: 00000668: 12:02:56 [TUniServerModule]:Starting HTTP Server on Port: 85...
WebApp_BPKAD.exe: 00000668: 12:02:56 [TUniServerModule]:HTTP Server Started on Port: 85
WebApp_BPKAD.exe: 00001D64: 12:02:58 [127.0.0.1]:EUniSessionException : Invalid session or session Timeout. (Session not found: ueK7Km8DQC109617780 ) : Addr: $00794B4E
WebApp_BPKAD.exe: 00001D64: 12:02:58 [127.0.0.1]:EUniSessionException : Invalid session or session Timeout. (Session not found: ueK7Km8DQC109617780 ) : Addr: $00794B4E
WebApp_BPKAD.exe: 00001350: 12:05:39 [127.0.0.1]:EVariantTypeCastError : Could not convert variant of type (OleStr) into type (Double) : Addr: $0043AE44
WebApp_BPKAD.exe: 00000668: 12:07:55 [TUniServerModule]:Shutting Down Server.
WebApp_BPKAD.exe: 00000668: 12:07:55 [TUniServerModule]:Stopping HTTP Server.
WebApp_BPKAD.exe: 00000668: 12:07:56 [TUniServerModule]:HTTP Server Stopped.
WebApp_BPKAD.exe: 00000668: 12:07:56 [TUniGUISessionManager]:Terminating Session manager.
WebApp_BPKAD.exe: 00000668: 12:07:56 [TUniGUISessionManager]:Stopping Cache Eraser...
WebApp_BPKAD.exe: 00000668: 12:07:56 [TUniGUISessionManager]:Cache Eraser Stopped.
WebApp_BPKAD.exe: 00000668: 12:07:56 []:EAccessViolation : Access violation at address 00409A48 in module 'WebApp_BPKAD.exe'. Read of address FFFFFFFD : Addr: $00409A48
WebApp_BPKAD.exe: 00000668: 12:07:56 [TUniGUISessionManager]:Destroying Worker Threads.
WebApp_BPKAD.exe: 00000668: 12:07:56 [TUniGUISessionManager]:Session manager terminated.
WebApp_BPKAD.exe: 00000668: 12:07:56 [TUniServerModule]:Server Shutdown Completed.
WebApp_BPKAD.exe: 00000668: 12:07:56 []:<-------------------------------------------------------------->
WebApp_BPKAD.exe: 00000668: 12:07:56 [Terminated]:Exit Code: 0
WebApp_BPKAD.exe: 0000318C: 12:07:59 []:>--------------------------------------------------------------<
WebApp_BPKAD.exe: 0000318C: 12:07:59 [TUniServerModule]:Server First Init.
WebApp_BPKAD.exe: 0000318C: 12:07:59 [TUniServerModule]:Starting HTTP Server on Port: 85...
WebApp_BPKAD.exe: 0000318C: 12:07:59 [TUniServerModule]:HTTP Server Started on Port: 85
WebApp_BPKAD.exe: 00000E8C: 12:08:01 [127.0.0.1]:EUniSessionException : Invalid session or session Timeout. (Session not found: 5BxpjdUMnp1096178FF ) : Addr: $00794B4E
WebApp_BPKAD.exe: 00000E8C: 12:08:01 [127.0.0.1]:EUniSessionException : Invalid session or session Timeout. (Session not found: 5BxpjdUMnp1096178FF ) : Addr: $00794B4E
WebApp_BPKAD.exe: 0000318C: 12:08:33 [TUniServerModule]:Shutting Down Server.
WebApp_BPKAD.exe: 0000318C: 12:08:33 [TUniServerModule]:Stopping HTTP Server.
WebApp_BPKAD.exe: 0000318C: 12:08:34 [TUniServerModule]:HTTP Server Stopped.
WebApp_BPKAD.exe: 0000318C: 12:08:34 [TUniGUISessionManager]:Terminating Session manager.
WebApp_BPKAD.exe: 0000318C: 12:08:34 [TUniGUISessionManager]:Stopping Cache Eraser...
WebApp_BPKAD.exe: 0000318C: 12:08:34 [TUniGUISessionManager]:Cache Eraser Stopped.
WebApp_BPKAD.exe: 0000318C: 12:08:34 []:EAccessViolation : Access violation at address 00409A48 in module 'WebApp_BPKAD.exe'. Read of address FFFFFFFD : Addr: $00409A48
WebApp_BPKAD.exe: 0000318C: 12:08:34 [TUniGUISessionManager]:Destroying Worker Threads.
WebApp_BPKAD.exe: 0000318C: 12:08:34 [TUniGUISessionManager]:Session manager terminated.
WebApp_BPKAD.exe: 0000318C: 12:08:34 [TUniServerModule]:Server Shutdown Completed.
WebApp_BPKAD.exe: 0000318C: 12:08:34 []:<-------------------------------------------------------------->
WebApp_BPKAD.exe: 0000318C: 12:08:34 [Terminated]:Exit Code: 0
WebApp_BPKAD.exe: 00002224: 12:09:11 []:>--------------------------------------------------------------<
WebApp_BPKAD.exe: 00002224: 12:09:11 [TUniServerModule]:Server First Init.
WebApp_BPKAD.exe: 00002224: 12:09:11 [TUniServerModule]:Starting HTTP Server on Port: 85...
WebApp_BPKAD.exe: 00002224: 12:09:12 [TUniServerModule]:HTTP Server Started on Port: 85
WebApp_BPKAD.exe: 000036AC: 12:09:15 [127.0.0.1]:EUniSessionException : Invalid session or session Timeout. (Session not found: LQFo47MqMY109617A5E ) : Addr: $00794B4E
WebApp_BPKAD.exe: 000036AC: 12:09:15 [127.0.0.1]:EUniSessionException : Invalid session or session Timeout. (Session not found: LQFo47MqMY109617A5E ) : Addr: $00794B4E
WebApp_BPKAD.exe: 00002224: 12:19:34 [TUniServerModule]:Shutting Down Server.
WebApp_BPKAD.exe: 00002224: 12:19:34 [TUniServerModule]:Stopping HTTP Server.
WebApp_BPKAD.exe: 00002224: 12:19:35 [TUniServerModule]:HTTP Server Stopped.
WebApp_BPKAD.exe: 00002224: 12:19:35 [TUniGUISessionManager]:Terminating Session manager.
WebApp_BPKAD.exe: 00002224: 12:19:35 [TUniGUISessionManager]:Stopping Cache Eraser...
WebApp_BPKAD.exe: 00002224: 12:19:35 [TUniGUISessionManager]:Cache Eraser Stopped.
WebApp_BPKAD.exe: 00002224: 12:19:35 []:EAccessViolation : Access violation at address 00409A48 in module 'WebApp_BPKAD.exe'. Read of address FFFFFFFD : Addr: $00409A48
WebApp_BPKAD.exe: 00002224: 12:19:35 [TUniGUISessionManager]:Destroying Worker Threads.
WebApp_BPKAD.exe: 00002224: 12:19:35 [TUniGUISessionManager]:Session manager terminated.
WebApp_BPKAD.exe: 00002224: 12:19:35 [TUniServerModule]:Server Shutdown Completed.
WebApp_BPKAD.exe: 00002224: 12:19:35 []:<-------------------------------------------------------------->
WebApp_BPKAD.exe: 00002224: 12:19:35 [Terminated]:Exit Code: 0
WebApp_BPKAD.exe: 00000E8C: 12:19:38 []:>--------------------------------------------------------------<
WebApp_BPKAD.exe: 00000E8C: 12:19:38 [TUniServerModule]:Server First Init.
WebApp_BPKAD.exe: 00000E8C: 12:19:38 [TUniServerModule]:Starting HTTP Server on Port: 85...
WebApp_BPKAD.exe: 00000E8C: 12:19:38 [TUniServerModule]:HTTP Server Started on Port: 85
WebApp_BPKAD.exe: 000006B8: 12:19:42 [127.0.0.1]:EUniSessionException : Invalid session or session Timeout. (Session not found: sANGQ7RRAe109617AB3 ) : Addr: $00794B4E
WebApp_BPKAD.exe: 000006B8: 12:19:43 [127.0.0.1]:EUniSessionException : Invalid session or session Timeout. (Session not found: sANGQ7RRAe109617AB3 ) : Addr: $00794B4E
WebApp_BPKAD.exe: 00000E8C: 12:20:08 [TUniServerModule]:Shutting Down Server.
WebApp_BPKAD.exe: 00000E8C: 12:20:08 [TUniServerModule]:Stopping HTTP Server.
WebApp_BPKAD.exe: 00000E8C: 12:20:09 [TUniServerModule]:HTTP Server Stopped.
WebApp_BPKAD.exe: 00000E8C: 12:20:09 [TUniGUISessionManager]:Terminating Session manager.
WebApp_BPKAD.exe: 00000E8C: 12:20:09 [TUniGUISessionManager]:Stopping Cache Eraser...
WebApp_BPKAD.exe: 00000E8C: 12:20:09 [TUniGUISessionManager]:Cache Eraser Stopped.
WebApp_BPKAD.exe: 00000E8C: 12:20:09 []:EAccessViolation : Access violation at address 00409A48 in module 'WebApp_BPKAD.exe'. Read of address FFFFFFFD : Addr: $00409A48
WebApp_BPKAD.exe: 00000E8C: 12:20:09 [TUniGUISessionManager]:Destroying Worker Threads.
WebApp_BPKAD.exe: 00000E8C: 12:20:09 [TUniGUISessionManager]:Session manager terminated.
WebApp_BPKAD.exe: 00000E8C: 12:20:09 [TUniServerModule]:Server Shutdown Completed.
WebApp_BPKAD.exe: 00000E8C: 12:20:09 []:<-------------------------------------------------------------->
WebApp_BPKAD.exe: 00000E8C: 12:20:09 [Terminated]:Exit Code: 0
WebApp_BPKAD.exe: 000008D4: 12:29:08 []:>--------------------------------------------------------------<
WebApp_BPKAD.exe: 000008D4: 12:29:08 [TUniServerModule]:Server First Init.
WebApp_BPKAD.exe: 000008D4: 12:29:08 [TUniServerModule]:Starting HTTP Server on Port: 85...
WebApp_BPKAD.exe: 000008D4: 12:29:09 [TUniServerModule]:HTTP Server Started on Port: 85
WebApp_BPKAD.exe: 00002A54: 12:29:09 [127.0.0.1]:EUniSessionException : Invalid session or session Timeout. (Session not found: lD4b2GyLbh109617D89 ) : Addr: $00794B4E
WebApp_BPKAD.exe: 00002A54: 12:29:09 [127.0.0.1]:EUniSessionException : Invalid session or session Timeout. (Session not found: lD4b2GyLbh109617D89 ) : Addr: $00794B4E
WebApp_BPKAD.exe: 0000183C: 12:40:44 []:EAccessViolation : Access violation at address 00409A48 in module 'WebApp_BPKAD.exe'. Read of address FFFFFFFD : Addr: $00409A48
WebApp_BPKAD.exe: 00000E08: 12:53:00 [127.0.0.1]:EUniSessionException : Invalid session or session Timeout. (Invalid URI: /srs6/serv/urn:verificationservices ) : Addr: $00794B4E
WebApp_BPKAD.exe: 00001040: 12:54:35 [127.0.0.1]:EUniSessionException : Invalid session or session Timeout. (Session not found: 23T849fDxB109618019 ) : Addr: $00794B4E
WebApp_BPKAD.exe: 00001040: 12:54:35 [127.0.0.1]:EUniSessionException : Invalid session or session Timeout. (Session not found: 23T849fDxB109618019 ) : Addr: $00794B4E
WebApp_BPKAD.exe: 00001040: 12:54:35 [127.0.0.1]:EUniSessionException : Invalid session or session Timeout. (Session not found: 23T849fDxB109618019 ) : Addr: $00794B4E
WebApp_BPKAD.exe: 0000183C: 12:57:21 []:EInvalidPointer : Invalid pointer operation : Addr: $00409955
WebApp_BPKAD.exe: 000008D4: 12:58:03 [TUniServerModule]:Shutting Down Server.
WebApp_BPKAD.exe: 000008D4: 12:58:03 [TUniServerModule]:Stopping HTTP Server.
WebApp_BPKAD.exe: 000008D4: 12:58:04 [TUniServerModule]:HTTP Server Stopped.
WebApp_BPKAD.exe: 000008D4: 12:58:04 [TUniGUISessionManager]:Terminating Session manager.
WebApp_BPKAD.exe: 000008D4: 12:58:04 [TUniGUISessionManager]:Stopping Cache Eraser...
WebApp_BPKAD.exe: 000008D4: 12:58:04 [TUniGUISessionManager]:Cache Eraser Stopped.
WebApp_BPKAD.exe: 000008D4: 12:58:04 [TUniGUISessionManager]:Destroying Worker Threads.
WebApp_BPKAD.exe: 000008D4: 12:58:04 [TUniGUISessionManager]:Session manager terminated.
WebApp_BPKAD.exe: 000008D4: 12:58:04 [TUniServerModule]:Server Shutdown Completed.
WebApp_BPKAD.exe: 000008D4: 12:58:04 []:<-------------------------------------------------------------->
WebApp_BPKAD.exe: 000008D4: 12:58:04 [Terminated]:Exit Code: 0
WebApp_BPKAD.exe: 000013B4: 19:31:45 []:>--------------------------------------------------------------<
WebApp_BPKAD.exe: 000013B4: 19:31:45 [TUniServerModule]:Server First Init.
WebApp_BPKAD.exe: 000013B4: 19:31:45 [TUniServerModule]:Starting HTTP Server on Port: 85...
WebApp_BPKAD.exe: 000013B4: 19:31:46 [TUniServerModule]:HTTP Server Started on Port: 85
WebApp_BPKAD.exe: 000002B4: 19:32:18 [127.0.0.1]:EMSSQLNativeException : [FireDAC][Phys][ODBC][Microsoft][SQL Server Native Client 11.0][SQL Server]Login failed for user 'bpkad_hst'. : Addr: $008CE319
WebApp_BPKAD.exe: 00000DE0: 19:32:54 [qSALDO: Type mismatch for field 'tahun', expecting: Integer actual: Date-127.0.0.1]:EDatabaseError : qSALDO: Type mismatch for field 'tahun', expecting: Integer actual: Date : Addr: $00660F4A
WebApp_BPKAD.exe: 000013B4: 19:46:49 [TUniServerModule]:Shutting Down Server.
WebApp_BPKAD.exe: 000013B4: 19:46:49 [TUniServerModule]:Stopping HTTP Server.
WebApp_BPKAD.exe: 000013B4: 19:46:50 [TUniServerModule]:HTTP Server Stopped.
WebApp_BPKAD.exe: 000013B4: 19:46:50 [TUniGUISessionManager]:Terminating Session manager.
WebApp_BPKAD.exe: 000013B4: 19:46:50 [TUniGUISessionManager]:Stopping Cache Eraser...
WebApp_BPKAD.exe: 000013B4: 19:46:50 [TUniGUISessionManager]:Cache Eraser Stopped.
WebApp_BPKAD.exe: 000013B4: 19:46:50 []:EAccessViolation : Access violation at address 00409A48 in module 'WebApp_BPKAD.exe'. Read of address FFFFFFFD : Addr: $00409A48
WebApp_BPKAD.exe: 000013B4: 19:46:50 [TUniGUISessionManager]:Destroying Worker Threads.
WebApp_BPKAD.exe: 000013B4: 19:46:50 [TUniGUISessionManager]:Session manager terminated.
WebApp_BPKAD.exe: 000013B4: 19:46:50 [TUniServerModule]:Server Shutdown Completed.
WebApp_BPKAD.exe: 000013B4: 19:46:50 []:<-------------------------------------------------------------->
WebApp_BPKAD.exe: 000013B4: 19:46:50 [Terminated]:Exit Code: 0
WebApp_BPKAD.exe: 000031F0: 19:46:51 []:>--------------------------------------------------------------<
WebApp_BPKAD.exe: 000031F0: 19:46:51 [TUniServerModule]:Server First Init.
WebApp_BPKAD.exe: 000031F0: 19:46:51 [TUniServerModule]:Starting HTTP Server on Port: 85...
WebApp_BPKAD.exe: 000031F0: 19:46:52 [TUniServerModule]:HTTP Server Started on Port: 85
WebApp_BPKAD.exe: 00001534: 19:46:54 [127.0.0.1]:EUniSessionException : Invalid session or session Timeout. (Session not found: zh2sUMepPy10961F2DB ) : Addr: $00794B4E
WebApp_BPKAD.exe: 00001534: 19:46:54 [127.0.0.1]:EUniSessionException : Invalid session or session Timeout. (Session not found: zh2sUMepPy10961F2DB ) : Addr: $00794B4E
WebApp_BPKAD.exe: 000031F0: 19:54:00 [TUniServerModule]:Shutting Down Server.
WebApp_BPKAD.exe: 000031F0: 19:54:00 [TUniServerModule]:Stopping HTTP Server.
WebApp_BPKAD.exe: 000031F0: 19:54:01 [TUniServerModule]:HTTP Server Stopped.
WebApp_BPKAD.exe: 000031F0: 19:54:01 [TUniGUISessionManager]:Terminating Session manager.
WebApp_BPKAD.exe: 000031F0: 19:54:01 [TUniGUISessionManager]:Stopping Cache Eraser...
WebApp_BPKAD.exe: 000031F0: 19:54:01 [TUniGUISessionManager]:Cache Eraser Stopped.
WebApp_BPKAD.exe: 000031F0: 19:54:01 []:EAccessViolation : Access violation at address 00409A48 in module 'WebApp_BPKAD.exe'. Read of address FFFFFFFD : Addr: $00409A48
WebApp_BPKAD.exe: 000031F0: 19:54:01 [TUniGUISessionManager]:Destroying Worker Threads.
WebApp_BPKAD.exe: 000031F0: 19:54:01 [TUniGUISessionManager]:Session manager terminated.
WebApp_BPKAD.exe: 000031F0: 19:54:01 [TUniServerModule]:Server Shutdown Completed.
WebApp_BPKAD.exe: 000031F0: 19:54:01 []:<-------------------------------------------------------------->
WebApp_BPKAD.exe: 000031F0: 19:54:01 [Terminated]:Exit Code: 0
WebApp_BPKAD.exe: 00001CFC: 19:54:02 []:>--------------------------------------------------------------<
WebApp_BPKAD.exe: 00001CFC: 19:54:02 [TUniServerModule]:Server First Init.
WebApp_BPKAD.exe: 00001CFC: 19:54:02 [TUniServerModule]:Starting HTTP Server on Port: 85...
WebApp_BPKAD.exe: 00001CFC: 19:54:02 [TUniServerModule]:HTTP Server Started on Port: 85
WebApp_BPKAD.exe: 00001FAC: 19:54:06 [127.0.0.1]:EUniSessionException : Invalid session or session Timeout. (Session not found: Ps87TtlANr10961F6D8 ) : Addr: $00794B4E
WebApp_BPKAD.exe: 00001FAC: 19:54:06 [127.0.0.1]:EUniSessionException : Invalid session or session Timeout. (Session not found: Ps87TtlANr10961F6D8 ) : Addr: $00794B4E
WebApp_BPKAD.exe: 00000398: 19:55:23 [127.0.0.1]:EDatabaseError : Field 'tahun' must have a value : Addr: $00660F5F
WebApp_BPKAD.exe: 00000398: 19:56:09 [127.0.0.1]:EDatabaseError : Field 'program_kegiatan' must have a value : Addr: $00660F5F
WebApp_BPKAD.exe: 00000398: 19:56:14 [127.0.0.1]:EDatabaseError : Field 'program_kegiatan' must have a value : Addr: $00660F5F
WebApp_BPKAD.exe: 00001CFC: 19:56:58 [TUniServerModule]:Shutting Down Server.
WebApp_BPKAD.exe: 00001CFC: 19:56:58 [TUniServerModule]:Stopping HTTP Server.
WebApp_BPKAD.exe: 00001CFC: 19:56:59 [TUniServerModule]:HTTP Server Stopped.
WebApp_BPKAD.exe: 00001CFC: 19:56:59 [TUniGUISessionManager]:Terminating Session manager.
WebApp_BPKAD.exe: 00001CFC: 19:56:59 [TUniGUISessionManager]:Stopping Cache Eraser...
WebApp_BPKAD.exe: 00001CFC: 19:56:59 [TUniGUISessionManager]:Cache Eraser Stopped.
WebApp_BPKAD.exe: 00001CFC: 19:56:59 []:EAccessViolation : Access violation at address 00409A48 in module 'WebApp_BPKAD.exe'. Read of address FFFFFFFD : Addr: $00409A48
WebApp_BPKAD.exe: 00001CFC: 19:56:59 [TUniGUISessionManager]:Destroying Worker Threads.
WebApp_BPKAD.exe: 00001CFC: 19:56:59 [TUniGUISessionManager]:Session manager terminated.
WebApp_BPKAD.exe: 00001CFC: 19:56:59 [TUniServerModule]:Server Shutdown Completed.
WebApp_BPKAD.exe: 00001CFC: 19:56:59 []:<-------------------------------------------------------------->
WebApp_BPKAD.exe: 00001CFC: 19:56:59 [Terminated]:Exit Code: 0
WebApp_BPKAD.exe: 00000810: 21:23:41 []:>--------------------------------------------------------------<
WebApp_BPKAD.exe: 00000810: 21:23:41 [TUniServerModule]:Server First Init.
WebApp_BPKAD.exe: 00000810: 21:23:41 [TUniServerModule]:Starting HTTP Server on Port: 85...
WebApp_BPKAD.exe: 00000810: 21:23:42 [TUniServerModule]:HTTP Server Started on Port: 85
WebApp_BPKAD.exe: 00000810: 21:23:44 [TUniServerModule]:Shutting Down Server.
WebApp_BPKAD.exe: 00000810: 21:23:44 [TUniServerModule]:Stopping HTTP Server.
WebApp_BPKAD.exe: 00000810: 21:23:45 [TUniServerModule]:HTTP Server Stopped.
WebApp_BPKAD.exe: 00000810: 21:23:45 [TUniGUISessionManager]:Terminating Session manager.
WebApp_BPKAD.exe: 00000810: 21:23:45 [TUniGUISessionManager]:Stopping Cache Eraser...
WebApp_BPKAD.exe: 00000810: 21:23:45 [TUniGUISessionManager]:Cache Eraser Stopped.
WebApp_BPKAD.exe: 00000810: 21:23:45 [TUniGUISessionManager]:Destroying Worker Threads.
WebApp_BPKAD.exe: 00000810: 21:23:45 [TUniGUISessionManager]:Session manager terminated.
WebApp_BPKAD.exe: 00000810: 21:23:45 [TUniServerModule]:Server Shutdown Completed.
WebApp_BPKAD.exe: 00000810: 21:23:45 []:<-------------------------------------------------------------->
WebApp_BPKAD.exe: 00000810: 21:23:45 [Terminated]:Exit Code: 0
WebApp_BPKAD.exe: 000030A0: 21:24:08 []:>--------------------------------------------------------------<
WebApp_BPKAD.exe: 000030A0: 21:24:08 [TUniServerModule]:Server First Init.
WebApp_BPKAD.exe: 000030A0: 21:24:08 [TUniServerModule]:Starting HTTP Server on Port: 85...
WebApp_BPKAD.exe: 000030A0: 21:24:08 [TUniServerModule]:HTTP Server Started on Port: 85
WebApp_BPKAD.exe: 00000330: 21:24:18 [127.0.0.1]:EUniSessionException : Invalid session or session Timeout. (Session not found: 2tchsUBTrz10961F8CC ) : Addr: $00794B4E
WebApp_BPKAD.exe: 00000330: 21:24:18 [127.0.0.1]:EUniSessionException : Invalid session or session Timeout. (Session not found: 2tchsUBTrz10961F8CC ) : Addr: $00794B4E
WebApp_BPKAD.exe: 00000330: 21:24:52 [127.0.0.1]:EConvertError : '' is not a valid integer value : Addr: $004274A2
WebApp_BPKAD.exe: 000030A0: 21:25:36 [TUniServerModule]:Shutting Down Server.
WebApp_BPKAD.exe: 000030A0: 21:25:36 [TUniServerModule]:Stopping HTTP Server.
WebApp_BPKAD.exe: 000030A0: 21:25:37 [TUniServerModule]:HTTP Server Stopped.
WebApp_BPKAD.exe: 000030A0: 21:25:37 [TUniGUISessionManager]:Terminating Session manager.
WebApp_BPKAD.exe: 000030A0: 21:25:37 [TUniGUISessionManager]:Stopping Cache Eraser...
WebApp_BPKAD.exe: 000030A0: 21:25:37 [TUniGUISessionManager]:Cache Eraser Stopped.
WebApp_BPKAD.exe: 000030A0: 21:25:37 []:EAccessViolation : Access violation at address 00409A48 in module 'WebApp_BPKAD.exe'. Read of address FFFFFFFD : Addr: $00409A48
WebApp_BPKAD.exe: 000030A0: 21:25:37 [TUniGUISessionManager]:Destroying Worker Threads.
WebApp_BPKAD.exe: 000030A0: 21:25:37 [TUniGUISessionManager]:Session manager terminated.
WebApp_BPKAD.exe: 000030A0: 21:25:37 [TUniServerModule]:Server Shutdown Completed.
WebApp_BPKAD.exe: 000030A0: 21:25:37 []:<-------------------------------------------------------------->
WebApp_BPKAD.exe: 000030A0: 21:25:37 [Terminated]:Exit Code: 0
WebApp_BPKAD.exe: 000032D8: 21:27:53 []:>--------------------------------------------------------------<
WebApp_BPKAD.exe: 000032D8: 21:27:53 [TUniServerModule]:Server First Init.
WebApp_BPKAD.exe: 000032D8: 21:27:53 [TUniServerModule]:Starting HTTP Server on Port: 85...
WebApp_BPKAD.exe: 000032D8: 21:27:54 [TUniServerModule]:HTTP Server Started on Port: 85
WebApp_BPKAD.exe: 00002B30: 21:27:58 [127.0.0.1]:EUniSessionException : Invalid session or session Timeout. (Session not found: 5rrRhlDYHd109621145 ) : Addr: $00794B4E
WebApp_BPKAD.exe: 0000123C: 21:28:12 [127.0.0.1]:EConvertError : '' is not a valid integer value : Addr: $004274A2
WebApp_BPKAD.exe: 00001E54: 21:28:23 []:EAccessViolation : Access violation at address 00409A48 in module 'WebApp_BPKAD.exe'. Read of address FFFFFFFD : Addr: $00409A48
WebApp_BPKAD.exe: 000032D8: 21:29:17 [TUniServerModule]:Shutting Down Server.
WebApp_BPKAD.exe: 000032D8: 21:29:17 [TUniServerModule]:Stopping HTTP Server.
WebApp_BPKAD.exe: 000032D8: 21:29:18 [TUniServerModule]:HTTP Server Stopped.
WebApp_BPKAD.exe: 000032D8: 21:29:18 [TUniGUISessionManager]:Terminating Session manager.
WebApp_BPKAD.exe: 000032D8: 21:29:18 [TUniGUISessionManager]:Stopping Cache Eraser...
WebApp_BPKAD.exe: 000032D8: 21:29:18 [TUniGUISessionManager]:Cache Eraser Stopped.
WebApp_BPKAD.exe: 000032D8: 21:29:18 []:EInvalidPointer : Invalid pointer operation : Addr: $00409955
WebApp_BPKAD.exe: 000032D8: 21:29:18 [TUniGUISessionManager]:Destroying Worker Threads.
WebApp_BPKAD.exe: 000032D8: 21:29:18 [TUniGUISessionManager]:Session manager terminated.
WebApp_BPKAD.exe: 000032D8: 21:29:18 [TUniServerModule]:Server Shutdown Completed.
WebApp_BPKAD.exe: 000032D8: 21:29:18 []:<-------------------------------------------------------------->
WebApp_BPKAD.exe: 000032D8: 21:29:18 [Terminated]:Exit Code: 0
WebApp_BPKAD.exe: 000019F4: 21:29:19 []:>--------------------------------------------------------------<
WebApp_BPKAD.exe: 000019F4: 21:29:19 [TUniServerModule]:Server First Init.
WebApp_BPKAD.exe: 000019F4: 21:29:19 [TUniServerModule]:Starting HTTP Server on Port: 85...
WebApp_BPKAD.exe: 000019F4: 21:29:19 [TUniServerModule]:HTTP Server Started on Port: 85
WebApp_BPKAD.exe: 0000269C: 21:29:25 [127.0.0.1]:EUniSessionException : Invalid session or session Timeout. (Session not found: qa6eSuQSgZ10962125C ) : Addr: $00794B4E
WebApp_BPKAD.exe: 0000269C: 21:29:25 [127.0.0.1]:EUniSessionException : Invalid session or session Timeout. (Session not found: qa6eSuQSgZ10962125C ) : Addr: $00794B4E
WebApp_BPKAD.exe: 0000269C: 21:29:25 [127.0.0.1]:EUniSessionException : Invalid session or session Timeout. (Session not found: qa6eSuQSgZ10962125C ) : Addr: $00794B4E
WebApp_BPKAD.exe: 0000269C: 21:29:25 [127.0.0.1]:EUniSessionException : Invalid session or session Timeout. (Session not found: qa6eSuQSgZ10962125C ) : Addr: $00794B4E
WebApp_BPKAD.exe: 00002578: 21:29:33 [127.0.0.1]:EConvertError : '' is not a valid integer value : Addr: $004274A2
WebApp_BPKAD.exe: 00001108: 21:30:39 []:EAccessViolation : Access violation at address 00409A48 in module 'WebApp_BPKAD.exe'. Read of address FFFFFFFD : Addr: $00409A48
WebApp_BPKAD.exe: 00001C74: 21:30:55 [127.0.0.1]:EUniSessionException : Invalid session or session Timeout. (Invalid URI: /srs6/serv/urn:verificationservices ) : Addr: $00794B4E
WebApp_BPKAD.exe: 000019F4: 21:31:46 [TUniServerModule]:Shutting Down Server.
WebApp_BPKAD.exe: 000019F4: 21:31:46 [TUniServerModule]:Stopping HTTP Server.
WebApp_BPKAD.exe: 000019F4: 21:31:47 [TUniServerModule]:HTTP Server Stopped.
WebApp_BPKAD.exe: 000019F4: 21:31:47 [TUniGUISessionManager]:Terminating Session manager.
WebApp_BPKAD.exe: 000019F4: 21:31:47 [TUniGUISessionManager]:Stopping Cache Eraser...
WebApp_BPKAD.exe: 000019F4: 21:31:47 [TUniGUISessionManager]:Cache Eraser Stopped.
WebApp_BPKAD.exe: 000019F4: 21:31:47 []:EAccessViolation : Access violation at address 80000000. Read of address 80000000 : Addr: $80000000
WebApp_BPKAD.exe: 000019F4: 21:31:47 [TUniGUISessionManager]:Destroying Worker Threads.
WebApp_BPKAD.exe: 000019F4: 21:31:47 [TUniGUISessionManager]:Session manager terminated.
WebApp_BPKAD.exe: 000019F4: 21:31:47 [TUniServerModule]:Server Shutdown Completed.
WebApp_BPKAD.exe: 000019F4: 21:31:47 []:<-------------------------------------------------------------->
WebApp_BPKAD.exe: 000019F4: 21:31:47 [Terminated]:Exit Code: 0
WebApp_BPKAD.exe: 00001904: 21:31:49 []:>--------------------------------------------------------------<
WebApp_BPKAD.exe: 00001904: 21:31:49 [TUniServerModule]:Server First Init.
WebApp_BPKAD.exe: 00001904: 21:31:49 [TUniServerModule]:Starting HTTP Server on Port: 85...
WebApp_BPKAD.exe: 00001904: 21:31:50 [TUniServerModule]:HTTP Server Started on Port: 85
WebApp_BPKAD.exe: 00001714: 21:31:52 [127.0.0.1]:EUniSessionException : Invalid session or session Timeout. (Session not found: 9hwwvZZlSr1096212F9 ) : Addr: $00794B4E
WebApp_BPKAD.exe: 00001714: 21:31:53 [127.0.0.1]:EUniSessionException : Invalid session or session Timeout. (Session not found: 9hwwvZZlSr1096212F9 ) : Addr: $00794B4E
WebApp_BPKAD.exe: 00001904: 21:33:43 [TUniServerModule]:Shutting Down Server.
WebApp_BPKAD.exe: 00001904: 21:33:43 [TUniServerModule]:Stopping HTTP Server.
WebApp_BPKAD.exe: 00001904: 21:33:44 [TUniServerModule]:HTTP Server Stopped.
WebApp_BPKAD.exe: 00001904: 21:33:44 [TUniGUISessionManager]:Terminating Session manager.
WebApp_BPKAD.exe: 00001904: 21:33:44 [TUniGUISessionManager]:Stopping Cache Eraser...
WebApp_BPKAD.exe: 00001904: 21:33:45 [TUniGUISessionManager]:Cache Eraser Stopped.
WebApp_BPKAD.exe: 00001904: 21:33:45 []:EAccessViolation : Access violation at address 00409A48 in module 'WebApp_BPKAD.exe'. Read of address FFFFFFFD : Addr: $00409A48
WebApp_BPKAD.exe: 00001904: 21:33:45 [TUniGUISessionManager]:Destroying Worker Threads.
WebApp_BPKAD.exe: 00001904: 21:33:45 [TUniGUISessionManager]:Session manager terminated.
WebApp_BPKAD.exe: 00001904: 21:33:45 [TUniServerModule]:Server Shutdown Completed.
WebApp_BPKAD.exe: 00001904: 21:33:45 []:<-------------------------------------------------------------->
WebApp_BPKAD.exe: 00001904: 21:33:45 [Terminated]:Exit Code: 0
WebApp_BPKAD.exe: 00002978: 21:33:46 []:>--------------------------------------------------------------<
WebApp_BPKAD.exe: 00002978: 21:33:46 [TUniServerModule]:Server First Init.
WebApp_BPKAD.exe: 00002978: 21:33:46 [TUniServerModule]:Starting HTTP Server on Port: 85...
WebApp_BPKAD.exe: 00002978: 21:33:46 [TUniServerModule]:HTTP Server Started on Port: 85
WebApp_BPKAD.exe: 00001BD0: 21:33:49 [127.0.0.1]:EUniSessionException : Invalid session or session Timeout. (Session not found: EyWUyFrr3G109621352 ) : Addr: $00794B4E
WebApp_BPKAD.exe: 00001BD0: 21:33:49 [127.0.0.1]:EUniSessionException : Invalid session or session Timeout. (Session not found: EyWUyFrr3G109621352 ) : Addr: $00794B4E
WebApp_BPKAD.exe: 00002978: 21:35:41 [TUniServerModule]:Shutting Down Server.
WebApp_BPKAD.exe: 00002978: 21:35:41 [TUniServerModule]:Stopping HTTP Server.
WebApp_BPKAD.exe: 00002978: 21:35:42 [TUniServerModule]:HTTP Server Stopped.
WebApp_BPKAD.exe: 00002978: 21:35:42 [TUniGUISessionManager]:Terminating Session manager.
WebApp_BPKAD.exe: 00002978: 21:35:42 [TUniGUISessionManager]:Stopping Cache Eraser...
WebApp_BPKAD.exe: 00002978: 21:35:42 [TUniGUISessionManager]:Cache Eraser Stopped.
WebApp_BPKAD.exe: 00002978: 21:35:42 []:EAccessViolation : Access violation at address 00409A48 in module 'WebApp_BPKAD.exe'. Read of address FFFFFFFD : Addr: $00409A48
WebApp_BPKAD.exe: 00002978: 21:35:42 [TUniGUISessionManager]:Destroying Worker Threads.
WebApp_BPKAD.exe: 00002978: 21:35:42 [TUniGUISessionManager]:Session manager terminated.
WebApp_BPKAD.exe: 00002978: 21:35:42 [TUniServerModule]:Server Shutdown Completed.
WebApp_BPKAD.exe: 00002978: 21:35:42 []:<-------------------------------------------------------------->
WebApp_BPKAD.exe: 00002978: 21:35:42 [Terminated]:Exit Code: 0
WebApp_BPKAD.exe: 0000123C: 21:35:45 []:>--------------------------------------------------------------<
WebApp_BPKAD.exe: 0000123C: 21:35:45 [TUniServerModule]:Server First Init.
WebApp_BPKAD.exe: 0000123C: 21:35:45 [TUniServerModule]:Starting HTTP Server on Port: 85...
WebApp_BPKAD.exe: 0000123C: 21:35:45 [TUniServerModule]:HTTP Server Started on Port: 85
WebApp_BPKAD.exe: 00003104: 21:35:48 [127.0.0.1]:EUniSessionException : Invalid session or session Timeout. (Session not found: XQlrle1bkf1096213D9 ) : Addr: $00794B4E
WebApp_BPKAD.exe: 00003104: 21:35:48 [127.0.0.1]:EUniSessionException : Invalid session or session Timeout. (Session not found: XQlrle1bkf1096213D9 ) : Addr: $00794B4E
WebApp_BPKAD.exe: 0000123C: 21:36:07 [TUniServerModule]:Shutting Down Server.
WebApp_BPKAD.exe: 0000123C: 21:36:07 [TUniServerModule]:Stopping HTTP Server.
WebApp_BPKAD.exe: 0000123C: 21:36:08 [TUniServerModule]:HTTP Server Stopped.
WebApp_BPKAD.exe: 0000123C: 21:36:08 [TUniGUISessionManager]:Terminating Session manager.
WebApp_BPKAD.exe: 0000123C: 21:36:08 [TUniGUISessionManager]:Stopping Cache Eraser...
WebApp_BPKAD.exe: 0000123C: 21:36:08 [TUniGUISessionManager]:Cache Eraser Stopped.
WebApp_BPKAD.exe: 0000123C: 21:36:08 []:EAccessViolation : Access violation at address 00409A48 in module 'WebApp_BPKAD.exe'. Read of address FFFFFFFD : Addr: $00409A48
WebApp_BPKAD.exe: 0000123C: 21:36:08 [TUniGUISessionManager]:Destroying Worker Threads.
WebApp_BPKAD.exe: 0000123C: 21:36:08 [TUniGUISessionManager]:Session manager terminated.
WebApp_BPKAD.exe: 0000123C: 21:36:08 [TUniServerModule]:Server Shutdown Completed.
WebApp_BPKAD.exe: 0000123C: 21:36:08 []:<-------------------------------------------------------------->
WebApp_BPKAD.exe: 0000123C: 21:36:08 [Terminated]:Exit Code: 0
WebApp_BPKAD.exe: 00002AA0: 21:41:52 []:>--------------------------------------------------------------<
WebApp_BPKAD.exe: 00002AA0: 21:41:52 [TUniServerModule]:Server First Init.
WebApp_BPKAD.exe: 00002AA0: 21:41:52 [TUniServerModule]:Starting HTTP Server on Port: 85...
WebApp_BPKAD.exe: 00002AA0: 21:41:52 [TUniServerModule]:HTTP Server Started on Port: 85
WebApp_BPKAD.exe: 000022A8: 21:41:54 [127.0.0.1]:EUniSessionException : Invalid session or session Timeout. (Session not found: VvKwegSvrL109621463 ) : Addr: $00794B4E
WebApp_BPKAD.exe: 000022A8: 21:41:54 [127.0.0.1]:EUniSessionException : Invalid session or session Timeout. (Session not found: VvKwegSvrL109621463 ) : Addr: $00794B4E
WebApp_BPKAD.exe: 00001A7C: 21:42:12 [qSSH: Field 'tahun_anggaran' not found-127.0.0.1]:EDatabaseError : qSSH: Field 'tahun_anggaran' not found : Addr: $00660F4A
WebApp_BPKAD.exe: 00001A7C: 21:42:12 [127.0.0.1]:EDatabaseError : qSSH: Cannot perform this operation on a closed dataset : Addr: $00660F4A
WebApp_BPKAD.exe: 00002AA0: 21:42:50 [TUniServerModule]:Shutting Down Server.
WebApp_BPKAD.exe: 00002AA0: 21:42:50 [TUniServerModule]:Stopping HTTP Server.
WebApp_BPKAD.exe: 00002AA0: 21:42:51 [TUniServerModule]:HTTP Server Stopped.
WebApp_BPKAD.exe: 00002AA0: 21:42:51 [TUniGUISessionManager]:Terminating Session manager.
WebApp_BPKAD.exe: 00002AA0: 21:42:51 [TUniGUISessionManager]:Stopping Cache Eraser...
WebApp_BPKAD.exe: 00002AA0: 21:42:51 [TUniGUISessionManager]:Cache Eraser Stopped.
WebApp_BPKAD.exe: 00002AA0: 21:42:51 []:EAccessViolation : Access violation at address 00409A48 in module 'WebApp_BPKAD.exe'. Read of address FFFFFFFD : Addr: $00409A48
WebApp_BPKAD.exe: 00002AA0: 21:42:51 [TUniGUISessionManager]:Destroying Worker Threads.
WebApp_BPKAD.exe: 00002AA0: 21:42:51 [TUniGUISessionManager]:Session manager terminated.
WebApp_BPKAD.exe: 00002AA0: 21:42:51 [TUniServerModule]:Server Shutdown Completed.
WebApp_BPKAD.exe: 00002AA0: 21:42:51 []:<-------------------------------------------------------------->
WebApp_BPKAD.exe: 00002AA0: 21:42:51 [Terminated]:Exit Code: 0
WebApp_BPKAD.exe: 00001744: 21:44:17 []:>--------------------------------------------------------------<
WebApp_BPKAD.exe: 00001744: 21:44:17 [TUniServerModule]:Server First Init.
WebApp_BPKAD.exe: 00001744: 21:44:17 [TUniServerModule]:Starting HTTP Server on Port: 85...
WebApp_BPKAD.exe: 00001744: 21:44:17 [TUniServerModule]:HTTP Server Started on Port: 85
WebApp_BPKAD.exe: 00001874: 21:44:20 [127.0.0.1]:EUniSessionException : Invalid session or session Timeout. (Session not found: Eaw4ABo8wq10962160B ) : Addr: $00794B4E
WebApp_BPKAD.exe: 00001874: 21:44:20 [127.0.0.1]:EUniSessionException : Invalid session or session Timeout. (Session not found: Eaw4ABo8wq10962160B ) : Addr: $00794B4E
WebApp_BPKAD.exe: 00001744: 21:48:58 [TUniServerModule]:Shutting Down Server.
WebApp_BPKAD.exe: 00001744: 21:48:58 [TUniServerModule]:Stopping HTTP Server.
WebApp_BPKAD.exe: 00001744: 21:48:59 [TUniServerModule]:HTTP Server Stopped.
WebApp_BPKAD.exe: 00001744: 21:48:59 [TUniGUISessionManager]:Terminating Session manager.
WebApp_BPKAD.exe: 00001744: 21:48:59 [TUniGUISessionManager]:Stopping Cache Eraser...
WebApp_BPKAD.exe: 00001744: 21:48:59 [TUniGUISessionManager]:Cache Eraser Stopped.
WebApp_BPKAD.exe: 00001744: 21:48:59 []:EAccessViolation : Access violation at address 00409A48 in module 'WebApp_BPKAD.exe'. Read of address FFFFFFFD : Addr: $00409A48
WebApp_BPKAD.exe: 00001744: 21:48:59 [TUniGUISessionManager]:Destroying Worker Threads.
WebApp_BPKAD.exe: 00001744: 21:48:59 [TUniGUISessionManager]:Session manager terminated.
WebApp_BPKAD.exe: 00001744: 21:48:59 [TUniServerModule]:Server Shutdown Completed.
WebApp_BPKAD.exe: 00001744: 21:48:59 []:<-------------------------------------------------------------->
WebApp_BPKAD.exe: 00001744: 21:48:59 [Terminated]:Exit Code: 0
WebApp_BPKAD.exe: 0000296C: 21:48:59 []:>--------------------------------------------------------------<
WebApp_BPKAD.exe: 0000296C: 21:48:59 [TUniServerModule]:Server First Init.
WebApp_BPKAD.exe: 0000296C: 21:48:59 [TUniServerModule]:Starting HTTP Server on Port: 85...
WebApp_BPKAD.exe: 0000296C: 21:49:00 [TUniServerModule]:HTTP Server Started on Port: 85
WebApp_BPKAD.exe: 00000AE0: 21:49:02 [127.0.0.1]:EUniSessionException : Invalid session or session Timeout. (Session not found: 9wTnuAqWC71096216B3 ) : Addr: $00794B4E
WebApp_BPKAD.exe: 00000AE0: 21:49:02 [127.0.0.1]:EUniSessionException : Invalid session or session Timeout. (Session not found: 9wTnuAqWC71096216B3 ) : Addr: $00794B4E
WebApp_BPKAD.exe: 0000296C: 21:51:32 [TUniServerModule]:Shutting Down Server.
WebApp_BPKAD.exe: 0000296C: 21:51:32 [TUniServerModule]:Stopping HTTP Server.
WebApp_BPKAD.exe: 0000296C: 21:51:32 [TUniServerModule]:HTTP Server Stopped.
WebApp_BPKAD.exe: 0000296C: 21:51:32 [TUniGUISessionManager]:Terminating Session manager.
WebApp_BPKAD.exe: 0000296C: 21:51:32 [TUniGUISessionManager]:Stopping Cache Eraser...
WebApp_BPKAD.exe: 0000296C: 21:51:32 [TUniGUISessionManager]:Cache Eraser Stopped.
WebApp_BPKAD.exe: 0000296C: 21:51:32 []:EAccessViolation : Access violation at address 00409A48 in module 'WebApp_BPKAD.exe'. Read of address FFFFFFFD : Addr: $00409A48
WebApp_BPKAD.exe: 0000296C: 21:51:32 [TUniGUISessionManager]:Destroying Worker Threads.
WebApp_BPKAD.exe: 0000296C: 21:51:32 [TUniGUISessionManager]:Session manager terminated.
WebApp_BPKAD.exe: 0000296C: 21:51:32 [TUniServerModule]:Server Shutdown Completed.
WebApp_BPKAD.exe: 0000296C: 21:51:32 []:<-------------------------------------------------------------->
WebApp_BPKAD.exe: 0000296C: 21:51:32 [Terminated]:Exit Code: 0
WebApp_BPKAD.exe: 00000E04: 21:51:33 []:>--------------------------------------------------------------<
WebApp_BPKAD.exe: 00000E04: 21:51:33 [TUniServerModule]:Server First Init.
WebApp_BPKAD.exe: 00000E04: 21:51:33 [TUniServerModule]:Starting HTTP Server on Port: 85...
WebApp_BPKAD.exe: 00000E04: 21:51:34 [TUniServerModule]:HTTP Server Started on Port: 85
WebApp_BPKAD.exe: 000017B0: 21:51:37 [127.0.0.1]:EUniSessionException : Invalid session or session Timeout. (Session not found: xcy6wUIpOZ1096217FA ) : Addr: $00794B4E
WebApp_BPKAD.exe: 000017B0: 21:51:37 [127.0.0.1]:EUniSessionException : Invalid session or session Timeout. (Session not found: xcy6wUIpOZ1096217FA ) : Addr: $00794B4E
WebApp_BPKAD.exe: 00000E04: 21:57:59 [TUniServerModule]:Shutting Down Server.
WebApp_BPKAD.exe: 00000E04: 21:57:59 [TUniServerModule]:Stopping HTTP Server.
WebApp_BPKAD.exe: 00000E04: 21:58:00 [TUniServerModule]:HTTP Server Stopped.
WebApp_BPKAD.exe: 00000E04: 21:58:00 [TUniGUISessionManager]:Terminating Session manager.
WebApp_BPKAD.exe: 00000E04: 21:58:00 [TUniGUISessionManager]:Stopping Cache Eraser...
WebApp_BPKAD.exe: 00000E04: 21:58:00 [TUniGUISessionManager]:Cache Eraser Stopped.
WebApp_BPKAD.exe: 00000E04: 21:58:00 []:EAccessViolation : Access violation at address 00409A48 in module 'WebApp_BPKAD.exe'. Read of address FFFFFFFD : Addr: $00409A48
WebApp_BPKAD.exe: 00000E04: 21:58:00 [TUniGUISessionManager]:Destroying Worker Threads.
WebApp_BPKAD.exe: 00000E04: 21:58:00 [TUniGUISessionManager]:Session manager terminated.
WebApp_BPKAD.exe: 00000E04: 21:58:00 [TUniServerModule]:Server Shutdown Completed.
WebApp_BPKAD.exe: 00000E04: 21:58:00 []:<-------------------------------------------------------------->
WebApp_BPKAD.exe: 00000E04: 21:58:00 [Terminated]:Exit Code: 0
WebApp_BPKAD.exe: 000001DC: 21:58:02 []:>--------------------------------------------------------------<
WebApp_BPKAD.exe: 000001DC: 21:58:02 [TUniServerModule]:Server First Init.
WebApp_BPKAD.exe: 000001DC: 21:58:02 [TUniServerModule]:Starting HTTP Server on Port: 85...
WebApp_BPKAD.exe: 000001DC: 21:58:02 [TUniServerModule]:HTTP Server Started on Port: 85
WebApp_BPKAD.exe: 00001338: 21:58:05 [127.0.0.1]:EUniSessionException : Invalid session or session Timeout. (Session not found: XF867zgOe81096218AD ) : Addr: $00794B4E
WebApp_BPKAD.exe: 00001338: 21:58:06 [127.0.0.1]:EUniSessionException : Invalid session or session Timeout. (Session not found: XF867zgOe81096218AD ) : Addr: $00794B4E
WebApp_BPKAD.exe: 00001338: 21:58:54 [qSSH: Field 'tahun_anggaran' not found-127.0.0.1]:EDatabaseError : qSSH: Field 'tahun_anggaran' not found : Addr: $00660F4A
WebApp_BPKAD.exe: 00001338: 21:58:54 [127.0.0.1]:EDatabaseError : qSSH: Cannot perform this operation on a closed dataset : Addr: $00660F4A
WebApp_BPKAD.exe: 000001DC: 22:00:55 [TUniServerModule]:Shutting Down Server.
WebApp_BPKAD.exe: 000001DC: 22:00:55 [TUniServerModule]:Stopping HTTP Server.
WebApp_BPKAD.exe: 000001DC: 22:00:56 [TUniServerModule]:HTTP Server Stopped.
WebApp_BPKAD.exe: 000001DC: 22:00:56 [TUniGUISessionManager]:Terminating Session manager.
WebApp_BPKAD.exe: 000001DC: 22:00:56 [TUniGUISessionManager]:Stopping Cache Eraser...
WebApp_BPKAD.exe: 000001DC: 22:00:56 [TUniGUISessionManager]:Cache Eraser Stopped.
WebApp_BPKAD.exe: 000001DC: 22:00:56 []:EAccessViolation : Access violation at address 00409A48 in module 'WebApp_BPKAD.exe'. Read of address FFFFFFFD : Addr: $00409A48
WebApp_BPKAD.exe: 000001DC: 22:00:56 [TUniGUISessionManager]:Destroying Worker Threads.
WebApp_BPKAD.exe: 000001DC: 22:00:56 [TUniGUISessionManager]:Session manager terminated.
WebApp_BPKAD.exe: 000001DC: 22:00:56 [TUniServerModule]:Server Shutdown Completed.
WebApp_BPKAD.exe: 000001DC: 22:00:56 []:<-------------------------------------------------------------->
WebApp_BPKAD.exe: 000001DC: 22:00:56 [Terminated]:Exit Code: 0
WebApp_BPKAD.exe: 00000708: 22:00:57 []:>--------------------------------------------------------------<
WebApp_BPKAD.exe: 00000708: 22:00:57 [TUniServerModule]:Server First Init.
WebApp_BPKAD.exe: 00000708: 22:00:57 [TUniServerModule]:Starting HTTP Server on Port: 85...
WebApp_BPKAD.exe: 00000708: 22:00:58 [TUniServerModule]:HTTP Server Started on Port: 85
WebApp_BPKAD.exe: 00001C24: 22:00:59 [127.0.0.1]:EUniSessionException : Invalid session or session Timeout. (Session not found: 9AXyOywS4t109621A6F ) : Addr: $00794B4E
WebApp_BPKAD.exe: 00001C24: 22:00:59 [127.0.0.1]:EUniSessionException : Invalid session or session Timeout. (Session not found: 9AXyOywS4t109621A6F ) : Addr: $00794B4E
WebApp_BPKAD.exe: 00000708: 22:02:13 [TUniServerModule]:Shutting Down Server.
WebApp_BPKAD.exe: 00000708: 22:02:13 [TUniServerModule]:Stopping HTTP Server.
WebApp_BPKAD.exe: 00000708: 22:02:14 [TUniServerModule]:HTTP Server Stopped.
WebApp_BPKAD.exe: 00000708: 22:02:14 [TUniGUISessionManager]:Terminating Session manager.
WebApp_BPKAD.exe: 00000708: 22:02:14 [TUniGUISessionManager]:Stopping Cache Eraser...
WebApp_BPKAD.exe: 00000708: 22:02:14 [TUniGUISessionManager]:Cache Eraser Stopped.
WebApp_BPKAD.exe: 00000708: 22:02:14 []:EAccessViolation : Access violation at address 00409A48 in module 'WebApp_BPKAD.exe'. Read of address FFFFFFFD : Addr: $00409A48
WebApp_BPKAD.exe: 00000708: 22:02:14 [TUniGUISessionManager]:Destroying Worker Threads.
WebApp_BPKAD.exe: 00000708: 22:02:14 [TUniGUISessionManager]:Session manager terminated.
WebApp_BPKAD.exe: 00000708: 22:02:14 [TUniServerModule]:Server Shutdown Completed.
WebApp_BPKAD.exe: 00000708: 22:02:14 []:<-------------------------------------------------------------->
WebApp_BPKAD.exe: 00000708: 22:02:14 [Terminated]:Exit Code: 0
WebApp_BPKAD.exe: 00001548: 22:36:10 []:>--------------------------------------------------------------<
WebApp_BPKAD.exe: 00001548: 22:36:10 [TUniServerModule]:Server First Init.
WebApp_BPKAD.exe: 00001548: 22:36:10 [TUniServerModule]:Starting HTTP Server on Port: 85...
WebApp_BPKAD.exe: 00001548: 22:36:10 [TUniServerModule]:HTTP Server Started on Port: 85
WebApp_BPKAD.exe: 00000E3C: 22:36:13 [127.0.0.1]:EUniSessionException : Invalid session or session Timeout. (Session not found: yfX2hFOL9e109621B37 ) : Addr: $00794B4E
WebApp_BPKAD.exe: 00000E3C: 22:36:13 [127.0.0.1]:EUniSessionException : Invalid session or session Timeout. (Session not found: yfX2hFOL9e109621B37 ) : Addr: $00794B4E
WebApp_BPKAD.exe: 00000E3C: 22:36:32 [qSSH: Parameter 'tahun' not found-127.0.0.1]:EDatabaseError : qSSH: Parameter 'tahun' not found : Addr: $00660F4A
WebApp_BPKAD.exe: 00000E3C: 22:36:32 [127.0.0.1]:EDatabaseError : qSSH: Cannot perform this operation on a closed dataset : Addr: $00660F4A
WebApp_BPKAD.exe: 00001548: 22:42:14 [TUniServerModule]:Shutting Down Server.
WebApp_BPKAD.exe: 00001548: 22:42:14 [TUniServerModule]:Stopping HTTP Server.
WebApp_BPKAD.exe: 00001548: 22:42:15 [TUniServerModule]:HTTP Server Stopped.
WebApp_BPKAD.exe: 00001548: 22:42:15 [TUniGUISessionManager]:Terminating Session manager.
WebApp_BPKAD.exe: 00001548: 22:42:15 [TUniGUISessionManager]:Stopping Cache Eraser...
WebApp_BPKAD.exe: 00001548: 22:42:15 [TUniGUISessionManager]:Cache Eraser Stopped.
WebApp_BPKAD.exe: 00001548: 22:42:15 []:EAccessViolation : Access violation at address 00409A48 in module 'WebApp_BPKAD.exe'. Read of address FFFFFFFD : Addr: $00409A48
WebApp_BPKAD.exe: 00001548: 22:42:15 [TUniGUISessionManager]:Destroying Worker Threads.
WebApp_BPKAD.exe: 00001548: 22:42:15 [TUniGUISessionManager]:Session manager terminated.
WebApp_BPKAD.exe: 00001548: 22:42:15 [TUniServerModule]:Server Shutdown Completed.
WebApp_BPKAD.exe: 00001548: 22:42:15 []:<-------------------------------------------------------------->
WebApp_BPKAD.exe: 00001548: 22:42:15 [Terminated]:Exit Code: 0
WebApp_BPKAD.exe: 00002E50: 22:42:23 []:>--------------------------------------------------------------<
WebApp_BPKAD.exe: 00002E50: 22:42:23 [TUniServerModule]:Server First Init.
WebApp_BPKAD.exe: 00002E50: 22:42:23 [TUniServerModule]:Starting HTTP Server on Port: 85...
WebApp_BPKAD.exe: 00002E50: 22:42:23 [TUniServerModule]:HTTP Server Started on Port: 85
WebApp_BPKAD.exe: 00002D98: 22:42:26 [127.0.0.1]:EUniSessionException : Invalid session or session Timeout. (Session not found: Vkjl7DCXyb1096224C7 ) : Addr: $00794B4E
WebApp_BPKAD.exe: 00002D98: 22:42:26 [127.0.0.1]:EUniSessionException : Invalid session or session Timeout. (Session not found: Vkjl7DCXyb1096224C7 ) : Addr: $00794B4E
WebApp_BPKAD.exe: 0000052C: 22:42:44 [qSSH: Field 'tahun_anggaran' not found-127.0.0.1]:EDatabaseError : qSSH: Field 'tahun_anggaran' not found : Addr: $00660F4A
WebApp_BPKAD.exe: 0000052C: 22:42:44 [127.0.0.1]:EDatabaseError : qSSH: Cannot perform this operation on a closed dataset : Addr: $00660F4A
WebApp_BPKAD.exe: 00000AE4: 22:42:52 [qSSH: Field 'tahun_anggaran' not found-127.0.0.1]:EDatabaseError : qSSH: Field 'tahun_anggaran' not found : Addr: $00660F4A
WebApp_BPKAD.exe: 00000AE4: 22:42:52 [127.0.0.1]:EDatabaseError : qSSH: Cannot perform this operation on a closed dataset : Addr: $00660F4A
WebApp_BPKAD.exe: 0000052C: 22:43:02 [qSSH: Field 'tahun_anggaran' not found-127.0.0.1]:EDatabaseError : qSSH: Field 'tahun_anggaran' not found : Addr: $00660F4A
WebApp_BPKAD.exe: 0000052C: 22:43:02 [127.0.0.1]:EDatabaseError : qSSH: Cannot perform this operation on a closed dataset : Addr: $00660F4A
WebApp_BPKAD.exe: 00002E50: 22:44:24 [TUniServerModule]:Shutting Down Server.
WebApp_BPKAD.exe: 00002E50: 22:44:24 [TUniServerModule]:Stopping HTTP Server.
WebApp_BPKAD.exe: 00002E50: 22:44:25 [TUniServerModule]:HTTP Server Stopped.
WebApp_BPKAD.exe: 00002E50: 22:44:25 [TUniGUISessionManager]:Terminating Session manager.
WebApp_BPKAD.exe: 00002E50: 22:44:25 [TUniGUISessionManager]:Stopping Cache Eraser...
WebApp_BPKAD.exe: 00002E50: 22:44:25 [TUniGUISessionManager]:Cache Eraser Stopped.
WebApp_BPKAD.exe: 00002E50: 22:44:25 []:EAccessViolation : Access violation at address 00409A48 in module 'WebApp_BPKAD.exe'. Read of address FFFFFFFD : Addr: $00409A48
WebApp_BPKAD.exe: 00002E50: 22:44:25 [TUniGUISessionManager]:Destroying Worker Threads.
WebApp_BPKAD.exe: 00002E50: 22:44:25 [TUniGUISessionManager]:Session manager terminated.
WebApp_BPKAD.exe: 00002E50: 22:44:25 [TUniServerModule]:Server Shutdown Completed.
WebApp_BPKAD.exe: 00002E50: 22:44:25 []:<-------------------------------------------------------------->
WebApp_BPKAD.exe: 00002E50: 22:44:25 [Terminated]:Exit Code: 0
WebApp_BPKAD.exe: 000026D0: 22:44:26 []:>--------------------------------------------------------------<
WebApp_BPKAD.exe: 000026D0: 22:44:26 [TUniServerModule]:Server First Init.
WebApp_BPKAD.exe: 000026D0: 22:44:26 [TUniServerModule]:Starting HTTP Server on Port: 85...
WebApp_BPKAD.exe: 000026D0: 22:44:27 [TUniServerModule]:HTTP Server Started on Port: 85
WebApp_BPKAD.exe: 00000708: 22:44:31 [127.0.0.1]:EUniSessionException : Invalid session or session Timeout. (Session not found: xFWfdWNFok109622676 ) : Addr: $00794B4E
WebApp_BPKAD.exe: 00000708: 22:44:32 [127.0.0.1]:EUniSessionException : Invalid session or session Timeout. (Session not found: xFWfdWNFok109622676 ) : Addr: $00794B4E
WebApp_BPKAD.exe: 000026D0: 22:52:27 [TUniServerModule]:Shutting Down Server.
WebApp_BPKAD.exe: 000026D0: 22:52:27 [TUniServerModule]:Stopping HTTP Server.
WebApp_BPKAD.exe: 000026D0: 22:52:28 [TUniServerModule]:HTTP Server Stopped.
WebApp_BPKAD.exe: 000026D0: 22:52:28 [TUniGUISessionManager]:Terminating Session manager.
WebApp_BPKAD.exe: 000026D0: 22:52:28 [TUniGUISessionManager]:Stopping Cache Eraser...
WebApp_BPKAD.exe: 000026D0: 22:52:28 [TUniGUISessionManager]:Cache Eraser Stopped.
WebApp_BPKAD.exe: 000026D0: 22:52:28 []:EAccessViolation : Access violation at address 00409A48 in module 'WebApp_BPKAD.exe'. Read of address FFFFFFFD : Addr: $00409A48
WebApp_BPKAD.exe: 000026D0: 22:52:28 [TUniGUISessionManager]:Destroying Worker Threads.
WebApp_BPKAD.exe: 000026D0: 22:52:28 [TUniGUISessionManager]:Session manager terminated.
WebApp_BPKAD.exe: 000026D0: 22:52:28 [TUniServerModule]:Server Shutdown Completed.
WebApp_BPKAD.exe: 000026D0: 22:52:28 []:<-------------------------------------------------------------->
WebApp_BPKAD.exe: 000026D0: 22:52:28 [Terminated]:Exit Code: 0
WebApp_BPKAD.exe: 00002A60: 22:52:30 []:>--------------------------------------------------------------<
WebApp_BPKAD.exe: 00002A60: 22:52:30 [TUniServerModule]:Server First Init.
WebApp_BPKAD.exe: 00002A60: 22:52:30 [TUniServerModule]:Starting HTTP Server on Port: 85...
WebApp_BPKAD.exe: 00002A60: 22:52:30 [TUniServerModule]:HTTP Server Started on Port: 85
WebApp_BPKAD.exe: 000027A4: 22:52:35 [127.0.0.1]:EUniSessionException : Invalid session or session Timeout. (Session not found: 4NbXI96PGT109622707 ) : Addr: $00794B4E
WebApp_BPKAD.exe: 000027A4: 22:52:35 [127.0.0.1]:EUniSessionException : Invalid session or session Timeout. (Session not found: 4NbXI96PGT109622707 ) : Addr: $00794B4E
WebApp_BPKAD.exe: 00002A60: 22:58:27 [TUniServerModule]:Shutting Down Server.
WebApp_BPKAD.exe: 00002A60: 22:58:27 [TUniServerModule]:Stopping HTTP Server.
WebApp_BPKAD.exe: 00002A60: 22:58:27 [TUniServerModule]:HTTP Server Stopped.
WebApp_BPKAD.exe: 00002A60: 22:58:27 [TUniGUISessionManager]:Terminating Session manager.
WebApp_BPKAD.exe: 00002A60: 22:58:27 [TUniGUISessionManager]:Stopping Cache Eraser...
WebApp_BPKAD.exe: 00002A60: 22:58:27 [TUniGUISessionManager]:Cache Eraser Stopped.
WebApp_BPKAD.exe: 00002A60: 22:58:27 []:EAccessViolation : Access violation at address 00409A48 in module 'WebApp_BPKAD.exe'. Read of address FFFFFFFD : Addr: $00409A48
WebApp_BPKAD.exe: 00002A60: 22:58:27 [TUniGUISessionManager]:Destroying Worker Threads.
WebApp_BPKAD.exe: 00002A60: 22:58:27 [TUniGUISessionManager]:Session manager terminated.
WebApp_BPKAD.exe: 00002A60: 22:58:27 [TUniServerModule]:Server Shutdown Completed.
WebApp_BPKAD.exe: 00002A60: 22:58:27 []:<-------------------------------------------------------------->
WebApp_BPKAD.exe: 00002A60: 22:58:27 [Terminated]:Exit Code: 0
WebApp_BPKAD.exe: 00003060: 22:58:51 []:>--------------------------------------------------------------<
WebApp_BPKAD.exe: 00003060: 22:58:51 [TUniServerModule]:Server First Init.
WebApp_BPKAD.exe: 00003060: 22:58:51 [TUniServerModule]:Starting HTTP Server on Port: 85...
WebApp_BPKAD.exe: 00003060: 22:58:51 [TUniServerModule]:HTTP Server Started on Port: 85
WebApp_BPKAD.exe: 00002F40: 22:58:54 [127.0.0.1]:EUniSessionException : Invalid session or session Timeout. (Session not found: PgDaZRmh4D109622936 ) : Addr: $00794B4E
WebApp_BPKAD.exe: 00002F40: 22:58:54 [127.0.0.1]:EUniSessionException : Invalid session or session Timeout. (Session not found: PgDaZRmh4D109622936 ) : Addr: $00794B4E
WebApp_BPKAD.exe: 00003060: 23:06:08 [TUniServerModule]:Shutting Down Server.
WebApp_BPKAD.exe: 00003060: 23:06:08 [TUniServerModule]:Stopping HTTP Server.
WebApp_BPKAD.exe: 00003060: 23:06:09 [TUniServerModule]:HTTP Server Stopped.
WebApp_BPKAD.exe: 00003060: 23:06:09 [TUniGUISessionManager]:Terminating Session manager.
WebApp_BPKAD.exe: 00003060: 23:06:09 [TUniGUISessionManager]:Stopping Cache Eraser...
WebApp_BPKAD.exe: 00003060: 23:06:09 [TUniGUISessionManager]:Cache Eraser Stopped.
WebApp_BPKAD.exe: 00003060: 23:06:09 []:EAccessViolation : Access violation at address 00409A48 in module 'WebApp_BPKAD.exe'. Read of address FFFFFFFD : Addr: $00409A48
WebApp_BPKAD.exe: 00003060: 23:06:09 [TUniGUISessionManager]:Destroying Worker Threads.
WebApp_BPKAD.exe: 00003060: 23:06:09 [TUniGUISessionManager]:Session manager terminated.
WebApp_BPKAD.exe: 00003060: 23:06:10 [TUniServerModule]:Server Shutdown Completed.
WebApp_BPKAD.exe: 00003060: 23:06:10 []:<-------------------------------------------------------------->
WebApp_BPKAD.exe: 00003060: 23:06:10 [Terminated]:Exit Code: 0
WebApp_BPKAD.exe: 00001A6C: 23:06:19 []:>--------------------------------------------------------------<
WebApp_BPKAD.exe: 00001A6C: 23:06:19 [TUniServerModule]:Server First Init.
WebApp_BPKAD.exe: 00001A6C: 23:06:19 [TUniServerModule]:Starting HTTP Server on Port: 85...
WebApp_BPKAD.exe: 00001A6C: 23:06:19 [TUniServerModule]:HTTP Server Started on Port: 85
WebApp_BPKAD.exe: 0000153C: 23:06:42 [127.0.0.1]:EUniSessionException : Invalid session or session Timeout. (Session not found: rkmDOnPICh109622AED ) : Addr: $00794B4E
WebApp_BPKAD.exe: 0000153C: 23:06:42 [127.0.0.1]:EUniSessionException : Invalid session or session Timeout. (Session not found: rkmDOnPICh109622AED ) : Addr: $00794B4E
WebApp_BPKAD.exe: 00001A6C: 23:11:25 [TUniServerModule]:Shutting Down Server.
WebApp_BPKAD.exe: 00001A6C: 23:11:25 [TUniServerModule]:Stopping HTTP Server.
WebApp_BPKAD.exe: 00001A6C: 23:11:26 [TUniServerModule]:HTTP Server Stopped.
WebApp_BPKAD.exe: 00001A6C: 23:11:26 [TUniGUISessionManager]:Terminating Session manager.
WebApp_BPKAD.exe: 00001A6C: 23:11:26 [TUniGUISessionManager]:Stopping Cache Eraser...
WebApp_BPKAD.exe: 00001A6C: 23:11:26 [TUniGUISessionManager]:Cache Eraser Stopped.
WebApp_BPKAD.exe: 00001A6C: 23:11:26 []:EAccessViolation : Access violation at address 00409A48 in module 'WebApp_BPKAD.exe'. Read of address FFFFFFFD : Addr: $00409A48
WebApp_BPKAD.exe: 00001A6C: 23:11:26 [TUniGUISessionManager]:Destroying Worker Threads.
WebApp_BPKAD.exe: 00001A6C: 23:11:26 [TUniGUISessionManager]:Session manager terminated.
WebApp_BPKAD.exe: 00001A6C: 23:11:27 [TUniServerModule]:Server Shutdown Completed.
WebApp_BPKAD.exe: 00001A6C: 23:11:27 []:<-------------------------------------------------------------->
WebApp_BPKAD.exe: 00001A6C: 23:11:27 [Terminated]:Exit Code: 0
WebApp_BPKAD.exe: 00001874: 23:11:56 []:>--------------------------------------------------------------<
WebApp_BPKAD.exe: 00001874: 23:11:56 [TUniServerModule]:Server First Init.
WebApp_BPKAD.exe: 00001874: 23:11:56 [TUniServerModule]:Starting HTTP Server on Port: 85...
WebApp_BPKAD.exe: 00001874: 23:11:56 [TUniServerModule]:HTTP Server Started on Port: 85
WebApp_BPKAD.exe: 00002BF4: 23:12:00 [127.0.0.1]:EUniSessionException : Invalid session or session Timeout. (Session not found: 97hmAWjRNB109622D0C ) : Addr: $00794B4E
WebApp_BPKAD.exe: 00002BF4: 23:12:00 [127.0.0.1]:EUniSessionException : Invalid session or session Timeout. (Session not found: 97hmAWjRNB109622D0C ) : Addr: $00794B4E
WebApp_BPKAD.exe: 00001874: 23:18:12 [TUniServerModule]:Shutting Down Server.
WebApp_BPKAD.exe: 00001874: 23:18:12 [TUniServerModule]:Stopping HTTP Server.
WebApp_BPKAD.exe: 00001874: 23:18:12 [TUniServerModule]:HTTP Server Stopped.
WebApp_BPKAD.exe: 00001874: 23:18:12 [TUniGUISessionManager]:Terminating Session manager.
WebApp_BPKAD.exe: 00001874: 23:18:12 [TUniGUISessionManager]:Stopping Cache Eraser...
WebApp_BPKAD.exe: 00001874: 23:18:13 [TUniGUISessionManager]:Cache Eraser Stopped.
WebApp_BPKAD.exe: 00001874: 23:18:13 []:EAccessViolation : Access violation at address 00409A48 in module 'WebApp_BPKAD.exe'. Read of address FFFFFFFD : Addr: $00409A48
WebApp_BPKAD.exe: 00001874: 23:18:13 [TUniGUISessionManager]:Destroying Worker Threads.
WebApp_BPKAD.exe: 00001874: 23:18:13 [TUniGUISessionManager]:Session manager terminated.
WebApp_BPKAD.exe: 00001874: 23:18:13 [TUniServerModule]:Server Shutdown Completed.
WebApp_BPKAD.exe: 00001874: 23:18:13 []:<-------------------------------------------------------------->
WebApp_BPKAD.exe: 00001874: 23:18:13 [Terminated]:Exit Code: 0
WebApp_BPKAD.exe: 000032DC: 23:18:15 []:>--------------------------------------------------------------<
WebApp_BPKAD.exe: 000032DC: 23:18:15 [TUniServerModule]:Server First Init.
WebApp_BPKAD.exe: 000032DC: 23:18:15 [TUniServerModule]:Starting HTTP Server on Port: 85...
WebApp_BPKAD.exe: 000032DC: 23:18:15 [TUniServerModule]:HTTP Server Started on Port: 85
WebApp_BPKAD.exe: 0000090C: 23:18:17 [127.0.0.1]:EUniSessionException : Invalid session or session Timeout. (Session not found: bhndH2OOrX109622E7B ) : Addr: $00794B4E
WebApp_BPKAD.exe: 0000090C: 23:18:18 [127.0.0.1]:EUniSessionException : Invalid session or session Timeout. (Session not found: bhndH2OOrX109622E7B ) : Addr: $00794B4E
WebApp_BPKAD.exe: 00001904: 23:30:55 [127.0.0.1]:EUniSessionException : Invalid session or session Timeout. (Invalid URI: /srs6/serv/urn:verificationservices ) : Addr: $00794B4E
WebApp_BPKAD.exe: 00000518: 23:34:06 []:EAccessViolation : Access violation at address 00409A48 in module 'WebApp_BPKAD.exe'. Read of address FFFFFFFD : Addr: $00409A48
