WebApp_BPKAD.exe: 00000F38: 10:33:28 []:>--------------------------------------------------------------<
WebApp_BPKAD.exe: 00000F38: 10:33:28 [TUniServerModule]:Server First Init.
WebApp_BPKAD.exe: 00000F38: 10:33:28 [TUniServerModule]:Global Cache Folder Erased. <25> Files deleted.
WebApp_BPKAD.exe: 00000F38: 10:33:28 [TUniServerModule]:Starting HTTP Server on Port: 85...
WebApp_BPKAD.exe: 00000F38: 10:33:28 [TUniServerModule]:HTTP Server Started on Port: 85
WebApp_BPKAD.exe: 000031B4: 10:33:53 []:EAccessViolation : Access violation at address 00409A48 in module 'WebApp_BPKAD.exe'. Read of address FFFFFFFD : Addr: $00409A48
WebApp_BPKAD.exe: 00000F38: 10:34:01 [TUniServerModule]:Shutting Down Server.
WebApp_BPKAD.exe: 00000F38: 10:34:01 [TUniServerModule]:Stopping HTTP Server.
WebApp_BPKAD.exe: 00000F38: 10:34:02 [TUniServerModule]:HTTP Server Stopped.
WebApp_BPKAD.exe: 00000F38: 10:34:02 [TUniGUISessionManager]:Terminating Session manager.
WebApp_BPKAD.exe: 00000F38: 10:34:02 [TUniGUISessionManager]:Stopping Cache Eraser...
WebApp_BPKAD.exe: 00000F38: 10:34:02 [TUniGUISessionManager]:Cache Eraser Stopped.
WebApp_BPKAD.exe: 00000F38: 10:34:03 []:EAccessViolation : Access violation at address 00409A48 in module 'WebApp_BPKAD.exe'. Read of address 00000002 : Addr: $00409A48
WebApp_BPKAD.exe: 00000F38: 10:34:03 [127.0.0.1]:EAccessViolation : Access violation at address 00409A48 in module 'WebApp_BPKAD.exe'. Read of address 00000002 : Addr: $00409A48
WebApp_BPKAD.exe: 00000F38: 10:34:03 [127.0.0.1]:Exception raised while destroying session: Invalid pointer operation
WebApp_BPKAD.exe: 00000F38: 10:34:03 [127.0.0.1]:EInvalidPointer : Invalid pointer operation : Addr: $00409955
WebApp_BPKAD.exe: 00000F38: 10:34:03 [TUniGUISessionManager]:Destroying Worker Threads.
WebApp_BPKAD.exe: 00000F38: 10:34:03 [TUniGUISessionManager]:Session manager terminated.
WebApp_BPKAD.exe: 00000F38: 10:34:03 [TUniServerModule]:Server Shutdown Completed.
WebApp_BPKAD.exe: 00000F38: 10:34:03 []:<-------------------------------------------------------------->
WebApp_BPKAD.exe: 00000F38: 10:34:03 [Terminated]:Exit Code: 0
WebApp_BPKAD.exe: 0000262C: 10:35:45 []:>--------------------------------------------------------------<
WebApp_BPKAD.exe: 0000262C: 10:35:45 [TUniServerModule]:Server First Init.
WebApp_BPKAD.exe: 0000262C: 10:35:45 [TUniServerModule]:Starting HTTP Server on Port: 85...
WebApp_BPKAD.exe: 0000262C: 10:35:45 [TUniServerModule]:HTTP Server Started on Port: 85
WebApp_BPKAD.exe: 00001058: 10:35:48 [127.0.0.1]:EUniSessionException : Invalid session or session Timeout. (Session not found: WncfFXFkkI109339A18 ) : Addr: $00794C9A
WebApp_BPKAD.exe: 00001058: 10:35:49 [127.0.0.1]:EUniSessionException : Invalid session or session Timeout. (Session not found: WncfFXFkkI109339A18 ) : Addr: $00794C9A
WebApp_BPKAD.exe: 000020BC: 10:36:00 [127.0.0.1]:EAccessViolation : Access violation at address 00409A48 in module 'WebApp_BPKAD.exe'. Read of address FFFFFFFD : Addr: $00409A48
WebApp_BPKAD.exe: 000020BC: 10:36:00 [127.0.0.1]:Exception raised while destroying session: Invalid pointer operation
WebApp_BPKAD.exe: 000020BC: 10:36:00 [127.0.0.1]:EInvalidPointer : Invalid pointer operation : Addr: $00409955
WebApp_BPKAD.exe: 0000262C: 10:36:05 [TUniServerModule]:Shutting Down Server.
WebApp_BPKAD.exe: 0000262C: 10:36:05 [TUniServerModule]:Stopping HTTP Server.
WebApp_BPKAD.exe: 0000262C: 10:36:06 [TUniServerModule]:HTTP Server Stopped.
WebApp_BPKAD.exe: 0000262C: 10:36:06 [TUniGUISessionManager]:Terminating Session manager.
WebApp_BPKAD.exe: 0000262C: 10:36:06 [TUniGUISessionManager]:Stopping Cache Eraser...
WebApp_BPKAD.exe: 0000262C: 10:36:06 [TUniGUISessionManager]:Cache Eraser Stopped.
WebApp_BPKAD.exe: 0000262C: 10:36:06 []:EAccessViolation : Access violation at address 00409A48 in module 'WebApp_BPKAD.exe'. Read of address 00000002 : Addr: $00409A48
WebApp_BPKAD.exe: 0000262C: 10:36:06 [TUniGUISessionManager]:Destroying Worker Threads.
WebApp_BPKAD.exe: 0000262C: 10:36:06 [TUniGUISessionManager]:Session manager terminated.
WebApp_BPKAD.exe: 0000262C: 10:36:06 [TUniServerModule]:Server Shutdown Completed.
WebApp_BPKAD.exe: 0000262C: 10:36:06 []:<-------------------------------------------------------------->
WebApp_BPKAD.exe: 0000262C: 10:36:06 [Terminated]:Exit Code: 0
WebApp_BPKAD.exe: 00001FE0: 10:36:25 []:>--------------------------------------------------------------<
WebApp_BPKAD.exe: 00001FE0: 10:36:25 [TUniServerModule]:Server First Init.
WebApp_BPKAD.exe: 00001FE0: 10:36:25 [TUniServerModule]:Starting HTTP Server on Port: 85...
WebApp_BPKAD.exe: 00001FE0: 10:36:25 [TUniServerModule]:HTTP Server Started on Port: 85
WebApp_BPKAD.exe: 00001A48: 10:36:28 [127.0.0.1]:EUniSessionException : Invalid session or session Timeout. (Session not found: 6r5zTFiiJo109339AA4 ) : Addr: $00794C9A
WebApp_BPKAD.exe: 00001A48: 10:36:28 [127.0.0.1]:EUniSessionException : Invalid session or session Timeout. (Session not found: 6r5zTFiiJo109339AA4 ) : Addr: $00794C9A
WebApp_BPKAD.exe: 0000216C: 10:36:40 [127.0.0.1]:EAccessViolation : Access violation at address 00409A48 in module 'WebApp_BPKAD.exe'. Read of address FFFFFFFD : Addr: $00409A48
WebApp_BPKAD.exe: 0000216C: 10:36:40 [127.0.0.1]:Exception raised while destroying session: Invalid pointer operation
WebApp_BPKAD.exe: 0000216C: 10:36:40 [127.0.0.1]:EInvalidPointer : Invalid pointer operation : Addr: $00409955
WebApp_BPKAD.exe: 00001FE0: 10:36:42 [TUniServerModule]:Shutting Down Server.
WebApp_BPKAD.exe: 00001FE0: 10:36:42 [TUniServerModule]:Stopping HTTP Server.
WebApp_BPKAD.exe: 00001FE0: 10:36:43 [TUniServerModule]:HTTP Server Stopped.
WebApp_BPKAD.exe: 00001FE0: 10:36:43 [TUniGUISessionManager]:Terminating Session manager.
WebApp_BPKAD.exe: 00001FE0: 10:36:43 [TUniGUISessionManager]:Stopping Cache Eraser...
WebApp_BPKAD.exe: 00001FE0: 10:36:43 [TUniGUISessionManager]:Cache Eraser Stopped.
WebApp_BPKAD.exe: 00001FE0: 10:36:43 []:EAccessViolation : Access violation at address 00409A48 in module 'WebApp_BPKAD.exe'. Read of address 00000002 : Addr: $00409A48
WebApp_BPKAD.exe: 00001FE0: 10:36:43 [TUniGUISessionManager]:Destroying Worker Threads.
WebApp_BPKAD.exe: 00001FE0: 10:36:43 [TUniGUISessionManager]:Session manager terminated.
WebApp_BPKAD.exe: 00001FE0: 10:36:43 [TUniServerModule]:Server Shutdown Completed.
WebApp_BPKAD.exe: 00001FE0: 10:36:43 []:<-------------------------------------------------------------->
WebApp_BPKAD.exe: 00001FE0: 10:36:43 [Terminated]:Exit Code: 0
WebApp_BPKAD.exe: 0000290C: 10:37:19 []:>--------------------------------------------------------------<
WebApp_BPKAD.exe: 0000290C: 10:37:19 [TUniServerModule]:Server First Init.
WebApp_BPKAD.exe: 0000290C: 10:37:19 [TUniServerModule]:Starting HTTP Server on Port: 85...
WebApp_BPKAD.exe: 0000290C: 10:37:20 [TUniServerModule]:HTTP Server Started on Port: 85
WebApp_BPKAD.exe: 00002908: 10:37:22 [127.0.0.1]:EUniSessionException : Invalid session or session Timeout. (Session not found: VgcYtl64Rp109339AD0 ) : Addr: $00794C9A
WebApp_BPKAD.exe: 00002908: 10:37:22 [127.0.0.1]:EUniSessionException : Invalid session or session Timeout. (Session not found: VgcYtl64Rp109339AD0 ) : Addr: $00794C9A
WebApp_BPKAD.exe: 00002900: 10:37:34 []:EAccessViolation : Access violation at address 00409A48 in module 'WebApp_BPKAD.exe'. Read of address FFFFFFFD : Addr: $00409A48
WebApp_BPKAD.exe: 0000290C: 10:37:34 [TUniServerModule]:Shutting Down Server.
WebApp_BPKAD.exe: 0000290C: 10:37:34 [TUniServerModule]:Stopping HTTP Server.
WebApp_BPKAD.exe: 0000290C: 10:37:36 [TUniServerModule]:HTTP Server Stopped.
WebApp_BPKAD.exe: 0000290C: 10:37:36 [TUniGUISessionManager]:Terminating Session manager.
WebApp_BPKAD.exe: 0000290C: 10:37:36 [TUniGUISessionManager]:Stopping Cache Eraser...
WebApp_BPKAD.exe: 0000290C: 10:37:36 [TUniGUISessionManager]:Cache Eraser Stopped.
WebApp_BPKAD.exe: 0000290C: 10:37:36 []:EAccessViolation : Access violation at address 00409A48 in module 'WebApp_BPKAD.exe'. Read of address 00000002 : Addr: $00409A48
WebApp_BPKAD.exe: 0000290C: 10:37:36 [TUniGUISessionManager]:Destroying Worker Threads.
WebApp_BPKAD.exe: 0000290C: 10:37:36 [TUniGUISessionManager]:Session manager terminated.
WebApp_BPKAD.exe: 0000290C: 10:37:36 [TUniServerModule]:Server Shutdown Completed.
WebApp_BPKAD.exe: 0000290C: 10:37:36 []:<-------------------------------------------------------------->
WebApp_BPKAD.exe: 0000290C: 10:37:36 [Terminated]:Exit Code: 0
WebApp_BPKAD.exe: 00000F08: 10:37:53 []:>--------------------------------------------------------------<
WebApp_BPKAD.exe: 00000F08: 10:37:53 [TUniServerModule]:Server First Init.
WebApp_BPKAD.exe: 00000F08: 10:37:53 [TUniServerModule]:Starting HTTP Server on Port: 85...
WebApp_BPKAD.exe: 00000F08: 10:37:54 [TUniServerModule]:HTTP Server Started on Port: 85
WebApp_BPKAD.exe: 00001020: 10:38:00 [127.0.0.1]:EUniSessionException : Invalid session or session Timeout. (Session not found: g4WkQyJXWr109339B0E ) : Addr: $00794C9A
WebApp_BPKAD.exe: 00001020: 10:38:00 [127.0.0.1]:EUniSessionException : Invalid session or session Timeout. (Session not found: g4WkQyJXWr109339B0E ) : Addr: $00794C9A
WebApp_BPKAD.exe: 00000E00: 10:38:08 []:EAccessViolation : Access violation at address 00409A48 in module 'WebApp_BPKAD.exe'. Read of address FFFFFFFD : Addr: $00409A48
WebApp_BPKAD.exe: 00000F08: 10:38:20 [TUniServerModule]:Shutting Down Server.
WebApp_BPKAD.exe: 00000F08: 10:38:20 [TUniServerModule]:Stopping HTTP Server.
WebApp_BPKAD.exe: 00000F08: 10:38:21 [TUniServerModule]:HTTP Server Stopped.
WebApp_BPKAD.exe: 00000F08: 10:38:21 [TUniGUISessionManager]:Terminating Session manager.
WebApp_BPKAD.exe: 00000F08: 10:38:21 [TUniGUISessionManager]:Stopping Cache Eraser...
WebApp_BPKAD.exe: 00000F08: 10:38:21 [TUniGUISessionManager]:Cache Eraser Stopped.
WebApp_BPKAD.exe: 00000F08: 10:38:21 []:EInvalidPointer : Invalid pointer operation : Addr: $00409955
WebApp_BPKAD.exe: 00000F08: 10:38:21 [TUniGUISessionManager]:Destroying Worker Threads.
WebApp_BPKAD.exe: 00000F08: 10:38:21 [TUniGUISessionManager]:Session manager terminated.
WebApp_BPKAD.exe: 00000F08: 10:38:21 [TUniServerModule]:Server Shutdown Completed.
WebApp_BPKAD.exe: 00000F08: 10:38:21 []:<-------------------------------------------------------------->
WebApp_BPKAD.exe: 00000F08: 10:38:21 [Terminated]:Exit Code: 0
WebApp_BPKAD.exe: 00002618: 10:38:44 []:>--------------------------------------------------------------<
WebApp_BPKAD.exe: 00002618: 10:38:44 [TUniServerModule]:Server First Init.
WebApp_BPKAD.exe: 00002618: 10:38:44 [TUniServerModule]:Starting HTTP Server on Port: 85...
WebApp_BPKAD.exe: 00002618: 10:38:44 [TUniServerModule]:HTTP Server Started on Port: 85
WebApp_BPKAD.exe: 00001458: 10:38:52 [127.0.0.1]:EUniSessionException : Invalid session or session Timeout. (Session not found: mecd5Yo18f109339B3A ) : Addr: $00794C9A
WebApp_BPKAD.exe: 00002618: 10:39:04 [TUniServerModule]:Shutting Down Server.
WebApp_BPKAD.exe: 00002618: 10:39:04 [TUniServerModule]:Stopping HTTP Server.
WebApp_BPKAD.exe: 00002618: 10:39:05 [TUniServerModule]:HTTP Server Stopped.
WebApp_BPKAD.exe: 00002618: 10:39:05 [TUniGUISessionManager]:Terminating Session manager.
WebApp_BPKAD.exe: 00002618: 10:39:05 [TUniGUISessionManager]:Stopping Cache Eraser...
WebApp_BPKAD.exe: 00002618: 10:39:05 [TUniGUISessionManager]:Cache Eraser Stopped.
WebApp_BPKAD.exe: 00002618: 10:39:05 [TUniGUISessionManager]:Waiting for session manager thread...
WebApp_BPKAD.exe: 00003064: 10:39:43 []:>--------------------------------------------------------------<
WebApp_BPKAD.exe: 00003064: 10:39:43 [TUniServerModule]:Server First Init.
WebApp_BPKAD.exe: 00003064: 10:39:43 [TUniServerModule]:Global Cache Folder Erased. <40> Files deleted.
WebApp_BPKAD.exe: 00003064: 10:39:43 [TUniServerModule]:Starting HTTP Server on Port: 85...
WebApp_BPKAD.exe: 00003064: 10:39:43 [TUniServerModule]:HTTP Server Started on Port: 85
WebApp_BPKAD.exe: 00003158: 10:39:47 [127.0.0.1]:EUniSessionException : Invalid session or session Timeout. (Session not found: ukrYLFPsjA109339B76 ) : Addr: $00794C9A
WebApp_BPKAD.exe: 00003158: 10:39:47 [127.0.0.1]:EUniSessionException : Invalid session or session Timeout. (Session not found: ukrYLFPsjA109339B76 ) : Addr: $00794C9A
WebApp_BPKAD.exe: 00001564: 10:39:58 []:EAccessViolation : Access violation at address 00409A48 in module 'WebApp_BPKAD.exe'. Read of address FFFFFFFD : Addr: $00409A48
WebApp_BPKAD.exe: 00003064: 10:40:02 [TUniServerModule]:Shutting Down Server.
WebApp_BPKAD.exe: 00003064: 10:40:02 [TUniServerModule]:Stopping HTTP Server.
WebApp_BPKAD.exe: 00003064: 10:40:04 [TUniServerModule]:HTTP Server Stopped.
WebApp_BPKAD.exe: 00003064: 10:40:04 [TUniGUISessionManager]:Terminating Session manager.
WebApp_BPKAD.exe: 00003064: 10:40:04 [TUniGUISessionManager]:Stopping Cache Eraser...
WebApp_BPKAD.exe: 00003064: 10:40:04 [TUniGUISessionManager]:Cache Eraser Stopped.
WebApp_BPKAD.exe: 00003064: 10:40:04 []:EAccessViolation : Access violation at address 00409A48 in module 'WebApp_BPKAD.exe'. Read of address 00000002 : Addr: $00409A48
WebApp_BPKAD.exe: 00003064: 10:40:04 [TUniGUISessionManager]:Destroying Worker Threads.
WebApp_BPKAD.exe: 00003064: 10:40:04 [TUniGUISessionManager]:Session manager terminated.
WebApp_BPKAD.exe: 00003064: 10:40:04 [TUniServerModule]:Server Shutdown Completed.
WebApp_BPKAD.exe: 00003064: 10:40:04 []:<-------------------------------------------------------------->
WebApp_BPKAD.exe: 00003064: 10:40:04 [Terminated]:Exit Code: 0
WebApp_BPKAD.exe: 000017E8: 10:40:17 []:>--------------------------------------------------------------<
WebApp_BPKAD.exe: 000017E8: 10:40:17 [TUniServerModule]:Server First Init.
WebApp_BPKAD.exe: 000017E8: 10:40:17 [TUniServerModule]:Starting HTTP Server on Port: 85...
WebApp_BPKAD.exe: 000017E8: 10:40:18 [TUniServerModule]:HTTP Server Started on Port: 85
WebApp_BPKAD.exe: 000020BC: 10:40:23 [127.0.0.1]:EUniSessionException : Invalid session or session Timeout. (Session not found: bwx3EefJ8I109339BB6 ) : Addr: $00794C9A
WebApp_BPKAD.exe: 000020BC: 10:40:23 [127.0.0.1]:EUniSessionException : Invalid session or session Timeout. (Session not found: bwx3EefJ8I109339BB6 ) : Addr: $00794C9A
WebApp_BPKAD.exe: 00001468: 10:40:38 []:EAccessViolation : Access violation at address 00409A48 in module 'WebApp_BPKAD.exe'. Read of address FFFFFFFD : Addr: $00409A48
WebApp_BPKAD.exe: 000017E8: 10:40:38 [TUniServerModule]:Shutting Down Server.
WebApp_BPKAD.exe: 000017E8: 10:40:38 [TUniServerModule]:Stopping HTTP Server.
WebApp_BPKAD.exe: 000017E8: 10:40:39 [TUniServerModule]:HTTP Server Stopped.
WebApp_BPKAD.exe: 000017E8: 10:40:39 [TUniGUISessionManager]:Terminating Session manager.
WebApp_BPKAD.exe: 000017E8: 10:40:39 [TUniGUISessionManager]:Stopping Cache Eraser...
WebApp_BPKAD.exe: 000017E8: 10:40:39 [TUniGUISessionManager]:Cache Eraser Stopped.
WebApp_BPKAD.exe: 000017E8: 10:40:39 []:EAccessViolation : Access violation at address 00409A48 in module 'WebApp_BPKAD.exe'. Read of address 00000002 : Addr: $00409A48
WebApp_BPKAD.exe: 000017E8: 10:40:39 [TUniGUISessionManager]:Destroying Worker Threads.
WebApp_BPKAD.exe: 000017E8: 10:40:39 [TUniGUISessionManager]:Session manager terminated.
WebApp_BPKAD.exe: 000017E8: 10:40:39 [TUniServerModule]:Server Shutdown Completed.
WebApp_BPKAD.exe: 000017E8: 10:40:39 []:<-------------------------------------------------------------->
WebApp_BPKAD.exe: 000017E8: 10:40:39 [Terminated]:Exit Code: 0
WebApp_BPKAD.exe: 00002BB0: 10:41:01 []:>--------------------------------------------------------------<
WebApp_BPKAD.exe: 00002BB0: 10:41:01 [TUniServerModule]:Server First Init.
WebApp_BPKAD.exe: 00002BB0: 10:41:01 [TUniServerModule]:Starting HTTP Server on Port: 85...
WebApp_BPKAD.exe: 00002BB0: 10:41:01 [TUniServerModule]:HTTP Server Started on Port: 85
WebApp_BPKAD.exe: 000028D8: 10:41:04 [127.0.0.1]:EUniSessionException : Invalid session or session Timeout. (Session not found: zI9lEnBTRG109339BE2 ) : Addr: $00794C9A
WebApp_BPKAD.exe: 000028D8: 10:41:04 [127.0.0.1]:EUniSessionException : Invalid session or session Timeout. (Session not found: zI9lEnBTRG109339BE2 ) : Addr: $00794C9A
WebApp_BPKAD.exe: 00002904: 10:41:16 []:EAccessViolation : Access violation at address 00409A48 in module 'WebApp_BPKAD.exe'. Read of address FFFFFFFD : Addr: $00409A48
WebApp_BPKAD.exe: 00002BB0: 10:41:17 [TUniServerModule]:Shutting Down Server.
WebApp_BPKAD.exe: 00002BB0: 10:41:17 [TUniServerModule]:Stopping HTTP Server.
WebApp_BPKAD.exe: 00002BB0: 10:41:18 [TUniServerModule]:HTTP Server Stopped.
WebApp_BPKAD.exe: 00002BB0: 10:41:18 [TUniGUISessionManager]:Terminating Session manager.
WebApp_BPKAD.exe: 00002BB0: 10:41:18 [TUniGUISessionManager]:Stopping Cache Eraser...
WebApp_BPKAD.exe: 00002BB0: 10:41:18 [TUniGUISessionManager]:Cache Eraser Stopped.
WebApp_BPKAD.exe: 00002BB0: 10:41:18 []:EAccessViolation : Access violation at address 00409A48 in module 'WebApp_BPKAD.exe'. Read of address 00000002 : Addr: $00409A48
WebApp_BPKAD.exe: 00002BB0: 10:41:18 [TUniGUISessionManager]:Destroying Worker Threads.
WebApp_BPKAD.exe: 00002BB0: 10:41:18 [TUniGUISessionManager]:Session manager terminated.
WebApp_BPKAD.exe: 00002BB0: 10:41:18 [TUniServerModule]:Server Shutdown Completed.
WebApp_BPKAD.exe: 00002BB0: 10:41:18 []:<-------------------------------------------------------------->
WebApp_BPKAD.exe: 00002BB0: 10:41:18 [Terminated]:Exit Code: 0
WebApp_BPKAD.exe: 000031EC: 10:42:35 []:>--------------------------------------------------------------<
WebApp_BPKAD.exe: 000031EC: 10:42:35 [TUniServerModule]:Server First Init.
WebApp_BPKAD.exe: 000031EC: 10:42:35 [TUniServerModule]:Starting HTTP Server on Port: 85...
WebApp_BPKAD.exe: 000031EC: 10:42:36 [TUniServerModule]:HTTP Server Started on Port: 85
WebApp_BPKAD.exe: 00001928: 10:42:39 [127.0.0.1]:EUniSessionException : Invalid session or session Timeout. (Session not found: GxIJC2aqMq109339C0E ) : Addr: $00794C9A
WebApp_BPKAD.exe: 00001928: 10:42:39 [127.0.0.1]:EUniSessionException : Invalid session or session Timeout. (Session not found: GxIJC2aqMq109339C0E ) : Addr: $00794C9A
WebApp_BPKAD.exe: 00001250: 10:42:51 []:EAccessViolation : Access violation at address 00409A48 in module 'WebApp_BPKAD.exe'. Read of address FFFFFFFD : Addr: $00409A48
WebApp_BPKAD.exe: 000031EC: 10:42:55 [TUniServerModule]:Shutting Down Server.
WebApp_BPKAD.exe: 000031EC: 10:42:55 [TUniServerModule]:Stopping HTTP Server.
WebApp_BPKAD.exe: 000031EC: 10:42:56 [TUniServerModule]:HTTP Server Stopped.
WebApp_BPKAD.exe: 000031EC: 10:42:56 [TUniGUISessionManager]:Terminating Session manager.
WebApp_BPKAD.exe: 000031EC: 10:42:56 [TUniGUISessionManager]:Stopping Cache Eraser...
WebApp_BPKAD.exe: 000031EC: 10:42:56 [TUniGUISessionManager]:Cache Eraser Stopped.
WebApp_BPKAD.exe: 000031EC: 10:42:56 []:EAccessViolation : Access violation at address 00409A48 in module 'WebApp_BPKAD.exe'. Read of address 00000002 : Addr: $00409A48
WebApp_BPKAD.exe: 000031EC: 10:42:56 [TUniGUISessionManager]:Destroying Worker Threads.
WebApp_BPKAD.exe: 000031EC: 10:42:56 [TUniGUISessionManager]:Session manager terminated.
WebApp_BPKAD.exe: 000031EC: 10:42:56 [TUniServerModule]:Server Shutdown Completed.
WebApp_BPKAD.exe: 000031EC: 10:42:56 []:<-------------------------------------------------------------->
WebApp_BPKAD.exe: 000031EC: 10:42:56 [Terminated]:Exit Code: 0
WebApp_BPKAD.exe: 000016DC: 10:44:47 []:>--------------------------------------------------------------<
WebApp_BPKAD.exe: 000016DC: 10:44:47 [TUniServerModule]:Server First Init.
WebApp_BPKAD.exe: 000016DC: 10:44:48 [TUniServerModule]:Starting HTTP Server on Port: 85...
WebApp_BPKAD.exe: 000016DC: 10:44:48 [TUniServerModule]:HTTP Server Started on Port: 85
WebApp_BPKAD.exe: 00002130: 10:44:50 [127.0.0.1]:EUniSessionException : Invalid session or session Timeout. (Session not found: 57d3GjsLwQ109339C7E ) : Addr: $00794C9A
WebApp_BPKAD.exe: 00002130: 10:44:51 [127.0.0.1]:EUniSessionException : Invalid session or session Timeout. (Session not found: 57d3GjsLwQ109339C7E ) : Addr: $00794C9A
WebApp_BPKAD.exe: 00002130: 10:44:51 [HandleFileRequest[127.0.0.1]]:File not found: D:\OneDrive\PROJECTS\BPKAD HST\WebApp_BPKAD\favicon.ico
WebApp_BPKAD.exe: 00001504: 10:45:23 []:EAccessViolation : Access violation at address 00409A48 in module 'WebApp_BPKAD.exe'. Read of address FFFFFFFD : Addr: $00409A48
WebApp_BPKAD.exe: 00001504: 10:45:28 []:EInvalidPointer : Invalid pointer operation : Addr: $00409955
WebApp_BPKAD.exe: 00001504: 10:45:33 []:EInvalidPointer : Invalid pointer operation : Addr: $00409955
WebApp_BPKAD.exe: 00001504: 10:45:38 []:EInvalidPointer : Invalid pointer operation : Addr: $00409955
WebApp_BPKAD.exe: 000016DC: 10:45:42 [TUniServerModule]:Shutting Down Server.
WebApp_BPKAD.exe: 000016DC: 10:45:42 [TUniServerModule]:Stopping HTTP Server.
WebApp_BPKAD.exe: 000016DC: 10:45:43 [TUniServerModule]:HTTP Server Stopped.
WebApp_BPKAD.exe: 000016DC: 10:45:43 [TUniGUISessionManager]:Terminating Session manager.
WebApp_BPKAD.exe: 000016DC: 10:45:43 [TUniGUISessionManager]:Stopping Cache Eraser...
WebApp_BPKAD.exe: 000016DC: 10:45:43 [TUniGUISessionManager]:Cache Eraser Stopped.
WebApp_BPKAD.exe: 000016DC: 10:45:43 []:EInvalidPointer : Invalid pointer operation : Addr: $00409955
WebApp_BPKAD.exe: 000016DC: 10:45:43 []:EInvalidPointer : Invalid pointer operation : Addr: $00409955
WebApp_BPKAD.exe: 000016DC: 10:45:43 [TUniGUISessionManager]:Destroying Worker Threads.
WebApp_BPKAD.exe: 000016DC: 10:45:43 [TUniGUISessionManager]:Session manager terminated.
WebApp_BPKAD.exe: 000016DC: 10:45:43 [TUniServerModule]:Server Shutdown Completed.
WebApp_BPKAD.exe: 000016DC: 10:45:43 []:<-------------------------------------------------------------->
WebApp_BPKAD.exe: 000016DC: 10:45:43 [Terminated]:Exit Code: 0
WebApp_BPKAD.exe: 000004AC: 10:45:45 []:>--------------------------------------------------------------<
WebApp_BPKAD.exe: 000004AC: 10:45:45 [TUniServerModule]:Server First Init.
WebApp_BPKAD.exe: 000004AC: 10:45:45 [TUniServerModule]:Starting HTTP Server on Port: 85...
WebApp_BPKAD.exe: 000004AC: 10:45:46 [TUniServerModule]:HTTP Server Started on Port: 85
WebApp_BPKAD.exe: 000004AC: 10:46:36 [TUniServerModule]:Shutting Down Server.
WebApp_BPKAD.exe: 000004AC: 10:46:36 [TUniServerModule]:Stopping HTTP Server.
WebApp_BPKAD.exe: 000004AC: 10:46:38 [TUniServerModule]:HTTP Server Stopped.
WebApp_BPKAD.exe: 000004AC: 10:46:38 [TUniGUISessionManager]:Terminating Session manager.
WebApp_BPKAD.exe: 000004AC: 10:46:38 [TUniGUISessionManager]:Stopping Cache Eraser...
WebApp_BPKAD.exe: 000004AC: 10:46:38 [TUniGUISessionManager]:Cache Eraser Stopped.
WebApp_BPKAD.exe: 000004AC: 10:46:38 []:EAccessViolation : Access violation at address 00409A48 in module 'WebApp_BPKAD.exe'. Read of address FFFFFFFD : Addr: $00409A48
WebApp_BPKAD.exe: 000004AC: 10:46:38 [TUniGUISessionManager]:Destroying Worker Threads.
WebApp_BPKAD.exe: 000004AC: 10:46:38 [TUniGUISessionManager]:Session manager terminated.
WebApp_BPKAD.exe: 000004AC: 10:46:38 [TUniServerModule]:Server Shutdown Completed.
WebApp_BPKAD.exe: 000004AC: 10:46:38 []:<-------------------------------------------------------------->
WebApp_BPKAD.exe: 000004AC: 10:46:38 [Terminated]:Exit Code: 0
WebApp_BPKAD.exe: 000026CC: 10:50:14 []:>--------------------------------------------------------------<
WebApp_BPKAD.exe: 000026CC: 10:50:14 [TUniServerModule]:Server First Init.
WebApp_BPKAD.exe: 000026CC: 10:50:14 [TUniServerModule]:Starting HTTP Server on Port: 85...
WebApp_BPKAD.exe: 000026CC: 10:50:14 [TUniServerModule]:HTTP Server Started on Port: 85
WebApp_BPKAD.exe: 00002830: 10:50:20 [127.0.0.1]:EUniSessionException : Invalid session or session Timeout. (Session not found: IKvq1uHyDN109339D4F ) : Addr: $00794C9A
WebApp_BPKAD.exe: 000021B8: 10:50:29 []:EAccessViolation : Access violation at address 00409A48 in module 'WebApp_BPKAD.exe'. Read of address FFFFFFFD : Addr: $00409A48
WebApp_BPKAD.exe: 000026CC: 10:50:31 [TUniServerModule]:Shutting Down Server.
WebApp_BPKAD.exe: 000026CC: 10:50:31 [TUniServerModule]:Stopping HTTP Server.
WebApp_BPKAD.exe: 000026CC: 10:50:32 [TUniServerModule]:HTTP Server Stopped.
WebApp_BPKAD.exe: 000026CC: 10:50:32 [TUniGUISessionManager]:Terminating Session manager.
WebApp_BPKAD.exe: 000026CC: 10:50:32 [TUniGUISessionManager]:Stopping Cache Eraser...
WebApp_BPKAD.exe: 000026CC: 10:50:32 [TUniGUISessionManager]:Cache Eraser Stopped.
WebApp_BPKAD.exe: 000026CC: 10:50:32 []:EAccessViolation : Access violation at address 00409A48 in module 'WebApp_BPKAD.exe'. Read of address 00000002 : Addr: $00409A48
WebApp_BPKAD.exe: 000026CC: 10:50:32 [TUniGUISessionManager]:Destroying Worker Threads.
WebApp_BPKAD.exe: 000026CC: 10:50:32 [TUniGUISessionManager]:Session manager terminated.
WebApp_BPKAD.exe: 000026CC: 10:50:32 [TUniServerModule]:Server Shutdown Completed.
WebApp_BPKAD.exe: 000026CC: 10:50:32 []:<-------------------------------------------------------------->
WebApp_BPKAD.exe: 000026CC: 10:50:32 [Terminated]:Exit Code: 0
WebApp_BPKAD.exe: 00002814: 10:51:24 []:>--------------------------------------------------------------<
WebApp_BPKAD.exe: 00002814: 10:51:24 [TUniServerModule]:Server First Init.
WebApp_BPKAD.exe: 00002814: 10:51:24 [TUniServerModule]:Starting HTTP Server on Port: 85...
WebApp_BPKAD.exe: 00002814: 10:51:24 [TUniServerModule]:HTTP Server Started on Port: 85
WebApp_BPKAD.exe: 00002870: 10:51:27 [127.0.0.1]:EUniSessionException : Invalid session or session Timeout. (Session not found: EtL8LMSqnA109339E92 ) : Addr: $00794C9A
WebApp_BPKAD.exe: 00002870: 10:51:28 [127.0.0.1]:EUniSessionException : Invalid session or session Timeout. (Session not found: EtL8LMSqnA109339E92 ) : Addr: $00794C9A
WebApp_BPKAD.exe: 00000FDC: 10:51:39 []:EAccessViolation : Access violation at address 00409A48 in module 'WebApp_BPKAD.exe'. Read of address FFFFFFFD : Addr: $00409A48
WebApp_BPKAD.exe: 00002814: 10:54:55 [TUniServerModule]:Shutting Down Server.
WebApp_BPKAD.exe: 00002814: 10:54:55 [TUniServerModule]:Stopping HTTP Server.
WebApp_BPKAD.exe: 00002814: 10:54:56 [TUniServerModule]:HTTP Server Stopped.
WebApp_BPKAD.exe: 00002814: 10:54:56 [TUniGUISessionManager]:Terminating Session manager.
WebApp_BPKAD.exe: 00002814: 10:54:56 [TUniGUISessionManager]:Stopping Cache Eraser...
WebApp_BPKAD.exe: 00002814: 10:54:56 [TUniGUISessionManager]:Cache Eraser Stopped.
WebApp_BPKAD.exe: 00002814: 10:54:56 []:EAccessViolation : Access violation at address 00409A48 in module 'WebApp_BPKAD.exe'. Read of address 00000002 : Addr: $00409A48
WebApp_BPKAD.exe: 00002814: 10:54:56 [TUniGUISessionManager]:Destroying Worker Threads.
WebApp_BPKAD.exe: 00002814: 10:54:56 [TUniGUISessionManager]:Session manager terminated.
WebApp_BPKAD.exe: 00002814: 10:54:56 [TUniServerModule]:Server Shutdown Completed.
WebApp_BPKAD.exe: 00002814: 10:54:56 []:<-------------------------------------------------------------->
WebApp_BPKAD.exe: 00002814: 10:54:56 [Terminated]:Exit Code: 0
WebApp_BPKAD.exe: 00001094: 10:54:56 []:>--------------------------------------------------------------<
WebApp_BPKAD.exe: 00001094: 10:54:56 [TUniServerModule]:Server First Init.
WebApp_BPKAD.exe: 00001094: 10:54:56 [TUniServerModule]:Starting HTTP Server on Port: 85...
WebApp_BPKAD.exe: 00001094: 10:54:57 [TUniServerModule]:HTTP Server Started on Port: 85
WebApp_BPKAD.exe: 000012D8: 10:55:03 [127.0.0.1]:EUniSessionException : Invalid session or session Timeout. (Session not found: CoTHDo562I109339EE0 ) : Addr: $00794C9A
WebApp_BPKAD.exe: 000012D8: 10:55:03 [127.0.0.1]:EUniSessionException : Invalid session or session Timeout. (Session not found: CoTHDo562I109339EE0 ) : Addr: $00794C9A
WebApp_BPKAD.exe: 00001094: 10:55:26 [TUniServerModule]:Shutting Down Server.
WebApp_BPKAD.exe: 00001094: 10:55:26 [TUniServerModule]:Stopping HTTP Server.
WebApp_BPKAD.exe: 00001094: 10:55:27 [TUniServerModule]:HTTP Server Stopped.
WebApp_BPKAD.exe: 00001094: 10:55:27 [TUniGUISessionManager]:Terminating Session manager.
WebApp_BPKAD.exe: 00001094: 10:55:27 [TUniGUISessionManager]:Stopping Cache Eraser...
WebApp_BPKAD.exe: 00001094: 10:55:27 [TUniGUISessionManager]:Cache Eraser Stopped.
WebApp_BPKAD.exe: 00001094: 10:55:27 [TUniGUISessionManager]:Waiting for session manager thread...
WebApp_BPKAD.exe: 00000E14: 10:56:41 []:>--------------------------------------------------------------<
WebApp_BPKAD.exe: 00000E14: 10:56:41 [TUniServerModule]:Server First Init.
WebApp_BPKAD.exe: 00000E14: 10:56:41 [TUniServerModule]:Global Cache Folder Erased. <40> Files deleted.
WebApp_BPKAD.exe: 00000E14: 10:56:41 [TUniServerModule]:Starting HTTP Server on Port: 85...
WebApp_BPKAD.exe: 00000E14: 10:56:41 [TUniServerModule]:HTTP Server Started on Port: 85
WebApp_BPKAD.exe: 00001D80: 10:56:44 [127.0.0.1]:EUniSessionException : Invalid session or session Timeout. (Session not found: EWE2Yu2nQa109339FE5 ) : Addr: $00794C9A
WebApp_BPKAD.exe: 00001D80: 10:56:44 [127.0.0.1]:EUniSessionException : Invalid session or session Timeout. (Session not found: EWE2Yu2nQa109339FE5 ) : Addr: $00794C9A
WebApp_BPKAD.exe: 00000EFC: 10:56:56 []:EAccessViolation : Access violation at address 00409A48 in module 'WebApp_BPKAD.exe'. Read of address FFFFFFFD : Addr: $00409A48
WebApp_BPKAD.exe: 00000E14: 10:57:02 [TUniServerModule]:Shutting Down Server.
WebApp_BPKAD.exe: 00000E14: 10:57:02 [TUniServerModule]:Stopping HTTP Server.
WebApp_BPKAD.exe: 00000E14: 10:57:03 [TUniServerModule]:HTTP Server Stopped.
WebApp_BPKAD.exe: 00000E14: 10:57:03 [TUniGUISessionManager]:Terminating Session manager.
WebApp_BPKAD.exe: 00000E14: 10:57:03 [TUniGUISessionManager]:Stopping Cache Eraser...
WebApp_BPKAD.exe: 00000E14: 10:57:03 [TUniGUISessionManager]:Cache Eraser Stopped.
WebApp_BPKAD.exe: 00000E14: 10:57:03 []:EInvalidPointer : Invalid pointer operation : Addr: $00409955
WebApp_BPKAD.exe: 00000E14: 10:57:03 [TUniGUISessionManager]:Destroying Worker Threads.
WebApp_BPKAD.exe: 00000E14: 10:57:03 [TUniGUISessionManager]:Session manager terminated.
WebApp_BPKAD.exe: 00000E14: 10:57:03 [TUniServerModule]:Server Shutdown Completed.
WebApp_BPKAD.exe: 00000E14: 10:57:03 []:<-------------------------------------------------------------->
WebApp_BPKAD.exe: 00000E14: 10:57:03 [Terminated]:Exit Code: 0
WebApp_BPKAD.exe: 000003C0: 10:58:21 []:>--------------------------------------------------------------<
WebApp_BPKAD.exe: 000003C0: 10:58:21 [TUniServerModule]:Server First Init.
WebApp_BPKAD.exe: 000003C0: 10:58:22 [TUniServerModule]:Starting HTTP Server on Port: 85...
WebApp_BPKAD.exe: 000003C0: 10:58:22 [TUniServerModule]:HTTP Server Started on Port: 85
WebApp_BPKAD.exe: 00002474: 10:58:22 [127.0.0.1]:EUniSessionException : Invalid session or session Timeout. (Session not found: pwSQ7DCZX410933A054 ) : Addr: $00794C9A
WebApp_BPKAD.exe: 00002474: 10:58:22 [127.0.0.1]:EUniSessionException : Invalid session or session Timeout. (Session not found: pwSQ7DCZX410933A054 ) : Addr: $00794C9A
WebApp_BPKAD.exe: 00000A80: 10:58:36 []:EAccessViolation : Access violation at address 00409A48 in module 'WebApp_BPKAD.exe'. Read of address FFFFFFFD : Addr: $00409A48
WebApp_BPKAD.exe: 00000A80: 10:58:52 []:EAccessViolation : Access violation at address 00409A48 in module 'WebApp_BPKAD.exe'. Read of address 00000002 : Addr: $00409A48
WebApp_BPKAD.exe: 00000A80: 10:59:02 []:EInvalidPointer : Invalid pointer operation : Addr: $00409955
WebApp_BPKAD.exe: 00000A80: 10:59:27 []:EInvalidPointer : Invalid pointer operation : Addr: $00409955
WebApp_BPKAD.exe: 00000A80: 10:59:37 []:EAccessViolation : Access violation at address 5800409E in module 'WebApp_BPKAD.exe'. Read of address 5800409E : Addr: $5800409E
WebApp_BPKAD.exe: 000003C0: 10:59:50 [TUniServerModule]:Shutting Down Server.
WebApp_BPKAD.exe: 000003C0: 10:59:50 [TUniServerModule]:Stopping HTTP Server.
WebApp_BPKAD.exe: 000003C0: 10:59:51 [TUniServerModule]:HTTP Server Stopped.
WebApp_BPKAD.exe: 000003C0: 10:59:51 [TUniGUISessionManager]:Terminating Session manager.
WebApp_BPKAD.exe: 000003C0: 10:59:51 [TUniGUISessionManager]:Stopping Cache Eraser...
WebApp_BPKAD.exe: 000003C0: 10:59:51 [TUniGUISessionManager]:Cache Eraser Stopped.
WebApp_BPKAD.exe: 000003C0: 10:59:51 []:EInvalidPointer : Invalid pointer operation : Addr: $00409955
WebApp_BPKAD.exe: 000003C0: 10:59:51 [TUniGUISessionManager]:Destroying Worker Threads.
WebApp_BPKAD.exe: 000003C0: 10:59:51 [TUniGUISessionManager]:Session manager terminated.
WebApp_BPKAD.exe: 000003C0: 10:59:51 [TUniServerModule]:Server Shutdown Completed.
WebApp_BPKAD.exe: 000003C0: 10:59:51 []:<-------------------------------------------------------------->
WebApp_BPKAD.exe: 000003C0: 10:59:51 [Terminated]:Exit Code: 0
WebApp_BPKAD.exe: 00001664: 11:01:40 []:>--------------------------------------------------------------<
WebApp_BPKAD.exe: 00001664: 11:01:40 [TUniServerModule]:Server First Init.
WebApp_BPKAD.exe: 00001664: 11:01:40 [TUniServerModule]:Starting HTTP Server on Port: 85...
WebApp_BPKAD.exe: 00001664: 11:01:41 [TUniServerModule]:HTTP Server Started on Port: 85
WebApp_BPKAD.exe: 00001ADC: 11:01:47 [127.0.0.1]:EUniSessionException : Invalid session or session Timeout. (Session not found: vkayf7wJA710933A10B ) : Addr: $00794C9A
WebApp_BPKAD.exe: 00001764: 11:02:15 []:EAccessViolation : Access violation at address 00409A48 in module 'WebApp_BPKAD.exe'. Read of address FFFFFFFD : Addr: $00409A48
WebApp_BPKAD.exe: 00001764: 11:02:25 []:EInvalidPointer : Invalid pointer operation : Addr: $00409955
WebApp_BPKAD.exe: 00001764: 11:02:36 []:EAccessViolation : Access violation at address 00409A48 in module 'WebApp_BPKAD.exe'. Read of address FFFFFFFD : Addr: $00409A48
WebApp_BPKAD.exe: 00001764: 11:12:36 []:EInvalidPointer : Invalid pointer operation : Addr: $00409955
WebApp_BPKAD.exe: 00001388: 11:26:22 [127.0.0.1]:EUniSessionException : Invalid session or session Timeout. (Invalid URI: /srs6/serv/urn:publicsanctservices ) : Addr: $00794C9A
WebApp_BPKAD.exe: 000003DC: 12:26:23 [127.0.0.1]:EUniSessionException : Invalid session or session Timeout. (Invalid URI: /srs6/serv/urn:verificationservices ) : Addr: $00794C9A
WebApp_BPKAD.exe: 00001664: 14:02:11 [Exit]:Unexpected attempt to terminate server application with Exit Code: 0
