WebApp_BPKAD.exe: 00000F90: 00:00:10 []:>--------------------------------------------------------------<
WebApp_BPKAD.exe: 00000F90: 00:00:10 [TUniServerModule]:Server First Init.
WebApp_BPKAD.exe: 00000F90: 00:00:10 [TUniServerModule]:Starting HTTP Server on Port: 80...
WebApp_BPKAD.exe: 00000F90: 00:00:10 [TUniServerModule]:HTTP Server Started on Port: 80
WebApp_BPKAD.exe: 00000AF4: 00:00:10 [127.0.0.1]:EUniSessionException : Invalid session or session Timeout. (Session not found: snNhxNB3JH1087BD236 ) : Addr: $00788D06
WebApp_BPKAD.exe: 00003458: 00:00:13 [HandleFileRequest[127.0.0.1]]:File not found: D:\OneDrive\PROJECTS\BPKAD HST\WebApp_BPKAD\files\images\8.jpg
WebApp_BPKAD.exe: 00000F90: 00:00:43 [TUniServerModule]:Shutting Down Server.
WebApp_BPKAD.exe: 00000F90: 00:00:43 [TUniServerModule]:Stopping HTTP Server.
WebApp_BPKAD.exe: 00000F90: 00:00:44 [TUniServerModule]:HTTP Server Stopped.
WebApp_BPKAD.exe: 00000F90: 00:00:44 [TUniGUISessionManager]:Terminating Session manager.
WebApp_BPKAD.exe: 00000F90: 00:00:44 [TUniGUISessionManager]:Stopping Cache Eraser...
WebApp_BPKAD.exe: 00000F90: 00:00:44 [TUniGUISessionManager]:Cache Eraser Stopped.
WebApp_BPKAD.exe: 00000F90: 00:00:44 [TUniGUISessionManager]:Destroying Worker Threads.
WebApp_BPKAD.exe: 00000F90: 00:00:44 [TUniGUISessionManager]:Session manager terminated.
WebApp_BPKAD.exe: 00000F90: 00:00:44 [TUniServerModule]:Server Shutdown Completed.
WebApp_BPKAD.exe: 00000F90: 00:00:44 []:<-------------------------------------------------------------->
WebApp_BPKAD.exe: 00000F90: 00:00:44 [Terminated]:Exit Code: 0
WebApp_BPKAD.exe: 00001608: 00:00:47 []:>--------------------------------------------------------------<
WebApp_BPKAD.exe: 00001608: 00:00:47 [TUniServerModule]:Server First Init.
WebApp_BPKAD.exe: 00001608: 00:00:47 [TUniServerModule]:Starting HTTP Server on Port: 80...
WebApp_BPKAD.exe: 00001608: 00:00:47 [TUniServerModule]:HTTP Server Started on Port: 80
WebApp_BPKAD.exe: 00003200: 00:00:49 [127.0.0.1]:EUniSessionException : Invalid session or session Timeout. (Session not found: yiLHiwEKvL1087BD32E ) : Addr: $00788D06
WebApp_BPKAD.exe: 00003200: 00:00:51 [HandleFileRequest[127.0.0.1]]:File not found: D:\OneDrive\PROJECTS\BPKAD HST\WebApp_BPKAD\files\images\8.jpg
WebApp_BPKAD.exe: 00001608: 00:06:31 [TUniServerModule]:Shutting Down Server.
WebApp_BPKAD.exe: 00001608: 00:06:31 [TUniServerModule]:Stopping HTTP Server.
WebApp_BPKAD.exe: 00001608: 00:06:31 [TUniServerModule]:HTTP Server Stopped.
WebApp_BPKAD.exe: 00001608: 00:06:31 [TUniGUISessionManager]:Terminating Session manager.
WebApp_BPKAD.exe: 00001608: 00:06:31 [TUniGUISessionManager]:Stopping Cache Eraser...
WebApp_BPKAD.exe: 00001608: 00:06:31 [TUniGUISessionManager]:Cache Eraser Stopped.
WebApp_BPKAD.exe: 00001608: 00:06:31 [TUniGUISessionManager]:Destroying Worker Threads.
WebApp_BPKAD.exe: 00001608: 00:06:31 [TUniGUISessionManager]:Session manager terminated.
WebApp_BPKAD.exe: 00001608: 00:06:31 [TUniServerModule]:Server Shutdown Completed.
WebApp_BPKAD.exe: 00001608: 00:06:31 []:<-------------------------------------------------------------->
WebApp_BPKAD.exe: 00001608: 00:06:31 [Terminated]:Exit Code: 0
WebApp_BPKAD.exe: 000030C8: 00:06:37 []:>--------------------------------------------------------------<
WebApp_BPKAD.exe: 000030C8: 00:06:37 [TUniServerModule]:Server First Init.
WebApp_BPKAD.exe: 000030C8: 00:06:38 [TUniServerModule]:Starting HTTP Server on Port: 80...
WebApp_BPKAD.exe: 000030C8: 00:06:38 [TUniServerModule]:HTTP Server Started on Port: 80
WebApp_BPKAD.exe: 00003044: 00:06:39 [127.0.0.1]:EUniSessionException : Invalid session or session Timeout. (Session not found: 9KDmhOwhAy1087BD35A ) : Addr: $00788D06
WebApp_BPKAD.exe: 00003044: 00:06:41 [HandleFileRequest[127.0.0.1]]:File not found: D:\OneDrive\PROJECTS\BPKAD HST\WebApp_BPKAD\files\images\8.jpg
WebApp_BPKAD.exe: 000030C8: 00:09:16 [TUniServerModule]:Shutting Down Server.
WebApp_BPKAD.exe: 000030C8: 00:09:16 [TUniServerModule]:Stopping HTTP Server.
WebApp_BPKAD.exe: 000030C8: 00:09:16 [TUniServerModule]:HTTP Server Stopped.
WebApp_BPKAD.exe: 000030C8: 00:09:16 [TUniGUISessionManager]:Terminating Session manager.
WebApp_BPKAD.exe: 000030C8: 00:09:16 [TUniGUISessionManager]:Stopping Cache Eraser...
WebApp_BPKAD.exe: 000030C8: 00:09:16 [TUniGUISessionManager]:Cache Eraser Stopped.
WebApp_BPKAD.exe: 000030C8: 00:09:17 [TUniGUISessionManager]:Destroying Worker Threads.
WebApp_BPKAD.exe: 000030C8: 00:09:17 [TUniGUISessionManager]:Session manager terminated.
WebApp_BPKAD.exe: 000030C8: 00:09:17 [TUniServerModule]:Server Shutdown Completed.
WebApp_BPKAD.exe: 000030C8: 00:09:17 []:<-------------------------------------------------------------->
WebApp_BPKAD.exe: 000030C8: 00:09:17 [Terminated]:Exit Code: 0
WebApp_BPKAD.exe: 0000332C: 00:09:27 []:>--------------------------------------------------------------<
WebApp_BPKAD.exe: 0000332C: 00:09:27 [TUniServerModule]:Server First Init.
WebApp_BPKAD.exe: 0000332C: 00:09:27 [TUniServerModule]:Starting HTTP Server on Port: 80...
WebApp_BPKAD.exe: 0000332C: 00:09:27 [TUniServerModule]:HTTP Server Started on Port: 80
WebApp_BPKAD.exe: 0000332C: 00:09:31 [TUniServerModule]:Shutting Down Server.
WebApp_BPKAD.exe: 0000332C: 00:09:31 [TUniServerModule]:Stopping HTTP Server.
WebApp_BPKAD.exe: 0000332C: 00:09:32 [TUniServerModule]:HTTP Server Stopped.
WebApp_BPKAD.exe: 0000332C: 00:09:32 [TUniGUISessionManager]:Terminating Session manager.
WebApp_BPKAD.exe: 0000332C: 00:09:32 [TUniGUISessionManager]:Stopping Cache Eraser...
WebApp_BPKAD.exe: 0000332C: 00:09:32 [TUniGUISessionManager]:Cache Eraser Stopped.
WebApp_BPKAD.exe: 0000332C: 00:09:32 [TUniGUISessionManager]:Destroying Worker Threads.
WebApp_BPKAD.exe: 0000332C: 00:09:32 [TUniGUISessionManager]:Session manager terminated.
WebApp_BPKAD.exe: 0000332C: 00:09:32 [TUniServerModule]:Server Shutdown Completed.
WebApp_BPKAD.exe: 0000332C: 00:09:32 []:<-------------------------------------------------------------->
WebApp_BPKAD.exe: 0000332C: 00:09:32 [Terminated]:Exit Code: 0
WebApp_BPKAD.exe: 00002C0C: 00:09:36 []:>--------------------------------------------------------------<
WebApp_BPKAD.exe: 00002C0C: 00:09:36 [TUniServerModule]:Server First Init.
WebApp_BPKAD.exe: 00002C0C: 00:09:36 [TUniServerModule]:Starting HTTP Server on Port: 80...
WebApp_BPKAD.exe: 00002C0C: 00:09:36 [TUniServerModule]:HTTP Server Started on Port: 80
WebApp_BPKAD.exe: 00002024: 00:09:39 [127.0.0.1]:EUniSessionException : Invalid session or session Timeout. (Session not found: gcmSWZOPOZ1087BD4F0 ) : Addr: $00788D06
WebApp_BPKAD.exe: 00002024: 00:09:41 [HandleFileRequest[127.0.0.1]]:File not found: D:\OneDrive\PROJECTS\BPKAD HST\WebApp_BPKAD\files\images\8.jpg
WebApp_BPKAD.exe: 00002C0C: 00:12:25 [TUniServerModule]:Shutting Down Server.
WebApp_BPKAD.exe: 00002C0C: 00:12:25 [TUniServerModule]:Stopping HTTP Server.
WebApp_BPKAD.exe: 00002C0C: 00:12:26 [TUniServerModule]:HTTP Server Stopped.
WebApp_BPKAD.exe: 00002C0C: 00:12:26 [TUniGUISessionManager]:Terminating Session manager.
WebApp_BPKAD.exe: 00002C0C: 00:12:26 [TUniGUISessionManager]:Stopping Cache Eraser...
WebApp_BPKAD.exe: 00002C0C: 00:12:26 [TUniGUISessionManager]:Cache Eraser Stopped.
WebApp_BPKAD.exe: 00002C0C: 00:12:26 [TUniGUISessionManager]:Destroying Worker Threads.
WebApp_BPKAD.exe: 00002C0C: 00:12:26 [TUniGUISessionManager]:Session manager terminated.
WebApp_BPKAD.exe: 00002C0C: 00:12:26 [TUniServerModule]:Server Shutdown Completed.
WebApp_BPKAD.exe: 00002C0C: 00:12:26 []:<-------------------------------------------------------------->
WebApp_BPKAD.exe: 00002C0C: 00:12:26 [Terminated]:Exit Code: 0
WebApp_BPKAD.exe: 00001D64: 00:12:33 []:>--------------------------------------------------------------<
WebApp_BPKAD.exe: 00001D64: 00:12:33 [TUniServerModule]:Server First Init.
WebApp_BPKAD.exe: 00001D64: 00:12:33 [TUniServerModule]:Starting HTTP Server on Port: 80...
WebApp_BPKAD.exe: 00001D64: 00:12:33 [TUniServerModule]:HTTP Server Started on Port: 80
WebApp_BPKAD.exe: 00001EB8: 00:12:33 [127.0.0.1]:EUniSessionException : Invalid session or session Timeout. (Session not found: d7SEhCKTfL1087BD5BF ) : Addr: $00788D06
WebApp_BPKAD.exe: 00001EB8: 00:12:34 [HandleFileRequest[127.0.0.1]]:File not found: D:\OneDrive\PROJECTS\BPKAD HST\WebApp_BPKAD\files\images\8.jpg
WebApp_BPKAD.exe: 00002CA0: 00:14:04 [HandleFileRequest[127.0.0.1]]:File not found: D:\OneDrive\PROJECTS\BPKAD HST\WebApp_BPKAD\files\images\8.jpg
WebApp_BPKAD.exe: 00001D64: 00:14:17 [TUniServerModule]:Shutting Down Server.
WebApp_BPKAD.exe: 00001D64: 00:14:17 [TUniServerModule]:Stopping HTTP Server.
WebApp_BPKAD.exe: 00001D64: 00:14:18 [TUniServerModule]:HTTP Server Stopped.
WebApp_BPKAD.exe: 00001D64: 00:14:18 [TUniGUISessionManager]:Terminating Session manager.
WebApp_BPKAD.exe: 00001D64: 00:14:18 [TUniGUISessionManager]:Stopping Cache Eraser...
WebApp_BPKAD.exe: 00001D64: 00:14:18 [TUniGUISessionManager]:Cache Eraser Stopped.
WebApp_BPKAD.exe: 00001D64: 00:14:18 [TUniGUISessionManager]:Destroying Worker Threads.
WebApp_BPKAD.exe: 00001D64: 00:14:18 [TUniGUISessionManager]:Session manager terminated.
WebApp_BPKAD.exe: 00001D64: 00:14:18 [TUniServerModule]:Server Shutdown Completed.
WebApp_BPKAD.exe: 00001D64: 00:14:18 []:<-------------------------------------------------------------->
WebApp_BPKAD.exe: 00001D64: 00:14:18 [Terminated]:Exit Code: 0
WebApp_BPKAD.exe: 00002F34: 00:14:58 []:>--------------------------------------------------------------<
WebApp_BPKAD.exe: 00002F34: 00:14:58 [TUniServerModule]:Server First Init.
WebApp_BPKAD.exe: 00002F34: 00:14:59 [TUniServerModule]:Starting HTTP Server on Port: 80...
WebApp_BPKAD.exe: 00002F34: 00:14:59 [TUniServerModule]:HTTP Server Started on Port: 80
WebApp_BPKAD.exe: 000036D8: 00:15:05 [127.0.0.1]:EUniSessionException : Invalid session or session Timeout. (Session not found: ubCNyPDHqj1087BD6F0 ) : Addr: $00788D06
WebApp_BPKAD.exe: 000036D8: 00:15:06 [HandleFileRequest[127.0.0.1]]:File not found: D:\OneDrive\PROJECTS\BPKAD HST\WebApp_BPKAD\files\images\8.jpg
WebApp_BPKAD.exe: 00001B90: 00:15:16 [HandleFileRequest[127.0.0.1]]:File not found: D:\OneDrive\PROJECTS\BPKAD HST\WebApp_BPKAD\files\images\8.jpg
WebApp_BPKAD.exe: 00002F34: 00:19:12 [TUniServerModule]:Shutting Down Server.
WebApp_BPKAD.exe: 00002F34: 00:19:12 [TUniServerModule]:Stopping HTTP Server.
WebApp_BPKAD.exe: 00002F34: 00:19:12 [TUniServerModule]:HTTP Server Stopped.
WebApp_BPKAD.exe: 00002F34: 00:19:12 [TUniGUISessionManager]:Terminating Session manager.
WebApp_BPKAD.exe: 00002F34: 00:19:12 [TUniGUISessionManager]:Stopping Cache Eraser...
WebApp_BPKAD.exe: 00002F34: 00:19:13 [TUniGUISessionManager]:Cache Eraser Stopped.
WebApp_BPKAD.exe: 00002F34: 00:19:13 [TUniGUISessionManager]:Destroying Worker Threads.
WebApp_BPKAD.exe: 00002F34: 00:19:13 [TUniGUISessionManager]:Session manager terminated.
WebApp_BPKAD.exe: 00002F34: 00:19:13 [TUniServerModule]:Server Shutdown Completed.
WebApp_BPKAD.exe: 00002F34: 00:19:13 []:<-------------------------------------------------------------->
WebApp_BPKAD.exe: 00002F34: 00:19:13 [Terminated]:Exit Code: 0
WebApp_BPKAD.exe: 00003010: 00:21:22 []:>--------------------------------------------------------------<
WebApp_BPKAD.exe: 00003010: 00:21:22 [TUniServerModule]:Server First Init.
WebApp_BPKAD.exe: 00003010: 00:21:23 [TUniServerModule]:Starting HTTP Server on Port: 80...
WebApp_BPKAD.exe: 00003010: 00:21:23 [TUniServerModule]:HTTP Server Started on Port: 80
WebApp_BPKAD.exe: 000037F8: 00:21:25 [127.0.0.1]:EUniSessionException : Invalid session or session Timeout. (Session not found: ClsmR5Pe8u1087BD744 ) : Addr: $00788D06
WebApp_BPKAD.exe: 000037F8: 00:21:27 [HandleFileRequest[127.0.0.1]]:File not found: D:\OneDrive\PROJECTS\BPKAD HST\WebApp_BPKAD\files\images\8.jpg
WebApp_BPKAD.exe: 00003010: 00:21:51 [TUniServerModule]:Shutting Down Server.
WebApp_BPKAD.exe: 00003010: 00:21:51 [TUniServerModule]:Stopping HTTP Server.
WebApp_BPKAD.exe: 00003010: 00:21:51 [TUniServerModule]:HTTP Server Stopped.
WebApp_BPKAD.exe: 00003010: 00:21:51 [TUniGUISessionManager]:Terminating Session manager.
WebApp_BPKAD.exe: 00003010: 00:21:51 [TUniGUISessionManager]:Stopping Cache Eraser...
WebApp_BPKAD.exe: 00003010: 00:21:51 [TUniGUISessionManager]:Cache Eraser Stopped.
WebApp_BPKAD.exe: 00003010: 00:21:51 [TUniGUISessionManager]:Destroying Worker Threads.
WebApp_BPKAD.exe: 00003010: 00:21:51 [TUniGUISessionManager]:Session manager terminated.
WebApp_BPKAD.exe: 00003010: 00:21:51 [TUniServerModule]:Server Shutdown Completed.
WebApp_BPKAD.exe: 00003010: 00:21:51 []:<-------------------------------------------------------------->
WebApp_BPKAD.exe: 00003010: 00:21:51 [Terminated]:Exit Code: 0
WebApp_BPKAD.exe: 00001914: 00:24:20 []:>--------------------------------------------------------------<
WebApp_BPKAD.exe: 00001914: 00:24:20 [TUniServerModule]:Server First Init.
WebApp_BPKAD.exe: 00001914: 00:24:20 [TUniServerModule]:Starting HTTP Server on Port: 80...
WebApp_BPKAD.exe: 00001914: 00:24:20 [TUniServerModule]:HTTP Server Started on Port: 80
WebApp_BPKAD.exe: 00002CE4: 00:24:31 [127.0.0.1]:EUniSessionException : Invalid session or session Timeout. (Session not found: tWRNZOQ87W1087BD8F1 ) : Addr: $00788D06
WebApp_BPKAD.exe: 00002CE4: 00:24:33 [HandleFileRequest[127.0.0.1]]:File not found: D:\OneDrive\PROJECTS\BPKAD HST\WebApp_BPKAD\files\images\8.jpg
WebApp_BPKAD.exe: 00001914: 00:26:25 [TUniServerModule]:Shutting Down Server.
WebApp_BPKAD.exe: 00001914: 00:26:25 [TUniServerModule]:Stopping HTTP Server.
WebApp_BPKAD.exe: 00001914: 00:26:25 [TUniServerModule]:HTTP Server Stopped.
WebApp_BPKAD.exe: 00001914: 00:26:25 [TUniGUISessionManager]:Terminating Session manager.
WebApp_BPKAD.exe: 00001914: 00:26:25 [TUniGUISessionManager]:Stopping Cache Eraser...
WebApp_BPKAD.exe: 00001914: 00:26:25 [TUniGUISessionManager]:Cache Eraser Stopped.
WebApp_BPKAD.exe: 00001914: 00:26:26 [TUniGUISessionManager]:Destroying Worker Threads.
WebApp_BPKAD.exe: 00001914: 00:26:26 [TUniGUISessionManager]:Session manager terminated.
WebApp_BPKAD.exe: 00001914: 00:26:26 [TUniServerModule]:Server Shutdown Completed.
WebApp_BPKAD.exe: 00001914: 00:26:26 []:<-------------------------------------------------------------->
WebApp_BPKAD.exe: 00001914: 00:26:26 [Terminated]:Exit Code: 0
WebApp_BPKAD.exe: 00001BF4: 00:35:49 []:>--------------------------------------------------------------<
WebApp_BPKAD.exe: 00001BF4: 00:35:49 [TUniServerModule]:Server First Init.
WebApp_BPKAD.exe: 00001BF4: 00:35:49 [TUniServerModule]:Starting HTTP Server on Port: 80...
WebApp_BPKAD.exe: 00001BF4: 00:35:49 [TUniServerModule]:HTTP Server Started on Port: 80
WebApp_BPKAD.exe: 000001F8: 00:35:52 [HandleFileRequest[127.0.0.1]]:File not found: D:\OneDrive\PROJECTS\BPKAD HST\WebApp_BPKAD\files\images\8.jpg
WebApp_BPKAD.exe: 00001BF4: 00:37:04 [TUniServerModule]:Shutting Down Server.
WebApp_BPKAD.exe: 00001BF4: 00:37:04 [TUniServerModule]:Stopping HTTP Server.
WebApp_BPKAD.exe: 00001BF4: 00:37:05 [TUniServerModule]:HTTP Server Stopped.
WebApp_BPKAD.exe: 00001BF4: 00:37:05 [TUniGUISessionManager]:Terminating Session manager.
WebApp_BPKAD.exe: 00001BF4: 00:37:05 [TUniGUISessionManager]:Stopping Cache Eraser...
WebApp_BPKAD.exe: 00001BF4: 00:37:05 [TUniGUISessionManager]:Cache Eraser Stopped.
WebApp_BPKAD.exe: 00001BF4: 00:37:05 [TUniGUISessionManager]:Destroying Worker Threads.
WebApp_BPKAD.exe: 00001BF4: 00:37:05 [TUniGUISessionManager]:Session manager terminated.
WebApp_BPKAD.exe: 00001BF4: 00:37:05 [TUniServerModule]:Server Shutdown Completed.
WebApp_BPKAD.exe: 00001BF4: 00:37:05 []:<-------------------------------------------------------------->
WebApp_BPKAD.exe: 00001BF4: 00:37:05 [Terminated]:Exit Code: 0
WebApp_BPKAD.exe: 0000307C: 00:39:21 []:>--------------------------------------------------------------<
WebApp_BPKAD.exe: 0000307C: 00:39:21 [TUniServerModule]:Server First Init.
WebApp_BPKAD.exe: 0000307C: 00:39:21 [TUniServerModule]:Starting HTTP Server on Port: 80...
WebApp_BPKAD.exe: 0000307C: 00:39:21 [TUniServerModule]:HTTP Server Started on Port: 80
WebApp_BPKAD.exe: 000009BC: 00:39:23 [127.0.0.1]:EUniSessionException : Invalid session or session Timeout. (Session not found: 22DkVVB3O11087BDCDA ) : Addr: $00788D06
WebApp_BPKAD.exe: 000009BC: 00:39:25 [HandleFileRequest[127.0.0.1]]:File not found: D:\OneDrive\PROJECTS\BPKAD HST\WebApp_BPKAD\files\images\8.jpg
WebApp_BPKAD.exe: 00002CC0: 00:39:34 [HandleFileRequest[127.0.0.1]]:File not found: D:\OneDrive\PROJECTS\BPKAD HST\WebApp_BPKAD\files\images\8.jpg
WebApp_BPKAD.exe: 0000307C: 00:41:21 [TUniServerModule]:Shutting Down Server.
WebApp_BPKAD.exe: 0000307C: 00:41:21 [TUniServerModule]:Stopping HTTP Server.
WebApp_BPKAD.exe: 0000307C: 00:41:22 [TUniServerModule]:HTTP Server Stopped.
WebApp_BPKAD.exe: 0000307C: 00:41:22 [TUniGUISessionManager]:Terminating Session manager.
WebApp_BPKAD.exe: 0000307C: 00:41:22 [TUniGUISessionManager]:Stopping Cache Eraser...
WebApp_BPKAD.exe: 0000307C: 00:41:22 [TUniGUISessionManager]:Cache Eraser Stopped.
WebApp_BPKAD.exe: 0000307C: 00:41:22 [TUniGUISessionManager]:Destroying Worker Threads.
WebApp_BPKAD.exe: 0000307C: 00:41:22 [TUniGUISessionManager]:Session manager terminated.
WebApp_BPKAD.exe: 0000307C: 00:41:22 [TUniServerModule]:Server Shutdown Completed.
WebApp_BPKAD.exe: 0000307C: 00:41:22 []:<-------------------------------------------------------------->
WebApp_BPKAD.exe: 0000307C: 00:41:22 [Terminated]:Exit Code: 0
WebApp_BPKAD.exe: 00003770: 00:41:27 []:>--------------------------------------------------------------<
WebApp_BPKAD.exe: 00003770: 00:41:27 [TUniServerModule]:Server First Init.
WebApp_BPKAD.exe: 00003770: 00:41:27 [TUniServerModule]:Starting HTTP Server on Port: 80...
WebApp_BPKAD.exe: 00003770: 00:41:27 [TUniServerModule]:HTTP Server Started on Port: 80
WebApp_BPKAD.exe: 00002D58: 00:41:28 [127.0.0.1]:EUniSessionException : Invalid session or session Timeout. (Session not found: DsCJBSLPvW1087BDDDB ) : Addr: $00788D06
WebApp_BPKAD.exe: 00002D58: 00:41:28 [HandleFileRequest[127.0.0.1]]:File not found: D:\OneDrive\PROJECTS\BPKAD HST\WebApp_BPKAD\files\images\8.jpg
WebApp_BPKAD.exe: 00002578: 00:41:38 [HandleFileRequest[127.0.0.1]]:File not found: D:\OneDrive\PROJECTS\BPKAD HST\WebApp_BPKAD\files\images\8.jpg
WebApp_BPKAD.exe: 00001B24: 00:43:44 [HandleFileRequest[127.0.0.1]]:File not found: D:\OneDrive\PROJECTS\BPKAD HST\WebApp_BPKAD\files\images\8.jpg
WebApp_BPKAD.exe: 00003770: 00:45:15 [Exit]:Unexpected attempt to terminate server application with Exit Code: 0
WebApp_BPKAD.exe: 000009F8: 09:26:47 []:>--------------------------------------------------------------<
WebApp_BPKAD.exe: 000009F8: 09:26:47 [TUniServerModule]:Server First Init.
WebApp_BPKAD.exe: 000009F8: 09:26:47 [TUniServerModule]:Global Cache Folder Erased. <15> Files deleted.
WebApp_BPKAD.exe: 000009F8: 09:26:47 [TUniServerModule]:Starting HTTP Server on Port: 80...
WebApp_BPKAD.exe: 000009F8: 09:26:47 [TUniServerModule]:HTTP Server Started on Port: 80
WebApp_BPKAD.exe: 000009F8: 09:26:51 [TUniServerModule]:Shutting Down Server.
WebApp_BPKAD.exe: 000009F8: 09:26:51 [TUniServerModule]:Stopping HTTP Server.
WebApp_BPKAD.exe: 000009F8: 09:26:52 [TUniServerModule]:HTTP Server Stopped.
WebApp_BPKAD.exe: 000009F8: 09:26:52 [TUniGUISessionManager]:Terminating Session manager.
WebApp_BPKAD.exe: 000009F8: 09:26:52 [TUniGUISessionManager]:Stopping Cache Eraser...
WebApp_BPKAD.exe: 000009F8: 09:26:52 [TUniGUISessionManager]:Cache Eraser Stopped.
WebApp_BPKAD.exe: 000009F8: 09:26:52 [TUniGUISessionManager]:Destroying Worker Threads.
WebApp_BPKAD.exe: 000009F8: 09:26:52 [TUniGUISessionManager]:Session manager terminated.
WebApp_BPKAD.exe: 000009F8: 09:26:52 [TUniServerModule]:Server Shutdown Completed.
WebApp_BPKAD.exe: 000009F8: 09:26:52 []:<-------------------------------------------------------------->
WebApp_BPKAD.exe: 000009F8: 09:26:52 [Terminated]:Exit Code: 0
