WebApp_BPKAD.exe: 00000730: 08:54:36 []:>--------------------------------------------------------------<
WebApp_BPKAD.exe: 00000730: 08:54:36 [TUniServerModule]:Server First Init.
WebApp_BPKAD.exe: 00000730: 08:54:36 [TUniServerModule]:Global Cache Folder Erased. <35> Files deleted.
WebApp_BPKAD.exe: 00000730: 08:54:36 [TUniServerModule]:Starting HTTP Server on Port: 85...
WebApp_BPKAD.exe: 00000730: 08:54:36 [TUniServerModule]:HTTP Server Started on Port: 85
WebApp_BPKAD.exe: 00001514: 08:55:16 []:EInvalidPointer : Invalid pointer operation : Addr: $00409DA9
WebApp_BPKAD.exe: 00000730: 08:58:02 [TUniServerModule]:Shutting Down Server.
WebApp_BPKAD.exe: 00000730: 08:58:02 [TUniServerModule]:Stopping HTTP Server.
WebApp_BPKAD.exe: 00000730: 08:58:03 [TUniServerModule]:HTTP Server Stopped.
WebApp_BPKAD.exe: 00000730: 08:58:03 [TUniGUISessionManager]:Terminating Session manager.
WebApp_BPKAD.exe: 00000730: 08:58:03 [TUniGUISessionManager]:Stopping Cache Eraser...
WebApp_BPKAD.exe: 00000730: 08:58:03 [TUniGUISessionManager]:Cache Eraser Stopped.
WebApp_BPKAD.exe: 00000730: 08:58:03 []:EInvalidPointer : Invalid pointer operation : Addr: $00409DA9
WebApp_BPKAD.exe: 00000730: 08:58:03 [TUniGUISessionManager]:Destroying Worker Threads.
WebApp_BPKAD.exe: 00000730: 08:58:03 [TUniGUISessionManager]:Session manager terminated.
WebApp_BPKAD.exe: 00000730: 08:58:04 [TUniServerModule]:Server Shutdown Completed.
WebApp_BPKAD.exe: 00000730: 08:58:04 []:<-------------------------------------------------------------->
WebApp_BPKAD.exe: 00000730: 08:58:04 [Terminated]:Exit Code: 0
WebApp_BPKAD.exe: 00001AF0: 09:10:22 []:>--------------------------------------------------------------<
WebApp_BPKAD.exe: 00001AF0: 09:10:22 [TUniServerModule]:Server First Init.
WebApp_BPKAD.exe: 00001AF0: 09:10:23 [TUniServerModule]:Starting HTTP Server on Port: 85...
WebApp_BPKAD.exe: 00001AF0: 09:10:23 [TUniServerModule]:HTTP Server Started on Port: 85
WebApp_BPKAD.exe: 00002D74: 09:10:28 [127.0.0.1]:EUniSessionException : Invalid session or session Timeout. (Session not found: QpcP9HQ7Vv10914FAAB ) : Addr: $007E058E
WebApp_BPKAD.exe: 00001A94: 09:21:29 []:EInvalidPointer : Invalid pointer operation : Addr: $00409DA9
WebApp_BPKAD.exe: 00003360: 10:26:42 [127.0.0.1]:EUniSessionException : Invalid session or session Timeout. (Session not found: F2kSfTD5eJ10914FEF3 ) : Addr: $007E058E
WebApp_BPKAD.exe: 00003360: 10:26:42 [127.0.0.1]:EUniSessionException : Invalid session or session Timeout. (Session not found: F2kSfTD5eJ10914FEF3 ) : Addr: $007E058E
WebApp_BPKAD.exe: 00001AF0: 10:27:10 [TUniServerModule]:Shutting Down Server.
WebApp_BPKAD.exe: 00001AF0: 10:27:10 [TUniServerModule]:Stopping HTTP Server.
WebApp_BPKAD.exe: 00001AF0: 10:27:11 [TUniServerModule]:HTTP Server Stopped.
WebApp_BPKAD.exe: 00001AF0: 10:27:11 [TUniGUISessionManager]:Terminating Session manager.
WebApp_BPKAD.exe: 00001AF0: 10:27:11 [TUniGUISessionManager]:Stopping Cache Eraser...
WebApp_BPKAD.exe: 00001AF0: 10:27:11 [TUniGUISessionManager]:Cache Eraser Stopped.
WebApp_BPKAD.exe: 00001AF0: 10:27:11 []:EInvalidPointer : Invalid pointer operation : Addr: $00409DA9
WebApp_BPKAD.exe: 00001AF0: 10:27:11 [TUniGUISessionManager]:Destroying Worker Threads.
WebApp_BPKAD.exe: 00001AF0: 10:27:11 [TUniGUISessionManager]:Session manager terminated.
WebApp_BPKAD.exe: 00001AF0: 10:27:11 [TUniServerModule]:Server Shutdown Completed.
WebApp_BPKAD.exe: 00001AF0: 10:27:11 []:<-------------------------------------------------------------->
WebApp_BPKAD.exe: 00001AF0: 10:27:11 [Terminated]:Exit Code: 0
WebApp_BPKAD.exe: 00001D84: 10:27:16 []:>--------------------------------------------------------------<
WebApp_BPKAD.exe: 00001D84: 10:27:16 [TUniServerModule]:Server First Init.
WebApp_BPKAD.exe: 00001D84: 10:27:16 [TUniServerModule]:Starting HTTP Server on Port: 85...
WebApp_BPKAD.exe: 00001D84: 10:27:17 [TUniServerModule]:HTTP Server Started on Port: 85
WebApp_BPKAD.exe: 000001D8: 10:27:19 [127.0.0.1]:EUniSessionException : Invalid session or session Timeout. (Session not found: JdpgmQiFhb1091513A1 ) : Addr: $007E06B6
WebApp_BPKAD.exe: 000001D8: 10:27:19 [127.0.0.1]:EUniSessionException : Invalid session or session Timeout. (Session not found: JdpgmQiFhb1091513A1 ) : Addr: $007E06B6
WebApp_BPKAD.exe: 00002368: 10:36:38 [127.0.0.1]:EUniSessionException : Invalid session or session Timeout. (Invalid URI: /srs6/serv/urn:verificationservices ) : Addr: $007E06B6
WebApp_BPKAD.exe: 0000054C: 10:41:43 []:EInvalidPointer : Invalid pointer operation : Addr: $00409DA9
WebApp_BPKAD.exe: 00001D84: 10:42:36 [TUniServerModule]:Shutting Down Server.
WebApp_BPKAD.exe: 00001D84: 10:42:36 [TUniServerModule]:Stopping HTTP Server.
WebApp_BPKAD.exe: 00001D84: 10:42:37 [TUniServerModule]:HTTP Server Stopped.
WebApp_BPKAD.exe: 00001D84: 10:42:37 [TUniGUISessionManager]:Terminating Session manager.
WebApp_BPKAD.exe: 00001D84: 10:42:37 [TUniGUISessionManager]:Stopping Cache Eraser...
WebApp_BPKAD.exe: 00001D84: 10:42:37 [TUniGUISessionManager]:Cache Eraser Stopped.
WebApp_BPKAD.exe: 00001D84: 10:42:38 [TUniGUISessionManager]:Destroying Worker Threads.
WebApp_BPKAD.exe: 00001D84: 10:42:38 [TUniGUISessionManager]:Session manager terminated.
WebApp_BPKAD.exe: 00001D84: 10:42:38 [TUniServerModule]:Server Shutdown Completed.
WebApp_BPKAD.exe: 00001D84: 10:42:38 []:<-------------------------------------------------------------->
WebApp_BPKAD.exe: 00001D84: 10:42:38 [Terminated]:Exit Code: 0
WebApp_BPKAD.exe: 00000C78: 10:42:41 []:>--------------------------------------------------------------<
WebApp_BPKAD.exe: 00000C78: 10:42:41 [TUniServerModule]:Server First Init.
WebApp_BPKAD.exe: 00000C78: 10:42:41 [TUniServerModule]:Starting HTTP Server on Port: 85...
WebApp_BPKAD.exe: 00000C78: 10:42:41 [TUniServerModule]:HTTP Server Started on Port: 85
WebApp_BPKAD.exe: 00001FA8: 10:42:44 [127.0.0.1]:EUniSessionException : Invalid session or session Timeout. (Session not found: OzDn68cKKC1091513CC ) : Addr: $007E06B6
WebApp_BPKAD.exe: 00001FA8: 10:42:45 [127.0.0.1]:EUniSessionException : Invalid session or session Timeout. (Session not found: OzDn68cKKC1091513CC ) : Addr: $007E06B6
WebApp_BPKAD.exe: 00000C78: 10:43:51 [TUniServerModule]:Shutting Down Server.
WebApp_BPKAD.exe: 00000C78: 10:43:51 [TUniServerModule]:Stopping HTTP Server.
WebApp_BPKAD.exe: 00000C78: 10:43:52 [TUniServerModule]:HTTP Server Stopped.
WebApp_BPKAD.exe: 00000C78: 10:43:52 [TUniGUISessionManager]:Terminating Session manager.
WebApp_BPKAD.exe: 00000C78: 10:43:52 [TUniGUISessionManager]:Stopping Cache Eraser...
WebApp_BPKAD.exe: 00000C78: 10:43:52 [TUniGUISessionManager]:Cache Eraser Stopped.
WebApp_BPKAD.exe: 00000C78: 10:43:52 []:EInvalidPointer : Invalid pointer operation : Addr: $00409DA9
WebApp_BPKAD.exe: 00000C78: 10:43:52 [TUniGUISessionManager]:Destroying Worker Threads.
WebApp_BPKAD.exe: 00000C78: 10:43:52 [TUniGUISessionManager]:Session manager terminated.
WebApp_BPKAD.exe: 00000C78: 10:43:52 [TUniServerModule]:Server Shutdown Completed.
WebApp_BPKAD.exe: 00000C78: 10:43:52 []:<-------------------------------------------------------------->
WebApp_BPKAD.exe: 00000C78: 10:43:52 [Terminated]:Exit Code: 0
WebApp_BPKAD.exe: 00002D24: 11:01:15 []:>--------------------------------------------------------------<
WebApp_BPKAD.exe: 00002D24: 11:01:15 [TUniServerModule]:Server First Init.
WebApp_BPKAD.exe: 00002D24: 11:01:15 [TUniServerModule]:Starting HTTP Server on Port: 85...
WebApp_BPKAD.exe: 00002D24: 11:01:16 [TUniServerModule]:HTTP Server Started on Port: 85
WebApp_BPKAD.exe: 00000668: 11:01:20 [127.0.0.1]:EUniSessionException : Invalid session or session Timeout. (Session not found: HqbB9fJSwm1091517FB ) : Addr: $007E06B6
WebApp_BPKAD.exe: 00000668: 11:01:21 [127.0.0.1]:EUniSessionException : Invalid session or session Timeout. (Session not found: HqbB9fJSwm1091517FB ) : Addr: $007E06B6
WebApp_BPKAD.exe: 00002D24: 11:04:39 [TUniServerModule]:Shutting Down Server.
WebApp_BPKAD.exe: 00002D24: 11:04:39 [TUniServerModule]:Stopping HTTP Server.
WebApp_BPKAD.exe: 00002D24: 11:04:40 [TUniServerModule]:HTTP Server Stopped.
WebApp_BPKAD.exe: 00002D24: 11:04:40 [TUniGUISessionManager]:Terminating Session manager.
WebApp_BPKAD.exe: 00002D24: 11:04:40 [TUniGUISessionManager]:Stopping Cache Eraser...
WebApp_BPKAD.exe: 00002D24: 11:04:40 [TUniGUISessionManager]:Cache Eraser Stopped.
WebApp_BPKAD.exe: 00002D24: 11:04:40 []:EInvalidPointer : Invalid pointer operation : Addr: $00409DA9
WebApp_BPKAD.exe: 00002D24: 11:04:40 [TUniGUISessionManager]:Destroying Worker Threads.
WebApp_BPKAD.exe: 00002D24: 11:04:40 [TUniGUISessionManager]:Session manager terminated.
WebApp_BPKAD.exe: 00002D24: 11:04:40 [TUniServerModule]:Server Shutdown Completed.
WebApp_BPKAD.exe: 00002D24: 11:04:40 []:<-------------------------------------------------------------->
WebApp_BPKAD.exe: 00002D24: 11:04:40 [Terminated]:Exit Code: 0
WebApp_BPKAD.exe: 00000958: 11:05:44 []:>--------------------------------------------------------------<
WebApp_BPKAD.exe: 00000958: 11:05:44 [TUniServerModule]:Server First Init.
WebApp_BPKAD.exe: 00000958: 11:05:44 [TUniServerModule]:Starting HTTP Server on Port: 85...
WebApp_BPKAD.exe: 00000958: 11:05:45 [TUniServerModule]:HTTP Server Started on Port: 85
WebApp_BPKAD.exe: 00002FFC: 11:05:48 [127.0.0.1]:EUniSessionException : Invalid session or session Timeout. (Session not found: dmcTwXo7yB109151D07 ) : Addr: $007E06B6
WebApp_BPKAD.exe: 00002FFC: 11:05:48 [127.0.0.1]:EUniSessionException : Invalid session or session Timeout. (Session not found: dmcTwXo7yB109151D07 ) : Addr: $007E06B6
WebApp_BPKAD.exe: 00000958: 11:05:53 [TUniServerModule]:Shutting Down Server.
WebApp_BPKAD.exe: 00000958: 11:05:53 [TUniServerModule]:Stopping HTTP Server.
WebApp_BPKAD.exe: 00000958: 11:05:54 [TUniServerModule]:HTTP Server Stopped.
WebApp_BPKAD.exe: 00000958: 11:05:54 [TUniGUISessionManager]:Terminating Session manager.
WebApp_BPKAD.exe: 00000958: 11:05:54 [TUniGUISessionManager]:Stopping Cache Eraser...
WebApp_BPKAD.exe: 00000958: 11:05:55 [TUniGUISessionManager]:Cache Eraser Stopped.
WebApp_BPKAD.exe: 00000958: 11:05:55 []:EInvalidPointer : Invalid pointer operation : Addr: $00409DA9
WebApp_BPKAD.exe: 00000958: 11:05:55 [TUniGUISessionManager]:Destroying Worker Threads.
WebApp_BPKAD.exe: 00000958: 11:05:55 [TUniGUISessionManager]:Session manager terminated.
WebApp_BPKAD.exe: 00000958: 11:05:55 [TUniServerModule]:Server Shutdown Completed.
WebApp_BPKAD.exe: 00000958: 11:05:55 []:<-------------------------------------------------------------->
WebApp_BPKAD.exe: 00000958: 11:05:55 [Terminated]:Exit Code: 0
WebApp_BPKAD.exe: 00002E2C: 11:20:59 []:>--------------------------------------------------------------<
WebApp_BPKAD.exe: 00002E2C: 11:20:59 [TUniServerModule]:Server First Init.
WebApp_BPKAD.exe: 00002E2C: 11:20:59 [TUniServerModule]:Starting HTTP Server on Port: 85...
WebApp_BPKAD.exe: 00002E2C: 11:20:59 [TUniServerModule]:HTTP Server Started on Port: 85
WebApp_BPKAD.exe: 00002A6C: 11:21:04 [127.0.0.1]:EUniSessionException : Invalid session or session Timeout. (Session not found: SDKL81jLmz109151E3D ) : Addr: $007E06B6
WebApp_BPKAD.exe: 00002A6C: 11:21:04 [127.0.0.1]:EUniSessionException : Invalid session or session Timeout. (Session not found: SDKL81jLmz109151E3D ) : Addr: $007E06B6
WebApp_BPKAD.exe: 00002E2C: 11:24:41 [TUniServerModule]:Shutting Down Server.
WebApp_BPKAD.exe: 00002E2C: 11:24:41 [TUniServerModule]:Stopping HTTP Server.
WebApp_BPKAD.exe: 00002E2C: 11:24:42 [TUniServerModule]:HTTP Server Stopped.
WebApp_BPKAD.exe: 00002E2C: 11:24:42 [TUniGUISessionManager]:Terminating Session manager.
WebApp_BPKAD.exe: 00002E2C: 11:24:42 [TUniGUISessionManager]:Stopping Cache Eraser...
WebApp_BPKAD.exe: 00002E2C: 11:24:42 [TUniGUISessionManager]:Cache Eraser Stopped.
WebApp_BPKAD.exe: 00002E2C: 11:24:42 []:EInvalidPointer : Invalid pointer operation : Addr: $00409DA9
WebApp_BPKAD.exe: 00002E2C: 11:24:42 [TUniGUISessionManager]:Destroying Worker Threads.
WebApp_BPKAD.exe: 00002E2C: 11:24:42 [TUniGUISessionManager]:Session manager terminated.
WebApp_BPKAD.exe: 00002E2C: 11:24:42 [TUniServerModule]:Server Shutdown Completed.
WebApp_BPKAD.exe: 00002E2C: 11:24:42 []:<-------------------------------------------------------------->
WebApp_BPKAD.exe: 00002E2C: 11:24:42 [Terminated]:Exit Code: 0
WebApp_BPKAD.exe: 0000331C: 11:24:45 []:>--------------------------------------------------------------<
WebApp_BPKAD.exe: 0000331C: 11:24:45 [TUniServerModule]:Server First Init.
WebApp_BPKAD.exe: 0000331C: 11:24:45 [TUniServerModule]:Starting HTTP Server on Port: 85...
WebApp_BPKAD.exe: 0000331C: 11:24:45 [TUniServerModule]:HTTP Server Started on Port: 85
WebApp_BPKAD.exe: 00002BC8: 11:24:48 [127.0.0.1]:EUniSessionException : Invalid session or session Timeout. (Session not found: TtKCOwzbkr109152260 ) : Addr: $007E06B6
WebApp_BPKAD.exe: 00002BC8: 11:24:48 [127.0.0.1]:EUniSessionException : Invalid session or session Timeout. (Session not found: TtKCOwzbkr109152260 ) : Addr: $007E06B6
WebApp_BPKAD.exe: 000007C0: 11:25:33 [127.0.0.1]:EConvertError : '2021' is not a valid date : Addr: $0042B43A
WebApp_BPKAD.exe: 000007C0: 11:25:37 [127.0.0.1]:EDatabaseError : Field 'tahun' must have a value : Addr: $006ACB9B
WebApp_BPKAD.exe: 0000331C: 11:29:36 [TUniServerModule]:Shutting Down Server.
WebApp_BPKAD.exe: 0000331C: 11:29:36 [TUniServerModule]:Stopping HTTP Server.
WebApp_BPKAD.exe: 0000331C: 11:29:37 [TUniServerModule]:HTTP Server Stopped.
WebApp_BPKAD.exe: 0000331C: 11:29:37 [TUniGUISessionManager]:Terminating Session manager.
WebApp_BPKAD.exe: 0000331C: 11:29:37 [TUniGUISessionManager]:Stopping Cache Eraser...
WebApp_BPKAD.exe: 0000331C: 11:29:37 [TUniGUISessionManager]:Cache Eraser Stopped.
WebApp_BPKAD.exe: 0000331C: 11:29:38 []:EInvalidPointer : Invalid pointer operation : Addr: $00409DA9
WebApp_BPKAD.exe: 0000331C: 11:29:38 [TUniGUISessionManager]:Destroying Worker Threads.
WebApp_BPKAD.exe: 0000331C: 11:29:38 [TUniGUISessionManager]:Session manager terminated.
WebApp_BPKAD.exe: 0000331C: 11:29:38 [TUniServerModule]:Server Shutdown Completed.
WebApp_BPKAD.exe: 0000331C: 11:29:38 []:<-------------------------------------------------------------->
WebApp_BPKAD.exe: 0000331C: 11:29:38 [Terminated]:Exit Code: 0
WebApp_BPKAD.exe: 0000069C: 12:08:45 []:>--------------------------------------------------------------<
WebApp_BPKAD.exe: 0000069C: 12:08:45 [TUniServerModule]:Server First Init.
WebApp_BPKAD.exe: 0000069C: 12:08:45 [TUniServerModule]:Starting HTTP Server on Port: 85...
WebApp_BPKAD.exe: 0000069C: 12:08:45 [TUniServerModule]:HTTP Server Started on Port: 85
WebApp_BPKAD.exe: 00000E64: 12:08:51 [127.0.0.1]:EUniSessionException : Invalid session or session Timeout. (Session not found: 1hmuFa2wqu109152364 ) : Addr: $007E06B6
WebApp_BPKAD.exe: 00000E64: 12:08:51 [127.0.0.1]:EUniSessionException : Invalid session or session Timeout. (Session not found: 1hmuFa2wqu109152364 ) : Addr: $007E06B6
WebApp_BPKAD.exe: 00000E64: 12:09:04 [qPembelian: Cannot perform this operation on a closed dataset-127.0.0.1]:EDatabaseError : qPembelian: Cannot perform this operation on a closed dataset : Addr: $006ACB86
WebApp_BPKAD.exe: 00002E64: 12:09:40 [qPembelian: Cannot perform this operation on a closed dataset-127.0.0.1]:EDatabaseError : qPembelian: Cannot perform this operation on a closed dataset : Addr: $006ACB86
WebApp_BPKAD.exe: 0000069C: 12:11:44 [TUniServerModule]:Shutting Down Server.
WebApp_BPKAD.exe: 0000069C: 12:11:44 [TUniServerModule]:Stopping HTTP Server.
WebApp_BPKAD.exe: 0000069C: 12:11:45 [TUniServerModule]:HTTP Server Stopped.
WebApp_BPKAD.exe: 0000069C: 12:11:45 [TUniGUISessionManager]:Terminating Session manager.
WebApp_BPKAD.exe: 0000069C: 12:11:45 [TUniGUISessionManager]:Stopping Cache Eraser...
WebApp_BPKAD.exe: 0000069C: 12:11:46 [TUniGUISessionManager]:Cache Eraser Stopped.
WebApp_BPKAD.exe: 0000069C: 12:11:46 []:EInvalidPointer : Invalid pointer operation : Addr: $00409DA9
WebApp_BPKAD.exe: 0000069C: 12:11:46 [TUniGUISessionManager]:Destroying Worker Threads.
WebApp_BPKAD.exe: 0000069C: 12:11:46 [TUniGUISessionManager]:Session manager terminated.
WebApp_BPKAD.exe: 0000069C: 12:11:46 [TUniServerModule]:Server Shutdown Completed.
WebApp_BPKAD.exe: 0000069C: 12:11:46 []:<-------------------------------------------------------------->
WebApp_BPKAD.exe: 0000069C: 12:11:46 [Terminated]:Exit Code: 0
WebApp_BPKAD.exe: 00002658: 12:20:25 []:>--------------------------------------------------------------<
WebApp_BPKAD.exe: 00002658: 12:20:25 [TUniServerModule]:Server First Init.
WebApp_BPKAD.exe: 00002658: 12:20:25 [TUniServerModule]:Starting HTTP Server on Port: 85...
WebApp_BPKAD.exe: 00002658: 12:20:26 [TUniServerModule]:HTTP Server Started on Port: 85
WebApp_BPKAD.exe: 00002D3C: 12:20:30 [127.0.0.1]:EUniSessionException : Invalid session or session Timeout. (Session not found: y4l7aLaiVs109152F57 ) : Addr: $007E06B6
WebApp_BPKAD.exe: 00002D3C: 12:20:30 [127.0.0.1]:EUniSessionException : Invalid session or session Timeout. (Session not found: y4l7aLaiVs109152F57 ) : Addr: $007E06B6
WebApp_BPKAD.exe: 000020A8: 12:20:41 [qPembelian: Cannot perform this operation on a closed dataset-127.0.0.1]:EDatabaseError : qPembelian: Cannot perform this operation on a closed dataset : Addr: $006ACB86
WebApp_BPKAD.exe: 00002658: 12:20:51 [TUniServerModule]:Shutting Down Server.
WebApp_BPKAD.exe: 00002658: 12:20:51 [TUniServerModule]:Stopping HTTP Server.
WebApp_BPKAD.exe: 00002658: 12:20:52 [TUniServerModule]:HTTP Server Stopped.
WebApp_BPKAD.exe: 00002658: 12:20:52 [TUniGUISessionManager]:Terminating Session manager.
WebApp_BPKAD.exe: 00002658: 12:20:52 [TUniGUISessionManager]:Stopping Cache Eraser...
WebApp_BPKAD.exe: 00002658: 12:20:52 [TUniGUISessionManager]:Cache Eraser Stopped.
WebApp_BPKAD.exe: 00002658: 12:20:52 []:EInvalidPointer : Invalid pointer operation : Addr: $00409DA9
WebApp_BPKAD.exe: 00002658: 12:20:52 [TUniGUISessionManager]:Destroying Worker Threads.
WebApp_BPKAD.exe: 00002658: 12:20:52 [TUniGUISessionManager]:Session manager terminated.
WebApp_BPKAD.exe: 00002658: 12:20:52 [TUniServerModule]:Server Shutdown Completed.
WebApp_BPKAD.exe: 00002658: 12:20:52 []:<-------------------------------------------------------------->
WebApp_BPKAD.exe: 00002658: 12:20:52 [Terminated]:Exit Code: 0
WebApp_BPKAD.exe: 00002840: 12:21:16 []:>--------------------------------------------------------------<
WebApp_BPKAD.exe: 00002840: 12:21:16 [TUniServerModule]:Server First Init.
WebApp_BPKAD.exe: 00002840: 12:21:16 [TUniServerModule]:Starting HTTP Server on Port: 85...
WebApp_BPKAD.exe: 00002840: 12:21:17 [TUniServerModule]:HTTP Server Started on Port: 85
WebApp_BPKAD.exe: 00000FFC: 12:21:19 [127.0.0.1]:EUniSessionException : Invalid session or session Timeout. (Session not found: MJTauXlmUu109153280 ) : Addr: $007E06B6
WebApp_BPKAD.exe: 00000FFC: 12:21:20 [127.0.0.1]:EUniSessionException : Invalid session or session Timeout. (Session not found: MJTauXlmUu109153280 ) : Addr: $007E06B6
WebApp_BPKAD.exe: 00002840: 12:25:36 [TUniServerModule]:Shutting Down Server.
WebApp_BPKAD.exe: 00002840: 12:25:36 [TUniServerModule]:Stopping HTTP Server.
WebApp_BPKAD.exe: 00002840: 12:25:37 [TUniServerModule]:HTTP Server Stopped.
WebApp_BPKAD.exe: 00002840: 12:25:37 [TUniGUISessionManager]:Terminating Session manager.
WebApp_BPKAD.exe: 00002840: 12:25:37 [TUniGUISessionManager]:Stopping Cache Eraser...
WebApp_BPKAD.exe: 00002840: 12:25:37 [TUniGUISessionManager]:Cache Eraser Stopped.
WebApp_BPKAD.exe: 00002840: 12:25:37 []:EInvalidPointer : Invalid pointer operation : Addr: $00409DA9
WebApp_BPKAD.exe: 00002840: 12:25:37 [TUniGUISessionManager]:Destroying Worker Threads.
WebApp_BPKAD.exe: 00002840: 12:25:37 [TUniGUISessionManager]:Session manager terminated.
WebApp_BPKAD.exe: 00002840: 12:25:37 [TUniServerModule]:Server Shutdown Completed.
WebApp_BPKAD.exe: 00002840: 12:25:37 []:<-------------------------------------------------------------->
WebApp_BPKAD.exe: 00002840: 12:25:37 [Terminated]:Exit Code: 0
WebApp_BPKAD.exe: 000030E4: 12:25:47 []:>--------------------------------------------------------------<
WebApp_BPKAD.exe: 000030E4: 12:25:47 [TUniServerModule]:Server First Init.
WebApp_BPKAD.exe: 000030E4: 12:25:47 [TUniServerModule]:Starting HTTP Server on Port: 85...
WebApp_BPKAD.exe: 000030E4: 12:25:48 [TUniServerModule]:HTTP Server Started on Port: 85
WebApp_BPKAD.exe: 000007AC: 12:25:57 [127.0.0.1]:EUniSessionException : Invalid session or session Timeout. (Session not found: 9jH6tguWbq1091532B9 ) : Addr: $007E06B6
WebApp_BPKAD.exe: 000007AC: 12:25:57 [127.0.0.1]:EUniSessionException : Invalid session or session Timeout. (Session not found: 9jH6tguWbq1091532B9 ) : Addr: $007E06B6
WebApp_BPKAD.exe: 000030E4: 12:29:26 [TUniServerModule]:Shutting Down Server.
WebApp_BPKAD.exe: 000030E4: 12:29:26 [TUniServerModule]:Stopping HTTP Server.
WebApp_BPKAD.exe: 000030E4: 12:29:27 [TUniServerModule]:HTTP Server Stopped.
WebApp_BPKAD.exe: 000030E4: 12:29:27 [TUniGUISessionManager]:Terminating Session manager.
WebApp_BPKAD.exe: 000030E4: 12:29:27 [TUniGUISessionManager]:Stopping Cache Eraser...
WebApp_BPKAD.exe: 000030E4: 12:29:27 [TUniGUISessionManager]:Cache Eraser Stopped.
WebApp_BPKAD.exe: 000030E4: 12:29:27 []:EInvalidPointer : Invalid pointer operation : Addr: $00409DA9
WebApp_BPKAD.exe: 000030E4: 12:29:27 [TUniGUISessionManager]:Destroying Worker Threads.
WebApp_BPKAD.exe: 000030E4: 12:29:27 [TUniGUISessionManager]:Session manager terminated.
WebApp_BPKAD.exe: 000030E4: 12:29:27 [TUniServerModule]:Server Shutdown Completed.
WebApp_BPKAD.exe: 000030E4: 12:29:27 []:<-------------------------------------------------------------->
WebApp_BPKAD.exe: 000030E4: 12:29:27 [Terminated]:Exit Code: 0
WebApp_BPKAD.exe: 0000054C: 12:29:31 []:>--------------------------------------------------------------<
WebApp_BPKAD.exe: 0000054C: 12:29:31 [TUniServerModule]:Server First Init.
WebApp_BPKAD.exe: 0000054C: 12:29:31 [TUniServerModule]:Starting HTTP Server on Port: 85...
WebApp_BPKAD.exe: 0000054C: 12:29:31 [TUniServerModule]:HTTP Server Started on Port: 85
WebApp_BPKAD.exe: 00002898: 12:29:35 [127.0.0.1]:EUniSessionException : Invalid session or session Timeout. (Session not found: FInBvRF4TT1091533FB ) : Addr: $007E06B6
WebApp_BPKAD.exe: 00002898: 12:29:35 [127.0.0.1]:EUniSessionException : Invalid session or session Timeout. (Session not found: FInBvRF4TT1091533FB ) : Addr: $007E06B6
WebApp_BPKAD.exe: 0000054C: 12:29:56 [TUniServerModule]:Shutting Down Server.
WebApp_BPKAD.exe: 0000054C: 12:29:56 [TUniServerModule]:Stopping HTTP Server.
WebApp_BPKAD.exe: 0000054C: 12:29:57 [TUniServerModule]:HTTP Server Stopped.
WebApp_BPKAD.exe: 0000054C: 12:29:57 [TUniGUISessionManager]:Terminating Session manager.
WebApp_BPKAD.exe: 0000054C: 12:29:57 [TUniGUISessionManager]:Stopping Cache Eraser...
WebApp_BPKAD.exe: 0000054C: 12:29:57 [TUniGUISessionManager]:Cache Eraser Stopped.
WebApp_BPKAD.exe: 0000054C: 12:29:57 []:EInvalidPointer : Invalid pointer operation : Addr: $00409DA9
WebApp_BPKAD.exe: 0000054C: 12:29:57 [TUniGUISessionManager]:Destroying Worker Threads.
WebApp_BPKAD.exe: 0000054C: 12:29:57 [TUniGUISessionManager]:Session manager terminated.
WebApp_BPKAD.exe: 0000054C: 12:29:57 [TUniServerModule]:Server Shutdown Completed.
WebApp_BPKAD.exe: 0000054C: 12:29:57 []:<-------------------------------------------------------------->
WebApp_BPKAD.exe: 0000054C: 12:29:57 [Terminated]:Exit Code: 0
WebApp_BPKAD.exe: 0000125C: 12:30:12 []:>--------------------------------------------------------------<
WebApp_BPKAD.exe: 0000125C: 12:30:12 [TUniServerModule]:Server First Init.
WebApp_BPKAD.exe: 0000125C: 12:30:12 [TUniServerModule]:Starting HTTP Server on Port: 85...
WebApp_BPKAD.exe: 0000125C: 12:30:12 [TUniServerModule]:HTTP Server Started on Port: 85
WebApp_BPKAD.exe: 00000494: 12:30:14 [127.0.0.1]:EUniSessionException : Invalid session or session Timeout. (Session not found: QJoAi93NTm1091534F7 ) : Addr: $007E06B6
WebApp_BPKAD.exe: 00000494: 12:30:14 [127.0.0.1]:EUniSessionException : Invalid session or session Timeout. (Session not found: QJoAi93NTm1091534F7 ) : Addr: $007E06B6
WebApp_BPKAD.exe: 00002700: 12:31:07 [127.0.0.1]:EDatabaseError : Field 'tanggal' must have a value : Addr: $006ACB9B
WebApp_BPKAD.exe: 0000125C: 12:32:04 [TUniServerModule]:Shutting Down Server.
WebApp_BPKAD.exe: 0000125C: 12:32:04 [TUniServerModule]:Stopping HTTP Server.
WebApp_BPKAD.exe: 0000125C: 12:32:05 [TUniServerModule]:HTTP Server Stopped.
WebApp_BPKAD.exe: 0000125C: 12:32:05 [TUniGUISessionManager]:Terminating Session manager.
WebApp_BPKAD.exe: 0000125C: 12:32:05 [TUniGUISessionManager]:Stopping Cache Eraser...
WebApp_BPKAD.exe: 0000125C: 12:32:05 [TUniGUISessionManager]:Cache Eraser Stopped.
WebApp_BPKAD.exe: 0000125C: 12:32:05 []:EInvalidPointer : Invalid pointer operation : Addr: $00409DA9
WebApp_BPKAD.exe: 0000125C: 12:32:06 [TUniGUISessionManager]:Destroying Worker Threads.
WebApp_BPKAD.exe: 0000125C: 12:32:06 [TUniGUISessionManager]:Session manager terminated.
WebApp_BPKAD.exe: 0000125C: 12:32:06 [TUniServerModule]:Server Shutdown Completed.
WebApp_BPKAD.exe: 0000125C: 12:32:06 []:<-------------------------------------------------------------->
WebApp_BPKAD.exe: 0000125C: 12:32:06 [Terminated]:Exit Code: 0
WebApp_BPKAD.exe: 00002D54: 12:32:09 []:>--------------------------------------------------------------<
WebApp_BPKAD.exe: 00002D54: 12:32:09 [TUniServerModule]:Server First Init.
WebApp_BPKAD.exe: 00002D54: 12:32:09 [TUniServerModule]:Starting HTTP Server on Port: 85...
WebApp_BPKAD.exe: 00002D54: 12:32:09 [TUniServerModule]:HTTP Server Started on Port: 85
WebApp_BPKAD.exe: 0000032C: 12:32:23 [127.0.0.1]:EUniSessionException : Invalid session or session Timeout. (Session not found: 53I21klidU109153524 ) : Addr: $007E06B6
WebApp_BPKAD.exe: 0000032C: 12:32:24 [127.0.0.1]:EUniSessionException : Invalid session or session Timeout. (Session not found: 53I21klidU109153524 ) : Addr: $007E06B6
WebApp_BPKAD.exe: 000024FC: 12:36:39 [127.0.0.1]:EUniSessionException : Invalid session or session Timeout. (Invalid URI: /srs6/serv/urn:verificationservices ) : Addr: $007E06B6
WebApp_BPKAD.exe: 00002328: 12:42:55 []:EInvalidPointer : Invalid pointer operation : Addr: $00409DA9
WebApp_BPKAD.exe: 000030B4: 12:44:00 [127.0.0.1]:EUniSessionException : Invalid session or session Timeout. (Invalid URI: /srs6/serv/urn:verificationservices ) : Addr: $007E06B6
WebApp_BPKAD.exe: 00001FC8: 15:22:05 [127.0.0.1]:EUniSessionException : Invalid session or session Timeout. (Session not found: 9QG3nkGYnf1091535BA ) : Addr: $007E06B6
WebApp_BPKAD.exe: 00001FC8: 15:22:05 [127.0.0.1]:EUniSessionException : Invalid session or session Timeout. (Session not found: 9QG3nkGYnf1091535BA ) : Addr: $007E06B6
WebApp_BPKAD.exe: 00001FC8: 15:22:05 [127.0.0.1]:EUniSessionException : Invalid session or session Timeout. (Session not found: 9QG3nkGYnf1091535BA ) : Addr: $007E06B6
WebApp_BPKAD.exe: 00001FC8: 15:22:05 [127.0.0.1]:EUniSessionException : Invalid session or session Timeout. (Session not found: 9QG3nkGYnf1091535BA ) : Addr: $007E06B6
WebApp_BPKAD.exe: 00002D54: 15:27:11 [TUniServerModule]:Shutting Down Server.
WebApp_BPKAD.exe: 00002D54: 15:27:11 [TUniServerModule]:Stopping HTTP Server.
WebApp_BPKAD.exe: 00002D54: 15:27:12 [TUniServerModule]:HTTP Server Stopped.
WebApp_BPKAD.exe: 00002D54: 15:27:12 [TUniGUISessionManager]:Terminating Session manager.
WebApp_BPKAD.exe: 00002D54: 15:27:12 [TUniGUISessionManager]:Stopping Cache Eraser...
WebApp_BPKAD.exe: 00002D54: 15:27:13 [TUniGUISessionManager]:Cache Eraser Stopped.
WebApp_BPKAD.exe: 00002D54: 15:27:13 []:EInvalidPointer : Invalid pointer operation : Addr: $00409DA9
WebApp_BPKAD.exe: 00002D54: 15:27:13 [TUniGUISessionManager]:Destroying Worker Threads.
WebApp_BPKAD.exe: 00002D54: 15:27:13 [TUniGUISessionManager]:Session manager terminated.
WebApp_BPKAD.exe: 00002D54: 15:27:13 [TUniServerModule]:Server Shutdown Completed.
WebApp_BPKAD.exe: 00002D54: 15:27:13 []:<-------------------------------------------------------------->
WebApp_BPKAD.exe: 00002D54: 15:27:13 [Terminated]:Exit Code: 0
WebApp_BPKAD.exe: 00002900: 15:27:17 []:>--------------------------------------------------------------<
WebApp_BPKAD.exe: 00002900: 15:27:17 [TUniServerModule]:Server First Init.
WebApp_BPKAD.exe: 00002900: 15:27:17 [TUniServerModule]:Starting HTTP Server on Port: 85...
WebApp_BPKAD.exe: 00002900: 15:27:18 [TUniServerModule]:HTTP Server Started on Port: 85
WebApp_BPKAD.exe: 00002468: 15:27:21 [127.0.0.1]:EUniSessionException : Invalid session or session Timeout. (Session not found: k7CpZcfWtK1091563C2 ) : Addr: $007E06B6
WebApp_BPKAD.exe: 00002468: 15:27:21 [127.0.0.1]:EUniSessionException : Invalid session or session Timeout. (Session not found: k7CpZcfWtK1091563C2 ) : Addr: $007E06B6
WebApp_BPKAD.exe: 000027E0: 15:28:42 []:EInvalidPointer : Invalid pointer operation : Addr: $00409DA9
WebApp_BPKAD.exe: 00002900: 15:28:45 [TUniServerModule]:Shutting Down Server.
WebApp_BPKAD.exe: 00002900: 15:28:45 [TUniServerModule]:Stopping HTTP Server.
WebApp_BPKAD.exe: 00002900: 15:28:46 [TUniServerModule]:HTTP Server Stopped.
WebApp_BPKAD.exe: 00002900: 15:28:46 [TUniGUISessionManager]:Terminating Session manager.
WebApp_BPKAD.exe: 00002900: 15:28:46 [TUniGUISessionManager]:Stopping Cache Eraser...
WebApp_BPKAD.exe: 00002900: 15:28:46 [TUniGUISessionManager]:Cache Eraser Stopped.
WebApp_BPKAD.exe: 00002900: 15:28:46 []:EInvalidPointer : Invalid pointer operation : Addr: $00409DA9
WebApp_BPKAD.exe: 00002900: 15:28:46 [TUniGUISessionManager]:Destroying Worker Threads.
WebApp_BPKAD.exe: 00002900: 15:28:46 [TUniGUISessionManager]:Session manager terminated.
WebApp_BPKAD.exe: 00002900: 15:28:46 [TUniServerModule]:Server Shutdown Completed.
WebApp_BPKAD.exe: 00002900: 15:28:46 []:<-------------------------------------------------------------->
WebApp_BPKAD.exe: 00002900: 15:28:46 [Terminated]:Exit Code: 0
WebApp_BPKAD.exe: 00001B58: 15:35:27 []:>--------------------------------------------------------------<
WebApp_BPKAD.exe: 00001B58: 15:35:27 [TUniServerModule]:Server First Init.
WebApp_BPKAD.exe: 00001B58: 15:35:27 [TUniServerModule]:Starting HTTP Server on Port: 85...
WebApp_BPKAD.exe: 00001B58: 15:35:28 [TUniServerModule]:HTTP Server Started on Port: 85
WebApp_BPKAD.exe: 00001D3C: 15:35:31 [127.0.0.1]:EUniSessionException : Invalid session or session Timeout. (Session not found: xsw4L5Aakh10915658A ) : Addr: $007E06B6
WebApp_BPKAD.exe: 00001D3C: 15:35:31 [127.0.0.1]:EUniSessionException : Invalid session or session Timeout. (Session not found: xsw4L5Aakh10915658A ) : Addr: $007E06B6
WebApp_BPKAD.exe: 00001B58: 15:36:08 [TUniServerModule]:Shutting Down Server.
WebApp_BPKAD.exe: 00001B58: 15:36:08 [TUniServerModule]:Stopping HTTP Server.
WebApp_BPKAD.exe: 00001B58: 15:36:09 [TUniServerModule]:HTTP Server Stopped.
WebApp_BPKAD.exe: 00001B58: 15:36:09 [TUniGUISessionManager]:Terminating Session manager.
WebApp_BPKAD.exe: 00001B58: 15:36:09 [TUniGUISessionManager]:Stopping Cache Eraser...
WebApp_BPKAD.exe: 00001B58: 15:36:09 [TUniGUISessionManager]:Cache Eraser Stopped.
WebApp_BPKAD.exe: 00001B58: 15:36:09 []:EInvalidPointer : Invalid pointer operation : Addr: $00409DA9
WebApp_BPKAD.exe: 00001B58: 15:36:09 [TUniGUISessionManager]:Destroying Worker Threads.
WebApp_BPKAD.exe: 00001B58: 15:36:09 [TUniGUISessionManager]:Session manager terminated.
WebApp_BPKAD.exe: 00001B58: 15:36:09 [TUniServerModule]:Server Shutdown Completed.
WebApp_BPKAD.exe: 00001B58: 15:36:09 []:<-------------------------------------------------------------->
WebApp_BPKAD.exe: 00001B58: 15:36:09 [Terminated]:Exit Code: 0
WebApp_BPKAD.exe: 00003690: 15:41:18 []:>--------------------------------------------------------------<
WebApp_BPKAD.exe: 00003690: 15:41:18 [TUniServerModule]:Server First Init.
WebApp_BPKAD.exe: 00003690: 15:41:18 [TUniServerModule]:Starting HTTP Server on Port: 85...
WebApp_BPKAD.exe: 00003690: 15:41:19 [TUniServerModule]:HTTP Server Started on Port: 85
WebApp_BPKAD.exe: 00002420: 15:41:22 [127.0.0.1]:EUniSessionException : Invalid session or session Timeout. (Session not found: LGmMdq9oge109156767 ) : Addr: $007E06B6
WebApp_BPKAD.exe: 00002420: 15:41:22 [127.0.0.1]:EUniSessionException : Invalid session or session Timeout. (Session not found: LGmMdq9oge109156767 ) : Addr: $007E06B6
WebApp_BPKAD.exe: 00003690: 15:43:41 [TUniServerModule]:Shutting Down Server.
WebApp_BPKAD.exe: 00003690: 15:43:41 [TUniServerModule]:Stopping HTTP Server.
WebApp_BPKAD.exe: 00003690: 15:43:42 [TUniServerModule]:HTTP Server Stopped.
WebApp_BPKAD.exe: 00003690: 15:43:42 [TUniGUISessionManager]:Terminating Session manager.
WebApp_BPKAD.exe: 00003690: 15:43:42 [TUniGUISessionManager]:Stopping Cache Eraser...
WebApp_BPKAD.exe: 00003690: 15:43:43 [TUniGUISessionManager]:Cache Eraser Stopped.
WebApp_BPKAD.exe: 00003690: 15:43:43 []:EInvalidPointer : Invalid pointer operation : Addr: $00409DA9
WebApp_BPKAD.exe: 00003690: 15:43:43 [TUniGUISessionManager]:Destroying Worker Threads.
WebApp_BPKAD.exe: 00003690: 15:43:43 [TUniGUISessionManager]:Session manager terminated.
WebApp_BPKAD.exe: 00003690: 15:43:43 [TUniServerModule]:Server Shutdown Completed.
WebApp_BPKAD.exe: 00003690: 15:43:43 []:<-------------------------------------------------------------->
WebApp_BPKAD.exe: 00003690: 15:43:43 [Terminated]:Exit Code: 0
WebApp_BPKAD.exe: 0000332C: 15:43:45 []:>--------------------------------------------------------------<
WebApp_BPKAD.exe: 0000332C: 15:43:45 [TUniServerModule]:Server First Init.
WebApp_BPKAD.exe: 0000332C: 15:43:45 [TUniServerModule]:Starting HTTP Server on Port: 85...
WebApp_BPKAD.exe: 0000332C: 15:43:46 [TUniServerModule]:HTTP Server Started on Port: 85
WebApp_BPKAD.exe: 00000A90: 15:43:49 [127.0.0.1]:EUniSessionException : Invalid session or session Timeout. (Session not found: 9o5cvLeWTq1091568FE ) : Addr: $007E06B6
WebApp_BPKAD.exe: 00000A90: 15:43:49 [127.0.0.1]:EUniSessionException : Invalid session or session Timeout. (Session not found: 9o5cvLeWTq1091568FE ) : Addr: $007E06B6
WebApp_BPKAD.exe: 0000332C: 15:49:58 [TUniServerModule]:Shutting Down Server.
WebApp_BPKAD.exe: 0000332C: 15:49:58 [TUniServerModule]:Stopping HTTP Server.
WebApp_BPKAD.exe: 0000332C: 15:49:59 [TUniServerModule]:HTTP Server Stopped.
WebApp_BPKAD.exe: 0000332C: 15:49:59 [TUniGUISessionManager]:Terminating Session manager.
WebApp_BPKAD.exe: 0000332C: 15:49:59 [TUniGUISessionManager]:Stopping Cache Eraser...
WebApp_BPKAD.exe: 0000332C: 15:49:59 [TUniGUISessionManager]:Cache Eraser Stopped.
WebApp_BPKAD.exe: 0000332C: 15:49:59 []:EInvalidPointer : Invalid pointer operation : Addr: $00409DA9
WebApp_BPKAD.exe: 0000332C: 15:49:59 [TUniGUISessionManager]:Destroying Worker Threads.
WebApp_BPKAD.exe: 0000332C: 15:49:59 [TUniGUISessionManager]:Session manager terminated.
WebApp_BPKAD.exe: 0000332C: 15:49:59 [TUniServerModule]:Server Shutdown Completed.
WebApp_BPKAD.exe: 0000332C: 15:49:59 []:<-------------------------------------------------------------->
WebApp_BPKAD.exe: 0000332C: 15:49:59 [Terminated]:Exit Code: 0
WebApp_BPKAD.exe: 00000A48: 15:50:01 []:>--------------------------------------------------------------<
WebApp_BPKAD.exe: 00000A48: 15:50:01 [TUniServerModule]:Server First Init.
WebApp_BPKAD.exe: 00000A48: 15:50:01 [TUniServerModule]:Starting HTTP Server on Port: 85...
WebApp_BPKAD.exe: 00000A48: 15:50:01 [TUniServerModule]:HTTP Server Started on Port: 85
WebApp_BPKAD.exe: 0000280C: 15:50:04 [127.0.0.1]:EUniSessionException : Invalid session or session Timeout. (Session not found: X1uPduFCkp1091569A7 ) : Addr: $007E06B6
WebApp_BPKAD.exe: 0000280C: 15:50:04 [127.0.0.1]:EUniSessionException : Invalid session or session Timeout. (Session not found: X1uPduFCkp1091569A7 ) : Addr: $007E06B6
WebApp_BPKAD.exe: 00000A48: 15:53:39 [TUniServerModule]:Shutting Down Server.
WebApp_BPKAD.exe: 00000A48: 15:53:39 [TUniServerModule]:Stopping HTTP Server.
WebApp_BPKAD.exe: 00000A48: 15:53:40 [TUniServerModule]:HTTP Server Stopped.
WebApp_BPKAD.exe: 00000A48: 15:53:40 [TUniGUISessionManager]:Terminating Session manager.
WebApp_BPKAD.exe: 00000A48: 15:53:40 [TUniGUISessionManager]:Stopping Cache Eraser...
WebApp_BPKAD.exe: 00000A48: 15:53:40 [TUniGUISessionManager]:Cache Eraser Stopped.
WebApp_BPKAD.exe: 00000A48: 15:53:41 []:EInvalidPointer : Invalid pointer operation : Addr: $00409DA9
WebApp_BPKAD.exe: 00000A48: 15:53:41 [TUniGUISessionManager]:Destroying Worker Threads.
WebApp_BPKAD.exe: 00000A48: 15:53:41 [TUniGUISessionManager]:Session manager terminated.
WebApp_BPKAD.exe: 00000A48: 15:53:41 [TUniServerModule]:Server Shutdown Completed.
WebApp_BPKAD.exe: 00000A48: 15:53:41 []:<-------------------------------------------------------------->
WebApp_BPKAD.exe: 00000A48: 15:53:41 [Terminated]:Exit Code: 0
WebApp_BPKAD.exe: 00002724: 15:53:43 []:>--------------------------------------------------------------<
WebApp_BPKAD.exe: 00002724: 15:53:43 [TUniServerModule]:Server First Init.
WebApp_BPKAD.exe: 00002724: 15:53:43 [TUniServerModule]:Starting HTTP Server on Port: 85...
WebApp_BPKAD.exe: 00002724: 15:53:44 [TUniServerModule]:HTTP Server Started on Port: 85
WebApp_BPKAD.exe: 00001FA0: 15:53:45 [127.0.0.1]:EUniSessionException : Invalid session or session Timeout. (Session not found: 7ABQnnm7GJ109156B5A ) : Addr: $007E06B6
WebApp_BPKAD.exe: 00001FA0: 15:53:45 [127.0.0.1]:EUniSessionException : Invalid session or session Timeout. (Session not found: 7ABQnnm7GJ109156B5A ) : Addr: $007E06B6
WebApp_BPKAD.exe: 00002724: 15:54:11 [TUniServerModule]:Shutting Down Server.
WebApp_BPKAD.exe: 00002724: 15:54:11 [TUniServerModule]:Stopping HTTP Server.
WebApp_BPKAD.exe: 00002724: 15:54:12 [TUniServerModule]:HTTP Server Stopped.
WebApp_BPKAD.exe: 00002724: 15:54:12 [TUniGUISessionManager]:Terminating Session manager.
WebApp_BPKAD.exe: 00002724: 15:54:12 [TUniGUISessionManager]:Stopping Cache Eraser...
WebApp_BPKAD.exe: 00002724: 15:54:12 [TUniGUISessionManager]:Cache Eraser Stopped.
WebApp_BPKAD.exe: 00002724: 15:54:12 []:EInvalidPointer : Invalid pointer operation : Addr: $00409DA9
WebApp_BPKAD.exe: 00002724: 15:54:12 [TUniGUISessionManager]:Destroying Worker Threads.
WebApp_BPKAD.exe: 00002724: 15:54:12 [TUniGUISessionManager]:Session manager terminated.
WebApp_BPKAD.exe: 00002724: 15:54:12 [TUniServerModule]:Server Shutdown Completed.
WebApp_BPKAD.exe: 00002724: 15:54:12 []:<-------------------------------------------------------------->
WebApp_BPKAD.exe: 00002724: 15:54:12 [Terminated]:Exit Code: 0
WebApp_BPKAD.exe: 000017DC: 15:56:56 []:>--------------------------------------------------------------<
WebApp_BPKAD.exe: 000017DC: 15:56:56 [TUniServerModule]:Server First Init.
WebApp_BPKAD.exe: 000017DC: 15:56:56 [TUniServerModule]:Starting HTTP Server on Port: 85...
WebApp_BPKAD.exe: 000017DC: 15:56:57 [TUniServerModule]:HTTP Server Started on Port: 85
WebApp_BPKAD.exe: 000026A4: 15:57:00 [127.0.0.1]:EUniSessionException : Invalid session or session Timeout. (Session not found: KeSlCLu3XR109156C5A ) : Addr: $007E06B6
WebApp_BPKAD.exe: 000026A4: 15:57:01 [127.0.0.1]:EUniSessionException : Invalid session or session Timeout. (Session not found: KeSlCLu3XR109156C5A ) : Addr: $007E06B6
WebApp_BPKAD.exe: 000017DC: 15:57:43 [TUniServerModule]:Shutting Down Server.
WebApp_BPKAD.exe: 000017DC: 15:57:43 [TUniServerModule]:Stopping HTTP Server.
WebApp_BPKAD.exe: 000017DC: 15:57:44 [TUniServerModule]:HTTP Server Stopped.
WebApp_BPKAD.exe: 000017DC: 15:57:44 [TUniGUISessionManager]:Terminating Session manager.
WebApp_BPKAD.exe: 000017DC: 15:57:44 [TUniGUISessionManager]:Stopping Cache Eraser...
WebApp_BPKAD.exe: 000017DC: 15:57:44 [TUniGUISessionManager]:Cache Eraser Stopped.
WebApp_BPKAD.exe: 000017DC: 15:57:44 []:EInvalidPointer : Invalid pointer operation : Addr: $00409DA9
WebApp_BPKAD.exe: 000017DC: 15:57:44 [TUniGUISessionManager]:Destroying Worker Threads.
WebApp_BPKAD.exe: 000017DC: 15:57:44 [TUniGUISessionManager]:Session manager terminated.
WebApp_BPKAD.exe: 000017DC: 15:57:44 [TUniServerModule]:Server Shutdown Completed.
WebApp_BPKAD.exe: 000017DC: 15:57:44 []:<-------------------------------------------------------------->
WebApp_BPKAD.exe: 000017DC: 15:57:44 [Terminated]:Exit Code: 0
WebApp_BPKAD.exe: 000025E4: 15:58:37 []:>--------------------------------------------------------------<
WebApp_BPKAD.exe: 000025E4: 15:58:37 [TUniServerModule]:Server First Init.
WebApp_BPKAD.exe: 000025E4: 15:58:37 [TUniServerModule]:Starting HTTP Server on Port: 85...
WebApp_BPKAD.exe: 000025E4: 15:58:38 [TUniServerModule]:HTTP Server Started on Port: 85
WebApp_BPKAD.exe: 0000332C: 15:58:41 [127.0.0.1]:EUniSessionException : Invalid session or session Timeout. (Session not found: CcG13InRHu109156D3B ) : Addr: $007E06B6
WebApp_BPKAD.exe: 00002200: 15:58:55 [127.0.0.1]:EFDException : [FireDAC][Comp][Clnt]-511. Dataset [qSSH] must be in cached update mode : Addr: $00857850
WebApp_BPKAD.exe: 000025E4: 15:59:03 [TUniServerModule]:Shutting Down Server.
WebApp_BPKAD.exe: 000025E4: 15:59:03 [TUniServerModule]:Stopping HTTP Server.
WebApp_BPKAD.exe: 000025E4: 15:59:04 [TUniServerModule]:HTTP Server Stopped.
WebApp_BPKAD.exe: 000025E4: 15:59:04 [TUniGUISessionManager]:Terminating Session manager.
WebApp_BPKAD.exe: 000025E4: 15:59:04 [TUniGUISessionManager]:Stopping Cache Eraser...
WebApp_BPKAD.exe: 000025E4: 15:59:04 [TUniGUISessionManager]:Cache Eraser Stopped.
WebApp_BPKAD.exe: 000025E4: 15:59:04 []:EInvalidPointer : Invalid pointer operation : Addr: $00409DA9
WebApp_BPKAD.exe: 000025E4: 15:59:04 [TUniGUISessionManager]:Destroying Worker Threads.
WebApp_BPKAD.exe: 000025E4: 15:59:04 [TUniGUISessionManager]:Session manager terminated.
WebApp_BPKAD.exe: 000025E4: 15:59:04 [TUniServerModule]:Server Shutdown Completed.
WebApp_BPKAD.exe: 000025E4: 15:59:04 []:<-------------------------------------------------------------->
WebApp_BPKAD.exe: 000025E4: 15:59:04 [Terminated]:Exit Code: 0
WebApp_BPKAD.exe: 00003234: 16:04:58 []:>--------------------------------------------------------------<
WebApp_BPKAD.exe: 00003234: 16:04:58 [TUniServerModule]:Server First Init.
WebApp_BPKAD.exe: 00003234: 16:04:58 [TUniServerModule]:Starting HTTP Server on Port: 85...
WebApp_BPKAD.exe: 00003234: 16:04:59 [TUniServerModule]:HTTP Server Started on Port: 85
WebApp_BPKAD.exe: 00003730: 16:05:03 [127.0.0.1]:EUniSessionException : Invalid session or session Timeout. (Session not found: pvVSYEIOmE109156DAF ) : Addr: $007E06B6
WebApp_BPKAD.exe: 00003234: 16:06:27 [TUniServerModule]:Shutting Down Server.
WebApp_BPKAD.exe: 00003234: 16:06:27 [TUniServerModule]:Stopping HTTP Server.
WebApp_BPKAD.exe: 00003234: 16:06:28 [TUniServerModule]:HTTP Server Stopped.
WebApp_BPKAD.exe: 00003234: 16:06:28 [TUniGUISessionManager]:Terminating Session manager.
WebApp_BPKAD.exe: 00003234: 16:06:28 [TUniGUISessionManager]:Stopping Cache Eraser...
WebApp_BPKAD.exe: 00003234: 16:06:28 [TUniGUISessionManager]:Cache Eraser Stopped.
WebApp_BPKAD.exe: 00003234: 16:06:28 []:EInvalidPointer : Invalid pointer operation : Addr: $00409DA9
WebApp_BPKAD.exe: 00003234: 16:06:28 [TUniGUISessionManager]:Destroying Worker Threads.
WebApp_BPKAD.exe: 00003234: 16:06:28 [TUniGUISessionManager]:Session manager terminated.
WebApp_BPKAD.exe: 00003234: 16:06:28 [TUniServerModule]:Server Shutdown Completed.
WebApp_BPKAD.exe: 00003234: 16:06:28 []:<-------------------------------------------------------------->
WebApp_BPKAD.exe: 00003234: 16:06:28 [Terminated]:Exit Code: 0
WebApp_BPKAD.exe: 0000309C: 16:06:36 []:>--------------------------------------------------------------<
WebApp_BPKAD.exe: 0000309C: 16:06:36 [TUniServerModule]:Server First Init.
WebApp_BPKAD.exe: 0000309C: 16:06:36 [TUniServerModule]:Starting HTTP Server on Port: 85...
WebApp_BPKAD.exe: 0000309C: 16:06:36 [TUniServerModule]:HTTP Server Started on Port: 85
WebApp_BPKAD.exe: 00001BA8: 16:06:40 [127.0.0.1]:EUniSessionException : Invalid session or session Timeout. (Session not found: HZ6rN82IdH109156F6A ) : Addr: $007E06B6
WebApp_BPKAD.exe: 00001BA8: 16:06:40 [127.0.0.1]:EUniSessionException : Invalid session or session Timeout. (Session not found: HZ6rN82IdH109156F6A ) : Addr: $007E06B6
WebApp_BPKAD.exe: 0000309C: 16:07:16 [TUniServerModule]:Shutting Down Server.
WebApp_BPKAD.exe: 0000309C: 16:07:16 [TUniServerModule]:Stopping HTTP Server.
WebApp_BPKAD.exe: 0000309C: 16:07:17 [TUniServerModule]:HTTP Server Stopped.
WebApp_BPKAD.exe: 0000309C: 16:07:17 [TUniGUISessionManager]:Terminating Session manager.
WebApp_BPKAD.exe: 0000309C: 16:07:17 [TUniGUISessionManager]:Stopping Cache Eraser...
WebApp_BPKAD.exe: 0000309C: 16:07:17 [TUniGUISessionManager]:Cache Eraser Stopped.
WebApp_BPKAD.exe: 0000309C: 16:07:17 []:EInvalidPointer : Invalid pointer operation : Addr: $00409DA9
WebApp_BPKAD.exe: 0000309C: 16:07:17 [TUniGUISessionManager]:Destroying Worker Threads.
WebApp_BPKAD.exe: 0000309C: 16:07:17 [TUniGUISessionManager]:Session manager terminated.
WebApp_BPKAD.exe: 0000309C: 16:07:17 [TUniServerModule]:Server Shutdown Completed.
WebApp_BPKAD.exe: 0000309C: 16:07:17 []:<-------------------------------------------------------------->
WebApp_BPKAD.exe: 0000309C: 16:07:17 [Terminated]:Exit Code: 0
WebApp_BPKAD.exe: 0000223C: 16:07:36 []:>--------------------------------------------------------------<
WebApp_BPKAD.exe: 0000223C: 16:07:36 [TUniServerModule]:Server First Init.
WebApp_BPKAD.exe: 0000223C: 16:07:36 [TUniServerModule]:Starting HTTP Server on Port: 85...
WebApp_BPKAD.exe: 0000223C: 16:07:37 [TUniServerModule]:HTTP Server Started on Port: 85
WebApp_BPKAD.exe: 0000223C: 16:07:39 [TUniServerModule]:Shutting Down Server.
WebApp_BPKAD.exe: 0000223C: 16:07:39 [TUniServerModule]:Stopping HTTP Server.
WebApp_BPKAD.exe: 0000223C: 16:07:39 [TUniServerModule]:HTTP Server Stopped.
WebApp_BPKAD.exe: 0000223C: 16:07:39 [TUniGUISessionManager]:Terminating Session manager.
WebApp_BPKAD.exe: 0000223C: 16:07:39 [TUniGUISessionManager]:Stopping Cache Eraser...
WebApp_BPKAD.exe: 0000223C: 16:07:39 [TUniGUISessionManager]:Cache Eraser Stopped.
WebApp_BPKAD.exe: 0000223C: 16:07:39 [TUniGUISessionManager]:Destroying Worker Threads.
WebApp_BPKAD.exe: 0000223C: 16:07:39 [TUniGUISessionManager]:Session manager terminated.
WebApp_BPKAD.exe: 0000223C: 16:07:39 [TUniServerModule]:Server Shutdown Completed.
WebApp_BPKAD.exe: 0000223C: 16:07:39 []:<-------------------------------------------------------------->
WebApp_BPKAD.exe: 0000223C: 16:07:39 [Terminated]:Exit Code: 0
WebApp_BPKAD.exe: 00000A98: 16:07:42 []:>--------------------------------------------------------------<
WebApp_BPKAD.exe: 00000A98: 16:07:42 [TUniServerModule]:Server First Init.
WebApp_BPKAD.exe: 00000A98: 16:07:42 [TUniServerModule]:Starting HTTP Server on Port: 85...
WebApp_BPKAD.exe: 00000A98: 16:07:42 [TUniServerModule]:HTTP Server Started on Port: 85
WebApp_BPKAD.exe: 00001B68: 16:07:47 [127.0.0.1]:EUniSessionException : Invalid session or session Timeout. (Session not found: 32DVaa68Vm109156FDA ) : Addr: $007E06B6
WebApp_BPKAD.exe: 00001B68: 16:07:47 [127.0.0.1]:EUniSessionException : Invalid session or session Timeout. (Session not found: 32DVaa68Vm109156FDA ) : Addr: $007E06B6
WebApp_BPKAD.exe: 0000375C: 16:18:13 []:EInvalidPointer : Invalid pointer operation : Addr: $00409DA9
WebApp_BPKAD.exe: 00000A98: 16:21:58 [TUniServerModule]:Shutting Down Server.
WebApp_BPKAD.exe: 00000A98: 16:21:58 [TUniServerModule]:Stopping HTTP Server.
WebApp_BPKAD.exe: 00000A98: 16:21:59 [TUniServerModule]:HTTP Server Stopped.
WebApp_BPKAD.exe: 00000A98: 16:21:59 [TUniGUISessionManager]:Terminating Session manager.
WebApp_BPKAD.exe: 00000A98: 16:21:59 [TUniGUISessionManager]:Stopping Cache Eraser...
WebApp_BPKAD.exe: 00000A98: 16:21:59 [TUniGUISessionManager]:Cache Eraser Stopped.
WebApp_BPKAD.exe: 00000A98: 16:21:59 [TUniGUISessionManager]:Destroying Worker Threads.
WebApp_BPKAD.exe: 00000A98: 16:21:59 [TUniGUISessionManager]:Session manager terminated.
WebApp_BPKAD.exe: 00000A98: 16:21:59 [TUniServerModule]:Server Shutdown Completed.
WebApp_BPKAD.exe: 00000A98: 16:21:59 []:<-------------------------------------------------------------->
WebApp_BPKAD.exe: 00000A98: 16:21:59 [Terminated]:Exit Code: 0
WebApp_BPKAD.exe: 000004CC: 16:22:56 []:>--------------------------------------------------------------<
WebApp_BPKAD.exe: 000004CC: 16:22:56 [TUniServerModule]:Server First Init.
WebApp_BPKAD.exe: 000004CC: 16:22:56 [TUniServerModule]:Starting HTTP Server on Port: 85...
WebApp_BPKAD.exe: 000004CC: 16:22:57 [TUniServerModule]:HTTP Server Started on Port: 85
WebApp_BPKAD.exe: 00002A88: 16:22:59 [127.0.0.1]:EUniSessionException : Invalid session or session Timeout. (Session not found: PnmjXkkLis109157027 ) : Addr: $007E06B6
WebApp_BPKAD.exe: 00002A88: 16:22:59 [127.0.0.1]:EUniSessionException : Invalid session or session Timeout. (Session not found: PnmjXkkLis109157027 ) : Addr: $007E06B6
WebApp_BPKAD.exe: 000004CC: 16:23:20 [TUniServerModule]:Shutting Down Server.
WebApp_BPKAD.exe: 000004CC: 16:23:20 [TUniServerModule]:Stopping HTTP Server.
WebApp_BPKAD.exe: 000004CC: 16:23:21 [TUniServerModule]:HTTP Server Stopped.
WebApp_BPKAD.exe: 000004CC: 16:23:21 [TUniGUISessionManager]:Terminating Session manager.
WebApp_BPKAD.exe: 000004CC: 16:23:21 [TUniGUISessionManager]:Stopping Cache Eraser...
WebApp_BPKAD.exe: 000004CC: 16:23:21 [TUniGUISessionManager]:Cache Eraser Stopped.
WebApp_BPKAD.exe: 000004CC: 16:23:21 []:EInvalidPointer : Invalid pointer operation : Addr: $00409DA9
WebApp_BPKAD.exe: 000004CC: 16:23:21 [TUniGUISessionManager]:Destroying Worker Threads.
WebApp_BPKAD.exe: 000004CC: 16:23:21 [TUniGUISessionManager]:Session manager terminated.
WebApp_BPKAD.exe: 000004CC: 16:23:21 [TUniServerModule]:Server Shutdown Completed.
WebApp_BPKAD.exe: 000004CC: 16:23:21 []:<-------------------------------------------------------------->
WebApp_BPKAD.exe: 000004CC: 16:23:21 [Terminated]:Exit Code: 0
WebApp_BPKAD.exe: 00003460: 16:24:37 []:>--------------------------------------------------------------<
WebApp_BPKAD.exe: 00003460: 16:24:37 [TUniServerModule]:Server First Init.
WebApp_BPKAD.exe: 00003460: 16:24:37 [TUniServerModule]:Starting HTTP Server on Port: 85...
WebApp_BPKAD.exe: 00003460: 16:24:37 [TUniServerModule]:HTTP Server Started on Port: 85
WebApp_BPKAD.exe: 000037EC: 16:24:37 [127.0.0.1]:EUniSessionException : Invalid session or session Timeout. (Session not found: rZVu3q6PV5109157447 ) : Addr: $007E06B6
WebApp_BPKAD.exe: 000037EC: 16:24:38 [127.0.0.1]:EUniSessionException : Invalid session or session Timeout. (Session not found: rZVu3q6PV5109157447 ) : Addr: $007E06B6
WebApp_BPKAD.exe: 000037EC: 16:24:38 [127.0.0.1]:EUniSessionException : Invalid session or session Timeout. (Session not found: rZVu3q6PV5109157447 ) : Addr: $007E06B6
WebApp_BPKAD.exe: 000037EC: 16:24:38 [127.0.0.1]:EUniSessionException : Invalid session or session Timeout. (Session not found: rZVu3q6PV5109157447 ) : Addr: $007E06B6
WebApp_BPKAD.exe: 000037EC: 16:24:38 [127.0.0.1]:EUniSessionException : Invalid session or session Timeout. (Session not found: rZVu3q6PV5109157447 ) : Addr: $007E06B6
WebApp_BPKAD.exe: 000037EC: 16:25:23 [127.0.0.1]:EDatabaseError : Field 'update_at' must have a value : Addr: $006ACB9B
WebApp_BPKAD.exe: 000017F0: 16:36:23 []:EInvalidPointer : Invalid pointer operation : Addr: $00409DA9
WebApp_BPKAD.exe: 0000344C: 16:48:58 [127.0.0.1]:EUniSessionException : Invalid session or session Timeout. (Invalid URI: /srs6/serv/urn:verificationservices ) : Addr: $007E06B6
WebApp_BPKAD.exe: 000012FC: 16:56:19 [127.0.0.1]:EUniSessionException : Invalid session or session Timeout. (Invalid URI: /srs6/serv/urn:verificationservices ) : Addr: $007E06B6
WebApp_BPKAD.exe: 0000275C: 17:12:06 [127.0.0.1]:EUniSessionException : Invalid session or session Timeout. (Session not found: pcobZn6mf71091574B9 ) : Addr: $007E06B6
WebApp_BPKAD.exe: 0000275C: 17:12:06 [127.0.0.1]:EUniSessionException : Invalid session or session Timeout. (Session not found: pcobZn6mf71091574B9 ) : Addr: $007E06B6
WebApp_BPKAD.exe: 000017F0: 17:22:09 []:EInvalidPointer : Invalid pointer operation : Addr: $00409DA9
WebApp_BPKAD.exe: 00003460: 17:40:52 [TUniServerModule]:Shutting Down Server.
WebApp_BPKAD.exe: 00003460: 17:40:52 [TUniServerModule]:Stopping HTTP Server.
WebApp_BPKAD.exe: 00003460: 17:40:53 [TUniServerModule]:HTTP Server Stopped.
WebApp_BPKAD.exe: 00003460: 17:40:53 [TUniGUISessionManager]:Terminating Session manager.
WebApp_BPKAD.exe: 00003460: 17:40:53 [TUniGUISessionManager]:Stopping Cache Eraser...
WebApp_BPKAD.exe: 00003460: 17:40:53 [TUniGUISessionManager]:Cache Eraser Stopped.
WebApp_BPKAD.exe: 00003460: 17:40:53 [TUniGUISessionManager]:Destroying Worker Threads.
WebApp_BPKAD.exe: 00003460: 17:40:53 [TUniGUISessionManager]:Session manager terminated.
WebApp_BPKAD.exe: 00003460: 17:40:53 [TUniServerModule]:Server Shutdown Completed.
WebApp_BPKAD.exe: 00003460: 17:40:53 []:<-------------------------------------------------------------->
WebApp_BPKAD.exe: 00003460: 17:40:53 [Terminated]:Exit Code: 0
WebApp_BPKAD.exe: 000006E8: 17:46:30 []:>--------------------------------------------------------------<
WebApp_BPKAD.exe: 000006E8: 17:46:30 [TUniServerModule]:Server First Init.
WebApp_BPKAD.exe: 000006E8: 17:46:30 [TUniServerModule]:Starting HTTP Server on Port: 85...
WebApp_BPKAD.exe: 000006E8: 17:46:31 [TUniServerModule]:HTTP Server Started on Port: 85
WebApp_BPKAD.exe: 00003738: 17:46:35 [127.0.0.1]:EUniSessionException : Invalid session or session Timeout. (Session not found: PkKS4ZT7Xm10915819B ) : Addr: $007E06B6
WebApp_BPKAD.exe: 00003738: 17:46:35 [127.0.0.1]:EUniSessionException : Invalid session or session Timeout. (Session not found: PkKS4ZT7Xm10915819B ) : Addr: $007E06B6
WebApp_BPKAD.exe: 00003738: 17:46:52 [Lookup information for field 'nama_subunit' is incomplete-127.0.0.1]:EDatabaseError : Lookup information for field 'nama_subunit' is incomplete : Addr: $006ACB9B
WebApp_BPKAD.exe: 000006E8: 17:48:41 [TUniServerModule]:Shutting Down Server.
WebApp_BPKAD.exe: 000006E8: 17:48:41 [TUniServerModule]:Stopping HTTP Server.
WebApp_BPKAD.exe: 000006E8: 17:48:42 [TUniServerModule]:HTTP Server Stopped.
WebApp_BPKAD.exe: 000006E8: 17:48:42 [TUniGUISessionManager]:Terminating Session manager.
WebApp_BPKAD.exe: 000006E8: 17:48:42 [TUniGUISessionManager]:Stopping Cache Eraser...
WebApp_BPKAD.exe: 000006E8: 17:48:42 [TUniGUISessionManager]:Cache Eraser Stopped.
WebApp_BPKAD.exe: 000006E8: 17:48:42 []:EInvalidPointer : Invalid pointer operation : Addr: $00409DA9
WebApp_BPKAD.exe: 000006E8: 17:48:43 [TUniGUISessionManager]:Destroying Worker Threads.
WebApp_BPKAD.exe: 000006E8: 17:48:43 [TUniGUISessionManager]:Session manager terminated.
WebApp_BPKAD.exe: 000006E8: 17:48:43 [TUniServerModule]:Server Shutdown Completed.
WebApp_BPKAD.exe: 000006E8: 17:48:43 []:<-------------------------------------------------------------->
WebApp_BPKAD.exe: 000006E8: 17:48:43 [Terminated]:Exit Code: 0
WebApp_BPKAD.exe: 000022D0: 17:48:46 []:>--------------------------------------------------------------<
WebApp_BPKAD.exe: 000022D0: 17:48:46 [TUniServerModule]:Server First Init.
WebApp_BPKAD.exe: 000022D0: 17:48:46 [TUniServerModule]:Starting HTTP Server on Port: 85...
WebApp_BPKAD.exe: 000022D0: 17:48:47 [TUniServerModule]:HTTP Server Started on Port: 85
WebApp_BPKAD.exe: 000032E0: 17:48:49 [127.0.0.1]:EUniSessionException : Invalid session or session Timeout. (Session not found: 5TpdgThqFw109158AF5 ) : Addr: $007E06B6
WebApp_BPKAD.exe: 000032E0: 17:48:49 [127.0.0.1]:EUniSessionException : Invalid session or session Timeout. (Session not found: 5TpdgThqFw109158AF5 ) : Addr: $007E06B6
WebApp_BPKAD.exe: 000011A8: 17:49:01 [Lookup information for field 'nama_subunit' is incomplete-127.0.0.1]:EDatabaseError : Lookup information for field 'nama_subunit' is incomplete : Addr: $006ACB9B
WebApp_BPKAD.exe: 000022D0: 17:49:17 [TUniServerModule]:Shutting Down Server.
WebApp_BPKAD.exe: 000022D0: 17:49:17 [TUniServerModule]:Stopping HTTP Server.
WebApp_BPKAD.exe: 000022D0: 17:49:18 [TUniServerModule]:HTTP Server Stopped.
WebApp_BPKAD.exe: 000022D0: 17:49:18 [TUniGUISessionManager]:Terminating Session manager.
WebApp_BPKAD.exe: 000022D0: 17:49:18 [TUniGUISessionManager]:Stopping Cache Eraser...
WebApp_BPKAD.exe: 000022D0: 17:49:18 [TUniGUISessionManager]:Cache Eraser Stopped.
WebApp_BPKAD.exe: 000022D0: 17:49:18 []:EInvalidPointer : Invalid pointer operation : Addr: $00409DA9
WebApp_BPKAD.exe: 000022D0: 17:49:18 [TUniGUISessionManager]:Destroying Worker Threads.
WebApp_BPKAD.exe: 000022D0: 17:49:18 [TUniGUISessionManager]:Session manager terminated.
WebApp_BPKAD.exe: 000022D0: 17:49:18 [TUniServerModule]:Server Shutdown Completed.
WebApp_BPKAD.exe: 000022D0: 17:49:18 []:<-------------------------------------------------------------->
WebApp_BPKAD.exe: 000022D0: 17:49:18 [Terminated]:Exit Code: 0
WebApp_BPKAD.exe: 0000161C: 17:50:41 []:>--------------------------------------------------------------<
WebApp_BPKAD.exe: 0000161C: 17:50:41 [TUniServerModule]:Server First Init.
WebApp_BPKAD.exe: 0000161C: 17:50:41 [TUniServerModule]:Starting HTTP Server on Port: 85...
WebApp_BPKAD.exe: 0000161C: 17:50:41 [TUniServerModule]:HTTP Server Started on Port: 85
WebApp_BPKAD.exe: 000033B0: 17:51:09 [127.0.0.1]:EUniSessionException : Invalid session or session Timeout. (Session not found: yjymN63V89109158B90 ) : Addr: $007E06B6
WebApp_BPKAD.exe: 000033B0: 17:51:09 [127.0.0.1]:EUniSessionException : Invalid session or session Timeout. (Session not found: yjymN63V89109158B90 ) : Addr: $007E06B6
WebApp_BPKAD.exe: 000023D0: 17:52:06 []:EInvalidPointer : Invalid pointer operation : Addr: $00409DA9
WebApp_BPKAD.exe: 0000161C: 17:53:52 [TUniServerModule]:Shutting Down Server.
WebApp_BPKAD.exe: 0000161C: 17:53:52 [TUniServerModule]:Stopping HTTP Server.
WebApp_BPKAD.exe: 0000161C: 17:53:53 [TUniServerModule]:HTTP Server Stopped.
WebApp_BPKAD.exe: 0000161C: 17:53:53 [TUniGUISessionManager]:Terminating Session manager.
WebApp_BPKAD.exe: 0000161C: 17:53:53 [TUniGUISessionManager]:Stopping Cache Eraser...
WebApp_BPKAD.exe: 0000161C: 17:53:53 [TUniGUISessionManager]:Cache Eraser Stopped.
WebApp_BPKAD.exe: 0000161C: 17:53:53 [TUniGUISessionManager]:Destroying Worker Threads.
WebApp_BPKAD.exe: 0000161C: 17:53:53 [TUniGUISessionManager]:Session manager terminated.
WebApp_BPKAD.exe: 0000161C: 17:53:53 [TUniServerModule]:Server Shutdown Completed.
WebApp_BPKAD.exe: 0000161C: 17:53:53 []:<-------------------------------------------------------------->
WebApp_BPKAD.exe: 0000161C: 17:53:53 [Terminated]:Exit Code: 0
WebApp_BPKAD.exe: 00002C44: 19:46:09 []:>--------------------------------------------------------------<
WebApp_BPKAD.exe: 00002C44: 19:46:09 [TUniServerModule]:Server First Init.
WebApp_BPKAD.exe: 00002C44: 19:46:09 [TUniServerModule]:Starting HTTP Server on Port: 85...
WebApp_BPKAD.exe: 00002C44: 19:46:10 [TUniServerModule]:HTTP Server Started on Port: 85
WebApp_BPKAD.exe: 00002D30: 19:46:34 []:EInvalidPointer : Invalid pointer operation : Addr: $00409DA9
WebApp_BPKAD.exe: 00002D30: 19:46:39 []:EInvalidPointer : Invalid pointer operation : Addr: $00409DA9
WebApp_BPKAD.exe: 00002C44: 19:52:11 [TUniServerModule]:Shutting Down Server.
WebApp_BPKAD.exe: 00002C44: 19:52:11 [TUniServerModule]:Stopping HTTP Server.
WebApp_BPKAD.exe: 00002C44: 19:52:12 [TUniServerModule]:HTTP Server Stopped.
WebApp_BPKAD.exe: 00002C44: 19:52:12 [TUniGUISessionManager]:Terminating Session manager.
WebApp_BPKAD.exe: 00002C44: 19:52:12 [TUniGUISessionManager]:Stopping Cache Eraser...
WebApp_BPKAD.exe: 00002C44: 19:52:12 [TUniGUISessionManager]:Cache Eraser Stopped.
WebApp_BPKAD.exe: 00002C44: 19:52:12 [TUniGUISessionManager]:Destroying Worker Threads.
WebApp_BPKAD.exe: 00002C44: 19:52:12 [TUniGUISessionManager]:Session manager terminated.
WebApp_BPKAD.exe: 00002C44: 19:52:13 [TUniServerModule]:Server Shutdown Completed.
WebApp_BPKAD.exe: 00002C44: 19:52:13 []:<-------------------------------------------------------------->
WebApp_BPKAD.exe: 00002C44: 19:52:13 [Terminated]:Exit Code: 0
WebApp_BPKAD.exe: 00001A58: 19:52:17 []:>--------------------------------------------------------------<
WebApp_BPKAD.exe: 00001A58: 19:52:17 [TUniServerModule]:Server First Init.
WebApp_BPKAD.exe: 00001A58: 19:52:17 [TUniServerModule]:Starting HTTP Server on Port: 85...
WebApp_BPKAD.exe: 00001A58: 19:52:18 [TUniServerModule]:HTTP Server Started on Port: 85
WebApp_BPKAD.exe: 00001A58: 19:52:56 [TUniServerModule]:Shutting Down Server.
WebApp_BPKAD.exe: 00001A58: 19:52:56 [TUniServerModule]:Stopping HTTP Server.
WebApp_BPKAD.exe: 00001A58: 19:52:57 [TUniServerModule]:HTTP Server Stopped.
WebApp_BPKAD.exe: 00001A58: 19:52:57 [TUniGUISessionManager]:Terminating Session manager.
WebApp_BPKAD.exe: 00001A58: 19:52:57 [TUniGUISessionManager]:Stopping Cache Eraser...
WebApp_BPKAD.exe: 00001A58: 19:52:57 [TUniGUISessionManager]:Cache Eraser Stopped.
WebApp_BPKAD.exe: 00001A58: 19:52:57 []:EInvalidPointer : Invalid pointer operation : Addr: $00409DA9
WebApp_BPKAD.exe: 00001A58: 19:52:57 [TUniGUISessionManager]:Destroying Worker Threads.
WebApp_BPKAD.exe: 00001A58: 19:52:57 [TUniGUISessionManager]:Session manager terminated.
WebApp_BPKAD.exe: 00001A58: 19:52:57 [TUniServerModule]:Server Shutdown Completed.
WebApp_BPKAD.exe: 00001A58: 19:52:57 []:<-------------------------------------------------------------->
WebApp_BPKAD.exe: 00001A58: 19:52:57 [Terminated]:Exit Code: 0
WebApp_BPKAD.exe: 000024D4: 19:59:08 []:>--------------------------------------------------------------<
WebApp_BPKAD.exe: 000024D4: 19:59:08 [TUniServerModule]:Server First Init.
WebApp_BPKAD.exe: 000024D4: 19:59:08 [TUniServerModule]:Starting HTTP Server on Port: 85...
WebApp_BPKAD.exe: 000024D4: 19:59:08 [TUniServerModule]:HTTP Server Started on Port: 85
WebApp_BPKAD.exe: 00001274: 19:59:13 [127.0.0.1]:EMSSQLNativeException : [FireDAC][Phys][ODBC][Microsoft][SQL Server Native Client 11.0]Client unable to establish connection because an error was encountered during handshakes before login. Common causes include client attempting to connect to an unsupported version of SQL Server, server too busy to accept new connections or a resource limitation (memory or maximum allowed connections) on the server. : Addr: $008DED56
WebApp_BPKAD.exe: 00001274: 19:59:13 [127.0.0.1]:EUniSessionException : Invalid session or session Timeout. (Session not found: LYsKN5oCGV10915AD29 ) : Addr: $007E06B6
WebApp_BPKAD.exe: 00001274: 19:59:15 [127.0.0.1]:EMSSQLNativeException : [FireDAC][Phys][ODBC][Microsoft][SQL Server Native Client 11.0]Client unable to establish connection because an error was encountered during handshakes before login. Common causes include client attempting to connect to an unsupported version of SQL Server, server too busy to accept new connections or a resource limitation (memory or maximum allowed connections) on the server. : Addr: $008DED56
WebApp_BPKAD.exe: 000024D4: 19:59:27 [TUniServerModule]:Shutting Down Server.
WebApp_BPKAD.exe: 000024D4: 19:59:27 [TUniServerModule]:Stopping HTTP Server.
WebApp_BPKAD.exe: 000024D4: 19:59:28 [TUniServerModule]:HTTP Server Stopped.
WebApp_BPKAD.exe: 000024D4: 19:59:28 [TUniGUISessionManager]:Terminating Session manager.
WebApp_BPKAD.exe: 000024D4: 19:59:28 [TUniGUISessionManager]:Stopping Cache Eraser...
WebApp_BPKAD.exe: 000024D4: 19:59:28 [TUniGUISessionManager]:Cache Eraser Stopped.
WebApp_BPKAD.exe: 000024D4: 19:59:28 []:EAccessViolation : Access violation at address 00409E9C in module 'WebApp_BPKAD.exe'. Read of address FFFFFFFD : Addr: $00409E9C
WebApp_BPKAD.exe: 000024D4: 19:59:28 [TUniGUISessionManager]:Destroying Worker Threads.
WebApp_BPKAD.exe: 000024D4: 19:59:28 [TUniGUISessionManager]:Session manager terminated.
WebApp_BPKAD.exe: 000024D4: 19:59:28 [TUniServerModule]:Server Shutdown Completed.
WebApp_BPKAD.exe: 000024D4: 19:59:28 []:<-------------------------------------------------------------->
WebApp_BPKAD.exe: 000024D4: 19:59:28 [Terminated]:Exit Code: 0
